     -0.0066955359 a         1     0     1     1     1
     -0.1732121216 a         2     0     1     1     2
     -0.0849554533 a         3     0     1     1     3
     -0.0269527986 a         4     0     1     1     4
      0.4446715980 a         5     0     1     1     5
     -0.1399748219 a         6     0     1     1     6
     -0.0539754480 a         7     0     1     1     7
     -0.0610791206 a         8     0     1     1     8
     -0.0391273417 a         9     0     1     1     9
      0.4441705992 a        10     0     1     1    10
      0.1116337076 a        11     0     1     1    11
      0.1292101149 a        12     0     1     1    12
     -0.3990370353 a        13     0     1     1    13
     -0.1150869554 a        14     0     1     1    14
     -0.2200223401 a        15     0     1     1    15
      0.0627220561 a        16     0     1     1    16
     -0.1962846621 a        17     0     1     1    17
      0.0809523900 a        18     0     1     1    18
      0.2801442357 a        19     0     1     1    19
     -0.2162985095 a        20     0     1     1    20
      0.1573258985 a        21     0     2     1     1
     -0.0563679566 a        22     0     2     1     2
      0.2919049759 a        23     0     2     1     3
      0.2325359824 a        24     0     2     1     4
     -0.1050350404 a        25     0     2     1     5
      0.4093183667 a        26     0     2     1     6
      0.3512435760 a        27     0     2     1     7
      0.3265813779 a        28     0     2     1     8
      0.3694510898 a        29     0     2     1     9
     -0.0959919584 a        30     0     2     1    10
      0.2752249654 a        31     0     2     1    11
     -0.4238970903 a        32     0     2     1    12
      0.2766539765 a        33     0     2     1    13
      0.0368875483 a        34     0     2     1    14
      0.2659917185 a        35     0     2     1    15
     -0.1986954252 a        36     0     2     1    16
      0.2272409455 a        37     0     2     1    17
     -0.1730780379 a        38     0     2     1    18
      0.4240644872 a        39     0     2     1    19
      0.4896166372 a        40     0     2     1    20
      0.0444586979 a        41     0     3     1     1
     -0.2083684141 a        42     0     3     1     2
     -0.1055259656 a        43     0     3     1     3
      0.0509720885 a        44     0     3     1     4
      0.4762594152 a        45     0     3     1     5
     -0.2670926371 a        46     0     3     1     6
     -0.3978953939 a        47     0     3     1     7
      0.3350138102 a        48     0     3     1     8
     -0.1966719345 a        49     0     3     1     9
      0.3944354395 a        50     0     3     1    10
     -0.0497720313 a        51     0     3     1    11
      0.0458201506 a        52     0     3     1    12
     -0.2685142626 a        53     0     3     1    13
      0.3143926388 a        54     0     3     1    14
     -0.0840101861 a        55     0     3     1    15
      0.3672606830 a        56     0     3     1    16
     -0.4406522623 a        57     0     3     1    17
      0.3291543422 a        58     0     3     1    18
      0.0372044641 a        59     0     3     1    19
      0.0501413082 a        60     0     3     1    20
      0.0807361099 a        61     0     4     1     1
     -0.1682972417 a        62     0     4     1     2
      0.0835784881 a        63     0     4     1     3
     -0.4392163556 a        64     0     4     1     4
     -0.0477771974 a        65     0     4     1     5
      0.3635624712 a        66     0     4     1     6
     -0.1060626413 a        67     0     4     1     7
      0.1261426337 a        68     0     4     1     8
      0.1946041648 a        69     0     4     1     9
     -0.4623727758 a        70     0     4     1    10
     -0.1656670965 a        71     0     4     1    11
     -0.0608658098 a        72     0     4     1    12
      0.0182274820 a        73     0     4     1    13
     -0.0590010706 a        74     0     4     1    14
      0.0145624047 a        75     0     4     1    15
      0.0457723054 a        76     0     4     1    16
     -0.0223753231 a        77     0     4     1    17
     -0.0178998815 a        78     0     4     1    18
      0.3476107154 a        79     0     4     1    19
      0.0606106496 a        80     0     4     1    20
     -0.2808342239 a        81     0     5     1     1
     -0.4096642201 a        82     0     5     1     2
     -0.3592610465 a        83     0     5     1     3
     -0.1694307409 a        84     0     5     1     4
      0.3493608379 a        85     0     5     1     5
      0.0727852502 a        86     0     5     1     6
      0.2378266403 a        87     0     5     1     7
     -0.1126462920 a        88     0     5     1     8
      0.3539919629 a        89     0     5     1     9
     -0.1936323662 a        90     0     5     1    10
      0.1399604463 a        91     0     5     1    11
      0.1277364817 a        92     0     5     1    12
     -0.2088870228 a        93     0     5     1    13
     -0.1536844587 a        94     0     5     1    14
      0.0760537351 a        95     0     5     1    15
     -0.0294866798 a        96     0     5     1    16
     -0.3253949931 a        97     0     5     1    17
      0.0276966035 a        98     0     5     1    18
     -0.1278522293 a        99     0     5     1    19
      0.3357856395 a       100     0     5     1    20
     -0.4143908932 a       101     0     6     1     1
     -0.3737728555 a       102     0     6     1     2
      0.1409937378 a       103     0     6     1     3
     -0.3054004374 a       104     0     6     1     4
     -0.1318096557 a       105     0     6     1     5
     -0.3262877348 a       106     0     6     1     6
     -0.1080800795 a       107     0     6     1     7
     -0.0783899353 a       108     0     6     1     8
      0.4305548831 a       109     0     6     1     9
     -0.2894679535 a       110     0     6     1    10
     -0.1290127442 a       111     0     6     1    11
     -0.4262769719 a       112     0     6     1    12
      0.3517669482 a       113     0     6     1    13
     -0.3942709041 a       114     0     6     1    14
      0.2802338335 a       115     0     6     1    15
      0.1123238519 a       116     0     6     1    16
     -0.1222439905 a       117     0     6     1    17
      0.1707649945 a       118     0     6     1    18
     -0.1795747397 a       119     0     6     1    19
      0.4274293936 a       120     0     6     1    20
     -0.4441634361 a       121     0     7     1     1
     -0.1107658119 a       122     0     7     1     2
     -0.0796565591 a       123     0     7     1     3
      0.1252166280 a       124     0     7     1     4
     -0.3850938069 a       125     0     7     1     5
      0.1068558308 a       126     0     7     1     6
      0.0312554854 a       127     0     7     1     7
      0.2620539387 a       128     0     7     1     8
      0.2218689437 a       129     0     7     1     9
      0.0614593023 a       130     0     7     1    10
      0.3225195216 a       131     0     7     1    11
      0.3599693685 a       132     0     7     1    12
      0.0443137135 a       133     0     7     1    13
      0.4436509089 a       134     0     7     1    14
      0.1101820861 a       135     0     7     1    15
      0.2083044343 a       136     0     7     1    16
      0.0998045300 a       137     0     7     1    17
     -0.4921634188 a       138     0     7     1    18
     -0.2195546464 a       139     0     7     1    19
      0.1912642055 a       140     0     7     1    20
     -0.4145885093 a       141     0     8     1     1
      0.2331547845 a       142     0     8     1     2
     -0.4418801141 a       143     0     8     1     3
     -0.3303986040 a       144     0     8     1     4
     -0.0517508622 a       145     0     8     1     5
      0.1947830976 a       146     0     8     1     6
      0.2321875160 a       147     0     8     1     7
      0.2871216880 a       148     0     8     1     8
     -0.2996749466 a       149     0     8     1     9
     -0.1405098033 a       150     0     8     1    10
      0.3196332992 a       151     0     8     1    11
     -0.0323985601 a       152     0     8     1    12
      0.4538521320 a       153     0     8     1    13
     -0.1054067078 a       154     0     8     1    14
     -0.1912957785 a       155     0     8     1    15
     -0.0064727934 a       156     0     8     1    16
     -0.4330635935 a       157     0     8     1    17
      0.1825405008 a       158     0     8     1    18
     -0.4940701598 a       159     0     8     1    19
     -0.1597602116 a       160     0     8     1    20
     -0.4184348908 a       161     0     9     1     1
      0.2727911033 a       162     0     9     1     2
     -0.1391437860 a       163     0     9     1     3
      0.0804667815 a       164     0     9     1     4
     -0.2729704109 a       165     0     9     1     5
     -0.2874977109 a       166     0     9     1     6
     -0.3618038276 a       167     0     9     1     7
     -0.3984783274 a       168     0     9     1     8
     -0.4800476035 a       169     0     9     1     9
     -0.3440739479 a       170     0     9     1    10
     -0.4507651981 a       171     0     9     1    11
     -0.1751750527 a       172     0     9     1    12
      0.4435497408 a       173     0     9     1    13
      0.4848715306 a       174     0     9     1    14
     -0.4214202137 a       175     0     9     1    15
      0.3800731759 a       176     0     9     1    16
      0.3522264012 a       177     0     9     1    17
     -0.3706774066 a       178     0     9     1    18
     -0.3270004663 a       179     0     9     1    19
     -0.2762002134 a       180     0     9     1    20
     -0.0706793132 a       181     0    10     1     1
      0.1375521595 a       182     0    10     1     2
     -0.2372880769 a       183     0    10     1     3
      0.3530417138 a       184     0    10     1     4
     -0.0534026552 a       185     0    10     1     5
     -0.3021736989 a       186     0    10     1     6
     -0.0263784469 a       187     0    10     1     7
      0.1005451925 a       188     0    10     1     8
     -0.3377686442 a       189     0    10     1     9
     -0.2024318905 a       190     0    10     1    10
     -0.3268539407 a       191     0    10     1    11
     -0.1805227877 a       192     0    10     1    12
      0.1817666618 a       193     0    10     1    13
     -0.4432098310 a       194     0    10     1    14
     -0.3246977060 a       195     0    10     1    15
      0.1249651993 a       196     0    10     1    16
      0.2567837158 a       197     0    10     1    17
     -0.0228393314 a       198     0    10     1    18
     -0.1989012628 a       199     0    10     1    19
     -0.3750399404 a       200     0    10     1    20
      0.1207470461 a       201     0    11     1     1
     -0.0795148793 a       202     0    11     1     2
     -0.4317624291 a       203     0    11     1     3
     -0.2659723962 a       204     0    11     1     4
      0.1843582716 a       205     0    11     1     5
     -0.1056641467 a       206     0    11     1     6
     -0.2918653618 a       207     0    11     1     7
     -0.0834769397 a       208     0    11     1     8
     -0.3996383496 a       209     0    11     1     9
      0.0250083202 a       210     0    11     1    10
     -0.1806532982 a       211     0    11     1    11
     -0.0520126556 a       212     0    11     1    12
      0.3261494812 a       213     0    11     1    13
      0.1708392310 a       214     0    11     1    14
      0.0651073102 a       215     0    11     1    15
      0.3795765230 a       216     0    11     1    16
     -0.4435875737 a       217     0    11     1    17
      0.4849373047 a       218     0    11     1    18
     -0.0087415804 a       219     0    11     1    19
     -0.4514933850 a       220     0    11     1    20
     -0.0480081946 a       221     0    12     1     1
      0.2838807221 a       222     0    12     1     2
     -0.0882038458 a       223     0    12     1     3
     -0.4239174289 a       224     0    12     1     4
      0.1505747099 a       225     0    12     1     5
     -0.3855030781 a       226     0    12     1     6
      0.0695850113 a       227     0    12     1     7
      0.4818331685 a       228     0    12     1     8
      0.1173218251 a       229     0    12     1     9
      0.1093366703 a       230     0    12     1    10
      0.1610389323 a       231     0    12     1    11
      0.3423138956 a       232     0    12     1    12
      0.4321061473 a       233     0    12     1    13
      0.2512618128 a       234     0    12     1    14
      0.1563885756 a       235     0    12     1    15
     -0.4402004133 a       236     0    12     1    16
     -0.2935274777 a       237     0    12     1    17
     -0.3065185102 a       238     0    12     1    18
      0.4308457643 a       239     0    12     1    19
      0.1448160500 a       240     0    12     1    20
     -0.2304608329 a       241     0    13     1     1
     -0.3037949675 a       242     0    13     1     2
     -0.2002070315 a       243     0    13     1     3
      0.2762578692 a       244     0    13     1     4
      0.4200186672 a       245     0    13     1     5
     -0.2711139829 a       246     0    13     1     6
      0.2891697719 a       247     0    13     1     7
      0.1175636122 a       248     0    13     1     8
      0.0577989262 a       249     0    13     1     9
     -0.0870403859 a       250     0    13     1    10
      0.2811282597 a       251     0    13     1    11
      0.0521448623 a       252     0    13     1    12
     -0.4187956772 a       253     0    13     1    13
     -0.2717054998 a       254     0    13     1    14
      0.2302527033 a       255     0    13     1    15
      0.2890543912 a       256     0    13     1    16
     -0.4005176912 a       257     0    13     1    17
      0.0640605683 a       258     0    13     1    18
     -0.3324772259 a       259     0    13     1    19
     -0.0899954077 a       260     0    13     1    20
      0.4213000725 a       261     0    14     1     1
     -0.2711951242 a       262     0    14     1     2
      0.4773993154 a       263     0    14     1     3
     -0.3741284052 a       264     0    14     1     4
     -0.1482615235 a       265     0    14     1     5
      0.1087643883 a       266     0    14     1     6
     -0.3587219011 a       267     0    14     1     7
      0.3593668813 a       268     0    14     1     8
      0.0933629277 a       269     0    14     1     9
     -0.3861672226 a       270     0    14     1    10
     -0.3409057894 a       271     0    14     1    11
      0.3143900687 a       272     0    14     1    12
     -0.0932708889 a       273     0    14     1    13
      0.1347009574 a       274     0    14     1    14
     -0.4025626636 a       275     0    14     1    15
      0.4672697884 a       276     0    14     1    16
     -0.2421878822 a       277     0    14     1    17
     -0.2283633160 a       278     0    14     1    18
      0.2698626029 a       279     0    14     1    19
      0.0096721856 a       280     0    14     1    20
     -0.2802776595 a       281     0    15     1     1
     -0.5534737915 a       282     0    15     1     2
      0.4770619998 a       283     0    15     1     3
      0.1236732767 a       284     0    15     1     4
     -0.2931067377 a       285     0    15     1     5
      0.4218313962 a       286     0    15     1     6
      0.0484383427 a       287     0    15     1     7
     -0.4702655459 a       288     0    15     1     8
      0.2554264473 a       289     0    15     1     9
      0.4890326897 a       290     0    15     1    10
      0.2831476399 a       291     0    15     1    11
     -0.2391842469 a       292     0    15     1    12
     -0.0388927411 a       293     0    15     1    13
     -0.4699443575 a       294     0    15     1    14
     -0.0363980530 a       295     0    15     1    15
     -0.0305872197 a       296     0    15     1    16
     -0.1671540132 a       297     0    15     1    17
     -0.3487718535 a       298     0    15     1    18
      0.2716847079 a       299     0    15     1    19
     -0.1196135361 a       300     0    15     1    20
     -0.0799607044 a       301     0    16     1     1
     -0.1603977691 a       302     0    16     1     2
     -0.0611016506 a       303     0    16     1     3
     -0.4397456058 a       304     0    16     1     4
     -0.4392033702 a       305     0    16     1     5
      0.3798734523 a       306     0    16     1     6
     -0.2459569416 a       307     0    16     1     7
     -0.0258182011 a       308     0    16     1     8
     -0.2746149403 a       309     0    16     1     9
      0.0694666065 a       310     0    16     1    10
     -0.4755048479 a       311     0    16     1    11
     -0.3634811079 a       312     0    16     1    12
     -0.1155879062 a       313     0    16     1    13
      0.1147478950 a       314     0    16     1    14
     -0.0321937889 a       315     0    16     1    15
      0.4671231799 a       316     0    16     1    16
      0.2816366945 a       317     0    16     1    17
      0.0425599741 a       318     0    16     1    18
      0.0883667163 a       319     0    16     1    19
      0.2079365163 a       320     0    16     1    20
      0.4270726262 a       321     0    17     1     1
      0.0035048200 a       322     0    17     1     2
     -0.2087390955 a       323     0    17     1     3
      0.3032575147 a       324     0    17     1     4
     -0.0240756531 a       325     0    17     1     5
      0.1873045163 a       326     0    17     1     6
     -0.1215740886 a       327     0    17     1     7
     -0.4122649415 a       328     0    17     1     8
      0.2970470818 a       329     0    17     1     9
     -0.2954963189 a       330     0    17     1    10
      0.2497111950 a       331     0    17     1    11
     -0.0564331172 a       332     0    17     1    12
      0.0378975947 a       333     0    17     1    13
      0.3116480118 a       334     0    17     1    14
     -0.4174084191 a       335     0    17     1    15
      0.1389018155 a       336     0    17     1    16
     -0.1346885700 a       337     0    17     1    17
     -0.3084536402 a       338     0    17     1    18
     -0.1671038030 a       339     0    17     1    19
      0.1500325860 a       340     0    17     1    20
     -0.0082795672 a       341     0    18     1     1
      0.4405903438 a       342     0    18     1     2
      0.4132483872 a       343     0    18     1     3
     -0.1325467923 a       344     0    18     1     4
      0.1654757518 a       345     0    18     1     5
     -0.3407983024 a       346     0    18     1     6
      0.1296602392 a       347     0    18     1     7
      0.2260016886 a       348     0    18     1     8
      0.4338337791 a       349     0    18     1     9
      0.0669047465 a       350     0    18     1    10
      0.4193422515 a       351     0    18     1    11
     -0.4152480886 a       352     0    18     1    12
     -0.4463121177 a       353     0    18     1    13
     -0.0858789160 a       354     0    18     1    14
      0.4385887994 a       355     0    18     1    15
     -0.2039452908 a       356     0    18     1    16
     -0.2604889772 a       357     0    18     1    17
      0.0813691449 a       358     0    18     1    18
      0.3809387496 a       359     0    18     1    19
      0.1348443859 a       360     0    18     1    20
     -0.3651686953 a       361     0    19     1     1
      0.0212577049 a       362     0    19     1     2
      0.2457526018 a       363     0    19     1     3
     -0.3217475671 a       364     0    19     1     4
     -0.1681369029 a       365     0    19     1     5
      0.2419313694 a       366     0    19     1     6
     -0.2202046925 a       367     0    19     1     7
     -0.0065537522 a       368     0    19     1     8
     -0.4895677209 a       369     0    19     1     9
     -0.1873717741 a       370     0    19     1    10
      0.4620446428 a       371     0    19     1    11
     -0.3460822584 a       372     0    19     1    12
      0.2572892846 a       373     0    19     1    13
      0.2888245891 a       374     0    19     1    14
      0.3585677349 a       375     0    19     1    15
     -0.3837619501 a       376     0    19     1    16
     -0.3547383006 a       377     0    19     1    17
      0.4237750726 a       378     0    19     1    18
      0.0797382005 a       379     0    19     1    19
      0.0202657001 a       380     0    19     1    20
     -0.3908599653 a       381     0    20     1     1
      0.4278321692 a       382     0    20     1     2
     -0.2200129588 a       383     0    20     1     3
      0.1171304027 a       384     0    20     1     4
     -0.2517839332 a       385     0    20     1     5
      0.3819950493 a       386     0    20     1     6
      0.3763128698 a       387     0    20     1     7
     -0.0275089067 a       388     0    20     1     8
     -0.1806444267 a       389     0    20     1     9
      0.3482420885 a       390     0    20     1    10
      0.1527361804 a       391     0    20     1    11
      0.3099654666 a       392     0    20     1    12
      0.3505511256 a       393     0    20     1    13
     -0.0842965251 a       394     0    20     1    14
      0.0875706639 a       395     0    20     1    15
      0.1324502082 a       396     0    20     1    16
      0.1410675473 a       397     0    20     1    17
     -0.4796704261 a       398     0    20     1    18
     -0.3510716254 a       399     0    20     1    19
     -0.3121016727 a       400     0    20     1    20
      0.4503118864 a       401     0    21     1     1
      0.2843577526 a       402     0    21     1     2
      0.0117759964 a       403     0    21     1     3
      0.2716882248 a       404     0    21     1     4
     -0.1126313539 a       405     0    21     1     5
      0.1931127912 a       406     0    21     1     6
      0.0768108292 a       407     0    21     1     7
      0.3520455861 a       408     0    21     1     8
     -0.0903656165 a       409     0    21     1     9
     -0.4552223467 a       410     0    21     1    10
      0.2976870498 a       411     0    21     1    11
      0.3249804756 a       412     0    21     1    12
     -0.3642371090 a       413     0    21     1    13
      0.0274508362 a       414     0    21     1    14
     -0.3383226237 a       415     0    21     1    15
      0.2987823036 a       416     0    21     1    16
     -0.3957150391 a       417     0    21     1    17
      0.1122789880 a       418     0    21     1    18
      0.0064016583 a       419     0    21     1    19
      0.2052419680 a       420     0    21     1    20
     -0.3908095038 a       421     0    22     1     1
     -0.1515057383 a       422     0    22     1     2
     -0.0652794952 a       423     0    22     1     3
     -0.0446576792 a       424     0    22     1     4
      0.1099054100 a       425     0    22     1     5
      0.1335864572 a       426     0    22     1     6
      0.4513431536 a       427     0    22     1     7
     -0.1642162205 a       428     0    22     1     8
      0.0571070425 a       429     0    22     1     9
     -0.1009816881 a       430     0    22     1    10
      0.3576533455 a       431     0    22     1    11
     -0.3111493904 a       432     0    22     1    12
      0.0506675839 a       433     0    22     1    13
     -0.2410167504 a       434     0    22     1    14
     -0.3055970869 a       435     0    22     1    15
     -0.2551210291 a       436     0    22     1    16
     -0.0560022895 a       437     0    22     1    17
      0.1788946673 a       438     0    22     1    18
      0.4643418961 a       439     0    22     1    19
      0.2369531379 a       440     0    22     1    20
      0.1712603347 a       441     0    23     1     1
      0.0986465830 a       442     0    23     1     2
      0.3745223726 a       443     0    23     1     3
     -0.4338191359 a       444     0    23     1     4
      0.4529450432 a       445     0    23     1     5
     -0.4239041095 a       446     0    23     1     6
      0.3479945751 a       447     0    23     1     7
     -0.0646814998 a       448     0    23     1     8
     -0.2921214253 a       449     0    23     1     9
      0.2732188713 a       450     0    23     1    10
      0.1451059504 a       451     0    23     1    11
     -0.3818334566 a       452     0    23     1    12
      0.1734468284 a       453     0    23     1    13
     -0.3528315673 a       454     0    23     1    14
     -0.4731143287 a       455     0    23     1    15
     -0.3701078080 a       456     0    23     1    16
     -0.2316297889 a       457     0    23     1    17
     -0.3569003381 a       458     0    23     1    18
     -0.1576060115 a       459     0    23     1    19
     -0.3797468279 a       460     0    23     1    20
      0.0236166403 a       461     0    24     1     1
      0.4291349113 a       462     0    24     1     2
      0.2421389763 a       463     0    24     1     3
     -0.2922808343 a       464     0    24     1     4
      0.0802298395 a       465     0    24     1     5
      0.1568799234 a       466     0    24     1     6
     -0.1201489831 a       467     0    24     1     7
      0.4814169924 a       468     0    24     1     8
      0.1149696316 a       469     0    24     1     9
      0.0967800301 a       470     0    24     1    10
     -0.2442473641 a       471     0    24     1    11
     -0.2229864817 a       472     0    24     1    12
      0.3021299950 a       473     0    24     1    13
     -0.1722428037 a       474     0    24     1    14
     -0.0464378807 a       475     0    24     1    15
     -0.3761375466 a       476     0    24     1    16
      0.3225689189 a       477     0    24     1    17
      0.4465498470 a       478     0    24     1    18
     -0.4168644507 a       479     0    24     1    19
     -0.4648002977 a       480     0    24     1    20
     -0.2221239110 a       481     0    25     1     1
     -0.2209183860 a       482     0    25     1     2
      0.0739396575 a       483     0    25     1     3
     -0.2158056933 a       484     0    25     1     4
     -0.2687740045 a       485     0    25     1     5
     -0.0314838602 a       486     0    25     1     6
     -0.1459256553 a       487     0    25     1     7
      0.4271886894 a       488     0    25     1     8
     -0.1515181555 a       489     0    25     1     9
     -0.3045345812 a       490     0    25     1    10
      0.3661087784 a       491     0    25     1    11
     -0.2521693304 a       492     0    25     1    12
      0.3407929998 a       493     0    25     1    13
      0.4142195727 a       494     0    25     1    14
      0.3064452956 a       495     0    25     1    15
     -0.3410034358 a       496     0    25     1    16
     -0.2901886168 a       497     0    25     1    17
      0.0717493647 a       498     0    25     1    18
      0.0557543609 a       499     0    25     1    19
      0.3404047898 a       500     0    25     1    20
      0.1257076968 a       501     0    26     1     1
      0.1509521643 a       502     0    26     1     2
      0.1562787845 a       503     0    26     1     3
     -0.3320530756 a       504     0    26     1     4
      0.1028867366 a       505     0    26     1     5
      0.2572888608 a       506     0    26     1     6
      0.4284831351 a       507     0    26     1     7
     -0.2580288694 a       508     0    26     1     8
      0.3394635135 a       509     0    26     1     9
     -0.0625448557 a       510     0    26     1    10
      0.1013771116 a       511     0    26     1    11
      0.3877688835 a       512     0    26     1    12
      0.0918719626 a       513     0    26     1    13
      0.3130935573 a       514     0    26     1    14
      0.4196452816 a       515     0    26     1    15
      0.2543362877 a       516     0    26     1    16
     -0.0815547235 a       517     0    26     1    17
      0.0491490422 a       518     0    26     1    18
     -0.4892812367 a       519     0    26     1    19
      0.1174983254 a       520     0    26     1    20
      0.3873402646 a       521     0    27     1     1
     -0.0213724985 a       522     0    27     1     2
      0.2449423700 a       523     0    27     1     3
     -0.0965934091 a       524     0    27     1     4
      0.0024082695 a       525     0    27     1     5
     -0.3826743876 a       526     0    27     1     6
      0.3717853682 a       527     0    27     1     7
      0.0755910127 a       528     0    27     1     8
     -0.1279295988 a       529     0    27     1     9
      0.0594058677 a       530     0    27     1    10
     -0.0462261061 a       531     0    27     1    11
     -0.2913556393 a       532     0    27     1    12
     -0.2790802266 a       533     0    27     1    13
      0.3925497021 a       534     0    27     1    14
      0.4023484047 a       535     0    27     1    15
     -0.0229319876 a       536     0    27     1    16
     -0.1269970074 a       537     0    27     1    17
     -0.4631568543 a       538     0    27     1    18
      0.1433652624 a       539     0    27     1    19
      0.4865200903 a       540     0    27     1    20
      0.1009958929 a       541     0    28     1     1
      0.3936147308 a       542     0    28     1     2
      0.1076215527 a       543     0    28     1     3
     -0.2096412336 a       544     0    28     1     4
     -0.2907037925 a       545     0    28     1     5
     -0.0332074518 a       546     0    28     1     6
      0.4173641028 a       547     0    28     1     7
      0.3400126865 a       548     0    28     1     8
      0.1402963304 a       549     0    28     1     9
      0.3942330015 a       550     0    28     1    10
      0.0688612633 a       551     0    28     1    11
     -0.3328170315 a       552     0    28     1    12
     -0.1437430116 a       553     0    28     1    13
     -0.3157814984 a       554     0    28     1    14
     -0.2192326577 a       555     0    28     1    15
     -0.0850434294 a       556     0    28     1    16
     -0.3393503769 a       557     0    28     1    17
      0.1256567383 a       558     0    28     1    18
      0.2104156387 a       559     0    28     1    19
      0.4575464186 a       560     0    28     1    20
      0.0052102259 a       561     0    29     1     1
      0.4039885130 a       562     0    29     1     2
      0.4606750722 a       563     0    29     1     3
     -0.2730114310 a       564     0    29     1     4
     -0.4939496780 a       565     0    29     1     5
     -0.1270987563 a       566     0    29     1     6
     -0.3476884637 a       567     0    29     1     7
      0.1351367416 a       568     0    29     1     8
     -0.4253352213 a       569     0    29     1     9
     -0.2864279389 a       570     0    29     1    10
      0.1948277661 a       571     0    29     1    11
      0.1594309367 a       572     0    29     1    12
     -0.0671973990 a       573     0    29     1    13
     -0.0541359538 a       574     0    29     1    14
     -0.2918141430 a       575     0    29     1    15
     -0.0139211474 a       576     0    29     1    16
     -0.0158892766 a       577     0    29     1    17
      0.0383846967 a       578     0    29     1    18
      0.1333725741 a       579     0    29     1    19
      0.2091915287 a       580     0    29     1    20
     -0.3447800665 a       581     0    30     1     1
      0.1238142645 a       582     0    30     1     2
     -0.4320471562 a       583     0    30     1     3
     -0.4268681621 a       584     0    30     1     4
      0.3936687334 a       585     0    30     1     5
     -0.3556574289 a       586     0    30     1     6
      0.2522973706 a       587     0    30     1     7
     -0.0763253801 a       588     0    30     1     8
      0.1713619345 a       589     0    30     1     9
      0.4465339528 a       590     0    30     1    10
     -0.1869131792 a       591     0    30     1    11
      0.3574600116 a       592     0    30     1    12
     -0.0962979446 a       593     0    30     1    13
      0.2865596881 a       594     0    30     1    14
      0.1427134791 a       595     0    30     1    15
     -0.2666478700 a       596     0    30     1    16
     -0.4501003743 a       597     0    30     1    17
      0.2893288229 a       598     0    30     1    18
     -0.1407589689 a       599     0    30     1    19
     -0.0308505199 a       600     0    30     1    20
      0.1270717704 a       601     0    31     1     1
      0.3649249406 a       602     0    31     1     2
      0.3503715369 a       603     0    31     1     3
     -0.1863622982 a       604     0    31     1     4
     -0.3297470128 a       605     0    31     1     5
      0.3526845053 a       606     0    31     1     6
      0.4388430690 a       607     0    31     1     7
      0.4355346283 a       608     0    31     1     8
     -0.0472441940 a       609     0    31     1     9
     -0.0447358527 a       610     0    31     1    10
      0.3779951286 a       611     0    31     1    11
      0.1313731198 a       612     0    31     1    12
     -0.2984899952 a       613     0    31     1    13
      0.0435276242 a       614     0    31     1    14
      0.2544513595 a       615     0    31     1    15
     -0.4485837091 a       616     0    31     1    16
      0.0473435774 a       617     0    31     1    17
      0.2726592069 a       618     0    31     1    18
      0.0493527469 a       619     0    31     1    19
     -0.0748146571 a       620     0    31     1    20
      1.2075076504 b       621     1     1
      0.8790823981 b       622     1     2
      0.2104556026 b       623     1     3
      0.5819668563 b       624     1     4
     -0.6990068018 b       625     1     5
      1.4864444523 b       626     1     6
     -0.9969488632 b       627     1     7
     -0.9084605644 b       628     1     8
     -0.0370648397 b       629     1     9
     -0.3268995151 b       630     1    10
      1.3918318669 b       631     1    11
     -0.2181903331 b       632     1    12
     -0.3989461820 b       633     1    13
     -1.0021618765 b       634     1    14
      0.3996090974 b       635     1    15
      0.6065451580 b       636     1    16
     -0.1979071783 b       637     1    17
     -0.3956355469 b       638     1    18
     -0.5652646348 b       639     1    19
     -0.2615807299 b       640     1    20
      0.1280505830 a       641     1     1     2     1
      0.4213922376 a       642     1     1     2     2
      0.3183788471 a       643     1     1     2     3
      0.4517842920 a       644     1     1     2     4
      0.2509232917 a       645     1     1     2     5
     -0.4133434396 a       646     1     1     2     6
      0.3510643568 a       647     1     1     2     7
      0.4817658043 a       648     1     1     2     8
      0.4046824588 a       649     1     1     2     9
     -0.2407204086 a       650     1     1     2    10
      0.4570300923 a       651     1     1     2    11
      0.0623457355 a       652     1     1     2    12
      0.5310896866 a       653     1     1     2    13
     -0.5747326077 a       654     1     1     2    14
     -0.6046029913 a       655     1     1     2    15
      0.4027842260 a       656     1     1     2    16
      0.2284418443 a       657     1     1     2    17
     -0.1887841906 a       658     1     1     2    18
      0.2765716700 a       659     1     1     2    19
      0.3582333546 a       660     1     1     2    20
     -0.3599556918 a       661     1     2     2     1
     -0.4678607197 a       662     1     2     2     2
     -0.0902362242 a       663     1     2     2     3
     -0.0606780904 a       664     1     2     2     4
      0.3089278989 a       665     1     2     2     5
      0.0074891968 a       666     1     2     2     6
     -0.4659313307 a       667     1     2     2     7
     -0.1276176707 a       668     1     2     2     8
     -0.5031627785 a       669     1     2     2     9
     -0.2350068328 a       670     1     2     2    10
      0.4165330413 a       671     1     2     2    11
      0.2952119790 a       672     1     2     2    12
      0.4769202342 a       673     1     2     2    13
      0.2177124221 a       674     1     2     2    14
      0.5819243634 a       675     1     2     2    15
     -0.2213331930 a       676     1     2     2    16
     -0.0443482373 a       677     1     2     2    17
     -0.2153180606 a       678     1     2     2    18
      0.6278405942 a       679     1     2     2    19
      0.0051362449 a       680     1     2     2    20
     -0.0272687538 a       681     1     3     2     1
     -0.5470663417 a       682     1     3     2     2
     -0.3209858365 a       683     1     3     2     3
      0.1851336613 a       684     1     3     2     4
      0.2304707160 a       685     1     3     2     5
      0.5518146338 a       686     1     3     2     6
      0.3735664757 a       687     1     3     2     7
     -0.4574023122 a       688     1     3     2     8
      0.5673727115 a       689     1     3     2     9
      0.4647964840 a       690     1     3     2    10
     -0.0555375640 a       691     1     3     2    11
     -0.4592914800 a       692     1     3     2    12
      0.1774804936 a       693     1     3     2    13
      0.2084961816 a       694     1     3     2    14
     -0.2456080684 a       695     1     3     2    15
      0.1263224186 a       696     1     3     2    16
     -0.3381190740 a       697     1     3     2    17
     -0.2354697190 a       698     1     3     2    18
     -0.1452907771 a       699     1     3     2    19
      0.5787601974 a       700     1     3     2    20
      0.3911493125 a       701     1     4     2     1
     -0.5731568535 a       702     1     4     2     2
     -0.5002029030 a       703     1     4     2     3
      0.4900459899 a       704     1     4     2     4
     -0.5303898053 a       705     1     4     2     5
     -0.5865423474 a       706     1     4     2     6
      0.2365123575 a       707     1     4     2     7
     -0.4535172893 a       708     1     4     2     8
     -0.5392111983 a       709     1     4     2     9
      0.0981927462 a       710     1     4     2    10
      0.1375511313 a       711     1     4     2    11
      0.5552128746 a       712     1     4     2    12
      0.4745135310 a       713     1     4     2    13
      0.3845097007 a       714     1     4     2    14
      0.4425902020 a       715     1     4     2    15
     -0.4477715565 a       716     1     4     2    16
     -0.4889380442 a       717     1     4     2    17
      0.2411313374 a       718     1     4     2    18
      0.0714021029 a       719     1     4     2    19
     -0.4693054155 a       720     1     4     2    20
      0.3616493399 a       721     1     5     2     1
     -0.4110532289 a       722     1     5     2     2
      0.0950305623 a       723     1     5     2     3
      0.5794730111 a       724     1     5     2     4
     -0.0117893219 a       725     1     5     2     5
      0.3380567861 a       726     1     5     2     6
      0.3610567827 a       727     1     5     2     7
      0.3439271905 a       728     1     5     2     8
     -0.4799359530 a       729     1     5     2     9
      0.3471765888 a       730     1     5     2    10
     -0.0715096013 a       731     1     5     2    11
     -0.0668918603 a       732     1     5     2    12
     -0.0074806185 a       733     1     5     2    13
     -0.0801341319 a       734     1     5     2    14
     -0.4266880340 a       735     1     5     2    15
      0.4063624478 a       736     1     5     2    16
      0.1429580017 a       737     1     5     2    17
      0.5828746771 a       738     1     5     2    18
      0.0212924280 a       739     1     5     2    19
     -0.6044416877 a       740     1     5     2    20
     -0.2466093581 a       741     1     6     2     1
     -0.3120213006 a       742     1     6     2     2
      0.3575467289 a       743     1     6     2     3
     -0.0741329304 a       744     1     6     2     4
      0.2184237852 a       745     1     6     2     5
      0.3748694208 a       746     1     6     2     6
     -0.5111299986 a       747     1     6     2     7
     -0.2617065428 a       748     1     6     2     8
      0.2771656377 a       749     1     6     2     9
      0.1876409938 a       750     1     6     2    10
      0.3351155520 a       751     1     6     2    11
     -0.3305654861 a       752     1     6     2    12
     -0.4146158787 a       753     1     6     2    13
      0.4858090531 a       754     1     6     2    14
     -0.2807260043 a       755     1     6     2    15
     -0.1907180886 a       756     1     6     2    16
     -0.3555614214 a       757     1     6     2    17
      0.6049656360 a       758     1     6     2    18
      0.4374164133 a       759     1     6     2    19
     -0.1930878622 a       760     1     6     2    20
     -0.0928113490 a       761     1     7     2     1
     -0.2562842249 a       762     1     7     2     2
     -0.1103768047 a       763     1     7     2     3
      0.2660593896 a       764     1     7     2     4
     -0.1468506801 a       765     1     7     2     5
     -0.2465699132 a       766     1     7     2     6
      0.2672120283 a       767     1     7     2     7
      0.3382303433 a       768     1     7     2     8
     -0.1814854831 a       769     1     7     2     9
     -0.0173853997 a       770     1     7     2    10
     -0.0855622090 a       771     1     7     2    11
     -0.4374398276 a       772     1     7     2    12
      0.4985258553 a       773     1     7     2    13
     -0.0044064825 a       774     1     7     2    14
     -0.0271908518 a       775     1     7     2    15
     -0.2870849728 a       776     1     7     2    16
     -0.2586802841 a       777     1     7     2    17
      0.1026537040 a       778     1     7     2    18
      0.5275934408 a       779     1     7     2    19
     -0.0975685683 a       780     1     7     2    20
      0.5860243672 a       781     1     8     2     1
     -0.5707716918 a       782     1     8     2     2
     -0.5121367911 a       783     1     8     2     3
      0.2483984522 a       784     1     8     2     4
      0.3923275274 a       785     1     8     2     5
      0.5672808113 a       786     1     8     2     6
     -0.0483453087 a       787     1     8     2     7
     -0.5319938690 a       788     1     8     2     8
      0.0807846902 a       789     1     8     2     9
      0.0568677277 a       790     1     8     2    10
     -0.1062978923 a       791     1     8     2    11
     -0.2902051100 a       792     1     8     2    12
      0.4587690410 a       793     1     8     2    13
      0.2062957810 a       794     1     8     2    14
     -0.2251320302 a       795     1     8     2    15
     -0.0516420144 a       796     1     8     2    16
      0.1228765792 a       797     1     8     2    17
      0.2092258934 a       798     1     8     2    18
     -0.0495528728 a       799     1     8     2    19
      0.4912558430 a       800     1     8     2    20
     -0.1055645792 a       801     1     9     2     1
      0.0898748285 a       802     1     9     2     2
     -0.2844496668 a       803     1     9     2     3
     -0.6254410615 a       804     1     9     2     4
      0.3962208030 a       805     1     9     2     5
      0.3154927683 a       806     1     9     2     6
     -0.2146474833 a       807     1     9     2     7
     -0.1000815695 a       808     1     9     2     8
     -0.3144764971 a       809     1     9     2     9
      0.1860942905 a       810     1     9     2    10
     -0.1955724600 a       811     1     9     2    11
     -0.2238191384 a       812     1     9     2    12
     -0.1725292459 a       813     1     9     2    13
     -0.3816371751 a       814     1     9     2    14
      0.5820188779 a       815     1     9     2    15
      0.6012919736 a       816     1     9     2    16
      0.6008302473 a       817     1     9     2    17
     -0.1387337488 a       818     1     9     2    18
      0.1327193951 a       819     1     9     2    19
      0.5732207121 a       820     1     9     2    20
      0.4357276827 a       821     1    10     2     1
      0.4314170012 a       822     1    10     2     2
     -0.1138254405 a       823     1    10     2     3
     -0.1516936879 a       824     1    10     2     4
     -0.5724611500 a       825     1    10     2     5
     -0.0100258570 a       826     1    10     2     6
      0.5834902432 a       827     1    10     2     7
      0.1527862997 a       828     1    10     2     8
     -0.0387307529 a       829     1    10     2     9
     -0.0863928731 a       830     1    10     2    10
      0.2832764901 a       831     1    10     2    11
     -0.1172621198 a       832     1    10     2    12
      0.3378661448 a       833     1    10     2    13
      0.1614298745 a       834     1    10     2    14
      0.2377453775 a       835     1    10     2    15
      0.3238531724 a       836     1    10     2    16
      0.6108626778 a       837     1    10     2    17
      0.4166371409 a       838     1    10     2    18
      0.3744617756 a       839     1    10     2    19
     -0.5378139051 a       840     1    10     2    20
      0.5875559259 a       841     1    11     2     1
     -0.0717440492 a       842     1    11     2     2
     -0.0541932763 a       843     1    11     2     3
     -0.1801341923 a       844     1    11     2     4
     -0.5539758883 a       845     1    11     2     5
      0.6039458740 a       846     1    11     2     6
     -0.4185430775 a       847     1    11     2     7
     -0.5805588423 a       848     1    11     2     8
     -0.1408201623 a       849     1    11     2     9
      0.4632505325 a       850     1    11     2    10
     -0.6491864565 a       851     1    11     2    11
     -0.2032799891 a       852     1    11     2    12
     -0.2579298623 a       853     1    11     2    13
     -0.3978189910 a       854     1    11     2    14
     -0.1615222066 a       855     1    11     2    15
     -0.2448585033 a       856     1    11     2    16
     -0.4752553346 a       857     1    11     2    17
      0.5914720764 a       858     1    11     2    18
      0.0571279085 a       859     1    11     2    19
      0.0915219001 a       860     1    11     2    20
      0.0853770658 a       861     1    12     2     1
     -0.2349481710 a       862     1    12     2     2
     -0.4629538389 a       863     1    12     2     3
     -0.2532959585 a       864     1    12     2     4
      0.4643418368 a       865     1    12     2     5
     -0.3753672221 a       866     1    12     2     6
      0.3674360761 a       867     1    12     2     7
     -0.5398507277 a       868     1    12     2     8
      0.4559644041 a       869     1    12     2     9
      0.4136756567 a       870     1    12     2    10
      0.0900220107 a       871     1    12     2    11
      0.4598712445 a       872     1    12     2    12
      0.0612633322 a       873     1    12     2    13
      0.0547664653 a       874     1    12     2    14
      0.2077970235 a       875     1    12     2    15
     -0.5249033576 a       876     1    12     2    16
      0.0030134631 a       877     1    12     2    17
     -0.2928888585 a       878     1    12     2    18
      0.4626950481 a       879     1    12     2    19
      0.4259635615 a       880     1    12     2    20
     -0.2042664147 a       881     1    13     2     1
      0.3123057500 a       882     1    13     2     2
     -0.2475668274 a       883     1    13     2     3
      0.3451316253 a       884     1    13     2     4
     -0.1165288044 a       885     1    13     2     5
      0.0132373643 a       886     1    13     2     6
      0.4795577028 a       887     1    13     2     7
      0.2132793465 a       888     1    13     2     8
      0.5737153316 a       889     1    13     2     9
     -0.3590093439 a       890     1    13     2    10
     -0.5028724921 a       891     1    13     2    11
      0.4584258136 a       892     1    13     2    12
      0.0677387057 a       893     1    13     2    13
      0.1683700402 a       894     1    13     2    14
      0.3918785048 a       895     1    13     2    15
     -0.0604530323 a       896     1    13     2    16
      0.3630733227 a       897     1    13     2    17
     -0.6363032832 a       898     1    13     2    18
      0.4927672248 a       899     1    13     2    19
     -0.0818539978 a       900     1    13     2    20
      0.4241352940 a       901     1    14     2     1
      0.0366989470 a       902     1    14     2     2
     -0.4026034532 a       903     1    14     2     3
     -0.0612735953 a       904     1    14     2     4
      0.0436590406 a       905     1    14     2     5
     -0.0242437306 a       906     1    14     2     6
      0.5607440280 a       907     1    14     2     7
     -0.2477364565 a       908     1    14     2     8
     -0.4453855414 a       909     1    14     2     9
      0.5422564927 a       910     1    14     2    10
      0.3926509501 a       911     1    14     2    11
      0.2798548604 a       912     1    14     2    12
     -0.1735818046 a       913     1    14     2    13
     -0.2357982724 a       914     1    14     2    14
     -0.1860374309 a       915     1    14     2    15
      0.5350221121 a       916     1    14     2    16
      0.1513586014 a       917     1    14     2    17
     -0.1774867681 a       918     1    14     2    18
      0.3327758315 a       919     1    14     2    19
      0.0545720458 a       920     1    14     2    20
      0.4124229328 a       921     1    15     2     1
      0.4317868515 a       922     1    15     2     2
     -0.5176660729 a       923     1    15     2     3
      0.0750152701 a       924     1    15     2     4
     -0.4692338750 a       925     1    15     2     5
     -0.1293513093 a       926     1    15     2     6
      0.0641316787 a       927     1    15     2     7
      0.3467194678 a       928     1    15     2     8
      0.0615700965 a       929     1    15     2     9
     -0.4973752990 a       930     1    15     2    10
      0.6826768661 a       931     1    15     2    11
     -0.4699745998 a       932     1    15     2    12
     -0.0655267030 a       933     1    15     2    13
     -0.5311392323 a       934     1    15     2    14
     -0.3056865908 a       935     1    15     2    15
      0.4300341037 a       936     1    15     2    16
     -0.2692919912 a       937     1    15     2    17
      0.4339791795 a       938     1    15     2    18
     -0.0477670136 a       939     1    15     2    19
     -0.4962906335 a       940     1    15     2    20
      0.1485237636 a       941     1    16     2     1
     -0.5013619708 a       942     1    16     2     2
     -0.4802730568 a       943     1    16     2     3
     -0.2304763265 a       944     1    16     2     4
      0.5148997871 a       945     1    16     2     5
     -0.0409854551 a       946     1    16     2     6
      0.1164669346 a       947     1    16     2     7
     -0.4988891471 a       948     1    16     2     8
      0.0626684487 a       949     1    16     2     9
      0.2182122010 a       950     1    16     2    10
     -0.1283517292 a       951     1    16     2    11
     -0.4608776957 a       952     1    16     2    12
      0.3066811867 a       953     1    16     2    13
      0.3072026786 a       954     1    16     2    14
     -0.6650611750 a       955     1    16     2    15
     -0.1942712044 a       956     1    16     2    16
     -0.4739750776 a       957     1    16     2    17
     -0.3109333379 a       958     1    16     2    18
     -0.3328926941 a       959     1    16     2    19
     -0.0250017129 a       960     1    16     2    20
      0.5201745355 a       961     1    17     2     1
      0.2124829897 a       962     1    17     2     2
      0.4592919888 a       963     1    17     2     3
      0.3744086766 a       964     1    17     2     4
     -0.5012271600 a       965     1    17     2     5
      0.3847917545 a       966     1    17     2     6
     -0.1193043521 a       967     1    17     2     7
      0.1057763252 a       968     1    17     2     8
      0.4282992531 a       969     1    17     2     9
     -0.4456398959 a       970     1    17     2    10
      0.0899297038 a       971     1    17     2    11
      0.2317427233 a       972     1    17     2    12
      0.3818187651 a       973     1    17     2    13
      0.5981910197 a       974     1    17     2    14
      0.1777701393 a       975     1    17     2    15
     -0.4745761863 a       976     1    17     2    16
      0.5599180003 a       977     1    17     2    17
      0.2771277025 a       978     1    17     2    18
      0.4570101573 a       979     1    17     2    19
      0.0974519438 a       980     1    17     2    20
     -0.0103251912 a       981     1    18     2     1
     -0.2913065989 a       982     1    18     2     2
     -0.4705841992 a       983     1    18     2     3
     -0.5901251400 a       984     1    18     2     4
     -0.4139546204 a       985     1    18     2     5
      0.4870351838 a       986     1    18     2     6
      0.1433328275 a       987     1    18     2     7
      0.0877348727 a       988     1    18     2     8
     -0.0656449468 a       989     1    18     2     9
     -0.5731797938 a       990     1    18     2    10
     -0.6232469350 a       991     1    18     2    11
     -0.3652147973 a       992     1    18     2    12
      0.4451270354 a       993     1    18     2    13
     -0.5409833446 a       994     1    18     2    14
     -0.2682539825 a       995     1    18     2    15
      0.4649791428 a       996     1    18     2    16
     -0.3428970515 a       997     1    18     2    17
     -0.0164559478 a       998     1    18     2    18
     -0.5896305971 a       999     1    18     2    19
      0.0015875827 a      1000     1    18     2    20
      0.4670611706 a      1001     1    19     2     1
     -0.0767802425 a      1002     1    19     2     2
     -0.4931223958 a      1003     1    19     2     3
      0.4462040251 a      1004     1    19     2     4
      0.0358463171 a      1005     1    19     2     5
      0.1481697833 a      1006     1    19     2     6
      0.3051278397 a      1007     1    19     2     7
     -0.4511540973 a      1008     1    19     2     8
      0.1966512249 a      1009     1    19     2     9
      0.5095024475 a      1010     1    19     2    10
     -0.4484054790 a      1011     1    19     2    11
      0.5456722775 a      1012     1    19     2    12
      0.5941976076 a      1013     1    19     2    13
     -0.5712439348 a      1014     1    19     2    14
     -0.1259061435 a      1015     1    19     2    15
      0.3007493237 a      1016     1    19     2    16
      0.2528329442 a      1017     1    19     2    17
      0.4893819672 a      1018     1    19     2    18
      0.3024571130 a      1019     1    19     2    19
      0.1943882057 a      1020     1    19     2    20
      0.5869584224 a      1021     1    20     2     1
      0.1885551895 a      1022     1    20     2     2
     -0.2616706561 a      1023     1    20     2     3
      0.5522586145 a      1024     1    20     2     4
      0.0055133115 a      1025     1    20     2     5
     -0.3961099670 a      1026     1    20     2     6
     -0.5076731058 a      1027     1    20     2     7
     -0.1819545464 a      1028     1    20     2     8
     -0.4218705053 a      1029     1    20     2     9
      0.4647080057 a      1030     1    20     2    10
      0.2610888956 a      1031     1    20     2    11
     -0.3472028343 a      1032     1    20     2    12
      0.4558225180 a      1033     1    20     2    13
      0.1336881044 a      1034     1    20     2    14
     -0.2511805999 a      1035     1    20     2    15
     -0.2821282766 a      1036     1    20     2    16
      0.3143103087 a      1037     1    20     2    17
     -0.1432192637 a      1038     1    20     2    18
      0.4366770028 a      1039     1    20     2    19
      0.4431050134 a      1040     1    20     2    20
      0.7069515923 b      1041     2     1
      0.7823633364 b      1042     2     2
     -1.1133086166 b      1043     2     3
      0.1704631816 b      1044     2     4
     -0.6792097078 b      1045     2     5
      1.3529599864 b      1046     2     6
      0.0869556793 b      1047     2     7
     -0.1697754054 b      1048     2     8
      0.3772768017 b      1049     2     9
      1.5795784263 b      1050     2    10
     -0.5604885044 b      1051     2    11
      1.2355358646 b      1052     2    12
      1.1630204852 b      1053     2    13
     -1.2526636254 b      1054     2    14
      0.4244469967 b      1055     2    15
      0.6217105886 b      1056     2    16
     -0.5861639611 b      1057     2    17
      1.0979266467 b      1058     2    18
     -0.2546994166 b      1059     2    19
      1.4731015323 b      1060     2    20
      0.0033380077 a      1061     2     1     3     1
     -0.0073469048 a      1062     2     2     3     1
      0.0088153993 a      1063     2     3     3     1
     -0.0031580352 a      1064     2     4     3     1
     -0.0000286563 a      1065     2     5     3     1
     -0.0078563124 a      1066     2     6     3     1
     -0.0296268736 a      1067     2     7     3     1
     -0.0159122001 a      1068     2     8     3     1
      0.0048925740 a      1069     2     9     3     1
      0.0030531259 a      1070     2    10     3     1
      0.0073206645 a      1071     2    11     3     1
      0.0001097156 a      1072     2    12     3     1
      0.0021012001 a      1073     2    13     3     1
     -0.0096877784 a      1074     2    14     3     1
     -0.0040570694 a      1075     2    15     3     1
      0.0124179697 a      1076     2    16     3     1
      0.0264682515 a      1077     2    17     3     1
      0.0050002879 a      1078     2    18     3     1
      0.0123444319 a      1079     2    19     3     1
      0.0017008035 a      1080     2    20     3     1
     19.6513512336 b      1081     3     1
