     -0.7989401294 a         1     0     1     1     1
     -0.2686550893 a         2     0     1     1     2
      0.9500470446 a         3     0     1     1     3
      0.7390209907 a         4     0     1     1     4
     -0.7112404312 a         5     0     1     1     5
      0.8718992044 a         6     0     1     1     6
      0.9073563520 a         7     0     1     1     7
     -0.3996434674 a         8     0     1     1     8
      0.2823445109 a         9     0     1     1     9
      0.0361161730 a        10     0     1     1    10
      0.7155487030 a        11     0     1     1    11
     -0.4634138182 a        12     0     1     1    12
      0.1776412698 a        13     0     1     1    13
      0.8687474270 a        14     0     1     1    14
     -0.6401580199 a        15     0     1     1    15
     -0.4588350875 a        16     0     2     1     1
     -0.9396511440 a        17     0     2     1     2
     -0.8575780499 a        18     0     2     1     3
      0.5963396898 a        19     0     2     1     4
     -0.1267607103 a        20     0     2     1     5
      0.0792461418 a        21     0     2     1     6
      0.9126371397 a        22     0     2     1     7
     -0.4571303819 a        23     0     2     1     8
      0.9408190964 a        24     0     2     1     9
     -0.3791795562 a        25     0     2     1    10
     -0.9337547804 a        26     0     2     1    11
      0.3420914249 a        27     0     2     1    12
     -0.5107628367 a        28     0     2     1    13
     -0.6422196204 a        29     0     2     1    14
     -1.0304874578 a        30     0     2     1    15
      0.1063802663 a        31     0     3     1     1
     -0.2269661330 a        32     0     3     1     2
     -0.9323230484 a        33     0     3     1     3
     -0.7224544976 a        34     0     3     1     4
      0.7522136766 a        35     0     3     1     5
     -0.2493872427 a        36     0     3     1     6
     -0.0949776709 a        37     0     3     1     7
      0.8305656985 a        38     0     3     1     8
     -0.3441005773 a        39     0     3     1     9
      0.1222543167 a        40     0     3     1    10
      0.3703629429 a        41     0     3     1    11
      0.0198660727 a        42     0     3     1    12
     -0.7463561116 a        43     0     3     1    13
     -0.6042610751 a        44     0     3     1    14
      0.1720717540 a        45     0     3     1    15
      0.1956344708 a        46     0     4     1     1
     -0.8780381189 a        47     0     4     1     2
     -0.4987971959 a        48     0     4     1     3
      0.3871104613 a        49     0     4     1     4
     -0.5080177488 a        50     0     4     1     5
     -0.1014964400 a        51     0     4     1     6
      0.0180012415 a        52     0     4     1     7
     -0.4446365339 a        53     0     4     1     8
      0.6631768028 a        54     0     4     1     9
      0.1140757302 a        55     0     4     1    10
     -0.6031447773 a        56     0     4     1    11
     -0.9975205269 a        57     0     4     1    12
     -0.6946393758 a        58     0     4     1    13
      0.6323029526 a        59     0     4     1    14
      0.7831735912 a        60     0     4     1    15
      0.1171278696 a        61     0     5     1     1
     -0.2970838583 a        62     0     5     1     2
      0.3694014033 a        63     0     5     1     3
      0.4748559070 a        64     0     5     1     4
     -0.9085667927 a        65     0     5     1     5
     -0.7387581880 a        66     0     5     1     6
      0.2314622346 a        67     0     5     1     7
     -0.0645592627 a        68     0     5     1     8
      0.8840151667 a        69     0     5     1     9
      0.4372607713 a        70     0     5     1    10
     -0.4950655983 a        71     0     5     1    11
      0.5391794926 a        72     0     5     1    12
      0.3409048008 a        73     0     5     1    13
      0.4852986545 a        74     0     5     1    14
      0.6725939424 a        75     0     5     1    15
     -0.1242283529 a        76     0     6     1     1
     -0.6774586926 a        77     0     6     1     2
     -0.0334925518 a        78     0     6     1     3
      0.8770609043 a        79     0     6     1     4
     -0.4793305585 a        80     0     6     1     5
      0.4328044272 a        81     0     6     1     6
     -0.7256265196 a        82     0     6     1     7
      0.9083992853 a        83     0     6     1     8
      0.4683950196 a        84     0     6     1     9
      0.9507822568 a        85     0     6     1    10
     -0.5082243166 a        86     0     6     1    11
      0.2713328476 a        87     0     6     1    12
     -0.7867343972 a        88     0     6     1    13
     -0.3716847791 a        89     0     6     1    14
      0.9272230290 a        90     0     6     1    15
      0.4378873674 a        91     0     7     1     1
      0.5256379897 a        92     0     7     1     2
      0.3556893071 a        93     0     7     1     3
     -0.1642574034 a        94     0     7     1     4
      0.3343746082 a        95     0     7     1     5
     -0.9230091459 a        96     0     7     1     6
      0.5648332138 a        97     0     7     1     7
      0.6515579158 a        98     0     7     1     8
      0.5891298303 a        99     0     7     1     9
      0.3956388618 a       100     0     7     1    10
     -0.6027380503 a       101     0     7     1    11
     -0.3767215347 a       102     0     7     1    12
      0.5431372859 a       103     0     7     1    13
     -0.6334314113 a       104     0     7     1    14
     -0.4461551976 a       105     0     7     1    15
     -0.2742769002 a       106     0     8     1     1
      0.8157676666 a       107     0     8     1     2
     -0.6484304505 a       108     0     8     1     3
      0.8474731476 a       109     0     8     1     4
      0.4888787941 a       110     0     8     1     5
      0.4812438955 a       111     0     8     1     6
      0.3429189871 a       112     0     8     1     7
      0.1210231348 a       113     0     8     1     8
      0.4186675811 a       114     0     8     1     9
     -0.4911322208 a       115     0     8     1    10
     -0.2924914279 a       116     0     8     1    11
      0.9347694810 a       117     0     8     1    12
     -0.4516836894 a       118     0     8     1    13
      0.9232533047 a       119     0     8     1    14
      0.2642754451 a       120     0     8     1    15
      0.2890446266 a       121     0     9     1     1
      0.7887410438 a       122     0     9     1     2
     -0.9159418625 a       123     0     9     1     3
     -0.7677802341 a       124     0     9     1     4
      0.8413168700 a       125     0     9     1     5
      0.0848148162 a       126     0     9     1     6
     -0.7831826553 a       127     0     9     1     7
      0.3197241152 a       128     0     9     1     8
      0.7437886761 a       129     0     9     1     9
     -0.4245378196 a       130     0     9     1    10
     -0.1530627255 a       131     0     9     1    11
     -0.4629889215 a       132     0     9     1    12
      0.0319979501 a       133     0     9     1    13
      0.8943748671 a       134     0     9     1    14
     -0.1775829094 a       135     0     9     1    15
     -0.9704875275 a       136     0    10     1     1
     -0.4121601229 a       137     0    10     1     2
      0.7450977756 a       138     0    10     1     3
     -0.6614607080 a       139     0    10     1     4
     -0.9543286415 a       140     0    10     1     5
     -0.4750321236 a       141     0    10     1     6
     -0.3195646337 a       142     0    10     1     7
      0.7242216910 a       143     0    10     1     8
      0.0309420186 a       144     0    10     1     9
      0.6469343410 a       145     0    10     1    10
      0.7974011543 a       146     0    10     1    11
     -0.3331586656 a       147     0    10     1    12
      0.8396802289 a       148     0    10     1    13
      0.0498607719 a       149     0    10     1    14
      0.3151881552 a       150     0    10     1    15
     -0.3555638259 a       151     0    11     1     1
      0.1499859318 a       152     0    11     1     2
     -0.2708828917 a       153     0    11     1     3
      0.6327256915 a       154     0    11     1     4
     -0.1268428661 a       155     0    11     1     5
      0.6767989047 a       156     0    11     1     6
      0.5758066303 a       157     0    11     1     7
     -0.3328829340 a       158     0    11     1     8
      0.1075818891 a       159     0    11     1     9
     -0.7236112687 a       160     0    11     1    10
      0.1082577762 a       161     0    11     1    11
     -0.1000640305 a       162     0    11     1    12
      0.3513725903 a       163     0    11     1    13
      0.8831766264 a       164     0    11     1    14
     -0.2330967454 a       165     0    11     1    15
      0.5291599853 a       166     0    12     1     1
      0.6250603590 a       167     0    12     1     2
      0.6155476734 a       168     0    12     1     3
      0.0371465699 a       169     0    12     1     4
      0.9431413941 a       170     0    12     1     5
     -0.8860505207 a       171     0    12     1     6
      0.7461109333 a       172     0    12     1     7
     -0.4690209661 a       173     0    12     1     8
      0.9611990101 a       174     0    12     1     9
      0.1075226564 a       175     0    12     1    10
      0.1891829015 a       176     0    12     1    11
     -0.9878476813 a       177     0    12     1    12
     -0.0760154519 a       178     0    12     1    13
     -0.6539893333 a       179     0    12     1    14
      0.1571038089 a       180     0    12     1    15
     -0.4407505650 a       181     0    13     1     1
     -0.0658499203 a       182     0    13     1     2
      0.3635226593 a       183     0    13     1     3
     -0.4651582593 a       184     0    13     1     4
     -0.6406243882 a       185     0    13     1     5
     -0.7443613728 a       186     0    13     1     6
     -0.3891352397 a       187     0    13     1     7
     -0.4432145932 a       188     0    13     1     8
      0.6234402651 a       189     0    13     1     9
      0.4792914432 a       190     0    13     1    10
      0.1477392975 a       191     0    13     1    11
     -0.9154258779 a       192     0    13     1    12
     -0.4307488600 a       193     0    13     1    13
     -0.8459344193 a       194     0    13     1    14
      0.7550993819 a       195     0    13     1    15
     -0.4597139739 a       196     0    14     1     1
     -0.1039328151 a       197     0    14     1     2
      0.3860648798 a       198     0    14     1     3
     -0.4068698220 a       199     0    14     1     4
     -0.5984603433 a       200     0    14     1     5
     -0.5356952350 a       201     0    14     1     6
      0.1226308321 a       202     0    14     1     7
     -0.4748908367 a       203     0    14     1     8
     -0.8603732711 a       204     0    14     1     9
     -0.3515715238 a       205     0    14     1    10
      0.4855487919 a       206     0    14     1    11
      0.3361733239 a       207     0    14     1    12
      0.5255758583 a       208     0    14     1    13
     -0.3777893898 a       209     0    14     1    14
      0.6372016755 a       210     0    14     1    15
      0.7537703110 a       211     0    15     1     1
      0.4387942964 a       212     0    15     1     2
     -0.8726071331 a       213     0    15     1     3
      0.3422128628 a       214     0    15     1     4
      0.0659181213 a       215     0    15     1     5
     -0.0062126009 a       216     0    15     1     6
     -0.7801686165 a       217     0    15     1     7
     -0.9846052853 a       218     0    15     1     8
     -0.0714012164 a       219     0    15     1     9
      0.5092302046 a       220     0    15     1    10
      0.1229728601 a       221     0    15     1    11
     -0.8728388353 a       222     0    15     1    12
      0.1716957612 a       223     0    15     1    13
     -0.8220921039 a       224     0    15     1    14
     -0.9563439067 a       225     0    15     1    15
      0.9342058651 a       226     0    16     1     1
     -0.6221605118 a       227     0    16     1     2
      0.2689858624 a       228     0    16     1     3
     -0.3872545506 a       229     0    16     1     4
      0.0358277064 a       230     0    16     1     5
      0.5750611981 a       231     0    16     1     6
      0.7126449520 a       232     0    16     1     7
     -0.5733588683 a       233     0    16     1     8
      0.8498605901 a       234     0    16     1     9
     -0.3220560707 a       235     0    16     1    10
      0.1804740132 a       236     0    16     1    11
      0.2031322793 a       237     0    16     1    12
      0.9119616823 a       238     0    16     1    13
      0.9580148559 a       239     0    16     1    14
      0.0158883077 a       240     0    16     1    15
      0.4160202196 a       241     0    17     1     1
     -0.6312749747 a       242     0    17     1     2
      0.1123505772 a       243     0    17     1     3
     -0.3396590858 a       244     0    17     1     4
     -0.2686159545 a       245     0    17     1     5
     -0.9437941263 a       246     0    17     1     6
     -0.7779208781 a       247     0    17     1     7
      0.7191332634 a       248     0    17     1     8
      0.7866641998 a       249     0    17     1     9
     -0.3886135352 a       250     0    17     1    10
     -0.4075808126 a       251     0    17     1    11
      0.6908508393 a       252     0    17     1    12
     -0.6666530689 a       253     0    17     1    13
      0.7156109153 a       254     0    17     1    14
     -0.0003147532 a       255     0    17     1    15
     -0.0546436778 a       256     0    18     1     1
     -0.7419796563 a       257     0    18     1     2
     -0.4498153068 a       258     0    18     1     3
      0.5543394159 a       259     0    18     1     4
      0.9070400329 a       260     0    18     1     5
     -0.0464287010 a       261     0    18     1     6
      0.4216723663 a       262     0    18     1     7
      0.1700089507 a       263     0    18     1     8
     -0.2036187950 a       264     0    18     1     9
      0.3744485648 a       265     0    18     1    10
      0.1134864707 a       266     0    18     1    11
      0.7071713756 a       267     0    18     1    12
     -0.8056485413 a       268     0    18     1    13
     -0.9504941005 a       269     0    18     1    14
      0.1046373580 a       270     0    18     1    15
     -0.5474596568 a       271     0    19     1     1
     -0.5148242090 a       272     0    19     1     2
     -0.3949947483 a       273     0    19     1     3
      0.0771655864 a       274     0    19     1     4
      0.2282411823 a       275     0    19     1     5
      0.0870607614 a       276     0    19     1     6
      0.0567007105 a       277     0    19     1     7
      0.9126672001 a       278     0    19     1     8
      0.9006194652 a       279     0    19     1     9
     -0.3303858961 a       280     0    19     1    10
     -0.4324274497 a       281     0    19     1    11
      0.4744454881 a       282     0    19     1    12
      0.7032749151 a       283     0    19     1    13
      0.9724784371 a       284     0    19     1    14
      0.6010019899 a       285     0    19     1    15
      0.5796669386 a       286     0    20     1     1
     -0.8472684134 a       287     0    20     1     2
      0.3396395471 a       288     0    20     1     3
      0.7427689415 a       289     0    20     1     4
     -0.4043268864 a       290     0    20     1     5
     -0.2741102773 a       291     0    20     1     6
      0.6301719771 a       292     0    20     1     7
     -0.9131236616 a       293     0    20     1     8
      0.5549297203 a       294     0    20     1     9
      0.4111594695 a       295     0    20     1    10
     -0.7026198022 a       296     0    20     1    11
      0.0019082974 a       297     0    20     1    12
     -0.7773844471 a       298     0    20     1    13
      1.0139701247 a       299     0    20     1    14
      0.2012726640 a       300     0    20     1    15
      0.8009366253 a       301     0    21     1     1
     -0.8831708148 a       302     0    21     1     2
      0.8024810079 a       303     0    21     1     3
     -0.5419829760 a       304     0    21     1     4
      0.9963215052 a       305     0    21     1     5
     -0.2368839913 a       306     0    21     1     6
     -0.3576721436 a       307     0    21     1     7
      0.1951220931 a       308     0    21     1     8
     -0.5066893364 a       309     0    21     1     9
     -0.5615509470 a       310     0    21     1    10
      1.0145388286 a       311     0    21     1    11
     -0.8080278566 a       312     0    21     1    12
     -0.5070262779 a       313     0    21     1    13
     -0.8240399311 a       314     0    21     1    14
     -0.9222042127 a       315     0    21     1    15
     -0.5678489022 a       316     0    22     1     1
     -0.0691813468 a       317     0    22     1     2
      0.3445065077 a       318     0    22     1     3
     -0.4319767569 a       319     0    22     1     4
      0.8955251954 a       320     0    22     1     5
     -1.0030664716 a       321     0    22     1     6
     -0.2546222520 a       322     0    22     1     7
      0.7450740510 a       323     0    22     1     8
     -0.2795392238 a       324     0    22     1     9
     -0.5772513298 a       325     0    22     1    10
     -0.9092418263 a       326     0    22     1    11
     -0.3733362983 a       327     0    22     1    12
      0.3903611419 a       328     0    22     1    13
      0.6379144377 a       329     0    22     1    14
      0.0670785356 a       330     0    22     1    15
     -0.1200315895 a       331     0    23     1     1
      0.8285790790 a       332     0    23     1     2
     -0.2754152580 a       333     0    23     1     3
     -0.3053595542 a       334     0    23     1     4
      0.6998127281 a       335     0    23     1     5
     -0.3286390020 a       336     0    23     1     6
      0.9664208439 a       337     0    23     1     7
     -0.0294409655 a       338     0    23     1     8
      0.8749294822 a       339     0    23     1     9
      0.3479736190 a       340     0    23     1    10
      0.8066987758 a       341     0    23     1    11
      0.7023340507 a       342     0    23     1    12
      0.1689510278 a       343     0    23     1    13
      0.2000335281 a       344     0    23     1    14
      0.5112133596 a       345     0    23     1    15
      0.4619230000 a       346     0    24     1     1
     -0.7329993913 a       347     0    24     1     2
     -0.8771006738 a       348     0    24     1     3
      0.8703182812 a       349     0    24     1     4
      0.7860024112 a       350     0    24     1     5
     -0.5034147555 a       351     0    24     1     6
     -0.8843932661 a       352     0    24     1     7
     -0.4979028213 a       353     0    24     1     8
     -0.9069695367 a       354     0    24     1     9
     -0.3827809618 a       355     0    24     1    10
     -0.4157107307 a       356     0    24     1    11
     -0.8959957198 a       357     0    24     1    12
      0.5166147633 a       358     0    24     1    13
      0.1975012335 a       359     0    24     1    14
     -0.6953324112 a       360     0    24     1    15
     -0.4564523648 a       361     0    25     1     1
      0.2493216737 a       362     0    25     1     2
     -0.5787380452 a       363     0    25     1     3
     -0.6945315657 a       364     0    25     1     4
     -0.4763664967 a       365     0    25     1     5
      0.0111829029 a       366     0    25     1     6
     -0.1717462622 a       367     0    25     1     7
      0.2194993549 a       368     0    25     1     8
      0.7963401975 a       369     0    25     1     9
     -0.5121617176 a       370     0    25     1    10
      0.0120448122 a       371     0    25     1    11
     -0.8456236394 a       372     0    25     1    12
     -0.2204683829 a       373     0    25     1    13
      0.4426580575 a       374     0    25     1    14
     -0.8459537506 a       375     0    25     1    15
     -0.7581978715 a       376     0    26     1     1
      0.8877283229 a       377     0    26     1     2
     -0.9186668496 a       378     0    26     1     3
     -0.3516632162 a       379     0    26     1     4
      0.7682515025 a       380     0    26     1     5
     -0.1047635798 a       381     0    26     1     6
      0.8873793949 a       382     0    26     1     7
      0.4058675544 a       383     0    26     1     8
     -0.1126828509 a       384     0    26     1     9
      0.7487908088 a       385     0    26     1    10
      0.0950315003 a       386     0    26     1    11
     -0.4206016877 a       387     0    26     1    12
      0.7862307350 a       388     0    26     1    13
      0.8040324887 a       389     0    26     1    14
      0.7091674727 a       390     0    26     1    15
     -0.6528400248 a       391     0    27     1     1
      0.5185212741 a       392     0    27     1     2
     -0.1336617868 a       393     0    27     1     3
     -0.3526548343 a       394     0    27     1     4
      0.0784464354 a       395     0    27     1     5
      0.4084311737 a       396     0    27     1     6
      0.0889520302 a       397     0    27     1     7
     -0.7289240529 a       398     0    27     1     8
      0.6031699478 a       399     0    27     1     9
     -0.5518977842 a       400     0    27     1    10
      0.6461727202 a       401     0    27     1    11
     -0.7855266127 a       402     0    27     1    12
      0.3177400803 a       403     0    27     1    13
     -0.2054452670 a       404     0    27     1    14
      0.8014296799 a       405     0    27     1    15
     -0.6558888102 b       406     1     1
      0.9576405787 b       407     1     2
      0.6459277370 b       408     1     3
      0.0043733106 b       409     1     4
     -0.2955542494 b       410     1     5
     -0.3790838863 b       411     1     6
      0.3544657864 b       412     1     7
     -0.3337666238 b       413     1     8
     -0.1768910994 b       414     1     9
     -0.4378447059 b       415     1    10
      0.2212263615 b       416     1    11
     -0.3538992596 b       417     1    12
     -0.4749423383 b       418     1    13
      0.4593908828 b       419     1    14
      1.0550407119 b       420     1    15
      0.8306923625 a       421     1     1     2     1
     -0.2475508514 a       422     1     1     2     2
     -0.0400321878 a       423     1     1     2     3
     -0.3198193789 a       424     1     1     2     4
      0.3973355422 a       425     1     1     2     5
     -0.6244515275 a       426     1     1     2     6
     -0.7469929843 a       427     1     1     2     7
     -0.7900599416 a       428     1     1     2     8
     -0.1325300742 a       429     1     1     2     9
      0.9235421016 a       430     1     1     2    10
      0.3728520155 a       431     1     1     2    11
      0.3969978778 a       432     1     1     2    12
      0.6393567159 a       433     1     1     2    13
     -0.9889356018 a       434     1     1     2    14
     -0.9782685673 a       435     1     1     2    15
     -0.0083965590 a       436     1     2     2     1
     -0.6994106034 a       437     1     2     2     2
      0.1152849125 a       438     1     2     2     3
     -0.2161986821 a       439     1     2     2     4
      0.4105827135 a       440     1     2     2     5
     -0.6641432502 a       441     1     2     2     6
     -0.2285270703 a       442     1     2     2     7
     -0.7381000252 a       443     1     2     2     8
     -0.3283183956 a       444     1     2     2     9
     -0.0675329880 a       445     1     2     2    10
      0.6299421250 a       446     1     2     2    11
      0.8898903025 a       447     1     2     2    12
     -1.0969564104 a       448     1     2     2    13
     -0.0986747563 a       449     1     2     2    14
      0.7083566269 a       450     1     2     2    15
     -0.1779705883 a       451     1     3     2     1
     -0.6714550824 a       452     1     3     2     2
     -0.3149987060 a       453     1     3     2     3
     -0.3631065261 a       454     1     3     2     4
      0.3256917307 a       455     1     3     2     5
      0.4159095660 a       456     1     3     2     6
     -0.9457232771 a       457     1     3     2     7
      0.2364496662 a       458     1     3     2     8
     -0.7905412040 a       459     1     3     2     9
     -0.7719258639 a       460     1     3     2    10
     -0.3836158641 a       461     1     3     2    11
     -0.3440660045 a       462     1     3     2    12
     -0.2808071145 a       463     1     3     2    13
      0.7326171225 a       464     1     3     2    14
      0.5723958215 a       465     1     3     2    15
      0.6693994564 a       466     1     4     2     1
     -0.0638547959 a       467     1     4     2     2
     -0.4315087011 a       468     1     4     2     3
      0.0257048291 a       469     1     4     2     4
      0.7792716355 a       470     1     4     2     5
      0.5833960615 a       471     1     4     2     6
      0.0975179426 a       472     1     4     2     7
     -0.8405531511 a       473     1     4     2     8
     -0.7591313817 a       474     1     4     2     9
     -0.0107556012 a       475     1     4     2    10
      0.3384432960 a       476     1     4     2    11
      0.7221298410 a       477     1     4     2    12
      0.7523446407 a       478     1     4     2    13
      0.4019630181 a       479     1     4     2    14
     -0.3597862817 a       480     1     4     2    15
      0.7132442299 a       481     1     5     2     1
      0.6335241342 a       482     1     5     2     2
      1.0190658617 a       483     1     5     2     3
     -0.3953181916 a       484     1     5     2     4
     -0.1523739285 a       485     1     5     2     5
      0.5243728828 a       486     1     5     2     6
     -0.1554504404 a       487     1     5     2     7
     -0.6495964530 a       488     1     5     2     8
     -0.1826518760 a       489     1     5     2     9
      0.5708887794 a       490     1     5     2    10
      0.8196146188 a       491     1     5     2    11
      0.0751987629 a       492     1     5     2    12
     -0.2156118662 a       493     1     5     2    13
      0.7786123411 a       494     1     5     2    14
     -0.2173035105 a       495     1     5     2    15
     -0.8222206358 a       496     1     6     2     1
     -0.3287521273 a       497     1     6     2     2
     -0.3370024443 a       498     1     6     2     3
      0.1300261346 a       499     1     6     2     4
     -0.5380056365 a       500     1     6     2     5
      0.0418068387 a       501     1     6     2     6
     -0.6029968174 a       502     1     6     2     7
     -0.8864842796 a       503     1     6     2     8
      0.7153414146 a       504     1     6     2     9
     -0.9080033623 a       505     1     6     2    10
     -0.9045118391 a       506     1     6     2    11
      0.8781989833 a       507     1     6     2    12
      0.6861590970 a       508     1     6     2    13
     -0.4422048226 a       509     1     6     2    14
      0.8236649432 a       510     1     6     2    15
      0.8191687677 a       511     1     7     2     1
     -0.6714159423 a       512     1     7     2     2
     -0.6779832376 a       513     1     7     2     3
     -0.4279149890 a       514     1     7     2     4
     -0.4143178244 a       515     1     7     2     5
      0.2078437633 a       516     1     7     2     6
      0.3451721883 a       517     1     7     2     7
     -0.2052929583 a       518     1     7     2     8
     -0.3914031387 a       519     1     7     2     9
     -0.8541977509 a       520     1     7     2    10
      0.4888773913 a       521     1     7     2    11
     -0.4361037866 a       522     1     7     2    12
      0.3929012158 a       523     1     7     2    13
     -0.8140410085 a       524     1     7     2    14
     -0.9502521098 a       525     1     7     2    15
     -0.4322569102 a       526     1     8     2     1
     -0.7919056222 a       527     1     8     2     2
      0.1413802117 a       528     1     8     2     3
      0.6507548964 a       529     1     8     2     4
      0.3736625386 a       530     1     8     2     5
      0.4539591536 a       531     1     8     2     6
     -0.0998537162 a       532     1     8     2     7
     -0.4892655863 a       533     1     8     2     8
      0.3112470586 a       534     1     8     2     9
      0.8965726355 a       535     1     8     2    10
     -0.1593465597 a       536     1     8     2    11
      0.1891311662 a       537     1     8     2    12
     -0.1202246998 a       538     1     8     2    13
      0.4921337730 a       539     1     8     2    14
      0.7504219714 a       540     1     8     2    15
     -0.7115365916 a       541     1     9     2     1
      0.8382176422 a       542     1     9     2     2
      0.1605500779 a       543     1     9     2     3
     -0.3076716859 a       544     1     9     2     4
      0.2530396979 a       545     1     9     2     5
      0.8994319187 a       546     1     9     2     6
      0.2001907217 a       547     1     9     2     7
      0.1105512071 a       548     1     9     2     8
      0.8106171944 a       549     1     9     2     9
      0.1535285333 a       550     1     9     2    10
     -0.6129308645 a       551     1     9     2    11
      0.4549894262 a       552     1     9     2    12
     -0.0324174229 a       553     1     9     2    13
     -0.3837783131 a       554     1     9     2    14
      0.1508113353 a       555     1     9     2    15
     -0.2242440648 a       556     1    10     2     1
     -0.3680611566 a       557     1    10     2     2
      0.4174862298 a       558     1    10     2     3
      0.0156317465 a       559     1    10     2     4
     -0.6066854810 a       560     1    10     2     5
     -0.9739504434 a       561     1    10     2     6
     -0.7979428611 a       562     1    10     2     7
     -0.1676672242 a       563     1    10     2     8
     -0.3282015693 a       564     1    10     2     9
     -0.4709038119 a       565     1    10     2    10
     -0.7457530367 a       566     1    10     2    11
     -0.6883539074 a       567     1    10     2    12
     -0.0990972639 a       568     1    10     2    13
     -0.5067909593 a       569     1    10     2    14
     -0.6498322829 a       570     1    10     2    15
     -0.8507016268 a       571     1    11     2     1
     -0.7638082780 a       572     1    11     2     2
      0.9334978875 a       573     1    11     2     3
     -0.0810621624 a       574     1    11     2     4
     -0.3313143719 a       575     1    11     2     5
      0.2391726039 a       576     1    11     2     6
      0.3115150638 a       577     1    11     2     7
      0.6153714541 a       578     1    11     2     8
      0.1995789652 a       579     1    11     2     9
      0.7373267044 a       580     1    11     2    10
     -0.3863716013 a       581     1    11     2    11
     -0.5254374540 a       582     1    11     2    12
      0.3381617052 a       583     1    11     2    13
     -0.7970641676 a       584     1    11     2    14
      0.9357982503 a       585     1    11     2    15
     -0.4595490843 a       586     1    12     2     1
     -0.9659356715 a       587     1    12     2     2
      0.4141015284 a       588     1    12     2     3
      0.2280958633 a       589     1    12     2     4
      0.0182702219 a       590     1    12     2     5
      0.7689345166 a       591     1    12     2     6
     -0.6253339483 a       592     1    12     2     7
      0.3770939213 a       593     1    12     2     8
      0.5329862397 a       594     1    12     2     9
     -0.4770252729 a       595     1    12     2    10
     -0.5541336150 a       596     1    12     2    11
      0.6959191497 a       597     1    12     2    12
     -0.5985581153 a       598     1    12     2    13
      0.8598427601 a       599     1    12     2    14
      0.2182991826 a       600     1    12     2    15
      1.0129829586 a       601     1    13     2     1
     -0.0985572104 a       602     1    13     2     2
     -0.3420602011 a       603     1    13     2     3
      0.0335417871 a       604     1    13     2     4
     -0.3733708430 a       605     1    13     2     5
      0.7012292833 a       606     1    13     2     6
     -0.6905763707 a       607     1    13     2     7
     -0.7314130878 a       608     1    13     2     8
     -0.7149074365 a       609     1    13     2     9
      0.9295001489 a       610     1    13     2    10
     -0.1466185013 a       611     1    13     2    11
     -0.7490733022 a       612     1    13     2    12
     -0.4806914793 a       613     1    13     2    13
      0.3889706103 a       614     1    13     2    14
     -0.5748124812 a       615     1    13     2    15
     -0.0753502672 a       616     1    14     2     1
      0.5314492390 a       617     1    14     2     2
     -0.0037662126 a       618     1    14     2     3
     -0.2689826383 a       619     1    14     2     4
      0.6745505042 a       620     1    14     2     5
      0.5927280146 a       621     1    14     2     6
      0.9058802576 a       622     1    14     2     7
     -0.2183263209 a       623     1    14     2     8
      0.7055161604 a       624     1    14     2     9
     -0.8879798994 a       625     1    14     2    10
      0.3966161519 a       626     1    14     2    11
      0.8815984598 a       627     1    14     2    12
     -0.0865748254 a       628     1    14     2    13
      0.7929050595 a       629     1    14     2    14
      0.9137476458 a       630     1    14     2    15
      0.7824193530 a       631     1    15     2     1
      0.2601011289 a       632     1    15     2     2
      0.4348977301 a       633     1    15     2     3
      0.6317941038 a       634     1    15     2     4
     -0.0500730079 a       635     1    15     2     5
     -0.2386811506 a       636     1    15     2     6
     -0.6724521892 a       637     1    15     2     7
      0.9514301111 a       638     1    15     2     8
     -0.9882427458 a       639     1    15     2     9
     -0.0652620378 a       640     1    15     2    10
     -0.2699893902 a       641     1    15     2    11
     -0.1133004164 a       642     1    15     2    12
     -0.6699694969 a       643     1    15     2    13
     -0.5352492917 a       644     1    15     2    14
     -0.3001760326 a       645     1    15     2    15
     -0.1625416115 b       646     2     1
     -0.0656060300 b       647     2     2
      0.2538400276 b       648     2     3
     -0.6775777829 b       649     2     4
      0.7908339381 b       650     2     5
      0.3335285837 b       651     2     6
     -0.7004729350 b       652     2     7
     -0.3873310310 b       653     2     8
     -0.4564459763 b       654     2     9
      0.2440666438 b       655     2    10
     -0.6620818807 b       656     2    11
     -0.4201550561 b       657     2    12
      0.1489949062 b       658     2    13
      0.5661887544 b       659     2    14
      0.1391778603 b       660     2    15
     -0.5814006304 a       661     2     1     3     1
      0.3829093004 a       662     2     2     3     1
     -0.5648147765 a       663     2     3     3     1
     -0.3938975967 a       664     2     4     3     1
      0.1292309717 a       665     2     5     3     1
      0.3110640589 a       666     2     6     3     1
     -0.7490269640 a       667     2     7     3     1
     -0.5752261205 a       668     2     8     3     1
      0.3320153249 a       669     2     9     3     1
      0.1010036789 a       670     2    10     3     1
      0.5201089511 a       671     2    11     3     1
     -0.2103862842 a       672     2    12     3     1
     -0.5248909003 a       673     2    13     3     1
      0.0693416957 a       674     2    14     3     1
     -0.5565593605 a       675     2    15     3     1
     -0.5724053216 b       676     3     1
