      0.4618438781 a         1     0     1     1     1
     -0.6312208111 a         2     0     1     1     2
     -0.1582695437 a         3     0     1     1     3
      0.7348312393 a         4     0     1     1     4
      0.0852317555 a         5     0     1     1     5
     -0.9338759055 a         6     0     1     1     6
      0.7014520197 a         7     0     1     1     7
      0.1205197923 a         8     0     1     1     8
     -0.5544699166 a         9     0     1     1     9
     -0.6605482447 a        10     0     1     1    10
      0.2655380090 a        11     0     1     1    11
      0.2175286904 a        12     0     1     1    12
      0.2599627311 a        13     0     1     1    13
     -0.4254753443 a        14     0     1     1    14
     -0.7743166703 a        15     0     1     1    15
     -0.2430215663 a        16     0     2     1     1
     -0.8981730015 a        17     0     2     1     2
      0.5455409673 a        18     0     2     1     3
     -0.2516792953 a        19     0     2     1     4
      0.1790175670 a        20     0     2     1     5
     -0.0294203248 a        21     0     2     1     6
     -0.1944391973 a        22     0     2     1     7
     -0.6473995303 a        23     0     2     1     8
     -0.3059735079 a        24     0     2     1     9
      0.9787231972 a        25     0     2     1    10
      0.3778933880 a        26     0     2     1    11
     -0.4308865220 a        27     0     2     1    12
     -0.1101738176 a        28     0     2     1    13
     -0.6385246890 a        29     0     2     1    14
      0.5796883330 a        30     0     2     1    15
     -0.2259188733 a        31     0     3     1     1
      0.1775781828 a        32     0     3     1     2
      0.2218182666 a        33     0     3     1     3
      0.8315568560 a        34     0     3     1     4
     -0.1934185914 a        35     0     3     1     5
      0.9124117023 a        36     0     3     1     6
      0.2486448678 a        37     0     3     1     7
      0.8671307797 a        38     0     3     1     8
     -0.4677915583 a        39     0     3     1     9
      0.1238971383 a        40     0     3     1    10
     -0.4682024106 a        41     0     3     1    11
      0.0579516714 a        42     0     3     1    12
     -0.1804722349 a        43     0     3     1    13
      0.2078910475 a        44     0     3     1    14
     -0.1326438441 a        45     0     3     1    15
      0.6225574982 a        46     0     4     1     1
      0.7377081970 a        47     0     4     1     2
     -0.9484213603 a        48     0     4     1     3
     -0.1533543121 a        49     0     4     1     4
     -0.6063289736 a        50     0     4     1     5
      0.3479520778 a        51     0     4     1     6
     -0.7694587628 a        52     0     4     1     7
      0.6409270148 a        53     0     4     1     8
     -0.3020739828 a        54     0     4     1     9
      0.6210104149 a        55     0     4     1    10
     -0.3987476850 a        56     0     4     1    11
      0.5461137976 a        57     0     4     1    12
     -1.0478642741 a        58     0     4     1    13
      0.8222081492 a        59     0     4     1    14
     -0.9417402991 a        60     0     4     1    15
      0.0096823056 a        61     0     5     1     1
      0.9668208235 a        62     0     5     1     2
     -0.5109312642 a        63     0     5     1     3
     -0.5491378147 a        64     0     5     1     4
     -0.4217426048 a        65     0     5     1     5
     -0.6183245963 a        66     0     5     1     6
      0.4864781356 a        67     0     5     1     7
      0.4178000972 a        68     0     5     1     8
     -0.9486437043 a        69     0     5     1     9
      0.1859520075 a        70     0     5     1    10
     -0.3041013577 a        71     0     5     1    11
     -0.6411670535 a        72     0     5     1    12
      0.5908059278 a        73     0     5     1    13
      0.1079453407 a        74     0     5     1    14
     -0.0454083443 a        75     0     5     1    15
      0.7612876931 a        76     0     6     1     1
     -0.3364302545 a        77     0     6     1     2
      0.8062873700 a        78     0     6     1     3
     -0.0334189735 a        79     0     6     1     4
      0.1366962987 a        80     0     6     1     5
      0.4265294614 a        81     0     6     1     6
     -0.3699083124 a        82     0     6     1     7
     -0.9168860348 a        83     0     6     1     8
      0.6333934049 a        84     0     6     1     9
     -0.5478715765 a        85     0     6     1    10
     -0.0738091130 a        86     0     6     1    11
     -0.0436336580 a        87     0     6     1    12
     -0.5481140648 a        88     0     6     1    13
     -0.6314331986 a        89     0     6     1    14
     -0.6270349785 a        90     0     6     1    15
     -0.1066445824 a        91     0     7     1     1
      0.7104541610 a        92     0     7     1     2
     -0.4681408283 a        93     0     7     1     3
      0.0579730964 a        94     0     7     1     4
      0.3597517946 a        95     0     7     1     5
     -0.5422996777 a        96     0     7     1     6
      0.6072317450 a        97     0     7     1     7
     -0.1028087625 a        98     0     7     1     8
      0.2969365694 a        99     0     7     1     9
     -0.5691696997 a       100     0     7     1    10
     -0.8800250798 a       101     0     7     1    11
      0.4795244012 a       102     0     7     1    12
      0.9038886677 a       103     0     7     1    13
      0.7281491680 a       104     0     7     1    14
     -0.8798781977 a       105     0     7     1    15
      0.3166510745 a       106     0     8     1     1
      0.6299349929 a       107     0     8     1     2
     -0.7756942533 a       108     0     8     1     3
      0.1521269532 a       109     0     8     1     4
     -0.7348756970 a       110     0     8     1     5
      0.7354431720 a       111     0     8     1     6
      0.2644961677 a       112     0     8     1     7
      0.6795135689 a       113     0     8     1     8
      0.6623694157 a       114     0     8     1     9
      0.0740024442 a       115     0     8     1    10
      0.4147432110 a       116     0     8     1    11
     -0.5660845868 a       117     0     8     1    12
     -0.6748108934 a       118     0     8     1    13
      0.6017855273 a       119     0     8     1    14
     -0.6991648029 a       120     0     8     1    15
     -0.4034461549 a       121     0     9     1     1
     -0.6986320357 a       122     0     9     1     2
     -0.7905197629 a       123     0     9     1     3
      0.6107919231 a       124     0     9     1     4
      0.1262426786 a       125     0     9     1     5
      0.6365236416 a       126     0     9     1     6
     -0.6600180434 a       127     0     9     1     7
     -0.7377387616 a       128     0     9     1     8
     -0.2291408912 a       129     0     9     1     9
     -0.6948670872 a       130     0     9     1    10
      0.7683068002 a       131     0     9     1    11
     -0.7988429623 a       132     0     9     1    12
      0.0135671150 a       133     0     9     1    13
     -0.0510564836 a       134     0     9     1    14
     -0.9029700673 a       135     0     9     1    15
      0.4589789415 a       136     0    10     1     1
     -0.6235919173 a       137     0    10     1     2
      0.6134183572 a       138     0    10     1     3
     -0.9970342763 a       139     0    10     1     4
      0.4680657420 a       140     0    10     1     5
      0.7178611043 a       141     0    10     1     6
      0.8869165311 a       142     0    10     1     7
      0.5148052032 a       143     0    10     1     8
      0.7113268605 a       144     0    10     1     9
     -0.6176065305 a       145     0    10     1    10
      0.0244164281 a       146     0    10     1    11
      0.9270661670 a       147     0    10     1    12
      0.1738231111 a       148     0    10     1    13
      0.0950129354 a       149     0    10     1    14
     -0.9421318007 a       150     0    10     1    15
      0.5789352883 a       151     0    11     1     1
      0.5418988470 a       152     0    11     1     2
      0.4089725052 a       153     0    11     1     3
     -0.3714969680 a       154     0    11     1     4
      0.5919667742 a       155     0    11     1     5
      0.6599120811 a       156     0    11     1     6
     -0.6856360049 a       157     0    11     1     7
     -0.6011712948 a       158     0    11     1     8
      0.0543828626 a       159     0    11     1     9
     -0.1641924848 a       160     0    11     1    10
     -0.3556689017 a       161     0    11     1    11
      0.1183098339 a       162     0    11     1    12
      0.9751804034 a       163     0    11     1    13
      0.7644324401 a       164     0    11     1    14
     -0.2875584169 a       165     0    11     1    15
      0.3592297825 a       166     0    12     1     1
      0.2609769252 a       167     0    12     1     2
     -0.2129999183 a       168     0    12     1     3
     -0.3165018095 a       169     0    12     1     4
     -0.4005203148 a       170     0    12     1     5
     -0.8983643415 a       171     0    12     1     6
     -0.6803834107 a       172     0    12     1     7
      0.2634465430 a       173     0    12     1     8
     -0.7661609594 a       174     0    12     1     9
     -0.1520369241 a       175     0    12     1    10
     -0.4090696452 a       176     0    12     1    11
     -0.1773246733 a       177     0    12     1    12
      0.0844750496 a       178     0    12     1    13
     -0.7033086282 a       179     0    12     1    14
      0.5913319859 a       180     0    12     1    15
      0.1795351511 a       181     0    13     1     1
     -0.3049186535 a       182     0    13     1     2
     -0.7633443157 a       183     0    13     1     3
     -0.4931630501 a       184     0    13     1     4
      0.2325675945 a       185     0    13     1     5
      0.4198294387 a       186     0    13     1     6
     -0.5656543556 a       187     0    13     1     7
     -0.2160015409 a       188     0    13     1     8
      0.2461398961 a       189     0    13     1     9
      0.7805072758 a       190     0    13     1    10
     -0.7336659890 a       191     0    13     1    11
      0.1680204755 a       192     0    13     1    12
     -0.6919680029 a       193     0    13     1    13
     -0.9412586445 a       194     0    13     1    14
      0.1367021315 a       195     0    13     1    15
     -0.8079366196 a       196     0    14     1     1
      0.9193552489 a       197     0    14     1     2
     -0.5764657894 a       198     0    14     1     3
      0.5402592741 a       199     0    14     1     4
     -0.8681116487 a       200     0    14     1     5
      0.7589046618 a       201     0    14     1     6
      0.0028767262 a       202     0    14     1     7
      0.1966446995 a       203     0    14     1     8
      0.8488247552 a       204     0    14     1     9
     -0.5191933685 a       205     0    14     1    10
     -0.8694283165 a       206     0    14     1    11
      0.0986216927 a       207     0    14     1    12
     -0.2156707769 a       208     0    14     1    13
     -0.5113971787 a       209     0    14     1    14
     -0.5816649060 a       210     0    14     1    15
     -0.1497341732 a       211     0    15     1     1
     -0.1184185711 a       212     0    15     1     2
      0.4523796751 a       213     0    15     1     3
     -0.3569570291 a       214     0    15     1     4
     -0.0863197536 a       215     0    15     1     5
      0.2765267664 a       216     0    15     1     6
      0.3261696613 a       217     0    15     1     7
      0.6123670052 a       218     0    15     1     8
      0.4617104501 a       219     0    15     1     9
      0.1287972977 a       220     0    15     1    10
      0.7391257683 a       221     0    15     1    11
     -0.4338933102 a       222     0    15     1    12
     -0.8100624076 a       223     0    15     1    13
      0.6965288337 a       224     0    15     1    14
      0.8783972531 a       225     0    15     1    15
     -0.2909341028 a       226     0    16     1     1
     -0.7594635052 a       227     0    16     1     2
     -0.2865258581 a       228     0    16     1     3
     -0.9158487904 a       229     0    16     1     4
     -0.9409092703 a       230     0    16     1     5
      0.1259777360 a       231     0    16     1     6
     -0.5648526246 a       232     0    16     1     7
     -0.9617698573 a       233     0    16     1     8
     -0.6623857442 a       234     0    16     1     9
     -0.9602308238 a       235     0    16     1    10
     -0.2912909155 a       236     0    16     1    11
      0.5096700420 a       237     0    16     1    12
      0.3466392358 a       238     0    16     1    13
      0.3282237820 a       239     0    16     1    14
      0.5703883359 a       240     0    16     1    15
      0.1273868921 a       241     0    17     1     1
      0.4283258921 a       242     0    17     1     2
     -0.7833237375 a       243     0    17     1     3
      0.8069101093 a       244     0    17     1     4
     -0.2696236442 a       245     0    17     1     5
     -0.1788385891 a       246     0    17     1     6
     -0.3686564290 a       247     0    17     1     7
      0.7384137975 a       248     0    17     1     8
     -0.8854887640 a       249     0    17     1     9
     -0.7942388591 a       250     0    17     1    10
     -0.1911835954 a       251     0    17     1    11
      0.9384986257 a       252     0    17     1    12
      0.4690241129 a       253     0    17     1    13
      0.1630562799 a       254     0    17     1    14
      0.5235517904 a       255     0    17     1    15
     -0.5040053342 a       256     0    18     1     1
      0.3272775837 a       257     0    18     1     2
      0.7017848475 a       258     0    18     1     3
     -0.2306720560 a       259     0    18     1     4
      0.3194250033 a       260     0    18     1     5
     -0.2355875482 a       261     0    18     1     6
      0.2470891213 a       262     0    18     1     7
      0.9382251449 a       263     0    18     1     8
      0.9257677934 a       264     0    18     1     9
     -0.8864771006 a       265     0    18     1    10
      0.6382157809 a       266     0    18     1    11
     -0.0746354292 a       267     0    18     1    12
     -0.7859837159 a       268     0    18     1    13
      0.1408920358 a       269     0    18     1    14
      0.6166798425 a       270     0    18     1    15
      0.2055420508 a       271     0    19     1     1
     -0.8383089751 a       272     0    19     1     2
     -0.3559773540 a       273     0    19     1     3
      0.4515576813 a       274     0    19     1     4
     -0.4753560211 a       275     0    19     1     5
     -0.3758847626 a       276     0    19     1     6
     -0.8171941349 a       277     0    19     1     7
     -0.9577738123 a       278     0    19     1     8
     -0.8915912533 a       279     0    19     1     9
     -0.2149776210 a       280     0    19     1    10
     -0.0963967085 a       281     0    19     1    11
     -0.8339901957 a       282     0    19     1    12
      0.7418757522 a       283     0    19     1    13
      0.2979901553 a       284     0    19     1    14
     -0.9606269116 a       285     0    19     1    15
     -0.0602617481 a       286     0    20     1     1
      0.7642971996 a       287     0    20     1     2
     -0.2528457123 a       288     0    20     1     3
     -0.4171028417 a       289     0    20     1     4
      0.9006145623 a       290     0    20     1     5
     -0.7906188721 a       291     0    20     1     6
      0.2119741948 a       292     0    20     1     7
     -0.5054043277 a       293     0    20     1     8
     -0.8167654205 a       294     0    20     1     9
     -0.1956575289 a       295     0    20     1    10
     -0.1903499049 a       296     0    20     1    11
      0.6282788259 a       297     0    20     1    12
      0.4077167007 a       298     0    20     1    13
      0.1565817538 a       299     0    20     1    14
     -0.7177494999 a       300     0    20     1    15
      0.2310042163 a       301     0    21     1     1
      0.8940973666 a       302     0    21     1     2
     -0.3922111222 a       303     0    21     1     3
      0.4195150643 a       304     0    21     1     4
     -0.3602038720 a       305     0    21     1     5
     -0.5852047731 a       306     0    21     1     6
      0.1384518834 a       307     0    21     1     7
     -0.9378991678 a       308     0    21     1     8
      0.2073755072 a       309     0    21     1     9
      0.6524206128 a       310     0    21     1    10
      0.9982292209 a       311     0    21     1    11
      0.1123350040 a       312     0    21     1    12
     -0.5744581412 a       313     0    21     1    13
      0.4708795969 a       314     0    21     1    14
     -0.4383962968 a       315     0    21     1    15
     -0.1707865371 a       316     0    22     1     1
     -0.3083917586 a       317     0    22     1     2
     -0.3461711241 a       318     0    22     1     3
      0.6154137025 a       319     0    22     1     4
      0.0102586947 a       320     0    22     1     5
      0.6060686181 a       321     0    22     1     6
     -0.5455352661 a       322     0    22     1     7
     -0.8993869983 a       323     0    22     1     8
      0.2595459630 a       324     0    22     1     9
      0.3964744025 a       325     0    22     1    10
      0.8529299816 a       326     0    22     1    11
     -0.2546410530 a       327     0    22     1    12
      0.7006641931 a       328     0    22     1    13
     -0.6484509334 a       329     0    22     1    14
      0.2310559099 a       330     0    22     1    15
     -0.2640551141 a       331     0    23     1     1
      0.4321942449 a       332     0    23     1     2
     -0.7688681956 a       333     0    23     1     3
     -0.1632076676 a       334     0    23     1     4
      0.6857545412 a       335     0    23     1     5
     -0.6409329829 a       336     0    23     1     6
     -0.3544669134 a       337     0    23     1     7
     -0.0149566230 a       338     0    23     1     8
     -0.8365897021 a       339     0    23     1     9
      0.2381521881 a       340     0    23     1    10
      0.0005129628 a       341     0    23     1    11
      0.4578033881 a       342     0    23     1    12
     -0.0474196360 a       343     0    23     1    13
     -0.6023292561 a       344     0    23     1    14
      0.1970861818 a       345     0    23     1    15
     -0.0087760559 a       346     0    24     1     1
     -0.3228897591 a       347     0    24     1     2
     -0.1481719184 a       348     0    24     1     3
     -0.0582856632 a       349     0    24     1     4
      0.9017504599 a       350     0    24     1     5
     -0.3534160401 a       351     0    24     1     6
     -0.1080812180 a       352     0    24     1     7
     -0.1301363232 a       353     0    24     1     8
     -0.0827537514 a       354     0    24     1     9
      0.9137916468 a       355     0    24     1    10
      0.2243500564 a       356     0    24     1    11
      0.2832939783 a       357     0    24     1    12
     -0.8552641039 a       358     0    24     1    13
     -0.2152027730 a       359     0    24     1    14
     -0.4453527400 a       360     0    24     1    15
      0.1379351994 a       361     0    25     1     1
     -0.3842113211 a       362     0    25     1     2
      0.1643588943 a       363     0    25     1     3
      0.5616752261 a       364     0    25     1     4
     -0.4063032659 a       365     0    25     1     5
      0.3226169105 a       366     0    25     1     6
     -0.0903223398 a       367     0    25     1     7
      0.5725951473 a       368     0    25     1     8
      0.5196804167 a       369     0    25     1     9
     -0.2141938481 a       370     0    25     1    10
      0.9522126442 a       371     0    25     1    11
      0.6880657966 a       372     0    25     1    12
      0.6335337554 a       373     0    25     1    13
      0.7627904232 a       374     0    25     1    14
     -0.1672382115 a       375     0    25     1    15
      0.5494555266 a       376     0    26     1     1
     -0.9837257931 a       377     0    26     1     2
      0.6073685662 a       378     0    26     1     3
      0.0877319718 a       379     0    26     1     4
      0.5580149461 a       380     0    26     1     5
     -0.4198989952 a       381     0    26     1     6
      0.4421621884 a       382     0    26     1     7
     -0.3575942766 a       383     0    26     1     8
      0.8390978475 a       384     0    26     1     9
      0.9197782959 a       385     0    26     1    10
      0.0804389973 a       386     0    26     1    11
     -0.3696461483 a       387     0    26     1    12
     -0.2476077595 a       388     0    26     1    13
      0.1459922254 a       389     0    26     1    14
      0.9581755383 a       390     0    26     1    15
     -0.6079874403 a       391     0    27     1     1
     -0.8365160638 a       392     0    27     1     2
      0.6936439221 a       393     0    27     1     3
     -0.4212449686 a       394     0    27     1     4
      0.7994474046 a       395     0    27     1     5
     -0.0924685280 a       396     0    27     1     6
      0.1254657207 a       397     0    27     1     7
     -0.5914448059 a       398     0    27     1     8
      0.6350631756 a       399     0    27     1     9
     -0.1690441691 a       400     0    27     1    10
      0.7384435061 a       401     0    27     1    11
     -0.8642632023 a       402     0    27     1    12
      0.6439025409 a       403     0    27     1    13
      0.0607785397 a       404     0    27     1    14
      0.1197189417 a       405     0    27     1    15
      0.2062502818 a       406     0    28     1     1
     -0.3127323622 a       407     0    28     1     2
      0.1681738271 a       408     0    28     1     3
     -0.9822864432 a       409     0    28     1     4
     -0.1064766130 a       410     0    28     1     5
      0.8204194699 a       411     0    28     1     6
     -0.2068369073 a       412     0    28     1     7
      0.2207119049 a       413     0    28     1     8
      0.3936655395 a       414     0    28     1     9
     -0.9583811093 a       415     0    28     1    10
     -0.3630451653 a       416     0    28     1    11
     -0.1907339079 a       417     0    28     1    12
     -0.0243040999 a       418     0    28     1    13
     -0.0907457546 a       419     0    28     1    14
      0.0611504990 a       420     0    28     1    15
      0.0801865652 a       421     0    29     1     1
     -0.0681219023 a       422     0    29     1     2
     -0.0052468445 a       423     0    29     1     3
      0.6808857207 a       424     0    29     1     4
      0.1216615970 a       425     0    29     1     5
     -0.6150952217 a       426     0    29     1     6
     -0.7111461043 a       427     0    29     1     7
     -0.6943994128 a       428     0    29     1     8
     -0.3744437469 a       429     0    29     1     9
      0.6780210588 a       430     0    29     1    10
      0.1992740014 a       431     0    29     1    11
      0.4941669857 a       432     0    29     1    12
     -0.1943291635 a       433     0    29     1    13
      0.6915436564 a       434     0    29     1    14
     -0.3997384078 a       435     0    29     1    15
      0.2485451363 a       436     0    30     1     1
      0.2631911946 a       437     0    30     1     2
     -0.3961888262 a       438     0    30     1     3
     -0.2624842166 a       439     0    30     1     4
      0.2099385877 a       440     0    30     1     5
     -0.1234677690 a       441     0    30     1     6
     -0.6293869583 a       442     0    30     1     7
      0.0583123918 a       443     0    30     1     8
     -0.2471831437 a       444     0    30     1     9
      0.6291777849 a       445     0    30     1    10
     -0.9457680969 a       446     0    30     1    11
     -0.6291711608 a       447     0    30     1    12
      0.2812607028 a       448     0    30     1    13
     -0.6259920386 a       449     0    30     1    14
     -0.2638689847 a       450     0    30     1    15
     -0.7551910049 b       451     1     1
     -0.1923288998 b       452     1     2
     -0.2630936496 b       453     1     3
      0.9797528083 b       454     1     4
     -0.7131743783 b       455     1     5
     -0.2243859536 b       456     1     6
     -1.0331022817 b       457     1     7
      0.7458740320 b       458     1     8
     -0.9019012180 b       459     1     9
      0.6287922788 b       460     1    10
      0.3771112508 b       461     1    11
     -0.3112034586 b       462     1    12
      0.4155632364 b       463     1    13
     -0.3154051113 b       464     1    14
      0.7807941340 b       465     1    15
     -0.9266741335 a       466     1     1     2     1
     -0.2392978267 a       467     1     1     2     2
     -0.1433295088 a       468     1     1     2     3
      0.3515956598 a       469     1     1     2     4
     -0.7338319141 a       470     1     1     2     5
      0.2295915078 a       471     1     1     2     6
      0.0745641332 a       472     1     1     2     7
      0.5394781847 a       473     1     1     2     8
      0.4778075111 a       474     1     1     2     9
      0.1422192635 a       475     1     1     2    10
      0.5781755181 a       476     1     1     2    11
      0.8721079476 a       477     1     1     2    12
      0.0866484214 a       478     1     1     2    13
      0.8669496731 a       479     1     1     2    14
      0.2485811707 a       480     1     1     2    15
      0.3164988272 a       481     1     2     2     1
      0.1919170070 a       482     1     2     2     2
     -0.9753903132 a       483     1     2     2     3
     -0.4302979018 a       484     1     2     2     4
      0.3632080860 a       485     1     2     2     5
     -0.8942794481 a       486     1     2     2     6
      0.4083529717 a       487     1     2     2     7
     -0.9065495606 a       488     1     2     2     8
     -0.8302333602 a       489     1     2     2     9
     -0.1004072029 a       490     1     2     2    10
      0.4463114842 a       491     1     2     2    11
      0.4673888322 a       492     1     2     2    12
      0.5639525823 a       493     1     2     2    13
     -0.5958314160 a       494     1     2     2    14
     -0.2601054994 a       495     1     2     2    15
      0.6491758593 a       496     1     3     2     1
     -0.0542118550 a       497     1     3     2     2
      0.9537596774 a       498     1     3     2     3
     -0.2346061433 a       499     1     3     2     4
     -0.3809149425 a       500     1     3     2     5
     -0.0301866484 a       501     1     3     2     6
     -0.8088024672 a       502     1     3     2     7
      0.3604023608 a       503     1     3     2     8
     -0.9506193472 a       504     1     3     2     9
     -0.3056101099 a       505     1     3     2    10
     -0.8907389505 a       506     1     3     2    11
      0.4651976838 a       507     1     3     2    12
     -0.3120766016 a       508     1     3     2    13
      0.1810770762 a       509     1     3     2    14
     -0.5429410821 a       510     1     3     2    15
     -0.6721935926 a       511     1     4     2     1
     -0.7007862070 a       512     1     4     2     2
     -0.7971865355 a       513     1     4     2     3
     -1.0261693810 a       514     1     4     2     4
     -0.7243210857 a       515     1     4     2     5
     -0.8764126727 a       516     1     4     2     6
     -0.4231271226 a       517     1     4     2     7
      0.9244916181 a       518     1     4     2     8
      0.9933718960 a       519     1     4     2     9
     -0.8860149738 a       520     1     4     2    10
      0.8367753891 a       521     1     4     2    11
      0.6402775466 a       522     1     4     2    12
     -0.7039981483 a       523     1     4     2    13
     -0.6088931269 a       524     1     4     2    14
     -0.4804973185 a       525     1     4     2    15
     -0.1227322767 a       526     1     5     2     1
      0.1932035997 a       527     1     5     2     2
     -0.4822639470 a       528     1     5     2     3
      0.8727331443 a       529     1     5     2     4
     -0.0706453012 a       530     1     5     2     5
     -0.7361039356 a       531     1     5     2     6
     -0.0259900710 a       532     1     5     2     7
      0.2140934848 a       533     1     5     2     8
     -0.6498213644 a       534     1     5     2     9
     -0.3951734571 a       535     1     5     2    10
     -0.7442857904 a       536     1     5     2    11
     -0.3576005327 a       537     1     5     2    12
      0.3313125373 a       538     1     5     2    13
     -0.9216259789 a       539     1     5     2    14
     -0.7349217314 a       540     1     5     2    15
      0.2286298683 a       541     1     6     2     1
      0.4763780483 a       542     1     6     2     2
     -0.0618254168 a       543     1     6     2     3
     -0.3918061271 a       544     1     6     2     4
     -0.7049215311 a       545     1     6     2     5
      0.2670391983 a       546     1     6     2     6
     -0.1242217101 a       547     1     6     2     7
     -0.8871819341 a       548     1     6     2     8
     -0.6154033991 a       549     1     6     2     9
      0.3689889594 a       550     1     6     2    10
     -0.2739864285 a       551     1     6     2    11
     -0.6055803523 a       552     1     6     2    12
     -0.1731113430 a       553     1     6     2    13
     -0.8161283459 a       554     1     6     2    14
      0.0400616176 a       555     1     6     2    15
     -0.3483979536 a       556     1     7     2     1
     -0.1261065580 a       557     1     7     2     2
      0.6779753028 a       558     1     7     2     3
      0.3866106336 a       559     1     7     2     4
      0.1659779039 a       560     1     7     2     5
      0.7175796850 a       561     1     7     2     6
     -0.8282560343 a       562     1     7     2     7
      0.9535022155 a       563     1     7     2     8
     -0.0372217116 a       564     1     7     2     9
     -0.8511684549 a       565     1     7     2    10
     -0.1502873268 a       566     1     7     2    11
      0.4994700674 a       567     1     7     2    12
     -0.2017307508 a       568     1     7     2    13
     -0.9765348429 a       569     1     7     2    14
      0.3400745803 a       570     1     7     2    15
     -0.8513473235 a       571     1     8     2     1
      0.1849529857 a       572     1     8     2     2
      0.9684549239 a       573     1     8     2     3
      0.1791615896 a       574     1     8     2     4
      0.2151858892 a       575     1     8     2     5
      0.3236092140 a       576     1     8     2     6
      0.7737843705 a       577     1     8     2     7
      0.9086095257 a       578     1     8     2     8
      0.5702987795 a       579     1     8     2     9
      0.3139820017 a       580     1     8     2    10
     -0.7673528449 a       581     1     8     2    11
     -0.5885310073 a       582     1     8     2    12
     -0.5701371889 a       583     1     8     2    13
      0.8670693632 a       584     1     8     2    14
      0.2724384176 a       585     1     8     2    15
     -0.5390650437 a       586     1     9     2     1
     -0.5513211783 a       587     1     9     2     2
     -0.4218290313 a       588     1     9     2     3
      0.6529595766 a       589     1     9     2     4
      0.8519274663 a       590     1     9     2     5
     -0.6405455309 a       591     1     9     2     6
      0.6099836392 a       592     1     9     2     7
      0.2453655080 a       593     1     9     2     8
      0.0645920812 a       594     1     9     2     9
     -0.1766941155 a       595     1     9     2    10
      0.5089119630 a       596     1     9     2    11
      0.1163780487 a       597     1     9     2    12
     -0.9192449493 a       598     1     9     2    13
     -0.5502138167 a       599     1     9     2    14
      0.4894963473 a       600     1     9     2    15
      0.5458801770 a       601     1    10     2     1
     -0.7383416901 a       602     1    10     2     2
      0.0734869587 a       603     1    10     2     3
     -0.6702349905 a       604     1    10     2     4
     -0.1428934119 a       605     1    10     2     5
      0.9195003133 a       606     1    10     2     6
     -0.4137153243 a       607     1    10     2     7
      0.9845485747 a       608     1    10     2     8
     -0.8416647157 a       609     1    10     2     9
     -0.2961311100 a       610     1    10     2    10
      0.2326243463 a       611     1    10     2    11
     -0.7518479204 a       612     1    10     2    12
      0.6427010609 a       613     1    10     2    13
      0.2162175289 a       614     1    10     2    14
     -0.8705207438 a       615     1    10     2    15
     -0.7563626013 a       616     1    11     2     1
      0.8019728772 a       617     1    11     2     2
     -0.1245099885 a       618     1    11     2     3
      0.2101826641 a       619     1    11     2     4
     -0.8663098839 a       620     1    11     2     5
      0.9555636059 a       621     1    11     2     6
     -0.5328264030 a       622     1    11     2     7
     -0.4642054663 a       623     1    11     2     8
      0.4245654828 a       624     1    11     2     9
     -0.0004265347 a       625     1    11     2    10
     -0.4404939321 a       626     1    11     2    11
     -1.0289026193 a       627     1    11     2    12
      1.0547894133 a       628     1    11     2    13
      0.3115164649 a       629     1    11     2    14
     -0.3780183168 a       630     1    11     2    15
      0.9722624893 a       631     1    12     2     1
      0.0802264093 a       632     1    12     2     2
     -0.9631143270 a       633     1    12     2     3
      0.5380428796 a       634     1    12     2     4
      0.9995700744 a       635     1    12     2     5
      0.5662979430 a       636     1    12     2     6
     -0.5498899325 a       637     1    12     2     7
     -0.0635676421 a       638     1    12     2     8
     -0.9661013652 a       639     1    12     2     9
     -0.0752306037 a       640     1    12     2    10
     -0.1062181420 a       641     1    12     2    11
     -0.3010504126 a       642     1    12     2    12
     -0.6942929668 a       643     1    12     2    13
      0.5173152867 a       644     1    12     2    14
     -0.2334043340 a       645     1    12     2    15
     -0.0646411828 a       646     1    13     2     1
     -0.3203499824 a       647     1    13     2     2
     -0.1221971246 a       648     1    13     2     3
     -0.9656689904 a       649     1    13     2     4
     -0.8778442681 a       650     1    13     2     5
      0.8822768660 a       651     1    13     2     6
     -0.5033561556 a       652     1    13     2     7
     -0.0544240370 a       653     1    13     2     8
     -0.4296222099 a       654     1    13     2     9
      0.1387664950 a       655     1    13     2    10
     -0.9584816791 a       656     1    13     2    11
     -0.8083851050 a       657     1    13     2    12
     -0.2209676835 a       658     1    13     2    13
      0.2032468252 a       659     1    13     2    14
     -0.1489953971 a       660     1    13     2    15
      0.8434294050 a       661     1    14     2     1
      0.5219017028 a       662     1    14     2     2
      0.1220277565 a       663     1    14     2     3
      0.1731478525 a       664     1    14     2     4
      0.3807297036 a       665     1    14     2     5
      0.9627695963 a       666     1    14     2     6
     -0.0069023975 a       667     1    14     2     7
     -0.4253294596 a       668     1    14     2     8
      0.6134185793 a       669     1    14     2     9
     -0.0395751648 a       670     1    14     2    10
      0.4299563792 a       671     1    14     2    11
     -0.2435073530 a       672     1    14     2    12
     -0.8360328998 a       673     1    14     2    13
      0.5982013238 a       674     1    14     2    14
     -0.5426814465 a       675     1    14     2    15
      0.4126299249 a       676     1    15     2     1
     -0.0864794709 a       677     1    15     2     2
     -0.0120105536 a       678     1    15     2     3
      0.5720957869 a       679     1    15     2     4
     -0.8679277124 a       680     1    15     2     5
      0.2750766818 a       681     1    15     2     6
     -0.1995238026 a       682     1    15     2     7
     -0.6121469911 a       683     1    15     2     8
     -0.3681846070 a       684     1    15     2     9
      0.2734914744 a       685     1    15     2    10
     -0.0247672892 a       686     1    15     2    11
      0.7279757082 a       687     1    15     2    12
      0.7711564435 a       688     1    15     2    13
     -0.2560400830 a       689     1    15     2    14
      0.2070629677 a       690     1    15     2    15
     -0.8087508678 b       691     2     1
      0.3264342942 b       692     2     2
      0.4685581042 b       693     2     3
      0.7985797203 b       694     2     4
      0.1042310529 b       695     2     5
      0.8712578061 b       696     2     6
     -0.9776685311 b       697     2     7
     -0.9619656726 b       698     2     8
     -0.1514646745 b       699     2     9
      0.9076915320 b       700     2    10
     -0.2689923423 b       701     2    11
     -0.5422833741 b       702     2    12
      0.2028172853 b       703     2    13
      0.7951333344 b       704     2    14
      0.2816903574 b       705     2    15
     -0.7821494853 a       706     2     1     3     1
      0.3350232714 a       707     2     2     3     1
      0.5221291458 a       708     2     3     3     1
     -0.7960979769 a       709     2     4     3     1
     -0.4186271087 a       710     2     5     3     1
      0.6661583331 a       711     2     6     3     1
     -0.5467999743 a       712     2     7     3     1
     -0.0234583247 a       713     2     8     3     1
     -0.8123711715 a       714     2     9     3     1
     -0.2977628430 a       715     2    10     3     1
      0.9331696487 a       716     2    11     3     1
     -0.8704596628 a       717     2    12     3     1
      0.5226433960 a       718     2    13     3     1
      0.6709779648 a       719     2    14     3     1
      0.7835842891 a       720     2    15     3     1
     -0.6311693496 b       721     3     1
