      0.4545843133 a         1     0     1     1     1
     -0.6311468311 a         2     0     1     1     2
     -0.1533074160 a         3     0     1     1     3
      0.7553992851 a         4     0     1     1     4
      0.0982753325 a         5     0     1     1     5
     -0.9402588396 a         6     0     1     1     6
      0.6844027925 a         7     0     1     1     7
      0.1344103443 a         8     0     1     1     8
     -0.5543899385 a         9     0     1     1     9
     -0.6505169680 a        10     0     1     1    10
      0.2787164333 a        11     0     1     1    11
      0.2262728345 a        12     0     1     1    12
      0.2681829720 a        13     0     1     1    13
     -0.4144453036 a        14     0     1     1    14
     -0.7875016084 a        15     0     1     1    15
     -0.2478101195 a        16     0     2     1     1
     -0.8983987614 a        17     0     2     1     2
      0.5473894818 a        18     0     2     1     3
     -0.2423000281 a        19     0     2     1     4
      0.1772059281 a        20     0     2     1     5
     -0.0251335746 a        21     0     2     1     6
     -0.2070733712 a        22     0     2     1     7
     -0.6326870185 a        23     0     2     1     8
     -0.3044324060 a        24     0     2     1     9
      0.9908860085 a        25     0     2     1    10
      0.3957057931 a        26     0     2     1    11
     -0.4191779796 a        27     0     2     1    12
     -0.0984457723 a        28     0     2     1    13
     -0.6354981515 a        29     0     2     1    14
      0.5685542208 a        30     0     2     1    15
     -0.2322202405 a        31     0     3     1     1
      0.1795191271 a        32     0     3     1     2
      0.2238230946 a        33     0     3     1     3
      0.8520410951 a        34     0     3     1     4
     -0.1831640115 a        35     0     3     1     5
      0.9087086489 a        36     0     3     1     6
      0.2319085193 a        37     0     3     1     7
      0.8799023575 a        38     0     3     1     8
     -0.4671195335 a        39     0     3     1     9
      0.1325933532 a        40     0     3     1    10
     -0.4570594444 a        41     0     3     1    11
      0.0631275564 a        42     0     3     1    12
     -0.1758483665 a        43     0     3     1    13
      0.2191356836 a        44     0     3     1    14
     -0.1445267229 a        45     0     3     1    15
      0.6196134688 a        46     0     4     1     1
      0.7393877847 a        47     0     4     1     2
     -0.9513524266 a        48     0     4     1     3
     -0.1442093026 a        49     0     4     1     4
     -0.6135167134 a        50     0     4     1     5
      0.3533705276 a        51     0     4     1     6
     -0.7814509206 a        52     0     4     1     7
      0.6561394812 a        53     0     4     1     8
     -0.2989124985 a        54     0     4     1     9
      0.6301184967 a        55     0     4     1    10
     -0.3854317876 a        56     0     4     1    11
      0.5562006323 a        57     0     4     1    12
     -1.0414707370 a        58     0     4     1    13
      0.8267119353 a        59     0     4     1    14
     -0.9536073006 a        60     0     4     1    15
      0.0079877773 a        61     0     5     1     1
      0.9721904875 a        62     0     5     1     2
     -0.5172258552 a        63     0     5     1     3
     -0.5342379069 a        64     0     5     1     4
     -0.4185812670 a        65     0     5     1     5
     -0.6189888641 a        66     0     5     1     6
      0.4742419183 a        67     0     5     1     7
      0.4244003052 a        68     0     5     1     8
     -0.9482605851 a        69     0     5     1     9
      0.1900298598 a        70     0     5     1    10
     -0.2966443994 a        71     0     5     1    11
     -0.6444322932 a        72     0     5     1    12
      0.5898941855 a        73     0     5     1    13
      0.1157928412 a        74     0     5     1    14
     -0.0535280777 a        75     0     5     1    15
      0.7595907533 a        76     0     6     1     1
     -0.3345503191 a        77     0     6     1     2
      0.7992018553 a        78     0     6     1     3
     -0.0233922840 a        79     0     6     1     4
      0.1258908022 a        80     0     6     1     5
      0.4294550683 a        81     0     6     1     6
     -0.3794988814 a        82     0     6     1     7
     -0.9059181030 a        83     0     6     1     8
      0.6399697278 a        84     0     6     1     9
     -0.5464578441 a        85     0     6     1    10
     -0.0719870546 a        86     0     6     1    11
     -0.0388813103 a        87     0     6     1    12
     -0.5512416062 a        88     0     6     1    13
     -0.6249927924 a        89     0     6     1    14
     -0.6370797913 a        90     0     6     1    15
     -0.1019164853 a        91     0     7     1     1
      0.7195581078 a        92     0     7     1     2
     -0.4848516957 a        93     0     7     1     3
      0.0671737792 a        94     0     7     1     4
      0.3542568737 a        95     0     7     1     5
     -0.5366399880 a        96     0     7     1     6
      0.6000182931 a        97     0     7     1     7
     -0.1050043943 a        98     0     7     1     8
      0.2968547022 a        99     0     7     1     9
     -0.5697256532 a       100     0     7     1    10
     -0.8757080484 a       101     0     7     1    11
      0.4676263463 a       102     0     7     1    12
      0.8970402450 a       103     0     7     1    13
      0.7325579505 a       104     0     7     1    14
     -0.8837930665 a       105     0     7     1    15
      0.3144338263 a       106     0     8     1     1
      0.6336078149 a       107     0     8     1     2
     -0.7891193471 a       108     0     8     1     3
      0.1660152680 a       109     0     8     1     4
     -0.7478874504 a       110     0     8     1     5
      0.7323043582 a       111     0     8     1     6
      0.2559924219 a       112     0     8     1     7
      0.6884549060 a       113     0     8     1     8
      0.6719782319 a       114     0     8     1     9
      0.0681378756 a       115     0     8     1    10
      0.4019344646 a       116     0     8     1    11
     -0.5654770738 a       117     0     8     1    12
     -0.6891633447 a       118     0     8     1    13
      0.6163399955 a       119     0     8     1    14
     -0.7085378888 a       120     0     8     1    15
     -0.3893964982 a       121     0     9     1     1
     -0.6853399806 a       122     0     9     1     2
     -0.8203799825 a       123     0     9     1     3
      0.6092572180 a       124     0     9     1     4
      0.1066959136 a       125     0     9     1     5
      0.6537422460 a       126     0     9     1     6
     -0.6608930422 a       127     0     9     1     7
     -0.7526350977 a       128     0     9     1     8
     -0.2333087714 a       129     0     9     1     9
     -0.6980351682 a       130     0     9     1    10
      0.7739630889 a       131     0     9     1    11
     -0.8210091708 a       132     0     9     1    12
      0.0013957159 a       133     0     9     1    13
     -0.0533412003 a       134     0     9     1    14
     -0.8997806768 a       135     0     9     1    15
      0.4570742078 a       136     0    10     1     1
     -0.6211985002 a       137     0    10     1     2
      0.6036634182 a       138     0    10     1     3
     -0.9865941631 a       139     0    10     1     4
      0.4571164689 a       140     0    10     1     5
      0.7191177962 a       141     0    10     1     6
      0.8790312329 a       142     0    10     1     7
      0.5254819404 a       143     0    10     1     8
      0.7195286019 a       144     0    10     1     9
     -0.6198115215 a       145     0    10     1    10
      0.0193199681 a       146     0    10     1    11
      0.9294751956 a       147     0    10     1    12
      0.1662313756 a       148     0    10     1    13
      0.1032620692 a       149     0    10     1    14
     -0.9517598162 a       150     0    10     1    15
      0.5954419807 a       151     0    11     1     1
      0.5479109108 a       152     0    11     1     2
      0.3862392049 a       153     0    11     1     3
     -0.3688446443 a       154     0    11     1     4
      0.5746669906 a       155     0    11     1     5
      0.6595429598 a       156     0    11     1     6
     -0.6923018809 a       157     0    11     1     7
     -0.6320609771 a       158     0    11     1     8
      0.0438585209 a       159     0    11     1     9
     -0.1621414175 a       160     0    11     1    10
     -0.3678466311 a       161     0    11     1    11
      0.0977451113 a       162     0    11     1    12
      0.9527699291 a       163     0    11     1    13
      0.7881838405 a       164     0    11     1    14
     -0.2792053430 a       165     0    11     1    15
      0.3554553094 a       166     0    12     1     1
      0.2652625757 a       167     0    12     1     2
     -0.2276703829 a       168     0    12     1     3
     -0.2987441365 a       169     0    12     1     4
     -0.4100452285 a       170     0    12     1     5
     -0.9083031046 a       171     0    12     1     6
     -0.6903582286 a       172     0    12     1     7
      0.2705609573 a       173     0    12     1     8
     -0.7556507048 a       174     0    12     1     9
     -0.1627381558 a       175     0    12     1    10
     -0.4331328343 a       176     0    12     1    11
     -0.1785691882 a       177     0    12     1    12
      0.0649320444 a       178     0    12     1    13
     -0.6851996440 a       179     0    12     1    14
      0.5827416240 a       180     0    12     1    15
      0.1823906424 a       181     0    13     1     1
     -0.3210166803 a       182     0    13     1     2
     -0.7590231831 a       183     0    13     1     3
     -0.4659759246 a       184     0    13     1     4
      0.2415899316 a       185     0    13     1     5
      0.3783825796 a       186     0    13     1     6
     -0.5875648644 a       187     0    13     1     7
     -0.2440092024 a       188     0    13     1     8
      0.2350728452 a       189     0    13     1     9
      0.7867924547 a       190     0    13     1    10
     -0.7698184667 a       191     0    13     1    11
      0.1553958628 a       192     0    13     1    12
     -0.7241560437 a       193     0    13     1    13
     -0.8844579268 a       194     0    13     1    14
      0.1417847187 a       195     0    13     1    15
     -0.8123668013 a       196     0    14     1     1
      0.9241833753 a       197     0    14     1     2
     -0.5949723183 a       198     0    14     1     3
      0.5608550202 a       199     0    14     1     4
     -0.8799908633 a       200     0    14     1     5
      0.7430746938 a       201     0    14     1     6
     -0.0053163146 a       202     0    14     1     7
      0.1994060278 a       203     0    14     1     8
      0.8622394953 a       204     0    14     1     9
     -0.5373762086 a       205     0    14     1    10
     -0.9065048726 a       206     0    14     1    11
      0.0973640058 a       207     0    14     1    12
     -0.2450809803 a       208     0    14     1    13
     -0.4834915868 a       209     0    14     1    14
     -0.5900918794 a       210     0    14     1    15
     -0.1498964024 a       211     0    15     1     1
     -0.1411562673 a       212     0    15     1     2
      0.4635028220 a       213     0    15     1     3
     -0.3218694757 a       214     0    15     1     4
     -0.0705549679 a       215     0    15     1     5
      0.2241584229 a       216     0    15     1     6
      0.3009787764 a       217     0    15     1     7
      0.5872190205 a       218     0    15     1     8
      0.4512018920 a       219     0    15     1     9
      0.1342568425 a       220     0    15     1    10
      0.6984340413 a       221     0    15     1    11
     -0.4483894798 a       222     0    15     1    12
     -0.8456324623 a       223     0    15     1    13
      0.7617596540 a       224     0    15     1    14
      0.8830973428 a       225     0    15     1    15
     -0.2854838180 a       226     0    16     1     1
     -0.7587075010 a       227     0    16     1     2
     -0.3126494597 a       228     0    16     1     3
     -0.9065027143 a       229     0    16     1     4
     -0.9754599482 a       230     0    16     1     5
      0.1118697417 a       231     0    16     1     6
     -0.5659873420 a       232     0    16     1     7
     -0.9690864401 a       233     0    16     1     8
     -0.6528723590 a       234     0    16     1     9
     -0.9826885285 a       235     0    16     1    10
     -0.3263670952 a       236     0    16     1    11
      0.5072962892 a       237     0    16     1    12
      0.3065936625 a       238     0    16     1    13
      0.3633563292 a       239     0    16     1    14
      0.5695123236 a       240     0    16     1    15
      0.1274767856 a       241     0    17     1     1
      0.4309618522 a       242     0    17     1     2
     -0.7993730975 a       243     0    17     1     3
      0.8224963794 a       244     0    17     1     4
     -0.2882255412 a       245     0    17     1     5
     -0.1825867325 a       246     0    17     1     6
     -0.3775200074 a       247     0    17     1     7
      0.7418248601 a       248     0    17     1     8
     -0.8795278211 a       249     0    17     1     9
     -0.7979975915 a       250     0    17     1    10
     -0.2108987667 a       251     0    17     1    11
      0.9394184599 a       252     0    17     1    12
      0.4533932721 a       253     0    17     1    13
      0.1845988735 a       254     0    17     1    14
      0.5173016057 a       255     0    17     1    15
     -0.5248196540 a       256     0    18     1     1
      0.3379639586 a       257     0    18     1     2
      0.6944857000 a       258     0    18     1     3
     -0.2054604348 a       259     0    18     1     4
      0.3326338127 a       260     0    18     1     5
     -0.2552585269 a       261     0    18     1     6
      0.2332951787 a       262     0    18     1     7
      0.9532919521 a       263     0    18     1     8
      0.9471001660 a       264     0    18     1     9
     -0.9044671132 a       265     0    18     1    10
      0.5930725630 a       266     0    18     1    11
     -0.0512840531 a       267     0    18     1    12
     -0.8057146818 a       268     0    18     1    13
      0.1707384331 a       269     0    18     1    14
      0.5983857155 a       270     0    18     1    15
      0.1901820272 a       271     0    19     1     1
     -0.8358463343 a       272     0    19     1     2
     -0.3504454002 a       273     0    19     1     3
      0.4741346827 a       274     0    19     1     4
     -0.4566686509 a       275     0    19     1     5
     -0.3863456219 a       276     0    19     1     6
     -0.8374857759 a       277     0    19     1     7
     -0.9429943013 a       278     0    19     1     8
     -0.8866481513 a       279     0    19     1     9
     -0.2104375928 a       280     0    19     1    10
     -0.0988415941 a       281     0    19     1    11
     -0.8172369089 a       282     0    19     1    12
      0.7496335613 a       283     0    19     1    13
      0.3147925082 a       284     0    19     1    14
     -0.9769978160 a       285     0    19     1    15
     -0.0774387045 a       286     0    20     1     1
      0.7751108133 a       287     0    20     1     2
     -0.2417631365 a       288     0    20     1     3
     -0.4171788491 a       289     0    20     1     4
      0.9208109448 a       290     0    20     1     5
     -0.7771976926 a       291     0    20     1     6
      0.1983897619 a       292     0    20     1     7
     -0.4871451162 a       293     0    20     1     8
     -0.8150584352 a       294     0    20     1     9
     -0.1764048924 a       295     0    20     1    10
     -0.1698048930 a       296     0    20     1    11
      0.6631672070 a       297     0    20     1    12
      0.4450456774 a       298     0    20     1    13
      0.1479808961 a       299     0    20     1    14
     -0.7348481976 a       300     0    20     1    15
      0.2270473551 a       301     0    21     1     1
      0.8868717628 a       302     0    21     1     2
     -0.3948069414 a       303     0    21     1     3
      0.4555027735 a       304     0    21     1     4
     -0.3607076354 a       305     0    21     1     5
     -0.6150401581 a       306     0    21     1     6
      0.1176880114 a       307     0    21     1     7
     -0.9505067475 a       308     0    21     1     8
      0.2024587200 a       309     0    21     1     9
      0.6565786040 a       310     0    21     1    10
      0.9664036852 a       311     0    21     1    11
      0.1091650878 a       312     0    21     1    12
     -0.5902092824 a       313     0    21     1    13
      0.5228550263 a       314     0    21     1    14
     -0.4402126526 a       315     0    21     1    15
     -0.1866145526 a       316     0    22     1     1
     -0.3047346631 a       317     0    22     1     2
     -0.3368156072 a       318     0    22     1     3
      0.6354650355 a       319     0    22     1     4
      0.0376426591 a       320     0    22     1     5
      0.5988760106 a       321     0    22     1     6
     -0.5663919873 a       322     0    22     1     7
     -0.8867676056 a       323     0    22     1     8
      0.2628016473 a       324     0    22     1     9
      0.4034859954 a       325     0    22     1    10
      0.8593158736 a       326     0    22     1    11
     -0.2416588412 a       327     0    22     1    12
      0.7129201555 a       328     0    22     1    13
     -0.6391536089 a       329     0    22     1    14
      0.2175741947 a       330     0    22     1    15
     -0.2543534831 a       331     0    23     1     1
      0.4423226086 a       332     0    23     1     2
     -0.7922520722 a       333     0    23     1     3
     -0.1570760416 a       334     0    23     1     4
      0.6746376316 a       335     0    23     1     5
     -0.6346461813 a       336     0    23     1     6
     -0.3599561378 a       337     0    23     1     7
     -0.0274801948 a       338     0    23     1     8
     -0.8410143454 a       339     0    23     1     9
      0.2383611345 a       340     0    23     1    10
      0.0001827995 a       341     0    23     1    11
      0.4411623698 a       342     0    23     1    12
     -0.0588038742 a       343     0    23     1    13
     -0.5951184748 a       344     0    23     1    14
      0.1991480611 a       345     0    23     1    15
     -0.0002844030 a       346     0    24     1     1
     -0.3144558268 a       347     0    24     1     2
     -0.1707896399 a       348     0    24     1     3
     -0.0616283398 a       349     0    24     1     4
      0.8754103880 a       350     0    24     1     5
     -0.3381241420 a       351     0    24     1     6
     -0.1074680006 a       352     0    24     1     7
     -0.1280077783 a       353     0    24     1     8
     -0.0766613116 a       354     0    24     1     9
      0.9124048754 a       355     0    24     1    10
      0.2259350905 a       356     0    24     1    11
      0.2754829320 a       357     0    24     1    12
     -0.8672765435 a       358     0    24     1    13
     -0.2195157553 a       359     0    24     1    14
     -0.4488427037 a       360     0    24     1    15
      0.1391959466 a       361     0    25     1     1
     -0.3773208298 a       362     0    25     1     2
      0.1538036706 a       363     0    25     1     3
      0.5570291100 a       364     0    25     1     4
     -0.4254171653 a       365     0    25     1     5
      0.3410742719 a       366     0    25     1     6
     -0.0928385648 a       367     0    25     1     7
      0.5859134059 a       368     0    25     1     8
      0.5276865548 a       369     0    25     1     9
     -0.2095442092 a       370     0    25     1    10
      0.9630666159 a       371     0    25     1    11
      0.6962386261 a       372     0    25     1    12
      0.6380285632 a       373     0    25     1    13
      0.7554584331 a       374     0    25     1    14
     -0.1754162299 a       375     0    25     1    15
      0.5522109999 a       376     0    26     1     1
     -0.9696016945 a       377     0    26     1     2
      0.5958273369 a       378     0    26     1     3
      0.0866040472 a       379     0    26     1     4
      0.5601882551 a       380     0    26     1     5
     -0.4042794789 a       381     0    26     1     6
      0.4380103842 a       382     0    26     1     7
     -0.3530797597 a       383     0    26     1     8
      0.8435691222 a       384     0    26     1     9
      0.9188868851 a       385     0    26     1    10
      0.0965949481 a       386     0    26     1    11
     -0.3776903845 a       387     0    26     1    12
     -0.2492270687 a       388     0    26     1    13
      0.1324846315 a       389     0    26     1    14
      0.9525671329 a       390     0    26     1    15
     -0.6180100335 a       391     0    27     1     1
     -0.8322967565 a       392     0    27     1     2
      0.6876175589 a       393     0    27     1     3
     -0.4005800967 a       394     0    27     1     4
      0.8055408986 a       395     0    27     1     5
     -0.1051213900 a       396     0    27     1     6
      0.1117373494 a       397     0    27     1     7
     -0.5835937103 a       398     0    27     1     8
      0.6447776666 a       399     0    27     1     9
     -0.1768354489 a       400     0    27     1    10
      0.7199916389 a       401     0    27     1    11
     -0.8593623877 a       402     0    27     1    12
      0.6321511274 a       403     0    27     1    13
      0.0819238915 a       404     0    27     1    14
      0.1083659627 a       405     0    27     1    15
      0.2019435680 a       406     0    28     1     1
     -0.3028193504 a       407     0    28     1     2
      0.1661813639 a       408     0    28     1     3
     -0.9943996515 a       409     0    28     1     4
     -0.1162557874 a       410     0    28     1     5
      0.8474734259 a       411     0    28     1     6
     -0.2114148045 a       412     0    28     1     7
      0.2367243959 a       413     0    28     1     8
      0.3997692381 a       414     0    28     1     9
     -0.9450510661 a       415     0    28     1    10
     -0.3425938383 a       416     0    28     1    11
     -0.1708099199 a       417     0    28     1    12
     -0.0010184208 a       418     0    28     1    13
     -0.1095193880 a       419     0    28     1    14
      0.0505764543 a       420     0    28     1    15
      0.0945391737 a       421     0    29     1     1
     -0.0585779293 a       422     0    29     1     2
     -0.0300182720 a       423     0    29     1     3
      0.6867026744 a       424     0    29     1     4
      0.1101415625 a       425     0    29     1     5
     -0.6155100077 a       426     0    29     1     6
     -0.7183073466 a       427     0    29     1     7
     -0.7232582332 a       428     0    29     1     8
     -0.3834764333 a       429     0    29     1     9
      0.6790887077 a       430     0    29     1    10
      0.1891453880 a       431     0    29     1    11
      0.4730583399 a       432     0    29     1    12
     -0.2161595564 a       433     0    29     1    13
      0.7122580204 a       434     0    29     1    14
     -0.3932627555 a       435     0    29     1    15
      0.2689649629 a       436     0    30     1     1
      0.2926879913 a       437     0    30     1     2
     -0.4276132012 a       438     0    30     1     3
     -0.2887999276 a       439     0    30     1     4
      0.1878516866 a       440     0    30     1     5
     -0.0811369589 a       441     0    30     1     6
     -0.6174311971 a       442     0    30     1     7
      0.0542267066 a       443     0    30     1     8
     -0.2415943203 a       444     0    30     1     9
      0.6190798020 a       445     0    30     1    10
     -0.9177339659 a       446     0    30     1    11
     -0.6537029623 a       447     0    30     1    12
      0.2665291040 a       448     0    30     1    13
     -0.6677791825 a       449     0    30     1    14
     -0.2644038430 a       450     0    30     1    15
     -0.7188866760 b       451     1     1
     -0.2438429637 b       452     1     2
     -0.2424021294 b       453     1     3
      0.9396016344 b       454     1     4
     -0.6866995567 b       455     1     5
     -0.2462421775 b       456     1     6
     -1.0059741415 b       457     1     7
      0.7501867584 b       458     1     8
     -0.8682709914 b       459     1     9
      0.6007951404 b       460     1    10
      0.3543128588 b       461     1    11
     -0.3630337828 b       462     1    12
      0.3873921921 b       463     1    13
     -0.3583000758 b       464     1    14
      0.8144745151 b       465     1    15
     -0.9501494897 a       466     1     1     2     1
     -0.2152043203 a       467     1     1     2     2
     -0.1584598517 a       468     1     1     2     3
      0.3266539218 a       469     1     1     2     4
     -0.7482790384 a       470     1     1     2     5
      0.2466858011 a       471     1     1     2     6
      0.0771490646 a       472     1     1     2     7
      0.5428183950 a       473     1     1     2     8
      0.4367668714 a       474     1     1     2     9
      0.1331432331 a       475     1     1     2    10
      0.6208674742 a       476     1     1     2    11
      0.8508029876 a       477     1     1     2    12
      0.0789207553 a       478     1     1     2    13
      0.8939913722 a       479     1     1     2    14
      0.2271791721 a       480     1     1     2    15
      0.3803895276 a       481     1     2     2     1
      0.1863209892 a       482     1     2     2     2
     -0.9838927523 a       483     1     2     2     3
     -0.4301097292 a       484     1     2     2     4
      0.3672749099 a       485     1     2     2     5
     -0.9100540980 a       486     1     2     2     6
      0.4203216555 a       487     1     2     2     7
     -0.9082483044 a       488     1     2     2     8
     -0.7857142069 a       489     1     2     2     9
     -0.1028566336 a       490     1     2     2    10
      0.4397285864 a       491     1     2     2    11
      0.4709565299 a       492     1     2     2    12
      0.5680084278 a       493     1     2     2    13
     -0.6026957341 a       494     1     2     2    14
     -0.2751003011 a       495     1     2     2    15
      0.6395559125 a       496     1     3     2     1
     -0.0865461648 a       497     1     3     2     2
      0.9475741575 a       498     1     3     2     3
     -0.2099369000 a       499     1     3     2     4
     -0.3852793869 a       500     1     3     2     5
     -0.0178062957 a       501     1     3     2     6
     -0.8014393348 a       502     1     3     2     7
      0.3641673200 a       503     1     3     2     8
     -0.9931271685 a       504     1     3     2     9
     -0.3017310611 a       505     1     3     2    10
     -0.9373570392 a       506     1     3     2    11
      0.4758038941 a       507     1     3     2    12
     -0.3134594408 a       508     1     3     2    13
      0.1857874111 a       509     1     3     2    14
     -0.5747365991 a       510     1     3     2    15
     -0.6924419949 a       511     1     4     2     1
     -0.7206510461 a       512     1     4     2     2
     -0.7917325151 a       513     1     4     2     3
     -1.0142149889 a       514     1     4     2     4
     -0.7190542363 a       515     1     4     2     5
     -0.8883950904 a       516     1     4     2     6
     -0.4291432467 a       517     1     4     2     7
      0.9218055889 a       518     1     4     2     8
      1.0180152133 a       519     1     4     2     9
     -0.8797487355 a       520     1     4     2    10
      0.7998769884 a       521     1     4     2    11
      0.6528026101 a       522     1     4     2    12
     -0.7027905334 a       523     1     4     2    13
     -0.6304494005 a       524     1     4     2    14
     -0.4777128656 a       525     1     4     2    15
     -0.1273285764 a       526     1     5     2     1
      0.2181918484 a       527     1     5     2     2
     -0.5024852978 a       528     1     5     2     3
      0.8473456886 a       529     1     5     2     4
     -0.0859935262 a       530     1     5     2     5
     -0.7296884127 a       531     1     5     2     6
     -0.0239178034 a       532     1     5     2     7
      0.2158559228 a       533     1     5     2     8
     -0.6921485786 a       534     1     5     2     9
     -0.4063175359 a       535     1     5     2    10
     -0.7163293775 a       536     1     5     2    11
     -0.3867425744 a       537     1     5     2    12
      0.3488990235 a       538     1     5     2    13
     -0.9035009908 a       539     1     5     2    14
     -0.7206151152 a       540     1     5     2    15
      0.2502906676 a       541     1     6     2     1
      0.4807479041 a       542     1     6     2     2
     -0.0530922929 a       543     1     6     2     3
     -0.3810420622 a       544     1     6     2     4
     -0.7034259232 a       545     1     6     2     5
      0.2700923995 a       546     1     6     2     6
     -0.1252709025 a       547     1     6     2     7
     -0.8863156894 a       548     1     6     2     8
     -0.6126848347 a       549     1     6     2     9
      0.3697693427 a       550     1     6     2    10
     -0.2574925268 a       551     1     6     2    11
     -0.5979949774 a       552     1     6     2    12
     -0.1780612348 a       553     1     6     2    13
     -0.8127027168 a       554     1     6     2    14
      0.0401275273 a       555     1     6     2    15
     -0.3363407130 a       556     1     7     2     1
     -0.1404347117 a       557     1     7     2     2
      0.6615519481 a       558     1     7     2     3
      0.3900290598 a       559     1     7     2     4
      0.1573209606 a       560     1     7     2     5
      0.7297937808 a       561     1     7     2     6
     -0.8128958045 a       562     1     7     2     7
      0.9608954186 a       563     1     7     2     8
     -0.0465815442 a       564     1     7     2     9
     -0.8507056485 a       565     1     7     2    10
     -0.1541505697 a       566     1     7     2    11
      0.5091092407 a       567     1     7     2    12
     -0.2155250465 a       568     1     7     2    13
     -0.9628885190 a       569     1     7     2    14
      0.2658422003 a       570     1     7     2    15
     -0.9095035443 a       571     1     8     2     1
      0.1636045318 a       572     1     8     2     2
      0.9957081989 a       573     1     8     2     3
      0.2019201202 a       574     1     8     2     4
      0.2217871468 a       575     1     8     2     5
      0.3248942676 a       576     1     8     2     6
      0.7658836745 a       577     1     8     2     7
      0.9065409190 a       578     1     8     2     8
      0.5317929172 a       579     1     8     2     9
      0.3252281856 a       580     1     8     2    10
     -0.7974351521 a       581     1     8     2    11
     -0.5757713825 a       582     1     8     2    12
     -0.5843535091 a       583     1     8     2    13
      0.8580066966 a       584     1     8     2    14
      0.2943138946 a       585     1     8     2    15
     -0.4983351187 a       586     1     9     2     1
     -0.5543135609 a       587     1     9     2     2
     -0.4297871383 a       588     1     9     2     3
      0.6493809342 a       589     1     9     2     4
      0.8480251180 a       590     1     9     2     5
     -0.6399075095 a       591     1     9     2     6
      0.6240339612 a       592     1     9     2     7
      0.2495706262 a       593     1     9     2     8
      0.0801662858 a       594     1     9     2     9
     -0.1769095974 a       595     1     9     2    10
      0.5240115018 a       596     1     9     2    11
      0.1232929315 a       597     1     9     2    12
     -0.9265738674 a       598     1     9     2    13
     -0.5412190398 a       599     1     9     2    14
      0.4564702301 a       600     1     9     2    15
      0.5480138045 a       601     1    10     2     1
     -0.7553688650 a       602     1    10     2     2
      0.1023300052 a       603     1    10     2     3
     -0.6614016354 a       604     1    10     2     4
     -0.1634217446 a       605     1    10     2     5
      0.9292110843 a       606     1    10     2     6
     -0.4594840825 a       607     1    10     2     7
      0.9844299572 a       608     1    10     2     8
     -0.8261699658 a       609     1    10     2     9
     -0.2918355880 a       610     1    10     2    10
      0.2393742422 a       611     1    10     2    11
     -0.7477926037 a       612     1    10     2    12
      0.7107056338 a       613     1    10     2    13
      0.1965360689 a       614     1    10     2    14
     -0.8264315707 a       615     1    10     2    15
     -0.7134692536 a       616     1    11     2     1
      0.7460915920 a       617     1    11     2     2
     -0.1572112070 a       618     1    11     2     3
      0.2398650778 a       619     1    11     2     4
     -0.8544794650 a       620     1    11     2     5
      0.9353179112 a       621     1    11     2     6
     -0.5033768277 a       622     1    11     2     7
     -0.4631309050 a       623     1    11     2     8
      0.5151523369 a       624     1    11     2     9
      0.0139671739 a       625     1    11     2    10
     -0.5336537535 a       626     1    11     2    11
     -0.9972905505 a       627     1    11     2    12
      1.0203451647 a       628     1    11     2    13
      0.2947605900 a       629     1    11     2    14
     -0.4921457505 a       630     1    11     2    15
      0.9969630498 a       631     1    12     2     1
      0.0982835034 a       632     1    12     2     2
     -0.9603407950 a       633     1    12     2     3
      0.5318773349 a       634     1    12     2     4
      1.0026466095 a       635     1    12     2     5
      0.5742147281 a       636     1    12     2     6
     -0.5486500479 a       637     1    12     2     7
     -0.0662367269 a       638     1    12     2     8
     -0.9699990206 a       639     1    12     2     9
     -0.0851844793 a       640     1    12     2    10
     -0.0711923084 a       641     1    12     2    11
     -0.3119473636 a       642     1    12     2    12
     -0.6994909518 a       643     1    12     2    13
      0.5304441796 a       644     1    12     2    14
     -0.2260499670 a       645     1    12     2    15
     -0.1438178422 a       646     1    13     2     1
     -0.2833168071 a       647     1    13     2     2
     -0.1245150736 a       648     1    13     2     3
     -0.9760530624 a       649     1    13     2     4
     -0.8748711497 a       650     1    13     2     5
      0.8830330242 a       651     1    13     2     6
     -0.5107758240 a       652     1    13     2     7
     -0.0573628145 a       653     1    13     2     8
     -0.5114286779 a       654     1    13     2     9
      0.1328655604 a       655     1    13     2    10
     -0.9543803592 a       656     1    13     2    11
     -0.8271647461 a       657     1    13     2    12
     -0.2189504744 a       658     1    13     2    13
      0.2053415433 a       659     1    13     2    14
     -0.0894567732 a       660     1    13     2    15
      0.8910154197 a       661     1    14     2     1
      0.5299345043 a       662     1    14     2     2
      0.1119886117 a       663     1    14     2     3
      0.1592742577 a       664     1    14     2     4
      0.3799981521 a       665     1    14     2     5
      0.9621643341 a       666     1    14     2     6
     -0.0015247331 a       667     1    14     2     7
     -0.4268670957 a       668     1    14     2     8
      0.6540719184 a       669     1    14     2     9
     -0.0467982419 a       670     1    14     2    10
      0.4533969402 a       671     1    14     2    11
     -0.2521262493 a       672     1    14     2    12
     -0.8364720891 a       673     1    14     2    13
      0.6047419524 a       674     1    14     2    14
     -0.5596849667 a       675     1    14     2    15
      0.4595801722 a       676     1    15     2     1
     -0.1198974326 a       677     1    15     2     2
      0.0410714957 a       678     1    15     2     3
      0.5972155355 a       679     1    15     2     4
     -0.8677294527 a       680     1    15     2     5
      0.2746920535 a       681     1    15     2     6
     -0.2374801622 a       682     1    15     2     7
     -0.6136855228 a       683     1    15     2     8
     -0.3285750379 a       684     1    15     2     9
      0.2871169035 a       685     1    15     2    10
     -0.0381555175 a       686     1    15     2    11
      0.7518003129 a       687     1    15     2    12
      0.8253110884 a       688     1    15     2    13
     -0.2843834281 a       689     1    15     2    14
      0.2795883682 a       690     1    15     2    15
     -0.8301108189 b       691     2     1
      0.3040033644 b       692     2     2
      0.4840018157 b       693     2     3
      0.8226373803 b       694     2     4
      0.1163804067 b       695     2     5
      0.8565970354 b       696     2     6
     -0.9882807390 b       697     2     7
     -0.9681550381 b       698     2     8
     -0.1264463785 b       699     2     9
      0.9177199959 b       700     2    10
     -0.3144447577 b       701     2    11
     -0.5245047862 b       702     2    12
      0.2055615622 b       703     2    13
      0.7665037176 b       704     2    14
      0.3043455594 b       705     2    15
     -0.8552157719 a       706     2     1     3     1
      0.2010049706 a       707     2     2     3     1
      0.5260861934 a       708     2     3     3     1
     -0.7875179650 a       709     2     4     3     1
     -0.4089681065 a       710     2     5     3     1
      0.6659844561 a       711     2     6     3     1
     -0.5218907229 a       712     2     7     3     1
     -0.1013045311 a       713     2     8     3     1
     -0.8545641009 a       714     2     9     3     1
     -0.2978056091 a       715     2    10     3     1
      0.9557613526 a       716     2    11     3     1
     -0.8605892014 a       717     2    12     3     1
      0.5674824102 a       718     2    13     3     1
      0.6781300863 a       719     2    14     3     1
      0.7625417735 a       720     2    15     3     1
     -0.6496583893 b       721     3     1
