     -0.0066085507 a         1     0     1     1     1
     -0.1740209060 a         2     0     1     1     2
     -0.0847873019 a         3     0     1     1     3
     -0.0282465910 a         4     0     1     1     4
      0.4449624923 a         5     0     1     1     5
     -0.1399978666 a         6     0     1     1     6
     -0.0543106854 a         7     0     1     1     7
     -0.0611350958 a         8     0     1     1     8
     -0.0381377883 a         9     0     1     1     9
      0.4456981984 a        10     0     1     1    10
      0.1118266797 a        11     0     1     1    11
      0.1308386529 a        12     0     1     1    12
     -0.3999635033 a        13     0     1     1    13
     -0.1130499497 a        14     0     1     1    14
     -0.2191993550 a        15     0     1     1    15
      0.0624833506 a        16     0     1     1    16
     -0.1955898617 a        17     0     1     1    17
      0.0805145710 a        18     0     1     1    18
      0.2806715694 a        19     0     1     1    19
     -0.2158932020 a        20     0     1     1    20
      0.1573085271 a        21     0     2     1     1
     -0.0571328151 a        22     0     2     1     2
      0.2923999032 a        23     0     2     1     3
      0.2310445890 a        24     0     2     1     4
     -0.1047784113 a        25     0     2     1     5
      0.4093071073 a        26     0     2     1     6
      0.3509286925 a        27     0     2     1     7
      0.3265000353 a        28     0     2     1     8
      0.3701417333 a        29     0     2     1     9
     -0.0944843470 a        30     0     2     1    10
      0.2748081937 a        31     0     2     1    11
     -0.4223720376 a        32     0     2     1    12
      0.2756563537 a        33     0     2     1    13
      0.0387010989 a        34     0     2     1    14
      0.2668207226 a        35     0     2     1    15
     -0.1986757495 a        36     0     2     1    16
      0.2282492101 a        37     0     2     1    17
     -0.1735266559 a        38     0     2     1    18
      0.4246190793 a        39     0     2     1    19
      0.4901931379 a        40     0     2     1    20
      0.0448892594 a        41     0     3     1     1
     -0.2090237242 a        42     0     3     1     2
     -0.1053948614 a        43     0     3     1     3
      0.0495085829 a        44     0     3     1     4
      0.4767086564 a        45     0     3     1     5
     -0.2672914227 a        46     0     3     1     6
     -0.3983293292 a        47     0     3     1     7
      0.3348028362 a        48     0     3     1     8
     -0.1958096389 a        49     0     3     1     9
      0.3958661669 a        50     0     3     1    10
     -0.0499481553 a        51     0     3     1    11
      0.0470613451 a        52     0     3     1    12
     -0.2698609367 a        53     0     3     1    13
      0.3161527187 a        54     0     3     1    14
     -0.0829536470 a        55     0     3     1    15
      0.3669673654 a        56     0     3     1    16
     -0.4400228471 a        57     0     3     1    17
      0.3286578348 a        58     0     3     1    18
      0.0375990030 a        59     0     3     1    19
      0.0504876459 a        60     0     3     1    20
      0.0809653927 a        61     0     4     1     1
     -0.1688629003 a        62     0     4     1     2
      0.0839846896 a        63     0     4     1     3
     -0.4408067446 a        64     0     4     1     4
     -0.0474457107 a        65     0     4     1     5
      0.3632813446 a        66     0     4     1     6
     -0.1064752398 a        67     0     4     1     7
      0.1258432213 a        68     0     4     1     8
      0.1951071649 a        69     0     4     1     9
     -0.4611159601 a        70     0     4     1    10
     -0.1664948442 a        71     0     4     1    11
     -0.0598935309 a        72     0     4     1    12
      0.0169384594 a        73     0     4     1    13
     -0.0576799861 a        74     0     4     1    14
      0.0154886005 a        75     0     4     1    15
      0.0457552848 a        76     0     4     1    16
     -0.0214640032 a        77     0     4     1    17
     -0.0183401702 a        78     0     4     1    18
      0.3478864941 a        79     0     4     1    19
      0.0610588800 a        80     0     4     1    20
     -0.2800239304 a        81     0     5     1     1
     -0.4100132524 a        82     0     5     1     2
     -0.3593145489 a        83     0     5     1     3
     -0.1708464650 a        84     0     5     1     4
      0.3499217863 a        85     0     5     1     5
      0.0723258761 a        86     0     5     1     6
      0.2373085668 a        87     0     5     1     7
     -0.1130635896 a        88     0     5     1     8
      0.3543799642 a        89     0     5     1     9
     -0.1926829427 a        90     0     5     1    10
      0.1392084384 a        91     0     5     1    11
      0.1280225391 a        92     0     5     1    12
     -0.2106716998 a        93     0     5     1    13
     -0.1526838948 a        94     0     5     1    14
      0.0773385742 a        95     0     5     1    15
     -0.0298195253 a        96     0     5     1    16
     -0.3250177469 a        97     0     5     1    17
      0.0273112374 a        98     0     5     1    18
     -0.1279045931 a        99     0     5     1    19
      0.3358072020 a       100     0     5     1    20
     -0.4140961614 a       101     0     6     1     1
     -0.3740388827 a       102     0     6     1     2
      0.1409680712 a       103     0     6     1     3
     -0.3067779082 a       104     0     6     1     4
     -0.1315073968 a       105     0     6     1     5
     -0.3270281058 a       106     0     6     1     6
     -0.1085149606 a       107     0     6     1     7
     -0.0790459530 a       108     0     6     1     8
      0.4305181738 a       109     0     6     1     9
     -0.2888389045 a       110     0     6     1    10
     -0.1303922139 a       111     0     6     1    11
     -0.4263865695 a       112     0     6     1    12
      0.3505020766 a       113     0     6     1    13
     -0.3939437000 a       114     0     6     1    14
      0.2811204235 a       115     0     6     1    15
      0.1122266792 a       116     0     6     1    16
     -0.1215674381 a       117     0     6     1    17
      0.1705136462 a       118     0     6     1    18
     -0.1800320473 a       119     0     6     1    19
      0.4273676679 a       120     0     6     1    20
     -0.4432913227 a       121     0     7     1     1
     -0.1109736744 a       122     0     7     1     2
     -0.0800246847 a       123     0     7     1     3
      0.1240729079 a       124     0     7     1     4
     -0.3846420060 a       125     0     7     1     5
      0.1061933886 a       126     0     7     1     6
      0.0307047540 a       127     0     7     1     7
      0.2614765601 a       128     0     7     1     8
      0.2217476887 a       129     0     7     1     9
      0.0619023147 a       130     0     7     1    10
      0.3213791013 a       131     0     7     1    11
      0.3593887595 a       132     0     7     1    12
      0.0424416792 a       133     0     7     1    13
      0.4439419417 a       134     0     7     1    14
      0.1115395304 a       135     0     7     1    15
      0.2079800412 a       136     0     7     1    16
      0.0999093692 a       137     0     7     1    17
     -0.4922551946 a       138     0     7     1    18
     -0.2202510490 a       139     0     7     1    19
      0.1907479378 a       140     0     7     1    20
     -0.4146480095 a       141     0     8     1     1
      0.2330243853 a       142     0     8     1     2
     -0.4425785652 a       143     0     8     1     3
     -0.3313858049 a       144     0     8     1     4
     -0.0517093100 a       145     0     8     1     5
      0.1936651969 a       146     0     8     1     6
      0.2318461720 a       147     0     8     1     7
      0.2861578970 a       148     0     8     1     8
     -0.3002054169 a       149     0     8     1     9
     -0.1403029581 a       150     0     8     1    10
      0.3178879937 a       151     0     8     1    11
     -0.0331803754 a       152     0     8     1    12
      0.4531453677 a       153     0     8     1    13
     -0.1057626766 a       154     0     8     1    14
     -0.1906571137 a       155     0     8     1    15
     -0.0066677953 a       156     0     8     1    16
     -0.4323711289 a       157     0     8     1    17
      0.1824132186 a       158     0     8     1    18
     -0.4953127468 a       159     0     8     1    19
     -0.1603903747 a       160     0     8     1    20
     -0.4181188569 a       161     0     9     1     1
      0.2724450250 a       162     0     9     1     2
     -0.1399803893 a       163     0     9     1     3
      0.0801210388 a       164     0     9     1     4
     -0.2730009573 a       165     0     9     1     5
     -0.2882940881 a       166     0     9     1     6
     -0.3622351490 a       167     0     9     1     7
     -0.3991772443 a       168     0     9     1     8
     -0.4808343903 a       169     0     9     1     9
     -0.3442174766 a       170     0     9     1    10
     -0.4519925817 a       171     0     9     1    11
     -0.1764319084 a       172     0     9     1    12
      0.4424993504 a       173     0     9     1    13
      0.4843754150 a       174     0     9     1    14
     -0.4204306665 a       175     0     9     1    15
      0.3799117297 a       176     0     9     1    16
      0.3520331467 a       177     0     9     1    17
     -0.3702876490 a       178     0     9     1    18
     -0.3287449631 a       179     0     9     1    19
     -0.2775494495 a       180     0     9     1    20
     -0.0704067519 a       181     0    10     1     1
      0.1373847079 a       182     0    10     1     2
     -0.2376297801 a       183     0    10     1     3
      0.3518622359 a       184     0    10     1     4
     -0.0529864490 a       185     0    10     1     5
     -0.3033697914 a       186     0    10     1     6
     -0.0268280799 a       187     0    10     1     7
      0.0995794405 a       188     0    10     1     8
     -0.3384568316 a       189     0    10     1     9
     -0.2024671476 a       190     0    10     1    10
     -0.3287181345 a       191     0    10     1    11
     -0.1818042846 a       192     0    10     1    12
      0.1805075518 a       193     0    10     1    13
     -0.4437945663 a       194     0    10     1    14
     -0.3236987685 a       195     0    10     1    15
      0.1248001848 a       196     0    10     1    16
      0.2570767991 a       197     0    10     1    17
     -0.0226847575 a       198     0    10     1    18
     -0.2001515914 a       199     0    10     1    19
     -0.3757383513 a       200     0    10     1    20
      0.1210739870 a       201     0    11     1     1
     -0.0802652627 a       202     0    11     1     2
     -0.4311678072 a       203     0    11     1     3
     -0.2658484109 a       204     0    11     1     4
      0.1833514933 a       205     0    11     1     5
     -0.1053034342 a       206     0    11     1     6
     -0.2920487389 a       207     0    11     1     7
     -0.0841221468 a       208     0    11     1     8
     -0.4003032504 a       209     0    11     1     9
      0.0242699163 a       210     0    11     1    10
     -0.1810393168 a       211     0    11     1    11
     -0.0525369961 a       212     0    11     1    12
      0.3254129522 a       213     0    11     1    13
      0.1684456780 a       214     0    11     1    14
      0.0649908357 a       215     0    11     1    15
      0.3806847142 a       216     0    11     1    16
     -0.4446012088 a       217     0    11     1    17
      0.4881038337 a       218     0    11     1    18
     -0.0104261310 a       219     0    11     1    19
     -0.4542098393 a       220     0    11     1    20
     -0.0485411017 a       221     0    12     1     1
      0.2836652382 a       222     0    12     1     2
     -0.0895047090 a       223     0    12     1     3
     -0.4244280604 a       224     0    12     1     4
      0.1505372595 a       225     0    12     1     5
     -0.3870813118 a       226     0    12     1     6
      0.0693335346 a       227     0    12     1     7
      0.4805669860 a       228     0    12     1     8
      0.1160796467 a       229     0    12     1     9
      0.1089406978 a       230     0    12     1    10
      0.1589511737 a       231     0    12     1    11
      0.3406045931 a       232     0    12     1    12
      0.4319443986 a       233     0    12     1    13
      0.2501534642 a       234     0    12     1    14
      0.1569777374 a       235     0    12     1    15
     -0.4404967905 a       236     0    12     1    16
     -0.2931128814 a       237     0    12     1    17
     -0.3062437136 a       238     0    12     1    18
      0.4285657068 a       239     0    12     1    19
      0.1434154028 a       240     0    12     1    20
     -0.2294331636 a       241     0    13     1     1
     -0.3045620085 a       242     0    13     1     2
     -0.1978741614 a       243     0    13     1     3
      0.2758358299 a       244     0    13     1     4
      0.4188260605 a       245     0    13     1     5
     -0.2696334726 a       246     0    13     1     6
      0.2891526785 a       247     0    13     1     7
      0.1172741108 a       248     0    13     1     8
      0.0581916977 a       249     0    13     1     9
     -0.0877755368 a       250     0    13     1    10
      0.2816473299 a       251     0    13     1    11
      0.0525056133 a       252     0    13     1    12
     -0.4194212770 a       253     0    13     1    13
     -0.2752695285 a       254     0    13     1    14
      0.2294233360 a       255     0    13     1    15
      0.2908524527 a       256     0    13     1    16
     -0.4018769897 a       257     0    13     1    17
      0.0697543530 a       258     0    13     1    18
     -0.3325589034 a       259     0    13     1    19
     -0.0930985155 a       260     0    13     1    20
      0.4200957338 a       261     0    14     1     1
     -0.2712479942 a       262     0    14     1     2
      0.4755666056 a       263     0    14     1     3
     -0.3741194132 a       264     0    14     1     4
     -0.1492959821 a       265     0    14     1     5
      0.1076930040 a       266     0    14     1     6
     -0.3586850441 a       267     0    14     1     7
      0.3583295386 a       268     0    14     1     8
      0.0928982125 a       269     0    14     1     9
     -0.3858319881 a       270     0    14     1    10
     -0.3422577511 a       271     0    14     1    11
      0.3145348935 a       272     0    14     1    12
     -0.0921192277 a       273     0    14     1    13
      0.1343798365 a       274     0    14     1    14
     -0.4029543388 a       275     0    14     1    15
      0.4670058463 a       276     0    14     1    16
     -0.2408477493 a       277     0    14     1    17
     -0.2288533056 a       278     0    14     1    18
      0.2681487855 a       279     0    14     1    19
      0.0088943665 a       280     0    14     1    20
     -0.2778679974 a       281     0    15     1     1
     -0.5538054208 a       282     0    15     1     2
      0.4805608485 a       283     0    15     1     3
      0.1221572484 a       284     0    15     1     4
     -0.2940550205 a       285     0    15     1     5
      0.4240040045 a       286     0    15     1     6
      0.0481482460 a       287     0    15     1     7
     -0.4699277292 a       288     0    15     1     8
      0.2570496612 a       289     0    15     1     9
      0.4891235645 a       290     0    15     1    10
      0.2838193627 a       291     0    15     1    11
     -0.2381974069 a       292     0    15     1    12
     -0.0410011118 a       293     0    15     1    13
     -0.4730156123 a       294     0    15     1    14
     -0.0369078395 a       295     0    15     1    15
     -0.0285434222 a       296     0    15     1    16
     -0.1683229459 a       297     0    15     1    17
     -0.3431326173 a       298     0    15     1    18
      0.2732882682 a       299     0    15     1    19
     -0.1219744022 a       300     0    15     1    20
     -0.0800953956 a       301     0    16     1     1
     -0.1594921418 a       302     0    16     1     2
     -0.0619789315 a       303     0    16     1     3
     -0.4408969480 a       304     0    16     1     4
     -0.4410676017 a       305     0    16     1     5
      0.3809330816 a       306     0    16     1     6
     -0.2458456825 a       307     0    16     1     7
     -0.0256426478 a       308     0    16     1     8
     -0.2720195728 a       309     0    16     1     9
      0.0726520013 a       310     0    16     1    10
     -0.4753105046 a       311     0    16     1    11
     -0.3589742258 a       312     0    16     1    12
     -0.1149076220 a       313     0    16     1    13
      0.1177590254 a       314     0    16     1    14
     -0.0337806866 a       315     0    16     1    15
      0.4670902962 a       316     0    16     1    16
      0.2854097946 a       317     0    16     1    17
      0.0394218643 a       318     0    16     1    18
      0.0908363086 a       319     0    16     1    19
      0.2101471521 a       320     0    16     1    20
      0.4260332323 a       321     0    17     1     1
      0.0027468155 a       322     0    17     1     2
     -0.2105328640 a       323     0    17     1     3
      0.3030354927 a       324     0    17     1     4
     -0.0245656905 a       325     0    17     1     5
      0.1857486321 a       326     0    17     1     6
     -0.1215871098 a       327     0    17     1     7
     -0.4136108625 a       328     0    17     1     8
      0.2960977343 a       329     0    17     1     9
     -0.2959728093 a       330     0    17     1    10
      0.2486871333 a       331     0    17     1    11
     -0.0574473504 a       332     0    17     1    12
      0.0393606625 a       333     0    17     1    13
      0.3104099117 a       334     0    17     1    14
     -0.4174223226 a       335     0    17     1    15
      0.1385690226 a       336     0    17     1    16
     -0.1343756491 a       337     0    17     1    17
     -0.3075074660 a       338     0    17     1    18
     -0.1697037540 a       339     0    17     1    19
      0.1482288170 a       340     0    17     1    20
     -0.0099983988 a       341     0    18     1     1
      0.4400718528 a       342     0    18     1     2
      0.4113894501 a       343     0    18     1     3
     -0.1326653677 a       344     0    18     1     4
      0.1646836831 a       345     0    18     1     5
     -0.3429890592 a       346     0    18     1     6
      0.1296491849 a       347     0    18     1     7
      0.2242613962 a       348     0    18     1     8
      0.4323051093 a       349     0    18     1     9
      0.0661165083 a       350     0    18     1    10
      0.4174597144 a       351     0    18     1    11
     -0.4167006384 a       352     0    18     1    12
     -0.4444325466 a       353     0    18     1    13
     -0.0875782004 a       354     0    18     1    14
      0.4385146843 a       355     0    18     1    15
     -0.2041179813 a       356     0    18     1    16
     -0.2598780978 a       357     0    18     1    17
      0.0820738198 a       358     0    18     1    18
      0.3777658443 a       359     0    18     1    19
      0.1328326530 a       360     0    18     1    20
     -0.3646182408 a       361     0    19     1     1
      0.0209919310 a       362     0    19     1     2
      0.2460136861 a       363     0    19     1     3
     -0.3233107130 a       364     0    19     1     4
     -0.1674478288 a       365     0    19     1     5
      0.2415710105 a       366     0    19     1     6
     -0.2207704996 a       367     0    19     1     7
     -0.0069979572 a       368     0    19     1     8
     -0.4892360091 a       369     0    19     1     9
     -0.1863758229 a       370     0    19     1    10
      0.4609524504 a       371     0    19     1    11
     -0.3458713384 a       372     0    19     1    12
      0.2550032198 a       373     0    19     1    13
      0.2899188798 a       374     0    19     1    14
      0.3599817284 a       375     0    19     1    15
     -0.3840006850 a       376     0    19     1    16
     -0.3541995239 a       377     0    19     1    17
      0.4231189600 a       378     0    19     1    18
      0.0796925325 a       379     0    19     1    19
      0.0202469516 a       380     0    19     1    20
     -0.3906401173 a       381     0    20     1     1
      0.4271641988 a       382     0    20     1     2
     -0.2189994536 a       383     0    20     1     3
      0.1156944705 a       384     0    20     1     4
     -0.2506780331 a       385     0    20     1     5
      0.3827309744 a       386     0    20     1     6
      0.3759536924 a       387     0    20     1     7
     -0.0275930084 a       388     0    20     1     8
     -0.1805873766 a       389     0    20     1     9
      0.3493440668 a       390     0    20     1    10
      0.1521732036 a       391     0    20     1    11
      0.3110023660 a       392     0    20     1    12
      0.3474490444 a       393     0    20     1    13
     -0.0824014624 a       394     0    20     1    14
      0.0891832731 a       395     0    20     1    15
      0.1327710520 a       396     0    20     1    16
      0.1413549615 a       397     0    20     1    17
     -0.4801289104 a       398     0    20     1    18
     -0.3512418436 a       399     0    20     1    19
     -0.3116715590 a       400     0    20     1    20
      0.4517551622 a       401     0    21     1     1
      0.2852303120 a       402     0    21     1     2
      0.0115759059 a       403     0    21     1     3
      0.2708270029 a       404     0    21     1     4
     -0.1128067156 a       405     0    21     1     5
      0.1935916019 a       406     0    21     1     6
      0.0765298365 a       407     0    21     1     7
      0.3518972175 a       408     0    21     1     8
     -0.0888807554 a       409     0    21     1     9
     -0.4551339100 a       410     0    21     1    10
      0.2979964293 a       411     0    21     1    11
      0.3269067677 a       412     0    21     1    12
     -0.3686864718 a       413     0    21     1    13
      0.0276466277 a       414     0    21     1    14
     -0.3364265352 a       415     0    21     1    15
      0.2993276470 a       416     0    21     1    16
     -0.3963974033 a       417     0    21     1    17
      0.1138581525 a       418     0    21     1    18
      0.0070331034 a       419     0    21     1    19
      0.2048105614 a       420     0    21     1    20
     -0.3891098615 a       421     0    22     1     1
     -0.1515009473 a       422     0    22     1     2
     -0.0645509143 a       423     0    22     1     3
     -0.0468448048 a       424     0    22     1     4
      0.1110486276 a       425     0    22     1     5
      0.1338899081 a       426     0    22     1     6
      0.4504682599 a       427     0    22     1     7
     -0.1642348385 a       428     0    22     1     8
      0.0584856142 a       429     0    22     1     9
     -0.0992696968 a       430     0    22     1    10
      0.3572479430 a       431     0    22     1    11
     -0.3102735273 a       432     0    22     1    12
      0.0462897332 a       433     0    22     1    13
     -0.2387016515 a       434     0    22     1    14
     -0.3035140072 a       435     0    22     1    15
     -0.2556581077 a       436     0    22     1    16
     -0.0556669404 a       437     0    22     1    17
      0.1771088732 a       438     0    22     1    18
      0.4659974103 a       439     0    22     1    19
      0.2376566502 a       440     0    22     1    20
      0.1720776093 a       441     0    23     1     1
      0.0985195912 a       442     0    23     1     2
      0.3742146357 a       443     0    23     1     3
     -0.4346120865 a       444     0    23     1     4
      0.4531754076 a       445     0    23     1     5
     -0.4244092756 a       446     0    23     1     6
      0.3475527076 a       447     0    23     1     7
     -0.0652625502 a       448     0    23     1     8
     -0.2927860272 a       449     0    23     1     9
      0.2731696027 a       450     0    23     1    10
      0.1438868985 a       451     0    23     1    11
     -0.3827518297 a       452     0    23     1    12
      0.1713281616 a       453     0    23     1    13
     -0.3533248281 a       454     0    23     1    14
     -0.4715936454 a       455     0    23     1    15
     -0.3699908666 a       456     0    23     1    16
     -0.2320029964 a       457     0    23     1    17
     -0.3559392679 a       458     0    23     1    18
     -0.1589202245 a       459     0    23     1    19
     -0.3812100708 a       460     0    23     1    20
      0.0237284758 a       461     0    24     1     1
      0.4292422028 a       462     0    24     1     2
      0.2415410326 a       463     0    24     1     3
     -0.2931459107 a       464     0    24     1     4
      0.0802120271 a       465     0    24     1     5
      0.1561316651 a       466     0    24     1     6
     -0.1205200099 a       467     0    24     1     7
      0.4803847336 a       468     0    24     1     8
      0.1145665572 a       469     0    24     1     9
      0.0967007808 a       470     0    24     1    10
     -0.2455434520 a       471     0    24     1    11
     -0.2235280193 a       472     0    24     1    12
      0.3005110919 a       473     0    24     1    13
     -0.1726582931 a       474     0    24     1    14
     -0.0456789538 a       475     0    24     1    15
     -0.3761499364 a       476     0    24     1    16
      0.3228362755 a       477     0    24     1    17
      0.4465091354 a       478     0    24     1    18
     -0.4181044564 a       479     0    24     1    19
     -0.4651653955 a       480     0    24     1    20
     -0.2220044728 a       481     0    25     1     1
     -0.2207427739 a       482     0    25     1     2
      0.0739017548 a       483     0    25     1     3
     -0.2170244356 a       484     0    25     1     4
     -0.2683524763 a       485     0    25     1     5
     -0.0318933406 a       486     0    25     1     6
     -0.1463669800 a       487     0    25     1     7
      0.4262067591 a       488     0    25     1     8
     -0.1518237504 a       489     0    25     1     9
     -0.3047499425 a       490     0    25     1    10
      0.3652933645 a       491     0    25     1    11
     -0.2524530783 a       492     0    25     1    12
      0.3380494908 a       493     0    25     1    13
      0.4139146813 a       494     0    25     1    14
      0.3075382699 a       495     0    25     1    15
     -0.3407467611 a       496     0    25     1    16
     -0.2902201367 a       497     0    25     1    17
      0.0720355883 a       498     0    25     1    18
      0.0549049774 a       499     0    25     1    19
      0.3405677688 a       500     0    25     1    20
      0.1268020790 a       501     0    26     1     1
      0.1508284660 a       502     0    26     1     2
      0.1560693631 a       503     0    26     1     3
     -0.3336009148 a       504     0    26     1     4
      0.1036509941 a       505     0    26     1     5
      0.2568312406 a       506     0    26     1     6
      0.4276505846 a       507     0    26     1     7
     -0.2585932141 a       508     0    26     1     8
      0.3398815959 a       509     0    26     1     9
     -0.0618055001 a       510     0    26     1    10
      0.1005428367 a       511     0    26     1    11
      0.3872165266 a       512     0    26     1    12
      0.0892741818 a       513     0    26     1    13
      0.3142740738 a       514     0    26     1    14
      0.4208703148 a       515     0    26     1    15
      0.2534877122 a       516     0    26     1    16
     -0.0811620877 a       517     0    26     1    17
      0.0470537412 a       518     0    26     1    18
     -0.4891155747 a       519     0    26     1    19
      0.1182051958 a       520     0    26     1    20
      0.3874848247 a       521     0    27     1     1
     -0.0213846454 a       522     0    27     1     2
      0.2442263681 a       523     0    27     1     3
     -0.0976016959 a       524     0    27     1     4
      0.0025862443 a       525     0    27     1     5
     -0.3835905016 a       526     0    27     1     6
      0.3713206401 a       527     0    27     1     7
      0.0747024658 a       528     0    27     1     8
     -0.1284333534 a       529     0    27     1     9
      0.0595988432 a       530     0    27     1    10
     -0.0478929107 a       531     0    27     1    11
     -0.2922550809 a       532     0    27     1    12
     -0.2805737932 a       533     0    27     1    13
      0.3923461344 a       534     0    27     1    14
      0.4032997163 a       535     0    27     1    15
     -0.0232463951 a       536     0    27     1    16
     -0.1264231793 a       537     0    27     1    17
     -0.4635203267 a       538     0    27     1    18
      0.1422379867 a       539     0    27     1    19
      0.4858368187 a       540     0    27     1    20
      0.1014029680 a       541     0    28     1     1
      0.3934690242 a       542     0    28     1     2
      0.1081855213 a       543     0    28     1     3
     -0.2109574286 a       544     0    28     1     4
     -0.2897291641 a       545     0    28     1     5
     -0.0332320659 a       546     0    28     1     6
      0.4169101564 a       547     0    28     1     7
      0.3390357413 a       548     0    28     1     8
      0.1393701963 a       549     0    28     1     9
      0.3936877106 a       550     0    28     1    10
      0.0678723836 a       551     0    28     1    11
     -0.3335496697 a       552     0    28     1    12
     -0.1474452532 a       553     0    28     1    13
     -0.3162640200 a       554     0    28     1    14
     -0.2176959902 a       555     0    28     1    15
     -0.0845000145 a       556     0    28     1    16
     -0.3399203490 a       557     0    28     1    17
      0.1264709977 a       558     0    28     1    18
      0.2090493207 a       559     0    28     1    19
      0.4573610631 a       560     0    28     1    20
      0.0060162405 a       561     0    29     1     1
      0.4031588869 a       562     0    29     1     2
      0.4610724147 a       563     0    29     1     3
     -0.2735398392 a       564     0    29     1     4
     -0.4942056747 a       565     0    29     1     5
     -0.1268532093 a       566     0    29     1     6
     -0.3479736186 a       567     0    29     1     7
      0.1346773345 a       568     0    29     1     8
     -0.4265567466 a       569     0    29     1     9
     -0.2868068678 a       570     0    29     1    10
      0.1938296563 a       571     0    29     1    11
      0.1579914018 a       572     0    29     1    12
     -0.0686303865 a       573     0    29     1    13
     -0.0557945157 a       574     0    29     1    14
     -0.2910575018 a       575     0    29     1    15
     -0.0131337359 a       576     0    29     1    16
     -0.0166647129 a       577     0    29     1    17
      0.0410968072 a       578     0    29     1    18
      0.1316380070 a       579     0    29     1    19
      0.2061775649 a       580     0    29     1    20
     -0.3448644182 a       581     0    30     1     1
      0.1232855237 a       582     0    30     1     2
     -0.4332660119 a       583     0    30     1     3
     -0.4274095252 a       584     0    30     1     4
      0.3934808072 a       585     0    30     1     5
     -0.3567723959 a       586     0    30     1     6
      0.2514470606 a       587     0    30     1     7
     -0.0774836892 a       588     0    30     1     8
      0.1719793268 a       589     0    30     1     9
      0.4466229796 a       590     0    30     1    10
     -0.1872664050 a       591     0    30     1    11
      0.3563038571 a       592     0    30     1    12
     -0.0957301193 a       593     0    30     1    13
      0.2871999871 a       594     0    30     1    14
      0.1418009799 a       595     0    30     1    15
     -0.2681419060 a       596     0    30     1    16
     -0.4492472311 a       597     0    30     1    17
      0.2855746746 a       598     0    30     1    18
     -0.1415247583 a       599     0    30     1    19
     -0.0291839555 a       600     0    30     1    20
      0.1256244008 a       601     0    31     1     1
      0.3644410609 a       602     0    31     1     2
      0.3495226622 a       603     0    31     1     3
     -0.1845110850 a       604     0    31     1     4
     -0.3295895778 a       605     0    31     1     5
      0.3535353872 a       606     0    31     1     6
      0.4395628898 a       607     0    31     1     7
      0.4356433601 a       608     0    31     1     8
     -0.0496079320 a       609     0    31     1     9
     -0.0455009499 a       610     0    31     1    10
      0.3774840817 a       611     0    31     1    11
      0.1301625151 a       612     0    31     1    12
     -0.2971831896 a       613     0    31     1    13
      0.0422695757 a       614     0    31     1    14
      0.2547067143 a       615     0    31     1    15
     -0.4479970865 a       616     0    31     1    16
      0.0469073857 a       617     0    31     1    17
      0.2736246337 a       618     0    31     1    18
      0.0478314771 a       619     0    31     1    19
     -0.0747606116 a       620     0    31     1    20
      1.2108280666 b       621     1     1
      0.8796596015 b       622     1     2
      0.2123749087 b       623     1     3
      0.5766895715 b       624     1     4
     -0.6998135393 b       625     1     5
      1.4820800676 b       626     1     6
     -0.9993571565 b       627     1     7
     -0.9101106171 b       628     1     8
     -0.0310891010 b       629     1     9
     -0.3260034734 b       630     1    10
      1.3929003298 b       631     1    11
     -0.2160333198 b       632     1    12
     -0.4006238410 b       633     1    13
     -0.9995912264 b       634     1    14
      0.3979002053 b       635     1    15
      0.6044308271 b       636     1    16
     -0.1970925169 b       637     1    17
     -0.3983672150 b       638     1    18
     -0.5637225476 b       639     1    19
     -0.2634682364 b       640     1    20
      0.1264048764 a       641     1     1     2     1
      0.4210017369 a       642     1     1     2     2
      0.3164134484 a       643     1     1     2     3
      0.4499603711 a       644     1     1     2     4
      0.2503479541 a       645     1     1     2     5
     -0.4133185843 a       646     1     1     2     6
      0.3524757571 a       647     1     1     2     7
      0.4836174686 a       648     1     1     2     8
      0.4060433847 a       649     1     1     2     9
     -0.2376097991 a       650     1     1     2    10
      0.4560882642 a       651     1     1     2    11
      0.0617752664 a       652     1     1     2    12
      0.5295581353 a       653     1     1     2    13
     -0.5749755743 a       654     1     1     2    14
     -0.6012763766 a       655     1     1     2    15
      0.4018771452 a       656     1     1     2    16
      0.2306869314 a       657     1     1     2    17
     -0.1894310989 a       658     1     1     2    18
      0.2761260742 a       659     1     1     2    19
      0.3577959728 a       660     1     1     2    20
     -0.3605313750 a       661     1     2     2     1
     -0.4675991899 a       662     1     2     2     2
     -0.0908685885 a       663     1     2     2     3
     -0.0612335693 a       664     1     2     2     4
      0.3093789635 a       665     1     2     2     5
      0.0070868775 a       666     1     2     2     6
     -0.4652831716 a       667     1     2     2     7
     -0.1248166164 a       668     1     2     2     8
     -0.5035793667 a       669     1     2     2     9
     -0.2320244605 a       670     1     2     2    10
      0.4187489813 a       671     1     2     2    11
      0.2952309011 a       672     1     2     2    12
      0.4748221001 a       673     1     2     2    13
      0.2180453295 a       674     1     2     2    14
      0.5840222875 a       675     1     2     2    15
     -0.2212172039 a       676     1     2     2    16
     -0.0432261666 a       677     1     2     2    17
     -0.2157992338 a       678     1     2     2    18
      0.6243080610 a       679     1     2     2    19
      0.0051636023 a       680     1     2     2    20
     -0.0280692313 a       681     1     3     2     1
     -0.5487658184 a       682     1     3     2     2
     -0.3210806892 a       683     1     3     2     3
      0.1841005655 a       684     1     3     2     4
      0.2299919027 a       685     1     3     2     5
      0.5518328690 a       686     1     3     2     6
      0.3744132114 a       687     1     3     2     7
     -0.4567767945 a       688     1     3     2     8
      0.5683178286 a       689     1     3     2     9
      0.4638589646 a       690     1     3     2    10
     -0.0555908093 a       691     1     3     2    11
     -0.4597191846 a       692     1     3     2    12
      0.1777452823 a       693     1     3     2    13
      0.2074640155 a       694     1     3     2    14
     -0.2450817826 a       695     1     3     2    15
      0.1263602532 a       696     1     3     2    16
     -0.3384178744 a       697     1     3     2    17
     -0.2359996025 a       698     1     3     2    18
     -0.1460729434 a       699     1     3     2    19
      0.5783784185 a       700     1     3     2    20
      0.3895281520 a       701     1     4     2     1
     -0.5758569984 a       702     1     4     2     2
     -0.5015667007 a       703     1     4     2     3
      0.4895350271 a       704     1     4     2     4
     -0.5320111475 a       705     1     4     2     5
     -0.5861960965 a       706     1     4     2     6
      0.2366929032 a       707     1     4     2     7
     -0.4537475683 a       708     1     4     2     8
     -0.5365515576 a       709     1     4     2     9
      0.0995380288 a       710     1     4     2    10
      0.1336532375 a       711     1     4     2    11
      0.5542078285 a       712     1     4     2    12
      0.4747496827 a       713     1     4     2    13
      0.3832330253 a       714     1     4     2    14
      0.4446820286 a       715     1     4     2    15
     -0.4479705092 a       716     1     4     2    16
     -0.4882726688 a       717     1     4     2    17
      0.2412675233 a       718     1     4     2    18
      0.0717679238 a       719     1     4     2    19
     -0.4697292816 a       720     1     4     2    20
      0.3621440724 a       721     1     5     2     1
     -0.4087017333 a       722     1     5     2     2
      0.0948755569 a       723     1     5     2     3
      0.5823245984 a       724     1     5     2     4
     -0.0111576624 a       725     1     5     2     5
      0.3387942415 a       726     1     5     2     6
      0.3611515015 a       727     1     5     2     7
      0.3441971527 a       728     1     5     2     8
     -0.4825201562 a       729     1     5     2     9
      0.3452926363 a       730     1     5     2    10
     -0.0722340093 a       731     1     5     2    11
     -0.0666413060 a       732     1     5     2    12
     -0.0074399641 a       733     1     5     2    13
     -0.0792406544 a       734     1     5     2    14
     -0.4275802962 a       735     1     5     2    15
      0.4049233920 a       736     1     5     2    16
      0.1412788819 a       737     1     5     2    17
      0.5829823909 a       738     1     5     2    18
      0.0199759073 a       739     1     5     2    19
     -0.6040119421 a       740     1     5     2    20
     -0.2473746370 a       741     1     6     2     1
     -0.3138932403 a       742     1     6     2     2
      0.3582231420 a       743     1     6     2     3
     -0.0777057734 a       744     1     6     2     4
      0.2174903382 a       745     1     6     2     5
      0.3737921769 a       746     1     6     2     6
     -0.5101985955 a       747     1     6     2     7
     -0.2634863391 a       748     1     6     2     8
      0.2804503794 a       749     1     6     2     9
      0.1916221696 a       750     1     6     2    10
      0.3356250536 a       751     1     6     2    11
     -0.3310447395 a       752     1     6     2    12
     -0.4155118097 a       753     1     6     2    13
      0.4840372164 a       754     1     6     2    14
     -0.2789719472 a       755     1     6     2    15
     -0.1878421690 a       756     1     6     2    16
     -0.3525882179 a       757     1     6     2    17
      0.6048452207 a       758     1     6     2    18
      0.4403145804 a       759     1     6     2    19
     -0.1930958768 a       760     1     6     2    20
     -0.0912754558 a       761     1     7     2     1
     -0.2556091915 a       762     1     7     2     2
     -0.1089061768 a       763     1     7     2     3
      0.2682874388 a       764     1     7     2     4
     -0.1461126847 a       765     1     7     2     5
     -0.2464469184 a       766     1     7     2     6
      0.2658742543 a       767     1     7     2     7
      0.3377205152 a       768     1     7     2     8
     -0.1834916115 a       769     1     7     2     9
     -0.0203495722 a       770     1     7     2    10
     -0.0845575512 a       771     1     7     2    11
     -0.4368481653 a       772     1     7     2    12
      0.4997950205 a       773     1     7     2    13
     -0.0037898566 a       774     1     7     2    14
     -0.0302402493 a       775     1     7     2    15
     -0.2870711472 a       776     1     7     2    16
     -0.2611433277 a       777     1     7     2    17
      0.1034054327 a       778     1     7     2    18
      0.5264860444 a       779     1     7     2    19
     -0.0971963073 a       780     1     7     2    20
      0.5870205922 a       781     1     8     2     1
     -0.5686416762 a       782     1     8     2     2
     -0.5137082387 a       783     1     8     2     3
      0.2502646413 a       784     1     8     2     4
      0.3932237966 a       785     1     8     2     5
      0.5678119467 a       786     1     8     2     6
     -0.0491965664 a       787     1     8     2     7
     -0.5291367667 a       788     1     8     2     8
      0.0777007980 a       789     1     8     2     9
      0.0538960121 a       790     1     8     2    10
     -0.1057770895 a       791     1     8     2    11
     -0.2896145345 a       792     1     8     2    12
      0.4589961748 a       793     1     8     2    13
      0.2077390261 a       794     1     8     2    14
     -0.2269185654 a       795     1     8     2    15
     -0.0557595041 a       796     1     8     2    16
      0.1208227131 a       797     1     8     2    17
      0.2082802401 a       798     1     8     2    18
     -0.0528591581 a       799     1     8     2    19
      0.4913590515 a       800     1     8     2    20
     -0.1050232083 a       801     1     9     2     1
      0.0919364791 a       802     1     9     2     2
     -0.2846706349 a       803     1     9     2     3
     -0.6250111160 a       804     1     9     2     4
      0.3962414420 a       805     1     9     2     5
      0.3158466874 a       806     1     9     2     6
     -0.2141952134 a       807     1     9     2     7
     -0.0995422461 a       808     1     9     2     8
     -0.3154456611 a       809     1     9     2     9
      0.1872223162 a       810     1     9     2    10
     -0.1961028378 a       811     1     9     2    11
     -0.2235513939 a       812     1     9     2    12
     -0.1728079396 a       813     1     9     2    13
     -0.3811556268 a       814     1     9     2    14
      0.5812403753 a       815     1     9     2    15
      0.6005709246 a       816     1     9     2    16
      0.6012225104 a       817     1     9     2    17
     -0.1393582245 a       818     1     9     2    18
      0.1325237059 a       819     1     9     2    19
      0.5740847953 a       820     1     9     2    20
      0.4361664969 a       821     1    10     2     1
      0.4316533721 a       822     1    10     2     2
     -0.1131067457 a       823     1    10     2     3
     -0.1505626261 a       824     1    10     2     4
     -0.5728062389 a       825     1    10     2     5
     -0.0098586048 a       826     1    10     2     6
      0.5827010351 a       827     1    10     2     7
      0.1497486388 a       828     1    10     2     8
     -0.0386667132 a       829     1    10     2     9
     -0.0868660637 a       830     1    10     2    10
      0.2820524460 a       831     1    10     2    11
     -0.1170949240 a       832     1    10     2    12
      0.3389261560 a       833     1    10     2    13
      0.1618638190 a       834     1    10     2    14
      0.2359645654 a       835     1    10     2    15
      0.3252646736 a       836     1    10     2    16
      0.6102258469 a       837     1    10     2    17
      0.4174248185 a       838     1    10     2    18
      0.3763679214 a       839     1    10     2    19
     -0.5371249947 a       840     1    10     2    20
      0.5857444184 a       841     1    11     2     1
     -0.0722629388 a       842     1    11     2     2
     -0.0545417269 a       843     1    11     2     3
     -0.1822242470 a       844     1    11     2     4
     -0.5546810186 a       845     1    11     2     5
      0.6036897545 a       846     1    11     2     6
     -0.4158013841 a       847     1    11     2     7
     -0.5799319190 a       848     1    11     2     8
     -0.1392493156 a       849     1    11     2     9
      0.4663328088 a       850     1    11     2    10
     -0.6493846611 a       851     1    11     2    11
     -0.2038732183 a       852     1    11     2    12
     -0.2592294666 a       853     1    11     2    13
     -0.3990125415 a       854     1    11     2    14
     -0.1589808665 a       855     1    11     2    15
     -0.2434697483 a       856     1    11     2    16
     -0.4732780617 a       857     1    11     2    17
      0.5910220577 a       858     1    11     2    18
      0.0560178527 a       859     1    11     2    19
      0.0915723690 a       860     1    11     2    20
      0.0853495980 a       861     1    12     2     1
     -0.2337410373 a       862     1    12     2     2
     -0.4648024889 a       863     1    12     2     3
     -0.2509828010 a       864     1    12     2     4
      0.4646360754 a       865     1    12     2     5
     -0.3748977324 a       866     1    12     2     6
      0.3661137332 a       867     1    12     2     7
     -0.5391658306 a       868     1    12     2     8
      0.4542756969 a       869     1    12     2     9
      0.4127829405 a       870     1    12     2    10
      0.0882088765 a       871     1    12     2    11
      0.4599359715 a       872     1    12     2    12
      0.0606767830 a       873     1    12     2    13
      0.0556580884 a       874     1    12     2    14
      0.2082771697 a       875     1    12     2    15
     -0.5273921325 a       876     1    12     2    16
      0.0021555422 a       877     1    12     2    17
     -0.2925556188 a       878     1    12     2    18
      0.4618848726 a       879     1    12     2    19
      0.4258988453 a       880     1    12     2    20
     -0.2032002392 a       881     1    13     2     1
      0.3141070550 a       882     1    13     2     2
     -0.2468054261 a       883     1    13     2     3
      0.3467055062 a       884     1    13     2     4
     -0.1153412457 a       885     1    13     2     5
      0.0137951455 a       886     1    13     2     6
      0.4799652238 a       887     1    13     2     7
      0.2149251410 a       888     1    13     2     8
      0.5714513962 a       889     1    13     2     9
     -0.3596952161 a       890     1    13     2    10
     -0.4992118565 a       891     1    13     2    11
      0.4592177270 a       892     1    13     2    12
      0.0675308198 a       893     1    13     2    13
      0.1702404882 a       894     1    13     2    14
      0.3901893752 a       895     1    13     2    15
     -0.0602045243 a       896     1    13     2    16
      0.3619266218 a       897     1    13     2    17
     -0.6362864413 a       898     1    13     2    18
      0.4893515084 a       899     1    13     2    19
     -0.0812706337 a       900     1    13     2    20
      0.4259152310 a       901     1    14     2     1
      0.0393946468 a       902     1    14     2     2
     -0.4029666845 a       903     1    14     2     3
     -0.0591979547 a       904     1    14     2     4
      0.0449540248 a       905     1    14     2     5
     -0.0234524179 a       906     1    14     2     6
      0.5600734146 a       907     1    14     2     7
     -0.2467972648 a       908     1    14     2     8
     -0.4484889632 a       909     1    14     2     9
      0.5397044545 a       910     1    14     2    10
      0.3939649592 a       911     1    14     2    11
      0.2808557581 a       912     1    14     2    12
     -0.1733316639 a       913     1    14     2    13
     -0.2334626560 a       914     1    14     2    14
     -0.1882142752 a       915     1    14     2    15
      0.5328367621 a       916     1    14     2    16
      0.1497339740 a       917     1    14     2    17
     -0.1770376283 a       918     1    14     2    18
      0.3325903251 a       919     1    14     2    19
      0.0546979746 a       920     1    14     2    20
      0.4122664867 a       921     1    15     2     1
      0.4335278142 a       922     1    15     2     2
     -0.5183243139 a       923     1    15     2     3
      0.0750616252 a       924     1    15     2     4
     -0.4695111259 a       925     1    15     2     5
     -0.1289742187 a       926     1    15     2     6
      0.0650072817 a       927     1    15     2     7
      0.3469522763 a       928     1    15     2     8
      0.0615012003 a       929     1    15     2     9
     -0.4949199847 a       930     1    15     2    10
      0.6823240684 a       931     1    15     2    11
     -0.4698420775 a       932     1    15     2    12
     -0.0663926188 a       933     1    15     2    13
     -0.5299680169 a       934     1    15     2    14
     -0.3053689059 a       935     1    15     2    15
      0.4300642607 a       936     1    15     2    16
     -0.2681810792 a       937     1    15     2    17
      0.4332285352 a       938     1    15     2    18
     -0.0484268091 a       939     1    15     2    19
     -0.4953400704 a       940     1    15     2    20
      0.1476740715 a       941     1    16     2     1
     -0.5045411027 a       942     1    16     2     2
     -0.4795978568 a       943     1    16     2     3
     -0.2344316964 a       944     1    16     2     4
      0.5138117294 a       945     1    16     2     5
     -0.0425790581 a       946     1    16     2     6
      0.1163159898 a       947     1    16     2     7
     -0.5019068030 a       948     1    16     2     8
      0.0663811967 a       949     1    16     2     9
      0.2201986701 a       950     1    16     2    10
     -0.1288756130 a       951     1    16     2    11
     -0.4615631432 a       952     1    16     2    12
      0.3065988556 a       953     1    16     2    13
      0.3042366698 a       954     1    16     2    14
     -0.6632981512 a       955     1    16     2    15
     -0.1918715600 a       956     1    16     2    16
     -0.4715381023 a       957     1    16     2    17
     -0.3111820981 a       958     1    16     2    18
     -0.3283789457 a       959     1    16     2    19
     -0.0256308023 a       960     1    16     2    20
      0.5213818123 a       961     1    17     2     1
      0.2128525322 a       962     1    17     2     2
      0.4576120012 a       963     1    17     2     3
      0.3760077692 a       964     1    17     2     4
     -0.5010766324 a       965     1    17     2     5
      0.3852392656 a       966     1    17     2     6
     -0.1213634150 a       967     1    17     2     7
      0.1064937396 a       968     1    17     2     8
      0.4285168113 a       969     1    17     2     9
     -0.4458652893 a       970     1    17     2    10
      0.0891085870 a       971     1    17     2    11
      0.2320677024 a       972     1    17     2    12
      0.3815116955 a       973     1    17     2    13
      0.6008393987 a       974     1    17     2    14
      0.1771891372 a       975     1    17     2    15
     -0.4762918019 a       976     1    17     2    16
      0.5597405183 a       977     1    17     2    17
      0.2771264108 a       978     1    17     2    18
      0.4581770631 a       979     1    17     2    19
      0.0972320948 a       980     1    17     2    20
     -0.0091569164 a       981     1    18     2     1
     -0.2906223401 a       982     1    18     2     2
     -0.4695422838 a       983     1    18     2     3
     -0.5889676997 a       984     1    18     2     4
     -0.4135826537 a       985     1    18     2     5
      0.4866221582 a       986     1    18     2     6
      0.1415581756 a       987     1    18     2     7
      0.0859592898 a       988     1    18     2     8
     -0.0664067649 a       989     1    18     2     9
     -0.5739838893 a       990     1    18     2    10
     -0.6231257576 a       991     1    18     2    11
     -0.3649058805 a       992     1    18     2    12
      0.4459703844 a       993     1    18     2    13
     -0.5407941917 a       994     1    18     2    14
     -0.2699892495 a       995     1    18     2    15
      0.4653659273 a       996     1    18     2    16
     -0.3436863393 a       997     1    18     2    17
     -0.0159819230 a       998     1    18     2    18
     -0.5884013564 a       999     1    18     2    19
      0.0019631237 a      1000     1    18     2    20
      0.4681771152 a      1001     1    19     2     1
     -0.0767147626 a      1002     1    19     2     2
     -0.4927118746 a      1003     1    19     2     3
      0.4464971090 a      1004     1    19     2     4
      0.0360020826 a      1005     1    19     2     5
      0.1483553117 a      1006     1    19     2     6
      0.3048327239 a      1007     1    19     2     7
     -0.4519126884 a      1008     1    19     2     8
      0.1961641927 a      1009     1    19     2     9
      0.5074174291 a      1010     1    19     2    10
     -0.4484876537 a      1011     1    19     2    11
      0.5459398597 a      1012     1    19     2    12
      0.5953197871 a      1013     1    19     2    13
     -0.5709570256 a      1014     1    19     2    14
     -0.1277240498 a      1015     1    19     2    15
      0.3000337201 a      1016     1    19     2    16
      0.2519414214 a      1017     1    19     2    17
      0.4898789064 a      1018     1    19     2    18
      0.3039127320 a      1019     1    19     2    19
      0.1941684041 a      1020     1    19     2    20
      0.5892620745 a      1021     1    20     2     1
      0.1889849443 a      1022     1    20     2     2
     -0.2589481233 a      1023     1    20     2     3
      0.5508120438 a      1024     1    20     2     4
      0.0062709218 a      1025     1    20     2     5
     -0.3970419069 a      1026     1    20     2     6
     -0.5081002156 a      1027     1    20     2     7
     -0.1828569341 a      1028     1    20     2     8
     -0.4222365812 a      1029     1    20     2     9
      0.4651572478 a      1030     1    20     2    10
      0.2648486919 a      1031     1    20     2    11
     -0.3463414905 a      1032     1    20     2    12
      0.4563122558 a      1033     1    20     2    13
      0.1333842662 a      1034     1    20     2    14
     -0.2540116085 a      1035     1    20     2    15
     -0.2801832016 a      1036     1    20     2    16
      0.3148106414 a      1037     1    20     2    17
     -0.1427264066 a      1038     1    20     2    18
      0.4384353916 a      1039     1    20     2    19
      0.4435114098 a      1040     1    20     2    20
      0.7053586722 b      1041     2     1
      0.7813967332 b      1042     2     2
     -1.1138698418 b      1043     2     3
      0.1677926875 b      1044     2     4
     -0.6800270515 b      1045     2     5
      1.3523205541 b      1046     2     6
      0.0884939348 b      1047     2     7
     -0.1695525073 b      1048     2     8
      0.3796882848 b      1049     2     9
      1.5837646812 b      1050     2    10
     -0.5605710699 b      1051     2    11
      1.2349480511 b      1052     2    12
      1.1613270922 b      1053     2    13
     -1.2538680835 b      1054     2    14
      0.4274261509 b      1055     2    15
      0.6231193090 b      1056     2    16
     -0.5833903633 b      1057     2    17
      1.0971576911 b      1058     2    18
     -0.2545165953 b      1059     2    19
      1.4731237917 b      1060     2    20
      0.0049352834 a      1061     2     1     3     1
     -0.0111527860 a      1062     2     2     3     1
      0.0038382582 a      1063     2     3     3     1
     -0.0079254430 a      1064     2     4     3     1
     -0.0015633157 a      1065     2     5     3     1
     -0.0068565010 a      1066     2     6     3     1
     -0.0387438072 a      1067     2     7     3     1
     -0.0109702796 a      1068     2     8     3     1
      0.0077801197 a      1069     2     9     3     1
      0.0063467025 a      1070     2    10     3     1
      0.0070160826 a      1071     2    11     3     1
      0.0016253460 a      1072     2    12     3     1
      0.0023951013 a      1073     2    13     3     1
     -0.0077758279 a      1074     2    14     3     1
     -0.0068213108 a      1075     2    15     3     1
      0.0088147774 a      1076     2    16     3     1
      0.0384297481 a      1077     2    17     3     1
      0.0045568040 a      1078     2    18     3     1
      0.0126968839 a      1079     2    19     3     1
      0.0038307964 a      1080     2    20     3     1
     19.6505474790 b      1081     3     1
