     -0.0053955080 a         1     0     1     1     1
     -0.1736535950 a         2     0     1     1     2
     -0.0842135207 a         3     0     1     1     3
     -0.0275474661 a         4     0     1     1     4
      0.4461007999 a         5     0     1     1     5
     -0.1396185818 a         6     0     1     1     6
     -0.0543806612 a         7     0     1     1     7
     -0.0598596627 a         8     0     1     1     8
     -0.0383141889 a         9     0     1     1     9
      0.4472051270 a        10     0     1     1    10
      0.1113338831 a        11     0     1     1    11
      0.1294665059 a        12     0     1     1    12
     -0.4004418233 a        13     0     1     1    13
     -0.1111993824 a        14     0     1     1    14
     -0.2187043528 a        15     0     1     1    15
      0.0625136057 a        16     0     1     1    16
     -0.1956587606 a        17     0     1     1    17
      0.0803932233 a        18     0     1     1    18
      0.2820098171 a        19     0     1     1    19
     -0.2151936634 a        20     0     1     1    20
      0.1579973945 a        21     0     2     1     1
     -0.0567713256 a        22     0     2     1     2
      0.2924757175 a        23     0     2     1     3
      0.2321896171 a        24     0     2     1     4
     -0.1040433356 a        25     0     2     1     5
      0.4093013354 a        26     0     2     1     6
      0.3510496057 a        27     0     2     1     7
      0.3273896701 a        28     0     2     1     8
      0.3699488586 a        29     0     2     1     9
     -0.0935845013 a        30     0     2     1    10
      0.2747866196 a        31     0     2     1    11
     -0.4229645442 a        32     0     2     1    12
      0.2768572674 a        33     0     2     1    13
      0.0402479277 a        34     0     2     1    14
      0.2668218028 a        35     0     2     1    15
     -0.1986108387 a        36     0     2     1    16
      0.2279174800 a        37     0     2     1    17
     -0.1734085126 a        38     0     2     1    18
      0.4250258989 a        39     0     2     1    19
      0.4909902756 a        40     0     2     1    20
      0.0458583675 a        41     0     3     1     1
     -0.2088967125 a        42     0     3     1     2
     -0.1048782588 a        43     0     3     1     3
      0.0505118705 a        44     0     3     1     4
      0.4777737884 a        45     0     3     1     5
     -0.2664890382 a        46     0     3     1     6
     -0.3982522578 a        47     0     3     1     7
      0.3362176121 a        48     0     3     1     8
     -0.1961154416 a        49     0     3     1     9
      0.3971670419 a        50     0     3     1    10
     -0.0499437630 a        51     0     3     1    11
      0.0457223258 a        52     0     3     1    12
     -0.2700790111 a        53     0     3     1    13
      0.3182471896 a        54     0     3     1    14
     -0.0826427610 a        55     0     3     1    15
      0.3669851701 a        56     0     3     1    16
     -0.4401738189 a        57     0     3     1    17
      0.3286351296 a        58     0     3     1    18
      0.0387953511 a        59     0     3     1    19
      0.0509524278 a        60     0     3     1    20
      0.0815958343 a        61     0     4     1     1
     -0.1687541510 a        62     0     4     1     2
      0.0840700474 a        63     0     4     1     3
     -0.4394408808 a        64     0     4     1     4
     -0.0467453343 a        65     0     4     1     5
      0.3637129397 a        66     0     4     1     6
     -0.1062512181 a        67     0     4     1     7
      0.1269395799 a        68     0     4     1     8
      0.1947539052 a        69     0     4     1     9
     -0.4603825340 a        70     0     4     1    10
     -0.1661575910 a        71     0     4     1    11
     -0.0604998372 a        72     0     4     1    12
      0.0183585366 a        73     0     4     1    13
     -0.0558257830 a        74     0     4     1    14
      0.0155611238 a        75     0     4     1    15
      0.0458740551 a        76     0     4     1    16
     -0.0218478313 a        77     0     4     1    17
     -0.0179812306 a        78     0     4     1    18
      0.3480958912 a        79     0     4     1    19
      0.0616037315 a        80     0     4     1    20
     -0.2794422340 a        81     0     5     1     1
     -0.4100992453 a        82     0     5     1     2
     -0.3588936369 a        83     0     5     1     3
     -0.1696269004 a        84     0     5     1     4
      0.3508109254 a        85     0     5     1     5
      0.0737337796 a        86     0     5     1     6
      0.2376414910 a        87     0     5     1     7
     -0.1116911172 a        88     0     5     1     8
      0.3540885664 a        89     0     5     1     9
     -0.1916684631 a        90     0     5     1    10
      0.1399876330 a        91     0     5     1    11
      0.1273024072 a        92     0     5     1    12
     -0.2104252865 a        93     0     5     1    13
     -0.1504111626 a        94     0     5     1    14
      0.0772451682 a        95     0     5     1    15
     -0.0298636502 a        96     0     5     1    16
     -0.3251982698 a        97     0     5     1    17
      0.0271046275 a        98     0     5     1    18
     -0.1267448241 a        99     0     5     1    19
      0.3361913262 a       100     0     5     1    20
     -0.4132723254 a       101     0     6     1     1
     -0.3740878688 a       102     0     6     1     2
      0.1413732923 a       103     0     6     1     3
     -0.3053937593 a       104     0     6     1     4
     -0.1309247193 a       105     0     6     1     5
     -0.3258846226 a       106     0     6     1     6
     -0.1082552534 a       107     0     6     1     7
     -0.0777484915 a       108     0     6     1     8
      0.4303748661 a       109     0     6     1     9
     -0.2883355872 a       110     0     6     1    10
     -0.1295069275 a       111     0     6     1    11
     -0.4265463085 a       112     0     6     1    12
      0.3519345550 a       113     0     6     1    13
     -0.3917897526 a       114     0     6     1    14
      0.2811612523 a       115     0     6     1    15
      0.1123916161 a       116     0     6     1    16
     -0.1219774384 a       117     0     6     1    17
      0.1708235797 a       118     0     6     1    18
     -0.1797307176 a       119     0     6     1    19
      0.4279593244 a       120     0     6     1    20
     -0.4425468618 a       121     0     7     1     1
     -0.1107687423 a       122     0     7     1     2
     -0.0795671244 a       123     0     7     1     3
      0.1251581434 a       124     0     7     1     4
     -0.3835649792 a       125     0     7     1     5
      0.1082651679 a       126     0     7     1     6
      0.0312794580 a       127     0     7     1     7
      0.2628325025 a       128     0     7     1     8
      0.2215212122 a       129     0     7     1     9
      0.0629055247 a       130     0     7     1    10
      0.3226717880 a       131     0     7     1    11
      0.3594869048 a       132     0     7     1    12
      0.0423883507 a       133     0     7     1    13
      0.4465482208 a       134     0     7     1    14
      0.1113445430 a       135     0     7     1    15
      0.2079126082 a       136     0     7     1    16
      0.0997471123 a       137     0     7     1    17
     -0.4930898891 a       138     0     7     1    18
     -0.2185518404 a       139     0     7     1    19
      0.1916214807 a       140     0     7     1    20
     -0.4131613267 a       141     0     8     1     1
      0.2331849292 a       142     0     8     1     2
     -0.4414968972 a       143     0     8     1     3
     -0.3301251490 a       144     0     8     1     4
     -0.0511081518 a       145     0     8     1     5
      0.1953716815 a       146     0     8     1     6
      0.2320215360 a       147     0     8     1     7
      0.2875523808 a       148     0     8     1     8
     -0.2999930460 a       149     0     8     1     9
     -0.1402261568 a       150     0     8     1    10
      0.3190655608 a       151     0     8     1    11
     -0.0329256079 a       152     0     8     1    12
      0.4542214568 a       153     0     8     1    13
     -0.1036744089 a       154     0     8     1    14
     -0.1905632065 a       155     0     8     1    15
     -0.0063769364 a       156     0     8     1    16
     -0.4330529711 a       157     0     8     1    17
      0.1826243902 a       158     0     8     1    18
     -0.4947958349 a       159     0     8     1    19
     -0.1594004935 a       160     0     8     1    20
     -0.4161295610 a       161     0     9     1     1
      0.2738881672 a       162     0     9     1     2
     -0.1391941183 a       163     0     9     1     3
      0.0801693441 a       164     0     9     1     4
     -0.2711490762 a       165     0     9     1     5
     -0.2854276672 a       166     0     9     1     6
     -0.3615914207 a       167     0     9     1     7
     -0.3976723753 a       168     0     9     1     8
     -0.4806241944 a       169     0     9     1     9
     -0.3429139130 a       170     0     9     1    10
     -0.4506200818 a       171     0     9     1    11
     -0.1752032105 a       172     0     9     1    12
      0.4398695692 a       173     0     9     1    13
      0.4875877230 a       174     0     9     1    14
     -0.4198271698 a       175     0     9     1    15
      0.3799745594 a       176     0     9     1    16
      0.3519635178 a       177     0     9     1    17
     -0.3722247176 a       178     0     9     1    18
     -0.3255270168 a       179     0     9     1    19
     -0.2751351654 a       180     0     9     1    20
     -0.0693702911 a       181     0    10     1     1
      0.1373145662 a       182     0    10     1     2
     -0.2369836300 a       183     0    10     1     3
      0.3530725125 a       184     0    10     1     4
     -0.0525731541 a       185     0    10     1     5
     -0.3015750676 a       186     0    10     1     6
     -0.0265696489 a       187     0    10     1     7
      0.1011408067 a       188     0    10     1     8
     -0.3378521442 a       189     0    10     1     9
     -0.2015109523 a       190     0    10     1    10
     -0.3271864147 a       191     0    10     1    11
     -0.1809318549 a       192     0    10     1    12
      0.1819740766 a       193     0    10     1    13
     -0.4408693347 a       194     0    10     1    14
     -0.3240348569 a       195     0    10     1    15
      0.1248570020 a       196     0    10     1    16
      0.2570213901 a       197     0    10     1    17
     -0.0230652635 a       198     0    10     1    18
     -0.1990095385 a       199     0    10     1    19
     -0.3745485934 a       200     0    10     1    20
      0.1239117449 a       201     0    11     1     1
     -0.0772357594 a       202     0    11     1     2
     -0.4320243804 a       203     0    11     1     3
     -0.2667656497 a       204     0    11     1     4
      0.1860028268 a       205     0    11     1     5
     -0.1027931012 a       206     0    11     1     6
     -0.2914856990 a       207     0    11     1     7
     -0.0826696112 a       208     0    11     1     8
     -0.3992101506 a       209     0    11     1     9
      0.0260204305 a       210     0    11     1    10
     -0.1790194091 a       211     0    11     1    11
     -0.0512709999 a       212     0    11     1    12
      0.3205599353 a       213     0    11     1    13
      0.1737129443 a       214     0    11     1    14
      0.0664046756 a       215     0    11     1    15
      0.3795858998 a       216     0    11     1    16
     -0.4441666816 a       217     0    11     1    17
      0.4817980125 a       218     0    11     1    18
     -0.0056761126 a       219     0    11     1    19
     -0.4493491879 a       220     0    11     1    20
     -0.0461091104 a       221     0    12     1     1
      0.2842522248 a       222     0    12     1     2
     -0.0877370358 a       223     0    12     1     3
     -0.4237623573 a       224     0    12     1     4
      0.1511650440 a       225     0    12     1     5
     -0.3846837818 a       226     0    12     1     6
      0.0693774630 a       227     0    12     1     7
      0.4822378973 a       228     0    12     1     8
      0.1175202073 a       229     0    12     1     9
      0.1095929717 a       230     0    12     1    10
      0.1606905989 a       231     0    12     1    11
      0.3421405858 a       232     0    12     1    12
      0.4323015764 a       233     0    12     1    13
      0.2530351615 a       234     0    12     1    14
      0.1567589219 a       235     0    12     1    15
     -0.4402681173 a       236     0    12     1    16
     -0.2934979635 a       237     0    12     1    17
     -0.3070560691 a       238     0    12     1    18
      0.4306243425 a       239     0    12     1    19
      0.1456241971 a       240     0    12     1    20
     -0.2283474327 a       241     0    13     1     1
     -0.3025142911 a       242     0    13     1     2
     -0.2007366129 a       243     0    13     1     3
      0.2759303475 a       244     0    13     1     4
      0.4204797680 a       245     0    13     1     5
     -0.2688285939 a       246     0    13     1     6
      0.2895543337 a       247     0    13     1     7
      0.1180579970 a       248     0    13     1     8
      0.0592599529 a       249     0    13     1     9
     -0.0863755144 a       250     0    13     1    10
      0.2848218769 a       251     0    13     1    11
      0.0529170266 a       252     0    13     1    12
     -0.4217303298 a       253     0    13     1    13
     -0.2691628083 a       254     0    13     1    14
      0.2294172297 a       255     0    13     1    15
      0.2884528676 a       256     0    13     1    16
     -0.4013284214 a       257     0    13     1    17
      0.0602004216 a       258     0    13     1    18
     -0.3288742773 a       259     0    13     1    19
     -0.0887602847 a       260     0    13     1    20
      0.4234314816 a       261     0    14     1     1
     -0.2701850203 a       262     0    14     1     2
      0.4781397862 a       263     0    14     1     3
     -0.3736302971 a       264     0    14     1     4
     -0.1479950831 a       265     0    14     1     5
      0.1095730436 a       266     0    14     1     6
     -0.3589033458 a       267     0    14     1     7
      0.3595005454 a       268     0    14     1     8
      0.0930904299 a       269     0    14     1     9
     -0.3872233434 a       270     0    14     1    10
     -0.3417732010 a       271     0    14     1    11
      0.3140082337 a       272     0    14     1    12
     -0.0934545459 a       273     0    14     1    13
      0.1351710928 a       274     0    14     1    14
     -0.4017019890 a       275     0    14     1    15
      0.4677624563 a       276     0    14     1    16
     -0.2426556809 a       277     0    14     1    17
     -0.2281276071 a       278     0    14     1    18
      0.2684514082 a       279     0    14     1    19
      0.0101891685 a       280     0    14     1    20
     -0.2826091516 a       281     0    15     1     1
     -0.5548473187 a       282     0    15     1     2
      0.4741903784 a       283     0    15     1     3
      0.1257938686 a       284     0    15     1     4
     -0.2942876791 a       285     0    15     1     5
      0.4223037752 a       286     0    15     1     6
      0.0496676417 a       287     0    15     1     7
     -0.4710618971 a       288     0    15     1     8
      0.2535485161 a       289     0    15     1     9
      0.4871014680 a       290     0    15     1    10
      0.2871558231 a       291     0    15     1    11
     -0.2410399786 a       292     0    15     1    12
     -0.0336409227 a       293     0    15     1    13
     -0.4701051671 a       294     0    15     1    14
     -0.0400699951 a       295     0    15     1    15
     -0.0314305818 a       296     0    15     1    16
     -0.1684888290 a       297     0    15     1    17
     -0.3492425388 a       298     0    15     1    18
      0.2710391380 a       299     0    15     1    19
     -0.1231537007 a       300     0    15     1    20
     -0.0808469705 a       301     0    16     1     1
     -0.1600725978 a       302     0    16     1     2
     -0.0612146459 a       303     0    16     1     3
     -0.4365217468 a       304     0    16     1     4
     -0.4404726377 a       305     0    16     1     5
      0.3792020970 a       306     0    16     1     6
     -0.2455727468 a       307     0    16     1     7
     -0.0270596730 a       308     0    16     1     8
     -0.2793277145 a       309     0    16     1     9
      0.0639536358 a       310     0    16     1    10
     -0.4783511165 a       311     0    16     1    11
     -0.3669758516 a       312     0    16     1    12
     -0.1117493209 a       313     0    16     1    13
      0.1099613015 a       314     0    16     1    14
     -0.0307048104 a       315     0    16     1    15
      0.4690625359 a       316     0    16     1    16
      0.2796612831 a       317     0    16     1    17
      0.0476779768 a       318     0    16     1    18
      0.0801410786 a       319     0    16     1    19
      0.2043317604 a       320     0    16     1    20
      0.4294286252 a       321     0    17     1     1
      0.0037807088 a       322     0    17     1     2
     -0.2077056669 a       323     0    17     1     3
      0.3028463778 a       324     0    17     1     4
     -0.0225545181 a       325     0    17     1     5
      0.1882345707 a       326     0    17     1     6
     -0.1218120173 a       327     0    17     1     7
     -0.4109547519 a       328     0    17     1     8
      0.2966149314 a       329     0    17     1     9
     -0.2938012601 a       330     0    17     1    10
      0.2488068037 a       331     0    17     1    11
     -0.0566626117 a       332     0    17     1    12
      0.0359392086 a       333     0    17     1    13
      0.3146896811 a       334     0    17     1    14
     -0.4157020094 a       335     0    17     1    15
      0.1391814226 a       336     0    17     1    16
     -0.1342932687 a       337     0    17     1    17
     -0.3088347786 a       338     0    17     1    18
     -0.1668486749 a       339     0    17     1    19
      0.1510748221 a       340     0    17     1    20
     -0.0054754284 a       341     0    18     1     1
      0.4417669380 a       342     0    18     1     2
      0.4144996404 a       343     0    18     1     3
     -0.1326400820 a       344     0    18     1     4
      0.1667440784 a       345     0    18     1     5
     -0.3392613848 a       346     0    18     1     6
      0.1292319679 a       347     0    18     1     7
      0.2271693885 a       348     0    18     1     8
      0.4345055112 a       349     0    18     1     9
      0.0675273899 a       350     0    18     1    10
      0.4190407772 a       351     0    18     1    11
     -0.4151321503 a       352     0    18     1    12
     -0.4490332732 a       353     0    18     1    13
     -0.0833974661 a       354     0    18     1    14
      0.4402513320 a       355     0    18     1    15
     -0.2032299967 a       356     0    18     1    16
     -0.2607995375 a       357     0    18     1    17
      0.0809678118 a       358     0    18     1    18
      0.3812786769 a       359     0    18     1    19
      0.1361474681 a       360     0    18     1    20
     -0.3637815101 a       361     0    19     1     1
      0.0214947116 a       362     0    19     1     2
      0.2463336351 a       363     0    19     1     3
     -0.3217302268 a       364     0    19     1     4
     -0.1669911240 a       365     0    19     1     5
      0.2425970267 a       366     0    19     1     6
     -0.2204325650 a       367     0    19     1     7
     -0.0056604824 a       368     0    19     1     8
     -0.4889298764 a       369     0    19     1     9
     -0.1859087890 a       370     0    19     1    10
      0.4620694843 a       371     0    19     1    11
     -0.3455617622 a       372     0    19     1    12
      0.2561685940 a       373     0    19     1    13
      0.2919604452 a       374     0    19     1    14
      0.3595260271 a       375     0    19     1    15
     -0.3836300201 a       376     0    19     1    16
     -0.3545630856 a       377     0    19     1    17
      0.4233402990 a       378     0    19     1    18
      0.0806101422 a       379     0    19     1    19
      0.0216409425 a       380     0    19     1    20
     -0.3908979321 a       381     0    20     1     1
      0.4279688050 a       382     0    20     1     2
     -0.2196593387 a       383     0    20     1     3
      0.1178300547 a       384     0    20     1     4
     -0.2512973242 a       385     0    20     1     5
      0.3815465866 a       386     0    20     1     6
      0.3764964386 a       387     0    20     1     7
     -0.0268831744 a       388     0    20     1     8
     -0.1810415635 a       389     0    20     1     9
      0.3494588892 a       390     0    20     1    10
      0.1520612710 a       391     0    20     1    11
      0.3110843950 a       392     0    20     1    12
      0.3514376539 a       393     0    20     1    13
     -0.0820593732 a       394     0    20     1    14
      0.0883903992 a       395     0    20     1    15
      0.1332263804 a       396     0    20     1    16
      0.1411978191 a       397     0    20     1    17
     -0.4787473931 a       398     0    20     1    18
     -0.3513183768 a       399     0    20     1    19
     -0.3113757170 a       400     0    20     1    20
      0.4497358772 a       401     0    21     1     1
      0.2838399527 a       402     0    21     1     2
      0.0108646267 a       403     0    21     1     3
      0.2729949171 a       404     0    21     1     4
     -0.1125800091 a       405     0    21     1     5
      0.1930694369 a       406     0    21     1     6
      0.0775631012 a       407     0    21     1     7
      0.3524572034 a       408     0    21     1     8
     -0.0918796318 a       409     0    21     1     9
     -0.4539950981 a       410     0    21     1    10
      0.2981060065 a       411     0    21     1    11
      0.3256970054 a       412     0    21     1    12
     -0.3609085297 a       413     0    21     1    13
      0.0292583768 a       414     0    21     1    14
     -0.3400468073 a       415     0    21     1    15
      0.2983917617 a       416     0    21     1    16
     -0.3945586161 a       417     0    21     1    17
      0.1115063934 a       418     0    21     1    18
      0.0054473427 a       419     0    21     1    19
      0.2055683094 a       420     0    21     1    20
     -0.3906356037 a       421     0    22     1     1
     -0.1524527691 a       422     0    22     1     2
     -0.0653862346 a       423     0    22     1     3
     -0.0440477691 a       424     0    22     1     4
      0.1108648629 a       425     0    22     1     5
      0.1338677078 a       426     0    22     1     6
      0.4513517120 a       427     0    22     1     7
     -0.1638121437 a       428     0    22     1     8
      0.0563335108 a       429     0    22     1     9
     -0.1008339474 a       430     0    22     1    10
      0.3577201158 a       431     0    22     1    11
     -0.3123237264 a       432     0    22     1    12
      0.0513067238 a       433     0    22     1    13
     -0.2391122629 a       434     0    22     1    14
     -0.3049895936 a       435     0    22     1    15
     -0.2550541907 a       436     0    22     1    16
     -0.0561946736 a       437     0    22     1    17
      0.1802282973 a       438     0    22     1    18
      0.4635253496 a       439     0    22     1    19
      0.2361866376 a       440     0    22     1    20
      0.1734946470 a       441     0    23     1     1
      0.0996521740 a       442     0    23     1     2
      0.3746406776 a       443     0    23     1     3
     -0.4339273275 a       444     0    23     1     4
      0.4544038993 a       445     0    23     1     5
     -0.4218994257 a       446     0    23     1     6
      0.3480967989 a       447     0    23     1     7
     -0.0638072536 a       448     0    23     1     8
     -0.2921250405 a       449     0    23     1     9
      0.2746650072 a       450     0    23     1    10
      0.1456577531 a       451     0    23     1    11
     -0.3812941517 a       452     0    23     1    12
      0.1705561755 a       453     0    23     1    13
     -0.3495970149 a       454     0    23     1    14
     -0.4721098407 a       455     0    23     1    15
     -0.3702812735 a       456     0    23     1    16
     -0.2316768691 a       457     0    23     1    17
     -0.3589067212 a       458     0    23     1    18
     -0.1558481990 a       459     0    23     1    19
     -0.3783554493 a       460     0    23     1    20
      0.0247771258 a       461     0    24     1     1
      0.4290098808 a       462     0    24     1     2
      0.2421945062 a       463     0    24     1     3
     -0.2916946587 a       464     0    24     1     4
      0.0807803980 a       465     0    24     1     5
      0.1576271175 a       466     0    24     1     6
     -0.1200822039 a       467     0    24     1     7
      0.4817958877 a       468     0    24     1     8
      0.1141325582 a       469     0    24     1     9
      0.0971222810 a       470     0    24     1    10
     -0.2448246911 a       471     0    24     1    11
     -0.2236162683 a       472     0    24     1    12
      0.3032784810 a       473     0    24     1    13
     -0.1703334225 a       474     0    24     1    14
     -0.0456725772 a       475     0    24     1    15
     -0.3761532360 a       476     0    24     1    16
      0.3225946010 a       477     0    24     1    17
      0.4466987534 a       478     0    24     1    18
     -0.4178095338 a       479     0    24     1    19
     -0.4651724715 a       480     0    24     1    20
     -0.2220116878 a       481     0    25     1     1
     -0.2216338196 a       482     0    25     1     2
      0.0738874328 a       483     0    25     1     3
     -0.2148360697 a       484     0    25     1     4
     -0.2686474251 a       485     0    25     1     5
     -0.0313407323 a       486     0    25     1     6
     -0.1457524178 a       487     0    25     1     7
      0.4271852097 a       488     0    25     1     8
     -0.1526955737 a       489     0    25     1     9
     -0.3045234075 a       490     0    25     1    10
      0.3654681865 a       491     0    25     1    11
     -0.2527485434 a       492     0    25     1    12
      0.3441064449 a       493     0    25     1    13
      0.4159102117 a       494     0    25     1    14
      0.3067055799 a       495     0    25     1    15
     -0.3407944642 a       496     0    25     1    16
     -0.2900886291 a       497     0    25     1    17
      0.0726093756 a       498     0    25     1    18
      0.0537371316 a       499     0    25     1    19
      0.3394176935 a       500     0    25     1    20
      0.1269582107 a       501     0    26     1     1
      0.1503171317 a       502     0    26     1     2
      0.1562493872 a       503     0    26     1     3
     -0.3318600054 a       504     0    26     1     4
      0.1044379369 a       505     0    26     1     5
      0.2583658267 a       506     0    26     1     6
      0.4284127970 a       507     0    26     1     7
     -0.2575780612 a       508     0    26     1     8
      0.3385333010 a       509     0    26     1     9
     -0.0620209329 a       510     0    26     1    10
      0.1010342843 a       511     0    26     1    11
      0.3861324071 a       512     0    26     1    12
      0.0907989631 a       513     0    26     1    13
      0.3151383103 a       514     0    26     1    14
      0.4212711604 a       515     0    26     1    15
      0.2540324594 a       516     0    26     1    16
     -0.0820317056 a       517     0    26     1    17
      0.0497226972 a       518     0    26     1    18
     -0.4893820959 a       519     0    26     1    19
      0.1164838254 a       520     0    26     1    20
      0.3890245799 a       521     0    27     1     1
     -0.0208680195 a       522     0    27     1     2
      0.2453383118 a       523     0    27     1     3
     -0.0961819928 a       524     0    27     1     4
      0.0030970446 a       525     0    27     1     5
     -0.3817201463 a       526     0    27     1     6
      0.3716528707 a       527     0    27     1     7
      0.0759372794 a       528     0    27     1     8
     -0.1276933636 a       529     0    27     1     9
      0.0595088087 a       530     0    27     1    10
     -0.0463450133 a       531     0    27     1    11
     -0.2913648078 a       532     0    27     1    12
     -0.2793510063 a       533     0    27     1    13
      0.3944190281 a       534     0    27     1    14
      0.4029676883 a       535     0    27     1    15
     -0.0228981048 a       536     0    27     1    16
     -0.1271884173 a       537     0    27     1    17
     -0.4636047552 a       538     0    27     1    18
      0.1431727994 a       539     0    27     1    19
      0.4873674652 a       540     0    27     1    20
      0.1005396746 a       541     0    28     1     1
      0.3928381956 a       542     0    28     1     2
      0.1073743573 a       543     0    28     1     3
     -0.2083335103 a       544     0    28     1     4
     -0.2907015479 a       545     0    28     1     5
     -0.0334056396 a       546     0    28     1     6
      0.4176767368 a       547     0    28     1     7
      0.3398562106 a       548     0    28     1     8
      0.1382462245 a       549     0    28     1     9
      0.3935898148 a       550     0    28     1    10
      0.0678260881 a       551     0    28     1    11
     -0.3339986095 a       552     0    28     1    12
     -0.1404540512 a       553     0    28     1    13
     -0.3149646783 a       554     0    28     1    14
     -0.2185903082 a       555     0    28     1    15
     -0.0844809824 a       556     0    28     1    16
     -0.3395894255 a       557     0    28     1    17
      0.1277066747 a       558     0    28     1    18
      0.2075534121 a       559     0    28     1    19
      0.4558688320 a       560     0    28     1    20
      0.0086232308 a       561     0    29     1     1
      0.4063413902 a       562     0    29     1     2
      0.4607256154 a       563     0    29     1     3
     -0.2736681777 a       564     0    29     1     4
     -0.4924086012 a       565     0    29     1     5
     -0.1241002747 a       566     0    29     1     6
     -0.3475796532 a       567     0    29     1     7
      0.1359986661 a       568     0    29     1     8
     -0.4242179939 a       569     0    29     1     9
     -0.2848798475 a       570     0    29     1    10
      0.1965889287 a       571     0    29     1    11
      0.1610345266 a       572     0    29     1    12
     -0.0725396419 a       573     0    29     1    13
     -0.0504172372 a       574     0    29     1    14
     -0.2906598309 a       575     0    29     1    15
     -0.0141440611 a       576     0    29     1    16
     -0.0163988410 a       577     0    29     1    17
      0.0344942562 a       578     0    29     1    18
      0.1371743897 a       579     0    29     1    19
      0.2119895381 a       580     0    29     1    20
     -0.3427134542 a       581     0    30     1     1
      0.1234158241 a       582     0    30     1     2
     -0.4322896565 a       583     0    30     1     3
     -0.4275487767 a       584     0    30     1     4
      0.3965483725 a       585     0    30     1     5
     -0.3538132536 a       586     0    30     1     6
      0.2522821615 a       587     0    30     1     7
     -0.0756010612 a       588     0    30     1     8
      0.1698043311 a       589     0    30     1     9
      0.4473914415 a       590     0    30     1    10
     -0.1879486410 a       591     0    30     1    11
      0.3548313907 a       592     0    30     1    12
     -0.1004612687 a       593     0    30     1    13
      0.2886524139 a       594     0    30     1    14
      0.1462385938 a       595     0    30     1    15
     -0.2670350359 a       596     0    30     1    16
     -0.4510174901 a       597     0    30     1    17
      0.2901133932 a       598     0    30     1    18
     -0.1401726243 a       599     0    30     1    19
     -0.0324752356 a       600     0    30     1    20
      0.1281321858 a       601     0    31     1     1
      0.3665833434 a       602     0    31     1     2
      0.3492007874 a       603     0    31     1     3
     -0.1859360026 a       604     0    31     1     4
     -0.3292217965 a       605     0    31     1     5
      0.3516720307 a       606     0    31     1     6
      0.4387582333 a       607     0    31     1     7
      0.4355906615 a       608     0    31     1     8
     -0.0471689033 a       609     0    31     1     9
     -0.0436724019 a       610     0    31     1    10
      0.3785336632 a       611     0    31     1    11
      0.1311178024 a       612     0    31     1    12
     -0.2999889671 a       613     0    31     1    13
      0.0435800447 a       614     0    31     1    14
      0.2553136497 a       615     0    31     1    15
     -0.4487950135 a       616     0    31     1    16
      0.0489723041 a       617     0    31     1    17
      0.2719727278 a       618     0    31     1    18
      0.0516822603 a       619     0    31     1    19
     -0.0725452369 a       620     0    31     1    20
      1.2071636891 b       621     1     1
      0.8755671170 b       622     1     2
      0.2164078426 b       623     1     3
      0.5783198674 b       624     1     4
     -0.6989494344 b       625     1     5
      1.4922039318 b       626     1     6
     -0.9971661997 b       627     1     7
     -0.9074337483 b       628     1     8
     -0.0348601647 b       629     1     9
     -0.3278575111 b       630     1    10
      1.3902491114 b       631     1    11
     -0.2140428088 b       632     1    12
     -0.4012726320 b       633     1    13
     -0.9988798116 b       634     1    14
      0.3988913833 b       635     1    15
      0.6075815813 b       636     1    16
     -0.2037072750 b       637     1    17
     -0.3966343647 b       638     1    18
     -0.5689738421 b       639     1    19
     -0.2653269099 b       640     1    20
      0.1276265861 a       641     1     1     2     1
      0.4215313089 a       642     1     1     2     2
      0.3181811593 a       643     1     1     2     3
      0.4488513541 a       644     1     1     2     4
      0.2506626031 a       645     1     1     2     5
     -0.4148916771 a       646     1     1     2     6
      0.3515495749 a       647     1     1     2     7
      0.4811324977 a       648     1     1     2     8
      0.4069164382 a       649     1     1     2     9
     -0.2381286137 a       650     1     1     2    10
      0.4577336653 a       651     1     1     2    11
      0.0598545632 a       652     1     1     2    12
      0.5299994988 a       653     1     1     2    13
     -0.5740667218 a       654     1     1     2    14
     -0.6033630995 a       655     1     1     2    15
      0.4015437177 a       656     1     1     2    16
      0.2278381965 a       657     1     1     2    17
     -0.1884932912 a       658     1     1     2    18
      0.2748458650 a       659     1     1     2    19
      0.3620346102 a       660     1     1     2    20
     -0.3582321829 a       661     1     2     2     1
     -0.4710091833 a       662     1     2     2     2
     -0.0890213642 a       663     1     2     2     3
     -0.0655211845 a       664     1     2     2     4
      0.3088419163 a       665     1     2     2     5
      0.0057579183 a       666     1     2     2     6
     -0.4659147746 a       667     1     2     2     7
     -0.1289272177 a       668     1     2     2     8
     -0.5005211690 a       669     1     2     2     9
     -0.2331048608 a       670     1     2     2    10
      0.4213020623 a       671     1     2     2    11
      0.2944279390 a       672     1     2     2    12
      0.4767902073 a       673     1     2     2    13
      0.2180023716 a       674     1     2     2    14
      0.5800960664 a       675     1     2     2    15
     -0.2192939730 a       676     1     2     2    16
     -0.0444212724 a       677     1     2     2    17
     -0.2143326798 a       678     1     2     2    18
      0.6295816922 a       679     1     2     2    19
      0.0086195167 a       680     1     2     2    20
     -0.0284177756 a       681     1     3     2     1
     -0.5466162234 a       682     1     3     2     2
     -0.3220286890 a       683     1     3     2     3
      0.1856384155 a       684     1     3     2     4
      0.2301624604 a       685     1     3     2     5
      0.5508476122 a       686     1     3     2     6
      0.3724174606 a       687     1     3     2     7
     -0.4592525837 a       688     1     3     2     8
      0.5680892972 a       689     1     3     2     9
      0.4653683365 a       690     1     3     2    10
     -0.0573448872 a       691     1     3     2    11
     -0.4595567447 a       692     1     3     2    12
      0.1776079732 a       693     1     3     2    13
      0.2080163162 a       694     1     3     2    14
     -0.2438864128 a       695     1     3     2    15
      0.1251099122 a       696     1     3     2    16
     -0.3387146360 a       697     1     3     2    17
     -0.2366238365 a       698     1     3     2    18
     -0.1443591880 a       699     1     3     2    19
      0.5783032171 a       700     1     3     2    20
      0.3903656545 a       701     1     4     2     1
     -0.5692070118 a       702     1     4     2     2
     -0.4993071947 a       703     1     4     2     3
      0.4892263108 a       704     1     4     2     4
     -0.5296370773 a       705     1     4     2     5
     -0.5868253332 a       706     1     4     2     6
      0.2378604851 a       707     1     4     2     7
     -0.4540776455 a       708     1     4     2     8
     -0.5390936194 a       709     1     4     2     9
      0.1011925863 a       710     1     4     2    10
      0.1342978513 a       711     1     4     2    11
      0.5527135834 a       712     1     4     2    12
      0.4740055774 a       713     1     4     2    13
      0.3851296078 a       714     1     4     2    14
      0.4445546269 a       715     1     4     2    15
     -0.4493609941 a       716     1     4     2    16
     -0.4876930594 a       717     1     4     2    17
      0.2438911390 a       718     1     4     2    18
      0.0702146647 a       719     1     4     2    19
     -0.4668128062 a       720     1     4     2    20
      0.3630519718 a       721     1     5     2     1
     -0.4110922072 a       722     1     5     2     2
      0.0990020422 a       723     1     5     2     3
      0.5804451491 a       724     1     5     2     4
     -0.0111303300 a       725     1     5     2     5
      0.3387119174 a       726     1     5     2     6
      0.3607097329 a       727     1     5     2     7
      0.3413315625 a       728     1     5     2     8
     -0.4806835437 a       729     1     5     2     9
      0.3468992244 a       730     1     5     2    10
     -0.0705112482 a       731     1     5     2    11
     -0.0652758851 a       732     1     5     2    12
     -0.0059722784 a       733     1     5     2    13
     -0.0812565564 a       734     1     5     2    14
     -0.4287166279 a       735     1     5     2    15
      0.4116915919 a       736     1     5     2    16
      0.1446003957 a       737     1     5     2    17
      0.5846138457 a       738     1     5     2    18
      0.0250344561 a       739     1     5     2    19
     -0.6064527173 a       740     1     5     2    20
     -0.2477385342 a       741     1     6     2     1
     -0.3118465954 a       742     1     6     2     2
      0.3552723621 a       743     1     6     2     3
     -0.0771514393 a       744     1     6     2     4
      0.2176841734 a       745     1     6     2     5
      0.3739532810 a       746     1     6     2     6
     -0.5091522853 a       747     1     6     2     7
     -0.2609159072 a       748     1     6     2     8
      0.2792089113 a       749     1     6     2     9
      0.1895312066 a       750     1     6     2    10
      0.3348804502 a       751     1     6     2    11
     -0.3326575021 a       752     1     6     2    12
     -0.4166121919 a       753     1     6     2    13
      0.4873327594 a       754     1     6     2    14
     -0.2786659331 a       755     1     6     2    15
     -0.1936572806 a       756     1     6     2    16
     -0.3563842506 a       757     1     6     2    17
      0.6047780152 a       758     1     6     2    18
      0.4349324644 a       759     1     6     2    19
     -0.1900705270 a       760     1     6     2    20
     -0.0925650735 a       761     1     7     2     1
     -0.2558545767 a       762     1     7     2     2
     -0.1108592353 a       763     1     7     2     3
      0.2691132507 a       764     1     7     2     4
     -0.1465515048 a       765     1     7     2     5
     -0.2446512570 a       766     1     7     2     6
      0.2670724715 a       767     1     7     2     7
      0.3396970020 a       768     1     7     2     8
     -0.1839167145 a       769     1     7     2     9
     -0.0198591888 a       770     1     7     2    10
     -0.0870427834 a       771     1     7     2    11
     -0.4351204650 a       772     1     7     2    12
      0.4992802792 a       773     1     7     2    13
     -0.0045663265 a       774     1     7     2    14
     -0.0280382849 a       775     1     7     2    15
     -0.2867144740 a       776     1     7     2    16
     -0.2579388677 a       777     1     7     2    17
      0.1020198433 a       778     1     7     2    18
      0.5284883002 a       779     1     7     2    19
     -0.1009264995 a       780     1     7     2    20
      0.5873046918 a       781     1     8     2     1
     -0.5721757859 a       782     1     8     2     2
     -0.5135561298 a       783     1     8     2     3
      0.2492377607 a       784     1     8     2     4
      0.3924107428 a       785     1     8     2     5
      0.5689292695 a       786     1     8     2     6
     -0.0491701454 a       787     1     8     2     7
     -0.5316331103 a       788     1     8     2     8
      0.0789480172 a       789     1     8     2     9
      0.0546358902 a       790     1     8     2    10
     -0.1053178447 a       791     1     8     2    11
     -0.2869850991 a       792     1     8     2    12
      0.4592288072 a       793     1     8     2    13
      0.2062665558 a       794     1     8     2    14
     -0.2271047078 a       795     1     8     2    15
     -0.0502970101 a       796     1     8     2    16
      0.1230713324 a       797     1     8     2    17
      0.2072860250 a       798     1     8     2    18
     -0.0462045750 a       799     1     8     2    19
      0.4885317060 a       800     1     8     2    20
     -0.1068854554 a       801     1     9     2     1
      0.0920268080 a       802     1     9     2     2
     -0.2879248424 a       803     1     9     2     3
     -0.6243284787 a       804     1     9     2     4
      0.3960692022 a       805     1     9     2     5
      0.3181124518 a       806     1     9     2     6
     -0.2112078434 a       807     1     9     2     7
     -0.0967526613 a       808     1     9     2     8
     -0.3154354498 a       809     1     9     2     9
      0.1846080457 a       810     1     9     2    10
     -0.1985259690 a       811     1     9     2    11
     -0.2234308782 a       812     1     9     2    12
     -0.1746456279 a       813     1     9     2    13
     -0.3785881350 a       814     1     9     2    14
      0.5840197291 a       815     1     9     2    15
      0.5994939225 a       816     1     9     2    16
      0.6013590592 a       817     1     9     2    17
     -0.1390131477 a       818     1     9     2    18
      0.1287585293 a       819     1     9     2    19
      0.5731258885 a       820     1     9     2    20
      0.4343530725 a       821     1    10     2     1
      0.4331093885 a       822     1    10     2     2
     -0.1154802201 a       823     1    10     2     3
     -0.1493163561 a       824     1    10     2     4
     -0.5728362932 a       825     1    10     2     5
     -0.0087673358 a       826     1    10     2     6
      0.5842888484 a       827     1    10     2     7
      0.1557103742 a       828     1    10     2     8
     -0.0407659329 a       829     1    10     2     9
     -0.0876118638 a       830     1    10     2    10
      0.2797944472 a       831     1    10     2    11
     -0.1169453429 a       832     1    10     2    12
      0.3370265879 a       833     1    10     2    13
      0.1615947533 a       834     1    10     2    14
      0.2386726081 a       835     1    10     2    15
      0.3213427756 a       836     1    10     2    16
      0.6108068276 a       837     1    10     2    17
      0.4163067392 a       838     1    10     2    18
      0.3712738865 a       839     1    10     2    19
     -0.5395441949 a       840     1    10     2    20
      0.5875584334 a       841     1    11     2     1
     -0.0728995949 a       842     1    11     2     2
     -0.0525739347 a       843     1    11     2     3
     -0.1838490320 a       844     1    11     2     4
     -0.5544524113 a       845     1    11     2     5
      0.6014736644 a       846     1    11     2     6
     -0.4178091898 a       847     1    11     2     7
     -0.5846592513 a       848     1    11     2     8
     -0.1375761097 a       849     1    11     2     9
      0.4664997203 a       850     1    11     2    10
     -0.6476781827 a       851     1    11     2    11
     -0.2050596704 a       852     1    11     2    12
     -0.2585050228 a       853     1    11     2    13
     -0.3986455918 a       854     1    11     2    14
     -0.1605185510 a       855     1    11     2    15
     -0.2435319994 a       856     1    11     2    16
     -0.4758448598 a       857     1    11     2    17
      0.5927045415 a       858     1    11     2    18
      0.0592428121 a       859     1    11     2    19
      0.0936060841 a       860     1    11     2    20
      0.0865633786 a       861     1    12     2     1
     -0.2348227109 a       862     1    12     2     2
     -0.4596421738 a       863     1    12     2     3
     -0.2535043036 a       864     1    12     2     4
      0.4650048937 a       865     1    12     2     5
     -0.3758875221 a       866     1    12     2     6
      0.3666527469 a       867     1    12     2     7
     -0.5413096600 a       868     1    12     2     8
      0.4552788515 a       869     1    12     2     9
      0.4148241235 a       870     1    12     2    10
      0.0904530650 a       871     1    12     2    11
      0.4600224959 a       872     1    12     2    12
      0.0622186840 a       873     1    12     2    13
      0.0533282766 a       874     1    12     2    14
      0.2058152711 a       875     1    12     2    15
     -0.5224985724 a       876     1    12     2    16
      0.0046377239 a       877     1    12     2    17
     -0.2909291674 a       878     1    12     2    18
      0.4653263995 a       879     1    12     2    19
      0.4260092692 a       880     1    12     2    20
     -0.2034088734 a       881     1    13     2     1
      0.3108436600 a       882     1    13     2     2
     -0.2481514001 a       883     1    13     2     3
      0.3452652098 a       884     1    13     2     4
     -0.1165723591 a       885     1    13     2     5
      0.0134475992 a       886     1    13     2     6
      0.4797053313 a       887     1    13     2     7
      0.2143807283 a       888     1    13     2     8
      0.5735142831 a       889     1    13     2     9
     -0.3606207016 a       890     1    13     2    10
     -0.5020076607 a       891     1    13     2    11
      0.4600902728 a       892     1    13     2    12
      0.0680696978 a       893     1    13     2    13
      0.1685670458 a       894     1    13     2    14
      0.3908054566 a       895     1    13     2    15
     -0.0595915236 a       896     1    13     2    16
      0.3630533490 a       897     1    13     2    17
     -0.6374223201 a       898     1    13     2    18
      0.4942585390 a       899     1    13     2    19
     -0.0832047888 a       900     1    13     2    20
      0.4253632530 a       901     1    14     2     1
      0.0356292010 a       902     1    14     2     2
     -0.4022168506 a       903     1    14     2     3
     -0.0593280871 a       904     1    14     2     4
      0.0438873141 a       905     1    14     2     5
     -0.0226914362 a       906     1    14     2     6
      0.5600534046 a       907     1    14     2     7
     -0.2463350264 a       908     1    14     2     8
     -0.4474342640 a       909     1    14     2     9
      0.5397289252 a       910     1    14     2    10
      0.3938916708 a       911     1    14     2    11
      0.2821754899 a       912     1    14     2    12
     -0.1724888828 a       913     1    14     2    13
     -0.2361280562 a       914     1    14     2    14
     -0.1882201538 a       915     1    14     2    15
      0.5368315540 a       916     1    14     2    16
      0.1519403614 a       917     1    14     2    17
     -0.1779792746 a       918     1    14     2    18
      0.3338320749 a       919     1    14     2    19
      0.0521834690 a       920     1    14     2    20
      0.4128766920 a       921     1    15     2     1
      0.4307138214 a       922     1    15     2     2
     -0.5168575371 a       923     1    15     2     3
      0.0728934100 a       924     1    15     2     4
     -0.4696470862 a       925     1    15     2     5
     -0.1300275425 a       926     1    15     2     6
      0.0644551077 a       927     1    15     2     7
      0.3465203567 a       928     1    15     2     8
      0.0626963284 a       929     1    15     2     9
     -0.4963638653 a       930     1    15     2    10
      0.6835703932 a       931     1    15     2    11
     -0.4705332326 a       932     1    15     2    12
     -0.0665859211 a       933     1    15     2    13
     -0.5312138927 a       934     1    15     2    14
     -0.3059801002 a       935     1    15     2    15
      0.4318264867 a       936     1    15     2    16
     -0.2691214604 a       937     1    15     2    17
      0.4342771471 a       938     1    15     2    18
     -0.0479914872 a       939     1    15     2    19
     -0.4941473203 a       940     1    15     2    20
      0.1475841928 a       941     1    16     2     1
     -0.5020792509 a       942     1    16     2     2
     -0.4802613240 a       943     1    16     2     3
     -0.2318190825 a       944     1    16     2     4
      0.5146132802 a       945     1    16     2     5
     -0.0425186688 a       946     1    16     2     6
      0.1161594060 a       947     1    16     2     7
     -0.4993706141 a       948     1    16     2     8
      0.0644926978 a       949     1    16     2     9
      0.2193482314 a       950     1    16     2    10
     -0.1272615452 a       951     1    16     2    11
     -0.4628546167 a       952     1    16     2    12
      0.3068553656 a       953     1    16     2    13
      0.3069205649 a       954     1    16     2    14
     -0.6636210043 a       955     1    16     2    15
     -0.1958214670 a       956     1    16     2    16
     -0.4759252637 a       957     1    16     2    17
     -0.3104355491 a       958     1    16     2    18
     -0.3345834165 a       959     1    16     2    19
     -0.0237930694 a       960     1    16     2    20
      0.5215886653 a       961     1    17     2     1
      0.2134643382 a       962     1    17     2     2
      0.4562289716 a       963     1    17     2     3
      0.3731003677 a       964     1    17     2     4
     -0.5012671207 a       965     1    17     2     5
      0.3871301556 a       966     1    17     2     6
     -0.1193300397 a       967     1    17     2     7
      0.1103570226 a       968     1    17     2     8
      0.4253032807 a       969     1    17     2     9
     -0.4464646064 a       970     1    17     2    10
      0.0902248218 a       971     1    17     2    11
      0.2326802806 a       972     1    17     2    12
      0.3793932038 a       973     1    17     2    13
      0.6000323775 a       974     1    17     2    14
      0.1750181221 a       975     1    17     2    15
     -0.4773045886 a       976     1    17     2    16
      0.5616118621 a       977     1    17     2    17
      0.2767763253 a       978     1    17     2    18
      0.4545338135 a       979     1    17     2    19
      0.1008279034 a       980     1    17     2    20
     -0.0093416113 a       981     1    18     2     1
     -0.2914942184 a       982     1    18     2     2
     -0.4696501708 a       983     1    18     2     3
     -0.5890577990 a       984     1    18     2     4
     -0.4137881510 a       985     1    18     2     5
      0.4881165417 a       986     1    18     2     6
      0.1430293919 a       987     1    18     2     7
      0.0885000253 a       988     1    18     2     8
     -0.0669681411 a       989     1    18     2     9
     -0.5744846374 a       990     1    18     2    10
     -0.6225991134 a       991     1    18     2    11
     -0.3641158361 a       992     1    18     2    12
      0.4454661235 a       993     1    18     2    13
     -0.5414149484 a       994     1    18     2    14
     -0.2698434133 a       995     1    18     2    15
      0.4664489341 a       996     1    18     2    16
     -0.3423192154 a       997     1    18     2    17
     -0.0164411019 a       998     1    18     2    18
     -0.5891656135 a       999     1    18     2    19
      0.0006149043 a      1000     1    18     2    20
      0.4667646732 a      1001     1    19     2     1
     -0.0754040071 a      1002     1    19     2     2
     -0.4956185200 a      1003     1    19     2     3
      0.4485403478 a      1004     1    19     2     4
      0.0359037111 a      1005     1    19     2     5
      0.1502699389 a      1006     1    19     2     6
      0.3050966181 a      1007     1    19     2     7
     -0.4486604043 a      1008     1    19     2     8
      0.1943739740 a      1009     1    19     2     9
      0.5075775245 a      1010     1    19     2    10
     -0.4508936634 a      1011     1    19     2    11
      0.5470685324 a      1012     1    19     2    12
      0.5938860642 a      1013     1    19     2    13
     -0.5704682727 a      1014     1    19     2    14
     -0.1256481079 a      1015     1    19     2    15
      0.2988474825 a      1016     1    19     2    16
      0.2529443793 a      1017     1    19     2    17
      0.4871591092 a      1018     1    19     2    18
      0.3010512259 a      1019     1    19     2    19
      0.1929382073 a      1020     1    19     2    20
      0.5865653315 a      1021     1    20     2     1
      0.1884358668 a      1022     1    20     2     2
     -0.2664731701 a      1023     1    20     2     3
      0.5530169830 a      1024     1    20     2     4
      0.0048875050 a      1025     1    20     2     5
     -0.3933409140 a      1026     1    20     2     6
     -0.5059362517 a      1027     1    20     2     7
     -0.1779681865 a      1028     1    20     2     8
     -0.4231208318 a      1029     1    20     2     9
      0.4625165538 a      1030     1    20     2    10
      0.2604997815 a      1031     1    20     2    11
     -0.3456162318 a      1032     1    20     2    12
      0.4541147325 a      1033     1    20     2    13
      0.1363130524 a      1034     1    20     2    14
     -0.2503685785 a      1035     1    20     2    15
     -0.2846433912 a      1036     1    20     2    16
      0.3142593034 a      1037     1    20     2    17
     -0.1455536903 a      1038     1    20     2    18
      0.4339562047 a      1039     1    20     2    19
      0.4425190936 a      1040     1    20     2    20
      0.7065989459 b      1041     2     1
      0.7812790607 b      1042     2     2
     -1.1132197583 b      1043     2     3
      0.1662470080 b      1044     2     4
     -0.6797871924 b      1045     2     5
      1.3508775190 b      1046     2     6
      0.0880037711 b      1047     2     7
     -0.1713147809 b      1048     2     8
      0.3803772096 b      1049     2     9
      1.5824288497 b      1050     2    10
     -0.5587565948 b      1051     2    11
      1.2332623357 b      1052     2    12
      1.1617408907 b      1053     2    13
     -1.2520540594 b      1054     2    14
      0.4255616338 b      1055     2    15
      0.6214793261 b      1056     2    16
     -0.5868605580 b      1057     2    17
      1.0989927661 b      1058     2    18
     -0.2553273921 b      1059     2    19
      1.4767197356 b      1060     2    20
      0.0032975364 a      1061     2     1     3     1
     -0.0074054031 a      1062     2     2     3     1
      0.0041186942 a      1063     2     3     3     1
     -0.0062428539 a      1064     2     4     3     1
      0.0006065011 a      1065     2     5     3     1
     -0.0061529533 a      1066     2     6     3     1
     -0.0195970554 a      1067     2     7     3     1
     -0.0110145925 a      1068     2     8     3     1
      0.0022094751 a      1069     2     9     3     1
      0.0055263793 a      1070     2    10     3     1
      0.0087466219 a      1071     2    11     3     1
      0.0016398275 a      1072     2    12     3     1
      0.0019856875 a      1073     2    13     3     1
     -0.0063809506 a      1074     2    14     3     1
     -0.0052544346 a      1075     2    15     3     1
      0.0065333045 a      1076     2    16     3     1
      0.0269075784 a      1077     2    17     3     1
      0.0025545742 a      1078     2    18     3     1
      0.0111828057 a      1079     2    19     3     1
      0.0030536288 a      1080     2    20     3     1
     19.6611124501 b      1081     3     1
