     -0.8067043274 a         1     0     1     1     1
     -0.2797084448 a         2     0     1     1     2
      0.9402475365 a         3     0     1     1     3
      0.7409582145 a         4     0     1     1     4
     -0.7147704064 a         5     0     1     1     5
      0.8539838799 a         6     0     1     1     6
      0.9079312094 a         7     0     1     1     7
     -0.3992227909 a         8     0     1     1     8
      0.2626312976 a         9     0     1     1     9
      0.0451439623 a        10     0     1     1    10
      0.7343097932 a        11     0     1     1    11
     -0.4544426797 a        12     0     1     1    12
      0.1821182971 a        13     0     1     1    13
      0.8619858034 a        14     0     1     1    14
     -0.6045376657 a        15     0     1     1    15
     -0.4646250007 a        16     0     2     1     1
     -0.9525120593 a        17     0     2     1     2
     -0.8701969534 a        18     0     2     1     3
      0.5997422940 a        19     0     2     1     4
     -0.1304177638 a        20     0     2     1     5
      0.0685971980 a        21     0     2     1     6
      0.9124498375 a        22     0     2     1     7
     -0.4548746941 a        23     0     2     1     8
      0.9205467709 a        24     0     2     1     9
     -0.3701382277 a        25     0     2     1    10
     -0.9130511731 a        26     0     2     1    11
      0.3488719469 a        27     0     2     1    12
     -0.5094691513 a        28     0     2     1    13
     -0.6478844880 a        29     0     2     1    14
     -0.9946984071 a        30     0     2     1    15
      0.1038714652 a        31     0     3     1     1
     -0.2328158614 a        32     0     3     1     2
     -0.9359624833 a        33     0     3     1     3
     -0.7214404343 a        34     0     3     1     4
      0.7503855236 a        35     0     3     1     5
     -0.2710830566 a        36     0     3     1     6
     -0.0926502939 a        37     0     3     1     7
      0.8261820085 a        38     0     3     1     8
     -0.3586520550 a        39     0     3     1     9
      0.1344895368 a        40     0     3     1    10
      0.3663965469 a        41     0     3     1    11
      0.0269689564 a        42     0     3     1    12
     -0.7334216534 a        43     0     3     1    13
     -0.6175875662 a        44     0     3     1    14
      0.2057592874 a        45     0     3     1    15
      0.1959370380 a        46     0     4     1     1
     -0.8857323378 a        47     0     4     1     2
     -0.5033384559 a        48     0     4     1     3
      0.3907591110 a        49     0     4     1     4
     -0.5111032424 a        50     0     4     1     5
     -0.1119760271 a        51     0     4     1     6
      0.0191321377 a        52     0     4     1     7
     -0.4470369814 a        53     0     4     1     8
      0.6491417892 a        54     0     4     1     9
      0.1264588838 a        55     0     4     1    10
     -0.6051641403 a        56     0     4     1    11
     -0.9936743639 a        57     0     4     1    12
     -0.6850346922 a        58     0     4     1    13
      0.6216944463 a        59     0     4     1    14
      0.8177617796 a        60     0     4     1    15
      0.1220744853 a        61     0     5     1     1
     -0.2935456035 a        62     0     5     1     2
      0.3789180523 a        63     0     5     1     3
      0.4755808121 a        64     0     5     1     4
     -0.9131173789 a        65     0     5     1     5
     -0.7638342976 a        66     0     5     1     6
      0.2370394473 a        67     0     5     1     7
     -0.0789622661 a        68     0     5     1     8
      0.8814455279 a        69     0     5     1     9
      0.4546595818 a        70     0     5     1    10
     -0.5361728666 a        71     0     5     1    11
      0.5427718169 a        72     0     5     1    12
      0.3663035637 a        73     0     5     1    13
      0.4631820923 a        74     0     5     1    14
      0.7011294372 a        75     0     5     1    15
     -0.1170153614 a        76     0     6     1     1
     -0.6771003603 a        77     0     6     1     2
     -0.0257702466 a        78     0     6     1     3
      0.8792474278 a        79     0     6     1     4
     -0.4881042836 a        80     0     6     1     5
      0.4316816336 a        81     0     6     1     6
     -0.7259534298 a        82     0     6     1     7
      0.9004859932 a        83     0     6     1     8
      0.4690288311 a        84     0     6     1     9
      0.9676600703 a        85     0     6     1    10
     -0.5366649030 a        86     0     6     1    11
      0.2730543619 a        87     0     6     1    12
     -0.7744623869 a        88     0     6     1    13
     -0.3893046377 a        89     0     6     1    14
      0.9565328368 a        90     0     6     1    15
      0.4471075541 a        91     0     7     1     1
      0.5365843779 a        92     0     7     1     2
      0.3745958811 a        93     0     7     1     3
     -0.1661020514 a        94     0     7     1     4
      0.3232612615 a        95     0     7     1     5
     -0.9474284015 a        96     0     7     1     6
      0.5708709962 a        97     0     7     1     7
      0.6297731406 a        98     0     7     1     8
      0.5979899175 a        99     0     7     1     9
      0.4162155396 a       100     0     7     1    10
     -0.6664114295 a       101     0     7     1    11
     -0.3768327830 a       102     0     7     1    12
      0.5711511380 a       103     0     7     1    13
     -0.6623682974 a       104     0     7     1    14
     -0.4240060446 a       105     0     7     1    15
     -0.2694819567 a       106     0     8     1     1
      0.8166455038 a       107     0     8     1     2
     -0.6383743583 a       108     0     8     1     3
      0.8421765573 a       109     0     8     1     4
      0.4619801051 a       110     0     8     1     5
      0.5000494725 a       111     0     8     1     6
      0.3318921333 a       112     0     8     1     7
      0.1118839984 a       113     0     8     1     8
      0.4343147284 a       114     0     8     1     9
     -0.4722024200 a       115     0     8     1    10
     -0.3056501147 a       116     0     8     1    11
      0.9382720002 a       117     0     8     1    12
     -0.4630864260 a       118     0     8     1    13
      0.9067823895 a       119     0     8     1    14
      0.2925138479 a       120     0     8     1    15
      0.2793346649 a       121     0     9     1     1
      0.7780736692 a       122     0     9     1     2
     -0.9158555939 a       123     0     9     1     3
     -0.7849830090 a       124     0     9     1     4
      0.7906303413 a       125     0     9     1     5
      0.1243046527 a       126     0     9     1     6
     -0.8124997317 a       127     0     9     1     7
      0.3170564180 a       128     0     9     1     8
      0.7671560056 a       129     0     9     1     9
     -0.4085264800 a       130     0     9     1    10
     -0.1046262976 a       131     0     9     1    11
     -0.4545739887 a       132     0     9     1    12
     -0.0246987339 a       133     0     9     1    13
      0.8887875088 a       134     0     9     1    14
     -0.1484476324 a       135     0     9     1    15
     -0.9596237279 a       136     0    10     1     1
     -0.3959796426 a       137     0    10     1     2
      0.7701157339 a       138     0    10     1     3
     -0.6647808848 a       139     0    10     1     4
     -0.9723625593 a       140     0    10     1     5
     -0.4975494144 a       141     0    10     1     6
     -0.3128043410 a       142     0    10     1     7
      0.6973313100 a       143     0    10     1     8
      0.0472821002 a       144     0    10     1     9
      0.6692878015 a       145     0    10     1    10
      0.7197991617 a       146     0    10     1    11
     -0.3352848289 a       147     0    10     1    12
      0.8676157005 a       148     0    10     1    13
      0.0179884438 a       149     0    10     1    14
      0.3323392874 a       150     0    10     1    15
     -0.3740032313 a       151     0    11     1     1
      0.1277865176 a       152     0    11     1     2
     -0.2911522982 a       153     0    11     1     3
      0.6033098704 a       154     0    11     1     4
     -0.1715541479 a       155     0    11     1     5
      0.6896256215 a       156     0    11     1     6
      0.5368992097 a       157     0    11     1     7
     -0.3350914714 a       158     0    11     1     8
      0.1171712880 a       159     0    11     1     9
     -0.7031477390 a       160     0    11     1    10
      0.1957465415 a       161     0    11     1    11
     -0.0873278376 a       162     0    11     1    12
      0.2813634878 a       163     0    11     1    13
      0.8767662056 a       164     0    11     1    14
     -0.1897702214 a       165     0    11     1    15
      0.5320779091 a       166     0    12     1     1
      0.6331073052 a       167     0    12     1     2
      0.6354511983 a       168     0    12     1     3
      0.0284947161 a       169     0    12     1     4
      0.9113520392 a       170     0    12     1     5
     -0.9056498184 a       171     0    12     1     6
      0.7434701927 a       172     0    12     1     7
     -0.4956875441 a       173     0    12     1     8
      0.9798374184 a       174     0    12     1     9
      0.1279314761 a       175     0    12     1    10
      0.1433337932 a       176     0    12     1    11
     -0.9892347725 a       177     0    12     1    12
     -0.0688214894 a       178     0    12     1    13
     -0.6830380558 a       179     0    12     1    14
      0.1793030505 a       180     0    12     1    15
     -0.4526739118 a       181     0    13     1     1
     -0.0904198881 a       182     0    13     1     2
      0.3134107595 a       183     0    13     1     3
     -0.5056610701 a       184     0    13     1     4
     -0.6457306741 a       185     0    13     1     5
     -0.7954083233 a       186     0    13     1     6
     -0.4277055261 a       187     0    13     1     7
     -0.4472777841 a       188     0    13     1     8
      0.6019227511 a       189     0    13     1     9
      0.5162276036 a       190     0    13     1    10
      0.2369904523 a       191     0    13     1    11
     -0.9017954096 a       192     0    13     1    12
     -0.4754487274 a       193     0    13     1    13
     -0.8664947003 a       194     0    13     1    14
      0.8235572584 a       195     0    13     1    15
     -0.4735007284 a       196     0    14     1     1
     -0.1267102953 a       197     0    14     1     2
      0.3804117447 a       198     0    14     1     3
     -0.4197431800 a       199     0    14     1     4
     -0.6239393948 a       200     0    14     1     5
     -0.5494079886 a       201     0    14     1     6
      0.0998107199 a       202     0    14     1     7
     -0.4804462788 a       203     0    14     1     8
     -0.8607331365 a       204     0    14     1     9
     -0.3417307136 a       205     0    14     1    10
      0.5315845019 a       206     0    14     1    11
      0.3409595495 a       207     0    14     1    12
      0.5073845393 a       208     0    14     1    13
     -0.3888453839 a       209     0    14     1    14
      0.6754773862 a       210     0    14     1    15
      0.7475706346 a       211     0    15     1     1
      0.4201270348 a       212     0    15     1     2
     -0.9251913950 a       213     0    15     1     3
      0.3082094198 a       214     0    15     1     4
      0.0757977967 a       215     0    15     1     5
     -0.0656160708 a       216     0    15     1     6
     -0.8093643635 a       217     0    15     1     7
     -0.9868567120 a       218     0    15     1     8
     -0.1007589694 a       219     0    15     1     9
      0.5441896922 a       220     0    15     1    10
      0.1965335612 a       221     0    15     1    11
     -0.8610611706 a       222     0    15     1    12
      0.1448894744 a       223     0    15     1    13
     -0.8417263924 a       224     0    15     1    14
     -0.8955245912 a       225     0    15     1    15
      0.9181494721 a       226     0    16     1     1
     -0.6624472438 a       227     0    16     1     2
      0.2491582637 a       228     0    16     1     3
     -0.3968570230 a       229     0    16     1     4
      0.0239524846 a       230     0    16     1     5
      0.5701601512 a       231     0    16     1     6
      0.6813491590 a       232     0    16     1     7
     -0.5647148190 a       233     0    16     1     8
      0.8380842216 a       234     0    16     1     9
     -0.3190173504 a       235     0    16     1    10
      0.2750169044 a       236     0    16     1    11
      0.2088942533 a       237     0    16     1    12
      0.8865923889 a       238     0    16     1    13
      0.9591276654 a       239     0    16     1    14
      0.0592842106 a       240     0    16     1    15
      0.3887274271 a       241     0    17     1     1
     -0.6580531894 a       242     0    17     1     2
      0.0999369626 a       243     0    17     1     3
     -0.3603454826 a       244     0    17     1     4
     -0.3262274263 a       245     0    17     1     5
     -0.9047906771 a       246     0    17     1     6
     -0.8168784826 a       247     0    17     1     7
      0.7234365947 a       248     0    17     1     8
      0.7992873199 a       249     0    17     1     9
     -0.3786697981 a       250     0    17     1    10
     -0.3036407825 a       251     0    17     1    11
      0.7095406063 a       252     0    17     1    12
     -0.7519057839 a       253     0    17     1    13
      0.7195839889 a       254     0    17     1    14
      0.0480716233 a       255     0    17     1    15
     -0.0596630569 a       256     0    18     1     1
     -0.7574510722 a       257     0    18     1     2
     -0.4801238773 a       258     0    18     1     3
      0.5579162843 a       259     0    18     1     4
      0.8981925257 a       260     0    18     1     5
     -0.0787511464 a       261     0    18     1     6
      0.4289978748 a       262     0    18     1     7
      0.1663447623 a       263     0    18     1     8
     -0.2445176241 a       264     0    18     1     9
      0.3918703800 a       265     0    18     1    10
      0.1652121549 a       266     0    18     1    11
      0.7210792310 a       267     0    18     1    12
     -0.8211435973 a       268     0    18     1    13
     -0.9604238495 a       269     0    18     1    14
      0.1563301091 a       270     0    18     1    15
     -0.5605124233 a       271     0    19     1     1
     -0.5320637820 a       272     0    19     1     2
     -0.3961405752 a       273     0    19     1     3
      0.0656981473 a       274     0    19     1     4
      0.1894506221 a       275     0    19     1     5
      0.0973422532 a       276     0    19     1     6
      0.0320641999 a       277     0    19     1     7
      0.9027733811 a       278     0    19     1     8
      0.9125772723 a       279     0    19     1     9
     -0.3139401075 a       280     0    19     1    10
     -0.3913555143 a       281     0    19     1    11
      0.4881695515 a       282     0    19     1    12
      0.6651370532 a       283     0    19     1    13
      0.9577349432 a       284     0    19     1    14
      0.6517876393 a       285     0    19     1    15
      0.5950593955 a       286     0    20     1     1
     -0.8359402119 a       287     0    20     1     2
      0.3528736835 a       288     0    20     1     3
      0.7476403720 a       289     0    20     1     4
     -0.4086568353 a       290     0    20     1     5
     -0.2951957581 a       291     0    20     1     6
      0.6446759708 a       292     0    20     1     7
     -0.9319598078 a       293     0    20     1     8
      0.5514626509 a       294     0    20     1     9
      0.4328696734 a       295     0    20     1    10
     -0.7600402086 a       296     0    20     1    11
      0.0041203503 a       297     0    20     1    12
     -0.7486768364 a       298     0    20     1    13
      0.9884110697 a       299     0    20     1    14
      0.2248351579 a       300     0    20     1    15
      0.8049695499 a       301     0    21     1     1
     -0.8776806816 a       302     0    21     1     2
      0.8208158024 a       303     0    21     1     3
     -0.5481661556 a       304     0    21     1     4
      0.9714853772 a       305     0    21     1     5
     -0.2455145714 a       306     0    21     1     6
     -0.3632905481 a       307     0    21     1     7
      0.1760879760 a       308     0    21     1     8
     -0.4889951942 a       309     0    21     1     9
     -0.5425732432 a       310     0    21     1    10
      0.9716899403 a       311     0    21     1    11
     -0.8073122799 a       312     0    21     1    12
     -0.4975813625 a       313     0    21     1    13
     -0.8498184978 a       314     0    21     1    14
     -0.8995399251 a       315     0    21     1    15
     -0.5675056873 a       316     0    22     1     1
     -0.0681642886 a       317     0    22     1     2
      0.3630368715 a       318     0    22     1     3
     -0.4388139246 a       319     0    22     1     4
      0.8542295702 a       320     0    22     1     5
     -0.9634241611 a       321     0    22     1     6
     -0.2698436376 a       322     0    22     1     7
      0.7382489450 a       323     0    22     1     8
     -0.2507624623 a       324     0    22     1     9
     -0.5649381278 a       325     0    22     1    10
     -0.9148790091 a       326     0    22     1    11
     -0.3714900610 a       327     0    22     1    12
      0.3660753971 a       328     0    22     1    13
      0.6284333474 a       329     0    22     1    14
      0.0787706380 a       330     0    22     1    15
     -0.1015738245 a       331     0    23     1     1
      0.8485600956 a       332     0    23     1     2
     -0.2512230274 a       333     0    23     1     3
     -0.3049511907 a       334     0    23     1     4
      0.6849322326 a       335     0    23     1     5
     -0.3445600269 a       336     0    23     1     6
      0.9797075995 a       337     0    23     1     7
     -0.0552812215 a       338     0    23     1     8
      0.8881045588 a       339     0    23     1     9
      0.3725069767 a       340     0    23     1    10
      0.7249776132 a       341     0    23     1    11
      0.6994824417 a       342     0    23     1    12
      0.2005218272 a       343     0    23     1    13
      0.1693654065 a       344     0    23     1    14
      0.5236214406 a       345     0    23     1    15
      0.5052242285 a       346     0    24     1     1
     -0.6971411406 a       347     0    24     1     2
     -0.8512589335 a       348     0    24     1     3
      0.8911050566 a       349     0    24     1     4
      0.8032042988 a       350     0    24     1     5
     -0.5449421106 a       351     0    24     1     6
     -0.8419426977 a       352     0    24     1     7
     -0.5309044121 a       353     0    24     1     8
     -0.9105942174 a       354     0    24     1     9
     -0.3570281265 a       355     0    24     1    10
     -0.5717206894 a       356     0    24     1    11
     -0.9097039252 a       357     0    24     1    12
      0.6060663468 a       358     0    24     1    13
      0.1577500110 a       359     0    24     1    14
     -0.6950950323 a       360     0    24     1    15
     -0.4624115226 a       361     0    25     1     1
      0.2491481309 a       362     0    25     1     2
     -0.5680197178 a       363     0    25     1     3
     -0.7074741720 a       364     0    25     1     4
     -0.5182362793 a       365     0    25     1     5
      0.0029640202 a       366     0    25     1     6
     -0.1841970083 a       367     0    25     1     7
      0.2006791835 a       368     0    25     1     8
      0.8152259596 a       369     0    25     1     9
     -0.4963409899 a       370     0    25     1    10
     -0.0035013552 a       371     0    25     1    11
     -0.8470417857 a       372     0    25     1    12
     -0.2313070294 a       373     0    25     1    13
      0.4232270723 a       374     0    25     1    14
     -0.8233920484 a       375     0    25     1    15
     -0.7501104324 a       376     0    26     1     1
      0.8939784773 a       377     0    26     1     2
     -0.9035737067 a       378     0    26     1     3
     -0.3632572291 a       379     0    26     1     4
      0.7358769186 a       380     0    26     1     5
     -0.1171604987 a       381     0    26     1     6
      0.8837020405 a       382     0    26     1     7
      0.3810259109 a       383     0    26     1     8
     -0.0978891250 a       384     0    26     1     9
      0.7771799572 a       385     0    26     1    10
      0.0634008650 a       386     0    26     1    11
     -0.4218012092 a       387     0    26     1    12
      0.7872182138 a       388     0    26     1    13
      0.7759107359 a       389     0    26     1    14
      0.7326314456 a       390     0    26     1    15
     -0.6633853911 a       391     0    27     1     1
      0.4815756089 a       392     0    27     1     2
     -0.1586465832 a       393     0    27     1     3
     -0.3729354141 a       394     0    27     1     4
      0.0742774014 a       395     0    27     1     5
      0.3800830847 a       396     0    27     1     6
      0.0555288796 a       397     0    27     1     7
     -0.7270431219 a       398     0    27     1     8
      0.5863906152 a       399     0    27     1     9
     -0.5321155785 a       400     0    27     1    10
      0.7334575660 a       401     0    27     1    11
     -0.7778723686 a       402     0    27     1    12
      0.2991480833 a       403     0    27     1    13
     -0.2184294459 a       404     0    27     1    14
      0.8565226801 a       405     0    27     1    15
     -0.4241749046 b       406     1     1
      0.8926296242 b       407     1     2
      0.4254380470 b       408     1     3
      0.3381657606 b       409     1     4
     -0.4475596545 b       410     1     5
     -0.1349089738 b       411     1     6
      0.5853317983 b       412     1     7
     -0.3282148835 b       413     1     8
     -0.3076407310 b       414     1     9
     -0.5182200668 b       415     1    10
      0.2755720621 b       416     1    11
     -0.4599604008 b       417     1    12
     -0.5547381042 b       418     1    13
      0.5166212327 b       419     1    14
      0.8520724781 b       420     1    15
      0.7828768499 a       421     1     1     2     1
     -0.1889697906 a       422     1     1     2     2
     -0.0154890414 a       423     1     1     2     3
     -0.3243649003 a       424     1     1     2     4
      0.3995593792 a       425     1     1     2     5
     -0.6057473121 a       426     1     1     2     6
     -0.7949496358 a       427     1     1     2     7
     -0.7186379133 a       428     1     1     2     8
     -0.1475033161 a       429     1     1     2     9
      0.9115487345 a       430     1     1     2    10
      0.3999737507 a       431     1     1     2    11
      0.3590482479 a       432     1     1     2    12
      0.5242480046 a       433     1     1     2    13
     -0.9639420472 a       434     1     1     2    14
     -0.9740028046 a       435     1     1     2    15
     -0.0651368495 a       436     1     2     2     1
     -0.7546842544 a       437     1     2     2     2
      0.0216422085 a       438     1     2     2     3
     -0.2601048347 a       439     1     2     2     4
      0.4177616840 a       440     1     2     2     5
     -0.6802045106 a       441     1     2     2     6
     -0.1973495480 a       442     1     2     2     7
     -0.8533517718 a       443     1     2     2     8
     -0.2833375928 a       444     1     2     2     9
     -0.0549369450 a       445     1     2     2    10
      0.6752506501 a       446     1     2     2    11
      0.9376471051 a       447     1     2     2    12
     -0.9643678032 a       448     1     2     2    13
     -0.1296678778 a       449     1     2     2    14
      0.6720882661 a       450     1     2     2    15
     -0.2119778391 a       451     1     3     2     1
     -0.7112756966 a       452     1     3     2     2
     -0.4108052847 a       453     1     3     2     3
     -0.4042165277 a       454     1     3     2     4
      0.3331013923 a       455     1     3     2     5
      0.4342883831 a       456     1     3     2     6
     -0.9158010035 a       457     1     3     2     7
      0.1325179343 a       458     1     3     2     8
     -0.7713900506 a       459     1     3     2     9
     -0.7525638341 a       460     1     3     2    10
     -0.3402341005 a       461     1     3     2    11
     -0.3141672608 a       462     1     3     2    12
     -0.2095123526 a       463     1     3     2    13
      0.7259216316 a       464     1     3     2    14
      0.5638616092 a       465     1     3     2    15
      0.8216750629 a       466     1     4     2     1
     -0.1071217652 a       467     1     4     2     2
     -0.3956642148 a       468     1     4     2     3
      0.0716825728 a       469     1     4     2     4
      0.7698316581 a       470     1     4     2     5
      0.5616817481 a       471     1     4     2     6
      0.1845152383 a       472     1     4     2     7
     -0.8517158180 a       473     1     4     2     8
     -0.7877684235 a       474     1     4     2     9
     -0.0237835046 a       475     1     4     2    10
      0.2707649475 a       476     1     4     2    11
      0.7465200431 a       477     1     4     2    12
      0.7630397089 a       478     1     4     2    13
      0.4079031950 a       479     1     4     2    14
     -0.3704054353 a       480     1     4     2    15
      0.5958651311 a       481     1     5     2     1
      0.7045238025 a       482     1     5     2     2
      0.9324424275 a       483     1     5     2     3
     -0.4395874736 a       484     1     5     2     4
     -0.1462150213 a       485     1     5     2     5
      0.5643888718 a       486     1     5     2     6
     -0.3153843877 a       487     1     5     2     7
     -0.6650902031 a       488     1     5     2     8
     -0.1709657308 a       489     1     5     2     9
      0.5789787776 a       490     1     5     2    10
      0.8967701205 a       491     1     5     2    11
      0.0164022450 a       492     1     5     2    12
     -0.3280310628 a       493     1     5     2    13
      0.7814428814 a       494     1     5     2    14
     -0.2901643512 a       495     1     5     2    15
     -0.7925468980 a       496     1     6     2     1
     -0.3355899450 a       497     1     6     2     2
     -0.2605970499 a       498     1     6     2     3
      0.1453832393 a       499     1     6     2     4
     -0.5438183842 a       500     1     6     2     5
      0.0443542008 a       501     1     6     2     6
     -0.5389932690 a       502     1     6     2     7
     -0.8600754141 a       503     1     6     2     8
      0.7126245506 a       504     1     6     2     9
     -0.9195526689 a       505     1     6     2    10
     -0.9217060655 a       506     1     6     2    11
      0.8862197407 a       507     1     6     2    12
      0.6956374652 a       508     1     6     2    13
     -0.4217935798 a       509     1     6     2    14
      0.9157427557 a       510     1     6     2    15
      0.8894677170 a       511     1     7     2     1
     -0.7167674600 a       512     1     7     2     2
     -0.7109189628 a       513     1     7     2     3
     -0.4148516057 a       514     1     7     2     4
     -0.4108886716 a       515     1     7     2     5
      0.1937520509 a       516     1     7     2     6
      0.3906577831 a       517     1     7     2     7
     -0.2143403288 a       518     1     7     2     8
     -0.4177340267 a       519     1     7     2     9
     -0.8559265732 a       520     1     7     2    10
      0.4420527226 a       521     1     7     2    11
     -0.4192017314 a       522     1     7     2    12
      0.4766566759 a       523     1     7     2    13
     -0.8309016674 a       524     1     7     2    14
     -0.9642769843 a       525     1     7     2    15
     -0.6032441257 a       526     1     8     2     1
     -0.7238634228 a       527     1     8     2     2
      0.0276417736 a       528     1     8     2     3
      0.5758540637 a       529     1     8     2     4
      0.3801106220 a       530     1     8     2     5
      0.5196481949 a       531     1     8     2     6
     -0.2731306550 a       532     1     8     2     7
     -0.5067925153 a       533     1     8     2     8
      0.3380076891 a       534     1     8     2     9
      0.8961706169 a       535     1     8     2    10
     -0.0602047440 a       536     1     8     2    11
      0.1389788394 a       537     1     8     2    12
     -0.1829897162 a       538     1     8     2    13
      0.4919815070 a       539     1     8     2    14
      0.7339402444 a       540     1     8     2    15
     -0.6671711205 a       541     1     9     2     1
      0.8551344879 a       542     1     9     2     2
      0.2451210027 a       543     1     9     2     3
     -0.2522611615 a       544     1     9     2     4
      0.2469724422 a       545     1     9     2     5
      0.8661969908 a       546     1     9     2     6
      0.1725596194 a       547     1     9     2     7
      0.2101979261 a       548     1     9     2     8
      0.7967009552 a       549     1     9     2     9
      0.1539413934 a       550     1     9     2    10
     -0.7067031263 a       551     1     9     2    11
      0.4406503445 a       552     1     9     2    12
      0.0094958548 a       553     1     9     2    13
     -0.4029171464 a       554     1     9     2    14
      0.1718177800 a       555     1     9     2    15
     -0.2586013672 a       556     1    10     2     1
     -0.3135373590 a       557     1    10     2     2
      0.3779373175 a       558     1    10     2     3
     -0.0065806504 a       559     1    10     2     4
     -0.6011155544 a       560     1    10     2     5
     -0.9490599446 a       561     1    10     2     6
     -0.8504884838 a       562     1    10     2     7
     -0.1600730416 a       563     1    10     2     8
     -0.3478593228 a       564     1    10     2     9
     -0.4721065757 a       565     1    10     2    10
     -0.6948737799 a       566     1    10     2    11
     -0.7433991431 a       567     1    10     2    12
     -0.3093041775 a       568     1    10     2    13
     -0.4749658702 a       569     1    10     2    14
     -0.7512854635 a       570     1    10     2    15
     -0.8546903878 a       571     1    11     2     1
     -0.7812847643 a       572     1    11     2     2
      0.9469819077 a       573     1    11     2     3
     -0.0745121237 a       574     1    11     2     4
     -0.3256844875 a       575     1    11     2     5
      0.2208811050 a       576     1    11     2     6
      0.3487011200 a       577     1    11     2     7
      0.6188012368 a       578     1    11     2     8
      0.1915121083 a       579     1    11     2     9
      0.7444285162 a       580     1    11     2    10
     -0.3890352247 a       581     1    11     2    11
     -0.5152395068 a       582     1    11     2    12
      0.3697981840 a       583     1    11     2    13
     -0.8024680316 a       584     1    11     2    14
      0.9198249586 a       585     1    11     2    15
     -0.5012766717 a       586     1    12     2     1
     -0.9569578804 a       587     1    12     2     2
      0.4088886982 a       588     1    12     2     3
      0.1919450765 a       589     1    12     2     4
      0.0200405125 a       590     1    12     2     5
      0.8218806990 a       591     1    12     2     6
     -0.6507779656 a       592     1    12     2     7
      0.3746378427 a       593     1    12     2     8
      0.5389130122 a       594     1    12     2     9
     -0.4897071717 a       595     1    12     2    10
     -0.5087944267 a       596     1    12     2    11
      0.6920549877 a       597     1    12     2    12
     -0.6319462357 a       598     1    12     2    13
      0.8794126518 a       599     1    12     2    14
      0.2893333440 a       600     1    12     2    15
      0.8250135191 a       601     1    13     2     1
      0.0019978289 a       602     1    13     2     2
     -0.4233967063 a       603     1    13     2     3
     -0.0282238718 a       604     1    13     2     4
     -0.3583773968 a       605     1    13     2     5
      0.7508264787 a       606     1    13     2     6
     -0.8584939241 a       607     1    13     2     7
     -0.7073662876 a       608     1    13     2     8
     -0.7050074040 a       609     1    13     2     9
      0.9407966145 a       610     1    13     2    10
     -0.0319402214 a       611     1    13     2    11
     -0.8194565176 a       612     1    13     2    12
     -0.6056758462 a       613     1    13     2    13
      0.4058657890 a       614     1    13     2    14
     -0.6127275227 a       615     1    13     2    15
     -0.1117082831 a       616     1    14     2     1
      0.5185900933 a       617     1    14     2     2
     -0.0572556253 a       618     1    14     2     3
     -0.2950750586 a       619     1    14     2     4
      0.6738029725 a       620     1    14     2     5
      0.6072964675 a       621     1    14     2     6
      0.8321374662 a       622     1    14     2     7
     -0.2647268173 a       623     1    14     2     8
      0.7360692031 a       624     1    14     2     9
     -0.8855587020 a       625     1    14     2    10
      0.4148799187 a       626     1    14     2    11
      0.8858240851 a       627     1    14     2    12
      0.0453836922 a       628     1    14     2    13
      0.7627142675 a       629     1    14     2    14
      0.9389460095 a       630     1    14     2    15
      0.8647691019 a       631     1    15     2     1
      0.1751897340 a       632     1    15     2     2
      0.4134376055 a       633     1    15     2     3
      0.6456801898 a       634     1    15     2     4
     -0.0535649057 a       635     1    15     2     5
     -0.2654010650 a       636     1    15     2     6
     -0.5956526099 a       637     1    15     2     7
      0.8663667448 a       638     1    15     2     8
     -0.9750731066 a       639     1    15     2     9
     -0.0536865588 a       640     1    15     2    10
     -0.3099930880 a       641     1    15     2    11
     -0.0535783168 a       642     1    15     2    12
     -0.4904248116 a       643     1    15     2    13
     -0.5701373218 a       644     1    15     2    14
     -0.2978570458 a       645     1    15     2    15
     -0.0836661454 b       646     2     1
     -0.1772966381 b       647     2     2
      0.1754816775 b       648     2     3
     -0.6803836821 b       649     2     4
      0.7912358053 b       650     2     5
      0.2996020322 b       651     2     6
     -0.5880011616 b       652     2     7
     -0.5353981553 b       653     2     8
     -0.4368263481 b       654     2     9
      0.2598501449 b       655     2    10
     -0.6977055668 b       656     2    11
     -0.3376950023 b       657     2    12
      0.3596433407 b       658     2    13
      0.5249078280 b       659     2    14
      0.1263519530 b       660     2    15
     -0.4036168454 a       661     2     1     3     1
      0.4118371016 a       662     2     2     3     1
     -0.2544431683 a       663     2     3     3     1
     -0.4267207978 a       664     2     4     3     1
      0.1032078271 a       665     2     5     3     1
      0.6148114211 a       666     2     6     3     1
     -0.8640840053 a       667     2     7     3     1
     -0.6598300038 a       668     2     8     3     1
      0.2372980123 a       669     2     9     3     1
      0.2675527339 a       670     2    10     3     1
      0.7597709901 a       671     2    11     3     1
     -0.5287635920 a       672     2    12     3     1
     -0.9297067970 a       673     2    13     3     1
      0.4178789860 a       674     2    14     3     1
     -0.7083038388 a       675     2    15     3     1
     -0.4624001382 b       676     3     1
