     -0.7947261160 a         1     0     1     1     1
     -0.2692091626 a         2     0     1     1     2
      0.9495584301 a         3     0     1     1     3
      0.7448678151 a         4     0     1     1     4
     -0.7072983843 a         5     0     1     1     5
      0.8704148472 a         6     0     1     1     6
      0.9123248658 a         7     0     1     1     7
     -0.3979830428 a         8     0     1     1     8
      0.2788221835 a         9     0     1     1     9
      0.0360792148 a        10     0     1     1    10
      0.7128705326 a        11     0     1     1    11
     -0.4638847417 a        12     0     1     1    12
      0.1849691678 a        13     0     1     1    13
      0.8699963114 a        14     0     1     1    14
     -0.6419265836 a        15     0     1     1    15
     -0.4531150946 a        16     0     2     1     1
     -0.9397876891 a        17     0     2     1     2
     -0.8579511651 a        18     0     2     1     3
      0.6029000869 a        19     0     2     1     4
     -0.1211956757 a        20     0     2     1     5
      0.0787319834 a        21     0     2     1     6
      0.9174898773 a        22     0     2     1     7
     -0.4550980006 a        23     0     2     1     8
      0.9375004406 a        24     0     2     1     9
     -0.3792178391 a        25     0     2     1    10
     -0.9382760288 a        26     0     2     1    11
      0.3411189647 a        27     0     2     1    12
     -0.5021900216 a        28     0     2     1    13
     -0.6409475133 a        29     0     2     1    14
     -1.0329438576 a        30     0     2     1    15
      0.1100245039 a        31     0     3     1     1
     -0.2274539213 a        32     0     3     1     2
     -0.9322322295 a        33     0     3     1     3
     -0.7175447567 a        34     0     3     1     4
      0.7551939990 a        35     0     3     1     5
     -0.2515747647 a        36     0     3     1     6
     -0.0906975234 a        37     0     3     1     7
      0.8315842157 a        38     0     3     1     8
     -0.3464058201 a        39     0     3     1     9
      0.1221296489 a        40     0     3     1    10
      0.3660171091 a        41     0     3     1    11
      0.0197717292 a        42     0     3     1    12
     -0.7402303795 a        43     0     3     1    13
     -0.6038556365 a        44     0     3     1    14
      0.1710714960 a        45     0     3     1    15
      0.2012353811 a        46     0     4     1     1
     -0.8778829336 a        47     0     4     1     2
     -0.4980205114 a        48     0     4     1     3
      0.3931272180 a        49     0     4     1     4
     -0.5031973120 a        50     0     4     1     5
     -0.1020014121 a        51     0     4     1     6
      0.0220008485 a        52     0     4     1     7
     -0.4431257882 a        53     0     4     1     8
      0.6613432746 a        54     0     4     1     9
      0.1139884625 a        55     0     4     1    10
     -0.6098458368 a        56     0     4     1    11
     -0.9984516787 a        57     0     4     1    12
     -0.6868422456 a        58     0     4     1    13
      0.6331806505 a        59     0     4     1    14
      0.7814164829 a        60     0     4     1    15
      0.1190295761 a        61     0     5     1     1
     -0.2976165558 a        62     0     5     1     2
      0.3709839134 a        63     0     5     1     3
      0.4782000602 a        64     0     5     1     4
     -0.9083485596 a        65     0     5     1     5
     -0.7419055147 a        66     0     5     1     6
      0.2344127603 a        67     0     5     1     7
     -0.0649491393 a        68     0     5     1     8
      0.8843253300 a        69     0     5     1     9
      0.4369135763 a        70     0     5     1    10
     -0.5012467335 a        71     0     5     1    11
      0.5398257904 a        72     0     5     1    12
      0.3443386773 a        73     0     5     1    13
      0.4849000214 a        74     0     5     1    14
      0.6729748182 a        75     0     5     1    15
     -0.1197311700 a        76     0     6     1     1
     -0.6767093550 a        77     0     6     1     2
     -0.0308987617 a        78     0     6     1     3
      0.8813724189 a        79     0     6     1     4
     -0.4760077448 a        80     0     6     1     5
      0.4331291078 a        81     0     6     1     6
     -0.7241661132 a        82     0     6     1     7
      0.9097023422 a        83     0     6     1     8
      0.4696314097 a        84     0     6     1     9
      0.9506935686 a        85     0     6     1    10
     -0.5166270830 a        86     0     6     1    11
      0.2712736672 a        87     0     6     1    12
     -0.7817408987 a        88     0     6     1    13
     -0.3714700609 a        89     0     6     1    14
      0.9265145945 a        90     0     6     1    15
      0.4374213785 a        91     0     7     1     1
      0.5248211432 a        92     0     7     1     2
      0.3581097846 a        93     0     7     1     3
     -0.1631604732 a        94     0     7     1     4
      0.3317765648 a        95     0     7     1     5
     -0.9267839887 a        96     0     7     1     6
      0.5659343473 a        97     0     7     1     7
      0.6503865813 a        98     0     7     1     8
      0.5915658001 a        99     0     7     1     9
      0.3950535481 a       100     0     7     1    10
     -0.6081225664 a       101     0     7     1    11
     -0.3753645976 a       102     0     7     1    12
      0.5426090217 a       103     0     7     1    13
     -0.6344412077 a       104     0     7     1    14
     -0.4444003203 a       105     0     7     1    15
     -0.2713934555 a       106     0     8     1     1
      0.8171864017 a       107     0     8     1     2
     -0.6450627479 a       108     0     8     1     3
      0.8492746614 a       109     0     8     1     4
      0.4916102830 a       110     0     8     1     5
      0.4831916690 a       111     0     8     1     6
      0.3405703876 a       112     0     8     1     7
      0.1231788017 a       113     0     8     1     8
      0.4225485453 a       114     0     8     1     9
     -0.4909792473 a       115     0     8     1    10
     -0.2979628485 a       116     0     8     1    11
      0.9360198256 a       117     0     8     1    12
     -0.4507114629 a       118     0     8     1    13
      0.9241389817 a       119     0     8     1    14
      0.2648513214 a       120     0     8     1    15
      0.2895840437 a       121     0     9     1     1
      0.7899450561 a       122     0     9     1     2
     -0.9136400508 a       123     0     9     1     3
     -0.7688401968 a       124     0     9     1     4
      0.8439513912 a       125     0     9     1     5
      0.0883015993 a       126     0     9     1     6
     -0.7896045992 a       127     0     9     1     7
      0.3236472639 a       128     0     9     1     8
      0.7482318207 a       129     0     9     1     9
     -0.4237467012 a       130     0     9     1    10
     -0.1501783333 a       131     0     9     1    11
     -0.4606582362 a       132     0     9     1    12
      0.0285352164 a       133     0     9     1    13
      0.8967529966 a       134     0     9     1    14
     -0.1758321093 a       135     0     9     1    15
     -0.9728857806 a       136     0    10     1     1
     -0.4132541735 a       137     0    10     1     2
      0.7478655685 a       138     0    10     1     3
     -0.6618873489 a       139     0    10     1     4
     -0.9593173297 a       140     0    10     1     5
     -0.4790489409 a       141     0    10     1     6
     -0.3197572199 a       142     0    10     1     7
      0.7225927495 a       143     0    10     1     8
      0.0346045562 a       144     0    10     1     9
      0.6460455028 a       145     0    10     1    10
      0.7932727146 a       146     0    10     1    11
     -0.3312185325 a       147     0    10     1    12
      0.8360071525 a       148     0    10     1    13
      0.0488293758 a       149     0    10     1    14
      0.3179111997 a       150     0    10     1    15
     -0.3545869376 a       151     0    11     1     1
      0.1500674159 a       152     0    11     1     2
     -0.2699370330 a       153     0    11     1     3
      0.6307123688 a       154     0    11     1     4
     -0.1225954843 a       155     0    11     1     5
      0.6780746262 a       156     0    11     1     6
      0.5697244661 a       157     0    11     1     7
     -0.3295803492 a       158     0    11     1     8
      0.1097240143 a       159     0    11     1     9
     -0.7205834814 a       160     0    11     1    10
      0.1131019832 a       161     0    11     1    11
     -0.0977696035 a       162     0    11     1    12
      0.3502331470 a       163     0    11     1    13
      0.8844028949 a       164     0    11     1    14
     -0.2310014072 a       165     0    11     1    15
      0.5247144487 a       166     0    12     1     1
      0.6225957021 a       167     0    12     1     2
      0.6178177551 a       168     0    12     1     3
      0.0354952829 a       169     0    12     1     4
      0.9367013081 a       170     0    12     1     5
     -0.8902326772 a       171     0    12     1     6
      0.7444381126 a       172     0    12     1     7
     -0.4701979557 a       173     0    12     1     8
      0.9645017774 a       174     0    12     1     9
      0.1068917455 a       175     0    12     1    10
      0.1908867528 a       176     0    12     1    11
     -0.9850954562 a       177     0    12     1    12
     -0.0828025543 a       178     0    12     1    13
     -0.6541723408 a       179     0    12     1    14
      0.1611576578 a       180     0    12     1    15
     -0.4353986723 a       181     0    13     1     1
     -0.0664507973 a       182     0    13     1     2
      0.3627053005 a       183     0    13     1     3
     -0.4672027462 a       184     0    13     1     4
     -0.6321700044 a       185     0    13     1     5
     -0.7490887743 a       186     0    13     1     6
     -0.3918202314 a       187     0    13     1     7
     -0.4420267351 a       188     0    13     1     8
      0.6213497705 a       189     0    13     1     9
      0.4875222052 a       190     0    13     1    10
      0.1471534247 a       191     0    13     1    11
     -0.9142607167 a       192     0    13     1    12
     -0.4230203077 a       193     0    13     1    13
     -0.8489990119 a       194     0    13     1    14
      0.7582183784 a       195     0    13     1    15
     -0.4619651177 a       196     0    14     1     1
     -0.1079725773 a       197     0    14     1     2
      0.3870880144 a       198     0    14     1     3
     -0.4073717898 a       199     0    14     1     4
     -0.5998823893 a       200     0    14     1     5
     -0.5382125758 a       201     0    14     1     6
      0.1205914124 a       202     0    14     1     7
     -0.4741964892 a       203     0    14     1     8
     -0.8607012788 a       204     0    14     1     9
     -0.3499101260 a       205     0    14     1    10
      0.4917466287 a       206     0    14     1    11
      0.3380940711 a       207     0    14     1    12
      0.5247893360 a       208     0    14     1    13
     -0.3773052244 a       209     0    14     1    14
      0.6411647073 a       210     0    14     1    15
      0.7596849912 a       211     0    15     1     1
      0.4382944351 a       212     0    15     1     2
     -0.8744987638 a       213     0    15     1     3
      0.3408834439 a       214     0    15     1     4
      0.0742685384 a       215     0    15     1     5
     -0.0119048183 a       216     0    15     1     6
     -0.7811137983 a       217     0    15     1     7
     -0.9841391212 a       218     0    15     1     8
     -0.0748902899 a       219     0    15     1     9
      0.5176558940 a       220     0    15     1    10
      0.1214444713 a       221     0    15     1    11
     -0.8722318541 a       222     0    15     1    12
      0.1808488265 a       223     0    15     1    13
     -0.8257180478 a       224     0    15     1    14
     -0.9535463896 a       225     0    15     1    15
      0.9351518373 a       226     0    16     1     1
     -0.6267024060 a       227     0    16     1     2
      0.2699410617 a       228     0    16     1     3
     -0.3862397691 a       229     0    16     1     4
      0.0394370244 a       230     0    16     1     5
      0.5747845932 a       231     0    16     1     6
      0.7108069889 a       232     0    16     1     7
     -0.5717609049 a       233     0    16     1     8
      0.8482049814 a       234     0    16     1     9
     -0.3188319023 a       235     0    16     1    10
      0.1866229911 a       236     0    16     1    11
      0.2034317181 a       237     0    16     1    12
      0.9175519232 a       238     0    16     1    13
      0.9585330967 a       239     0    16     1    14
      0.0187295916 a       240     0    16     1    15
      0.4159799136 a       241     0    17     1     1
     -0.6314548587 a       242     0    17     1     2
      0.1124324606 a       243     0    17     1     3
     -0.3407913661 a       244     0    17     1     4
     -0.2642756080 a       245     0    17     1     5
     -0.9427874492 a       246     0    17     1     6
     -0.7849524624 a       247     0    17     1     7
      0.7237222103 a       248     0    17     1     8
      0.7885587924 a       249     0    17     1     9
     -0.3862647584 a       250     0    17     1    10
     -0.3983225967 a       251     0    17     1    11
      0.6951329364 a       252     0    17     1    12
     -0.6705495421 a       253     0    17     1    13
      0.7179064590 a       254     0    17     1    14
      0.0055960892 a       255     0    17     1    15
     -0.0520150489 a       256     0    18     1     1
     -0.7452040376 a       257     0    18     1     2
     -0.4574605099 a       258     0    18     1     3
      0.5609637728 a       259     0    18     1     4
      0.9101172748 a       260     0    18     1     5
     -0.0513978078 a       261     0    18     1     6
      0.4268099130 a       262     0    18     1     7
      0.1716899494 a       263     0    18     1     8
     -0.2131661834 a       264     0    18     1     9
      0.3752749038 a       265     0    18     1    10
      0.1231059329 a       266     0    18     1    11
      0.7079449818 a       267     0    18     1    12
     -0.8045360333 a       268     0    18     1    13
     -0.9486547470 a       269     0    18     1    14
      0.1090786804 a       270     0    18     1    15
     -0.5477736853 a       271     0    19     1     1
     -0.5163697710 a       272     0    19     1     2
     -0.3943290228 a       273     0    19     1     3
      0.0770592715 a       274     0    19     1     4
      0.2301725956 a       275     0    19     1     5
      0.0853501515 a       276     0    19     1     6
      0.0520818691 a       277     0    19     1     7
      0.9147227538 a       278     0    19     1     8
      0.9028377653 a       279     0    19     1     9
     -0.3282685640 a       280     0    19     1    10
     -0.4272641651 a       281     0    19     1    11
      0.4787349989 a       282     0    19     1    12
      0.7004925280 a       283     0    19     1    13
      0.9724737337 a       284     0    19     1    14
      0.6079603277 a       285     0    19     1    15
      0.5813425717 a       286     0    20     1     1
     -0.8476795346 a       287     0    20     1     2
      0.3401379281 a       288     0    20     1     3
      0.7463329242 a       289     0    20     1     4
     -0.4049065823 a       290     0    20     1     5
     -0.2768182075 a       291     0    20     1     6
      0.6332641350 a       292     0    20     1     7
     -0.9138854331 a       293     0    20     1     8
      0.5546835195 a       294     0    20     1     9
      0.4102073853 a       295     0    20     1    10
     -0.7078391792 a       296     0    20     1    11
      0.0025121188 a       297     0    20     1    12
     -0.7765971500 a       298     0    20     1    13
      1.0139508188 a       299     0    20     1    14
      0.2024664033 a       300     0    20     1    15
      0.8001492674 a       301     0    21     1     1
     -0.8842399382 a       302     0    21     1     2
      0.8058302019 a       303     0    21     1     3
     -0.5417453978 a       304     0    21     1     4
      0.9938695510 a       305     0    21     1     5
     -0.2388680692 a       306     0    21     1     6
     -0.3592409147 a       307     0    21     1     7
      0.1951808823 a       308     0    21     1     8
     -0.5028549833 a       309     0    21     1     9
     -0.5620385817 a       310     0    21     1    10
      1.0116142523 a       311     0    21     1    11
     -0.8062735451 a       312     0    21     1    12
     -0.5092292577 a       313     0    21     1    13
     -0.8244447283 a       314     0    21     1    14
     -0.9205986801 a       315     0    21     1    15
     -0.5675035601 a       316     0    22     1     1
     -0.0676268266 a       317     0    22     1     2
      0.3487976302 a       318     0    22     1     3
     -0.4318388953 a       319     0    22     1     4
      0.8961610551 a       320     0    22     1     5
     -0.9986747743 a       321     0    22     1     6
     -0.2591981597 a       322     0    22     1     7
      0.7479314592 a       323     0    22     1     8
     -0.2737148902 a       324     0    22     1     9
     -0.5787887221 a       325     0    22     1    10
     -0.9118750292 a       326     0    22     1    11
     -0.3721326123 a       327     0    22     1    12
      0.3875283568 a       328     0    22     1    13
      0.6402027499 a       329     0    22     1    14
      0.0663089691 a       330     0    22     1    15
     -0.1211099249 a       331     0    23     1     1
      0.8285490423 a       332     0    23     1     2
     -0.2731757598 a       333     0    23     1     3
     -0.3045509691 a       334     0    23     1     4
      0.6958901700 a       335     0    23     1     5
     -0.3309210152 a       336     0    23     1     6
      0.9673423951 a       337     0    23     1     7
     -0.0306610695 a       338     0    23     1     8
      0.8778359583 a       339     0    23     1     9
      0.3463740443 a       340     0    23     1    10
      0.8012783902 a       341     0    23     1    11
      0.7035124566 a       342     0    23     1    12
      0.1659438776 a       343     0    23     1    13
      0.1999826978 a       344     0    23     1    14
      0.5124803385 a       345     0    23     1    15
      0.4632223340 a       346     0    24     1     1
     -0.7338476845 a       347     0    24     1     2
     -0.8775661052 a       348     0    24     1     3
      0.8750412407 a       349     0    24     1     4
      0.7805423073 a       350     0    24     1     5
     -0.5064528354 a       351     0    24     1     6
     -0.8785706403 a       352     0    24     1     7
     -0.5008232116 a       353     0    24     1     8
     -0.9077387297 a       354     0    24     1     9
     -0.3861366725 a       355     0    24     1    10
     -0.4255346044 a       356     0    24     1    11
     -0.8975310163 a       357     0    24     1    12
      0.5157025113 a       358     0    24     1    13
      0.1968776806 a       359     0    24     1    14
     -0.6954195550 a       360     0    24     1    15
     -0.4601172909 a       361     0    25     1     1
      0.2470817117 a       362     0    25     1     2
     -0.5760001422 a       363     0    25     1     3
     -0.6959350123 a       364     0    25     1     4
     -0.4815943481 a       365     0    25     1     5
      0.0089857073 a       366     0    25     1     6
     -0.1741835903 a       367     0    25     1     7
      0.2198454667 a       368     0    25     1     8
      0.7995882258 a       369     0    25     1     9
     -0.5126463320 a       370     0    25     1    10
      0.0137930252 a       371     0    25     1    11
     -0.8436867356 a       372     0    25     1    12
     -0.2253304938 a       373     0    25     1    13
      0.4437509647 a       374     0    25     1    14
     -0.8440426063 a       375     0    25     1    15
     -0.7615343189 a       376     0    26     1     1
      0.8863108505 a       377     0    26     1     2
     -0.9168083949 a       378     0    26     1     3
     -0.3530698260 a       379     0    26     1     4
      0.7637327393 a       380     0    26     1     5
     -0.1069484067 a       381     0    26     1     6
      0.8854906733 a       382     0    26     1     7
      0.4054892795 a       383     0    26     1     8
     -0.1100402433 a       384     0    26     1     9
      0.7484538583 a       385     0    26     1    10
      0.0961912283 a       386     0    26     1    11
     -0.4184967337 a       387     0    26     1    12
      0.7803681848 a       388     0    26     1    13
      0.8049553496 a       389     0    26     1    14
      0.7124043575 a       390     0    26     1    15
     -0.6511846387 a       391     0    27     1     1
      0.5142738924 a       392     0    27     1     2
     -0.1332727652 a       393     0    27     1     3
     -0.3526985061 a       394     0    27     1     4
      0.0829639966 a       395     0    27     1     5
      0.4058194108 a       396     0    27     1     6
      0.0870198761 a       397     0    27     1     7
     -0.7281151469 a       398     0    27     1     8
      0.6010944716 a       399     0    27     1     9
     -0.5468539528 a       400     0    27     1    10
      0.6512615755 a       401     0    27     1    11
     -0.7848512256 a       402     0    27     1    12
      0.3236695178 a       403     0    27     1    13
     -0.2066269485 a       404     0    27     1    14
      0.8057394173 a       405     0    27     1    15
     -0.6415574851 b       406     1     1
      0.9680352117 b       407     1     2
      0.6393729810 b       408     1     3
      0.0350982072 b       409     1     4
     -0.2867074348 b       410     1     5
     -0.3650372967 b       411     1     6
      0.3741638594 b       412     1     7
     -0.3231409948 b       413     1     8
     -0.1923208086 b       414     1     9
     -0.4428256966 b       415     1    10
      0.1985920981 b       416     1    11
     -0.3473295643 b       417     1    12
     -0.4706790937 b       418     1    13
      0.4550687236 b       419     1    14
      1.0393330820 b       420     1    15
      0.8259346552 a       421     1     1     2     1
     -0.2421958919 a       422     1     1     2     2
     -0.0404985200 a       423     1     1     2     3
     -0.3217677978 a       424     1     1     2     4
      0.3981434857 a       425     1     1     2     5
     -0.6284734965 a       426     1     1     2     6
     -0.7470224300 a       427     1     1     2     7
     -0.7774701594 a       428     1     1     2     8
     -0.1339388118 a       429     1     1     2     9
      0.9263442153 a       430     1     1     2    10
      0.3696383194 a       431     1     1     2    11
      0.3900972007 a       432     1     1     2    12
      0.6370394296 a       433     1     1     2    13
     -0.9895668897 a       434     1     1     2    14
     -0.9781877540 a       435     1     1     2    15
     -0.0253620140 a       436     1     2     2     1
     -0.7026156188 a       437     1     2     2     2
      0.1019372062 a       438     1     2     2     3
     -0.2196343849 a       439     1     2     2     4
      0.4116231569 a       440     1     2     2     5
     -0.6626184485 a       441     1     2     2     6
     -0.2334107202 a       442     1     2     2     7
     -0.7510322954 a       443     1     2     2     8
     -0.3219471235 a       444     1     2     2     9
     -0.0708181243 a       445     1     2     2    10
      0.6439014618 a       446     1     2     2    11
      0.8914982015 a       447     1     2     2    12
     -1.1050055023 a       448     1     2     2    13
     -0.0976304699 a       449     1     2     2    14
      0.7017977247 a       450     1     2     2    15
     -0.1850023915 a       451     1     3     2     1
     -0.6752972276 a       452     1     3     2     2
     -0.3235208005 a       453     1     3     2     3
     -0.3642597911 a       454     1     3     2     4
      0.3270539947 a       455     1     3     2     5
      0.4184202193 a       456     1     3     2     6
     -0.9446639347 a       457     1     3     2     7
      0.2306703224 a       458     1     3     2     8
     -0.7901740112 a       459     1     3     2     9
     -0.7743229608 a       460     1     3     2    10
     -0.3802638736 a       461     1     3     2    11
     -0.3402853237 a       462     1     3     2    12
     -0.2816089914 a       463     1     3     2    13
      0.7328912276 a       464     1     3     2    14
      0.5689146690 a       465     1     3     2    15
      0.6820509995 a       466     1     4     2     1
     -0.0651075655 a       467     1     4     2     2
     -0.4310097948 a       468     1     4     2     3
      0.0274014955 a       469     1     4     2     4
      0.7780089217 a       470     1     4     2     5
      0.5853777579 a       471     1     4     2     6
      0.1007906125 a       472     1     4     2     7
     -0.8496120138 a       473     1     4     2     8
     -0.7624571710 a       474     1     4     2     9
     -0.0102596185 a       475     1     4     2    10
      0.3389716343 a       476     1     4     2    11
      0.7238776207 a       477     1     4     2    12
      0.7499586795 a       478     1     4     2    13
      0.4029646513 a       479     1     4     2    14
     -0.3640507334 a       480     1     4     2    15
      0.7114685195 a       481     1     5     2     1
      0.6355036368 a       482     1     5     2     2
      1.0201156770 a       483     1     5     2     3
     -0.3933470531 a       484     1     5     2     4
     -0.1515429719 a       485     1     5     2     5
      0.5226340368 a       486     1     5     2     6
     -0.1554981454 a       487     1     5     2     7
     -0.6388095308 a       488     1     5     2     8
     -0.1840210724 a       489     1     5     2     9
      0.5708933232 a       490     1     5     2    10
      0.8168533083 a       491     1     5     2    11
      0.0799370444 a       492     1     5     2    12
     -0.2124605885 a       493     1     5     2    13
      0.7778727851 a       494     1     5     2    14
     -0.2158814037 a       495     1     5     2    15
     -0.8245260674 a       496     1     6     2     1
     -0.3276517823 a       497     1     6     2     2
     -0.3380014365 a       498     1     6     2     3
      0.1268017748 a       499     1     6     2     4
     -0.5387206467 a       500     1     6     2     5
      0.0406796864 a       501     1     6     2     6
     -0.6029902497 a       502     1     6     2     7
     -0.8913895338 a       503     1     6     2     8
      0.7163232003 a       504     1     6     2     9
     -0.9054143489 a       505     1     6     2    10
     -0.9030568156 a       506     1     6     2    11
      0.8680966168 a       507     1     6     2    12
      0.6873721946 a       508     1     6     2    13
     -0.4418035161 a       509     1     6     2    14
      0.8289599981 a       510     1     6     2    15
      0.8309034238 a       511     1     7     2     1
     -0.6771412219 a       512     1     7     2     2
     -0.6786547693 a       513     1     7     2     3
     -0.4270096630 a       514     1     7     2     4
     -0.4135152856 a       515     1     7     2     5
      0.2125629340 a       516     1     7     2     6
      0.3515415652 a       517     1     7     2     7
     -0.2020950015 a       518     1     7     2     8
     -0.3963707583 a       519     1     7     2     9
     -0.8582052401 a       520     1     7     2    10
      0.4815333398 a       521     1     7     2    11
     -0.4318214582 a       522     1     7     2    12
      0.3937345715 a       523     1     7     2    13
     -0.8132262684 a       524     1     7     2    14
     -0.9486889337 a       525     1     7     2    15
     -0.4472816093 a       526     1     8     2     1
     -0.7872842452 a       527     1     8     2     2
      0.1379409606 a       528     1     8     2     3
      0.6497883894 a       529     1     8     2     4
      0.3751105523 a       530     1     8     2     5
      0.4546774510 a       531     1     8     2     6
     -0.1009772941 a       532     1     8     2     7
     -0.4768451209 a       533     1     8     2     8
      0.3116586542 a       534     1     8     2     9
      0.8964850078 a       535     1     8     2    10
     -0.1565927538 a       536     1     8     2    11
      0.1942845087 a       537     1     8     2    12
     -0.1168044786 a       538     1     8     2    13
      0.4923474628 a       539     1     8     2    14
      0.7555813474 a       540     1     8     2    15
     -0.7037973495 a       541     1     9     2     1
      0.8406697944 a       542     1     9     2     2
      0.1696691013 a       543     1     9     2     3
     -0.3056881116 a       544     1     9     2     4
      0.2523061577 a       545     1     9     2     5
      0.9042337588 a       546     1     9     2     6
      0.1920751542 a       547     1     9     2     7
      0.1139369528 a       548     1     9     2     8
      0.8108565394 a       549     1     9     2     9
      0.1536700444 a       550     1     9     2    10
     -0.6157306394 a       551     1     9     2    11
      0.4586239769 a       552     1     9     2    12
     -0.0254134999 a       553     1     9     2    13
     -0.3834130827 a       554     1     9     2    14
      0.1564498086 a       555     1     9     2    15
     -0.2285380891 a       556     1    10     2     1
     -0.3648394935 a       557     1    10     2     2
      0.4045139740 a       558     1    10     2     3
      0.0095750870 a       559     1    10     2     4
     -0.6048490316 a       560     1    10     2     5
     -0.9757176933 a       561     1    10     2     6
     -0.7974003192 a       562     1    10     2     7
     -0.1633420605 a       563     1    10     2     8
     -0.3304156507 a       564     1    10     2     9
     -0.4673581010 a       565     1    10     2    10
     -0.7463896705 a       566     1    10     2    11
     -0.6919385652 a       567     1    10     2    12
     -0.1113776237 a       568     1    10     2    13
     -0.5073676674 a       569     1    10     2    14
     -0.6644359682 a       570     1    10     2    15
     -0.8477178490 a       571     1    11     2     1
     -0.7677585762 a       572     1    11     2     2
      0.9358958697 a       573     1    11     2     3
     -0.0797473143 a       574     1    11     2     4
     -0.3307898034 a       575     1    11     2     5
      0.2375996146 a       576     1    11     2     6
      0.3147955241 a       577     1    11     2     7
      0.6187556053 a       578     1    11     2     8
      0.1981133936 a       579     1    11     2     9
      0.7354989542 a       580     1    11     2    10
     -0.3924683211 a       581     1    11     2    11
     -0.5270716424 a       582     1    11     2    12
      0.3349599559 a       583     1    11     2    13
     -0.7975434565 a       584     1    11     2    14
      0.9335325543 a       585     1    11     2    15
     -0.4580282494 a       586     1    12     2     1
     -0.9674461813 a       587     1    12     2     2
      0.4173431470 a       588     1    12     2     3
      0.2282143063 a       589     1    12     2     4
      0.0190468374 a       590     1    12     2     5
      0.7663689617 a       591     1    12     2     6
     -0.6135302341 a       592     1    12     2     7
      0.3810215322 a       593     1    12     2     8
      0.5315513211 a       594     1    12     2     9
     -0.4750732165 a       595     1    12     2    10
     -0.5576857068 a       596     1    12     2    11
      0.6955996795 a       597     1    12     2    12
     -0.5927245567 a       598     1    12     2    13
      0.8597372618 a       599     1    12     2    14
      0.2248065798 a       600     1    12     2    15
      0.9968443505 a       601     1    13     2     1
     -0.0907467942 a       602     1    13     2     2
     -0.3485602587 a       603     1    13     2     3
      0.0290509888 a       604     1    13     2     4
     -0.3710536771 a       605     1    13     2     5
      0.6988505903 a       606     1    13     2     6
     -0.6998828137 a       607     1    13     2     7
     -0.7131044934 a       608     1    13     2     8
     -0.7143631128 a       609     1    13     2     9
      0.9296032487 a       610     1    13     2    10
     -0.1478190038 a       611     1    13     2    11
     -0.7543432638 a       612     1    13     2    12
     -0.4806291722 a       613     1    13     2    13
      0.3875827546 a       614     1    13     2    14
     -0.5727180236 a       615     1    13     2    15
     -0.0806875225 a       616     1    14     2     1
      0.5335068931 a       617     1    14     2     2
     -0.0034209477 a       618     1    14     2     3
     -0.2685845559 a       619     1    14     2     4
      0.6741492477 a       620     1    14     2     5
      0.6002222023 a       621     1    14     2     6
      0.8956865627 a       622     1    14     2     7
     -0.2251478483 a       623     1    14     2     8
      0.7092164544 a       624     1    14     2     9
     -0.8903018187 a       625     1    14     2    10
      0.4067124785 a       626     1    14     2    11
      0.8876650042 a       627     1    14     2    12
     -0.0801321603 a       628     1    14     2    13
      0.7945302210 a       629     1    14     2    14
      0.9214183302 a       630     1    14     2    15
      0.7887802691 a       631     1    15     2     1
      0.2538791704 a       632     1    15     2     2
      0.4356095317 a       633     1    15     2     3
      0.6349835058 a       634     1    15     2     4
     -0.0512952556 a       635     1    15     2     5
     -0.2327393269 a       636     1    15     2     6
     -0.6753430183 a       637     1    15     2     7
      0.9342152983 a       638     1    15     2     8
     -0.9870767116 a       639     1    15     2     9
     -0.0691643833 a       640     1    15     2    10
     -0.2648646623 a       641     1    15     2    11
     -0.1056217056 a       642     1    15     2    12
     -0.6682163746 a       643     1    15     2    13
     -0.5343136747 a       644     1    15     2    14
     -0.3020995918 a       645     1    15     2    15
     -0.1594468377 b       646     2     1
     -0.0731457696 b       647     2     2
      0.2491174346 b       648     2     3
     -0.6748749342 b       649     2     4
      0.7903867704 b       650     2     5
      0.3384954942 b       651     2     6
     -0.7013278666 b       652     2     7
     -0.4084485064 b       653     2     8
     -0.4553624140 b       654     2     9
      0.2389330115 b       655     2    10
     -0.6569195092 b       656     2    11
     -0.4100977217 b       657     2    12
      0.1485400010 b       658     2    13
      0.5673117117 b       659     2    14
      0.1360635446 b       660     2    15
     -0.5703070548 a       661     2     1     3     1
      0.3859000617 a       662     2     2     3     1
     -0.5596271395 a       663     2     3     3     1
     -0.3945073573 a       664     2     4     3     1
      0.1147331974 a       665     2     5     3     1
      0.3302544782 a       666     2     6     3     1
     -0.7475305903 a       667     2     7     3     1
     -0.5618635512 a       668     2     8     3     1
      0.3384400482 a       669     2     9     3     1
      0.1158734859 a       670     2    10     3     1
      0.5244626574 a       671     2    11     3     1
     -0.2291810377 a       672     2    12     3     1
     -0.5395296860 a       673     2    13     3     1
      0.0700165205 a       674     2    14     3     1
     -0.5799443936 a       675     2    15     3     1
     -0.5724057009 b       676     3     1
