      0.4577548808 a         1     0     1     1     1
     -0.6302766553 a         2     0     1     1     2
     -0.1564719908 a         3     0     1     1     3
      0.7445791542 a         4     0     1     1     4
      0.0925935058 a         5     0     1     1     5
     -0.9368104522 a         6     0     1     1     6
      0.6913460510 a         7     0     1     1     7
      0.1251663078 a         8     0     1     1     8
     -0.5557579663 a         9     0     1     1     9
     -0.6555919159 a        10     0     1     1    10
      0.2727568513 a        11     0     1     1    11
      0.2225857005 a        12     0     1     1    12
      0.2625688248 a        13     0     1     1    13
     -0.4165754369 a        14     0     1     1    14
     -0.7801943539 a        15     0     1     1    15
     -0.2453458931 a        16     0     2     1     1
     -0.8973813885 a        17     0     2     1     2
      0.5450757341 a        18     0     2     1     3
     -0.2474032493 a        19     0     2     1     4
      0.1772791878 a        20     0     2     1     5
     -0.0264844663 a        21     0     2     1     6
     -0.2015853297 a        22     0     2     1     7
     -0.6430727800 a        23     0     2     1     8
     -0.3066887637 a        24     0     2     1     9
      0.9849421409 a        25     0     2     1    10
      0.3890246826 a        26     0     2     1    11
     -0.4247520893 a        27     0     2     1    12
     -0.1072554853 a        28     0     2     1    13
     -0.6332005119 a        29     0     2     1    14
      0.5752706215 a        30     0     2     1    15
     -0.2291155392 a        31     0     3     1     1
      0.1796411897 a        32     0     3     1     2
      0.2218472795 a        33     0     3     1     3
      0.8405205798 a        34     0     3     1     4
     -0.1877170812 a        35     0     3     1     5
      0.9118386761 a        36     0     3     1     6
      0.2389167819 a        37     0     3     1     7
      0.8714084173 a        38     0     3     1     8
     -0.4690569584 a        39     0     3     1     9
      0.1285185296 a        40     0     3     1    10
     -0.4610754192 a        41     0     3     1    11
      0.0605741625 a        42     0     3     1    12
     -0.1792723536 a        43     0     3     1    13
      0.2158994805 a        44     0     3     1    14
     -0.1375770701 a        45     0     3     1    15
      0.6217172541 a        46     0     4     1     1
      0.7395251213 a        47     0     4     1     2
     -0.9518515651 a        48     0     4     1     3
     -0.1498947360 a        49     0     4     1     4
     -0.6111300665 a        50     0     4     1     5
      0.3522344425 a        51     0     4     1     6
     -0.7761110441 a        52     0     4     1     7
      0.6456279632 a        53     0     4     1     8
     -0.3024299109 a        54     0     4     1     9
      0.6259099074 a        55     0     4     1    10
     -0.3888553351 a        56     0     4     1    11
      0.5508403254 a        57     0     4     1    12
     -1.0475476467 a        58     0     4     1    13
      0.8277353992 a        59     0     4     1    14
     -0.9463218989 a        60     0     4     1    15
      0.0094443853 a        61     0     5     1     1
      0.9707698209 a        62     0     5     1     2
     -0.5153664574 a        63     0     5     1     3
     -0.5440095692 a        64     0     5     1     4
     -0.4195649788 a        65     0     5     1     5
     -0.6165634576 a        66     0     5     1     6
      0.4797788669 a        67     0     5     1     7
      0.4196076349 a        68     0     5     1     8
     -0.9501535546 a        69     0     5     1     9
      0.1883658033 a        70     0     5     1    10
     -0.2973994888 a        71     0     5     1    11
     -0.6437169722 a        72     0     5     1    12
      0.5900513373 a        73     0     5     1    13
      0.1123140393 a        74     0     5     1    14
     -0.0483990898 a        75     0     5     1    15
      0.7613179974 a        76     0     6     1     1
     -0.3350182011 a        77     0     6     1     2
      0.8008003911 a        78     0     6     1     3
     -0.0303627586 a        79     0     6     1     4
      0.1307288323 a        80     0     6     1     5
      0.4300817329 a        81     0     6     1     6
     -0.3752130762 a        82     0     6     1     7
     -0.9139568918 a        83     0     6     1     8
      0.6342972261 a        84     0     6     1     9
     -0.5468006284 a        85     0     6     1    10
     -0.0687942575 a        86     0     6     1    11
     -0.0422472414 a        87     0     6     1    12
     -0.5516546029 a        88     0     6     1    13
     -0.6259029555 a        89     0     6     1    14
     -0.6303504014 a        90     0     6     1    15
     -0.1033352022 a        91     0     7     1     1
      0.7164438627 a        92     0     7     1     2
     -0.4777016305 a        93     0     7     1     3
      0.0597887303 a        94     0     7     1     4
      0.3584989013 a        95     0     7     1     5
     -0.5369274915 a        96     0     7     1     6
      0.6039288247 a        97     0     7     1     7
     -0.1045551168 a        98     0     7     1     8
      0.2956197686 a        99     0     7     1     9
     -0.5695519301 a       100     0     7     1    10
     -0.8737824235 a       101     0     7     1    11
      0.4722723858 a       102     0     7     1    12
      0.9006636810 a       103     0     7     1    13
      0.7294634479 a       104     0     7     1    14
     -0.8812235162 a       105     0     7     1    15
      0.3159271355 a       106     0     8     1     1
      0.6317116553 a       107     0     8     1     2
     -0.7841329218 a       108     0     8     1     3
      0.1567662689 a       109     0     8     1     4
     -0.7402852207 a       110     0     8     1     5
      0.7355886117 a       111     0     8     1     6
      0.2594318118 a       112     0     8     1     7
      0.6821278520 a       113     0     8     1     8
      0.6642227244 a       114     0     8     1     9
      0.0712927670 a       115     0     8     1    10
      0.4125689706 a       116     0     8     1    11
     -0.5667655784 a       117     0     8     1    12
     -0.6830674033 a       118     0     8     1    13
      0.6119598497 a       119     0     8     1    14
     -0.7019375147 a       120     0     8     1    15
     -0.3958048116 a       121     0     9     1     1
     -0.6904564660 a       122     0     9     1     2
     -0.8058161973 a       123     0     9     1     3
      0.6079948392 a       124     0     9     1     4
      0.1199472842 a       125     0     9     1     5
      0.6469156592 a       126     0     9     1     6
     -0.6592734345 a       127     0     9     1     7
     -0.7446956694 a       128     0     9     1     8
     -0.2316520305 a       129     0     9     1     9
     -0.6977097260 a       130     0     9     1    10
      0.7758530231 a       131     0     9     1    11
     -0.8110800305 a       132     0     9     1    12
      0.0073751915 a       133     0     9     1    13
     -0.0532161455 a       134     0     9     1    14
     -0.9019152461 a       135     0     9     1    15
      0.4591615758 a       136     0    10     1     1
     -0.6220559604 a       137     0    10     1     2
      0.6062880747 a       138     0    10     1     3
     -0.9946298374 a       139     0    10     1     4
      0.4621578194 a       140     0    10     1     5
      0.7212174430 a       141     0    10     1     6
      0.8826792350 a       142     0    10     1     7
      0.5180924458 a       143     0    10     1     8
      0.7127825048 a       144     0    10     1     9
     -0.6182265343 a       145     0    10     1    10
      0.0264609234 a       146     0    10     1    11
      0.9269772294 a       147     0    10     1    12
      0.1687984733 a       148     0    10     1    13
      0.1006106466 a       149     0    10     1    14
     -0.9450797504 a       150     0    10     1    15
      0.5862729600 a       151     0    11     1     1
      0.5455710313 a       152     0    11     1     2
      0.3991236925 a       153     0    11     1     3
     -0.3707484693 a       154     0    11     1     4
      0.5887215812 a       155     0    11     1     5
      0.6596572333 a       156     0    11     1     6
     -0.6889403357 a       157     0    11     1     7
     -0.6137441411 a       158     0    11     1     8
      0.0501236739 a       159     0    11     1     9
     -0.1652443029 a       160     0    11     1    10
     -0.3612548083 a       161     0    11     1    11
      0.1100457647 a       162     0    11     1    12
      0.9668947993 a       163     0    11     1    13
      0.7773992394 a       164     0    11     1    14
     -0.2862671299 a       165     0    11     1    15
      0.3574787497 a       166     0    12     1     1
      0.2627905266 a       167     0    12     1     2
     -0.2218990054 a       168     0    12     1     3
     -0.3103543469 a       169     0    12     1     4
     -0.4030392361 a       170     0    12     1     5
     -0.9018957207 a       171     0    12     1     6
     -0.6866037333 a       172     0    12     1     7
      0.2655912609 a       173     0    12     1     8
     -0.7642527218 a       174     0    12     1     9
     -0.1573335075 a       175     0    12     1    10
     -0.4172102768 a       176     0    12     1    11
     -0.1786908490 a       177     0    12     1    12
      0.0744829146 a       178     0    12     1    13
     -0.6914221281 a       179     0    12     1    14
      0.5891333930 a       180     0    12     1    15
      0.1806204351 a       181     0    13     1     1
     -0.3139812822 a       182     0    13     1     2
     -0.7608941660 a       183     0    13     1     3
     -0.4820893436 a       184     0    13     1     4
      0.2379242269 a       185     0    13     1     5
      0.4009815984 a       186     0    13     1     6
     -0.5784410210 a       187     0    13     1     7
     -0.2257298870 a       188     0    13     1     8
      0.2419874104 a       189     0    13     1     9
      0.7832694987 a       190     0    13     1    10
     -0.7560369195 a       191     0    13     1    11
      0.1648803867 a       192     0    13     1    12
     -0.7004645337 a       193     0    13     1    13
     -0.9143474915 a       194     0    13     1    14
      0.1363709463 a       195     0    13     1    15
     -0.8118921230 a       196     0    14     1     1
      0.9204734598 a       197     0    14     1     2
     -0.5854925345 a       198     0    14     1     3
      0.5494085125 a       199     0    14     1     4
     -0.8683429583 a       200     0    14     1     5
      0.7499450808 a       201     0    14     1     6
     -0.0032559089 a       202     0    14     1     7
      0.1971325947 a       203     0    14     1     8
      0.8521542407 a       204     0    14     1     9
     -0.5289792294 a       205     0    14     1    10
     -0.8854784833 a       206     0    14     1    11
      0.0984993727 a       207     0    14     1    12
     -0.2303134324 a       208     0    14     1    13
     -0.4916944281 a       209     0    14     1    14
     -0.5841874255 a       210     0    14     1    15
     -0.1491602103 a       211     0    15     1     1
     -0.1310505871 a       212     0    15     1     2
      0.4571923985 a       213     0    15     1     3
     -0.3433470900 a       214     0    15     1     4
     -0.0799395980 a       215     0    15     1     5
      0.2537050999 a       216     0    15     1     6
      0.3116529253 a       217     0    15     1     7
      0.6046038320 a       218     0    15     1     8
      0.4579479458 a       219     0    15     1     9
      0.1316167870 a       220     0    15     1    10
      0.7140513649 a       221     0    15     1    11
     -0.4386803725 a       222     0    15     1    12
     -0.8191285273 a       223     0    15     1    13
      0.7256948028 a       224     0    15     1    14
      0.8782644041 a       225     0    15     1    15
     -0.2914607182 a       226     0    16     1     1
     -0.7624466601 a       227     0    16     1     2
     -0.2969720132 a       228     0    16     1     3
     -0.9099885772 a       229     0    16     1     4
     -0.9507829907 a       230     0    16     1     5
      0.1145795799 a       231     0    16     1     6
     -0.5675186408 a       232     0    16     1     7
     -0.9668219892 a       233     0    16     1     8
     -0.6612378760 a       234     0    16     1     9
     -0.9729193113 a       235     0    16     1    10
     -0.3068843831 a       236     0    16     1    11
      0.5092332414 a       237     0    16     1    12
      0.3258623759 a       238     0    16     1    13
      0.3550825252 a       239     0    16     1    14
      0.5717357353 a       240     0    16     1    15
      0.1289622201 a       241     0    17     1     1
      0.4298401702 a       242     0    17     1     2
     -0.7937283969 a       243     0    17     1     3
      0.8107722603 a       244     0    17     1     4
     -0.2801332680 a       245     0    17     1     5
     -0.1775981540 a       246     0    17     1     6
     -0.3732760162 a       247     0    17     1     7
      0.7390307309 a       248     0    17     1     8
     -0.8850951614 a       249     0    17     1     9
     -0.7960367067 a       250     0    17     1    10
     -0.1965808667 a       251     0    17     1    11
      0.9392179222 a       252     0    17     1    12
      0.4609717850 a       253     0    17     1    13
      0.1758051657 a       254     0    17     1    14
      0.5220472386 a       255     0    17     1    15
     -0.5139942596 a       256     0    18     1     1
      0.3309187230 a       257     0    18     1     2
      0.6962841418 a       258     0    18     1     3
     -0.2207996298 a       259     0    18     1     4
      0.3280018357 a       260     0    18     1     5
     -0.2441481788 a       261     0    18     1     6
      0.2386354050 a       262     0    18     1     7
      0.9445522557 a       263     0    18     1     8
      0.9326011449 a       264     0    18     1     9
     -0.8948023734 a       265     0    18     1    10
      0.6185664753 a       266     0    18     1    11
     -0.0637978982 a       267     0    18     1    12
     -0.7953451799 a       268     0    18     1    13
      0.1593201050 a       269     0    18     1    14
      0.6105788939 a       270     0    18     1    15
      0.1968379178 a       271     0    19     1     1
     -0.8366454573 a       272     0    19     1     2
     -0.3538174807 a       273     0    19     1     3
      0.4624792226 a       274     0    19     1     4
     -0.4632366050 a       275     0    19     1     5
     -0.3815002036 a       276     0    19     1     6
     -0.8298320058 a       277     0    19     1     7
     -0.9528985447 a       278     0    19     1     8
     -0.8913470713 a       279     0    19     1     9
     -0.2125372552 a       280     0    19     1    10
     -0.0969458176 a       281     0    19     1    11
     -0.8243179625 a       282     0    19     1    12
      0.7448225588 a       283     0    19     1    13
      0.3114267196 a       284     0    19     1    14
     -0.9676540957 a       285     0    19     1    15
     -0.0708317335 a       286     0    20     1     1
      0.7717346655 a       287     0    20     1     2
     -0.2473210719 a       288     0    20     1     3
     -0.4156312565 a       289     0    20     1     4
      0.9133457491 a       290     0    20     1     5
     -0.7854844171 a       291     0    20     1     6
      0.2039468749 a       292     0    20     1     7
     -0.4989120528 a       293     0    20     1     8
     -0.8164104345 a       294     0    20     1     9
     -0.1867104013 a       295     0    20     1    10
     -0.1803483743 a       296     0    20     1    11
      0.6496604581 a       297     0    20     1    12
      0.4228180595 a       298     0    20     1    13
      0.1587784684 a       299     0    20     1    14
     -0.7262606629 a       300     0    20     1    15
      0.2316689195 a       301     0    21     1     1
      0.8902693419 a       302     0    21     1     2
     -0.3960571697 a       303     0    21     1     3
      0.4305635310 a       304     0    21     1     4
     -0.3638669810 a       305     0    21     1     5
     -0.5947910060 a       306     0    21     1     6
      0.1268684057 a       307     0    21     1     7
     -0.9429115657 a       308     0    21     1     8
      0.2033186446 a       309     0    21     1     9
      0.6548895935 a       310     0    21     1    10
      0.9849304714 a       311     0    21     1    11
      0.1129532770 a       312     0    21     1    12
     -0.5764745882 a       313     0    21     1    13
      0.4964195724 a       314     0    21     1    14
     -0.4391877060 a       315     0    21     1    15
     -0.1797007330 a       316     0    22     1     1
     -0.3059865080 a       317     0    22     1     2
     -0.3416623421 a       318     0    22     1     3
      0.6263145757 a       319     0    22     1     4
      0.0275402615 a       320     0    22     1     5
      0.6010152283 a       321     0    22     1     6
     -0.5586649599 a       322     0    22     1     7
     -0.8961046988 a       323     0    22     1     8
      0.2595621226 a       324     0    22     1     9
      0.4000867963 a       325     0    22     1    10
      0.8562746984 a       326     0    22     1    11
     -0.2477129365 a       327     0    22     1    12
      0.7051186031 a       328     0    22     1    13
     -0.6391369355 a       329     0    22     1    14
      0.2256958039 a       330     0    22     1    15
     -0.2581523502 a       331     0    23     1     1
      0.4384767179 a       332     0    23     1     2
     -0.7815580800 a       333     0    23     1     3
     -0.1630536220 a       334     0    23     1     4
      0.6823882612 a       335     0    23     1     5
     -0.6354430597 a       336     0    23     1     6
     -0.3565142040 a       337     0    23     1     7
     -0.0203599499 a       338     0    23     1     8
     -0.8394750495 a       339     0    23     1     9
      0.2373976166 a       340     0    23     1    10
      0.0044246376 a       341     0    23     1    11
      0.4489641977 a       342     0    23     1    12
     -0.0522114719 a       343     0    23     1    13
     -0.5997484673 a       344     0    23     1    14
      0.1977887672 a       345     0    23     1    15
     -0.0037586425 a       346     0    24     1     1
     -0.3179551098 a       347     0    24     1     2
     -0.1610033951 a       348     0    24     1     3
     -0.0620511377 a       349     0    24     1     4
      0.8896388905 a       350     0    24     1     5
     -0.3439079455 a       351     0    24     1     6
     -0.1068811823 a       352     0    24     1     7
     -0.1305546213 a       353     0    24     1     8
     -0.0817481242 a       354     0    24     1     9
      0.9127445803 a       355     0    24     1    10
      0.2308149452 a       356     0    24     1    11
      0.2779827014 a       357     0    24     1    12
     -0.8639130665 a       358     0    24     1    13
     -0.2159743786 a       359     0    24     1    14
     -0.4457147898 a       360     0    24     1    15
      0.1394788054 a       361     0    25     1     1
     -0.3793914489 a       362     0    25     1     2
      0.1572001597 a       363     0    25     1     3
      0.5579085435 a       364     0    25     1     4
     -0.4158344293 a       365     0    25     1     5
      0.3336481250 a       366     0    25     1     6
     -0.0910083889 a       367     0    25     1     7
      0.5768338089 a       368     0    25     1     8
      0.5218463484 a       369     0    25     1     9
     -0.2116660924 a       370     0    25     1    10
      0.9628923741 a       371     0    25     1    11
      0.6921347480 a       372     0    25     1    12
      0.6324427678 a       373     0    25     1    13
      0.7615341112 a       374     0    25     1    14
     -0.1698119443 a       375     0    25     1    15
      0.5501603069 a       376     0    26     1     1
     -0.9749165345 a       377     0    26     1     2
      0.6020473053 a       378     0    26     1     3
      0.0883271084 a       379     0    26     1     4
      0.5644736524 a       380     0    26     1     5
     -0.4130938103 a       381     0    26     1     6
      0.4398831769 a       382     0    26     1     7
     -0.3574883210 a       383     0    26     1     8
      0.8403418806 a       384     0    26     1     9
      0.9192270866 a       385     0    26     1    10
      0.0915475634 a       386     0    26     1    11
     -0.3756491710 a       387     0    26     1    12
     -0.2514526933 a       388     0    26     1    13
      0.1403704550 a       389     0    26     1    14
      0.9563570026 a       390     0    26     1    15
     -0.6140881037 a       391     0    27     1     1
     -0.8347389970 a       392     0    27     1     2
      0.6904069339 a       393     0    27     1     3
     -0.4120241917 a       394     0    27     1     4
      0.8070541331 a       395     0    27     1     5
     -0.0990690096 a       396     0    27     1     6
      0.1165307823 a       397     0    27     1     7
     -0.5891879022 a       398     0    27     1     8
      0.6371254459 a       399     0    27     1     9
     -0.1728280713 a       400     0    27     1    10
      0.7314122470 a       401     0    27     1    11
     -0.8615654468 a       402     0    27     1    12
      0.6380865934 a       403     0    27     1    13
      0.0755520457 a       404     0    27     1    14
      0.1156610296 a       405     0    27     1    15
      0.2039656755 a       406     0    28     1     1
     -0.3055091364 a       407     0    28     1     2
      0.1656894321 a       408     0    28     1     3
     -0.9888327117 a       409     0    28     1     4
     -0.1106383743 a       410     0    28     1     5
      0.8351213101 a       411     0    28     1     6
     -0.2088168897 a       412     0    28     1     7
      0.2260550328 a       413     0    28     1     8
      0.3955558774 a       414     0    28     1     9
     -0.9517139749 a       415     0    28     1    10
     -0.3488588604 a       416     0    28     1    11
     -0.1790674717 a       417     0    28     1    12
     -0.0165419024 a       418     0    28     1    13
     -0.0967478219 a       419     0    28     1    14
      0.0567628599 a       420     0    28     1    15
      0.0864256298 a       421     0    29     1     1
     -0.0625412475 a       422     0    29     1     2
     -0.0164667630 a       423     0    29     1     3
      0.6832827376 a       424     0    29     1     4
      0.1222336210 a       425     0    29     1     5
     -0.6155356009 a       426     0    29     1     6
     -0.7146949009 a       427     0    29     1     7
     -0.7059711153 a       428     0    29     1     8
     -0.3782646945 a       429     0    29     1     9
      0.6765378303 a       430     0    29     1    10
      0.1953716381 a       431     0    29     1    11
      0.4851070392 a       432     0    29     1    12
     -0.2027564466 a       433     0    29     1    13
      0.7027675979 a       434     0    29     1    14
     -0.3991546869 a       435     0    29     1    15
      0.2566587447 a       436     0    30     1     1
      0.2810659176 a       437     0    30     1     2
     -0.4092290321 a       438     0    30     1     3
     -0.2712234157 a       439     0    30     1     4
      0.2086773102 a       440     0    30     1     5
     -0.1057739061 a       441     0    30     1     6
     -0.6219519934 a       442     0    30     1     7
      0.0542980143 a       443     0    30     1     8
     -0.2444479787 a       444     0    30     1     9
      0.6232602220 a       445     0    30     1    10
     -0.9278958620 a       446     0    30     1    11
     -0.6452517082 a       447     0    30     1    12
      0.2679785455 a       448     0    30     1    13
     -0.6467598130 a       449     0    30     1    14
     -0.2642232151 a       450     0    30     1    15
     -0.7345515869 b       451     1     1
     -0.2092660028 b       452     1     2
     -0.2508872001 b       453     1     3
      0.9704321883 b       454     1     4
     -0.6885641249 b       455     1     5
     -0.2285483849 b       456     1     6
     -1.0178537211 b       457     1     7
      0.7457962478 b       458     1     8
     -0.8985325946 b       459     1     9
      0.6175518817 b       460     1    10
      0.3823397865 b       461     1    11
     -0.3432043640 b       462     1    12
      0.4168311664 b       463     1    13
     -0.3454318299 b       464     1    14
      0.8001085140 b       465     1    15
     -0.9387278276 a       466     1     1     2     1
     -0.2276115819 a       467     1     1     2     2
     -0.1507986825 a       468     1     1     2     3
      0.3419131126 a       469     1     1     2     4
     -0.7404550941 a       470     1     1     2     5
      0.2389354103 a       471     1     1     2     6
      0.0765696786 a       472     1     1     2     7
      0.5419627794 a       473     1     1     2     8
      0.4553501841 a       474     1     1     2     9
      0.1379685285 a       475     1     1     2    10
      0.6048501021 a       476     1     1     2    11
      0.8610983023 a       477     1     1     2    12
      0.0805435842 a       478     1     1     2    13
      0.8819952383 a       479     1     1     2    14
      0.2485654502 a       480     1     1     2    15
      0.3420220078 a       481     1     2     2     1
      0.1919751692 a       482     1     2     2     2
     -0.9769802742 a       483     1     2     2     3
     -0.4312679795 a       484     1     2     2     4
      0.3651470158 a       485     1     2     2     5
     -0.9001200576 a       486     1     2     2     6
      0.4141068366 a       487     1     2     2     7
     -0.9075885082 a       488     1     2     2     8
     -0.8192030209 a       489     1     2     2     9
     -0.1033319985 a       490     1     2     2    10
      0.4483025081 a       491     1     2     2    11
      0.4643125055 a       492     1     2     2    12
      0.5657150950 a       493     1     2     2    13
     -0.5961676718 a       494     1     2     2    14
     -0.2533409671 a       495     1     2     2    15
      0.6432606313 a       496     1     3     2     1
     -0.0737914692 a       497     1     3     2     2
      0.9542165173 a       498     1     3     2     3
     -0.2216587377 a       499     1     3     2     4
     -0.3822003689 a       500     1     3     2     5
     -0.0235121899 a       501     1     3     2     6
     -0.8050061293 a       502     1     3     2     7
      0.3628643753 a       503     1     3     2     8
     -0.9721187380 a       504     1     3     2     9
     -0.3024406143 a       505     1     3     2    10
     -0.9102864099 a       506     1     3     2    11
      0.4731023898 a       507     1     3     2    12
     -0.3174115926 a       508     1     3     2    13
      0.1828767907 a       509     1     3     2    14
     -0.5587156090 a       510     1     3     2    15
     -0.6874509177 a       511     1     4     2     1
     -0.7056700242 a       512     1     4     2     2
     -0.7930990173 a       513     1     4     2     3
     -1.0249931658 a       514     1     4     2     4
     -0.7235340249 a       515     1     4     2     5
     -0.8819121978 a       516     1     4     2     6
     -0.4294546186 a       517     1     4     2     7
      0.9205184878 a       518     1     4     2     8
      1.0017209417 a       519     1     4     2     9
     -0.8849085991 a       520     1     4     2    10
      0.8213097537 a       521     1     4     2    11
      0.6451453500 a       522     1     4     2    12
     -0.6979695975 a       523     1     4     2    13
     -0.6203835269 a       524     1     4     2    14
     -0.4841631035 a       525     1     4     2    15
     -0.1277499370 a       526     1     5     2     1
      0.2037314271 a       527     1     5     2     2
     -0.4936712124 a       528     1     5     2     3
      0.8633338825 a       529     1     5     2     4
     -0.0771030984 a       530     1     5     2     5
     -0.7345194485 a       531     1     5     2     6
     -0.0207731663 a       532     1     5     2     7
      0.2171971297 a       533     1     5     2     8
     -0.6742723174 a       534     1     5     2     9
     -0.4006661273 a       535     1     5     2    10
     -0.7293240629 a       536     1     5     2    11
     -0.3722363933 a       537     1     5     2    12
      0.3348359244 a       538     1     5     2    13
     -0.9118357616 a       539     1     5     2    14
     -0.7225442216 a       540     1     5     2    15
      0.2433407832 a       541     1     6     2     1
      0.4760693345 a       542     1     6     2     2
     -0.0574747080 a       543     1     6     2     3
     -0.3852207787 a       544     1     6     2     4
     -0.7036921336 a       545     1     6     2     5
      0.2687473119 a       546     1     6     2     6
     -0.1251012718 a       547     1     6     2     7
     -0.8858400318 a       548     1     6     2     8
     -0.6091476478 a       549     1     6     2     9
      0.3708771632 a       550     1     6     2    10
     -0.2665454240 a       551     1     6     2    11
     -0.6006782742 a       552     1     6     2    12
     -0.1771733772 a       553     1     6     2    13
     -0.8150474611 a       554     1     6     2    14
      0.0406321481 a       555     1     6     2    15
     -0.3408442764 a       556     1     7     2     1
     -0.1380950569 a       557     1     7     2     2
      0.6720324558 a       558     1     7     2     3
      0.3920391192 a       559     1     7     2     4
      0.1631618641 a       560     1     7     2     5
      0.7248187963 a       561     1     7     2     6
     -0.8187653975 a       562     1     7     2     7
      0.9580408904 a       563     1     7     2     8
     -0.0429815408 a       564     1     7     2     9
     -0.8496774202 a       565     1     7     2    10
     -0.1493358068 a       566     1     7     2    11
      0.5051069683 a       567     1     7     2    12
     -0.2137296794 a       568     1     7     2    13
     -0.9682735015 a       569     1     7     2    14
      0.3122904430 a       570     1     7     2    15
     -0.8898593882 a       571     1     8     2     1
      0.1818439284 a       572     1     8     2     2
      0.9908587777 a       573     1     8     2     3
      0.1837311074 a       574     1     8     2     4
      0.2169660817 a       575     1     8     2     5
      0.3274883281 a       576     1     8     2     6
      0.7621681160 a       577     1     8     2     7
      0.9049750628 a       578     1     8     2     8
      0.5402308080 a       579     1     8     2     9
      0.3184433921 a       580     1     8     2    10
     -0.7668610906 a       581     1     8     2    11
     -0.5841250478 a       582     1     8     2    12
     -0.5713408102 a       583     1     8     2    13
      0.8621765079 a       584     1     8     2    14
      0.2907569553 a       585     1     8     2    15
     -0.5163275318 a       586     1     9     2     1
     -0.5572065155 a       587     1     9     2     2
     -0.4252152777 a       588     1     9     2     3
      0.6550908603 a       589     1     9     2     4
      0.8513356700 a       590     1     9     2     5
     -0.6395512479 a       591     1     9     2     6
      0.6192845830 a       592     1     9     2     7
      0.2488893456 a       593     1     9     2     8
      0.0719019008 a       594     1     9     2     9
     -0.1751158169 a       595     1     9     2    10
      0.5168669027 a       596     1     9     2    11
      0.1196154282 a       597     1     9     2    12
     -0.9264891778 a       598     1     9     2    13
     -0.5443030856 a       599     1     9     2    14
      0.4834643518 a       600     1     9     2    15
      0.5377944685 a       601     1    10     2     1
     -0.7465893855 a       602     1    10     2     2
      0.0873961692 a       603     1    10     2     3
     -0.6699704056 a       604     1    10     2     4
     -0.1531422553 a       605     1    10     2     5
      0.9200815904 a       606     1    10     2     6
     -0.4348483828 a       607     1    10     2     7
      0.9838922611 a       608     1    10     2     8
     -0.8411060292 a       609     1    10     2     9
     -0.2954391401 a       610     1    10     2    10
      0.2336915824 a       611     1    10     2    11
     -0.7495384471 a       612     1    10     2    12
      0.6730785620 a       613     1    10     2    13
      0.2049569001 a       614     1    10     2    14
     -0.8573195087 a       615     1    10     2    15
     -0.7410637073 a       616     1    11     2     1
      0.7787344606 a       617     1    11     2     2
     -0.1369026484 a       618     1    11     2     3
      0.2197207416 a       619     1    11     2     4
     -0.8621633655 a       620     1    11     2     5
      0.9503639044 a       621     1    11     2     6
     -0.5229325140 a       622     1    11     2     7
     -0.4683751220 a       623     1    11     2     8
      0.4620485882 a       624     1    11     2     9
      0.0045903799 a       625     1    11     2    10
     -0.4761288686 a       626     1    11     2    11
     -1.0188099388 a       627     1    11     2    12
      1.0425708438 a       628     1    11     2    13
      0.3056533231 a       629     1    11     2    14
     -0.4242213000 a       630     1    11     2    15
      0.9853150787 a       631     1    12     2     1
      0.0921960673 a       632     1    12     2     2
     -0.9609031844 a       633     1    12     2     3
      0.5373415938 a       634     1    12     2     4
      1.0026461560 a       635     1    12     2     5
      0.5726030857 a       636     1    12     2     6
     -0.5499101527 a       637     1    12     2     7
     -0.0643003003 a       638     1    12     2     8
     -0.9729926685 a       639     1    12     2     9
     -0.0808492125 a       640     1    12     2    10
     -0.0840790515 a       641     1    12     2    11
     -0.3085888310 a       642     1    12     2    12
     -0.6994217080 a       643     1    12     2    13
      0.5259130324 a       644     1    12     2    14
     -0.2188565024 a       645     1    12     2    15
     -0.0986506827 a       646     1    13     2     1
     -0.3020376283 a       647     1    13     2     2
     -0.1287980334 a       648     1    13     2     3
     -0.9708123572 a       649     1    13     2     4
     -0.8768549051 a       650     1    13     2     5
      0.8792390006 a       651     1    13     2     6
     -0.5056074436 a       652     1    13     2     7
     -0.0545536301 a       653     1    13     2     8
     -0.4584856441 a       654     1    13     2     9
      0.1357185563 a       655     1    13     2    10
     -0.9640788451 a       656     1    13     2    11
     -0.8143214197 a       657     1    13     2    12
     -0.2174361896 a       658     1    13     2    13
      0.2007841846 a       659     1    13     2    14
     -0.1385767386 a       660     1    13     2    15
      0.8641918824 a       661     1    14     2     1
      0.5275243986 a       662     1    14     2     2
      0.1174714921 a       663     1    14     2     3
      0.1681877065 a       664     1    14     2     4
      0.3805599353 a       665     1    14     2     5
      0.9650710917 a       666     1    14     2     6
     -0.0040974260 a       667     1    14     2     7
     -0.4260680175 a       668     1    14     2     8
      0.6268180877 a       669     1    14     2     9
     -0.0440673070 a       670     1    14     2    10
      0.4440373858 a       671     1    14     2    11
     -0.2510295311 a       672     1    14     2    12
     -0.8371943795 a       673     1    14     2    13
      0.6042674344 a       674     1    14     2    14
     -0.5394337931 a       675     1    14     2    15
      0.4337181819 a       676     1    15     2     1
     -0.1050848754 a       677     1    15     2     2
      0.0181789589 a       678     1    15     2     3
      0.5800773534 a       679     1    15     2     4
     -0.8681462938 a       680     1    15     2     5
      0.2725593351 a       681     1    15     2     6
     -0.2190360546 a       682     1    15     2     7
     -0.6125262605 a       683     1    15     2     8
     -0.3486884229 a       684     1    15     2     9
      0.2802394062 a       685     1    15     2    10
     -0.0360465123 a       686     1    15     2    11
      0.7404932874 a       687     1    15     2    12
      0.7973923272 a       688     1    15     2    13
     -0.2714143587 a       689     1    15     2    14
      0.2353588765 a       690     1    15     2    15
     -0.8235513478 b       691     2     1
      0.3206246844 b       692     2     2
      0.4770843310 b       693     2     3
      0.8045558341 b       694     2     4
      0.1082863284 b       695     2     5
      0.8641393973 b       696     2     6
     -0.9869547997 b       697     2     7
     -0.9678492964 b       698     2     8
     -0.1406718352 b       699     2     9
      0.9110742473 b       700     2    10
     -0.2908648549 b       701     2    11
     -0.5338013935 b       702     2    12
      0.2101700472 b       703     2    13
      0.7790385369 b       704     2    14
      0.2814146137 b       705     2    15
     -0.8276182871 a       706     2     1     3     1
      0.2936422654 a       707     2     2     3     1
      0.5332529782 a       708     2     3     3     1
     -0.7927640607 a       709     2     4     3     1
     -0.4183689763 a       710     2     5     3     1
      0.6700059968 a       711     2     6     3     1
     -0.5323530204 a       712     2     7     3     1
     -0.0707266375 a       713     2     8     3     1
     -0.8189026738 a       714     2     9     3     1
     -0.2976406065 a       715     2    10     3     1
      0.9424449897 a       716     2    11     3     1
     -0.8709229698 a       717     2    12     3     1
      0.5464496496 a       718     2    13     3     1
      0.6801824003 a       719     2    14     3     1
      0.7635713490 a       720     2    15     3     1
     -0.6363885737 b       721     3     1
