     -0.0049566876 a         1     0     1     1     1
     -0.1733278835 a         2     0     1     1     2
     -0.0840727560 a         3     0     1     1     3
     -0.0273130937 a         4     0     1     1     4
      0.4460906720 a         5     0     1     1     5
     -0.1397531115 a         6     0     1     1     6
     -0.0544798645 a         7     0     1     1     7
     -0.0592269142 a         8     0     1     1     8
     -0.0375638248 a         9     0     1     1     9
      0.4483910340 a        10     0     1     1    10
      0.1110962740 a        11     0     1     1    11
      0.1302493706 a        12     0     1     1    12
     -0.4002601367 a        13     0     1     1    13
     -0.1103931949 a        14     0     1     1    14
     -0.2187360914 a        15     0     1     1    15
      0.0626725545 a        16     0     1     1    16
     -0.1953702328 a        17     0     1     1    17
      0.0797471913 a        18     0     1     1    18
      0.2825289677 a        19     0     1     1    19
     -0.2143554292 a        20     0     1     1    20
      0.1582945361 a        21     0     2     1     1
     -0.0565182367 a        22     0     2     1     2
      0.2926491195 a        23     0     2     1     3
      0.2323792334 a        24     0     2     1     4
     -0.1040811248 a        25     0     2     1     5
      0.4091539430 a        26     0     2     1     6
      0.3509806774 a        27     0     2     1     7
      0.3278291181 a        28     0     2     1     8
      0.3704567078 a        29     0     2     1     9
     -0.0927232801 a        30     0     2     1    10
      0.2745693711 a        31     0     2     1    11
     -0.4224304562 a        32     0     2     1    12
      0.2771011364 a        33     0     2     1    13
      0.0405280650 a        34     0     2     1    14
      0.2667361938 a        35     0     2     1    15
     -0.1984247441 a        36     0     2     1    16
      0.2281458667 a        37     0     2     1    17
     -0.1737356181 a        38     0     2     1    18
      0.4251682353 a        39     0     2     1    19
      0.4916853564 a        40     0     2     1    20
      0.0463012873 a        41     0     3     1     1
     -0.2086406766 a        42     0     3     1     2
     -0.1047682597 a        43     0     3     1     3
      0.0507622484 a        44     0     3     1     4
      0.4777830528 a        45     0     3     1     5
     -0.2665376575 a        46     0     3     1     6
     -0.3983424828 a        47     0     3     1     7
      0.3368397104 a        48     0     3     1     8
     -0.1954246495 a        49     0     3     1     9
      0.3983291592 a        50     0     3     1    10
     -0.0501020681 a        51     0     3     1    11
      0.0464437482 a        52     0     3     1    12
     -0.2698461772 a        53     0     3     1    13
      0.3192156146 a        54     0     3     1    14
     -0.0826690021 a        55     0     3     1    15
      0.3670969852 a        56     0     3     1    16
     -0.4399022395 a        57     0     3     1    17
      0.3279367185 a        58     0     3     1    18
      0.0393051582 a        59     0     3     1    19
      0.0517319700 a        60     0     3     1    20
      0.0819106406 a        61     0     4     1     1
     -0.1685990383 a        62     0     4     1     2
      0.0841576121 a        63     0     4     1     3
     -0.4392194109 a        64     0     4     1     4
     -0.0467457126 a        65     0     4     1     5
      0.3636370789 a        66     0     4     1     6
     -0.1063566727 a        67     0     4     1     7
      0.1273883740 a        68     0     4     1     8
      0.1951281997 a        69     0     4     1     9
     -0.4595298954 a        70     0     4     1    10
     -0.1663677173 a        71     0     4     1    11
     -0.0601402527 a        72     0     4     1    12
      0.0186159407 a        73     0     4     1    13
     -0.0554237922 a        74     0     4     1    14
      0.0155495223 a        75     0     4     1    15
      0.0460036097 a        76     0     4     1    16
     -0.0216469289 a        77     0     4     1    17
     -0.0183047779 a        78     0     4     1    18
      0.3482296262 a        79     0     4     1    19
      0.0621776287 a        80     0     4     1    20
     -0.2790700711 a        81     0     5     1     1
     -0.4099464250 a        82     0     5     1     2
     -0.3588407742 a        83     0     5     1     3
     -0.1694037779 a        84     0     5     1     4
      0.3508216606 a        85     0     5     1     5
      0.0738379756 a        86     0     5     1     6
      0.2375726924 a        87     0     5     1     7
     -0.1111929984 a        88     0     5     1     8
      0.3546416138 a        89     0     5     1     9
     -0.1906901670 a        90     0     5     1    10
      0.1400418228 a        91     0     5     1    11
      0.1278667058 a        92     0     5     1    12
     -0.2101459764 a        93     0     5     1    13
     -0.1493015311 a        94     0     5     1    14
      0.0772206424 a        95     0     5     1    15
     -0.0298334762 a        96     0     5     1    16
     -0.3249980361 a        97     0     5     1    17
      0.0264291537 a        98     0     5     1    18
     -0.1262790575 a        99     0     5     1    19
      0.3367880451 a       100     0     5     1    20
     -0.4129459606 a       101     0     6     1     1
     -0.3739938110 a       102     0     6     1     2
      0.1414245946 a       103     0     6     1     3
     -0.3051657973 a       104     0     6     1     4
     -0.1309113387 a       105     0     6     1     5
     -0.3258044591 a       106     0     6     1     6
     -0.1084396135 a       107     0     6     1     7
     -0.0773458324 a       108     0     6     1     8
      0.4306370874 a       109     0     6     1     9
     -0.2875629061 a       110     0     6     1    10
     -0.1296012245 a       111     0     6     1    11
     -0.4263282158 a       112     0     6     1    12
      0.3521136753 a       113     0     6     1    13
     -0.3912438381 a       114     0     6     1    14
      0.2812753657 a       115     0     6     1    15
      0.1124696432 a       116     0     6     1    16
     -0.1218565020 a       117     0     6     1    17
      0.1705056468 a       118     0     6     1    18
     -0.1795219898 a       119     0     6     1    19
      0.4283886444 a       120     0     6     1    20
     -0.4422477501 a       121     0     7     1     1
     -0.1105893204 a       122     0     7     1     2
     -0.0795075055 a       123     0     7     1     3
      0.1253282081 a       124     0     7     1     4
     -0.3835907859 a       125     0     7     1     5
      0.1085509176 a       126     0     7     1     6
      0.0311940912 a       127     0     7     1     7
      0.2632274772 a       128     0     7     1     8
      0.2220938436 a       129     0     7     1     9
      0.0637588321 a       130     0     7     1    10
      0.3230635585 a       131     0     7     1    11
      0.3600697064 a       132     0     7     1    12
      0.0425913322 a       133     0     7     1    13
      0.4479256505 a       134     0     7     1    14
      0.1113460588 a       135     0     7     1    15
      0.2079135838 a       136     0     7     1    16
      0.0998778863 a       137     0     7     1    17
     -0.4937771154 a       138     0     7     1    18
     -0.2179925342 a       139     0     7     1    19
      0.1921424983 a       140     0     7     1    20
     -0.4128095418 a       141     0     8     1     1
      0.2333341413 a       142     0     8     1     2
     -0.4413077249 a       143     0     8     1     3
     -0.3299269655 a       144     0     8     1     4
     -0.0511405971 a       145     0     8     1     5
      0.1956221926 a       146     0     8     1     6
      0.2317285294 a       147     0     8     1     7
      0.2878783456 a       148     0     8     1     8
     -0.2996805661 a       149     0     8     1     9
     -0.1395252985 a       150     0     8     1    10
      0.3191734202 a       151     0     8     1    11
     -0.0326468382 a       152     0     8     1    12
      0.4542545445 a       153     0     8     1    13
     -0.1031110770 a       154     0     8     1    14
     -0.1903225476 a       155     0     8     1    15
     -0.0062569056 a       156     0     8     1    16
     -0.4330296505 a       157     0     8     1    17
      0.1823233961 a       158     0     8     1    18
     -0.4944563369 a       159     0     8     1    19
     -0.1589697149 a       160     0     8     1    20
     -0.4158734950 a       161     0     9     1     1
      0.2743270979 a       162     0     9     1     2
     -0.1389021464 a       163     0     9     1     3
      0.0802108059 a       164     0     9     1     4
     -0.2712229692 a       165     0     9     1     5
     -0.2848537501 a       166     0     9     1     6
     -0.3617994927 a       167     0     9     1     7
     -0.3973297870 a       168     0     9     1     8
     -0.4798005162 a       169     0     9     1     9
     -0.3421578675 a       170     0     9     1    10
     -0.4497107391 a       171     0     9     1    11
     -0.1742085895 a       172     0     9     1    12
      0.4395387513 a       173     0     9     1    13
      0.4894029021 a       174     0     9     1    14
     -0.4196331284 a       175     0     9     1    15
      0.3800952258 a       176     0     9     1    16
      0.3520025500 a       177     0     9     1    17
     -0.3730160796 a       178     0     9     1    18
     -0.3246363251 a       179     0     9     1    19
     -0.2744364171 a       180     0     9     1    20
     -0.0690030835 a       181     0    10     1     1
      0.1374551485 a       182     0    10     1     2
     -0.2369671000 a       183     0    10     1     3
      0.3533227172 a       184     0    10     1     4
     -0.0525567894 a       185     0    10     1     5
     -0.3013929800 a       186     0    10     1     6
     -0.0268008117 a       187     0    10     1     7
      0.1015663408 a       188     0    10     1     8
     -0.3375677647 a       189     0    10     1     9
     -0.2006929901 a       190     0    10     1    10
     -0.3272119165 a       191     0    10     1    11
     -0.1806739462 a       192     0    10     1    12
      0.1820717254 a       193     0    10     1    13
     -0.4400711705 a       194     0    10     1    14
     -0.3238597397 a       195     0    10     1    15
      0.1248940360 a       196     0    10     1    16
      0.2571204948 a       197     0    10     1    17
     -0.0235043144 a       198     0    10     1    18
     -0.1986455266 a       199     0    10     1    19
     -0.3741137536 a       200     0    10     1    20
      0.1239232568 a       201     0    11     1     1
     -0.0763132427 a       202     0    11     1     2
     -0.4312704449 a       203     0    11     1     3
     -0.2669519835 a       204     0    11     1     4
      0.1858780103 a       205     0    11     1     5
     -0.1020726526 a       206     0    11     1     6
     -0.2917152782 a       207     0    11     1     7
     -0.0822379415 a       208     0    11     1     8
     -0.3977461793 a       209     0    11     1     9
      0.0266689273 a       210     0    11     1    10
     -0.1771845036 a       211     0    11     1    11
     -0.0495624969 a       212     0    11     1    12
      0.3196186465 a       213     0    11     1    13
      0.1759658697 a       214     0    11     1    14
      0.0664800674 a       215     0    11     1    15
      0.3799878742 a       216     0    11     1    16
     -0.4440217240 a       217     0    11     1    17
      0.4810864209 a       218     0    11     1    18
     -0.0040706158 a       219     0    11     1    19
     -0.4484860131 a       220     0    11     1    20
     -0.0456522370 a       221     0    12     1     1
      0.2846410557 a       222     0    12     1     2
     -0.0873853895 a       223     0    12     1     3
     -0.4235733983 a       224     0    12     1     4
      0.1510945526 a       225     0    12     1     5
     -0.3842719352 a       226     0    12     1     6
      0.0690010365 a       227     0    12     1     7
      0.4826152434 a       228     0    12     1     8
      0.1181072338 a       229     0    12     1     9
      0.1104380536 a       230     0    12     1    10
      0.1609781548 a       231     0    12     1    11
      0.3428188006 a       232     0    12     1    12
      0.4320664981 a       233     0    12     1    13
      0.2539418182 a       234     0    12     1    14
      0.1570967768 a       235     0    12     1    15
     -0.4400875383 a       236     0    12     1    16
     -0.2934884383 a       237     0    12     1    17
     -0.3076007407 a       238     0    12     1    18
      0.4313064552 a       239     0    12     1    19
      0.1463225706 a       240     0    12     1    20
     -0.2287196507 a       241     0    13     1     1
     -0.3017775920 a       242     0    13     1     2
     -0.2003568902 a       243     0    13     1     3
      0.2758507609 a       244     0    13     1     4
      0.4203842456 a       245     0    13     1     5
     -0.2685148132 a       246     0    13     1     6
      0.2896464997 a       247     0    13     1     7
      0.1185112884 a       248     0    13     1     8
      0.0605967826 a       249     0    13     1     9
     -0.0859947806 a       250     0    13     1    10
      0.2866674189 a       251     0    13     1    11
      0.0541350695 a       252     0    13     1    12
     -0.4221408409 a       253     0    13     1    13
     -0.2670698041 a       254     0    13     1    14
      0.2288923924 a       255     0    13     1    15
      0.2886526741 a       256     0    13     1    16
     -0.4010064704 a       257     0    13     1    17
      0.0598836145 a       258     0    13     1    18
     -0.3273424235 a       259     0    13     1    19
     -0.0885636790 a       260     0    13     1    20
      0.4238342956 a       261     0    14     1     1
     -0.2697884213 a       262     0    14     1     2
      0.4789149202 a       263     0    14     1     3
     -0.3735861131 a       264     0    14     1     4
     -0.1481119804 a       265     0    14     1     5
      0.1101409604 a       266     0    14     1     6
     -0.3593965616 a       267     0    14     1     7
      0.3596715207 a       268     0    14     1     8
      0.0937194863 a       269     0    14     1     9
     -0.3866942287 a       270     0    14     1    10
     -0.3412053305 a       271     0    14     1    11
      0.3148001180 a       272     0    14     1    12
     -0.0939849482 a       273     0    14     1    13
      0.1356016099 a       274     0    14     1    14
     -0.4011768958 a       275     0    14     1    15
      0.4681603012 a       276     0    14     1    16
     -0.2428098503 a       277     0    14     1    17
     -0.2283605294 a       278     0    14     1    18
      0.2690789282 a       279     0    14     1    19
      0.0108899131 a       280     0    14     1    20
     -0.2835413387 a       281     0    15     1     1
     -0.5550424159 a       282     0    15     1     2
      0.4732967147 a       283     0    15     1     3
      0.1259100171 a       284     0    15     1     4
     -0.2945285361 a       285     0    15     1     5
      0.4219709781 a       286     0    15     1     6
      0.0501343589 a       287     0    15     1     7
     -0.4710983328 a       288     0    15     1     8
      0.2537376399 a       289     0    15     1     9
      0.4867381911 a       290     0    15     1    10
      0.2885492541 a       291     0    15     1    11
     -0.2421277084 a       292     0    15     1    12
     -0.0323857002 a       293     0    15     1    13
     -0.4692927453 a       294     0    15     1    14
     -0.0414603526 a       295     0    15     1    15
     -0.0319015868 a       296     0    15     1    16
     -0.1682456570 a       297     0    15     1    17
     -0.3484668229 a       298     0    15     1    18
      0.2713049273 a       299     0    15     1    19
     -0.1247130847 a       300     0    15     1    20
     -0.0813346559 a       301     0    16     1     1
     -0.1611964502 a       302     0    16     1     2
     -0.0609194715 a       303     0    16     1     3
     -0.4366689245 a       304     0    16     1     4
     -0.4407901305 a       305     0    16     1     5
      0.3791296609 a       306     0    16     1     6
     -0.2458644905 a       307     0    16     1     7
     -0.0280243677 a       308     0    16     1     8
     -0.2805217266 a       309     0    16     1     9
      0.0626103452 a       310     0    16     1    10
     -0.4781347827 a       311     0    16     1    11
     -0.3690738526 a       312     0    16     1    12
     -0.1105306156 a       313     0    16     1    13
      0.1068551541 a       314     0    16     1    14
     -0.0306123244 a       315     0    16     1    15
      0.4692292274 a       316     0    16     1    16
      0.2790836625 a       317     0    16     1    17
      0.0496935211 a       318     0    16     1    18
      0.0784349263 a       319     0    16     1    19
      0.2028596841 a       320     0    16     1    20
      0.4298177007 a       321     0    17     1     1
      0.0037593002 a       322     0    17     1     2
     -0.2075628608 a       323     0    17     1     3
      0.3029541060 a       324     0    17     1     4
     -0.0225618485 a       325     0    17     1     5
      0.1884577242 a       326     0    17     1     6
     -0.1220926290 a       327     0    17     1     7
     -0.4104706994 a       328     0    17     1     8
      0.2970197152 a       329     0    17     1     9
     -0.2928187865 a       330     0    17     1    10
      0.2487392554 a       331     0    17     1    11
     -0.0561333399 a       332     0    17     1    12
      0.0362466335 a       333     0    17     1    13
      0.3158485835 a       334     0    17     1    14
     -0.4154322883 a       335     0    17     1    15
      0.1392898066 a       336     0    17     1    16
     -0.1340854298 a       337     0    17     1    17
     -0.3093785403 a       338     0    17     1    18
     -0.1664370938 a       339     0    17     1    19
      0.1517301866 a       340     0    17     1    20
     -0.0048736805 a       341     0    18     1     1
      0.4420944080 a       342     0    18     1     2
      0.4149260312 a       343     0    18     1     3
     -0.1324752501 a       344     0    18     1     4
      0.1668884451 a       345     0    18     1     5
     -0.3387254343 a       346     0    18     1     6
      0.1286972718 a       347     0    18     1     7
      0.2275302144 a       348     0    18     1     8
      0.4346985250 a       349     0    18     1     9
      0.0680562892 a       350     0    18     1    10
      0.4192390614 a       351     0    18     1    11
     -0.4147708289 a       352     0    18     1    12
     -0.4498346304 a       353     0    18     1    13
     -0.0825816335 a       354     0    18     1    14
      0.4410556460 a       355     0    18     1    15
     -0.2029131325 a       356     0    18     1    16
     -0.2610582795 a       357     0    18     1    17
      0.0805942440 a       358     0    18     1    18
      0.3816800305 a       359     0    18     1    19
      0.1367203857 a       360     0    18     1    20
     -0.3633886907 a       361     0    19     1     1
      0.0217835123 a       362     0    19     1     2
      0.2465410283 a       363     0    19     1     3
     -0.3214855044 a       364     0    19     1     4
     -0.1670153249 a       365     0    19     1     5
      0.2426517651 a       366     0    19     1     6
     -0.2206095612 a       367     0    19     1     7
     -0.0052220762 a       368     0    19     1     8
     -0.4884568694 a       369     0    19     1     9
     -0.1851616321 a       370     0    19     1    10
      0.4619788402 a       371     0    19     1    11
     -0.3451219595 a       372     0    19     1    12
      0.2561970526 a       373     0    19     1    13
      0.2924110570 a       374     0    19     1    14
      0.3596091046 a       375     0    19     1    15
     -0.3834556105 a       376     0    19     1    16
     -0.3545018281 a       377     0    19     1    17
      0.4229308591 a       378     0    19     1    18
      0.0808394601 a       379     0    19     1    19
      0.0222308638 a       380     0    19     1    20
     -0.3907473286 a       381     0    20     1     1
      0.4282357571 a       382     0    20     1     2
     -0.2195686045 a       383     0    20     1     3
      0.1180943594 a       384     0    20     1     4
     -0.2514223812 a       385     0    20     1     5
      0.3813259768 a       386     0    20     1     6
      0.3765586368 a       387     0    20     1     7
     -0.0263263073 a       388     0    20     1     8
     -0.1804965890 a       389     0    20     1     9
      0.3504342858 a       390     0    20     1    10
      0.1517039017 a       391     0    20     1    11
      0.3115471398 a       392     0    20     1    12
      0.3517947914 a       393     0    20     1    13
     -0.0815464564 a       394     0    20     1    14
      0.0883916004 a       395     0    20     1    15
      0.1334406718 a       396     0    20     1    16
      0.1414812528 a       397     0    20     1    17
     -0.4789444455 a       398     0    20     1    18
     -0.3513228518 a       399     0    20     1    19
     -0.3107029318 a       400     0    20     1    20
      0.4494097367 a       401     0    21     1     1
      0.2834348285 a       402     0    21     1     2
      0.0103969816 a       403     0    21     1     3
      0.2731470754 a       404     0    21     1     4
     -0.1132826605 a       405     0    21     1     5
      0.1925947089 a       406     0    21     1     6
      0.0775646920 a       407     0    21     1     7
      0.3520750824 a       408     0    21     1     8
     -0.0918962939 a       409     0    21     1     9
     -0.4540510806 a       410     0    21     1    10
      0.2982760289 a       411     0    21     1    11
      0.3250345224 a       412     0    21     1    12
     -0.3585275817 a       413     0    21     1    13
      0.0286308219 a       414     0    21     1    14
     -0.3412764127 a       415     0    21     1    15
      0.2981228768 a       416     0    21     1    16
     -0.3943093215 a       417     0    21     1    17
      0.1118152375 a       418     0    21     1    18
      0.0050226199 a       419     0    21     1    19
      0.2049972297 a       420     0    21     1    20
     -0.3902370346 a       421     0    22     1     1
     -0.1525710956 a       422     0    22     1     2
     -0.0653914039 a       423     0    22     1     3
     -0.0438057429 a       424     0    22     1     4
      0.1109642630 a       425     0    22     1     5
      0.1337852085 a       426     0    22     1     6
      0.4513334155 a       427     0    22     1     7
     -0.1634917972 a       428     0    22     1     8
      0.0563801398 a       429     0    22     1     9
     -0.1003742238 a       430     0    22     1    10
      0.3574911692 a       431     0    22     1    11
     -0.3124613359 a       432     0    22     1    12
      0.0516374986 a       433     0    22     1    13
     -0.2391553425 a       434     0    22     1    14
     -0.3050308300 a       435     0    22     1    15
     -0.2550156500 a       436     0    22     1    16
     -0.0562303744 a       437     0    22     1    17
      0.1800369014 a       438     0    22     1    18
      0.4633691632 a       439     0    22     1    19
      0.2363856470 a       440     0    22     1    20
      0.1737390212 a       441     0    23     1     1
      0.1000973453 a       442     0    23     1     2
      0.3748890171 a       443     0    23     1     3
     -0.4338415360 a       444     0    23     1     4
      0.4542362061 a       445     0    23     1     5
     -0.4214469944 a       446     0    23     1     6
      0.3479089088 a       447     0    23     1     7
     -0.0634431017 a       448     0    23     1     8
     -0.2912240672 a       449     0    23     1     9
      0.2754422792 a       450     0    23     1    10
      0.1465453333 a       451     0    23     1    11
     -0.3803478422 a       452     0    23     1    12
      0.1705241523 a       453     0    23     1    13
     -0.3477839871 a       454     0    23     1    14
     -0.4721813457 a       455     0    23     1    15
     -0.3701907504 a       456     0    23     1    16
     -0.2315571824 a       457     0    23     1    17
     -0.3596675502 a       458     0    23     1    18
     -0.1549363608 a       459     0    23     1    19
     -0.3776944188 a       460     0    23     1    20
      0.0250316521 a       461     0    24     1     1
      0.4289417524 a       462     0    24     1     2
      0.2421607100 a       463     0    24     1     3
     -0.2915128903 a       464     0    24     1     4
      0.0807056074 a       465     0    24     1     5
      0.1578607444 a       466     0    24     1     6
     -0.1202569672 a       467     0    24     1     7
      0.4821482037 a       468     0    24     1     8
      0.1143590808 a       469     0    24     1     9
      0.0978868526 a       470     0    24     1    10
     -0.2446570927 a       471     0    24     1    11
     -0.2235361139 a       472     0    24     1    12
      0.3036718695 a       473     0    24     1    13
     -0.1693887894 a       474     0    24     1    14
     -0.0455797399 a       475     0    24     1    15
     -0.3761459057 a       476     0    24     1    16
      0.3227126234 a       477     0    24     1    17
      0.4464539831 a       478     0    24     1    18
     -0.4175598553 a       479     0    24     1    19
     -0.4649252568 a       480     0    24     1    20
     -0.2218848104 a       481     0    25     1     1
     -0.2218363346 a       482     0    25     1     2
      0.0736777968 a       483     0    25     1     3
     -0.2145592087 a       484     0    25     1     4
     -0.2687433170 a       485     0    25     1     5
     -0.0312589092 a       486     0    25     1     6
     -0.1458013875 a       487     0    25     1     7
      0.4276923713 a       488     0    25     1     8
     -0.1524306365 a       489     0    25     1     9
     -0.3036577008 a       490     0    25     1    10
      0.3652814488 a       491     0    25     1    11
     -0.2527200571 a       492     0    25     1    12
      0.3448690116 a       493     0    25     1    13
      0.4169373306 a       494     0    25     1    14
      0.3066493018 a       495     0    25     1    15
     -0.3408072298 a       496     0    25     1    16
     -0.2898364179 a       497     0    25     1    17
      0.0724035394 a       498     0    25     1    18
      0.0538109838 a       499     0    25     1    19
      0.3396469620 a       500     0    25     1    20
      0.1273764150 a       501     0    26     1     1
      0.1502188249 a       502     0    26     1     2
      0.1561266276 a       503     0    26     1     3
     -0.3317028064 a       504     0    26     1     4
      0.1046688521 a       505     0    26     1     5
      0.2585879861 a       506     0    26     1     6
      0.4284328230 a       507     0    26     1     7
     -0.2572426030 a       508     0    26     1     8
      0.3385474320 a       509     0    26     1     9
     -0.0614143020 a       510     0    26     1    10
      0.1009499640 a       511     0    26     1    11
      0.3860850369 a       512     0    26     1    12
      0.0908700443 a       513     0    26     1    13
      0.3158999307 a       514     0    26     1    14
      0.4215476167 a       515     0    26     1    15
      0.2539689718 a       516     0    26     1    16
     -0.0820757692 a       517     0    26     1    17
      0.0492993975 a       518     0    26     1    18
     -0.4893692898 a       519     0    26     1    19
      0.1167090346 a       520     0    26     1    20
      0.3893681820 a       521     0    27     1     1
     -0.0206710529 a       522     0    27     1     2
      0.2456332059 a       523     0    27     1     3
     -0.0960178883 a       524     0    27     1     4
      0.0030349600 a       525     0    27     1     5
     -0.3814380394 a       526     0    27     1     6
      0.3713873884 a       527     0    27     1     7
      0.0761384563 a       528     0    27     1     8
     -0.1273482782 a       529     0    27     1     9
      0.0599675529 a       530     0    27     1    10
     -0.0461427416 a       531     0    27     1    11
     -0.2910971842 a       532     0    27     1    12
     -0.2793196569 a       533     0    27     1    13
      0.3947498392 a       534     0    27     1    14
      0.4031378511 a       535     0    27     1    15
     -0.0227348943 a       536     0    27     1    16
     -0.1272759585 a       537     0    27     1    17
     -0.4638342511 a       538     0    27     1    18
      0.1434115878 a       539     0    27     1    19
      0.4877391377 a       540     0    27     1    20
      0.1004940911 a       541     0    28     1     1
      0.3926102009 a       542     0    28     1     2
      0.1071221231 a       543     0    28     1     3
     -0.2080017545 a       544     0    28     1     4
     -0.2907783077 a       545     0    28     1     5
     -0.0334438316 a       546     0    28     1     6
      0.4178257590 a       547     0    28     1     7
      0.3404771838 a       548     0    28     1     8
      0.1386177253 a       549     0    28     1     9
      0.3946241021 a       550     0    28     1    10
      0.0674975375 a       551     0    28     1    11
     -0.3339063222 a       552     0    28     1    12
     -0.1394925843 a       553     0    28     1    13
     -0.3137738177 a       554     0    28     1    14
     -0.2186872854 a       555     0    28     1    15
     -0.0845146978 a       556     0    28     1    16
     -0.3391929109 a       557     0    28     1    17
      0.1275690464 a       558     0    28     1    18
      0.2075853268 a       559     0    28     1    19
      0.4561327073 a       560     0    28     1    20
      0.0087867321 a       561     0    29     1     1
      0.4073928294 a       562     0    29     1     2
      0.4614499092 a       563     0    29     1     3
     -0.2738082134 a       564     0    29     1     4
     -0.4925806768 a       565     0    29     1     5
     -0.1233626897 a       566     0    29     1     6
     -0.3477895622 a       567     0    29     1     7
      0.1364542630 a       568     0    29     1     8
     -0.4226496938 a       569     0    29     1     9
     -0.2841219627 a       570     0    29     1    10
      0.1984111048 a       571     0    29     1    11
      0.1627832179 a       572     0    29     1    12
     -0.0734695251 a       573     0    29     1    13
     -0.0479860743 a       574     0    29     1    14
     -0.2906664013 a       575     0    29     1    15
     -0.0138085189 a       576     0    29     1    16
     -0.0162635396 a       577     0    29     1    17
      0.0336548333 a       578     0    29     1    18
      0.1388679637 a       579     0    29     1    19
      0.2129632802 a       580     0    29     1    20
     -0.3422990927 a       581     0    30     1     1
      0.1232226400 a       582     0    30     1     2
     -0.4325495071 a       583     0    30     1     3
     -0.4275482396 a       584     0    30     1     4
      0.3971425248 a       585     0    30     1     5
     -0.3532626861 a       586     0    30     1     6
      0.2523587769 a       587     0    30     1     7
     -0.0752607253 a       588     0    30     1     8
      0.1694195656 a       589     0    30     1     9
      0.4479676503 a       590     0    30     1    10
     -0.1880339786 a       591     0    30     1    11
      0.3545471067 a       592     0    30     1    12
     -0.1011546100 a       593     0    30     1    13
      0.2897559454 a       594     0    30     1    14
      0.1472542781 a       595     0    30     1    15
     -0.2671355074 a       596     0    30     1    16
     -0.4512279898 a       597     0    30     1    17
      0.2897131694 a       598     0    30     1    18
     -0.1403065528 a       599     0    30     1    19
     -0.0324062511 a       600     0    30     1    20
      0.1283548799 a       601     0    31     1     1
      0.3670868985 a       602     0    31     1     2
      0.3486114394 a       603     0    31     1     3
     -0.1856520400 a       604     0    31     1     4
     -0.3296572229 a       605     0    31     1     5
      0.3512856632 a       606     0    31     1     6
      0.4384828609 a       607     0    31     1     7
      0.4352839580 a       608     0    31     1     8
     -0.0480157753 a       609     0    31     1     9
     -0.0441727054 a       610     0    31     1    10
      0.3782054083 a       611     0    31     1    11
      0.1319717042 a       612     0    31     1    12
     -0.3001458597 a       613     0    31     1    13
      0.0436391251 a       614     0    31     1    14
      0.2549909166 a       615     0    31     1    15
     -0.4487432088 a       616     0    31     1    16
      0.0488136201 a       617     0    31     1    17
      0.2702575600 a       618     0    31     1    18
      0.0516139543 a       619     0    31     1    19
     -0.0723923037 a       620     0    31     1    20
      1.2067494192 b       621     1     1
      0.8743915302 b       622     1     2
      0.2187664974 b       623     1     3
      0.5772500997 b       624     1     4
     -0.6972118874 b       625     1     5
      1.4941828169 b       626     1     6
     -0.9962764592 b       627     1     7
     -0.9057588097 b       628     1     8
     -0.0310308326 b       629     1     9
     -0.3250795752 b       630     1    10
      1.3918362425 b       631     1    11
     -0.2158201336 b       632     1    12
     -0.4017412510 b       633     1    13
     -0.9967492136 b       634     1    14
      0.4008005230 b       635     1    15
      0.6075571182 b       636     1    16
     -0.2029745593 b       637     1    17
     -0.3916231944 b       638     1    18
     -0.5677654141 b       639     1    19
     -0.2647712407 b       640     1    20
      0.1283966075 a       641     1     1     2     1
      0.4216379480 a       642     1     1     2     2
      0.3156660130 a       643     1     1     2     3
      0.4471085485 a       644     1     1     2     4
      0.2483157409 a       645     1     1     2     5
     -0.4120103074 a       646     1     1     2     6
      0.3499486252 a       647     1     1     2     7
      0.4830217243 a       648     1     1     2     8
      0.4068881368 a       649     1     1     2     9
     -0.2368063563 a       650     1     1     2    10
      0.4564352996 a       651     1     1     2    11
      0.0592533082 a       652     1     1     2    12
      0.5306477735 a       653     1     1     2    13
     -0.5736881573 a       654     1     1     2    14
     -0.6046456610 a       655     1     1     2    15
      0.4026345086 a       656     1     1     2    16
      0.2277962728 a       657     1     1     2    17
     -0.1880311617 a       658     1     1     2    18
      0.2753181710 a       659     1     1     2    19
      0.3630485741 a       660     1     1     2    20
     -0.3574933061 a       661     1     2     2     1
     -0.4709402252 a       662     1     2     2     2
     -0.0908756262 a       663     1     2     2     3
     -0.0670630785 a       664     1     2     2     4
      0.3070454022 a       665     1     2     2     5
      0.0077569851 a       666     1     2     2     6
     -0.4670176742 a       667     1     2     2     7
     -0.1286465685 a       668     1     2     2     8
     -0.5004363590 a       669     1     2     2     9
     -0.2321495075 a       670     1     2     2    10
      0.4213876083 a       671     1     2     2    11
      0.2941386409 a       672     1     2     2    12
      0.4774267849 a       673     1     2     2    13
      0.2183714256 a       674     1     2     2    14
      0.5790361923 a       675     1     2     2    15
     -0.2175231405 a       676     1     2     2    16
     -0.0441247818 a       677     1     2     2    17
     -0.2140128171 a       678     1     2     2    18
      0.6311053797 a       679     1     2     2    19
      0.0093058358 a       680     1     2     2    20
     -0.0284706310 a       681     1     3     2     1
     -0.5467431762 a       682     1     3     2     2
     -0.3221879819 a       683     1     3     2     3
      0.1851972969 a       684     1     3     2     4
      0.2295155400 a       685     1     3     2     5
      0.5512659547 a       686     1     3     2     6
      0.3719183471 a       687     1     3     2     7
     -0.4599213063 a       688     1     3     2     8
      0.5680700252 a       689     1     3     2     9
      0.4655630040 a       690     1     3     2    10
     -0.0578505659 a       691     1     3     2    11
     -0.4597771423 a       692     1     3     2    12
      0.1781113922 a       693     1     3     2    13
      0.2077176699 a       694     1     3     2    14
     -0.2437639577 a       695     1     3     2    15
      0.1253519393 a       696     1     3     2    16
     -0.3384347032 a       697     1     3     2    17
     -0.2366148055 a       698     1     3     2    18
     -0.1442222043 a       699     1     3     2    19
      0.5783706463 a       700     1     3     2    20
      0.3909604197 a       701     1     4     2     1
     -0.5693785469 a       702     1     4     2     2
     -0.5003231373 a       703     1     4     2     3
      0.4879134254 a       704     1     4     2     4
     -0.5300871385 a       705     1     4     2     5
     -0.5851724809 a       706     1     4     2     6
      0.2366086405 a       707     1     4     2     7
     -0.4511672843 a       708     1     4     2     8
     -0.5386840362 a       709     1     4     2     9
      0.1024225191 a       710     1     4     2    10
      0.1329101146 a       711     1     4     2    11
      0.5519307333 a       712     1     4     2    12
      0.4748829952 a       713     1     4     2    13
      0.3851195171 a       714     1     4     2    14
      0.4450558791 a       715     1     4     2    15
     -0.4499654285 a       716     1     4     2    16
     -0.4879641818 a       717     1     4     2    17
      0.2441545241 a       718     1     4     2    18
      0.0700612320 a       719     1     4     2    19
     -0.4665575619 a       720     1     4     2    20
      0.3630311026 a       721     1     5     2     1
     -0.4116547448 a       722     1     5     2     2
      0.1010457241 a       723     1     5     2     3
      0.5810060604 a       724     1     5     2     4
     -0.0093730123 a       725     1     5     2     5
      0.3366038256 a       726     1     5     2     6
      0.3617444475 a       727     1     5     2     7
      0.3395714136 a       728     1     5     2     8
     -0.4805126047 a       729     1     5     2     9
      0.3463450732 a       730     1     5     2    10
     -0.0686899774 a       731     1     5     2    11
     -0.0644306358 a       732     1     5     2    12
     -0.0066718966 a       733     1     5     2    13
     -0.0816811023 a       734     1     5     2    14
     -0.4287906586 a       735     1     5     2    15
      0.4116838172 a       736     1     5     2    16
      0.1446371542 a       737     1     5     2    17
      0.5845332980 a       738     1     5     2    18
      0.0263226148 a       739     1     5     2    19
     -0.6069599816 a       740     1     5     2    20
     -0.2471639495 a       741     1     6     2     1
     -0.3117946544 a       742     1     6     2     2
      0.3526335057 a       743     1     6     2     3
     -0.0788284194 a       744     1     6     2     4
      0.2154161557 a       745     1     6     2     5
      0.3769812497 a       746     1     6     2     6
     -0.5106760671 a       747     1     6     2     7
     -0.2581101256 a       748     1     6     2     8
      0.2793358936 a       749     1     6     2     9
      0.1908724641 a       750     1     6     2    10
      0.3333001667 a       751     1     6     2    11
     -0.3337348988 a       752     1     6     2    12
     -0.4151825045 a       753     1     6     2    13
      0.4876656539 a       754     1     6     2    14
     -0.2788420501 a       755     1     6     2    15
     -0.1928614283 a       756     1     6     2    16
     -0.3563441607 a       757     1     6     2    17
      0.6050254115 a       758     1     6     2    18
      0.4346473111 a       759     1     6     2    19
     -0.1895352743 a       760     1     6     2    20
     -0.0933569699 a       761     1     7     2     1
     -0.2558728482 a       762     1     7     2     2
     -0.1084568821 a       763     1     7     2     3
      0.2709514880 a       764     1     7     2     4
     -0.1441797700 a       765     1     7     2     5
     -0.2475056596 a       766     1     7     2     6
      0.2687383737 a       767     1     7     2     7
      0.3381066316 a       768     1     7     2     8
     -0.1838697793 a       769     1     7     2     9
     -0.0211597322 a       770     1     7     2    10
     -0.0858662992 a       771     1     7     2    11
     -0.4345709452 a       772     1     7     2    12
      0.4986922016 a       773     1     7     2    13
     -0.0048306714 a       774     1     7     2    14
     -0.0266982011 a       775     1     7     2    15
     -0.2878519945 a       776     1     7     2    16
     -0.2579486626 a       777     1     7     2    17
      0.1014816710 a       778     1     7     2    18
      0.5280796888 a       779     1     7     2    19
     -0.1018964814 a       780     1     7     2    20
      0.5867431496 a       781     1     8     2     1
     -0.5720186878 a       782     1     8     2     2
     -0.5118293969 a       783     1     8     2     3
      0.2506864235 a       784     1     8     2     4
      0.3941039253 a       785     1     8     2     5
      0.5664475792 a       786     1     8     2     6
     -0.0476425966 a       787     1     8     2     7
     -0.5346627420 a       788     1     8     2     8
      0.0786754403 a       789     1     8     2     9
      0.0532259823 a       790     1     8     2    10
     -0.1035153419 a       791     1     8     2    11
     -0.2858772522 a       792     1     8     2    12
      0.4582047274 a       793     1     8     2    13
      0.2063283364 a       794     1     8     2    14
     -0.2268571394 a       795     1     8     2    15
     -0.0503751403 a       796     1     8     2    16
      0.1232618575 a       797     1     8     2    17
      0.2064251397 a       798     1     8     2    18
     -0.0456646868 a       799     1     8     2    19
      0.4881160652 a       800     1     8     2    20
     -0.1073064504 a       801     1     9     2     1
      0.0919044033 a       802     1     9     2     2
     -0.2878663275 a       803     1     9     2     3
     -0.6236151873 a       804     1     9     2     4
      0.3965086875 a       805     1     9     2     5
      0.3177656091 a       806     1     9     2     6
     -0.2105759771 a       807     1     9     2     7
     -0.0947058504 a       808     1     9     2     8
     -0.3150947834 a       809     1     9     2     9
      0.1845050884 a       810     1     9     2    10
     -0.1984309136 a       811     1     9     2    11
     -0.2234113669 a       812     1     9     2    12
     -0.1741492657 a       813     1     9     2    13
     -0.3784058891 a       814     1     9     2    14
      0.5851907783 a       815     1     9     2    15
      0.5990747931 a       816     1     9     2    16
      0.6011712641 a       817     1     9     2    17
     -0.1392425726 a       818     1     9     2    18
      0.1275240380 a       819     1     9     2    19
      0.5722183143 a       820     1     9     2    20
      0.4339274074 a       821     1    10     2     1
      0.4329193299 a       822     1    10     2     2
     -0.1144483940 a       823     1    10     2     3
     -0.1485067718 a       824     1    10     2     4
     -0.5715381983 a       825     1    10     2     5
     -0.0098403506 a       826     1    10     2     6
      0.5848215377 a       827     1    10     2     7
      0.1573350186 a       828     1    10     2     8
     -0.0405497607 a       829     1    10     2     9
     -0.0879660318 a       830     1    10     2    10
      0.2795727683 a       831     1    10     2    11
     -0.1172813403 a       832     1    10     2    12
      0.3373413575 a       833     1    10     2    13
      0.1612804041 a       834     1    10     2    14
      0.2400519115 a       835     1    10     2    15
      0.3197816158 a       836     1    10     2    16
      0.6104380527 a       837     1    10     2    17
      0.4161700867 a       838     1    10     2    18
      0.3698240301 a       839     1    10     2    19
     -0.5407039386 a       840     1    10     2    20
      0.5884905978 a       841     1    11     2     1
     -0.0731512659 a       842     1    11     2     2
     -0.0547888464 a       843     1    11     2     3
     -0.1859818360 a       844     1    11     2     4
     -0.5566301917 a       845     1    11     2     5
      0.6041859479 a       846     1    11     2     6
     -0.4191938740 a       847     1    11     2     7
     -0.5832167753 a       848     1    11     2     8
     -0.1373582428 a       849     1    11     2     9
      0.4681280102 a       850     1    11     2    10
     -0.6485780908 a       851     1    11     2    11
     -0.2058639182 a       852     1    11     2    12
     -0.2572067594 a       853     1    11     2    13
     -0.3986408525 a       854     1    11     2    14
     -0.1610667815 a       855     1    11     2    15
     -0.2421555571 a       856     1    11     2    16
     -0.4754574518 a       857     1    11     2    17
      0.5930430688 a       858     1    11     2    18
      0.0609560093 a       859     1    11     2    19
      0.0940570127 a       860     1    11     2    20
      0.0867386630 a       861     1    12     2     1
     -0.2350842262 a       862     1    12     2     2
     -0.4586772489 a       863     1    12     2     3
     -0.2535018673 a       864     1    12     2     4
      0.4660599571 a       865     1    12     2     5
     -0.3767729018 a       866     1    12     2     6
      0.3666058503 a       867     1    12     2     7
     -0.5417351445 a       868     1    12     2     8
      0.4554114958 a       869     1    12     2     9
      0.4147833643 a       870     1    12     2    10
      0.0913867075 a       871     1    12     2    11
      0.4603623062 a       872     1    12     2    12
      0.0616392055 a       873     1    12     2    13
      0.0530595064 a       874     1    12     2    14
      0.2052643881 a       875     1    12     2    15
     -0.5227353915 a       876     1    12     2    16
      0.0044175823 a       877     1    12     2    17
     -0.2907515492 a       878     1    12     2    18
      0.4661034639 a       879     1    12     2    19
      0.4259593821 a       880     1    12     2    20
     -0.2035736933 a       881     1    13     2     1
      0.3106708681 a       882     1    13     2     2
     -0.2471707061 a       883     1    13     2     3
      0.3455672920 a       884     1    13     2     4
     -0.1159861337 a       885     1    13     2     5
      0.0122038717 a       886     1    13     2     6
      0.4804108173 a       887     1    13     2     7
      0.2121085868 a       888     1    13     2     8
      0.5735512468 a       889     1    13     2     9
     -0.3611154334 a       890     1    13     2    10
     -0.5005473807 a       891     1    13     2    11
      0.4606480751 a       892     1    13     2    12
      0.0679584278 a       893     1    13     2    13
      0.1684591402 a       894     1    13     2    14
      0.3908288371 a       895     1    13     2    15
     -0.0588311121 a       896     1    13     2    16
      0.3634359316 a       897     1    13     2    17
     -0.6377125311 a       898     1    13     2    18
      0.4956040767 a       899     1    13     2    19
     -0.0835165971 a       900     1    13     2    20
      0.4244489901 a       901     1    14     2     1
      0.0360933062 a       902     1    14     2     2
     -0.4002273427 a       903     1    14     2     3
     -0.0571838108 a       904     1    14     2     4
      0.0456816434 a       905     1    14     2     5
     -0.0253341082 a       906     1    14     2     6
      0.5615865464 a       907     1    14     2     7
     -0.2485861483 a       908     1    14     2     8
     -0.4476932586 a       909     1    14     2     9
      0.5383701296 a       910     1    14     2    10
      0.3949824263 a       911     1    14     2    11
      0.2830401849 a       912     1    14     2    12
     -0.1738573420 a       913     1    14     2    13
     -0.2361308731 a       914     1    14     2    14
     -0.1881010194 a       915     1    14     2    15
      0.5362529307 a       916     1    14     2    16
      0.1517627713 a       917     1    14     2    17
     -0.1783963226 a       918     1    14     2    18
      0.3333044014 a       919     1    14     2    19
      0.0518930213 a       920     1    14     2    20
      0.4134391337 a       921     1    15     2     1
      0.4296485933 a       922     1    15     2     2
     -0.5174246920 a       923     1    15     2     3
      0.0718734959 a       924     1    15     2     4
     -0.4702879916 a       925     1    15     2     5
     -0.1292691007 a       926     1    15     2     6
      0.0637139317 a       927     1    15     2     7
      0.3478649261 a       928     1    15     2     8
      0.0629666185 a       929     1    15     2     9
     -0.4956965374 a       930     1    15     2    10
      0.6843586682 a       931     1    15     2    11
     -0.4706371478 a       932     1    15     2    12
     -0.0659933691 a       933     1    15     2    13
     -0.5313065502 a       934     1    15     2    14
     -0.3066184366 a       935     1    15     2    15
      0.4327616629 a       936     1    15     2    16
     -0.2692357812 a       937     1    15     2    17
      0.4344429382 a       938     1    15     2    18
     -0.0479137922 a       939     1    15     2    19
     -0.4941184026 a       940     1    15     2    20
      0.1481877677 a       941     1    16     2     1
     -0.5018101620 a       942     1    16     2     2
     -0.4823738534 a       943     1    16     2     3
     -0.2332800658 a       944     1    16     2     4
      0.5126879652 a       945     1    16     2     5
     -0.0400581804 a       946     1    16     2     6
      0.1149218297 a       947     1    16     2     7
     -0.4985074126 a       948     1    16     2     8
      0.0642484417 a       949     1    16     2     9
      0.2202510652 a       950     1    16     2    10
     -0.1287436971 a       951     1    16     2    11
     -0.4635510273 a       952     1    16     2    12
      0.3072054681 a       953     1    16     2    13
      0.3072068918 a       954     1    16     2    14
     -0.6644692745 a       955     1    16     2    15
     -0.1952050042 a       956     1    16     2    16
     -0.4758024886 a       957     1    16     2    17
     -0.3100644838 a       958     1    16     2    18
     -0.3342089686 a       959     1    16     2    19
     -0.0227860889 a       960     1    16     2    20
      0.5216698302 a       961     1    17     2     1
      0.2132906858 a       962     1    17     2     2
      0.4565634288 a       963     1    17     2     3
      0.3739644503 a       964     1    17     2     4
     -0.5003573388 a       965     1    17     2     5
      0.3865862013 a       966     1    17     2     6
     -0.1198556499 a       967     1    17     2     7
      0.1117187154 a       968     1    17     2     8
      0.4252499350 a       969     1    17     2     9
     -0.4467736026 a       970     1    17     2    10
      0.0909461363 a       971     1    17     2    11
      0.2330559972 a       972     1    17     2    12
      0.3784337821 a       973     1    17     2    13
      0.6002259281 a       974     1    17     2    14
      0.1741959190 a       975     1    17     2    15
     -0.4780887044 a       976     1    17     2    16
      0.5607016705 a       977     1    17     2    17
      0.2766838951 a       978     1    17     2    18
      0.4524136251 a       979     1    17     2    19
      0.1014070415 a       980     1    17     2    20
     -0.0096157729 a       981     1    18     2     1
     -0.2914160077 a       982     1    18     2     2
     -0.4685181526 a       983     1    18     2     3
     -0.5878882186 a       984     1    18     2     4
     -0.4124718601 a       985     1    18     2     5
      0.4866173641 a       986     1    18     2     6
      0.1439503313 a       987     1    18     2     7
      0.0881573336 a       988     1    18     2     8
     -0.0670304302 a       989     1    18     2     9
     -0.5751937398 a       990     1    18     2    10
     -0.6219301588 a       991     1    18     2    11
     -0.3636509849 a       992     1    18     2    12
      0.4446852892 a       993     1    18     2    13
     -0.5414020830 a       994     1    18     2    14
     -0.2696071155 a       995     1    18     2    15
      0.4656884683 a       996     1    18     2    16
     -0.3425605630 a       997     1    18     2    17
     -0.0166510581 a       998     1    18     2    18
     -0.5898669493 a       999     1    18     2    19
      0.0003292766 a      1000     1    18     2    20
      0.4662068298 a      1001     1    19     2     1
     -0.0752934563 a      1002     1    19     2     2
     -0.4942880828 a      1003     1    19     2     3
      0.4499698408 a      1004     1    19     2     4
      0.0372241656 a      1005     1    19     2     5
      0.1485286686 a      1006     1    19     2     6
      0.3061651280 a      1007     1    19     2     7
     -0.4494641951 a      1008     1    19     2     8
      0.1941876093 a      1009     1    19     2     9
      0.5065539081 a      1010     1    19     2    10
     -0.4504492722 a      1011     1    19     2    11
      0.5475140380 a      1012     1    19     2    12
      0.5932061991 a      1013     1    19     2    13
     -0.5704429845 a      1014     1    19     2    14
     -0.1249979354 a      1015     1    19     2    15
      0.2980011874 a      1016     1    19     2    16
      0.2527345631 a      1017     1    19     2    17
      0.4865534655 a      1018     1    19     2    18
      0.2998542728 a      1019     1    19     2    19
      0.1927935994 a      1020     1    19     2    20
      0.5857116170 a      1021     1    20     2     1
      0.1891090222 a      1022     1    20     2     2
     -0.2663633269 a      1023     1    20     2     3
      0.5547823079 a      1024     1    20     2     4
      0.0054559984 a      1025     1    20     2     5
     -0.3942581684 a      1026     1    20     2     6
     -0.5048090973 a      1027     1    20     2     7
     -0.1778401053 a      1028     1    20     2     8
     -0.4231769443 a      1029     1    20     2     9
      0.4617613995 a      1030     1    20     2    10
      0.2603687985 a      1031     1    20     2    11
     -0.3455985265 a      1032     1    20     2    12
      0.4541577989 a      1033     1    20     2    13
      0.1368152634 a      1034     1    20     2    14
     -0.2489154860 a      1035     1    20     2    15
     -0.2849706741 a      1036     1    20     2    16
      0.3142513122 a      1037     1    20     2    17
     -0.1463664102 a      1038     1    20     2    18
      0.4324193908 a      1039     1    20     2    19
      0.4423517651 a      1040     1    20     2    20
      0.7075449929 b      1041     2     1
      0.7809685460 b      1042     2     2
     -1.1160033440 b      1043     2     3
      0.1638684585 b      1044     2     4
     -0.6824541909 b      1045     2     5
      1.3542377128 b      1046     2     6
      0.0861051412 b      1047     2     7
     -0.1691113211 b      1048     2     8
      0.3805488188 b      1049     2     9
      1.5840976885 b      1050     2    10
     -0.5597716193 b      1051     2    11
      1.2323860279 b      1052     2    12
      1.1631568435 b      1053     2    13
     -1.2518368154 b      1054     2    14
      0.4246135354 b      1055     2    15
      0.6230901880 b      1056     2    16
     -0.5866784095 b      1057     2    17
      1.0995490361 b      1058     2    18
     -0.2545805988 b      1059     2    19
      1.4774115273 b      1060     2    20
      0.0025071347 a      1061     2     1     3     1
      0.0047369332 a      1062     2     2     3     1
     -0.0050923642 a      1063     2     3     3     1
      0.0021647572 a      1064     2     4     3     1
      0.0045115430 a      1065     2     5     3     1
     -0.0012819002 a      1066     2     6     3     1
      0.0029586254 a      1067     2     7     3     1
     -0.0029780353 a      1068     2     8     3     1
      0.0017836540 a      1069     2     9     3     1
      0.0034775324 a      1070     2    10     3     1
      0.0028401744 a      1071     2    11     3     1
      0.0045000376 a      1072     2    12     3     1
     -0.0020467507 a      1073     2    13     3     1
      0.0046048314 a      1074     2    14     3     1
      0.0016909065 a      1075     2    15     3     1
     -0.0024370948 a      1076     2    16     3     1
      0.0047493512 a      1077     2    17     3     1
     -0.0010286575 a      1078     2    18     3     1
     -0.0022085619 a      1079     2    19     3     1
      0.0056110404 a      1080     2    20     3     1
     19.6619389658 b      1081     3     1
