     -0.4526419849 a         1     0     1     1     1
     -0.1482703707 a         2     0     1     1     2
      0.4721179484 a         3     0     1     1     3
      0.3654542232 a         4     0     1     1     4
     -0.3320204220 a         5     0     1     1     5
      0.3934397994 a         6     0     1     1     6
      0.4255347002 a         7     0     1     1     7
     -0.2063177719 a         8     0     1     1     8
      0.1314628594 a         9     0     1     1     9
      0.0223638689 a        10     0     1     1    10
      0.3971358226 a        11     0     1     1    11
     -0.2333185923 a        12     0     1     1    12
      0.1033622691 a        13     0     1     1    13
      0.3971863119 a        14     0     1     1    14
     -0.3475021733 a        15     0     1     1    15
     -0.2834034699 a        16     0     1     1    16
     -0.4388582362 a        17     0     1     1    17
     -0.4333910958 a        18     0     1     1    18
      0.2955954301 a        19     0     1     1    19
     -0.0641710808 a        20     0     1     1    20
      0.0384877726 a        21     0     2     1     1
      0.4836494551 a        22     0     2     1     2
     -0.2283960070 a        23     0     2     1     3
      0.4540323330 a        24     0     2     1     4
     -0.1719423634 a        25     0     2     1     5
     -0.4206651359 a        26     0     2     1     6
      0.1635109958 a        27     0     2     1     7
     -0.2632910111 a        28     0     2     1     8
     -0.3243651631 a        29     0     2     1     9
     -0.4925548744 a        30     0     2     1    10
      0.0561728544 a        31     0     2     1    11
     -0.1195326430 a        32     0     2     1    12
     -0.5312012999 a        33     0     2     1    13
     -0.3324336450 a        34     0     2     1    14
      0.4313765136 a        35     0     2     1    15
     -0.1653517063 a        36     0     2     1    16
     -0.0426761168 a        37     0     2     1    17
      0.4114840562 a        38     0     2     1    18
     -0.1767817225 a        39     0     2     1    19
      0.0661828260 a        40     0     2     1    20
      0.2055819468 a        41     0     3     1     1
      0.0142895002 a        42     0     3     1     2
     -0.3682565233 a        43     0     3     1     3
     -0.3046138734 a        44     0     3     1     4
      0.0955701558 a        45     0     3     1     5
      0.0902677431 a        46     0     3     1     6
     -0.4151314614 a        47     0     3     1     7
     -0.2601245020 a        48     0     3     1     8
      0.1956066768 a        49     0     3     1     9
     -0.2530848635 a        50     0     3     1    10
     -0.0605652294 a        51     0     3     1    11
      0.0098201120 a        52     0     3     1    12
     -0.2537111613 a        53     0     3     1    13
      0.2991125380 a        54     0     3     1    14
      0.0727095464 a        55     0     3     1    15
     -0.3691255067 a        56     0     3     1    16
     -0.4578238294 a        57     0     3     1    17
     -0.3411726370 a        58     0     3     1    18
      0.3064144272 a        59     0     3     1    19
      0.4023895738 a        60     0     3     1    20
      0.0684935154 a        61     0     4     1     1
     -0.1556088469 a        62     0     4     1     2
      0.1902643247 a        63     0     4     1     3
      0.2345633420 a        64     0     4     1     4
     -0.4241576768 a        65     0     4     1     5
     -0.3519176783 a        66     0     4     1     6
      0.1110962610 a        67     0     4     1     7
     -0.0408037414 a        68     0     4     1     8
      0.4412542348 a        69     0     4     1     9
      0.2251514602 a        70     0     4     1    10
     -0.2899856165 a        71     0     4     1    11
      0.2786624871 a        72     0     4     1    12
      0.2078915195 a        73     0     4     1    13
      0.2134238133 a        74     0     4     1    14
      0.4030605535 a        75     0     4     1    15
     -0.0713777132 a        76     0     4     1    16
     -0.3119622296 a        77     0     4     1    17
     -0.0128261118 a        78     0     4     1    18
      0.4333611149 a        79     0     4     1    19
     -0.2401716850 a        80     0     4     1    20
      0.2422130047 a        81     0     5     1     1
     -0.3848085651 a        82     0     5     1     2
      0.4521535658 a        83     0     5     1     3
      0.2313288924 a        84     0     5     1     4
      0.4494795903 a        85     0     5     1     5
     -0.2472515643 a        86     0     5     1     6
      0.1279747434 a        87     0     5     1     7
     -0.4002403463 a        88     0     5     1     8
     -0.1949121171 a        89     0     5     1     9
      0.4736660872 a        90     0     5     1    10
      0.2418071465 a        91     0     5     1    11
      0.2754863097 a        92     0     5     1    12
      0.2125989042 a        93     0     5     1    13
     -0.0765342586 a        94     0     5     1    14
      0.1858366637 a        95     0     5     1    15
     -0.5778908657 a        96     0     5     1    16
      0.2630425588 a        97     0     5     1    17
      0.3136583673 a        98     0     5     1    18
      0.2947295652 a        99     0     5     1    19
      0.2048011632 a       100     0     5     1    20
     -0.3739243561 a       101     0     6     1     1
     -0.1997579154 a       102     0     6     1     2
      0.2867880305 a       103     0     6     1     3
     -0.3267027983 a       104     0     6     1     4
     -0.1969635577 a       105     0     6     1     5
     -0.1241593052 a       106     0     6     1     6
      0.3827490778 a       107     0     6     1     7
     -0.3299066844 a       108     0     6     1     8
      0.4215949909 a       109     0     6     1     9
      0.2287780196 a       110     0     6     1    10
      0.2704411430 a       111     0     6     1    11
      0.1703959402 a       112     0     6     1    12
      0.0634984216 a       113     0     6     1    13
      0.2001234652 a       114     0     6     1    14
     -0.2714348132 a       115     0     6     1    15
     -0.1864353780 a       116     0     6     1    16
      0.4323231898 a       117     0     6     1    17
     -0.2306272907 a       118     0     6     1    18
      0.4469315145 a       119     0     6     1    19
      0.1439391308 a       120     0     6     1    20
      0.1567313446 a       121     0     7     1     1
      0.4124264900 a       122     0     7     1     2
     -0.4598593702 a       123     0     7     1     3
     -0.3871823152 a       124     0     7     1     4
      0.3672537010 a       125     0     7     1     5
      0.0572709173 a       126     0     7     1     6
     -0.3808116527 a       127     0     7     1     7
      0.1638610804 a       128     0     7     1     8
      0.3840435134 a       129     0     7     1     9
     -0.2023035377 a       130     0     7     1    10
     -0.0565900344 a       131     0     7     1    11
     -0.2333833641 a       132     0     7     1    12
     -0.0140237412 a       133     0     7     1    13
      0.4095515227 a       134     0     7     1    14
     -0.0853326031 a       135     0     7     1    15
     -0.5853304475 a       136     0     7     1    16
     -0.1824393413 a       137     0     7     1    17
      0.3835495910 a       138     0     7     1    18
     -0.3276723976 a       139     0     7     1    19
     -0.4784668506 a       140     0     7     1    20
     -0.2791766071 a       141     0     8     1     1
     -0.1658226226 a       142     0     8     1     2
      0.3501447602 a       143     0     8     1     3
      0.0233113965 a       144     0     8     1     4
      0.3108723332 a       145     0     8     1     5
      0.3316202349 a       146     0     8     1     6
     -0.1571452460 a       147     0     8     1     7
      0.4483950719 a       148     0     8     1     8
      0.0089876945 a       149     0     8     1     9
      0.1645854419 a       150     0     8     1    10
     -0.2022751440 a       151     0     8     1    11
      0.0656083356 a       152     0     8     1    12
     -0.1652401112 a       153     0     8     1    13
      0.2779924866 a       154     0     8     1    14
     -0.0986168355 a       155     0     8     1    15
      0.4206371292 a       156     0     8     1    16
      0.2473878295 a       157     0     8     1    17
     -0.1668752806 a       158     0     8     1    18
      0.0577447414 a       159     0     8     1    19
     -0.3459849907 a       160     0     8     1    20
      0.1098302321 a       161     0     9     1     1
     -0.0463094315 a       162     0     9     1     2
      0.1412793741 a       163     0     9     1     3
      0.4324334914 a       164     0     9     1     4
     -0.0881689345 a       165     0     9     1     5
      0.2451334319 a       166     0     9     1     6
      0.2967282520 a       167     0     9     1     7
      0.3284156191 a       168     0     9     1     8
      0.0142533305 a       169     0     9     1     9
      0.4513097582 a       170     0     9     1    10
     -0.4898047364 a       171     0     9     1    11
      0.3817095873 a       172     0     9     1    12
     -0.2813193163 a       173     0     9     1    13
      0.4514838197 a       174     0     9     1    14
      0.0735323626 a       175     0     9     1    15
      0.0874288792 a       176     0     9     1    16
     -0.4557847602 a       177     0     9     1    17
     -0.0342557071 a       178     0     9     1    18
     -0.3366623820 a       179     0     9     1    19
      0.0882385094 a       180     0     9     1    20
     -0.2539971101 a       181     0    10     1     1
     -0.0479316356 a       182     0    10     1     2
      0.1573742466 a       183     0    10     1     3
     -0.2494166351 a       184     0    10     1     4
     -0.2999373161 a       185     0    10     1     5
     -0.3664533649 a       186     0    10     1     6
     -0.2004651264 a       187     0    10     1     7
     -0.2311469506 a       188     0    10     1     8
      0.3013255416 a       189     0    10     1     9
      0.2556163712 a       190     0    10     1    10
      0.1281686635 a       191     0    10     1    11
     -0.4629912986 a       192     0    10     1    12
     -0.2698472111 a       193     0    10     1    13
     -0.3992510801 a       194     0    10     1    14
      0.4734181786 a       195     0    10     1    15
     -0.2888193443 a       196     0    10     1    16
     -0.0583761427 a       197     0    10     1    17
      0.1894551468 a       198     0    10     1    18
     -0.2068971009 a       199     0    10     1    19
     -0.3070250274 a       200     0    10     1    20
     -0.3082736992 a       201     0    11     1     1
      0.0528826294 a       202     0    11     1     2
     -0.2412438845 a       203     0    11     1     3
     -0.4245348113 a       204     0    11     1     4
     -0.1587553867 a       205     0    11     1     5
      0.2448987198 a       206     0    11     1     6
      0.1598030345 a       207     0    11     1     7
      0.2622406624 a       208     0    11     1     8
     -0.1946724304 a       209     0    11     1     9
      0.3345196190 a       210     0    11     1    10
      0.4043155967 a       211     0    11     1    11
      0.2157062605 a       212     0    11     1    12
     -0.5250921702 a       213     0    11     1    13
      0.1420098275 a       214     0    11     1    14
      0.0435651018 a       215     0    11     1    15
     -0.0400202634 a       216     0    11     1    16
     -0.3729094360 a       217     0    11     1    17
     -0.4914872845 a       218     0    11     1    18
     -0.0496442968 a       219     0    11     1    19
      0.2677976194 a       220     0    11     1    20
      0.1102718149 a       221     0    12     1     1
     -0.4564268552 a       222     0    12     1     2
      0.0727539021 a       223     0    12     1     3
     -0.4151721920 a       224     0    12     1     4
     -0.4159635355 a       225     0    12     1     5
      0.4230102917 a       226     0    12     1     6
     -0.3104882842 a       227     0    12     1     7
      0.1287815842 a       228     0    12     1     8
     -0.1986828136 a       229     0    12     1     9
      0.0118348162 a       230     0    12     1    10
      0.3083573636 a       231     0    12     1    11
      0.3498141920 a       232     0    12     1    12
     -0.3205250246 a       233     0    12     1    13
      0.3862047557 a       234     0    12     1    14
     -0.1833977281 a       235     0    12     1    15
      0.1677391526 a       236     0    12     1    16
      0.0962499592 a       237     0    12     1    17
      0.4415468586 a       238     0    12     1    18
      0.4727380804 a       239     0    12     1    19
      0.0291644123 a       240     0    12     1    20
      0.2181128616 a       241     0    13     1     1
     -0.3488366512 a       242     0    13     1     2
      0.0501626086 a       243     0    13     1     3
     -0.1777195278 a       244     0    13     1     4
     -0.1515424410 a       245     0    13     1     5
     -0.4168729451 a       246     0    13     1     6
     -0.3828618360 a       247     0    13     1     7
      0.3739113110 a       248     0    13     1     8
      0.4001389944 a       249     0    13     1     9
     -0.1874558975 a       250     0    13     1    10
     -0.1642205344 a       251     0    13     1    11
      0.3642982740 a       252     0    13     1    12
     -0.4267686714 a       253     0    13     1    13
      0.3315825186 a       254     0    13     1    14
      0.0276371890 a       255     0    13     1    15
     -0.0363936966 a       256     0    13     1    16
     -0.3489893113 a       257     0    13     1    17
     -0.2391278286 a       258     0    13     1    18
      0.2750427724 a       259     0    13     1    19
      0.4420063024 a       260     0    13     1    20
     -0.0441875114 a       261     0    14     1     1
      0.2273782187 a       262     0    14     1     2
      0.0835176132 a       263     0    14     1     3
     -0.1206002804 a       264     0    14     1     4
      0.1820249363 a       265     0    14     1     5
      0.0761066296 a       266     0    14     1     6
      0.3379539122 a       267     0    14     1     7
     -0.4243411195 a       268     0    14     1     8
     -0.4808133723 a       269     0    14     1     9
      0.0774153131 a       270     0    14     1    10
     -0.3031510469 a       271     0    14     1    11
     -0.2731585092 a       272     0    14     1    12
     -0.2248554302 a       273     0    14     1    13
      0.0302905380 a       274     0    14     1    14
      0.1089062457 a       275     0    14     1    15
      0.0593701101 a       276     0    14     1    16
      0.0147809391 a       277     0    14     1    17
      0.4496135722 a       278     0    14     1    18
      0.4498132530 a       279     0    14     1    19
     -0.1544630758 a       280     0    14     1    20
     -0.2195895488 a       281     0    15     1     1
      0.2587455428 a       282     0    15     1     2
      0.3339580806 a       283     0    15     1     3
      0.4723873373 a       284     0    15     1     4
      0.3027602807 a       285     0    15     1     5
      0.2741363348 a       286     0    15     1     6
     -0.3917960351 a       287     0    15     1     7
      0.1824010239 a       288     0    15     1     8
      0.3742857464 a       289     0    15     1     9
     -0.2023104679 a       290     0    15     1    10
     -0.1596556203 a       291     0    15     1    11
      0.3309938116 a       292     0    15     1    12
     -0.5289622009 a       293     0    15     1    13
      0.2541262156 a       294     0    15     1    14
      0.2488373250 a       295     0    15     1    15
     -0.4635943217 a       296     0    15     1    16
      0.0019014365 a       297     0    15     1    17
     -0.3728895662 a       298     0    15     1    18
      0.4872276624 a       299     0    15     1    19
      0.1106678945 a       300     0    15     1    20
      0.4516675347 a       301     0    16     1     1
     -0.4652524271 a       302     0    16     1     2
      0.4121323096 a       303     0    16     1     3
     -0.2703597117 a       304     0    16     1     4
      0.4512533395 a       305     0    16     1     5
     -0.1131284530 a       306     0    16     1     6
     -0.1702724445 a       307     0    16     1     7
      0.0910333450 a       308     0    16     1     8
     -0.2448011936 a       309     0    16     1     9
     -0.2686425745 a       310     0    16     1    10
      0.5255179159 a       311     0    16     1    11
     -0.4144706912 a       312     0    16     1    12
     -0.2824216440 a       313     0    16     1    13
     -0.3915723442 a       314     0    16     1    14
     -0.5170915572 a       315     0    16     1    15
     -0.3461527259 a       316     0    16     1    16
     -0.0313955833 a       317     0    16     1    17
      0.1808042863 a       318     0    16     1    18
     -0.2162591103 a       319     0    16     1    19
      0.4203609518 a       320     0    16     1    20
     -0.5405775302 a       321     0    17     1     1
     -0.1430494352 a       322     0    17     1     2
      0.3706908311 a       323     0    17     1     3
     -0.1236888220 a       324     0    17     1     4
     -0.2624362774 a       325     0    17     1     5
     -0.4215027535 a       326     0    17     1     6
     -0.1741112599 a       327     0    17     1     7
      0.1891961358 a       328     0    17     1     8
      0.3145970226 a       329     0    17     1     9
      0.0390247379 a       330     0    17     1    10
     -0.0549309632 a       331     0    17     1    11
      0.4356639520 a       332     0    17     1    12
     -0.1425715055 a       333     0    17     1    13
     -0.1405347599 a       334     0    17     1    14
      0.3937288152 a       335     0    17     1    15
     -0.2101604057 a       336     0    17     1    16
      0.4514131792 a       337     0    17     1    17
     -0.0275048780 a       338     0    17     1    18
      0.4377268758 a       339     0    17     1    19
      0.1833024359 a       340     0    17     1    20
      0.4067823169 a       341     0    18     1     1
      0.3707590466 a       342     0    18     1     2
      0.1006792198 a       343     0    18     1     3
      0.0835348083 a       344     0    18     1     4
      0.2432031404 a       345     0    18     1     5
      0.2327538362 a       346     0    18     1     6
     -0.3267402464 a       347     0    18     1     7
     -0.4399255360 a       348     0    18     1     8
      0.4460933514 a       349     0    18     1     9
      0.3977789435 a       350     0    18     1    10
     -0.2947244149 a       351     0    18     1    11
     -0.4322630879 a       352     0    18     1    12
     -0.3013006019 a       353     0    18     1    13
     -0.4196048532 a       354     0    18     1    14
     -0.2052212499 a       355     0    18     1    15
     -0.3487201386 a       356     0    18     1    16
     -0.4191334231 a       357     0    18     1    17
      0.3018611922 a       358     0    18     1    18
      0.0777554006 a       359     0    18     1    19
     -0.3420112694 a       360     0    18     1    20
     -0.2594610211 a       361     0    19     1     1
      0.1320576977 a       362     0    19     1     2
     -0.2852041867 a       363     0    19     1     3
     -0.3489558199 a       364     0    19     1     4
     -0.2407259052 a       365     0    19     1     5
      0.0013668644 a       366     0    19     1     6
     -0.0863327316 a       367     0    19     1     7
      0.1037208585 a       368     0    19     1     8
      0.4081091119 a       369     0    19     1     9
     -0.2457845681 a       370     0    19     1    10
     -0.0018959053 a       371     0    19     1    11
     -0.4348771580 a       372     0    19     1    12
     -0.1312841896 a       373     0    19     1    13
      0.1950220644 a       374     0    19     1    14
     -0.4733330774 a       375     0    19     1    15
     -0.4575351094 a       376     0    19     1    16
      0.4119093332 a       377     0    19     1    17
     -0.4500134280 a       378     0    19     1    18
     -0.1790553762 a       379     0    19     1    19
      0.3620934374 a       380     0    19     1    20
     -0.0657407776 a       381     0    20     1     1
      0.4684108178 a       382     0    20     1     2
      0.1913215153 a       383     0    20     1     3
     -0.0482883839 a       384     0    20     1     4
      0.3609902999 a       385     0    20     1     5
      0.0292060041 a       386     0    20     1     6
     -0.1976938869 a       387     0    20     1     7
      0.4068399198 a       388     0    20     1     8
      0.3884236361 a       389     0    20     1     9
      0.3628089662 a       390     0    20     1    10
     -0.3587840441 a       391     0    20     1    11
      0.2472445050 a       392     0    20     1    12
     -0.0900323323 a       393     0    20     1    13
     -0.1718487757 a       394     0    20     1    14
      0.0427059009 a       395     0    20     1    15
      0.2318319720 a       396     0    20     1    16
      0.0255960745 a       397     0    20     1    17
     -0.3620911856 a       398     0    20     1    18
      0.2890149170 a       399     0    20     1    19
     -0.2618283559 a       400     0    20     1    20
      0.4115383791 a       401     0    21     1     1
     -0.4123292686 a       402     0    21     1     2
      0.1502127673 a       403     0    21     1     3
     -0.1077476042 a       404     0    21     1     4
      0.3978632424 a       405     0    21     1     5
     -0.1954208849 a       406     0    21     1     6
      0.4183581236 a       407     0    21     1     7
      0.2198756438 a       408     0    21     1     8
      0.1692808765 a       409     0    21     1     9
     -0.2216390736 a       410     0    21     1    10
     -0.0729678652 a       411     0    21     1    11
      0.3005157437 a       412     0    21     1    12
     -0.1862858750 a       413     0    21     1    13
     -0.1417396033 a       414     0    21     1    14
     -0.2979017767 a       415     0    21     1    15
      0.1680782099 a       416     0    21     1    16
     -0.2119207713 a       417     0    21     1    17
     -0.2762902241 a       418     0    21     1    18
      0.2546253414 a       419     0    21     1    19
      0.4192646733 a       420     0    21     1    20
      0.4392678185 a       421     0    22     1     1
     -0.1001819641 a       422     0    22     1     2
     -0.0077710433 a       423     0    22     1     3
     -0.1599951542 a       424     0    22     1     4
      0.1855791264 a       425     0    22     1     5
     -0.2790788651 a       426     0    22     1     6
     -0.3725828045 a       427     0    22     1     7
     -0.3713856958 a       428     0    22     1     8
     -0.0738588620 a       429     0    22     1     9
      0.4513979535 a       430     0    22     1    10
      0.2163210245 a       431     0    22     1    11
      0.1843408477 a       432     0    22     1    12
      0.2975413499 a       433     0    22     1    13
     -0.4441801345 a       434     0    22     1    14
     -0.5599095875 a       435     0    22     1    15
     -0.0397299289 a       436     0    22     1    16
     -0.3477132901 a       437     0    22     1    17
      0.0107990779 a       438     0    22     1    18
     -0.1282149811 a       439     0    22     1    19
      0.2055675453 a       440     0    22     1    20
     -0.3816635494 a       441     0    23     1     1
     -0.1046218566 a       442     0    23     1     2
     -0.4284793827 a       443     0    23     1     3
     -0.1397570450 a       444     0    23     1     4
     -0.0255291889 a       445     0    23     1     5
      0.3110967536 a       446     0    23     1     6
      0.4394589996 a       447     0    23     1     7
     -0.4983772409 a       448     0    23     1     8
     -0.0649286003 a       449     0    23     1     9
      0.3328232355 a       450     0    23     1    10
     -0.1146462580 a       451     0    23     1    11
     -0.3651756320 a       452     0    23     1    12
     -0.2331485107 a       453     0    23     1    13
     -0.1862574486 a       454     0    23     1    14
      0.1914833000 a       455     0    23     1    15
      0.2648944562 a       456     0    23     1    16
     -0.4219487328 a       457     0    23     1    17
      0.0660065283 a       458     0    23     1    18
     -0.3802133688 a       459     0    23     1    19
     -0.3703025230 a       460     0    23     1    20
     -0.1909059979 a       461     0    24     1     1
     -0.1665392119 a       462     0    24     1     2
     -0.1052027694 a       463     0    24     1     3
      0.3580356106 a       464     0    24     1     4
      0.2619094706 a       465     0    24     1     5
      0.3785565718 a       466     0    24     1     6
     -0.0502114623 a       467     0    24     1     7
     -0.2044749447 a       468     0    24     1     8
      0.0358703886 a       469     0    24     1     9
      0.3812248178 a       470     0    24     1    10
      0.3037740226 a       471     0    24     1    11
      0.0947287843 a       472     0    24     1    12
     -0.4833849749 a       473     0    24     1    13
     -0.3629879861 a       474     0    24     1    14
     -0.0136630176 a       475     0    24     1    15
      0.1651497686 a       476     0    24     1    16
      0.3439674870 a       477     0    24     1    17
      0.3800251328 a       478     0    24     1    18
      0.2010469538 a       479     0    24     1    19
     -0.1822581681 a       480     0    24     1    20
      0.3343361121 a       481     0    25     1     1
      0.3734335411 a       482     0    25     1     2
      0.4681906336 a       483     0    25     1     3
     -0.2168242203 a       484     0    25     1     4
     -0.0679075387 a       485     0    25     1     5
      0.2600234477 a       486     0    25     1     6
     -0.1478247366 a       487     0    25     1     7
     -0.3436976777 a       488     0    25     1     8
     -0.0855946363 a       489     0    25     1     9
      0.2866921427 a       490     0    25     1    10
      0.4850009452 a       491     0    25     1    11
      0.0084266885 a       492     0    25     1    12
     -0.1861946305 a       493     0    25     1    13
      0.3601032586 a       494     0    25     1    14
     -0.1668098262 a       495     0    25     1    15
     -0.4834237914 a       496     0    25     1    16
     -0.1546190406 a       497     0    25     1    17
     -0.1298065403 a       498     0    25     1    18
      0.0716654461 a       499     0    25     1    19
     -0.2675902558 a       500     0    25     1    20
      0.0248850068 a       501     0    26     1     1
     -0.2857301080 a       502     0    26     1     2
     -0.4318604648 a       503     0    26     1     3
      0.3514795900 a       504     0    26     1     4
     -0.4271557523 a       505     0    26     1     5
     -0.4246557170 a       506     0    26     1     6
      0.4153549388 a       507     0    26     1     7
      0.3595308385 a       508     0    26     1     8
     -0.2111700805 a       509     0    26     1     9
      0.4534855991 a       510     0    26     1    10
      0.4810538765 a       511     0    26     1    11
     -0.3679889620 a       512     0    26     1    12
     -0.4034897879 a       513     0    26     1    13
     -0.1911585382 a       514     0    26     1    14
     -0.2362028346 a       515     0    26     1    15
      0.1181808703 a       516     0    26     1    16
      0.1800052699 a       517     0    26     1    17
     -0.1067428713 a       518     0    26     1    18
     -0.2058874692 a       519     0    26     1    19
     -0.4211494500 a       520     0    26     1    20
      0.2480356167 a       521     0    27     1     1
     -0.2222382195 a       522     0    27     1     2
      0.2393245867 a       523     0    27     1     3
     -0.4098093359 a       524     0    27     1     4
     -0.4479263931 a       525     0    27     1     5
     -0.2779478177 a       526     0    27     1     6
     -0.3392677472 a       527     0    27     1     7
      0.0143238742 a       528     0    27     1     8
      0.2882836639 a       529     0    27     1     9
      0.1882688551 a       530     0    27     1    10
      0.2810348774 a       531     0    27     1    11
     -0.1402146958 a       532     0    27     1    12
     -0.2876589986 a       533     0    27     1    13
      0.1557586108 a       534     0    27     1    14
      0.5151769220 a       535     0    27     1    15
     -0.0367235377 a       536     0    27     1    16
      0.0640474653 a       537     0    27     1    17
     -0.0911369614 a       538     0    27     1    18
      0.2425223944 a       539     0    27     1    19
      0.3611817928 a       540     0    27     1    20
     -0.3743438234 a       541     0    28     1     1
      0.4533047549 a       542     0    28     1     2
      0.1230518093 a       543     0    28     1     3
     -0.1243868926 a       544     0    28     1     4
      0.1147582070 a       545     0    28     1     5
      0.3990657041 a       546     0    28     1     6
      0.0808631903 a       547     0    28     1     7
      0.1086292798 a       548     0    28     1     8
      0.3988007459 a       549     0    28     1     9
      0.0762477282 a       550     0    28     1    10
     -0.3822171788 a       551     0    28     1    11
      0.2262545584 a       552     0    28     1    12
      0.0053689606 a       553     0    28     1    13
     -0.1856246441 a       554     0    28     1    14
      0.0988706975 a       555     0    28     1    15
     -0.1577289635 a       556     0    28     1    16
     -0.1443484871 a       557     0    28     1    17
      0.1882539891 a       558     0    28     1    18
     -0.0032126527 a       559     0    28     1    19
     -0.2957996779 a       560     0    28     1    20
     -1.4786940050 b       561     1     1
     -1.3249570918 b       562     1     2
     -0.2495998513 b       563     1     3
     -0.5417533130 b       564     1     4
     -0.7353220307 b       565     1     5
     -1.0827197940 b       566     1     6
     -1.1583759974 b       567     1     7
     -0.4819329117 b       568     1     8
     -0.7403850333 b       569     1     9
     -1.1704133259 b       570     1    10
     -1.3317330016 b       571     1    11
     -1.2171686652 b       572     1    12
      1.4753593226 b       573     1    13
     -0.1158778645 b       574     1    14
     -0.5067249795 b       575     1    15
      0.3441987189 b       576     1    16
      0.5441343063 b       577     1    17
      0.9643445899 b       578     1    18
      0.2986096571 b       579     1    19
      1.1597941653 b       580     1    20
     -0.2354824456 a       581     1     1     2     1
     -0.3753232621 a       582     1     1     2     2
      0.2548538784 a       583     1     1     2     3
     -0.5390487117 a       584     1     1     2     4
      0.6014434339 a       585     1     1     2     5
     -0.2742527292 a       586     1     1     2     6
     -0.5797967336 a       587     1     1     2     7
      0.2646579518 a       588     1     1     2     8
      0.1291686471 a       589     1     1     2     9
      0.0126433950 a       590     1     1     2    10
      0.5480800038 a       591     1     1     2    11
     -0.4338948324 a       592     1     1     2    12
      0.2265297896 a       593     1     1     2    13
      0.3180522774 a       594     1     1     2    14
     -0.3379185864 a       595     1     1     2    15
     -0.3595836180 a       596     1     1     2    16
      0.5259577545 a       597     1     1     2    17
     -0.4101731811 a       598     1     1     2    18
      0.4534168715 a       599     1     1     2    19
      0.1712688158 a       600     1     1     2    20
      0.4990089524 a       601     1     2     2     1
      0.0012991753 a       602     1     2     2     2
     -0.2908427377 a       603     1     2     2     3
     -0.0188625735 a       604     1     2     2     4
     -0.2344487564 a       605     1     2     2     5
      0.4113073808 a       606     1     2     2     6
     -0.5201409999 a       607     1     2     2     7
     -0.4576127547 a       608     1     2     2     8
     -0.4740866874 a       609     1     2     2     9
      0.5848153149 a       610     1     2     2    10
     -0.0211770040 a       611     1     2     2    11
     -0.5465655358 a       612     1     2     2    12
     -0.3663299968 a       613     1     2     2    13
      0.2395319721 a       614     1     2     2    14
     -0.4227990484 a       615     1     2     2    15
     -0.0789689545 a       616     1     2     2    16
      0.3941361510 a       617     1     2     2    17
     -0.0371066180 a       618     1     2     2    18
     -0.1520202413 a       619     1     2     2    19
      0.3994180913 a       620     1     2     2    20
      0.3673519031 a       621     1     3     2     1
      0.6058936161 a       622     1     3     2     2
     -0.1819925926 a       623     1     3     2     3
      0.4945740619 a       624     1     3     2     4
     -0.5791526578 a       625     1     3     2     5
      0.2272110111 a       626     1     3     2     6
      0.5366778933 a       627     1     3     2     7
      0.0293579168 a       628     1     3     2     8
      0.5129844173 a       629     1     3     2     9
      0.5835190349 a       630     1     3     2    10
      0.5765806831 a       631     1     3     2    11
      0.1171293504 a       632     1     3     2    12
      0.2500357140 a       633     1     3     2    13
      0.3810694103 a       634     1     3     2    14
     -0.0369623031 a       635     1     3     2    15
     -0.1875583993 a       636     1     3     2    16
     -0.4526182719 a       637     1     3     2    17
      0.5624404856 a       638     1     3     2    18
     -0.5025898059 a       639     1     3     2    19
     -0.0319446800 a       640     1     3     2    20
     -0.1875988565 a       641     1     4     2     1
     -0.0391143842 a       642     1     4     2     2
     -0.3371362825 a       643     1     4     2     3
     -0.3830021325 a       644     1     4     2     4
     -0.1948414264 a       645     1     4     2     5
     -0.0456844190 a       646     1     4     2     6
     -0.1074258863 a       647     1     4     2     7
      0.1136052104 a       648     1     4     2     8
     -0.4575530331 a       649     1     4     2     9
      0.4918020675 a       650     1     4     2    10
      0.1998113846 a       651     1     4     2    11
     -0.3922671190 a       652     1     4     2    12
     -0.3237970957 a       653     1     4     2    13
     -0.2578267585 a       654     1     4     2    14
      0.1792696963 a       655     1     4     2    15
     -0.4930707840 a       656     1     4     2    16
     -0.2565894969 a       657     1     4     2    17
      0.2335031500 a       658     1     4     2    18
      0.2706478662 a       659     1     4     2    19
      0.0747535314 a       660     1     4     2    20
     -0.2442533102 a       661     1     5     2     1
      0.2997598347 a       662     1     5     2     2
     -0.1747349664 a       663     1     5     2     3
     -0.2866286352 a       664     1     5     2     4
      0.0674367810 a       665     1     5     2     5
      0.3367790046 a       666     1     5     2     6
     -0.5235230800 a       667     1     5     2     7
     -0.4268810955 a       668     1     5     2     8
      0.1596476266 a       669     1     5     2     9
      0.1663911094 a       670     1     5     2    10
      0.5066296788 a       671     1     5     2    11
     -0.3526374799 a       672     1     5     2    12
     -0.5622863743 a       673     1     5     2    13
      0.2466266818 a       674     1     5     2    14
     -0.4887359989 a       675     1     5     2    15
     -0.3267887989 a       676     1     5     2    16
      0.3353184595 a       677     1     5     2    17
     -0.4093886230 a       678     1     5     2    18
     -0.0787394242 a       679     1     5     2    19
      0.4482955408 a       680     1     5     2    20
      0.0670362493 a       681     1     6     2     1
     -0.6742200115 a       682     1     6     2     2
      0.4651265942 a       683     1     6     2     3
      0.1044863325 a       684     1     6     2     4
     -0.3679547733 a       685     1     6     2     5
     -0.3501439417 a       686     1     6     2     6
      0.1780692461 a       687     1     6     2     7
      0.1595505364 a       688     1     6     2     8
      0.2104535724 a       689     1     6     2     9
     -0.2631991531 a       690     1     6     2    10
     -0.5343144470 a       691     1     6     2    11
     -0.1752520092 a       692     1     6     2    12
     -0.5429335788 a       693     1     6     2    13
      0.3247398692 a       694     1     6     2    14
     -0.1684183990 a       695     1     6     2    15
      0.1351975981 a       696     1     6     2    16
     -0.0079092295 a       697     1     6     2    17
     -0.1405618966 a       698     1     6     2    18
     -0.3149247227 a       699     1     6     2    19
     -0.1850311118 a       700     1     6     2    20
      0.6042142770 a       701     1     7     2     1
      0.2986776821 a       702     1     7     2     2
     -0.2708850370 a       703     1     7     2     3
     -0.0353479592 a       704     1     7     2     4
     -0.4206721974 a       705     1     7     2     5
      0.3034266916 a       706     1     7     2     6
     -0.1485994887 a       707     1     7     2     7
      0.1173673860 a       708     1     7     2     8
      0.1504034127 a       709     1     7     2     9
      0.5305235590 a       710     1     7     2    10
     -0.1135385525 a       711     1     7     2    11
      0.6171645961 a       712     1     7     2    12
      0.1350667814 a       713     1     7     2    13
      0.5310114453 a       714     1     7     2    14
     -0.3275436988 a       715     1     7     2    15
      0.1020441351 a       716     1     7     2    16
     -0.3370439505 a       717     1     7     2    17
      0.0540521347 a       718     1     7     2    18
     -0.0680768258 a       719     1     7     2    19
      0.1234605763 a       720     1     7     2    20
     -0.0958847075 a       721     1     8     2     1
      0.4398643258 a       722     1     8     2     2
      0.5102711036 a       723     1     8     2     3
     -0.6374906331 a       724     1     8     2     4
     -0.0948645596 a       725     1     8     2     5
     -0.3279086344 a       726     1     8     2     6
      0.2224502745 a       727     1     8     2     7
     -0.5116026257 a       728     1     8     2     8
      0.4553268911 a       729     1     8     2     9
     -0.1890347516 a       730     1     8     2    10
      0.4255267642 a       731     1     8     2    11
     -0.2489302980 a       732     1     8     2    12
      0.3518702089 a       733     1     8     2    13
     -0.5891103322 a       734     1     8     2    14
      0.5649983229 a       735     1     8     2    15
     -0.6844474317 a       736     1     8     2    16
     -0.0015620866 a       737     1     8     2    17
      0.6338508956 a       738     1     8     2    18
     -0.2677619290 a       739     1     8     2    19
     -0.3158728091 a       740     1     8     2    20
     -0.2471207039 a       741     1     9     2     1
     -0.4421344394 a       742     1     9     2     2
      0.3219482739 a       743     1     9     2     3
      0.2941700138 a       744     1     9     2     4
     -0.6237944041 a       745     1     9     2     5
      0.1109010580 a       746     1     9     2     6
     -0.1750083211 a       747     1     9     2     7
     -0.4059212342 a       748     1     9     2     8
      0.4193411304 a       749     1     9     2     9
      0.0659853847 a       750     1     9     2    10
     -0.0426618686 a       751     1     9     2    11
      0.4984277896 a       752     1     9     2    12
     -0.1997316282 a       753     1     9     2    13
      0.4726481775 a       754     1     9     2    14
     -0.0153689059 a       755     1     9     2    15
      0.0984735114 a       756     1     9     2    16
      0.3337699148 a       757     1     9     2    17
     -0.2512094829 a       758     1     9     2    18
     -0.4586654982 a       759     1     9     2    19
      0.3784262697 a       760     1     9     2    20
     -0.3268833547 a       761     1    10     2     1
     -0.0488216127 a       762     1    10     2     2
     -0.0097730984 a       763     1    10     2     3
     -0.3487646321 a       764     1    10     2     4
     -0.4130982908 a       765     1    10     2     5
     -0.3556238901 a       766     1    10     2     6
     -0.0660279824 a       767     1    10     2     7
      0.4704490566 a       768     1    10     2     8
     -0.3295116630 a       769     1    10     2     9
      0.0434921186 a       770     1    10     2    10
      0.2411851652 a       771     1    10     2    11
     -0.3522076509 a       772     1    10     2    12
      0.3595921027 a       773     1    10     2    13
     -0.0592169604 a       774     1    10     2    14
      0.2023416546 a       775     1    10     2    15
     -0.3932015682 a       776     1    10     2    16
     -0.6645676894 a       777     1    10     2    17
      0.3134247406 a       778     1    10     2    18
      0.4730436893 a       779     1    10     2    19
      0.4302705853 a       780     1    10     2    20
     -0.5386019328 a       781     1    11     2     1
      0.2197004579 a       782     1    11     2     2
      0.4413207422 a       783     1    11     2     3
     -0.5301273860 a       784     1    11     2     4
      0.1103918193 a       785     1    11     2     5
     -0.4028848920 a       786     1    11     2     6
      0.4468403440 a       787     1    11     2     7
      0.1618024134 a       788     1    11     2     8
      0.4707720293 a       789     1    11     2     9
      0.4190265739 a       790     1    11     2    10
      0.0483760821 a       791     1    11     2    11
      0.2667719403 a       792     1    11     2    12
     -0.3277977759 a       793     1    11     2    13
     -0.3954127066 a       794     1    11     2    14
      0.4223772225 a       795     1    11     2    15
     -0.5082217453 a       796     1    11     2    16
     -0.2982810934 a       797     1    11     2    17
     -0.4377423668 a       798     1    11     2    18
     -0.4274426691 a       799     1    11     2    19
      0.3618252496 a       800     1    11     2    20
      0.0655636949 a       801     1    12     2     1
      0.4785491105 a       802     1    12     2     2
     -0.4573044202 a       803     1    12     2     3
     -0.5104033395 a       804     1    12     2     4
     -0.1540398224 a       805     1    12     2     5
     -0.3737714002 a       806     1    12     2     6
      0.4648273181 a       807     1    12     2     7
     -0.5226508778 a       808     1    12     2     8
      0.0026251822 a       809     1    12     2     9
     -0.0334330370 a       810     1    12     2    10
     -0.5997337449 a       811     1    12     2    11
      0.2971667204 a       812     1    12     2    12
     -0.3723603566 a       813     1    12     2    13
      0.3572270497 a       814     1    12     2    14
     -0.6790266533 a       815     1    12     2    15
      0.3328476054 a       816     1    12     2    16
      0.5519674973 a       817     1    12     2    17
      0.5664812751 a       818     1    12     2    18
      0.2778621122 a       819     1    12     2    19
      0.4267183390 a       820     1    12     2    20
     -0.3717180038 a       821     1    13     2     1
      0.0153317679 a       822     1    13     2     2
      0.6550413961 a       823     1    13     2     3
      0.1287812586 a       824     1    13     2     4
      0.0640130856 a       825     1    13     2     5
     -0.5277527687 a       826     1    13     2     6
      0.3589298878 a       827     1    13     2     7
      0.3647746799 a       828     1    13     2     8
      0.2562628265 a       829     1    13     2     9
     -0.2296031118 a       830     1    13     2    10
      0.3870677705 a       831     1    13     2    11
      0.4372591252 a       832     1    13     2    12
     -0.4220702529 a       833     1    13     2    13
     -0.3841533191 a       834     1    13     2    14
      0.0297444727 a       835     1    13     2    15
     -0.1035947045 a       836     1    13     2    16
     -0.2906958509 a       837     1    13     2    17
      0.0733618134 a       838     1    13     2    18
      0.4838455337 a       839     1    13     2    19
      0.4744359494 a       840     1    13     2    20
     -0.1671868164 a       841     1    14     2     1
      0.2503295786 a       842     1    14     2     2
      0.1886790865 a       843     1    14     2     3
     -0.1531775140 a       844     1    14     2     4
     -0.1924793868 a       845     1    14     2     5
     -0.2181405079 a       846     1    14     2     6
     -0.5492528926 a       847     1    14     2     7
     -0.4502127007 a       848     1    14     2     8
      0.1875751090 a       849     1    14     2     9
     -0.4668888583 a       850     1    14     2    10
     -0.1068585781 a       851     1    14     2    11
     -0.2945367047 a       852     1    14     2    12
     -0.0939259846 a       853     1    14     2    13
      0.0447748778 a       854     1    14     2    14
     -0.4742219768 a       855     1    14     2    15
      0.4053383301 a       856     1    14     2    16
      0.1350104143 a       857     1    14     2    17
     -0.2004056160 a       858     1    14     2    18
     -0.3876752103 a       859     1    14     2    19
     -0.2749344912 a       860     1    14     2    20
      0.1574585376 a       861     1    15     2     1
      0.2678024982 a       862     1    15     2     2
     -0.4077889865 a       863     1    15     2     3
     -0.1747894596 a       864     1    15     2     4
      0.1542963617 a       865     1    15     2     5
      0.4346623170 a       866     1    15     2     6
     -0.4736708128 a       867     1    15     2     7
      0.1078796410 a       868     1    15     2     8
     -0.4980413232 a       869     1    15     2     9
     -0.5401646113 a       870     1    15     2    10
      0.0945198013 a       871     1    15     2    11
     -0.5483739355 a       872     1    15     2    12
      0.5655527191 a       873     1    15     2    13
     -0.3534816488 a       874     1    15     2    14
      0.3897865393 a       875     1    15     2    15
     -0.6184895612 a       876     1    15     2    16
      0.5632049055 a       877     1    15     2    17
     -0.0057529759 a       878     1    15     2    18
      0.1045569260 a       879     1    15     2    19
      0.5157871882 a       880     1    15     2    20
     -0.3249521195 a       881     1    16     2     1
     -0.6726128364 a       882     1    16     2     2
      0.0812908484 a       883     1    16     2     3
     -0.1668388814 a       884     1    16     2     4
     -0.3156372044 a       885     1    16     2     5
     -0.3262573667 a       886     1    16     2     6
     -0.0938680484 a       887     1    16     2     7
     -0.0842964618 a       888     1    16     2     8
      0.3188969299 a       889     1    16     2     9
     -0.1974065162 a       890     1    16     2    10
     -0.0313729430 a       891     1    16     2    11
      0.1410846337 a       892     1    16     2    12
      0.1787899213 a       893     1    16     2    13
      0.3376459700 a       894     1    16     2    14
      0.3122595221 a       895     1    16     2    15
      0.0979215596 a       896     1    16     2    16
      0.5230710746 a       897     1    16     2    17
     -0.2851844516 a       898     1    16     2    18
     -0.4446706587 a       899     1    16     2    19
      0.4614401768 a       900     1    16     2    20
      0.5339649862 a       901     1    17     2     1
     -0.2124198380 a       902     1    17     2     2
     -0.5140302697 a       903     1    17     2     3
     -0.2168405004 a       904     1    17     2     4
     -0.5927385478 a       905     1    17     2     5
     -0.5379723206 a       906     1    17     2     6
      0.0666040283 a       907     1    17     2     7
     -0.3668967653 a       908     1    17     2     8
     -0.6521713757 a       909     1    17     2     9
     -0.4005541256 a       910     1    17     2    10
     -0.6552378153 a       911     1    17     2    11
     -0.2355145557 a       912     1    17     2    12
      0.3162194749 a       913     1    17     2    13
      0.1737226461 a       914     1    17     2    14
      0.2502987918 a       915     1    17     2    15
      0.4014826014 a       916     1    17     2    16
      0.0859042520 a       917     1    17     2    17
      0.2868367905 a       918     1    17     2    18
     -0.4115885127 a       919     1    17     2    19
      0.4930245402 a       920     1    17     2    20
     -0.1634539568 a       921     1    18     2     1
     -0.1333264181 a       922     1    18     2     2
     -0.2650158714 a       923     1    18     2     3
      0.5030927240 a       924     1    18     2     4
     -0.5734845420 a       925     1    18     2     5
     -0.4348970308 a       926     1    18     2     6
     -0.1315253058 a       927     1    18     2     7
      0.6243194850 a       928     1    18     2     8
      0.3122365365 a       929     1    18     2     9
      0.1166270087 a       930     1    18     2    10
      0.3374542692 a       931     1    18     2    11
     -0.3620449857 a       932     1    18     2    12
      0.2124087878 a       933     1    18     2    13
      0.4108117809 a       934     1    18     2    14
     -0.1377328221 a       935     1    18     2    15
      0.2481720284 a       936     1    18     2    16
     -0.1946315077 a       937     1    18     2    17
      0.1482223831 a       938     1    18     2    18
      0.4966742843 a       939     1    18     2    19
      0.5671998881 a       940     1    18     2    20
     -0.5481210637 a       941     1    19     2     1
      0.4214373448 a       942     1    19     2     2
     -0.0153880272 a       943     1    19     2     3
     -0.5367354997 a       944     1    19     2     4
      0.1117892714 a       945     1    19     2     5
      0.3213570825 a       946     1    19     2     6
      0.1050929262 a       947     1    19     2     7
     -0.5375910340 a       948     1    19     2     8
     -0.2336214931 a       949     1    19     2     9
      0.2958495903 a       950     1    19     2    10
     -0.2924878543 a       951     1    19     2    11
     -0.2511471216 a       952     1    19     2    12
     -0.5118133878 a       953     1    19     2    13
     -0.5447785974 a       954     1    19     2    14
     -0.6139012383 a       955     1    19     2    15
     -0.1445503738 a       956     1    19     2    16
     -0.0697779471 a       957     1    19     2    17
     -0.5130021140 a       958     1    19     2    18
      0.4055991075 a       959     1    19     2    19
      0.1832652458 a       960     1    19     2    20
     -0.6003212935 a       961     1    20     2     1
     -0.0719111422 a       962     1    20     2     2
      0.5359545952 a       963     1    20     2     3
     -0.1574573289 a       964     1    20     2     4
     -0.2750716276 a       965     1    20     2     5
      0.5165859243 a       966     1    20     2     6
     -0.4623981420 a       967     1    20     2     7
      0.1213980707 a       968     1    20     2     8
     -0.3113470667 a       969     1    20     2     9
     -0.5105619795 a       970     1    20     2    10
     -0.1157920155 a       971     1    20     2    11
     -0.1050137951 a       972     1    20     2    12
      0.4215025655 a       973     1    20     2    13
      0.2897274540 a       974     1    20     2    14
      0.1004940985 a       975     1    20     2    15
     -0.5316888044 a       976     1    20     2    16
      0.1598494925 a       977     1    20     2    17
      0.5863349322 a       978     1    20     2    18
     -0.2011809097 a       979     1    20     2    19
      0.2811026431 a       980     1    20     2    20
     -0.5386740641 b       981     2     1
     -1.0208066522 b       982     2     2
      0.1778234725 b       983     2     3
     -1.5507501887 b       984     2     4
      0.3330158896 b       985     2     5
      1.0765846976 b       986     2     6
      1.5559104297 b       987     2     7
      0.2202551868 b       988     2     8
     -0.9720665835 b       989     2     9
      0.8773468239 b       990     2    10
     -0.7306844821 b       991     2    11
     -0.3237170189 b       992     2    12
     -0.4878516703 b       993     2    13
     -0.5471837549 b       994     2    14
      1.0340018377 b       995     2    15
      0.0805945944 b       996     2    16
      0.9997795355 b       997     2    17
     -0.9340744760 b       998     2    18
     -1.4114030822 b       999     2    19
      0.4192584847 b      1000     2    20
      0.0083178503 a      1001     2     1     3     1
      0.0030483323 a      1002     2     2     3     1
     -0.0023497988 a      1003     2     3     3     1
      0.0009208861 a      1004     2     4     3     1
      0.0036670190 a      1005     2     5     3     1
      0.0009827225 a      1006     2     6     3     1
     -0.0025549682 a      1007     2     7     3     1
     -0.0062875445 a      1008     2     8     3     1
     -0.0008832007 a      1009     2     9     3     1
     -0.0000761495 a      1010     2    10     3     1
      0.0013133271 a      1011     2    11     3     1
     -0.0041126064 a      1012     2    12     3     1
     -0.0054495266 a      1013     2    13     3     1
      0.0035264598 a      1014     2    14     3     1
      0.0028466673 a      1015     2    15     3     1
      0.0019448212 a      1016     2    16     3     1
      0.0020654313 a      1017     2    17     3     1
     -0.0022717495 a      1018     2    18     3     1
     -0.0063424730 a      1019     2    19     3     1
     -0.0027387988 a      1020     2    20     3     1
     19.6612045191 b      1021     3     1
