     -0.7903422856 a         1     0     1     1     1
     -0.2705223601 a         2     0     1     1     2
      0.9493664621 a         3     0     1     1     3
      0.7499811547 a         4     0     1     1     4
     -0.7016261202 a         5     0     1     1     5
      0.8673342845 a         6     0     1     1     6
      0.9163965641 a         7     0     1     1     7
     -0.3959882624 a         8     0     1     1     8
      0.2742461411 a         9     0     1     1     9
      0.0364819394 a        10     0     1     1    10
      0.7108631099 a        11     0     1     1    11
     -0.4642056760 a        12     0     1     1    12
      0.1936283735 a        13     0     1     1    13
      0.8707391372 a        14     0     1     1    14
     -0.6434476130 a        15     0     1     1    15
     -0.4471184676 a        16     0     2     1     1
     -0.9406754083 a        17     0     2     1     2
     -0.8581431013 a        18     0     2     1     3
      0.6087265494 a        19     0     2     1     4
     -0.1137343133 a        20     0     2     1     5
      0.0763046998 a        21     0     2     1     6
      0.9215746158 a        22     0     2     1     7
     -0.4526171498 a        23     0     2     1     8
      0.9328592345 a        24     0     2     1     9
     -0.3784974820 a        25     0     2     1    10
     -0.9418875418 a        26     0     2     1    11
      0.3403818235 a        27     0     2     1    12
     -0.4920338793 a        28     0     2     1    13
     -0.6402641159 a        29     0     2     1    14
     -1.0350212454 a        30     0     2     1    15
      0.1135259084 a        31     0     3     1     1
     -0.2286893512 a        32     0     3     1     2
     -0.9317351395 a        33     0     3     1     3
     -0.7134375954 a        34     0     3     1     4
      0.7595105440 a        35     0     3     1     5
     -0.2552299298 a        36     0     3     1     6
     -0.0873721046 a        37     0     3     1     7
      0.8329287155 a        38     0     3     1     8
     -0.3496156360 a        39     0     3     1     9
      0.1223879647 a        40     0     3     1    10
      0.3624400749 a        41     0     3     1    11
      0.0197225873 a        42     0     3     1    12
     -0.7329193925 a        43     0     3     1    13
     -0.6037926551 a        44     0     3     1    14
      0.1702869470 a        45     0     3     1    15
      0.2067423067 a        46     0     4     1     1
     -0.8784604973 a        47     0     4     1     2
     -0.4969464154 a        48     0     4     1     3
      0.3982664600 a        49     0     4     1     4
     -0.4968230811 a        50     0     4     1     5
     -0.1042861240 a        51     0     4     1     6
      0.0251162345 a        52     0     4     1     7
     -0.4410810192 a        53     0     4     1     8
      0.6583186806 a        54     0     4     1     9
      0.1145930121 a        55     0     4     1    10
     -0.6154685245 a        56     0     4     1    11
     -0.9991326492 a        57     0     4     1    12
     -0.6776078146 a        58     0     4     1    13
      0.6335904380 a        59     0     4     1    14
      0.7800220130 a        60     0     4     1    15
      0.1202490966 a        61     0     5     1     1
     -0.2988282778 a        62     0     5     1     2
      0.3731535796 a        63     0     5     1     3
      0.4805319769 a        64     0     5     1     4
     -0.9074767910 a        65     0     5     1     5
     -0.7462409839 a        66     0     5     1     6
      0.2361846988 a        67     0     5     1     7
     -0.0649230482 a        68     0     5     1     8
      0.8840586283 a        69     0     5     1     9
      0.4368048691 a        70     0     5     1    10
     -0.5066613880 a        71     0     5     1    11
      0.5403960673 a        72     0     5     1    12
      0.3486552786 a        73     0     5     1    13
      0.4843604445 a        74     0     5     1    14
      0.6735076133 a        75     0     5     1    15
     -0.1159506948 a        76     0     6     1     1
     -0.6765891187 a        77     0     6     1     2
     -0.0277593448 a        78     0     6     1     3
      0.8845777906 a        79     0     6     1     4
     -0.4718601273 a        80     0     6     1     5
      0.4320821977 a        81     0     6     1     6
     -0.7238983654 a        82     0     6     1     7
      0.9116817508 a        83     0     6     1     8
      0.4701111125 a        84     0     6     1     9
      0.9510701096 a        85     0     6     1    10
     -0.5237997558 a        86     0     6     1    11
      0.2715464148 a        87     0     6     1    12
     -0.7757737273 a        88     0     6     1    13
     -0.3714706658 a        89     0     6     1    14
      0.9262233375 a        90     0     6     1    15
      0.4357839766 a        91     0     7     1     1
      0.5234250188 a        92     0     7     1     2
      0.3613963169 a        93     0     7     1     3
     -0.1632253126 a        94     0     7     1     4
      0.3290299513 a        95     0     7     1     5
     -0.9313570818 a        96     0     7     1     6
      0.5655560946 a        97     0     7     1     7
      0.6497260542 a        98     0     7     1     8
      0.5939516319 a        99     0     7     1     9
      0.3944956708 a       100     0     7     1    10
     -0.6130187133 a       101     0     7     1    11
     -0.3740554325 a       102     0     7     1    12
      0.5426466344 a       103     0     7     1    13
     -0.6354037420 a       104     0     7     1    14
     -0.4425513564 a       105     0     7     1    15
     -0.2697517178 a       106     0     8     1     1
      0.8180411005 a       107     0     8     1     2
     -0.6409570194 a       108     0     8     1     3
      0.8497594076 a       109     0     8     1     4
      0.4945282807 a       110     0     8     1     5
      0.4841806560 a       111     0     8     1     6
      0.3365424376 a       112     0     8     1     7
      0.1262238879 a       113     0     8     1     8
      0.4262976958 a       114     0     8     1     9
     -0.4906599610 a       115     0     8     1    10
     -0.3020763306 a       116     0     8     1    11
      0.9379981693 a       117     0     8     1    12
     -0.4495134696 a       118     0     8     1    13
      0.9248222105 a       119     0     8     1    14
      0.2660514443 a       120     0     8     1    15
      0.2887798999 a       121     0     9     1     1
      0.7906908377 a       122     0     9     1     2
     -0.9106914974 a       123     0     9     1     3
     -0.7711498294 a       124     0     9     1     4
      0.8464710566 a       125     0     9     1     5
      0.0911632968 a       126     0     9     1     6
     -0.7978562344 a       127     0     9     1     7
      0.3284629942 a       128     0     9     1     8
      0.7531993675 a       129     0     9     1     9
     -0.4231708242 a       130     0     9     1    10
     -0.1460804017 a       131     0     9     1    11
     -0.4570689679 a       132     0     9     1    12
      0.0245251627 a       133     0     9     1    13
      0.8987189787 a       134     0     9     1    14
     -0.1732146569 a       135     0     9     1    15
     -0.9767389416 a       136     0    10     1     1
     -0.4147998869 a       137     0    10     1     2
      0.7517015477 a       138     0    10     1     3
     -0.6635577689 a       139     0    10     1     4
     -0.9649722139 a       140     0    10     1     5
     -0.4836013445 a       141     0    10     1     6
     -0.3215502335 a       142     0    10     1     7
      0.7214859886 a       143     0    10     1     8
      0.0386266636 a       144     0    10     1     9
      0.6450127169 a       145     0    10     1    10
      0.7893210500 a       146     0    10     1    11
     -0.3293159186 a       147     0    10     1    12
      0.8326709443 a       148     0    10     1    13
      0.0479248084 a       149     0    10     1    14
      0.3206725330 a       150     0    10     1    15
     -0.3546402131 a       151     0    11     1     1
      0.1497677080 a       152     0    11     1     2
     -0.2691325641 a       153     0    11     1     3
      0.6274129465 a       154     0    11     1     4
     -0.1181428680 a       155     0    11     1     5
      0.6783542863 a       156     0    11     1     6
      0.5619894113 a       157     0    11     1     7
     -0.3253123622 a       158     0    11     1     8
      0.1121587960 a       159     0    11     1     9
     -0.7174956979 a       160     0    11     1    10
      0.1197621646 a       161     0    11     1    11
     -0.0940306933 a       162     0    11     1    12
      0.3481903106 a       163     0    11     1    13
      0.8850372664 a       164     0    11     1    14
     -0.2276278235 a       165     0    11     1    15
      0.5187439404 a       166     0    12     1     1
      0.6196160506 a       167     0    12     1     2
      0.6214006603 a       168     0    12     1     3
      0.0324294488 a       169     0    12     1     4
      0.9293410942 a       170     0    12     1     5
     -0.8946882723 a       171     0    12     1     6
      0.7405422206 a       172     0    12     1     7
     -0.4705635485 a       173     0    12     1     8
      0.9687063821 a       174     0    12     1     9
      0.1059521953 a       175     0    12     1    10
      0.1924426134 a       176     0    12     1    11
     -0.9820004135 a       177     0    12     1    12
     -0.0895334071 a       178     0    12     1    13
     -0.6543718940 a       179     0    12     1    14
      0.1652673503 a       180     0    12     1    15
     -0.4304831358 a       181     0    13     1     1
     -0.0673024311 a       182     0    13     1     2
      0.3605321807 a       183     0    13     1     3
     -0.4705805274 a       184     0    13     1     4
     -0.6227526634 a       185     0    13     1     5
     -0.7555871381 a       186     0    13     1     6
     -0.3956553344 a       187     0    13     1     7
     -0.4398374412 a       188     0    13     1     8
      0.6184829005 a       189     0    13     1     9
      0.4964506065 a       190     0    13     1    10
      0.1497568642 a       191     0    13     1    11
     -0.9117678761 a       192     0    13     1    12
     -0.4164334611 a       193     0    13     1    13
     -0.8525241790 a       194     0    13     1    14
      0.7628246480 a       195     0    13     1    15
     -0.4647158064 a       196     0    14     1     1
     -0.1126221734 a       197     0    14     1     2
      0.3888254296 a       198     0    14     1     3
     -0.4088598005 a       199     0    14     1     4
     -0.6011607403 a       200     0    14     1     5
     -0.5410910032 a       201     0    14     1     6
      0.1164174646 a       202     0    14     1     7
     -0.4723808084 a       203     0    14     1     8
     -0.8606177741 a       204     0    14     1     9
     -0.3483659175 a       205     0    14     1    10
      0.4980557995 a       206     0    14     1    11
      0.3406736372 a       207     0    14     1    12
      0.5242270684 a       208     0    14     1    13
     -0.3771265508 a       209     0    14     1    14
      0.6450583997 a       210     0    14     1    15
      0.7654145100 a       211     0    15     1     1
      0.4376369859 a       212     0    15     1     2
     -0.8777814608 a       213     0    15     1     3
      0.3384022812 a       214     0    15     1     4
      0.0836508728 a       215     0    15     1     5
     -0.0193521849 a       216     0    15     1     6
     -0.7827782353 a       217     0    15     1     7
     -0.9829045943 a       218     0    15     1     8
     -0.0793401018 a       219     0    15     1     9
      0.5268055379 a       220     0    15     1    10
      0.1228662020 a       221     0    15     1    11
     -0.8705698032 a       222     0    15     1    12
      0.1889620879 a       223     0    15     1    13
     -0.8296758269 a       224     0    15     1    14
     -0.9495041962 a       225     0    15     1    15
      0.9363545151 a       226     0    16     1     1
     -0.6318170770 a       227     0    16     1     2
      0.2710588621 a       228     0    16     1     3
     -0.3857058092 a       229     0    16     1     4
      0.0438598873 a       230     0    16     1     5
      0.5742321262 a       231     0    16     1     6
      0.7072782386 a       232     0    16     1     7
     -0.5688039196 a       233     0    16     1     8
      0.8461450481 a       234     0    16     1     9
     -0.3155640751 a       235     0    16     1    10
      0.1929822654 a       236     0    16     1    11
      0.2043524866 a       237     0    16     1    12
      0.9239502564 a       238     0    16     1    13
      0.9587048292 a       239     0    16     1    14
      0.0211401562 a       240     0    16     1    15
      0.4149858590 a       241     0    17     1     1
     -0.6320025926 a       242     0    17     1     2
      0.1133765100 a       243     0    17     1     3
     -0.3428563892 a       244     0    17     1     4
     -0.2591502037 a       245     0    17     1     5
     -0.9426997993 a       246     0    17     1     6
     -0.7934112280 a       247     0    17     1     7
      0.7289485233 a       248     0    17     1     8
      0.7908392124 a       249     0    17     1     9
     -0.3846754526 a       250     0    17     1    10
     -0.3890174325 a       251     0    17     1    11
      0.7003058456 a       252     0    17     1    12
     -0.6741621141 a       253     0    17     1    13
      0.7196424668 a       254     0    17     1    14
      0.0116718675 a       255     0    17     1    15
     -0.0500588044 a       256     0    18     1     1
     -0.7489616694 a       257     0    18     1     2
     -0.4642792641 a       258     0    18     1     3
      0.5660917278 a       259     0    18     1     4
      0.9143302601 a       260     0    18     1     5
     -0.0582406542 a       261     0    18     1     6
      0.4312983916 a       262     0    18     1     7
      0.1735225904 a       263     0    18     1     8
     -0.2233682226 a       264     0    18     1     9
      0.3760890703 a       265     0    18     1    10
      0.1334153581 a       266     0    18     1    11
      0.7093599682 a       267     0    18     1    12
     -0.8034278841 a       268     0    18     1    13
     -0.9471076214 a       269     0    18     1    14
      0.1132668926 a       270     0    18     1    15
     -0.5490943418 a       271     0    19     1     1
     -0.5181612354 a       272     0    19     1     2
     -0.3924276380 a       273     0    19     1     3
      0.0759079289 a       274     0    19     1     4
      0.2325179797 a       275     0    19     1     5
      0.0829946130 a       276     0    19     1     6
      0.0459243919 a       277     0    19     1     7
      0.9174003223 a       278     0    19     1     8
      0.9056406886 a       279     0    19     1     9
     -0.3269796591 a       280     0    19     1    10
     -0.4226204824 a       281     0    19     1    11
      0.4833493968 a       282     0    19     1    12
      0.6981698862 a       283     0    19     1    13
      0.9721778604 a       284     0    19     1    14
      0.6145717938 a       285     0    19     1    15
      0.5818664452 a       286     0    20     1     1
     -0.8485685083 a       287     0    20     1     2
      0.3414816151 a       288     0    20     1     3
      0.7485038914 a       289     0    20     1     4
     -0.4051668070 a       290     0    20     1     5
     -0.2807011161 a       291     0    20     1     6
      0.6352202855 a       292     0    20     1     7
     -0.9141055584 a       293     0    20     1     8
      0.5540568111 a       294     0    20     1     9
      0.4094898626 a       295     0    20     1    10
     -0.7120510384 a       296     0    20     1    11
      0.0033524322 a       297     0    20     1    12
     -0.7753853436 a       298     0    20     1    13
      1.0139502948 a       299     0    20     1    14
      0.2037588433 a       300     0    20     1    15
      0.7979580686 a       301     0    21     1     1
     -0.8859410057 a       302     0    21     1     2
      0.8100901829 a       303     0    21     1     3
     -0.5427476938 a       304     0    21     1     4
      0.9908949614 a       305     0    21     1     5
     -0.2414407035 a       306     0    21     1     6
     -0.3627162650 a       307     0    21     1     7
      0.1958847905 a       308     0    21     1     8
     -0.4987226888 a       309     0    21     1     9
     -0.5626184255 a       310     0    21     1    10
      1.0093423906 a       311     0    21     1    11
     -0.8042019990 a       312     0    21     1    12
     -0.5114372571 a       313     0    21     1    13
     -0.8248679756 a       314     0    21     1    14
     -0.9184405609 a       315     0    21     1    15
     -0.5684838852 a       316     0    22     1     1
     -0.0665238440 a       317     0    22     1     2
      0.3539435235 a       318     0    22     1     3
     -0.4327965839 a       319     0    22     1     4
      0.8964755995 a       320     0    22     1     5
     -0.9946310895 a       321     0    22     1     6
     -0.2655224734 a       322     0    22     1     7
      0.7516456545 a       323     0    22     1     8
     -0.2674399466 a       324     0    22     1     9
     -0.5803518502 a       325     0    22     1    10
     -0.9134679298 a       326     0    22     1    11
     -0.3699694844 a       327     0    22     1    12
      0.3844990134 a       328     0    22     1    13
      0.6422651574 a       329     0    22     1    14
      0.0663106174 a       330     0    22     1    15
     -0.1237737114 a       331     0    23     1     1
      0.8280451132 a       332     0    23     1     2
     -0.2697567358 a       333     0    23     1     3
     -0.3052573730 a       334     0    23     1     4
      0.6914143663 a       335     0    23     1     5
     -0.3339058905 a       336     0    23     1     6
      0.9665856606 a       337     0    23     1     7
     -0.0311710497 a       338     0    23     1     8
      0.8809614931 a       339     0    23     1     9
      0.3449565983 a       340     0    23     1    10
      0.7966921924 a       341     0    23     1    11
      0.7050959271 a       342     0    23     1    12
      0.1630166309 a       343     0    23     1    13
      0.1999752203 a       344     0    23     1    14
      0.5140491068 a       345     0    23     1    15
      0.4627374387 a       346     0    24     1     1
     -0.7349569746 a       347     0    24     1     2
     -0.8762592978 a       348     0    24     1     3
      0.8780791001 a       349     0    24     1     4
      0.7741033166 a       350     0    24     1     5
     -0.5100137078 a       351     0    24     1     6
     -0.8738520299 a       352     0    24     1     7
     -0.5033151743 a       353     0    24     1     8
     -0.9084553551 a       354     0    24     1     9
     -0.3889927354 a       355     0    24     1    10
     -0.4345796284 a       356     0    24     1    11
     -0.8987383335 a       357     0    24     1    12
      0.5146709664 a       358     0    24     1    13
      0.1965944059 a       359     0    24     1    14
     -0.6955005435 a       360     0    24     1    15
     -0.4652100693 a       361     0    25     1     1
      0.2440606921 a       362     0    25     1     2
     -0.5722008463 a       363     0    25     1     3
     -0.6987378448 a       364     0    25     1     4
     -0.4875236821 a       365     0    25     1     5
      0.0063809421 a       366     0    25     1     6
     -0.1791858258 a       367     0    25     1     7
      0.2212280695 a       368     0    25     1     8
      0.8035014059 a       369     0    25     1     9
     -0.5132314771 a       370     0    25     1    10
      0.0160639351 a       371     0    25     1    11
     -0.8410157622 a       372     0    25     1    12
     -0.2303070922 a       373     0    25     1    13
      0.4446372501 a       374     0    25     1    14
     -0.8415827592 a       375     0    25     1    15
     -0.7665023939 a       376     0    26     1     1
      0.8844147105 a       377     0    26     1     2
     -0.9136148403 a       378     0    26     1     3
     -0.3562773622 a       379     0    26     1     4
      0.7584685521 a       380     0    26     1     5
     -0.1096229514 a       381     0    26     1     6
      0.8812153326 a       382     0    26     1     7
      0.4062951641 a       383     0    26     1     8
     -0.1065533699 a       384     0    26     1     9
      0.7481924757 a       385     0    26     1    10
      0.0981441032 a       386     0    26     1    11
     -0.4153799429 a       387     0    26     1    12
      0.7742981767 a       388     0    26     1    13
      0.8055938490 a       389     0    26     1    14
      0.7159848574 a       390     0    26     1    15
     -0.6495433141 a       391     0    27     1     1
      0.5094943679 a       392     0    27     1     2
     -0.1329167852 a       393     0    27     1     3
     -0.3537828734 a       394     0    27     1     4
      0.0881232714 a       395     0    27     1     5
      0.4024932504 a       396     0    27     1     6
      0.0832559106 a       397     0    27     1     7
     -0.7257887953 a       398     0    27     1     8
      0.5986040073 a       399     0    27     1     9
     -0.5414169852 a       400     0    27     1    10
      0.6577258301 a       401     0    27     1    11
     -0.7831750246 a       402     0    27     1    12
      0.3297838802 a       403     0    27     1    13
     -0.2082108312 a       404     0    27     1    14
      0.8100373139 a       405     0    27     1    15
     -0.6296775989 b       406     1     1
      0.9768751596 b       407     1     2
      0.6291478351 b       408     1     3
      0.0663870521 b       409     1     4
     -0.2814777569 b       410     1     5
     -0.3535978032 b       411     1     6
      0.3970589956 b       412     1     7
     -0.3081188061 b       413     1     8
     -0.2138810703 b       414     1     9
     -0.4534847905 b       415     1    10
      0.1871209560 b       416     1    11
     -0.3430714356 b       417     1    12
     -0.4753096344 b       418     1    13
      0.4578962872 b       419     1    14
      1.0194937191 b       420     1    15
      0.8222410841 a       421     1     1     2     1
     -0.2350628393 a       422     1     1     2     2
     -0.0415174240 a       423     1     1     2     3
     -0.3235804331 a       424     1     1     2     4
      0.3986603562 a       425     1     1     2     5
     -0.6327076958 a       426     1     1     2     6
     -0.7513184052 a       427     1     1     2     7
     -0.7661763262 a       428     1     1     2     8
     -0.1359279456 a       429     1     1     2     9
      0.9284438911 a       430     1     1     2    10
      0.3662919886 a       431     1     1     2    11
      0.3832261506 a       432     1     1     2    12
      0.6333072836 a       433     1     1     2    13
     -0.9909229110 a       434     1     1     2    14
     -0.9801255120 a       435     1     1     2    15
     -0.0439287585 a       436     1     2     2     1
     -0.7080729507 a       437     1     2     2     2
      0.0899279203 a       438     1     2     2     3
     -0.2230388570 a       439     1     2     2     4
      0.4126291118 a       440     1     2     2     5
     -0.6599507731 a       441     1     2     2     6
     -0.2326616026 a       442     1     2     2     7
     -0.7643634645 a       443     1     2     2     8
     -0.3149700228 a       444     1     2     2     9
     -0.0731888599 a       445     1     2     2    10
      0.6575503513 a       446     1     2     2    11
      0.8946938398 a       447     1     2     2    12
     -1.1090117909 a       448     1     2     2    13
     -0.0962102550 a       449     1     2     2    14
      0.6953714094 a       450     1     2     2    15
     -0.1943337149 a       451     1     3     2     1
     -0.6803108674 a       452     1     3     2     2
     -0.3334564249 a       453     1     3     2     3
     -0.3663462957 a       454     1     3     2     4
      0.3282994633 a       455     1     3     2     5
      0.4211369236 a       456     1     3     2     6
     -0.9396671203 a       457     1     3     2     7
      0.2252509727 a       458     1     3     2     8
     -0.7893920323 a       459     1     3     2     9
     -0.7762067185 a       460     1     3     2    10
     -0.3758017247 a       461     1     3     2    11
     -0.3359149322 a       462     1     3     2    12
     -0.2773395731 a       463     1     3     2    13
      0.7329496251 a       464     1     3     2    14
      0.5657001579 a       465     1     3     2    15
      0.7014193985 a       466     1     4     2     1
     -0.0686275505 a       467     1     4     2     2
     -0.4277842295 a       468     1     4     2     3
      0.0296857378 a       469     1     4     2     4
      0.7763082303 a       470     1     4     2     5
      0.5872805754 a       471     1     4     2     6
      0.1075463954 a       472     1     4     2     7
     -0.8593060613 a       473     1     4     2     8
     -0.7667635425 a       474     1     4     2     9
     -0.0111222771 a       475     1     4     2    10
      0.3382708552 a       476     1     4     2    11
      0.7243750381 a       477     1     4     2    12
      0.7452953825 a       478     1     4     2    13
      0.4038872307 a       479     1     4     2    14
     -0.3671665822 a       480     1     4     2    15
      0.7084188997 a       481     1     5     2     1
      0.6391788128 a       482     1     5     2     2
      1.0203550180 a       483     1     5     2     3
     -0.3904414681 a       484     1     5     2     4
     -0.1504486458 a       485     1     5     2     5
      0.5207095307 a       486     1     5     2     6
     -0.1592194415 a       487     1     5     2     7
     -0.6255686806 a       488     1     5     2     8
     -0.1853715612 a       489     1     5     2     9
      0.5709842826 a       490     1     5     2    10
      0.8120208543 a       491     1     5     2    11
      0.0848209574 a       492     1     5     2    12
     -0.2114098903 a       493     1     5     2    13
      0.7780389459 a       494     1     5     2    14
     -0.2129233272 a       495     1     5     2    15
     -0.8252078592 a       496     1     6     2     1
     -0.3266038898 a       497     1     6     2     2
     -0.3378331005 a       498     1     6     2     3
      0.1235504617 a       499     1     6     2     4
     -0.5398722713 a       500     1     6     2     5
      0.0391612505 a       501     1     6     2     6
     -0.6046078627 a       502     1     6     2     7
     -0.8983950277 a       503     1     6     2     8
      0.7171949150 a       504     1     6     2     9
     -0.9035063470 a       505     1     6     2    10
     -0.9008971184 a       506     1     6     2    11
      0.8593542973 a       507     1     6     2    12
      0.6906556441 a       508     1     6     2    13
     -0.4431710357 a       509     1     6     2    14
      0.8321285800 a       510     1     6     2    15
      0.8407169214 a       511     1     7     2     1
     -0.6830841466 a       512     1     7     2     2
     -0.6804007728 a       513     1     7     2     3
     -0.4263538988 a       514     1     7     2     4
     -0.4126309245 a       515     1     7     2     5
      0.2179281704 a       516     1     7     2     6
      0.3588171872 a       517     1     7     2     7
     -0.2007661738 a       518     1     7     2     8
     -0.4013602463 a       519     1     7     2     9
     -0.8615772405 a       520     1     7     2    10
      0.4763928218 a       521     1     7     2    11
     -0.4297749868 a       522     1     7     2    12
      0.3930279941 a       523     1     7     2    13
     -0.8104765423 a       524     1     7     2    14
     -0.9464373613 a       525     1     7     2    15
     -0.4631985615 a       526     1     8     2     1
     -0.7795923059 a       527     1     8     2     2
      0.1314741746 a       528     1     8     2     3
      0.6486501703 a       529     1     8     2     4
      0.3767834175 a       530     1     8     2     5
      0.4567043871 a       531     1     8     2     6
     -0.1074551072 a       532     1     8     2     7
     -0.4623685005 a       533     1     8     2     8
      0.3119477496 a       534     1     8     2     9
      0.8961287900 a       535     1     8     2    10
     -0.1538957307 a       536     1     8     2    11
      0.1989725617 a       537     1     8     2    12
     -0.1147268422 a       538     1     8     2    13
      0.4932684610 a       539     1     8     2    14
      0.7604101948 a       540     1     8     2    15
     -0.6946559099 a       541     1     9     2     1
      0.8448251964 a       542     1     9     2     2
      0.1816565421 a       543     1     9     2     3
     -0.3012376603 a       544     1     9     2     4
      0.2516976899 a       545     1     9     2     5
      0.9079152392 a       546     1     9     2     6
      0.1824101423 a       547     1     9     2     7
      0.1199728809 a       548     1     9     2     8
      0.8110364697 a       549     1     9     2     9
      0.1543683072 a       550     1     9     2    10
     -0.6212371209 a       551     1     9     2    11
      0.4610637168 a       552     1     9     2    12
     -0.0214959650 a       553     1     9     2    13
     -0.3813459452 a       554     1     9     2    14
      0.1653171959 a       555     1     9     2    15
     -0.2295347585 a       556     1    10     2     1
     -0.3617232575 a       557     1    10     2     2
      0.3925228196 a       558     1    10     2     3
      0.0041385850 a       559     1    10     2     4
     -0.6035418390 a       560     1    10     2     5
     -0.9786676231 a       561     1    10     2     6
     -0.7970900719 a       562     1    10     2     7
     -0.1601670862 a       563     1    10     2     8
     -0.3330672858 a       564     1    10     2     9
     -0.4641235380 a       565     1    10     2    10
     -0.7487396032 a       566     1    10     2    11
     -0.6961856667 a       567     1    10     2    12
     -0.1262488751 a       568     1    10     2    13
     -0.5086196281 a       569     1    10     2    14
     -0.6796675144 a       570     1    10     2    15
     -0.8503026604 a       571     1    11     2     1
     -0.7710117328 a       572     1    11     2     2
      0.9373224735 a       573     1    11     2     3
     -0.0790911608 a       574     1    11     2     4
     -0.3301530578 a       575     1    11     2     5
      0.2361963986 a       576     1    11     2     6
      0.3174005678 a       577     1    11     2     7
      0.6217308116 a       578     1    11     2     8
      0.1971432668 a       579     1    11     2     9
      0.7342919880 a       580     1    11     2    10
     -0.3961695039 a       581     1    11     2    11
     -0.5286981421 a       582     1    11     2    12
      0.3337796677 a       583     1    11     2    13
     -0.7978887325 a       584     1    11     2    14
      0.9302704483 a       585     1    11     2    15
     -0.4578021605 a       586     1    12     2     1
     -0.9676815368 a       587     1    12     2     2
      0.4164469553 a       588     1    12     2     3
      0.2255786938 a       589     1    12     2     4
      0.0197860837 a       590     1    12     2     5
      0.7650188397 a       591     1    12     2     6
     -0.6068228536 a       592     1    12     2     7
      0.3828852356 a       593     1    12     2     8
      0.5302614287 a       594     1    12     2     9
     -0.4736428984 a       595     1    12     2    10
     -0.5573710848 a       596     1    12     2    11
      0.6951702925 a       597     1    12     2    12
     -0.5868233804 a       598     1    12     2    13
      0.8585384277 a       599     1    12     2    14
      0.2290744412 a       600     1    12     2    15
      0.9744172255 a       601     1    13     2     1
     -0.0797496909 a       602     1    13     2     2
     -0.3589696602 a       603     1    13     2     3
      0.0239259252 a       604     1    13     2     4
     -0.3684687910 a       605     1    13     2     5
      0.6968101026 a       606     1    13     2     6
     -0.7152865325 a       607     1    13     2     7
     -0.6956496669 a       608     1    13     2     8
     -0.7132301455 a       609     1    13     2     9
      0.9305295688 a       610     1    13     2    10
     -0.1483084982 a       611     1    13     2    11
     -0.7594081577 a       612     1    13     2    12
     -0.4801325651 a       613     1    13     2    13
      0.3864788337 a       614     1    13     2    14
     -0.5721985444 a       615     1    13     2    15
     -0.0868907782 a       616     1    14     2     1
      0.5359688739 a       617     1    14     2     2
     -0.0039769752 a       618     1    14     2     3
     -0.2684360224 a       619     1    14     2     4
      0.6742039827 a       620     1    14     2     5
      0.6089583096 a       621     1    14     2     6
      0.8856928334 a       622     1    14     2     7
     -0.2307828354 a       623     1    14     2     8
      0.7136722085 a       624     1    14     2     9
     -0.8919061634 a       625     1    14     2    10
      0.4169780101 a       626     1    14     2    11
      0.8923342605 a       627     1    14     2    12
     -0.0747129045 a       628     1    14     2    13
      0.7981219177 a       629     1    14     2    14
      0.9308305886 a       630     1    14     2    15
      0.7933802739 a       631     1    15     2     1
      0.2452463673 a       632     1    15     2     2
      0.4365139922 a       633     1    15     2     3
      0.6372244667 a       634     1    15     2     4
     -0.0521250453 a       635     1    15     2     5
     -0.2258931517 a       636     1    15     2     6
     -0.6723896333 a       637     1    15     2     7
      0.9174574242 a       638     1    15     2     8
     -0.9850880504 a       639     1    15     2     9
     -0.0722273914 a       640     1    15     2    10
     -0.2585420183 a       641     1    15     2    11
     -0.0988827812 a       642     1    15     2    12
     -0.6644847089 a       643     1    15     2    13
     -0.5321877582 a       644     1    15     2    14
     -0.3019825398 a       645     1    15     2    15
     -0.1577703916 b       646     2     1
     -0.0840488947 b       647     2     2
      0.2447594075 b       648     2     3
     -0.6728366570 b       649     2     4
      0.7899563474 b       650     2     5
      0.3445699957 b       651     2     6
     -0.6936456244 b       652     2     7
     -0.4290095375 b       653     2     8
     -0.4535394310 b       654     2     9
      0.2344080163 b       655     2    10
     -0.6506457109 b       656     2    11
     -0.4004354949 b       657     2    12
      0.1521437084 b       658     2    13
      0.5693165915 b       659     2    14
      0.1346688788 b       660     2    15
     -0.5562823472 a       661     2     1     3     1
      0.3811950710 a       662     2     2     3     1
     -0.5510817407 a       663     2     3     3     1
     -0.3925383672 a       664     2     4     3     1
      0.1002251512 a       665     2     5     3     1
      0.3543380974 a       666     2     6     3     1
     -0.7453065353 a       667     2     7     3     1
     -0.5490645420 a       668     2     8     3     1
      0.3446625985 a       669     2     9     3     1
      0.1335028360 a       670     2    10     3     1
      0.5256819075 a       671     2    11     3     1
     -0.2551744524 a       672     2    12     3     1
     -0.5489218490 a       673     2    13     3     1
      0.0758877021 a       674     2    14     3     1
     -0.6004959409 a       675     2    15     3     1
     -0.5708707999 b       676     3     1
