     -0.0050006926 a         1     0     1     1     1
     -0.1734131677 a         2     0     1     1     2
     -0.0838999513 a         3     0     1     1     3
     -0.0274222122 a         4     0     1     1     4
      0.4460190795 a         5     0     1     1     5
     -0.1397381961 a         6     0     1     1     6
     -0.0542740961 a         7     0     1     1     7
     -0.0592921540 a         8     0     1     1     8
     -0.0376852155 a         9     0     1     1     9
      0.4483366578 a        10     0     1     1    10
      0.1110604920 a        11     0     1     1    11
      0.1302316013 a        12     0     1     1    12
     -0.4002611335 a        13     0     1     1    13
     -0.1105527667 a        14     0     1     1    14
     -0.2187941784 a        15     0     1     1    15
      0.0627423424 a        16     0     1     1    16
     -0.1953374204 a        17     0     1     1    17
      0.0799222477 a        18     0     1     1    18
      0.2823852492 a        19     0     1     1    19
     -0.2144800606 a        20     0     1     1    20
      0.1582686300 a        21     0     2     1     1
     -0.0565816535 a        22     0     2     1     2
      0.2928272690 a        23     0     2     1     3
      0.2322937256 a        24     0     2     1     4
     -0.1041564155 a        25     0     2     1     5
      0.4091855912 a        26     0     2     1     6
      0.3511577637 a        27     0     2     1     7
      0.3277840566 a        28     0     2     1     8
      0.3703705177 a        29     0     2     1     9
     -0.0927513291 a        30     0     2     1    10
      0.2745474032 a        31     0     2     1    11
     -0.4223700027 a        32     0     2     1    12
      0.2770672343 a        33     0     2     1    13
      0.0404516450 a        34     0     2     1    14
      0.2666851646 a        35     0     2     1    15
     -0.1983561513 a        36     0     2     1    16
      0.2281893784 a        37     0     2     1    17
     -0.1736578744 a        38     0     2     1    18
      0.4250984806 a        39     0     2     1    19
      0.4916103787 a        40     0     2     1    20
      0.0462601202 a        41     0     3     1     1
     -0.2087218581 a        42     0     3     1     2
     -0.1046123289 a        43     0     3     1     3
      0.0506658936 a        44     0     3     1     4
      0.4777132148 a        45     0     3     1     5
     -0.2665415028 a        46     0     3     1     6
     -0.3981408800 a        47     0     3     1     7
      0.3367731331 a        48     0     3     1     8
     -0.1955474398 a        49     0     3     1     9
      0.3982747295 a        50     0     3     1    10
     -0.0501549665 a        51     0     3     1    11
      0.0464130275 a        52     0     3     1    12
     -0.2698284891 a        53     0     3     1    13
      0.3190140042 a        54     0     3     1    14
     -0.0827290641 a        55     0     3     1    15
      0.3671627021 a        56     0     3     1    16
     -0.4398669503 a        57     0     3     1    17
      0.3281313825 a        58     0     3     1    18
      0.0391714843 a        59     0     3     1    19
      0.0516081668 a        60     0     3     1    20
      0.0818879268 a        61     0     4     1     1
     -0.1686608636 a        62     0     4     1     2
      0.0843276982 a        63     0     4     1     3
     -0.4392947322 a        64     0     4     1     4
     -0.0468214344 a        65     0     4     1     5
      0.3636534187 a        66     0     4     1     6
     -0.1061860205 a        67     0     4     1     7
      0.1273421997 a        68     0     4     1     8
      0.1950506945 a        69     0     4     1     9
     -0.4595581143 a        70     0     4     1    10
     -0.1664038064 a        71     0     4     1    11
     -0.0600745178 a        72     0     4     1    12
      0.0185953154 a        73     0     4     1    13
     -0.0555302016 a        74     0     4     1    14
      0.0155009085 a        75     0     4     1    15
      0.0460701703 a        76     0     4     1    16
     -0.0216036057 a        77     0     4     1    17
     -0.0182286837 a        78     0     4     1    18
      0.3481708955 a        79     0     4     1    19
      0.0621098887 a        80     0     4     1    20
     -0.2790988113 a        81     0     5     1     1
     -0.4100111285 a        82     0     5     1     2
     -0.3587356141 a        83     0     5     1     3
     -0.1694671789 a        84     0     5     1     4
      0.3507662080 a        85     0     5     1     5
      0.0738044014 a        86     0     5     1     6
      0.2377422065 a        87     0     5     1     7
     -0.1112546132 a        88     0     5     1     8
      0.3545257714 a        89     0     5     1     9
     -0.1907376297 a        90     0     5     1    10
      0.1399666224 a        91     0     5     1    11
      0.1278092517 a        92     0     5     1    12
     -0.2101003282 a        93     0     5     1    13
     -0.1495473850 a        94     0     5     1    14
      0.0771696227 a        95     0     5     1    15
     -0.0297842765 a        96     0     5     1    16
     -0.3249588902 a        97     0     5     1    17
      0.0266377456 a        98     0     5     1    18
     -0.1263815750 a        99     0     5     1    19
      0.3366718835 a       100     0     5     1    20
     -0.4129603635 a       101     0     6     1     1
     -0.3740503585 a       102     0     6     1     2
      0.1415453362 a       103     0     6     1     3
     -0.3052138014 a       104     0     6     1     4
     -0.1309692384 a       105     0     6     1     5
     -0.3258134630 a       106     0     6     1     6
     -0.1082946348 a       107     0     6     1     7
     -0.0773892525 a       108     0     6     1     8
      0.4305603261 a       109     0     6     1     9
     -0.2875898082 a       110     0     6     1    10
     -0.1296630709 a       111     0     6     1    11
     -0.4262904314 a       112     0     6     1    12
      0.3521162686 a       113     0     6     1    13
     -0.3913742980 a       114     0     6     1    14
      0.2812506368 a       115     0     6     1    15
      0.1125217181 a       116     0     6     1    16
     -0.1218174836 a       117     0     6     1    17
      0.1705890455 a       118     0     6     1    18
     -0.1795668204 a       119     0     6     1    19
      0.4283176239 a       120     0     6     1    20
     -0.4422641675 a       121     0     7     1     1
     -0.1106444081 a       122     0     7     1     2
     -0.0794535432 a       123     0     7     1     3
      0.1252832068 a       124     0     7     1     4
     -0.3836347966 a       125     0     7     1     5
      0.1084879925 a       126     0     7     1     6
      0.0313489532 a       127     0     7     1     7
      0.2631587619 a       128     0     7     1     8
      0.2219533426 a       129     0     7     1     9
      0.0637113946 a       130     0     7     1    10
      0.3229565637 a       131     0     7     1    11
      0.3599438524 a       132     0     7     1    12
      0.0426684276 a       133     0     7     1    13
      0.4475934980 a       134     0     7     1    14
      0.1113087150 a       135     0     7     1    15
      0.2079454853 a       136     0     7     1    16
      0.0999328607 a       137     0     7     1    17
     -0.4935040827 a       138     0     7     1    18
     -0.2180928244 a       139     0     7     1    19
      0.1919915749 a       140     0     7     1    20
     -0.4128153267 a       141     0     8     1     1
      0.2332803978 a       142     0     8     1     2
     -0.4412495141 a       143     0     8     1     3
     -0.3299457947 a       144     0     8     1     4
     -0.0511682237 a       145     0     8     1     5
      0.1955942879 a       146     0     8     1     6
      0.2318571803 a       147     0     8     1     7
      0.2878374514 a       148     0     8     1     8
     -0.2997837448 a       149     0     8     1     9
     -0.1395466969 a       150     0     8     1    10
      0.3190816800 a       151     0     8     1    11
     -0.0326612134 a       152     0     8     1    12
      0.4542740857 a       153     0     8     1    13
     -0.1032330320 a       154     0     8     1    14
     -0.1903069966 a       155     0     8     1    15
     -0.0062215474 a       156     0     8     1    16
     -0.4329878193 a       157     0     8     1    17
      0.1824271449 a       158     0     8     1    18
     -0.4944917885 a       159     0     8     1    19
     -0.1590665449 a       160     0     8     1    20
     -0.4158822877 a       161     0     9     1     1
      0.2742780213 a       162     0     9     1     2
     -0.1389229920 a       163     0     9     1     3
      0.0801687068 a       164     0     9     1     4
     -0.2712534509 a       165     0     9     1     5
     -0.2849519307 a       166     0     9     1     6
     -0.3616389149 a       167     0     9     1     7
     -0.3974268501 a       168     0     9     1     8
     -0.4800230573 a       169     0     9     1     9
     -0.3422172912 a       170     0     9     1    10
     -0.4498623539 a       171     0     9     1    11
     -0.1745039034 a       172     0     9     1    12
      0.4396696789 a       173     0     9     1    13
      0.4889176636 a       174     0     9     1    14
     -0.4196610554 a       175     0     9     1    15
      0.3800991534 a       176     0     9     1    16
      0.3520904786 a       177     0     9     1    17
     -0.3725743809 a       178     0     9     1    18
     -0.3247838410 a       179     0     9     1    19
     -0.2747092347 a       180     0     9     1    20
     -0.0690152140 a       181     0    10     1     1
      0.1373956122 a       182     0    10     1     2
     -0.2368756695 a       183     0    10     1     3
      0.3532850176 a       184     0    10     1     4
     -0.0526114201 a       185     0    10     1     5
     -0.3014196907 a       186     0    10     1     6
     -0.0266647913 a       187     0    10     1     7
      0.1015191925 a       188     0    10     1     8
     -0.3376524990 a       189     0    10     1     9
     -0.2007297324 a       190     0    10     1    10
     -0.3272924820 a       191     0    10     1    11
     -0.1806718174 a       192     0    10     1    12
      0.1820961752 a       193     0    10     1    13
     -0.4402477424 a       194     0    10     1    14
     -0.3238767647 a       195     0    10     1    15
      0.1249382864 a       196     0    10     1    16
      0.2571522165 a       197     0    10     1    17
     -0.0233899385 a       198     0    10     1    18
     -0.1987016797 a       199     0    10     1    19
     -0.3742050253 a       200     0    10     1    20
      0.1239573989 a       201     0    11     1     1
     -0.0764084294 a       202     0    11     1     2
     -0.4314159127 a       203     0    11     1     3
     -0.2670671273 a       204     0    11     1     4
      0.1858453948 a       205     0    11     1     5
     -0.1021658257 a       206     0    11     1     6
     -0.2916155570 a       207     0    11     1     7
     -0.0823761808 a       208     0    11     1     8
     -0.3980979891 a       209     0    11     1     9
      0.0265291221 a       210     0    11     1    10
     -0.1775053379 a       211     0    11     1    11
     -0.0500986244 a       212     0    11     1    12
      0.3196640154 a       213     0    11     1    13
      0.1752272241 a       214     0    11     1    14
      0.0666604998 a       215     0    11     1    15
      0.3799309489 a       216     0    11     1    16
     -0.4439768099 a       217     0    11     1    17
      0.4816865634 a       218     0    11     1    18
     -0.0044352726 a       219     0    11     1    19
     -0.4489521454 a       220     0    11     1    20
     -0.0456598642 a       221     0    12     1     1
      0.2845773980 a       222     0    12     1     2
     -0.0873747698 a       223     0    12     1     3
     -0.4235830971 a       224     0    12     1     4
      0.1510743888 a       225     0    12     1     5
     -0.3843203160 a       226     0    12     1     6
      0.0691359551 a       227     0    12     1     7
      0.4825604158 a       228     0    12     1     8
      0.1179600623 a       229     0    12     1     9
      0.1104007067 a       230     0    12     1    10
      0.1608578119 a       231     0    12     1    11
      0.3427143890 a       232     0    12     1    12
      0.4321241122 a       233     0    12     1    13
      0.2537577814 a       234     0    12     1    14
      0.1571227291 a       235     0    12     1    15
     -0.4400650077 a       236     0    12     1    16
     -0.2934485066 a       237     0    12     1    17
     -0.3074156110 a       238     0    12     1    18
      0.4312365661 a       239     0    12     1    19
      0.1461596554 a       240     0    12     1    20
     -0.2286403244 a       241     0    13     1     1
     -0.3019102775 a       242     0    13     1     2
     -0.2004996573 a       243     0    13     1     3
      0.2756767195 a       244     0    13     1     4
      0.4203146725 a       245     0    13     1     5
     -0.2685326302 a       246     0    13     1     6
      0.2896046239 a       247     0    13     1     7
      0.1184111683 a       248     0    13     1     8
      0.0603430226 a       249     0    13     1     9
     -0.0861750257 a       250     0    13     1    10
      0.2862904417 a       251     0    13     1    11
      0.0537440230 a       252     0    13     1    12
     -0.4222844734 a       253     0    13     1    13
     -0.2677811213 a       254     0    13     1    14
      0.2292692858 a       255     0    13     1    15
      0.2885810055 a       256     0    13     1    16
     -0.4010791248 a       257     0    13     1    17
      0.0602328436 a       258     0    13     1    18
     -0.3277854499 a       259     0    13     1    19
     -0.0888960041 a       260     0    13     1    20
      0.4238392248 a       261     0    14     1     1
     -0.2698321932 a       262     0    14     1     2
      0.4788574763 a       263     0    14     1     3
     -0.3735585611 a       264     0    14     1     4
     -0.1480722609 a       265     0    14     1     5
      0.1100940333 a       266     0    14     1     6
     -0.3592885567 a       267     0    14     1     7
      0.3596329726 a       268     0    14     1     8
      0.0935496710 a       269     0    14     1     9
     -0.3866930163 a       270     0    14     1    10
     -0.3413346545 a       271     0    14     1    11
      0.3146662635 a       272     0    14     1    12
     -0.0939400792 a       273     0    14     1    13
      0.1355458718 a       274     0    14     1    14
     -0.4010895384 a       275     0    14     1    15
      0.4681605409 a       276     0    14     1    16
     -0.2427497996 a       277     0    14     1    17
     -0.2282103074 a       278     0    14     1    18
      0.2690568045 a       279     0    14     1    19
      0.0107323044 a       280     0    14     1    20
     -0.2833988761 a       281     0    15     1     1
     -0.5551615046 a       282     0    15     1     2
      0.4732698019 a       283     0    15     1     3
      0.1257307914 a       284     0    15     1     4
     -0.2945670289 a       285     0    15     1     5
      0.4220585448 a       286     0    15     1     6
      0.0499748074 a       287     0    15     1     7
     -0.4711054224 a       288     0    15     1     8
      0.2536442834 a       289     0    15     1     9
      0.4866343873 a       290     0    15     1    10
      0.2882303093 a       291     0    15     1    11
     -0.2421268568 a       292     0    15     1    12
     -0.0327920318 a       293     0    15     1    13
     -0.4697154881 a       294     0    15     1    14
     -0.0409060770 a       295     0    15     1    15
     -0.0319260480 a       296     0    15     1    16
     -0.1683496614 a       297     0    15     1    17
     -0.3485350530 a       298     0    15     1    18
      0.2710290582 a       299     0    15     1    19
     -0.1247169761 a       300     0    15     1    20
     -0.0812644993 a       301     0    16     1     1
     -0.1611318158 a       302     0    16     1     2
     -0.0609772836 a       303     0    16     1     3
     -0.4365464636 a       304     0    16     1     4
     -0.4406180593 a       305     0    16     1     5
      0.3791739304 a       306     0    16     1     6
     -0.2459152415 a       307     0    16     1     7
     -0.0279234831 a       308     0    16     1     8
     -0.2805093571 a       309     0    16     1     9
      0.0627836379 a       310     0    16     1    10
     -0.4781716548 a       311     0    16     1    11
     -0.3688132050 a       312     0    16     1    12
     -0.1107200741 a       313     0    16     1    13
      0.1074543121 a       314     0    16     1    14
     -0.0303665691 a       315     0    16     1    15
      0.4692283560 a       316     0    16     1    16
      0.2791746900 a       317     0    16     1    17
      0.0493018091 a       318     0    16     1    18
      0.0787437130 a       319     0    16     1    19
      0.2030704624 a       320     0    16     1    20
      0.4297990580 a       321     0    17     1     1
      0.0037052708 a       322     0    17     1     2
     -0.2074567431 a       323     0    17     1     3
      0.3029447318 a       324     0    17     1     4
     -0.0226090271 a       325     0    17     1     5
      0.1884462177 a       326     0    17     1     6
     -0.1219636803 a       327     0    17     1     7
     -0.4105136529 a       328     0    17     1     8
      0.2969668468 a       329     0    17     1     9
     -0.2928205015 a       330     0    17     1    10
      0.2487018202 a       331     0    17     1    11
     -0.0560386273 a       332     0    17     1    12
      0.0362631316 a       333     0    17     1    13
      0.3157521030 a       334     0    17     1    14
     -0.4154234767 a       335     0    17     1    15
      0.1393431904 a       336     0    17     1    16
     -0.1340040237 a       337     0    17     1    17
     -0.3093631173 a       338     0    17     1    18
     -0.1664373391 a       339     0    17     1    19
      0.1517304553 a       340     0    17     1    20
     -0.0048913740 a       341     0    18     1     1
      0.4420532083 a       342     0    18     1     2
      0.4149534050 a       343     0    18     1     3
     -0.1324920789 a       344     0    18     1     4
      0.1668600829 a       345     0    18     1     5
     -0.3387904050 a       346     0    18     1     6
      0.1288642309 a       347     0    18     1     7
      0.2274731123 a       348     0    18     1     8
      0.4345530681 a       349     0    18     1     9
      0.0680524361 a       350     0    18     1    10
      0.4191519222 a       351     0    18     1    11
     -0.4148879215 a       352     0    18     1    12
     -0.4497570302 a       353     0    18     1    13
     -0.0827956456 a       354     0    18     1    14
      0.4410385392 a       355     0    18     1    15
     -0.2028773025 a       356     0    18     1    16
     -0.2609914648 a       357     0    18     1    17
      0.0808266828 a       358     0    18     1    18
      0.3816431678 a       359     0    18     1    19
      0.1365612321 a       360     0    18     1    20
     -0.3634128191 a       361     0    19     1     1
      0.0217199847 a       362     0    19     1     2
      0.2466366302 a       363     0    19     1     3
     -0.3215686992 a       364     0    19     1     4
     -0.1670697153 a       365     0    19     1     5
      0.2426349605 a       366     0    19     1     6
     -0.2204054348 a       367     0    19     1     7
     -0.0052899577 a       368     0    19     1     8
     -0.4886272731 a       369     0    19     1     9
     -0.1852108177 a       370     0    19     1    10
      0.4618905018 a       371     0    19     1    11
     -0.3452409860 a       372     0    19     1    12
      0.2562273625 a       373     0    19     1    13
      0.2921898300 a       374     0    19     1    14
      0.3595551131 a       375     0    19     1    15
     -0.3834103639 a       376     0    19     1    16
     -0.3544564728 a       377     0    19     1    17
      0.4232025535 a       378     0    19     1    18
      0.0807183205 a       379     0    19     1    19
      0.0220115463 a       380     0    19     1    20
     -0.3907552005 a       381     0    20     1     1
      0.4281979271 a       382     0    20     1     2
     -0.2193861390 a       383     0    20     1     3
      0.1179829626 a       384     0    20     1     4
     -0.2514830578 a       385     0    20     1     5
      0.3813841600 a       386     0    20     1     6
      0.3767464930 a       387     0    20     1     7
     -0.0263631089 a       388     0    20     1     8
     -0.1805980454 a       389     0    20     1     9
      0.3504191807 a       390     0    20     1    10
      0.1516885606 a       391     0    20     1    11
      0.3115965457 a       392     0    20     1    12
      0.3517313735 a       393     0    20     1    13
     -0.0816129400 a       394     0    20     1    14
      0.0883439997 a       395     0    20     1    15
      0.1335133232 a       396     0    20     1    16
      0.1415329812 a       397     0    20     1    17
     -0.4788087626 a       398     0    20     1    18
     -0.3513892973 a       399     0    20     1    19
     -0.3108091010 a       400     0    20     1    20
      0.4494442593 a       401     0    21     1     1
      0.2833350598 a       402     0    21     1     2
      0.0104647362 a       403     0    21     1     3
      0.2730806995 a       404     0    21     1     4
     -0.1133129152 a       405     0    21     1     5
      0.1926182402 a       406     0    21     1     6
      0.0776359620 a       407     0    21     1     7
      0.3520406522 a       408     0    21     1     8
     -0.0920018139 a       409     0    21     1     9
     -0.4540675500 a       410     0    21     1    10
      0.2981861154 a       411     0    21     1    11
      0.3251512178 a       412     0    21     1    12
     -0.3586478395 a       413     0    21     1    13
      0.0285305997 a       414     0    21     1    14
     -0.3410613622 a       415     0    21     1    15
      0.2981873221 a       416     0    21     1    16
     -0.3942369279 a       417     0    21     1    17
      0.1118140115 a       418     0    21     1    18
      0.0049558213 a       419     0    21     1    19
      0.2050231905 a       420     0    21     1    20
     -0.3902535035 a       421     0    22     1     1
     -0.1526130965 a       422     0    22     1     2
     -0.0652890974 a       423     0    22     1     3
     -0.0438845135 a       424     0    22     1     4
      0.1109328022 a       425     0    22     1     5
      0.1337617718 a       426     0    22     1     6
      0.4515059519 a       427     0    22     1     7
     -0.1635449587 a       428     0    22     1     8
      0.0562526642 a       429     0    22     1     9
     -0.1004275178 a       430     0    22     1    10
      0.3573982632 a       431     0    22     1    11
     -0.3125672154 a       432     0    22     1    12
      0.0516391976 a       433     0    22     1    13
     -0.2393491084 a       434     0    22     1    14
     -0.3050840590 a       435     0    22     1    15
     -0.2549764105 a       436     0    22     1    16
     -0.0562215231 a       437     0    22     1    17
      0.1802664271 a       438     0    22     1    18
      0.4632870560 a       439     0    22     1    19
      0.2362090973 a       440     0    22     1    20
      0.1737339774 a       441     0    23     1     1
      0.1000314011 a       442     0    23     1     2
      0.3748784287 a       443     0    23     1     3
     -0.4339031375 a       444     0    23     1     4
      0.4542033542 a       445     0    23     1     5
     -0.4215192604 a       446     0    23     1     6
      0.3480722414 a       447     0    23     1     7
     -0.0635392293 a       448     0    23     1     8
     -0.2914514560 a       449     0    23     1     9
      0.2753838649 a       450     0    23     1    10
      0.1463916790 a       451     0    23     1    11
     -0.3806019292 a       452     0    23     1    12
      0.1706053692 a       453     0    23     1    13
     -0.3482392432 a       454     0    23     1    14
     -0.4721508115 a       455     0    23     1    15
     -0.3701712969 a       456     0    23     1    16
     -0.2314846490 a       457     0    23     1    17
     -0.3592578986 a       458     0    23     1    18
     -0.1551129502 a       459     0    23     1    19
     -0.3779526412 a       460     0    23     1    20
      0.0250281706 a       461     0    24     1     1
      0.4288994247 a       462     0    24     1     2
      0.2422424807 a       463     0    24     1     3
     -0.2915385956 a       464     0    24     1     4
      0.0806800258 a       465     0    24     1     5
      0.1578415938 a       466     0    24     1     6
     -0.1201333968 a       467     0    24     1     7
      0.4821157896 a       468     0    24     1     8
      0.1142977316 a       469     0    24     1     9
      0.0978807512 a       470     0    24     1    10
     -0.2447277358 a       471     0    24     1    11
     -0.2234912051 a       472     0    24     1    12
      0.3036777695 a       473     0    24     1    13
     -0.1695068383 a       474     0    24     1    14
     -0.0455576182 a       475     0    24     1    15
     -0.3761027577 a       476     0    24     1    16
      0.3227587543 a       477     0    24     1    17
      0.4465165834 a       478     0    24     1    18
     -0.4175730904 a       479     0    24     1    19
     -0.4649511093 a       480     0    24     1    20
     -0.2218865591 a       481     0    25     1     1
     -0.2218703525 a       482     0    25     1     2
      0.0738142326 a       483     0    25     1     3
     -0.2146038899 a       484     0    25     1     4
     -0.2687867605 a       485     0    25     1     5
     -0.0312304797 a       486     0    25     1     6
     -0.1456774869 a       487     0    25     1     7
      0.4276820826 a       488     0    25     1     8
     -0.1524504092 a       489     0    25     1     9
     -0.3036515358 a       490     0    25     1    10
      0.3652580287 a       491     0    25     1    11
     -0.2525557467 a       492     0    25     1    12
      0.3448268045 a       493     0    25     1    13
      0.4169142171 a       494     0    25     1    14
      0.3066423655 a       495     0    25     1    15
     -0.3407542566 a       496     0    25     1    16
     -0.2897949657 a       497     0    25     1    17
      0.0723489504 a       498     0    25     1    18
      0.0538200198 a       499     0    25     1    19
      0.3396866790 a       500     0    25     1    20
      0.1273518022 a       501     0    26     1     1
      0.1502145892 a       502     0    26     1     2
      0.1562203850 a       503     0    26     1     3
     -0.3317209337 a       504     0    26     1     4
      0.1046395172 a       505     0    26     1     5
      0.2585292675 a       506     0    26     1     6
      0.4285764484 a       507     0    26     1     7
     -0.2572798635 a       508     0    26     1     8
      0.3385006000 a       509     0    26     1     9
     -0.0614387951 a       510     0    26     1    10
      0.1008957749 a       511     0    26     1    11
      0.3860265674 a       512     0    26     1    12
      0.0909477167 a       513     0    26     1    13
      0.3156850768 a       514     0    26     1    14
      0.4214134782 a       515     0    26     1    15
      0.2539940181 a       516     0    26     1    16
     -0.0820464077 a       517     0    26     1    17
      0.0494767086 a       518     0    26     1    18
     -0.4893569014 a       519     0    26     1    19
      0.1166174730 a       520     0    26     1    20
      0.3893611913 a       521     0    27     1     1
     -0.0207178323 a       522     0    27     1     2
      0.2456432555 a       523     0    27     1     3
     -0.0960358383 a       524     0    27     1     4
      0.0030274487 a       525     0    27     1     5
     -0.3814800181 a       526     0    27     1     6
      0.3715329959 a       527     0    27     1     7
      0.0760924471 a       528     0    27     1     8
     -0.1275042011 a       529     0    27     1     9
      0.0599383133 a       530     0    27     1    10
     -0.0462557452 a       531     0    27     1    11
     -0.2912198138 a       532     0    27     1    12
     -0.2792744987 a       533     0    27     1    13
      0.3945894122 a       534     0    27     1    14
      0.4031376904 a       535     0    27     1    15
     -0.0227157306 a       536     0    27     1    16
     -0.1272352025 a       537     0    27     1    17
     -0.4636260270 a       538     0    27     1    18
      0.1433554752 a       539     0    27     1    19
      0.4875543804 a       540     0    27     1    20
      0.1005063568 a       541     0    28     1     1
      0.3925792174 a       542     0    28     1     2
      0.1072810015 a       543     0    28     1     3
     -0.2080581121 a       544     0    28     1     4
     -0.2908343510 a       545     0    28     1     5
     -0.0333995076 a       546     0    28     1     6
      0.4179205487 a       547     0    28     1     7
      0.3404777809 a       548     0    28     1     8
      0.1386194106 a       549     0    28     1     9
      0.3946125055 a       550     0    28     1    10
      0.0674770649 a       551     0    28     1    11
     -0.3337075523 a       552     0    28     1    12
     -0.1395731710 a       553     0    28     1    13
     -0.3137857938 a       554     0    28     1    14
     -0.2187016246 a       555     0    28     1    15
     -0.0844555927 a       556     0    28     1    16
     -0.3391742989 a       557     0    28     1    17
      0.1274768116 a       558     0    28     1    18
      0.2075891694 a       559     0    28     1    19
      0.4561863165 a       560     0    28     1    20
      0.0088169858 a       561     0    29     1     1
      0.4073096483 a       562     0    29     1     2
      0.4613326309 a       563     0    29     1     3
     -0.2739053369 a       564     0    29     1     4
     -0.4926001653 a       565     0    29     1     5
     -0.1234460101 a       566     0    29     1     6
     -0.3476739571 a       567     0    29     1     7
      0.1363258369 a       568     0    29     1     8
     -0.4229779816 a       569     0    29     1     9
     -0.2842358467 a       570     0    29     1    10
      0.1981216916 a       571     0    29     1    11
      0.1623134032 a       572     0    29     1    12
     -0.0734402456 a       573     0    29     1    13
     -0.0486645674 a       574     0    29     1    14
     -0.2905015078 a       575     0    29     1    15
     -0.0138442328 a       576     0    29     1    16
     -0.0162237308 a       577     0    29     1    17
      0.0342168079 a       578     0    29     1    18
      0.1385540126 a       579     0    29     1    19
      0.2125301934 a       580     0    29     1    20
     -0.3423278902 a       581     0    30     1     1
      0.1232812143 a       582     0    30     1     2
     -0.4324172607 a       583     0    30     1     3
     -0.4275149057 a       584     0    30     1     4
      0.3971107304 a       585     0    30     1     5
     -0.3533655037 a       586     0    30     1     6
      0.2524694571 a       587     0    30     1     7
     -0.0752815373 a       588     0    30     1     8
      0.1694729475 a       589     0    30     1     9
      0.4479601798 a       590     0    30     1    10
     -0.1880450359 a       591     0    30     1    11
      0.3545030867 a       592     0    30     1    12
     -0.1010024808 a       593     0    30     1    13
      0.2894801448 a       594     0    30     1    14
      0.1469698413 a       595     0    30     1    15
     -0.2671380474 a       596     0    30     1    16
     -0.4511685197 a       597     0    30     1    17
      0.2898704648 a       598     0    30     1    18
     -0.1401607272 a       599     0    30     1    19
     -0.0324331101 a       600     0    30     1    20
      0.1284183044 a       601     0    31     1     1
      0.3669309429 a       602     0    31     1     2
      0.3489778975 a       603     0    31     1     3
     -0.1857785648 a       604     0    31     1     4
     -0.3294986122 a       605     0    31     1     5
      0.3513582851 a       606     0    31     1     6
      0.4384937127 a       607     0    31     1     7
      0.4354727449 a       608     0    31     1     8
     -0.0481671950 a       609     0    31     1     9
     -0.0440959843 a       610     0    31     1    10
      0.3782347559 a       611     0    31     1    11
      0.1319394959 a       612     0    31     1    12
     -0.3002164442 a       613     0    31     1    13
      0.0436851170 a       614     0    31     1    14
      0.2552845304 a       615     0    31     1    15
     -0.4484744374 a       616     0    31     1    16
      0.0489361469 a       617     0    31     1    17
      0.2708271660 a       618     0    31     1    18
      0.0518516054 a       619     0    31     1    19
     -0.0724397461 a       620     0    31     1    20
      1.2064955810 b       621     1     1
      0.8749486549 b       622     1     2
      0.2174066134 b       623     1     3
      0.5777036604 b       624     1     4
     -0.6977687002 b       625     1     5
      1.4938741780 b       626     1     6
     -0.9962209559 b       627     1     7
     -0.9064782005 b       628     1     8
     -0.0306028184 b       629     1     9
     -0.3253552754 b       630     1    10
      1.3917170717 b       631     1    11
     -0.2159095040 b       632     1    12
     -0.4013888049 b       633     1    13
     -0.9971194872 b       634     1    14
      0.3996795803 b       635     1    15
      0.6065808513 b       636     1    16
     -0.2033490097 b       637     1    17
     -0.3934021015 b       638     1    18
     -0.5686759430 b       639     1    19
     -0.2647502978 b       640     1    20
      0.1278336831 a       641     1     1     2     1
      0.4219042333 a       642     1     1     2     2
      0.3161544739 a       643     1     1     2     3
      0.4474923029 a       644     1     1     2     4
      0.2484403265 a       645     1     1     2     5
     -0.4125594612 a       646     1     1     2     6
      0.3499629466 a       647     1     1     2     7
      0.4828668930 a       648     1     1     2     8
      0.4062351748 a       649     1     1     2     9
     -0.2365563762 a       650     1     1     2    10
      0.4566782416 a       651     1     1     2    11
      0.0596107371 a       652     1     1     2    12
      0.5299591169 a       653     1     1     2    13
     -0.5733929895 a       654     1     1     2    14
     -0.6035576205 a       655     1     1     2    15
      0.4026241372 a       656     1     1     2    16
      0.2279323201 a       657     1     1     2    17
     -0.1881098900 a       658     1     1     2    18
      0.2753841998 a       659     1     1     2    19
      0.3630577427 a       660     1     1     2    20
     -0.3581513350 a       661     1     2     2     1
     -0.4709265090 a       662     1     2     2     2
     -0.0903606284 a       663     1     2     2     3
     -0.0668355379 a       664     1     2     2     4
      0.3069586828 a       665     1     2     2     5
      0.0073422678 a       666     1     2     2     6
     -0.4670194350 a       667     1     2     2     7
     -0.1286587156 a       668     1     2     2     8
     -0.5008268610 a       669     1     2     2     9
     -0.2319784969 a       670     1     2     2    10
      0.4212349736 a       671     1     2     2    11
      0.2941849672 a       672     1     2     2    12
      0.4772351641 a       673     1     2     2    13
      0.2185561550 a       674     1     2     2    14
      0.5799016293 a       675     1     2     2    15
     -0.2176478819 a       676     1     2     2    16
     -0.0440078156 a       677     1     2     2    17
     -0.2140837767 a       678     1     2     2    18
      0.6312144887 a       679     1     2     2    19
      0.0092567266 a       680     1     2     2    20
     -0.0284918395 a       681     1     3     2     1
     -0.5466924301 a       682     1     3     2     2
     -0.3221468408 a       683     1     3     2     3
      0.1851754276 a       684     1     3     2     4
      0.2295892410 a       685     1     3     2     5
      0.5512044014 a       686     1     3     2     6
      0.3719212913 a       687     1     3     2     7
     -0.4598168198 a       688     1     3     2     8
      0.5680511890 a       689     1     3     2     9
      0.4654937536 a       690     1     3     2    10
     -0.0575667983 a       691     1     3     2    11
     -0.4596622647 a       692     1     3     2    12
      0.1778982974 a       693     1     3     2    13
      0.2077829859 a       694     1     3     2    14
     -0.2437984021 a       695     1     3     2    15
      0.1253622010 a       696     1     3     2    16
     -0.3384632997 a       697     1     3     2    17
     -0.2365903581 a       698     1     3     2    18
     -0.1443029084 a       699     1     3     2    19
      0.5783450197 a       700     1     3     2    20
      0.3907581926 a       701     1     4     2     1
     -0.5690714214 a       702     1     4     2     2
     -0.5001199276 a       703     1     4     2     3
      0.4882135913 a       704     1     4     2     4
     -0.5298896831 a       705     1     4     2     5
     -0.5855206878 a       706     1     4     2     6
      0.2366239134 a       707     1     4     2     7
     -0.4513833089 a       708     1     4     2     8
     -0.5391932892 a       709     1     4     2     9
      0.1026432736 a       710     1     4     2    10
      0.1332328522 a       711     1     4     2    11
      0.5522631046 a       712     1     4     2    12
      0.4742440264 a       713     1     4     2    13
      0.3852705053 a       714     1     4     2    14
      0.4457683154 a       715     1     4     2    15
     -0.4499103591 a       716     1     4     2    16
     -0.4879139661 a       717     1     4     2    17
      0.2440628569 a       718     1     4     2    18
      0.0699243894 a       719     1     4     2    19
     -0.4664683381 a       720     1     4     2    20
      0.3632808707 a       721     1     5     2     1
     -0.4117771437 a       722     1     5     2     2
      0.1007213139 a       723     1     5     2     3
      0.5808808866 a       724     1     5     2     4
     -0.0094733445 a       725     1     5     2     5
      0.3369472554 a       726     1     5     2     6
      0.3617358127 a       727     1     5     2     7
      0.3398057774 a       728     1     5     2     8
     -0.4801117816 a       729     1     5     2     9
      0.3461903094 a       730     1     5     2    10
     -0.0691101008 a       731     1     5     2    11
     -0.0647873733 a       732     1     5     2    12
     -0.0060632517 a       733     1     5     2    13
     -0.0818749653 a       734     1     5     2    14
     -0.4292453144 a       735     1     5     2    15
      0.4115949110 a       736     1     5     2    16
      0.1445458765 a       737     1     5     2    17
      0.5845272143 a       738     1     5     2    18
      0.0260144892 a       739     1     5     2    19
     -0.6069884705 a       740     1     5     2    20
     -0.2477583828 a       741     1     6     2     1
     -0.3115832462 a       742     1     6     2     2
      0.3532059960 a       743     1     6     2     3
     -0.0785129451 a       744     1     6     2     4
      0.2154845249 a       745     1     6     2     5
      0.3763922296 a       746     1     6     2     6
     -0.5106519005 a       747     1     6     2     7
     -0.2583807502 a       748     1     6     2     8
      0.2786634307 a       749     1     6     2     9
      0.1911672650 a       750     1     6     2    10
      0.3336383511 a       751     1     6     2    11
     -0.3334170118 a       752     1     6     2    12
     -0.4159540198 a       753     1     6     2    13
      0.4879935727 a       754     1     6     2    14
     -0.2778254037 a       755     1     6     2    15
     -0.1928526721 a       756     1     6     2    16
     -0.3561985658 a       757     1     6     2    17
      0.6049799652 a       758     1     6     2    18
      0.4348691486 a       759     1     6     2    19
     -0.1894145009 a       760     1     6     2    20
     -0.0927822948 a       761     1     7     2     1
     -0.2561161433 a       762     1     7     2     2
     -0.1089550379 a       763     1     7     2     3
      0.2705831643 a       764     1     7     2     4
     -0.1442858658 a       765     1     7     2     5
     -0.2469843680 a       766     1     7     2     6
      0.2687255616 a       767     1     7     2     7
      0.3381973160 a       768     1     7     2     8
     -0.1832566564 a       769     1     7     2     9
     -0.0213766303 a       770     1     7     2    10
     -0.0861134692 a       771     1     7     2    11
     -0.4348987540 a       772     1     7     2    12
      0.4993406405 a       773     1     7     2    13
     -0.0051091739 a       774     1     7     2    14
     -0.0277611854 a       775     1     7     2    15
     -0.2878370936 a       776     1     7     2    16
     -0.2580660980 a       777     1     7     2    17
      0.1015609276 a       778     1     7     2    18
      0.5280662914 a       779     1     7     2    19
     -0.1018946339 a       780     1     7     2    20
      0.5872382491 a       781     1     8     2     1
     -0.5723137579 a       782     1     8     2     2
     -0.5122515698 a       783     1     8     2     3
      0.2502782420 a       784     1     8     2     4
      0.3939511971 a       785     1     8     2     5
      0.5669385683 a       786     1     8     2     6
     -0.0476592404 a       787     1     8     2     7
     -0.5345168852 a       788     1     8     2     8
      0.0793168644 a       789     1     8     2     9
      0.0529946477 a       790     1     8     2    10
     -0.1037943770 a       791     1     8     2    11
     -0.2862654629 a       792     1     8     2    12
      0.4588714382 a       793     1     8     2    13
      0.2060763657 a       794     1     8     2    14
     -0.2279193768 a       795     1     8     2    15
     -0.0504414118 a       796     1     8     2    16
      0.1231696027 a       797     1     8     2    17
      0.2065399649 a       798     1     8     2    18
     -0.0455326472 a       799     1     8     2    19
      0.4880379251 a       800     1     8     2    20
     -0.1070784592 a       801     1     9     2     1
      0.0920128621 a       802     1     9     2     2
     -0.2879831232 a       803     1     9     2     3
     -0.6235839371 a       804     1     9     2     4
      0.3965929640 a       805     1     9     2     5
      0.3177079150 a       806     1     9     2     6
     -0.2105545817 a       807     1     9     2     7
     -0.0950969118 a       808     1     9     2     8
     -0.3152064128 a       809     1     9     2     9
      0.1847164340 a       810     1     9     2    10
     -0.1983729092 a       811     1     9     2    11
     -0.2234322680 a       812     1     9     2    12
     -0.1743362065 a       813     1     9     2    13
     -0.3783081950 a       814     1     9     2    14
      0.5851528057 a       815     1     9     2    15
      0.5991452049 a       816     1     9     2    16
      0.6012390584 a       817     1     9     2    17
     -0.1392294363 a       818     1     9     2    18
      0.1278102093 a       819     1     9     2    19
      0.5724769307 a       820     1     9     2    20
      0.4341872295 a       821     1    10     2     1
      0.4328812316 a       822     1    10     2     2
     -0.1146459736 a       823     1    10     2     3
     -0.1486073283 a       824     1    10     2     4
     -0.5715214186 a       825     1    10     2     5
     -0.0096524782 a       826     1    10     2     6
      0.5848255755 a       827     1    10     2     7
      0.1571471721 a       828     1    10     2     8
     -0.0404353216 a       829     1    10     2     9
     -0.0879512892 a       830     1    10     2    10
      0.2796151490 a       831     1    10     2    11
     -0.1173101846 a       832     1    10     2    12
      0.3374315139 a       833     1    10     2    13
      0.1611640956 a       834     1    10     2    14
      0.2396946809 a       835     1    10     2    15
      0.3199129749 a       836     1    10     2    16
      0.6104173514 a       837     1    10     2    17
      0.4162136933 a       838     1    10     2    18
      0.3699017311 a       839     1    10     2    19
     -0.5406024446 a       840     1    10     2    20
      0.5877845614 a       841     1    11     2     1
     -0.0729387930 a       842     1    11     2     2
     -0.0542371736 a       843     1    11     2     3
     -0.1856159225 a       844     1    11     2     4
     -0.5565935113 a       845     1    11     2     5
      0.6036175411 a       846     1    11     2     6
     -0.4191685018 a       847     1    11     2     7
     -0.5831717499 a       848     1    11     2     8
     -0.1379355414 a       849     1    11     2     9
      0.4682816034 a       850     1    11     2    10
     -0.6483590501 a       851     1    11     2    11
     -0.2056506109 a       852     1    11     2    12
     -0.2578117236 a       853     1    11     2    13
     -0.3983129527 a       854     1    11     2    14
     -0.1600007553 a       855     1    11     2    15
     -0.2422516672 a       856     1    11     2    16
     -0.4753764405 a       857     1    11     2    17
      0.5929652432 a       858     1    11     2    18
      0.0607746070 a       859     1    11     2    19
      0.0941553079 a       860     1    11     2    20
      0.0867927776 a       861     1    12     2     1
     -0.2351481633 a       862     1    12     2     2
     -0.4587795532 a       863     1    12     2     3
     -0.2534953022 a       864     1    12     2     4
      0.4659983167 a       865     1    12     2     5
     -0.3766113097 a       866     1    12     2     6
      0.3665890929 a       867     1    12     2     7
     -0.5416947291 a       868     1    12     2     8
      0.4555125010 a       869     1    12     2     9
      0.4147674341 a       870     1    12     2    10
      0.0910858520 a       871     1    12     2    11
      0.4602720348 a       872     1    12     2    12
      0.0619774374 a       873     1    12     2    13
      0.0528914887 a       874     1    12     2    14
      0.2052371093 a       875     1    12     2    15
     -0.5227262921 a       876     1    12     2    16
      0.0044098927 a       877     1    12     2    17
     -0.2907863402 a       878     1    12     2    18
      0.4659927495 a       879     1    12     2    19
      0.4258586685 a       880     1    12     2    20
     -0.2034906916 a       881     1    13     2     1
      0.3104663006 a       882     1    13     2     2
     -0.2472793145 a       883     1    13     2     3
      0.3453905937 a       884     1    13     2     4
     -0.1161304403 a       885     1    13     2     5
      0.0123971356 a       886     1    13     2     6
      0.4803991425 a       887     1    13     2     7
      0.2122673129 a       888     1    13     2     8
      0.5738865273 a       889     1    13     2     9
     -0.3612466164 a       890     1    13     2    10
     -0.5008610640 a       891     1    13     2    11
      0.4603481474 a       892     1    13     2    12
      0.0684224007 a       893     1    13     2    13
      0.1683539337 a       894     1    13     2    14
      0.3904269610 a       895     1    13     2    15
     -0.0589372073 a       896     1    13     2    16
      0.3633961538 a       897     1    13     2    17
     -0.6376755040 a       898     1    13     2    18
      0.4956396307 a       899     1    13     2    19
     -0.0835638416 a       900     1    13     2    20
      0.4249949164 a       901     1    14     2     1
      0.0358620590 a       902     1    14     2     2
     -0.4006930803 a       903     1    14     2     3
     -0.0574993294 a       904     1    14     2     4
      0.0455823777 a       905     1    14     2     5
     -0.0248388050 a       906     1    14     2     6
      0.5615648062 a       907     1    14     2     7
     -0.2484788101 a       908     1    14     2     8
     -0.4471320341 a       909     1    14     2     9
      0.5381570243 a       910     1    14     2    10
      0.3946641564 a       911     1    14     2    11
      0.2827801953 a       912     1    14     2    12
     -0.1731777913 a       913     1    14     2    13
     -0.2363921486 a       914     1    14     2    14
     -0.1890344922 a       915     1    14     2    15
      0.5362696213 a       916     1    14     2    16
      0.1516878924 a       917     1    14     2    17
     -0.1783259531 a       918     1    14     2    18
      0.3333862646 a       919     1    14     2    19
      0.0517707431 a       920     1    14     2    20
      0.4131233480 a       921     1    15     2     1
      0.4297079660 a       922     1    15     2     2
     -0.5171727013 a       923     1    15     2     3
      0.0720410742 a       924     1    15     2     4
     -0.4702783970 a       925     1    15     2     5
     -0.1294965503 a       926     1    15     2     6
      0.0637215120 a       927     1    15     2     7
      0.3477116070 a       928     1    15     2     8
      0.0626927630 a       929     1    15     2     9
     -0.4955513323 a       930     1    15     2    10
      0.6842714844 a       931     1    15     2    11
     -0.4706344413 a       932     1    15     2    12
     -0.0661440932 a       933     1    15     2    13
     -0.5312148888 a       934     1    15     2    14
     -0.3061084947 a       935     1    15     2    15
      0.4327198795 a       936     1    15     2    16
     -0.2691440705 a       937     1    15     2    17
      0.4344078489 a       938     1    15     2    18
     -0.0478465984 a       939     1    15     2    19
     -0.4940848513 a       940     1    15     2    20
      0.1477125885 a       941     1    16     2     1
     -0.5016497452 a       942     1    16     2     2
     -0.4819607339 a       943     1    16     2     3
     -0.2330290218 a       944     1    16     2     4
      0.5127369293 a       945     1    16     2     5
     -0.0404280941 a       946     1    16     2     6
      0.1149327128 a       947     1    16     2     7
     -0.4983986510 a       948     1    16     2     8
      0.0638420343 a       949     1    16     2     9
      0.2203095193 a       950     1    16     2    10
     -0.1284730911 a       951     1    16     2    11
     -0.4632951246 a       952     1    16     2    12
      0.3067079860 a       953     1    16     2    13
      0.3074001275 a       954     1    16     2    14
     -0.6637285337 a       955     1    16     2    15
     -0.1952495202 a       956     1    16     2    16
     -0.4757682150 a       957     1    16     2    17
     -0.3101288248 a       958     1    16     2    18
     -0.3343451564 a       959     1    16     2    19
     -0.0228132463 a       960     1    16     2    20
      0.5217279493 a       961     1    17     2     1
      0.2132318100 a       962     1    17     2     2
      0.4564880738 a       963     1    17     2     3
      0.3739725211 a       964     1    17     2     4
     -0.5003462938 a       965     1    17     2     5
      0.3866847855 a       966     1    17     2     6
     -0.1198793541 a       967     1    17     2     7
      0.1114187871 a       968     1    17     2     8
      0.4252195036 a       969     1    17     2     9
     -0.4466467967 a       970     1    17     2    10
      0.0906541948 a       971     1    17     2    11
      0.2330307084 a       972     1    17     2    12
      0.3786449709 a       973     1    17     2    13
      0.6000650074 a       974     1    17     2    14
      0.1742230002 a       975     1    17     2    15
     -0.4780077521 a       976     1    17     2    16
      0.5607902857 a       977     1    17     2    17
      0.2767115899 a       978     1    17     2    18
      0.4526738007 a       979     1    17     2    19
      0.1011674767 a       980     1    17     2    20
     -0.0093296790 a       981     1    18     2     1
     -0.2915304364 a       982     1    18     2     2
     -0.4687934338 a       983     1    18     2     3
     -0.5880295232 a       984     1    18     2     4
     -0.4125213406 a       985     1    18     2     5
      0.4869002537 a       986     1    18     2     6
      0.1439421208 a       987     1    18     2     7
      0.0881630345 a       988     1    18     2     8
     -0.0667497031 a       989     1    18     2     9
     -0.5752723776 a       990     1    18     2    10
     -0.6221360596 a       991     1    18     2    11
     -0.3638178718 a       992     1    18     2    12
      0.4450569057 a       993     1    18     2    13
     -0.5415629510 a       994     1    18     2    14
     -0.2700738349 a       995     1    18     2    15
      0.4657184520 a       996     1    18     2    16
     -0.3426034032 a       997     1    18     2    17
     -0.0166176466 a       998     1    18     2    18
     -0.5898726063 a       999     1    18     2    19
      0.0003104735 a      1000     1    18     2    20
      0.4666823575 a      1001     1    19     2     1
     -0.0754135961 a      1002     1    19     2     2
     -0.4946564937 a      1003     1    19     2     3
      0.4497072426 a      1004     1    19     2     4
      0.0372164669 a      1005     1    19     2     5
      0.1488707568 a      1006     1    19     2     6
      0.3061578802 a      1007     1    19     2     7
     -0.4494840042 a      1008     1    19     2     8
      0.1945653826 a      1009     1    19     2     9
      0.5064171535 a      1010     1    19     2    10
     -0.4504452970 a      1011     1    19     2    11
      0.5473899045 a      1012     1    19     2    12
      0.5934741075 a      1013     1    19     2    13
     -0.5706062485 a      1014     1    19     2    14
     -0.1257931791 a      1015     1    19     2    15
      0.2980369241 a      1016     1    19     2    16
      0.2526693055 a      1017     1    19     2    17
      0.4866451591 a      1018     1    19     2    18
      0.2999176656 a      1019     1    19     2    19
      0.1927545759 a      1020     1    19     2    20
      0.5859960265 a      1021     1    20     2     1
      0.1889736410 a      1022     1    20     2     2
     -0.2665211585 a      1023     1    20     2     3
      0.5545762500 a      1024     1    20     2     4
      0.0054094347 a      1025     1    20     2     5
     -0.3941383100 a      1026     1    20     2     6
     -0.5048055403 a      1027     1    20     2     7
     -0.1780283924 a      1028     1    20     2     8
     -0.4229946824 a      1029     1    20     2     9
      0.4617573686 a      1030     1    20     2    10
      0.2603298203 a      1031     1    20     2    11
     -0.3457305769 a      1032     1    20     2    12
      0.4542716130 a      1033     1    20     2    13
      0.1368130402 a      1034     1    20     2    14
     -0.2494513381 a      1035     1    20     2    15
     -0.2849786752 a      1036     1    20     2    16
      0.3142751132 a      1037     1    20     2    17
     -0.1462865128 a      1038     1    20     2    18
      0.4328052345 a      1039     1    20     2    19
      0.4424204441 a      1040     1    20     2    20
      0.7067563551 b      1041     2     1
      0.7811891814 b      1042     2     2
     -1.1153189252 b      1043     2     3
      0.1642712510 b      1044     2     4
     -0.6824116637 b      1045     2     5
      1.3535748305 b      1046     2     6
      0.0861257775 b      1047     2     7
     -0.1692507010 b      1048     2     8
      0.3798187170 b      1049     2     9
      1.5843819530 b      1050     2    10
     -0.5595440691 b      1051     2    11
      1.2326705276 b      1052     2    12
      1.1624334014 b      1053     2    13
     -1.2514889900 b      1054     2    14
      0.4258879488 b      1055     2    15
      0.6230278654 b      1056     2    16
     -0.5865275316 b      1057     2    17
      1.0994569991 b      1058     2    18
     -0.2545039004 b      1059     2    19
      1.4774875697 b      1060     2    20
      0.0040138054 a      1061     2     1     3     1
     -0.0039912218 a      1062     2     2     3     1
     -0.0002435513 a      1063     2     3     3     1
     -0.0043481735 a      1064     2     4     3     1
     -0.0019372926 a      1065     2     5     3     1
     -0.0010245760 a      1066     2     6     3     1
     -0.0014580166 a      1067     2     7     3     1
     -0.0116546478 a      1068     2     8     3     1
     -0.0001949539 a      1069     2     9     3     1
      0.0049095675 a      1070     2    10     3     1
      0.0082865169 a      1071     2    11     3     1
      0.0053551966 a      1072     2    12     3     1
     -0.0059067030 a      1073     2    13     3     1
     -0.0002891084 a      1074     2    14     3     1
     -0.0096218737 a      1075     2    15     3     1
      0.0050790234 a      1076     2    16     3     1
      0.0135142412 a      1077     2    17     3     1
      0.0039645697 a      1078     2    18     3     1
      0.0142396628 a      1079     2    19     3     1
      0.0085507442 a      1080     2    20     3     1
     19.6608495871 b      1081     3     1
