     -0.4526814389 a         1     0     1     1     1
     -0.1483443228 a         2     0     1     1     2
      0.4722475147 a         3     0     1     1     3
      0.3653832461 a         4     0     1     1     4
     -0.3322302738 a         5     0     1     1     5
      0.3934189041 a         6     0     1     1     6
      0.4254771919 a         7     0     1     1     7
     -0.2062950213 a         8     0     1     1     8
      0.1315260868 a         9     0     1     1     9
      0.0221769375 a        10     0     1     1    10
      0.3971238319 a        11     0     1     1    11
     -0.2332819340 a        12     0     1     1    12
      0.1033748762 a        13     0     1     1    13
      0.3971162674 a        14     0     1     1    14
     -0.3474580382 a        15     0     1     1    15
     -0.2833450563 a        16     0     1     1    16
     -0.4388757830 a        17     0     1     1    17
     -0.4333320342 a        18     0     1     1    18
      0.2953579913 a        19     0     1     1    19
     -0.0642950328 a        20     0     1     1    20
      0.0384382442 a        21     0     2     1     1
      0.4835860920 a        22     0     2     1     2
     -0.2283080833 a        23     0     2     1     3
      0.4539728704 a        24     0     2     1     4
     -0.1721581499 a        25     0     2     1     5
     -0.4206990391 a        26     0     2     1     6
      0.1634645115 a        27     0     2     1     7
     -0.2632394721 a        28     0     2     1     8
     -0.3243092919 a        29     0     2     1     9
     -0.4927504101 a        30     0     2     1    10
      0.0561678125 a        31     0     2     1    11
     -0.1195062698 a        32     0     2     1    12
     -0.5312265049 a        33     0     2     1    13
     -0.3324692172 a        34     0     2     1    14
      0.4314285722 a        35     0     2     1    15
     -0.1652970104 a        36     0     2     1    16
     -0.0426699220 a        37     0     2     1    17
      0.4115135401 a        38     0     2     1    18
     -0.1769725048 a        39     0     2     1    19
      0.0660676259 a        40     0     2     1    20
      0.2055382159 a        41     0     3     1     1
      0.0142089123 a        42     0     3     1     2
     -0.3681080618 a        43     0     3     1     3
     -0.3046862486 a        44     0     3     1     4
      0.0953389390 a        45     0     3     1     5
      0.0902409851 a        46     0     3     1     6
     -0.4151866498 a        47     0     3     1     7
     -0.2601051699 a        48     0     3     1     8
      0.1956868047 a        49     0     3     1     9
     -0.2532590326 a        50     0     3     1    10
     -0.0605727827 a        51     0     3     1    11
      0.0098684580 a        52     0     3     1    12
     -0.2536829232 a        53     0     3     1    13
      0.2990217769 a        54     0     3     1    14
      0.0727428455 a        55     0     3     1    15
     -0.3690610986 a        56     0     3     1    16
     -0.4578435786 a        57     0     3     1    17
     -0.3411053509 a        58     0     3     1    18
      0.3061677378 a        59     0     3     1    19
      0.4022842453 a        60     0     3     1    20
      0.0684364938 a        61     0     4     1     1
     -0.1556658065 a        62     0     4     1     2
      0.1903809454 a        63     0     4     1     3
      0.2345072184 a        64     0     4     1     4
     -0.4243807806 a        65     0     4     1     5
     -0.3519455946 a        66     0     4     1     6
      0.1110471531 a        67     0     4     1     7
     -0.0407608224 a        68     0     4     1     8
      0.4413284744 a        69     0     4     1     9
      0.2249720571 a        70     0     4     1    10
     -0.2899864660 a        71     0     4     1    11
      0.2786959247 a        72     0     4     1    12
      0.2078814438 a        73     0     4     1    13
      0.2133736439 a        74     0     4     1    14
      0.4031006327 a        75     0     4     1    15
     -0.0713190823 a        76     0     4     1    16
     -0.3119499972 a        77     0     4     1    17
     -0.0127758151 a        78     0     4     1    18
      0.4331488584 a        79     0     4     1    19
     -0.2402797010 a        80     0     4     1    20
      0.2421671652 a        81     0     5     1     1
     -0.3848824381 a        82     0     5     1     2
      0.4523452223 a        83     0     5     1     3
      0.2312583403 a        84     0     5     1     4
      0.4492379701 a        85     0     5     1     5
     -0.2472616753 a        86     0     5     1     6
      0.1279145779 a        87     0     5     1     7
     -0.4002378153 a        88     0     5     1     8
     -0.1948035987 a        89     0     5     1     9
      0.4735014988 a        90     0     5     1    10
      0.2418093358 a        91     0     5     1    11
      0.2755493672 a        92     0     5     1    12
      0.2126666963 a        93     0     5     1    13
     -0.0766411735 a        94     0     5     1    14
      0.1858320096 a        95     0     5     1    15
     -0.5778158782 a        96     0     5     1    16
      0.2630274942 a        97     0     5     1    17
      0.3137476833 a        98     0     5     1    18
      0.2944506140 a        99     0     5     1    19
      0.2046963208 a       100     0     5     1    20
     -0.3739961933 a       101     0     6     1     1
     -0.1997793488 a       102     0     6     1     2
      0.2869634588 a       103     0     6     1     3
     -0.3267398801 a       104     0     6     1     4
     -0.1971734756 a       105     0     6     1     5
     -0.1241389076 a       106     0     6     1     6
      0.3826893573 a       107     0     6     1     7
     -0.3299136318 a       108     0     6     1     8
      0.4217148896 a       109     0     6     1     9
      0.2286380434 a       110     0     6     1    10
      0.2704529190 a       111     0     6     1    11
      0.1704294763 a       112     0     6     1    12
      0.0635575207 a       113     0     6     1    13
      0.2000401327 a       114     0     6     1    14
     -0.2714600521 a       115     0     6     1    15
     -0.1863561777 a       116     0     6     1    16
      0.4323422888 a       117     0     6     1    17
     -0.2305078613 a       118     0     6     1    18
      0.4466724483 a       119     0     6     1    19
      0.1438196068 a       120     0     6     1    20
      0.1567005534 a       121     0     7     1     1
      0.4123880407 a       122     0     7     1     2
     -0.4596288146 a       123     0     7     1     3
     -0.3872362073 a       124     0     7     1     4
      0.3670706625 a       125     0     7     1     5
      0.0573119553 a       126     0     7     1     6
     -0.3808875657 a       127     0     7     1     7
      0.1638565249 a       128     0     7     1     8
      0.3841669112 a       129     0     7     1     9
     -0.2024717444 a       130     0     7     1    10
     -0.0565762987 a       131     0     7     1    11
     -0.2333215218 a       132     0     7     1    12
     -0.0139127567 a       133     0     7     1    13
      0.4094855201 a       134     0     7     1    14
     -0.0853898744 a       135     0     7     1    15
     -0.5852496257 a       136     0     7     1    16
     -0.1824411695 a       137     0     7     1    17
      0.3836549813 a       138     0     7     1    18
     -0.3279841279 a       139     0     7     1    19
     -0.4786123084 a       140     0     7     1    20
     -0.2792653707 a       141     0     8     1     1
     -0.1657894170 a       142     0     8     1     2
      0.3503731140 a       143     0     8     1     3
      0.0233254925 a       144     0     8     1     4
      0.3107193320 a       145     0     8     1     5
      0.3317326453 a       146     0     8     1     6
     -0.1572273271 a       147     0     8     1     7
      0.4483211972 a       148     0     8     1     8
      0.0091746323 a       149     0     8     1     9
      0.1644926353 a       150     0     8     1    10
     -0.2022392138 a       151     0     8     1    11
      0.0656157749 a       152     0     8     1    12
     -0.1650556688 a       153     0     8     1    13
      0.2778828704 a       154     0     8     1    14
     -0.0987612675 a       155     0     8     1    15
      0.4207673403 a       156     0     8     1    16
      0.2473845117 a       157     0     8     1    17
     -0.1666418106 a       158     0     8     1    18
      0.0574464481 a       159     0     8     1    19
     -0.3461399730 a       160     0     8     1    20
      0.1097287303 a       161     0     9     1     1
     -0.0462575393 a       162     0     9     1     2
      0.1415049828 a       163     0     9     1     3
      0.4324877180 a       164     0     9     1     4
     -0.0882870195 a       165     0     9     1     5
      0.2453204786 a       166     0     9     1     6
      0.2966388973 a       167     0     9     1     7
      0.3282639238 a       168     0     9     1     8
      0.0144961007 a       169     0     9     1     9
      0.4512538076 a       170     0     9     1    10
     -0.4897459878 a       171     0     9     1    11
      0.3816861399 a       172     0     9     1    12
     -0.2810227120 a       173     0     9     1    13
      0.4513465940 a       174     0     9     1    14
      0.0732620205 a       175     0     9     1    15
      0.0876191192 a       176     0     9     1    16
     -0.4558414119 a       177     0     9     1    17
     -0.0339262582 a       178     0     9     1    18
     -0.3369650442 a       179     0     9     1    19
      0.0880740034 a       180     0     9     1    20
     -0.2540350923 a       181     0    10     1     1
     -0.0479413977 a       182     0    10     1     2
      0.1576261587 a       183     0    10     1     3
     -0.2494636821 a       184     0    10     1     4
     -0.3000995902 a       185     0    10     1     5
     -0.3663667065 a       186     0    10     1     6
     -0.2005537811 a       187     0    10     1     7
     -0.2311756447 a       188     0    10     1     8
      0.3014608576 a       189     0    10     1     9
      0.2554206382 a       190     0    10     1    10
      0.1281935090 a       191     0    10     1    11
     -0.4629284881 a       192     0    10     1    12
     -0.2697199309 a       193     0    10     1    13
     -0.3992913263 a       194     0    10     1    14
      0.4733096434 a       195     0    10     1    15
     -0.2887318833 a       196     0    10     1    16
     -0.0583581620 a       197     0    10     1    17
      0.1895630835 a       198     0    10     1    18
     -0.2072288703 a       199     0    10     1    19
     -0.3072144178 a       200     0    10     1    20
     -0.3082821477 a       201     0    11     1     1
      0.0529301061 a       202     0    11     1     2
     -0.2413066620 a       203     0    11     1     3
     -0.4241902110 a       204     0    11     1     4
     -0.1584001258 a       205     0    11     1     5
      0.2449836593 a       206     0    11     1     6
      0.1596515769 a       207     0    11     1     7
      0.2625516839 a       208     0    11     1     8
     -0.1945706264 a       209     0    11     1     9
      0.3346402138 a       210     0    11     1    10
      0.4044132163 a       211     0    11     1    11
      0.2155483727 a       212     0    11     1    12
     -0.5248960757 a       213     0    11     1    13
      0.1421910383 a       214     0    11     1    14
      0.0434656182 a       215     0    11     1    15
     -0.0398986969 a       216     0    11     1    16
     -0.3731587352 a       217     0    11     1    17
     -0.4913606183 a       218     0    11     1    18
     -0.0492956140 a       219     0    11     1    19
      0.2679230712 a       220     0    11     1    20
      0.1103058708 a       221     0    12     1     1
     -0.4563878768 a       222     0    12     1     2
      0.0730001920 a       223     0    12     1     3
     -0.4151677603 a       224     0    12     1     4
     -0.4159254380 a       225     0    12     1     5
      0.4231623197 a       226     0    12     1     6
     -0.3106123372 a       227     0    12     1     7
      0.1288584931 a       228     0    12     1     8
     -0.1985808222 a       229     0    12     1     9
      0.0116134040 a       230     0    12     1    10
      0.3083892760 a       231     0    12     1    11
      0.3498266512 a       232     0    12     1    12
     -0.3203894125 a       233     0    12     1    13
      0.3863535330 a       234     0    12     1    14
     -0.1835239708 a       235     0    12     1    15
      0.1678205798 a       236     0    12     1    16
      0.0962665999 a       237     0    12     1    17
      0.4416359154 a       238     0    12     1    18
      0.4723899522 a       239     0    12     1    19
      0.0288988084 a       240     0    12     1    20
      0.2183095555 a       241     0    13     1     1
     -0.3487384639 a       242     0    13     1     2
      0.0496169326 a       243     0    13     1     3
     -0.1768380030 a       244     0    13     1     4
     -0.1502120438 a       245     0    13     1     5
     -0.4170064965 a       246     0    13     1     6
     -0.3831006804 a       247     0    13     1     7
      0.3751683406 a       248     0    13     1     8
      0.3999258455 a       249     0    13     1     9
     -0.1869687705 a       250     0    13     1    10
     -0.1640839842 a       251     0    13     1    11
      0.3639179420 a       252     0    13     1    12
     -0.4268170177 a       253     0    13     1    13
      0.3323710132 a       254     0    13     1    14
      0.0279818571 a       255     0    13     1    15
     -0.0364769505 a       256     0    13     1    16
     -0.3495032320 a       257     0    13     1    17
     -0.2394200463 a       258     0    13     1    18
      0.2765887492 a       259     0    13     1    19
      0.4426278610 a       260     0    13     1    20
     -0.0439768423 a       261     0    14     1     1
      0.2274105019 a       262     0    14     1     2
      0.0836664203 a       263     0    14     1     3
     -0.1205210310 a       264     0    14     1     4
      0.1823753454 a       265     0    14     1     5
      0.0761813656 a       266     0    14     1     6
      0.3378603610 a       267     0    14     1     7
     -0.4240480674 a       268     0    14     1     8
     -0.4808159620 a       269     0    14     1     9
      0.0774186264 a       270     0    14     1    10
     -0.3031562738 a       271     0    14     1    11
     -0.2732191635 a       272     0    14     1    12
     -0.2246975178 a       273     0    14     1    13
      0.0305793294 a       274     0    14     1    14
      0.1089487202 a       275     0    14     1    15
      0.0593935002 a       276     0    14     1    16
      0.0147115662 a       277     0    14     1    17
      0.4496993767 a       278     0    14     1    18
      0.4495914036 a       279     0    14     1    19
     -0.1546003179 a       280     0    14     1    20
     -0.2193110835 a       281     0    15     1     1
      0.2589650587 a       282     0    15     1     2
      0.3333505941 a       283     0    15     1     3
      0.4733228063 a       284     0    15     1     4
      0.3044354282 a       285     0    15     1     5
      0.2740389938 a       286     0    15     1     6
     -0.3920412909 a       287     0    15     1     7
      0.1838067935 a       288     0    15     1     8
      0.3739469665 a       289     0    15     1     9
     -0.2018558870 a       290     0    15     1    10
     -0.1595398366 a       291     0    15     1    11
      0.3305615230 a       292     0    15     1    12
     -0.5291113677 a       293     0    15     1    13
      0.2551893965 a       294     0    15     1    14
      0.2493019759 a       295     0    15     1    15
     -0.4637731624 a       296     0    15     1    16
      0.0014477683 a       297     0    15     1    17
     -0.3733250522 a       298     0    15     1    18
      0.4888727454 a       299     0    15     1    19
      0.1111719470 a       300     0    15     1    20
      0.4520687762 a       301     0    16     1     1
     -0.4651972688 a       302     0    16     1     2
      0.4122458064 a       303     0    16     1     3
     -0.2702418512 a       304     0    16     1     4
      0.4519262544 a       305     0    16     1     5
     -0.1131442559 a       306     0    16     1     6
     -0.1702995568 a       307     0    16     1     7
      0.0914530810 a       308     0    16     1     8
     -0.2448544808 a       309     0    16     1     9
     -0.2683310814 a       310     0    16     1    10
      0.5254547929 a       311     0    16     1    11
     -0.4145475551 a       312     0    16     1    12
     -0.2821337560 a       313     0    16     1    13
     -0.3912664893 a       314     0    16     1    14
     -0.5168607407 a       315     0    16     1    15
     -0.3461894245 a       316     0    16     1    16
     -0.0315737667 a       317     0    16     1    17
      0.1809319377 a       318     0    16     1    18
     -0.2163973935 a       319     0    16     1    19
      0.4203612305 a       320     0    16     1    20
     -0.5407240904 a       321     0    17     1     1
     -0.1430467541 a       322     0    17     1     2
      0.3711020994 a       323     0    17     1     3
     -0.1238728735 a       324     0    17     1     4
     -0.2628758798 a       325     0    17     1     5
     -0.4213109608 a       326     0    17     1     6
     -0.1741220734 a       327     0    17     1     7
      0.1887547520 a       328     0    17     1     8
      0.3149611740 a       329     0    17     1     9
      0.0389128630 a       330     0    17     1    10
     -0.0549043871 a       331     0    17     1    11
      0.4357554844 a       332     0    17     1    12
     -0.1422184361 a       333     0    17     1    13
     -0.1409700179 a       334     0    17     1    14
      0.3933742921 a       335     0    17     1    15
     -0.2098899213 a       336     0    17     1    16
      0.4514099788 a       337     0    17     1    17
     -0.0269939534 a       338     0    17     1    18
      0.4369701742 a       339     0    17     1    19
      0.1830520316 a       340     0    17     1    20
      0.4067501070 a       341     0    18     1     1
      0.3706371399 a       342     0    18     1     2
      0.1006252524 a       343     0    18     1     3
      0.0836081680 a       344     0    18     1     4
      0.2429852601 a       345     0    18     1     5
      0.2326248117 a       346     0    18     1     6
     -0.3268085314 a       347     0    18     1     7
     -0.4397102002 a       348     0    18     1     8
      0.4461040772 a       349     0    18     1     9
      0.3976826726 a       350     0    18     1    10
     -0.2947162818 a       351     0    18     1    11
     -0.4322498461 a       352     0    18     1    12
     -0.3013191257 a       353     0    18     1    13
     -0.4194716595 a       354     0    18     1    14
     -0.2051464822 a       355     0    18     1    15
     -0.3487250313 a       356     0    18     1    16
     -0.4192301657 a       357     0    18     1    17
      0.3017363864 a       358     0    18     1    18
      0.0778609284 a       359     0    18     1    19
     -0.3419330847 a       360     0    18     1    20
     -0.2595302452 a       361     0    19     1     1
      0.1321025848 a       362     0    19     1     2
     -0.2847286270 a       363     0    19     1     3
     -0.3491451917 a       364     0    19     1     4
     -0.2410272908 a       365     0    19     1     5
      0.0015825527 a       366     0    19     1     6
     -0.0863682248 a       367     0    19     1     7
      0.1033684695 a       368     0    19     1     8
      0.4083503946 a       369     0    19     1     9
     -0.2459941726 a       370     0    19     1    10
     -0.0018919779 a       371     0    19     1    11
     -0.4347925745 a       372     0    19     1    12
     -0.1310420007 a       373     0    19     1    13
      0.1947988771 a       374     0    19     1    14
     -0.4735681770 a       375     0    19     1    15
     -0.4573622033 a       376     0    19     1    16
      0.4119724402 a       377     0    19     1    17
     -0.4495694627 a       378     0    19     1    18
     -0.1799009864 a       379     0    19     1    19
      0.3616879726 a       380     0    19     1    20
     -0.0658228899 a       381     0    20     1     1
      0.4683309217 a       382     0    20     1     2
      0.1914831394 a       383     0    20     1     3
     -0.0483297395 a       384     0    20     1     4
      0.3606656083 a       385     0    20     1     5
      0.0292025097 a       386     0    20     1     6
     -0.1977656571 a       387     0    20     1     7
      0.4068277282 a       388     0    20     1     8
      0.3885350428 a       389     0    20     1     9
      0.3626210531 a       390     0    20     1    10
     -0.3587695065 a       391     0    20     1    11
      0.2473120076 a       392     0    20     1    12
     -0.0899467821 a       393     0    20     1    13
     -0.1719234248 a       394     0    20     1    14
      0.0426382182 a       395     0    20     1    15
      0.2319113235 a       396     0    20     1    16
      0.0255718059 a       397     0    20     1    17
     -0.3620123157 a       398     0    20     1    18
      0.2887656184 a       399     0    20     1    19
     -0.2619343155 a       400     0    20     1    20
      0.4115012468 a       401     0    21     1     1
     -0.4123098937 a       402     0    21     1     2
      0.1504607405 a       403     0    21     1     3
     -0.1077771315 a       404     0    21     1     4
      0.3977752745 a       405     0    21     1     5
     -0.1953187601 a       406     0    21     1     6
      0.4182594086 a       407     0    21     1     7
      0.2198453519 a       408     0    21     1     8
      0.1694439708 a       409     0    21     1     9
     -0.2218024603 a       410     0    21     1    10
     -0.0729388508 a       411     0    21     1    11
      0.3005366088 a       412     0    21     1    12
     -0.1861356249 a       413     0    21     1    13
     -0.1417622948 a       414     0    21     1    14
     -0.2980038993 a       415     0    21     1    15
      0.1681728705 a       416     0    21     1    16
     -0.2119190811 a       417     0    21     1    17
     -0.2761678525 a       418     0    21     1    18
      0.2543137027 a       419     0    21     1    19
      0.4190856083 a       420     0    21     1    20
      0.4391325040 a       421     0    22     1     1
     -0.1001775443 a       422     0    22     1     2
     -0.0074621608 a       423     0    22     1     3
     -0.1600986706 a       424     0    22     1     4
      0.1851898611 a       425     0    22     1     5
     -0.2789079477 a       426     0    22     1     6
     -0.3726366914 a       427     0    22     1     7
     -0.3717247024 a       428     0    22     1     8
     -0.0735845605 a       429     0    22     1     9
      0.4512675742 a       430     0    22     1    10
      0.2163555773 a       431     0    22     1    11
      0.1843851393 a       432     0    22     1    12
      0.2978268274 a       433     0    22     1    13
     -0.4444707330 a       434     0    22     1    14
     -0.5602008552 a       435     0    22     1    15
     -0.0395359112 a       436     0    22     1    16
     -0.3476940258 a       437     0    22     1    17
      0.0111659497 a       438     0    22     1    18
     -0.1287519000 a       439     0    22     1    19
      0.2053415567 a       440     0    22     1    20
     -0.3817270265 a       441     0    23     1     1
     -0.1046746900 a       442     0    23     1     2
     -0.4282997026 a       443     0    23     1     3
     -0.1397536462 a       444     0    23     1     4
     -0.0257818998 a       445     0    23     1     5
      0.3111485982 a       446     0    23     1     6
      0.4393671914 a       447     0    23     1     7
     -0.4983735538 a       448     0    23     1     8
     -0.0647860201 a       449     0    23     1     9
      0.3326840093 a       450     0    23     1    10
     -0.1146128377 a       451     0    23     1    11
     -0.3651231226 a       452     0    23     1    12
     -0.2329756983 a       453     0    23     1    13
     -0.1863266104 a       454     0    23     1    14
      0.1913453900 a       455     0    23     1    15
      0.2649948456 a       456     0    23     1    16
     -0.4219876289 a       457     0    23     1    17
      0.0661273315 a       458     0    23     1    18
     -0.3804424269 a       459     0    23     1    19
     -0.3704087004 a       460     0    23     1    20
     -0.1909787421 a       461     0    24     1     1
     -0.1666071616 a       462     0    24     1     2
     -0.1052886056 a       463     0    24     1     3
      0.3581638928 a       464     0    24     1     4
      0.2617726973 a       465     0    24     1     5
      0.3784636973 a       466     0    24     1     6
     -0.0503080647 a       467     0    24     1     7
     -0.2042300205 a       468     0    24     1     8
      0.0358199630 a       469     0    24     1     9
      0.3811224148 a       470     0    24     1    10
      0.3037888619 a       471     0    24     1    11
      0.0947412472 a       472     0    24     1    12
     -0.4834741829 a       473     0    24     1    13
     -0.3628384111 a       474     0    24     1    14
     -0.0136049864 a       475     0    24     1    15
      0.1650574034 a       476     0    24     1    16
      0.3439830758 a       477     0    24     1    17
      0.3797849236 a       478     0    24     1    18
      0.2013127117 a       479     0    24     1    19
     -0.1821798588 a       480     0    24     1    20
      0.3344077109 a       481     0    25     1     1
      0.3734803851 a       482     0    25     1     2
      0.4682694117 a       483     0    25     1     3
     -0.2166707611 a       484     0    25     1     4
     -0.0675789856 a       485     0    25     1     5
      0.2600890452 a       486     0    25     1     6
     -0.1479738752 a       487     0    25     1     7
     -0.3433992438 a       488     0    25     1     8
     -0.0854809087 a       489     0    25     1     9
      0.2866627671 a       490     0    25     1    10
      0.4850524906 a       491     0    25     1    11
      0.0083600843 a       492     0    25     1    12
     -0.1860285434 a       493     0    25     1    13
      0.3603462982 a       494     0    25     1    14
     -0.1668424307 a       495     0    25     1    15
     -0.4833710215 a       496     0    25     1    16
     -0.1547344480 a       497     0    25     1    17
     -0.1298520756 a       498     0    25     1    18
      0.0717410151 a       499     0    25     1    19
     -0.2675916402 a       500     0    25     1    20
      0.0249245966 a       501     0    26     1     1
     -0.2857777049 a       502     0    26     1     2
     -0.4316416091 a       503     0    26     1     3
      0.3515567801 a       504     0    26     1     4
     -0.4272725179 a       505     0    26     1     5
     -0.4245262487 a       506     0    26     1     6
      0.4152341629 a       507     0    26     1     7
      0.3596300817 a       508     0    26     1     8
     -0.2110424732 a       509     0    26     1     9
      0.4534037043 a       510     0    26     1    10
      0.4810950682 a       511     0    26     1    11
     -0.3679762498 a       512     0    26     1    12
     -0.4031845444 a       513     0    26     1    13
     -0.1911369871 a       514     0    26     1    14
     -0.2364014617 a       515     0    26     1    15
      0.1183240121 a       516     0    26     1    16
      0.1798971794 a       517     0    26     1    17
     -0.1064728325 a       518     0    26     1    18
     -0.2062258896 a       519     0    26     1    19
     -0.4213249625 a       520     0    26     1    20
      0.2484157252 a       521     0    27     1     1
     -0.2222574071 a       522     0    27     1     2
      0.2394725089 a       523     0    27     1     3
     -0.4095964182 a       524     0    27     1     4
     -0.4474466887 a       525     0    27     1     5
     -0.2779403891 a       526     0    27     1     6
     -0.3393113319 a       527     0    27     1     7
      0.0148044250 a       528     0    27     1     8
      0.2881906928 a       529     0    27     1     9
      0.1886022854 a       530     0    27     1    10
      0.2809938309 a       531     0    27     1    11
     -0.1402862877 a       532     0    27     1    12
     -0.2873096055 a       533     0    27     1    13
      0.1559792288 a       534     0    27     1    14
      0.5153328461 a       535     0    27     1    15
     -0.0367158968 a       536     0    27     1    16
      0.0638215866 a       537     0    27     1    17
     -0.0908248887 a       538     0    27     1    18
      0.2423369299 a       539     0    27     1    19
      0.3611659515 a       540     0    27     1    20
     -0.3742739781 a       541     0    28     1     1
      0.4533176910 a       542     0    28     1     2
      0.1232937601 a       543     0    28     1     3
     -0.1244348694 a       544     0    28     1     4
      0.1149813284 a       545     0    28     1     5
      0.3989179351 a       546     0    28     1     6
      0.0809200323 a       547     0    28     1     7
      0.1088205423 a       548     0    28     1     8
      0.3989266929 a       549     0    28     1     9
      0.0761301796 a       550     0    28     1    10
     -0.3822136544 a       551     0    28     1    11
      0.2261929650 a       552     0    28     1    12
      0.0053355519 a       553     0    28     1    13
     -0.1855158190 a       554     0    28     1    14
      0.0989631041 a       555     0    28     1    15
     -0.1575781750 a       556     0    28     1    16
     -0.1445150951 a       557     0    28     1    17
      0.1882440116 a       558     0    28     1    18
     -0.0033050648 a       559     0    28     1    19
     -0.2959225919 a       560     0    28     1    20
     -1.4782398328 b       561     1     1
     -1.3248753275 b       562     1     2
     -0.2477572937 b       563     1     3
     -0.5421848809 b       564     1     4
     -0.7339095893 b       565     1     5
     -1.0837286699 b       566     1     6
     -1.1579603705 b       567     1     7
     -0.4807378937 b       568     1     8
     -0.7393201223 b       569     1     9
     -1.1711610357 b       570     1    10
     -1.3317021056 b       571     1    11
     -1.2175511333 b       572     1    12
      1.4752928990 b       573     1    13
     -0.1153733229 b       574     1    14
     -0.5061969847 b       575     1    15
      0.3453798733 b       576     1    16
      0.5429505257 b       577     1    17
      0.9644356074 b       578     1    18
      0.2977455223 b       579     1    19
      1.1588954049 b       580     1    20
     -0.2352689782 a       581     1     1     2     1
     -0.3755485714 a       582     1     1     2     2
      0.2559461834 a       583     1     1     2     3
     -0.5399567743 a       584     1     1     2     4
      0.6019009641 a       585     1     1     2     5
     -0.2740183754 a       586     1     1     2     6
     -0.5797846492 a       587     1     1     2     7
      0.2656384016 a       588     1     1     2     8
      0.1284646814 a       589     1     1     2     9
      0.0120248564 a       590     1     1     2    10
      0.5461261710 a       591     1     1     2    11
     -0.4348075823 a       592     1     1     2    12
      0.2256985897 a       593     1     1     2    13
      0.3190890118 a       594     1     1     2    14
     -0.3380602476 a       595     1     1     2    15
     -0.3599911122 a       596     1     1     2    16
      0.5245378090 a       597     1     1     2    17
     -0.4093435518 a       598     1     1     2    18
      0.4541138101 a       599     1     1     2    19
      0.1715333320 a       600     1     1     2    20
      0.4990037359 a       601     1     2     2     1
      0.0010598232 a       602     1     2     2     2
     -0.2899778266 a       603     1     2     2     3
     -0.0196143201 a       604     1     2     2     4
     -0.2339666301 a       605     1     2     2     5
      0.4116283453 a       606     1     2     2     6
     -0.5201582431 a       607     1     2     2     7
     -0.4566583554 a       608     1     2     2     8
     -0.4746706264 a       609     1     2     2     9
      0.5843059663 a       610     1     2     2    10
     -0.0233718467 a       611     1     2     2    11
     -0.5471742370 a       612     1     2     2    12
     -0.3670155238 a       613     1     2     2    13
      0.2404040817 a       614     1     2     2    14
     -0.4229501807 a       615     1     2     2    15
     -0.0793276164 a       616     1     2     2    16
      0.3928042494 a       617     1     2     2    17
     -0.0361099914 a       618     1     2     2    18
     -0.1513317765 a       619     1     2     2    19
      0.3997596102 a       620     1     2     2    20
      0.3674909058 a       621     1     3     2     1
      0.6060123947 a       622     1     3     2     2
     -0.1813722251 a       623     1     3     2     3
      0.4940706453 a       624     1     3     2     4
     -0.5791846695 a       625     1     3     2     5
      0.2271184561 a       626     1     3     2     6
      0.5367671647 a       627     1     3     2     7
      0.0292473622 a       628     1     3     2     8
      0.5126639008 a       629     1     3     2     9
      0.5832875823 a       630     1     3     2    10
      0.5769392636 a       631     1     3     2    11
      0.1163608856 a       632     1     3     2    12
      0.2496714556 a       633     1     3     2    13
      0.3813959658 a       634     1     3     2    14
     -0.0368911601 a       635     1     3     2    15
     -0.1876865398 a       636     1     3     2    16
     -0.4528974283 a       637     1     3     2    17
      0.5622335361 a       638     1     3     2    18
     -0.5023640548 a       639     1     3     2    19
     -0.0320350444 a       640     1     3     2    20
     -0.1880211396 a       641     1     4     2     1
     -0.0391890894 a       642     1     4     2     2
     -0.3368803301 a       643     1     4     2     3
     -0.3834886770 a       644     1     4     2     4
     -0.1944476906 a       645     1     4     2     5
     -0.0453601404 a       646     1     4     2     6
     -0.1074501050 a       647     1     4     2     7
      0.1138017670 a       648     1     4     2     8
     -0.4579186420 a       649     1     4     2     9
      0.4916023541 a       650     1     4     2    10
      0.1982581490 a       651     1     4     2    11
     -0.3926507245 a       652     1     4     2    12
     -0.3241160382 a       653     1     4     2    13
     -0.2575237033 a       654     1     4     2    14
      0.1791870891 a       655     1     4     2    15
     -0.4932745664 a       656     1     4     2    16
     -0.2573822787 a       657     1     4     2    17
      0.2341198749 a       658     1     4     2    18
      0.2713228586 a       659     1     4     2    19
      0.0750063477 a       660     1     4     2    20
     -0.2442548261 a       661     1     5     2     1
      0.2996914536 a       662     1     5     2     2
     -0.1741293770 a       663     1     5     2     3
     -0.2872651460 a       664     1     5     2     4
      0.0678231729 a       665     1     5     2     5
      0.3370331341 a       666     1     5     2     6
     -0.5235277728 a       667     1     5     2     7
     -0.4264715388 a       668     1     5     2     8
      0.1591451775 a       669     1     5     2     9
      0.1660242794 a       670     1     5     2    10
      0.5052210646 a       671     1     5     2    11
     -0.3533039244 a       672     1     5     2    12
     -0.5628565833 a       673     1     5     2    13
      0.2472301391 a       674     1     5     2    14
     -0.4888151812 a       675     1     5     2    15
     -0.3270629721 a       676     1     5     2    16
      0.3343652898 a       677     1     5     2    17
     -0.4088394716 a       678     1     5     2    18
     -0.0781819240 a       679     1     5     2    19
      0.4485105541 a       680     1     5     2    20
      0.0670518863 a       681     1     6     2     1
     -0.6744098589 a       682     1     6     2     2
      0.4659369703 a       683     1     6     2     3
      0.1037203024 a       684     1     6     2     4
     -0.3675151700 a       685     1     6     2     5
     -0.3498696199 a       686     1     6     2     6
      0.1780700878 a       687     1     6     2     7
      0.1603175275 a       688     1     6     2     8
      0.2098905975 a       689     1     6     2     9
     -0.2636990345 a       690     1     6     2    10
     -0.5361825541 a       691     1     6     2    11
     -0.1759685396 a       692     1     6     2    12
     -0.5437117303 a       693     1     6     2    13
      0.3255366263 a       694     1     6     2    14
     -0.1685320135 a       695     1     6     2    15
      0.1348569091 a       696     1     6     2    16
     -0.0091444907 a       697     1     6     2    17
     -0.1397426909 a       698     1     6     2    18
     -0.3143606116 a       699     1     6     2    19
     -0.1847729721 a       700     1     6     2    20
      0.6046786122 a       701     1     7     2     1
      0.2983977295 a       702     1     7     2     2
     -0.2699981341 a       703     1     7     2     3
     -0.0360484608 a       704     1     7     2     4
     -0.4201617957 a       705     1     7     2     5
      0.3036313737 a       706     1     7     2     6
     -0.1486123892 a       707     1     7     2     7
      0.1184847016 a       708     1     7     2     8
      0.1498499063 a       709     1     7     2     9
      0.5299820966 a       710     1     7     2    10
     -0.1155878931 a       711     1     7     2    11
      0.6164983335 a       712     1     7     2    12
      0.1342944852 a       713     1     7     2    13
      0.5320176310 a       714     1     7     2    14
     -0.3276907088 a       715     1     7     2    15
      0.1017046745 a       716     1     7     2    16
     -0.3383153420 a       717     1     7     2    17
      0.0548953982 a       718     1     7     2    18
     -0.0676821844 a       719     1     7     2    19
      0.1237117116 a       720     1     7     2    20
     -0.0962335734 a       721     1     8     2     1
      0.4397082019 a       722     1     8     2     2
      0.5107607417 a       723     1     8     2     3
     -0.6381013274 a       724     1     8     2     4
     -0.0947812626 a       725     1     8     2     5
     -0.3277917914 a       726     1     8     2     6
      0.2225160168 a       727     1     8     2     7
     -0.5112044567 a       728     1     8     2     8
      0.4550011641 a       729     1     8     2     9
     -0.1893845030 a       730     1     8     2    10
      0.4249518144 a       731     1     8     2    11
     -0.2496386447 a       732     1     8     2    12
      0.3510918409 a       733     1     8     2    13
     -0.5886910125 a       734     1     8     2    14
      0.5649485561 a       735     1     8     2    15
     -0.6846799660 a       736     1     8     2    16
     -0.0022964131 a       737     1     8     2    17
      0.6340974547 a       738     1     8     2    18
     -0.2674203079 a       739     1     8     2    19
     -0.3158528489 a       740     1     8     2    20
     -0.2473960567 a       741     1     9     2     1
     -0.4421973839 a       742     1     9     2     2
      0.3227630830 a       743     1     9     2     3
      0.2935430296 a       744     1     9     2     4
     -0.6236010699 a       745     1     9     2     5
      0.1111338820 a       746     1     9     2     6
     -0.1749441668 a       747     1     9     2     7
     -0.4054076901 a       748     1     9     2     8
      0.4189860420 a       749     1     9     2     9
      0.0656157527 a       750     1     9     2    10
     -0.0438034822 a       751     1     9     2    11
      0.4978068269 a       752     1     9     2    12
     -0.2001941881 a       753     1     9     2    13
      0.4731118578 a       754     1     9     2    14
     -0.0154058806 a       755     1     9     2    15
      0.0982472359 a       756     1     9     2    16
      0.3329566394 a       757     1     9     2    17
     -0.2505243632 a       758     1     9     2    18
     -0.4582113723 a       759     1     9     2    19
      0.3785816880 a       760     1     9     2    20
     -0.3267465770 a       761     1    10     2     1
     -0.0491844975 a       762     1    10     2     2
     -0.0087422542 a       763     1    10     2     3
     -0.3494328829 a       764     1    10     2     4
     -0.4127801796 a       765     1    10     2     5
     -0.3554525253 a       766     1    10     2     6
     -0.0660132248 a       767     1    10     2     7
      0.4717285197 a       768     1    10     2     8
     -0.3299517873 a       769     1    10     2     9
      0.0429501438 a       770     1    10     2    10
      0.2393604960 a       771     1    10     2    11
     -0.3526924747 a       772     1    10     2    12
      0.3588460710 a       773     1    10     2    13
     -0.0583908446 a       774     1    10     2    14
      0.2021938587 a       775     1    10     2    15
     -0.3935065167 a       776     1    10     2    16
     -0.6657601684 a       777     1    10     2    17
      0.3144133408 a       778     1    10     2    18
      0.4732794529 a       779     1    10     2    19
      0.4304130411 a       780     1    10     2    20
     -0.5383316742 a       781     1    11     2     1
      0.2194482802 a       782     1    11     2     2
      0.4424526752 a       783     1    11     2     3
     -0.5309727347 a       784     1    11     2     4
      0.1107706675 a       785     1    11     2     5
     -0.4027052847 a       786     1    11     2     6
      0.4468600724 a       787     1    11     2     7
      0.1628813754 a       788     1    11     2     8
      0.4701208212 a       789     1    11     2     9
      0.4184148999 a       790     1    11     2    10
      0.0465167180 a       791     1    11     2    11
      0.2659880093 a       792     1    11     2    12
     -0.3285779736 a       793     1    11     2    13
     -0.3943803598 a       794     1    11     2    14
      0.4222401760 a       795     1    11     2    15
     -0.5086102249 a       796     1    11     2    16
     -0.2996402182 a       797     1    11     2    17
     -0.4368820356 a       798     1    11     2    18
     -0.4267986702 a       799     1    11     2    19
      0.3620680878 a       800     1    11     2    20
      0.0655454028 a       801     1    12     2     1
      0.4783377069 a       802     1    12     2     2
     -0.4564038796 a       803     1    12     2     3
     -0.5112913803 a       804     1    12     2     4
     -0.1536031665 a       805     1    12     2     5
     -0.3735167619 a       806     1    12     2     6
      0.4648582684 a       807     1    12     2     7
     -0.5218275815 a       808     1    12     2     8
      0.0020281456 a       809     1    12     2     9
     -0.0339904305 a       810     1    12     2    10
     -0.6015671756 a       811     1    12     2    11
      0.2962255724 a       812     1    12     2    12
     -0.3732994275 a       813     1    12     2    13
      0.3580949478 a       814     1    12     2    14
     -0.6791335241 a       815     1    12     2    15
      0.3324761776 a       816     1    12     2    16
      0.5506570029 a       817     1    12     2    17
      0.5672509330 a       818     1    12     2    18
      0.2784163073 a       819     1    12     2    19
      0.4269462495 a       820     1    12     2    20
     -0.3718034308 a       821     1    13     2     1
      0.0155462476 a       822     1    13     2     2
      0.6536715985 a       823     1    13     2     3
      0.1296599963 a       824     1    13     2     4
      0.0637909192 a       825     1    13     2     5
     -0.5279165772 a       826     1    13     2     6
      0.3588526961 a       827     1    13     2     7
      0.3638222375 a       828     1    13     2     8
      0.2568744394 a       829     1    13     2     9
     -0.2289846242 a       830     1    13     2    10
      0.3886276221 a       831     1    13     2    11
      0.4380656100 a       832     1    13     2    12
     -0.4212115015 a       833     1    13     2    13
     -0.3850702286 a       834     1    13     2    14
      0.0298341982 a       835     1    13     2    15
     -0.1032202032 a       836     1    13     2    16
     -0.2894208488 a       837     1    13     2    17
      0.0725117613 a       838     1    13     2    18
      0.4830973570 a       839     1    13     2    19
      0.4742667688 a       840     1    13     2    20
     -0.1676090107 a       841     1    14     2     1
      0.2504145206 a       842     1    14     2     2
      0.1890303630 a       843     1    14     2     3
     -0.1536515913 a       844     1    14     2     4
     -0.1925388882 a       845     1    14     2     5
     -0.2181294168 a       846     1    14     2     6
     -0.5491571837 a       847     1    14     2     7
     -0.4503935861 a       848     1    14     2     8
      0.1873911848 a       849     1    14     2     9
     -0.4671133727 a       850     1    14     2    10
     -0.1065376318 a       851     1    14     2    11
     -0.2951955675 a       852     1    14     2    12
     -0.0944876704 a       853     1    14     2    13
      0.0448758307 a       854     1    14     2    14
     -0.4741159188 a       855     1    14     2    15
      0.4052199756 a       856     1    14     2    16
      0.1347340283 a       857     1    14     2    17
     -0.2004445819 a       858     1    14     2    18
     -0.3875895212 a       859     1    14     2    19
     -0.2749707212 a       860     1    14     2    20
      0.1571406579 a       861     1    15     2     1
      0.2677858570 a       862     1    15     2     2
     -0.4072716574 a       863     1    15     2     3
     -0.1754033018 a       864     1    15     2     4
      0.1545119983 a       865     1    15     2     5
      0.4348451496 a       866     1    15     2     6
     -0.4736323487 a       867     1    15     2     7
      0.1080235378 a       868     1    15     2     8
     -0.4984523124 a       869     1    15     2     9
     -0.5404898163 a       870     1    15     2    10
      0.0936462041 a       871     1    15     2    11
     -0.5490366522 a       872     1    15     2    12
      0.5651138215 a       873     1    15     2    13
     -0.3530682607 a       874     1    15     2    14
      0.3897638203 a       875     1    15     2    15
     -0.6187212529 a       876     1    15     2    16
      0.5624414060 a       877     1    15     2    17
     -0.0053944694 a       878     1    15     2    18
      0.1051347511 a       879     1    15     2    19
      0.5159517039 a       880     1    15     2    20
     -0.3250651663 a       881     1    16     2     1
     -0.6727435138 a       882     1    16     2     2
      0.0804860652 a       883     1    16     2     3
     -0.1663257045 a       884     1    16     2     4
     -0.3156432069 a       885     1    16     2     5
     -0.3262392864 a       886     1    16     2     6
     -0.0939648125 a       887     1    16     2     7
     -0.0843945331 a       888     1    16     2     8
      0.3191938966 a       889     1    16     2     9
     -0.1971006261 a       890     1    16     2    10
     -0.0314633561 a       891     1    16     2    11
      0.1417546603 a       892     1    16     2    12
      0.1791325414 a       893     1    16     2    13
      0.3372526013 a       894     1    16     2    14
      0.3121731889 a       895     1    16     2    15
      0.0980474885 a       896     1    16     2    16
      0.5234131714 a       897     1    16     2    17
     -0.2852510242 a       898     1    16     2    18
     -0.4448149106 a       899     1    16     2    19
      0.4614717710 a       900     1    16     2    20
      0.5343089354 a       901     1    17     2     1
     -0.2123923233 a       902     1    17     2     2
     -0.5147782238 a       903     1    17     2     3
     -0.2161529853 a       904     1    17     2     4
     -0.5928887512 a       905     1    17     2     5
     -0.5381170417 a       906     1    17     2     6
      0.0665364415 a       907     1    17     2     7
     -0.3671010935 a       908     1    17     2     8
     -0.6517654710 a       909     1    17     2     9
     -0.4002103051 a       910     1    17     2    10
     -0.6545394070 a       911     1    17     2    11
     -0.2347864170 a       912     1    17     2    12
      0.3167725975 a       913     1    17     2    13
      0.1733387566 a       914     1    17     2    14
      0.2502992650 a       915     1    17     2    15
      0.4017005264 a       916     1    17     2    16
      0.0866200037 a       917     1    17     2    17
      0.2864635971 a       918     1    17     2    18
     -0.4120277737 a       919     1    17     2    19
      0.4929560157 a       920     1    17     2    20
     -0.1632140945 a       921     1    18     2     1
     -0.1330739329 a       922     1    18     2     2
     -0.2659043156 a       923     1    18     2     3
      0.5038571136 a       924     1    18     2     4
     -0.5737532163 a       925     1    18     2     5
     -0.4351393110 a       926     1    18     2     6
     -0.1315607860 a       927     1    18     2     7
      0.6233843079 a       928     1    18     2     8
      0.3127342128 a       929     1    18     2     9
      0.1171187582 a       930     1    18     2    10
      0.3391171557 a       931     1    18     2    11
     -0.3613505448 a       932     1    18     2    12
      0.2131188778 a       933     1    18     2    13
      0.4100759841 a       934     1    18     2    14
     -0.1376105033 a       935     1    18     2    15
      0.2485102958 a       936     1    18     2    16
     -0.1934355056 a       937     1    18     2    17
      0.1473604722 a       938     1    18     2    18
      0.4960633711 a       939     1    18     2    19
      0.5669474780 a       940     1    18     2    20
     -0.5487439883 a       941     1    19     2     1
      0.4217204600 a       942     1    19     2     2
     -0.0154078141 a       943     1    19     2     3
     -0.5368881130 a       944     1    19     2     4
      0.1114443831 a       945     1    19     2     5
      0.3211936158 a       946     1    19     2     6
      0.1051933087 a       947     1    19     2     7
     -0.5383922243 a       948     1    19     2     8
     -0.2335681640 a       949     1    19     2     9
      0.2959489962 a       950     1    19     2    10
     -0.2911457909 a       951     1    19     2    11
     -0.2514394178 a       952     1    19     2    12
     -0.5116600099 a       953     1    19     2    13
     -0.5452325216 a       954     1    19     2    14
     -0.6137227573 a       955     1    19     2    15
     -0.1444828336 a       956     1    19     2    16
     -0.0693811381 a       957     1    19     2    17
     -0.5134462454 a       958     1    19     2    18
      0.4055228495 a       959     1    19     2    19
      0.1830782469 a       960     1    19     2    20
     -0.6005456803 a       961     1    20     2     1
     -0.0716716380 a       962     1    20     2     2
      0.5351059604 a       963     1    20     2     3
     -0.1567710740 a       964     1    20     2     4
     -0.2755566614 a       965     1    20     2     5
      0.5163188951 a       966     1    20     2     6
     -0.4623835056 a       967     1    20     2     7
      0.1203823367 a       968     1    20     2     8
     -0.3108159128 a       969     1    20     2     9
     -0.5100459014 a       970     1    20     2    10
     -0.1137087083 a       971     1    20     2    11
     -0.1044268358 a       972     1    20     2    12
      0.4222400365 a       973     1    20     2    13
      0.2888334816 a       974     1    20     2    14
      0.1006251431 a       975     1    20     2    15
     -0.5313577510 a       976     1    20     2    16
      0.1611041341 a       977     1    20     2    17
      0.5854028870 a       978     1    20     2    18
     -0.2015902726 a       979     1    20     2    19
      0.2808273934 a       980     1    20     2    20
     -0.5387716866 b       981     2     1
     -1.0205092212 b       982     2     2
      0.1766817983 b       983     2     3
     -1.5498166272 b       984     2     4
      0.3325191874 b       985     2     5
      1.0762714093 b       986     2     6
      1.5559086595 b       987     2     7
      0.2190595945 b       988     2     8
     -0.9713634587 b       989     2     9
      0.8779949682 b       990     2    10
     -0.7282818106 b       991     2    11
     -0.3229026880 b       992     2    12
     -0.4869923095 b       993     2    13
     -0.5482740692 b       994     2    14
      1.0341761214 b       995     2    15
      0.0810319264 b       996     2    16
      1.0013647606 b       997     2    17
     -0.9351903713 b       998     2    18
     -1.4121693635 b       999     2    19
      0.4188962067 b      1000     2    20
      0.0244324946 a      1001     2     1     3     1
      0.0050400929 a      1002     2     2     3     1
      0.0029773683 a      1003     2     3     3     1
     -0.0052280908 a      1004     2     4     3     1
      0.0017130664 a      1005     2     5     3     1
     -0.0049010173 a      1006     2     6     3     1
      0.0135176939 a      1007     2     7     3     1
     -0.0090633555 a      1008     2     8     3     1
     -0.0069226633 a      1009     2     9     3     1
     -0.0028851755 a      1010     2    10     3     1
      0.0158406077 a      1011     2    11     3     1
     -0.0073960185 a      1012     2    12     3     1
     -0.0058910156 a      1013     2    13     3     1
      0.0109308655 a      1014     2    14     3     1
      0.0071964327 a      1015     2    15     3     1
     -0.0007803539 a      1016     2    16     3     1
      0.0008070400 a      1017     2    17     3     1
     -0.0088703050 a      1018     2    18     3     1
     -0.0037586342 a      1019     2    19     3     1
     -0.0040272765 a      1020     2    20     3     1
     19.6781913049 b      1021     3     1
