     -0.7840500115 a         1     0     1     1     1
     -0.2762778530 a         2     0     1     1     2
      0.9501950001 a         3     0     1     1     3
      0.7537686012 a         4     0     1     1     4
     -0.6886691966 a         5     0     1     1     5
      0.8572201778 a         6     0     1     1     6
      0.9159813324 a         7     0     1     1     7
     -0.3918084924 a         8     0     1     1     8
      0.2650460216 a         9     0     1     1     9
      0.0392201459 a        10     0     1     1    10
      0.7135124475 a        11     0     1     1    11
     -0.4596573251 a        12     0     1     1    12
      0.2104054103 a        13     0     1     1    13
      0.8665529423 a        14     0     1     1    14
     -0.6357983738 a        15     0     1     1    15
     -0.4375966974 a        16     0     2     1     1
     -0.9460772846 a        17     0     2     1     2
     -0.8574688601 a        18     0     2     1     3
      0.6136150681 a        19     0     2     1     4
     -0.0969475679 a        20     0     2     1     5
      0.0656917622 a        21     0     2     1     6
      0.9216085687 a        22     0     2     1     7
     -0.4468303388 a        23     0     2     1     8
      0.9228168907 a        24     0     2     1     9
     -0.3746884706 a        25     0     2     1    10
     -0.9413722574 a        26     0     2     1    11
      0.3446089336 a        27     0     2     1    12
     -0.4720541733 a        28     0     2     1    13
     -0.6445993566 a        29     0     2     1    14
     -1.0284661903 a        30     0     2     1    15
      0.1180661358 a        31     0     3     1     1
     -0.2335110823 a        32     0     3     1     2
     -0.9284182278 a        33     0     3     1     3
     -0.7109962667 a        34     0     3     1     4
      0.7687704873 a        35     0     3     1     5
     -0.2659134556 a        36     0     3     1     6
     -0.0881315563 a        37     0     3     1     7
      0.8355224021 a        38     0     3     1     8
     -0.3555341688 a        39     0     3     1     9
      0.1253595098 a        40     0     3     1    10
      0.3597401149 a        41     0     3     1    11
      0.0245031680 a        42     0     3     1    12
     -0.7175758179 a        43     0     3     1    13
     -0.6095536037 a        44     0     3     1    14
      0.1788792643 a        45     0     3     1    15
      0.2149085818 a        46     0     4     1     1
     -0.8826235330 a        47     0     4     1     2
     -0.4926228531 a        48     0     4     1     3
      0.4019689991 a        49     0     4     1     4
     -0.4834873528 a        50     0     4     1     5
     -0.1144768624 a        51     0     4     1     6
      0.0242553636 a        52     0     4     1     7
     -0.4362344426 a        53     0     4     1     8
      0.6519923079 a        54     0     4     1     9
      0.1187644340 a        55     0     4     1    10
     -0.6204898885 a        56     0     4     1    11
     -0.9947463316 a        57     0     4     1    12
     -0.6584334638 a        58     0     4     1    13
      0.6282962117 a        59     0     4     1    14
      0.7877013004 a        60     0     4     1    15
      0.1201577522 a        61     0     5     1     1
     -0.3021412077 a        62     0     5     1     2
      0.3820636077 a        63     0     5     1     3
      0.4805791546 a        64     0     5     1     4
     -0.9072691802 a        65     0     5     1     5
     -0.7571570748 a        66     0     5     1     6
      0.2342589023 a        67     0     5     1     7
     -0.0651577165 a        68     0     5     1     8
      0.8851702074 a        69     0     5     1     9
      0.4399386546 a        70     0     5     1    10
     -0.5173519406 a        71     0     5     1    11
      0.5459623655 a        72     0     5     1    12
      0.3602769923 a        73     0     5     1    13
      0.4770021602 a        74     0     5     1    14
      0.6833943503 a        75     0     5     1    15
     -0.1121586321 a        76     0     6     1     1
     -0.6780962223 a        77     0     6     1     2
     -0.0174342131 a        78     0     6     1     3
      0.8847685132 a        79     0     6     1     4
     -0.4665015431 a        80     0     6     1     5
      0.4244720718 a        81     0     6     1     6
     -0.7284672649 a        82     0     6     1     7
      0.9163770248 a        83     0     6     1     8
      0.4715010268 a        84     0     6     1     9
      0.9557418658 a        85     0     6     1    10
     -0.5338969790 a        86     0     6     1    11
      0.2779129588 a        87     0     6     1    12
     -0.7625352258 a        88     0     6     1    13
     -0.3776518605 a        89     0     6     1    14
      0.9350920602 a        90     0     6     1    15
      0.4296500847 a        91     0     7     1     1
      0.5208438859 a        92     0     7     1     2
      0.3748667812 a        93     0     7     1     3
     -0.1668062268 a        94     0     7     1     4
      0.3188783498 a        95     0     7     1     5
     -0.9416317644 a        96     0     7     1     6
      0.5609635595 a        97     0     7     1     7
      0.6481428273 a        98     0     7     1     8
      0.6017362923 a        99     0     7     1     9
      0.3973859469 a       100     0     7     1    10
     -0.6265761296 a       101     0     7     1    11
     -0.3673865231 a       102     0     7     1    12
      0.5472480615 a       103     0     7     1    13
     -0.6435833242 a       104     0     7     1    14
     -0.4317057817 a       105     0     7     1    15
     -0.2721649695 a       106     0     8     1     1
      0.8184860662 a       107     0     8     1     2
     -0.6281341429 a       108     0     8     1     3
      0.8437922133 a       109     0     8     1     4
      0.4922637340 a       110     0     8     1     5
      0.4793238751 a       111     0     8     1     6
      0.3242761633 a       112     0     8     1     7
      0.1331344371 a       113     0     8     1     8
      0.4341717111 a       114     0     8     1     9
     -0.4852544796 a       115     0     8     1    10
     -0.3044778935 a       116     0     8     1    11
      0.9485306724 a       117     0     8     1    12
     -0.4487621027 a       118     0     8     1    13
      0.9203700248 a       119     0     8     1    14
      0.2775197806 a       120     0     8     1    15
      0.2793542528 a       121     0     9     1     1
      0.7902850400 a       122     0     9     1     2
     -0.9021987376 a       123     0     9     1     3
     -0.7835774429 a       124     0     9     1     4
      0.8392579721 a       125     0     9     1     5
      0.0888565958 a       126     0     9     1     6
     -0.8188949532 a       127     0     9     1     7
      0.3389903290 a       128     0     9     1     8
      0.7628185739 a       129     0     9     1     9
     -0.4179274391 a       130     0     9     1    10
     -0.1270454693 a       131     0     9     1    11
     -0.4428230746 a       132     0     9     1    12
      0.0084812910 a       133     0     9     1    13
      0.8987060483 a       134     0     9     1    14
     -0.1593907497 a       135     0     9     1    15
     -0.9875423286 a       136     0    10     1     1
     -0.4165544432 a       137     0    10     1     2
      0.7679924758 a       138     0    10     1     3
     -0.6694796555 a       139     0    10     1     4
     -0.9832109110 a       140     0    10     1     5
     -0.4927885127 a       141     0    10     1     6
     -0.3277436045 a       142     0    10     1     7
      0.7189726085 a       143     0    10     1     8
      0.0508976334 a       144     0    10     1     9
      0.6472351415 a       145     0    10     1    10
      0.7746592570 a       146     0    10     1    11
     -0.3216702511 a       147     0    10     1    12
      0.8311102502 a       148     0    10     1    13
      0.0400762031 a       149     0    10     1    14
      0.3318795459 a       150     0    10     1    15
     -0.3636544372 a       151     0    11     1     1
      0.1445987499 a       152     0    11     1     2
     -0.2713499066 a       153     0    11     1     3
      0.6111160716 a       154     0    11     1     4
     -0.1199542939 a       155     0    11     1     5
      0.6656879745 a       156     0    11     1     6
      0.5401795071 a       157     0    11     1     7
     -0.3182561140 a       158     0    11     1     8
      0.1135118825 a       159     0    11     1     9
     -0.7077524310 a       160     0    11     1    10
      0.1499993538 a       161     0    11     1    11
     -0.0813189179 a       162     0    11     1    12
      0.3312098107 a       163     0    11     1    13
      0.8822097257 a       164     0    11     1    14
     -0.2072223039 a       165     0    11     1    15
      0.5025525222 a       166     0    12     1     1
      0.6128900736 a       167     0    12     1     2
      0.6376133795 a       168     0    12     1     3
      0.0228696346 a       169     0    12     1     4
      0.9044713988 a       170     0    12     1     5
     -0.9043584918 a       171     0    12     1     6
      0.7285564838 a       172     0    12     1     7
     -0.4706662532 a       173     0    12     1     8
      0.9820167577 a       174     0    12     1     9
      0.1085436979 a       175     0    12     1    10
      0.1907017306 a       176     0    12     1    11
     -0.9715296971 a       177     0    12     1    12
     -0.0995509710 a       178     0    12     1    13
     -0.6610522795 a       179     0    12     1    14
      0.1798526508 a       180     0    12     1    15
     -0.4271001814 a       181     0    13     1     1
     -0.0757460522 a       182     0    13     1     2
      0.3438837511 a       183     0    13     1     3
     -0.4883604977 a       184     0    13     1     4
     -0.6066638699 a       185     0    13     1     5
     -0.7906666987 a       186     0    13     1     6
     -0.4095785090 a       187     0    13     1     7
     -0.4419000328 a       188     0    13     1     8
      0.6033154788 a       189     0    13     1     9
      0.5184741738 a       190     0    13     1    10
      0.1730592695 a       191     0    13     1    11
     -0.9061177315 a       192     0    13     1    12
     -0.4144699911 a       193     0    13     1    13
     -0.8662087049 a       194     0    13     1    14
      0.7920546962 a       195     0    13     1    15
     -0.4736212152 a       196     0    14     1     1
     -0.1282928315 a       197     0    14     1     2
      0.3947100365 a       198     0    14     1     3
     -0.4170527039 a       199     0    14     1     4
     -0.6094386431 a       200     0    14     1     5
     -0.5518655964 a       201     0    14     1     6
      0.1008953659 a       202     0    14     1     7
     -0.4669323039 a       203     0    14     1     8
     -0.8600125284 a       204     0    14     1     9
     -0.3423283848 a       205     0    14     1    10
      0.5165972396 a       206     0    14     1    11
      0.3490513377 a       207     0    14     1    12
      0.5237308518 a       208     0    14     1    13
     -0.3824736887 a       209     0    14     1    14
      0.6612507437 a       210     0    14     1    15
      0.7730715281 a       211     0    15     1     1
      0.4307784294 a       212     0    15     1     2
     -0.8965481432 a       213     0    15     1     3
      0.3245279241 a       214     0    15     1     4
      0.1032372821 a       215     0    15     1     5
     -0.0546011825 a       216     0    15     1     6
     -0.7903980314 a       217     0    15     1     7
     -0.9871149130 a       218     0    15     1     8
     -0.0977028496 a       219     0    15     1     9
      0.5486455881 a       220     0    15     1    10
      0.1392607102 a       221     0    15     1    11
     -0.8682074075 a       222     0    15     1    12
      0.1979949039 a       223     0    15     1    13
     -0.8437215356 a       224     0    15     1    14
     -0.9244289194 a       225     0    15     1    15
      0.9370570547 a       226     0    16     1     1
     -0.6507731328 a       227     0    16     1     2
      0.2707183789 a       228     0    16     1     3
     -0.3899834745 a       229     0    16     1     4
      0.0519363426 a       230     0    16     1     5
      0.5658202242 a       231     0    16     1     6
      0.6921784734 a       232     0    16     1     7
     -0.5601814497 a       233     0    16     1     8
      0.8379960734 a       234     0    16     1     9
     -0.3075681249 a       235     0    16     1    10
      0.2176743251 a       236     0    16     1    11
      0.2076473611 a       237     0    16     1    12
      0.9375766605 a       238     0    16     1    13
      0.9542748531 a       239     0    16     1    14
      0.0341283016 a       240     0    16     1    15
      0.4046278365 a       241     0    17     1     1
     -0.6354463181 a       242     0    17     1     2
      0.1170774682 a       243     0    17     1     3
     -0.3553249195 a       244     0    17     1     4
     -0.2586515797 a       245     0    17     1     5
     -0.9493906212 a       246     0    17     1     6
     -0.8159797185 a       247     0    17     1     7
      0.7416230956 a       248     0    17     1     8
      0.7945132544 a       249     0    17     1     9
     -0.3798473342 a       250     0    17     1    10
     -0.3575783308 a       251     0    17     1    11
      0.7175865275 a       252     0    17     1    12
     -0.6901266921 a       253     0    17     1    13
      0.7213135271 a       254     0    17     1    14
      0.0297440444 a       255     0    17     1    15
     -0.0489915155 a       256     0    18     1     1
     -0.7577733196 a       257     0    18     1     2
     -0.4710189632 a       258     0    18     1     3
      0.5683781432 a       259     0    18     1     4
      0.9239044127 a       260     0    18     1     5
     -0.0755585859 a       261     0    18     1     6
      0.4316225951 a       262     0    18     1     7
      0.1776255845 a       263     0    18     1     8
     -0.2398249451 a       264     0    18     1     9
      0.3783340971 a       265     0    18     1    10
      0.1523203006 a       266     0    18     1    11
      0.7175115132 a       267     0    18     1    12
     -0.7975521416 a       268     0    18     1    13
     -0.9502533758 a       269     0    18     1    14
      0.1269610829 a       270     0    18     1    15
     -0.5587272683 a       271     0    19     1     1
     -0.5244333750 a       272     0    19     1     2
     -0.3852897513 a       273     0    19     1     3
      0.0671642058 a       274     0    19     1     4
      0.2279204632 a       275     0    19     1     5
      0.0737947141 a       276     0    19     1     6
      0.0283940431 a       277     0    19     1     7
      0.9238067460 a       278     0    19     1     8
      0.9122638249 a       279     0    19     1     9
     -0.3228719146 a       280     0    19     1    10
     -0.4057949335 a       281     0    19     1    11
      0.4983393157 a       282     0    19     1    12
      0.6884320043 a       283     0    19     1    13
      0.9681730404 a       284     0    19     1    14
      0.6351410433 a       285     0    19     1    15
      0.5806224590 a       286     0    20     1     1
     -0.8496892329 a       287     0    20     1     2
      0.3522806612 a       288     0    20     1     3
      0.7477741172 a       289     0    20     1     4
     -0.4073629128 a       290     0    20     1     5
     -0.2908593152 a       291     0    20     1     6
      0.6347385033 a       292     0    20     1     7
     -0.9140690091 a       293     0    20     1     8
      0.5564702773 a       294     0    20     1     9
      0.4120372982 a       295     0    20     1    10
     -0.7253433123 a       296     0    20     1    11
      0.0096352272 a       297     0    20     1    12
     -0.7663068188 a       298     0    20     1    13
      1.0071237741 a       299     0    20     1    14
      0.2120630072 a       300     0    20     1    15
      0.7888636713 a       301     0    21     1     1
     -0.8898480722 a       302     0    21     1     2
      0.8253821764 a       303     0    21     1     3
     -0.5488777454 a       304     0    21     1     4
      0.9757359951 a       305     0    21     1     5
     -0.2485979970 a       306     0    21     1     6
     -0.3735721915 a       307     0    21     1     7
      0.1971695902 a       308     0    21     1     8
     -0.4873597112 a       309     0    21     1     9
     -0.5596093723 a       310     0    21     1    10
      1.0045519475 a       311     0    21     1    11
     -0.7948554789 a       312     0    21     1    12
     -0.5153637124 a       313     0    21     1    13
     -0.8314988598 a       314     0    21     1    14
     -0.9058262352 a       315     0    21     1    15
     -0.5769046874 a       316     0    22     1     1
     -0.0649315221 a       317     0    22     1     2
      0.3696238590 a       318     0    22     1     3
     -0.4406195782 a       319     0    22     1     4
      0.8858240363 a       320     0    22     1     5
     -0.9911096293 a       321     0    22     1     6
     -0.2816759169 a       322     0    22     1     7
      0.7608432344 a       323     0    22     1     8
     -0.2534987485 a       324     0    22     1     9
     -0.5790152813 a       325     0    22     1    10
     -0.9099697039 a       326     0    22     1    11
     -0.3584517279 a       327     0    22     1    12
      0.3740555139 a       328     0    22     1    13
      0.6424726620 a       329     0    22     1    14
      0.0731606292 a       330     0    22     1    15
     -0.1321161290 a       331     0    23     1     1
      0.8283862094 a       332     0    23     1     2
     -0.2529477023 a       333     0    23     1     3
     -0.3108249017 a       334     0    23     1     4
      0.6759864998 a       335     0    23     1     5
     -0.3417191330 a       336     0    23     1     6
      0.9621683198 a       337     0    23     1     7
     -0.0318123789 a       338     0    23     1     8
      0.8917318869 a       339     0    23     1     9
      0.3474040551 a       340     0    23     1    10
      0.7804973054 a       341     0    23     1    11
      0.7125467306 a       342     0    23     1    12
      0.1636487626 a       343     0    23     1    13
      0.1930145231 a       344     0    23     1    14
      0.5222067081 a       345     0    23     1    15
      0.4606534932 a       346     0    24     1     1
     -0.7335583751 a       347     0    24     1     2
     -0.8588754576 a       348     0    24     1     3
      0.8818138306 a       349     0    24     1     4
      0.7576332487 a       350     0    24     1     5
     -0.5157664144 a       351     0    24     1     6
     -0.8654567871 a       352     0    24     1     7
     -0.5087647831 a       353     0    24     1     8
     -0.9014528374 a       354     0    24     1     9
     -0.3910403254 a       355     0    24     1    10
     -0.4699296749 a       356     0    24     1    11
     -0.8982586716 a       357     0    24     1    12
      0.5262235835 a       358     0    24     1    13
      0.1882086282 a       359     0    24     1    14
     -0.6936931675 a       360     0    24     1    15
     -0.4807978478 a       361     0    25     1     1
      0.2359570489 a       362     0    25     1     2
     -0.5570648533 a       363     0    25     1     3
     -0.7089679354 a       364     0    25     1     4
     -0.5101880029 a       365     0    25     1     5
     -0.0018742536 a       366     0    25     1     6
     -0.1949980601 a       367     0    25     1     7
      0.2251656852 a       368     0    25     1     8
      0.8148125558 a       369     0    25     1     9
     -0.5099633075 a       370     0    25     1    10
      0.0206081763 a       371     0    25     1    11
     -0.8305545558 a       372     0    25     1    12
     -0.2393911131 a       373     0    25     1    13
      0.4403287493 a       374     0    25     1    14
     -0.8283442340 a       375     0    25     1    15
     -0.7813587081 a       376     0    26     1     1
      0.8784931945 a       377     0    26     1     2
     -0.8990015361 a       378     0    26     1     3
     -0.3694229692 a       379     0    26     1     4
      0.7370988002 a       380     0    26     1     5
     -0.1203064349 a       381     0    26     1     6
      0.8673692767 a       382     0    26     1     7
      0.4086058408 a       383     0    26     1     8
     -0.0961454948 a       384     0    26     1     9
      0.7540675653 a       385     0    26     1    10
      0.1010489263 a       386     0    26     1    11
     -0.4045674591 a       387     0    26     1    12
      0.7644302601 a       388     0    26     1    13
      0.7987984589 a       389     0    26     1    14
      0.7311816335 a       390     0    26     1    15
     -0.6480484343 a       391     0    27     1     1
      0.4901170577 a       392     0    27     1     2
     -0.1364723468 a       393     0    27     1     3
     -0.3640430654 a       394     0    27     1     4
      0.0967744091 a       395     0    27     1     5
      0.3835938685 a       396     0    27     1     6
      0.0674649510 a       397     0    27     1     7
     -0.7210494541 a       398     0    27     1     8
      0.5882678576 a       399     0    27     1     9
     -0.5261217290 a       400     0    27     1    10
      0.6839705564 a       401     0    27     1    11
     -0.7784264511 a       402     0    27     1    12
      0.3420852685 a       403     0    27     1    13
     -0.2195081152 a       404     0    27     1    14
      0.8314238342 a       405     0    27     1    15
     -0.5909620304 b       406     1     1
      0.9780017415 b       407     1     2
      0.5996628259 b       408     1     3
      0.1797207249 b       409     1     4
     -0.3040315019 b       410     1     5
     -0.3300868684 b       411     1     6
      0.4905832604 b       412     1     7
     -0.2651316689 b       413     1     8
     -0.2864689852 b       414     1     9
     -0.4982387156 b       415     1    10
      0.1695962234 b       416     1    11
     -0.3377094430 b       417     1    12
     -0.4830646369 b       418     1    13
      0.4719592627 b       419     1    14
      0.9467155516 b       420     1    15
      0.8013253104 a       421     1     1     2     1
     -0.2088294091 a       422     1     1     2     2
     -0.0434355111 a       423     1     1     2     3
     -0.3343435519 a       424     1     1     2     4
      0.3992008236 a       425     1     1     2     5
     -0.6426035510 a       426     1     1     2     6
     -0.7755248893 a       427     1     1     2     7
     -0.7457919858 a       428     1     1     2     8
     -0.1366355400 a       429     1     1     2     9
      0.9330977570 a       430     1     1     2    10
      0.3791886187 a       431     1     1     2    11
      0.3646214680 a       432     1     1     2    12
      0.6119011553 a       433     1     1     2    13
     -0.9944103684 a       434     1     1     2    14
     -0.9806520466 a       435     1     1     2    15
     -0.0615972724 a       436     1     2     2     1
     -0.7361457962 a       437     1     2     2     2
      0.0604381328 a       438     1     2     2     3
     -0.2293778587 a       439     1     2     2     4
      0.4141458979 a       440     1     2     2     5
     -0.6499042648 a       441     1     2     2     6
     -0.2044017976 a       442     1     2     2     7
     -0.8034802289 a       443     1     2     2     8
     -0.3013006243 a       444     1     2     2     9
     -0.0784852992 a       445     1     2     2    10
      0.6716372996 a       446     1     2     2    11
      0.9053167272 a       447     1     2     2    12
     -1.0926109030 a       448     1     2     2    13
     -0.0909141504 a       449     1     2     2    14
      0.6718976187 a       450     1     2     2    15
     -0.2036220253 a       451     1     3     2     1
     -0.6998099929 a       452     1     3     2     2
     -0.3639822901 a       453     1     3     2     3
     -0.3757398026 a       454     1     3     2     4
      0.3297391722 a       455     1     3     2     5
      0.4328873205 a       456     1     3     2     6
     -0.9179774151 a       457     1     3     2     7
      0.2024112277 a       458     1     3     2     8
     -0.7864605765 a       459     1     3     2     9
     -0.7810522182 a       460     1     3     2    10
     -0.3710963340 a       461     1     3     2    11
     -0.3214164416 a       462     1     3     2    12
     -0.2418495520 a       463     1     3     2    13
      0.7309627936 a       464     1     3     2    14
      0.5600434044 a       465     1     3     2    15
      0.7488844298 a       466     1     4     2     1
     -0.0759237007 a       467     1     4     2     2
     -0.4244310402 a       468     1     4     2     3
      0.0357467972 a       469     1     4     2     4
      0.7722332808 a       470     1     4     2     5
      0.5980022390 a       471     1     4     2     6
      0.1181342957 a       472     1     4     2     7
     -0.8800882434 a       473     1     4     2     8
     -0.7755972065 a       474     1     4     2     9
     -0.0142408782 a       475     1     4     2    10
      0.3421249408 a       476     1     4     2    11
      0.7267787267 a       477     1     4     2    12
      0.7258406835 a       478     1     4     2    13
      0.4052304247 a       479     1     4     2    14
     -0.3695594894 a       480     1     4     2    15
      0.6733073388 a       481     1     5     2     1
      0.6572795686 a       482     1     5     2     2
      1.0056080490 a       483     1     5     2     3
     -0.3867622625 a       484     1     5     2     4
     -0.1468259747 a       485     1     5     2     5
      0.5220133056 a       486     1     5     2     6
     -0.1970577630 a       487     1     5     2     7
     -0.6032295731 a       488     1     5     2     8
     -0.1873361143 a       489     1     5     2     9
      0.5737896305 a       490     1     5     2    10
      0.8046240069 a       491     1     5     2    11
      0.0847678778 a       492     1     5     2    12
     -0.2259120875 a       493     1     5     2    13
      0.7796335204 a       494     1     5     2    14
     -0.2174856559 a       495     1     5     2    15
     -0.8189025320 a       496     1     6     2     1
     -0.3230767677 a       497     1     6     2     2
     -0.3271625864 a       498     1     6     2     3
      0.1115541253 a       499     1     6     2     4
     -0.5433426851 a       500     1     6     2     5
      0.0294165386 a       501     1     6     2     6
     -0.5963175918 a       502     1     6     2     7
     -0.9137961883 a       503     1     6     2     8
      0.7240481294 a       504     1     6     2     9
     -0.8986754523 a       505     1     6     2    10
     -0.8825063515 a       506     1     6     2    11
      0.8461825406 a       507     1     6     2    12
      0.7057933418 a       508     1     6     2    13
     -0.4471652899 a       509     1     6     2    14
      0.8514542658 a       510     1     6     2    15
      0.8560940619 a       511     1     7     2     1
     -0.6948629448 a       512     1     7     2     2
     -0.6907974069 a       513     1     7     2     3
     -0.4205589257 a       514     1     7     2     4
     -0.4115487662 a       515     1     7     2     5
      0.2382552195 a       516     1     7     2     6
      0.3619155264 a       517     1     7     2     7
     -0.2057706030 a       518     1     7     2     8
     -0.4132174046 a       519     1     7     2     9
     -0.8675833221 a       520     1     7     2    10
      0.4629722204 a       521     1     7     2    11
     -0.4286822279 a       522     1     7     2    12
      0.3972661283 a       523     1     7     2    13
     -0.8025304552 a       524     1     7     2    14
     -0.9463215520 a       525     1     7     2    15
     -0.5200080458 a       526     1     8     2     1
     -0.7592840770 a       527     1     8     2     2
      0.1107917213 a       528     1     8     2     3
      0.6407184237 a       529     1     8     2     4
      0.3806338984 a       530     1     8     2     5
      0.4705604602 a       531     1     8     2     6
     -0.1479030456 a       532     1     8     2     7
     -0.4396423040 a       533     1     8     2     8
      0.3124067678 a       534     1     8     2     9
      0.8913744691 a       535     1     8     2    10
     -0.1456791560 a       536     1     8     2    11
      0.2064373896 a       537     1     8     2    12
     -0.1131612848 a       538     1     8     2    13
      0.4948682943 a       539     1     8     2    14
      0.7730750463 a       540     1     8     2    15
     -0.6746477597 a       541     1     9     2     1
      0.8537138549 a       542     1     9     2     2
      0.2281391851 a       543     1     9     2     3
     -0.2723950067 a       544     1     9     2     4
      0.2518695489 a       545     1     9     2     5
      0.9054547133 a       546     1     9     2     6
      0.1648110655 a       547     1     9     2     7
      0.1573115846 a       548     1     9     2     8
      0.8018459445 a       549     1     9     2     9
      0.1551990037 a       550     1     9     2    10
     -0.6606071948 a       551     1     9     2    11
      0.4639223970 a       552     1     9     2    12
     -0.0279255273 a       553     1     9     2    13
     -0.3745367328 a       554     1     9     2    14
      0.1790270192 a       555     1     9     2    15
     -0.2405517103 a       556     1    10     2     1
     -0.3416635147 a       557     1    10     2     2
      0.3664670368 a       558     1    10     2     3
     -0.0104222835 a       559     1    10     2     4
     -0.6016720120 a       560     1    10     2     5
     -0.9855890438 a       561     1    10     2     6
     -0.8155653919 a       562     1    10     2     7
     -0.1576279446 a       563     1    10     2     8
     -0.3357915242 a       564     1    10     2     9
     -0.4546557679 a       565     1    10     2    10
     -0.7356721603 a       566     1    10     2    11
     -0.7112085501 a       567     1    10     2    12
     -0.1830447840 a       568     1    10     2    13
     -0.5133236914 a       569     1    10     2    14
     -0.7139373316 a       570     1    10     2    15
     -0.8549292419 a       571     1    11     2     1
     -0.7763110259 a       572     1    11     2     2
      0.9388925304 a       573     1    11     2     3
     -0.0777019733 a       574     1    11     2     4
     -0.3289834015 a       575     1    11     2     5
      0.2319851003 a       576     1    11     2     6
      0.3268624168 a       577     1    11     2     7
      0.6259231506 a       578     1    11     2     8
      0.1956931286 a       579     1    11     2     9
      0.7331208370 a       580     1    11     2    10
     -0.3997864615 a       581     1    11     2    11
     -0.5348149230 a       582     1    11     2    12
      0.3394984189 a       583     1    11     2    13
     -0.7973602577 a       584     1    11     2    14
      0.9166042667 a       585     1    11     2    15
     -0.4791286721 a       586     1    12     2     1
     -0.9628326683 a       587     1    12     2     2
      0.4012782290 a       588     1    12     2     3
      0.1995656642 a       589     1    12     2     4
      0.0211587141 a       590     1    12     2     5
      0.7718089918 a       591     1    12     2     6
     -0.6150436902 a       592     1    12     2     7
      0.3657895658 a       593     1    12     2     8
      0.5358402347 a       594     1    12     2     9
     -0.4692209293 a       595     1    12     2    10
     -0.5263688404 a       596     1    12     2    11
      0.6919656549 a       597     1    12     2    12
     -0.5760343155 a       598     1    12     2    13
      0.8550861816 a       599     1    12     2    14
      0.2462122989 a       600     1    12     2    15
      0.9094575585 a       601     1    13     2     1
     -0.0479786047 a       602     1    13     2     2
     -0.3829279786 a       603     1    13     2     3
      0.0101976235 a       604     1    13     2     4
     -0.3632166637 a       605     1    13     2     5
      0.6882823463 a       606     1    13     2     6
     -0.7585084395 a       607     1    13     2     7
     -0.6593026056 a       608     1    13     2     8
     -0.7086912178 a       609     1    13     2     9
      0.9344190033 a       610     1    13     2    10
     -0.1429892044 a       611     1    13     2    11
     -0.7753612249 a       612     1    13     2    12
     -0.4787758773 a       613     1    13     2    13
      0.3836778411 a       614     1    13     2    14
     -0.5742519499 a       615     1    13     2    15
     -0.1016350080 a       616     1    14     2     1
      0.5318173801 a       617     1    14     2     2
     -0.0069428664 a       618     1    14     2     3
     -0.2641441194 a       619     1    14     2     4
      0.6754709571 a       620     1    14     2     5
      0.6339639083 a       621     1    14     2     6
      0.8642502585 a       622     1    14     2     7
     -0.2437102107 a       623     1    14     2     8
      0.7185469170 a       624     1    14     2     9
     -0.8979110553 a       625     1    14     2    10
      0.4214796310 a       626     1    14     2    11
      0.8984041881 a       627     1    14     2    12
     -0.0604385339 a       628     1    14     2    13
      0.8097302202 a       629     1    14     2    14
      0.9439600602 a       630     1    14     2    15
      0.8220058217 a       631     1    15     2     1
      0.2125750987 a       632     1    15     2     2
      0.4370443504 a       633     1    15     2     3
      0.6487702506 a       634     1    15     2     4
     -0.0534601706 a       635     1    15     2     5
     -0.2075534949 a       636     1    15     2     6
     -0.6459824714 a       637     1    15     2     7
      0.8853654571 a       638     1    15     2     8
     -0.9843861424 a       639     1    15     2     9
     -0.0794543725 a       640     1    15     2    10
     -0.2670372692 a       641     1    15     2    11
     -0.0826312367 a       642     1    15     2    12
     -0.6356161798 a       643     1    15     2    13
     -0.5252117624 a       644     1    15     2    14
     -0.3045524963 a       645     1    15     2    15
     -0.1320347365 b       646     2     1
     -0.1255293057 b       647     2     2
      0.2229452112 b       648     2     3
     -0.6652015448 b       649     2     4
      0.7887300010 b       650     2     5
      0.3675636967 b       651     2     6
     -0.6509638387 b       652     2     7
     -0.4792058746 b       653     2     8
     -0.4520213801 b       654     2     9
      0.2227599298 b       655     2    10
     -0.6590647042 b       656     2    11
     -0.3744397785 b       657     2    12
      0.1884991402 b       658     2    13
      0.5740406936 b       659     2    14
      0.1283620284 b       660     2    15
     -0.4848336271 a       661     2     1     3     1
      0.3560413593 a       662     2     2     3     1
     -0.4997352323 a       663     2     3     3     1
     -0.3843289873 a       664     2     4     3     1
      0.0773037157 a       665     2     5     3     1
      0.4216761012 a       666     2     6     3     1
     -0.7577147814 a       667     2     7     3     1
     -0.5461397409 a       668     2     8     3     1
      0.3403122080 a       669     2     9     3     1
      0.1632454860 a       670     2    10     3     1
      0.5557130130 a       671     2    11     3     1
     -0.3348433580 a       672     2    12     3     1
     -0.5745852613 a       673     2    13     3     1
      0.1028482200 a       674     2    14     3     1
     -0.6527520287 a       675     2    15     3     1
     -0.5594908200 b       676     3     1
