     -0.4530594535 a         1     0     1     1     1
     -0.1483798869 a         2     0     1     1     2
      0.4726612981 a         3     0     1     1     3
      0.3629731613 a         4     0     1     1     4
     -0.3374922247 a         5     0     1     1     5
      0.3927669084 a         6     0     1     1     6
      0.4272002453 a         7     0     1     1     7
     -0.2053579163 a         8     0     1     1     8
      0.1299979490 a         9     0     1     1     9
      0.0218222974 a        10     0     1     1    10
      0.3968088674 a        11     0     1     1    11
     -0.2324554727 a        12     0     1     1    12
      0.1015916169 a        13     0     1     1    13
      0.3955728130 a        14     0     1     1    14
     -0.3453837416 a        15     0     1     1    15
     -0.2839333469 a        16     0     1     1    16
     -0.4334898691 a        17     0     1     1    17
     -0.4334489790 a        18     0     1     1    18
      0.2919889158 a        19     0     1     1    19
     -0.0672132638 a        20     0     1     1    20
      0.0374570945 a        21     0     2     1     1
      0.4840259393 a        22     0     2     1     2
     -0.2284316947 a        23     0     2     1     3
      0.4509737272 a        24     0     2     1     4
     -0.1780176907 a        25     0     2     1     5
     -0.4206158125 a        26     0     2     1     6
      0.1654697650 a        27     0     2     1     7
     -0.2630360571 a        28     0     2     1     8
     -0.3251589357 a        29     0     2     1     9
     -0.4938384046 a        30     0     2     1    10
      0.0556898608 a        31     0     2     1    11
     -0.1189477247 a        32     0     2     1    12
     -0.5328659677 a        33     0     2     1    13
     -0.3333112116 a        34     0     2     1    14
      0.4328774155 a        35     0     2     1    15
     -0.1653050379 a        36     0     2     1    16
     -0.0367947896 a        37     0     2     1    17
      0.4110080759 a        38     0     2     1    18
     -0.1807792357 a        39     0     2     1    19
      0.0626349783 a        40     0     2     1    20
      0.2050308993 a        41     0     3     1     1
      0.0143943030 a        42     0     3     1     2
     -0.3674623159 a        43     0     3     1     3
     -0.3072335767 a        44     0     3     1     4
      0.0904488292 a        45     0     3     1     5
      0.0901501844 a        46     0     3     1     6
     -0.4135706466 a        47     0     3     1     7
     -0.2597306113 a        48     0     3     1     8
      0.1943778785 a        49     0     3     1     9
     -0.2539722154 a        50     0     3     1    10
     -0.0608331173 a        51     0     3     1    11
      0.0107117000 a        52     0     3     1    12
     -0.2553932321 a        53     0     3     1    13
      0.2978282654 a        54     0     3     1    14
      0.0742773924 a        55     0     3     1    15
     -0.3696383124 a        56     0     3     1    16
     -0.4524336954 a        57     0     3     1    17
     -0.3412664049 a        58     0     3     1    18
      0.3022118862 a        59     0     3     1    19
      0.3990428186 a        60     0     3     1    20
      0.0671451721 a        61     0     4     1     1
     -0.1547131616 a        62     0     4     1     2
      0.1906459040 a        63     0     4     1     3
      0.2310627385 a        64     0     4     1     4
     -0.4302802012 a        65     0     4     1     5
     -0.3509646941 a        66     0     4     1     6
      0.1131211290 a        67     0     4     1     7
     -0.0418402392 a        68     0     4     1     8
      0.4409403495 a        69     0     4     1     9
      0.2236876081 a        70     0     4     1    10
     -0.2905127471 a        71     0     4     1    11
      0.2792992440 a        72     0     4     1    12
      0.2065662212 a        73     0     4     1    13
      0.2122548247 a        74     0     4     1    14
      0.4036602787 a        75     0     4     1    15
     -0.0711859276 a        76     0     4     1    16
     -0.3057054801 a        77     0     4     1    17
     -0.0130050126 a        78     0     4     1    18
      0.4279742261 a        79     0     4     1    19
     -0.2441942799 a        80     0     4     1    20
      0.2418761033 a        81     0     5     1     1
     -0.3845080527 a        82     0     5     1     2
      0.4534367218 a        83     0     5     1     3
      0.2287039653 a        84     0     5     1     4
      0.4458773526 a        85     0     5     1     5
     -0.2463494067 a        86     0     5     1     6
      0.1290379525 a        87     0     5     1     7
     -0.4007051456 a        88     0     5     1     8
     -0.1956513709 a        89     0     5     1     9
      0.4720017910 a        90     0     5     1    10
      0.2416165512 a        91     0     5     1    11
      0.2763140481 a        92     0     5     1    12
      0.2110947094 a        93     0     5     1    13
     -0.0766942275 a        94     0     5     1    14
      0.1865361217 a        95     0     5     1    15
     -0.5782542657 a        96     0     5     1    16
      0.2680316208 a        97     0     5     1    17
      0.3136798941 a        98     0     5     1    18
      0.2896884120 a        99     0     5     1    19
      0.2010731309 a       100     0     5     1    20
     -0.3755854988 a       101     0     6     1     1
     -0.1980594990 a       102     0     6     1     2
      0.2879451138 a       103     0     6     1     3
     -0.3306467009 a       104     0     6     1     4
     -0.2023942694 a       105     0     6     1     5
     -0.1214292785 a       106     0     6     1     6
      0.3845378787 a       107     0     6     1     7
     -0.3340015072 a       108     0     6     1     8
      0.4226231515 a       109     0     6     1     9
      0.2270513679 a       110     0     6     1    10
      0.2698595083 a       111     0     6     1    11
      0.1709746776 a       112     0     6     1    12
      0.0634845879 a       113     0     6     1    13
      0.1980823711 a       114     0     6     1    14
     -0.2729274549 a       115     0     6     1    15
     -0.1855267497 a       116     0     6     1    16
      0.4382922261 a       117     0     6     1    17
     -0.2297122288 a       118     0     6     1    18
      0.4391877020 a       119     0     6     1    19
      0.1394058392 a       120     0     6     1    20
      0.1570295776 a       121     0     7     1     1
      0.4123957962 a       122     0     7     1     2
     -0.4580753619 a       123     0     7     1     3
     -0.3893291882 a       124     0     7     1     4
      0.3658307630 a       125     0     7     1     5
      0.0588807667 a       126     0     7     1     6
     -0.3805724528 a       127     0     7     1     7
      0.1626159676 a       128     0     7     1     8
      0.3839691786 a       129     0     7     1     9
     -0.2046986465 a       130     0     7     1    10
     -0.0567545755 a       131     0     7     1    11
     -0.2327268693 a       132     0     7     1    12
     -0.0151375276 a       133     0     7     1    13
      0.4105484572 a       134     0     7     1    14
     -0.0852960389 a       135     0     7     1    15
     -0.5853815213 a       136     0     7     1    16
     -0.1787301731 a       137     0     7     1    17
      0.3840659359 a       138     0     7     1    18
     -0.3330437555 a       139     0     7     1    19
     -0.4819051183 a       140     0     7     1    20
     -0.2811933275 a       141     0     8     1     1
     -0.1633965357 a       142     0     8     1     2
      0.3517328888 a       143     0     8     1     3
      0.0195587435 a       144     0     8     1     4
      0.3070364029 a       145     0     8     1     5
      0.3364421961 a       146     0     8     1     6
     -0.1559856180 a       147     0     8     1     7
      0.4403118122 a       148     0     8     1     8
      0.0120689956 a       149     0     8     1     9
      0.1626686304 a       150     0     8     1    10
     -0.2028140209 a       151     0     8     1    11
      0.0659645940 a       152     0     8     1    12
     -0.1628148483 a       153     0     8     1    13
      0.2745379366 a       154     0     8     1    14
     -0.1030263332 a       155     0     8     1    15
      0.4228906774 a       156     0     8     1    16
      0.2518027247 a       157     0     8     1    17
     -0.1643137160 a       158     0     8     1    18
      0.0481048266 a       159     0     8     1    19
     -0.3507359127 a       160     0     8     1    20
      0.1071848668 a       161     0     9     1     1
     -0.0440362567 a       162     0     9     1     2
      0.1422310801 a       163     0     9     1     3
      0.4298274447 a       164     0     9     1     4
     -0.0907624390 a       165     0     9     1     5
      0.2507860609 a       166     0     9     1     6
      0.2970719853 a       167     0     9     1     7
      0.3172549344 a       168     0     9     1     8
      0.0190604023 a       169     0     9     1     9
      0.4494358101 a       170     0     9     1    10
     -0.4901265907 a       171     0     9     1    11
      0.3819588680 a       172     0     9     1    12
     -0.2763914687 a       173     0     9     1    13
      0.4465546174 a       174     0     9     1    14
      0.0666354882 a       175     0     9     1    15
      0.0908715787 a       176     0     9     1    16
     -0.4540822812 a       177     0     9     1    17
     -0.0307424676 a       178     0     9     1    18
     -0.3455682502 a       179     0     9     1    19
      0.0843730067 a       180     0     9     1    20
     -0.2534064647 a       181     0    10     1     1
     -0.0481957159 a       182     0    10     1     2
      0.1588075997 a       183     0    10     1     3
     -0.2510873562 a       184     0    10     1     4
     -0.3001282524 a       185     0    10     1     5
     -0.3646048610 a       186     0    10     1     6
     -0.2009937621 a       187     0    10     1     7
     -0.2324421034 a       188     0    10     1     8
      0.3015320250 a       189     0    10     1     9
      0.2527323000 a       190     0    10     1    10
      0.1281211599 a       191     0    10     1    11
     -0.4623738354 a       192     0    10     1    12
     -0.2708625632 a       193     0    10     1    13
     -0.3973225682 a       194     0    10     1    14
      0.4731888801 a       195     0    10     1    15
     -0.2886321597 a       196     0    10     1    16
     -0.0554224342 a       197     0    10     1    17
      0.1899497454 a       198     0    10     1    18
     -0.2113460925 a       199     0    10     1    19
     -0.3100142306 a       200     0    10     1    20
     -0.3101450881 a       201     0    11     1     1
      0.0560710928 a       202     0    11     1     2
     -0.2418434001 a       203     0    11     1     3
     -0.4236037539 a       204     0    11     1     4
     -0.1542668890 a       205     0    11     1     5
      0.2497349984 a       206     0    11     1     6
      0.1596193570 a       207     0    11     1     7
      0.2566712037 a       208     0    11     1     8
     -0.1905086892 a       209     0    11     1     9
      0.3339956036 a       210     0    11     1    10
      0.4041474439 a       211     0    11     1    11
      0.2148263794 a       212     0    11     1    12
     -0.5200268354 a       213     0    11     1    13
      0.1398494031 a       214     0    11     1    14
      0.0384525731 a       215     0    11     1    15
     -0.0376316904 a       216     0    11     1    16
     -0.3752121710 a       217     0    11     1    17
     -0.4894487386 a       218     0    11     1    18
     -0.0534371460 a       219     0    11     1    19
      0.2650760990 a       220     0    11     1    20
      0.1113242813 a       221     0    12     1     1
     -0.4590327950 a       222     0    12     1     2
      0.0760525082 a       223     0    12     1     3
     -0.4164963093 a       224     0    12     1     4
     -0.4169029928 a       225     0    12     1     5
      0.4238022285 a       226     0    12     1     6
     -0.3109507779 a       227     0    12     1     7
      0.1252709860 a       228     0    12     1     8
     -0.1970999354 a       229     0    12     1     9
      0.0089564381 a       230     0    12     1    10
      0.3078587199 a       231     0    12     1    11
      0.3504890399 a       232     0    12     1    12
     -0.3203927680 a       233     0    12     1    13
      0.3850573836 a       234     0    12     1    14
     -0.1834493439 a       235     0    12     1    15
      0.1682914312 a       236     0    12     1    16
      0.0966858934 a       237     0    12     1    17
      0.4443379079 a       238     0    12     1    18
      0.4659188672 a       239     0    12     1    19
      0.0281129850 a       240     0    12     1    20
      0.2191644048 a       241     0    13     1     1
     -0.3437620107 a       242     0    13     1     2
      0.0483469959 a       243     0    13     1     3
     -0.1711269060 a       244     0    13     1     4
     -0.1337122500 a       245     0    13     1     5
     -0.4137736309 a       246     0    13     1     6
     -0.3837119747 a       247     0    13     1     7
      0.3815207531 a       248     0    13     1     8
      0.4018515268 a       249     0    13     1     9
     -0.1842807017 a       250     0    13     1    10
     -0.1641213778 a       251     0    13     1    11
      0.3615306804 a       252     0    13     1    12
     -0.4237494944 a       253     0    13     1    13
      0.3348056066 a       254     0    13     1    14
      0.0282007892 a       255     0    13     1    15
     -0.0370198143 a       256     0    13     1    16
     -0.3564826445 a       257     0    13     1    17
     -0.2390079512 a       258     0    13     1    18
      0.2788797240 a       259     0    13     1    19
      0.4412919510 a       260     0    13     1    20
     -0.0421610066 a       261     0    14     1     1
      0.2223722195 a       262     0    14     1     2
      0.0912676153 a       263     0    14     1     3
     -0.1215785354 a       264     0    14     1     4
      0.1798686796 a       265     0    14     1     5
      0.0751293662 a       266     0    14     1     6
      0.3395394423 a       267     0    14     1     7
     -0.4308304082 a       268     0    14     1     8
     -0.4780927859 a       269     0    14     1     9
      0.0770147352 a       270     0    14     1    10
     -0.3045522381 a       271     0    14     1    11
     -0.2728771806 a       272     0    14     1    12
     -0.2227586495 a       273     0    14     1    13
      0.0235928697 a       274     0    14     1    14
      0.1092858294 a       275     0    14     1    15
      0.0596258721 a       276     0    14     1    16
      0.0118621934 a       277     0    14     1    17
      0.4562280609 a       278     0    14     1    18
      0.4375183183 a       279     0    14     1    19
     -0.1535807682 a       280     0    14     1    20
     -0.2173286987 a       281     0    15     1     1
      0.2641423941 a       282     0    15     1     2
      0.3319077323 a       283     0    15     1     3
      0.4800912377 a       284     0    15     1     4
      0.3241988901 a       285     0    15     1     5
      0.2768596433 a       286     0    15     1     6
     -0.3930642948 a       287     0    15     1     7
      0.1940228949 a       288     0    15     1     8
      0.3750181560 a       289     0    15     1     9
     -0.1986024003 a       290     0    15     1    10
     -0.1594626755 a       291     0    15     1    11
      0.3278961456 a       292     0    15     1    12
     -0.5274742675 a       293     0    15     1    13
      0.2601289844 a       294     0    15     1    14
      0.2510703109 a       295     0    15     1    15
     -0.4649524682 a       296     0    15     1    16
     -0.0060791872 a       297     0    15     1    17
     -0.3735239517 a       298     0    15     1    18
      0.4931911047 a       299     0    15     1    19
      0.1106895139 a       300     0    15     1    20
      0.4556329749 a       301     0    16     1     1
     -0.4675930447 a       302     0    16     1     2
      0.4222914048 a       303     0    16     1     3
     -0.2700012971 a       304     0    16     1     4
      0.4576460071 a       305     0    16     1     5
     -0.1109463482 a       306     0    16     1     6
     -0.1687008666 a       307     0    16     1     7
      0.0854342184 a       308     0    16     1     8
     -0.2418007414 a       309     0    16     1     9
     -0.2682314538 a       310     0    16     1    10
      0.5238357595 a       311     0    16     1    11
     -0.4160948579 a       312     0    16     1    12
     -0.2790383017 a       313     0    16     1    13
     -0.3927863916 a       314     0    16     1    14
     -0.5185424962 a       315     0    16     1    15
     -0.3454461395 a       316     0    16     1    16
     -0.0354276575 a       317     0    16     1    17
      0.1877950930 a       318     0    16     1    18
     -0.2305458542 a       319     0    16     1    19
      0.4191898955 a       320     0    16     1    20
     -0.5448105925 a       321     0    17     1     1
     -0.1417805888 a       322     0    17     1     2
      0.3724174764 a       323     0    17     1     3
     -0.1279465483 a       324     0    17     1     4
     -0.2722855234 a       325     0    17     1     5
     -0.4173378659 a       326     0    17     1     6
     -0.1732397997 a       327     0    17     1     7
      0.1746848165 a       328     0    17     1     8
      0.3196325926 a       329     0    17     1     9
      0.0378285875 a       330     0    17     1    10
     -0.0553931710 a       331     0    17     1    11
      0.4372629547 a       332     0    17     1    12
     -0.1369840002 a       333     0    17     1    13
     -0.1503274642 a       334     0    17     1    14
      0.3862838969 a       335     0    17     1    15
     -0.2070434413 a       336     0    17     1    16
      0.4541287779 a       337     0    17     1    17
     -0.0232999787 a       338     0    17     1    18
      0.4276436894 a       339     0    17     1    19
      0.1807267574 a       340     0    17     1    20
      0.4054765701 a       341     0    18     1     1
      0.3698168370 a       342     0    18     1     2
      0.0978873035 a       343     0    18     1     3
      0.0838572968 a       344     0    18     1     4
      0.2369520015 a       345     0    18     1     5
      0.2302643219 a       346     0    18     1     6
     -0.3261895526 a       347     0    18     1     7
     -0.4361340074 a       348     0    18     1     8
      0.4443226860 a       349     0    18     1     9
      0.3978756289 a       350     0    18     1    10
     -0.2946156177 a       351     0    18     1    11
     -0.4311132744 a       352     0    18     1    12
     -0.3036732895 a       353     0    18     1    13
     -0.4200957142 a       354     0    18     1    14
     -0.2017192511 a       355     0    18     1    15
     -0.3496325236 a       356     0    18     1    16
     -0.4149864175 a       357     0    18     1    17
      0.2993665400 a       358     0    18     1    18
      0.0801287880 a       359     0    18     1    19
     -0.3423075500 a       360     0    18     1    20
     -0.2601929750 a       361     0    19     1     1
      0.1334362458 a       362     0    19     1     2
     -0.2826490455 a       363     0    19     1     3
     -0.3522412872 a       364     0    19     1     4
     -0.2437746231 a       365     0    19     1     5
      0.0057465847 a       366     0    19     1     6
     -0.0868358775 a       367     0    19     1     7
      0.0956517005 a       368     0    19     1     8
      0.4106192936 a       369     0    19     1     9
     -0.2485725403 a       370     0    19     1    10
     -0.0023883911 a       371     0    19     1    11
     -0.4343466577 a       372     0    19     1    12
     -0.1288130839 a       373     0    19     1    13
      0.1937130175 a       374     0    19     1    14
     -0.4778509897 a       375     0    19     1    15
     -0.4555924353 a       376     0    19     1    16
      0.4149226182 a       377     0    19     1    17
     -0.4471313729 a       378     0    19     1    18
     -0.1882276290 a       379     0    19     1    19
      0.3579028206 a       380     0    19     1    20
     -0.0673556913 a       381     0    20     1     1
      0.4695040332 a       382     0    20     1     2
      0.1921406061 a       383     0    20     1     3
     -0.0512833494 a       384     0    20     1     4
      0.3565291964 a       385     0    20     1     5
      0.0314909552 a       386     0    20     1     6
     -0.1970378476 a       387     0    20     1     7
      0.4042088283 a       388     0    20     1     8
      0.3888211627 a       389     0    20     1     9
      0.3603545073 a       390     0    20     1    10
     -0.3591575686 a       391     0    20     1    11
      0.2482666315 a       392     0    20     1    12
     -0.0910535860 a       393     0    20     1    13
     -0.1717174921 a       394     0    20     1    14
      0.0418909112 a       395     0    20     1    15
      0.2320809500 a       396     0    20     1    16
      0.0308704471 a       397     0    20     1    17
     -0.3623161680 a       398     0    20     1    18
      0.2831744317 a       399     0    20     1    19
     -0.2658748926 a       400     0    20     1    20
      0.4120040372 a       401     0    21     1     1
     -0.4124131154 a       402     0    21     1     2
      0.1516989251 a       403     0    21     1     3
     -0.1095198858 a       404     0    21     1     4
      0.3974715093 a       405     0    21     1     5
     -0.1934785379 a       406     0    21     1     6
      0.4185924950 a       407     0    21     1     7
      0.2182575247 a       408     0    21     1     8
      0.1700359343 a       409     0    21     1     9
     -0.2240864506 a       410     0    21     1    10
     -0.0729461146 a       411     0    21     1    11
      0.3007971695 a       412     0    21     1    12
     -0.1865799077 a       413     0    21     1    13
     -0.1410618595 a       414     0    21     1    14
     -0.2984556231 a       415     0    21     1    15
      0.1688492936 a       416     0    21     1    16
     -0.2087200914 a       417     0    21     1    17
     -0.2753529850 a       418     0    21     1    18
      0.2494369376 a       419     0    21     1    19
      0.4162933312 a       420     0    21     1    20
      0.4365951925 a       421     0    22     1     1
     -0.0991257992 a       422     0    22     1     2
     -0.0061203102 a       423     0    22     1     3
     -0.1643339069 a       424     0    22     1     4
      0.1788436142 a       425     0    22     1     5
     -0.2745251869 a       426     0    22     1     6
     -0.3715826222 a       427     0    22     1     7
     -0.3837520334 a       428     0    22     1     8
     -0.0694542862 a       429     0    22     1     9
      0.4490517391 a       430     0    22     1    10
      0.2157905488 a       431     0    22     1    11
      0.1850419078 a       432     0    22     1    12
      0.3017052080 a       433     0    22     1    13
     -0.4502058992 a       434     0    22     1    14
     -0.5662562841 a       435     0    22     1    15
     -0.0362899448 a       436     0    22     1    16
     -0.3442207463 a       437     0    22     1    17
      0.0146195459 a       438     0    22     1    18
     -0.1388637570 a       439     0    22     1    19
      0.2017059166 a       440     0    22     1    20
     -0.3829464884 a       441     0    23     1     1
     -0.1046671607 a       442     0    23     1     2
     -0.4270961313 a       443     0    23     1     3
     -0.1421565952 a       444     0    23     1     4
     -0.0289466870 a       445     0    23     1     5
      0.3136468309 a       446     0    23     1     6
      0.4395184957 a       447     0    23     1     7
     -0.5033530843 a       448     0    23     1     8
     -0.0631672716 a       449     0    23     1     9
      0.3300466431 a       450     0    23     1    10
     -0.1150698517 a       451     0    23     1    11
     -0.3642431629 a       452     0    23     1    12
     -0.2328235583 a       453     0    23     1    13
     -0.1875264960 a       454     0    23     1    14
      0.1896476870 a       455     0    23     1    15
      0.2658541506 a       456     0    23     1    16
     -0.4189582016 a       457     0    23     1    17
      0.0674102851 a       458     0    23     1    18
     -0.3867153939 a       459     0    23     1    19
     -0.3733780175 a       460     0    23     1    20
     -0.1914974117 a       461     0    24     1     1
     -0.1662787860 a       462     0    24     1     2
     -0.1069403430 a       463     0    24     1     3
      0.3568923367 a       464     0    24     1     4
      0.2600596690 a       465     0    24     1     5
      0.3792851257 a       466     0    24     1     6
     -0.0501239110 a       467     0    24     1     7
     -0.2023415011 a       468     0    24     1     8
      0.0351254880 a       469     0    24     1     9
      0.3788178285 a       470     0    24     1    10
      0.3033359008 a       471     0    24     1    11
      0.0949729291 a       472     0    24     1    12
     -0.4867403947 a       473     0    24     1    13
     -0.3598913047 a       474     0    24     1    14
     -0.0115219560 a       475     0    24     1    15
      0.1650134116 a       476     0    24     1    16
      0.3488073573 a       477     0    24     1    17
      0.3780951184 a       478     0    24     1    18
      0.2003099066 a       479     0    24     1    19
     -0.1851417034 a       480     0    24     1    20
      0.3357871754 a       481     0    25     1     1
      0.3704716698 a       482     0    25     1     2
      0.4702646820 a       483     0    25     1     3
     -0.2158420825 a       484     0    25     1     4
     -0.0656163945 a       485     0    25     1     5
      0.2595115451 a       486     0    25     1     6
     -0.1479268465 a       487     0    25     1     7
     -0.3437756581 a       488     0    25     1     8
     -0.0840052365 a       489     0    25     1     9
      0.2854467525 a       490     0    25     1    10
      0.4852580914 a       491     0    25     1    11
      0.0081638364 a       492     0    25     1    12
     -0.1858438316 a       493     0    25     1    13
      0.3589152236 a       494     0    25     1    14
     -0.1655611076 a       495     0    25     1    15
     -0.4827056870 a       496     0    25     1    16
     -0.1557284421 a       497     0    25     1    17
     -0.1277752598 a       498     0    25     1    18
      0.0689929765 a       499     0    25     1    19
     -0.2668384686 a       500     0    25     1    20
      0.0231992664 a       501     0    26     1     1
     -0.2874920516 a       502     0    26     1     2
     -0.4267202528 a       503     0    26     1     3
      0.3483947724 a       504     0    26     1     4
     -0.4317988246 a       505     0    26     1     5
     -0.4209561220 a       506     0    26     1     6
      0.4156827052 a       507     0    26     1     7
      0.3462564418 a       508     0    26     1     8
     -0.2060962306 a       509     0    26     1     9
      0.4503330605 a       510     0    26     1    10
      0.4792946148 a       511     0    26     1    11
     -0.3668468788 a       512     0    26     1    12
     -0.3992394121 a       513     0    26     1    13
     -0.1980690465 a       514     0    26     1    14
     -0.2410758611 a       515     0    26     1    15
      0.1201206570 a       516     0    26     1    16
      0.1790424461 a       517     0    26     1    17
     -0.1005665083 a       518     0    26     1    18
     -0.2201651324 a       519     0    26     1    19
     -0.4239520587 a       520     0    26     1    20
      0.2489274659 a       521     0    27     1     1
     -0.2248134645 a       522     0    27     1     2
      0.2513815815 a       523     0    27     1     3
     -0.4121088405 a       524     0    27     1     4
     -0.4487355432 a       525     0    27     1     5
     -0.2748048938 a       526     0    27     1     6
     -0.3367288117 a       527     0    27     1     7
     -0.0012455798 a       528     0    27     1     8
      0.2941941767 a       529     0    27     1     9
      0.1889328249 a       530     0    27     1    10
      0.2775098043 a       531     0    27     1    11
     -0.1404847664 a       532     0    27     1    12
     -0.2805836850 a       533     0    27     1    13
      0.1451218050 a       534     0    27     1    14
      0.5105473610 a       535     0    27     1    15
     -0.0357761139 a       536     0    27     1    16
      0.0582127739 a       537     0    27     1    17
     -0.0794960642 a       538     0    27     1    18
      0.2193686876 a       539     0    27     1    19
      0.3591905354 a       540     0    27     1    20
     -0.3735277693 a       541     0    28     1     1
      0.4537031599 a       542     0    28     1     2
      0.1235253607 a       543     0    28     1     3
     -0.1235233360 a       544     0    28     1     4
      0.1181428074 a       545     0    28     1     5
      0.3988554612 a       546     0    28     1     6
      0.0818085817 a       547     0    28     1     7
      0.1088523709 a       548     0    28     1     8
      0.3993452938 a       549     0    28     1     9
      0.0749130764 a       550     0    28     1    10
     -0.3829606810 a       551     0    28     1    11
      0.2265213268 a       552     0    28     1    12
      0.0050960092 a       553     0    28     1    13
     -0.1847653791 a       554     0    28     1    14
      0.0984002704 a       555     0    28     1    15
     -0.1581421149 a       556     0    28     1    16
     -0.1438798841 a       557     0    28     1    17
      0.1877716124 a       558     0    28     1    18
     -0.0036128422 a       559     0    28     1    19
     -0.2963133373 a       560     0    28     1    20
     -1.4745921248 b       561     1     1
     -1.3238773197 b       562     1     2
     -0.2473428347 b       563     1     3
     -0.5361543804 b       564     1     4
     -0.7179301198 b       565     1     5
     -1.0859245651 b       566     1     6
     -1.1521273705 b       567     1     7
     -0.4855067998 b       568     1     8
     -0.7349977508 b       569     1     9
     -1.1790519591 b       570     1    10
     -1.3366467303 b       571     1    11
     -1.2141912224 b       572     1    12
      1.4758839990 b       573     1    13
     -0.1153959417 b       574     1    14
     -0.5121002371 b       575     1    15
      0.3428685316 b       576     1    16
      0.5474385026 b       577     1    17
      0.9621749760 b       578     1    18
      0.2969277125 b       579     1    19
      1.1583671795 b       580     1    20
     -0.2369947078 a       581     1     1     2     1
     -0.3736677496 a       582     1     1     2     2
      0.2575095444 a       583     1     1     2     3
     -0.5412321527 a       584     1     1     2     4
      0.6044066429 a       585     1     1     2     5
     -0.2749403061 a       586     1     1     2     6
     -0.5793582699 a       587     1     1     2     7
      0.2697025297 a       588     1     1     2     8
      0.1308645831 a       589     1     1     2     9
      0.0124507883 a       590     1     1     2    10
      0.5510310603 a       591     1     1     2    11
     -0.4390664462 a       592     1     1     2    12
      0.2299438431 a       593     1     1     2    13
      0.3166648848 a       594     1     1     2    14
     -0.3379091562 a       595     1     1     2    15
     -0.3614534513 a       596     1     1     2    16
      0.5254854976 a       597     1     1     2    17
     -0.4076966146 a       598     1     1     2    18
      0.4505090895 a       599     1     1     2    19
      0.1736174295 a       600     1     1     2    20
      0.4936127658 a       601     1     2     2     1
      0.0031931341 a       602     1     2     2     2
     -0.2896570317 a       603     1     2     2     3
     -0.0232398343 a       604     1     2     2     4
     -0.2312852982 a       605     1     2     2     5
      0.4113869744 a       606     1     2     2     6
     -0.5195753434 a       607     1     2     2     7
     -0.4541167654 a       608     1     2     2     8
     -0.4726376215 a       609     1     2     2     9
      0.5850336047 a       610     1     2     2    10
     -0.0222898212 a       611     1     2     2    11
     -0.5486979042 a       612     1     2     2    12
     -0.3605132110 a       613     1     2     2    13
      0.2345720391 a       614     1     2     2    14
     -0.4236016643 a       615     1     2     2    15
     -0.0803681647 a       616     1     2     2    16
      0.3935532651 a       617     1     2     2    17
     -0.0331370862 a       618     1     2     2    18
     -0.1531186765 a       619     1     2     2    19
      0.4030429706 a       620     1     2     2    20
      0.3711409170 a       621     1     3     2     1
      0.6041918070 a       622     1     3     2     2
     -0.1807658418 a       623     1     3     2     3
      0.4989013878 a       624     1     3     2     4
     -0.5797922041 a       625     1     3     2     5
      0.2266516917 a       626     1     3     2     6
      0.5368123785 a       627     1     3     2     7
      0.0316105577 a       628     1     3     2     8
      0.5139022086 a       629     1     3     2     9
      0.5849564605 a       630     1     3     2    10
      0.5799170192 a       631     1     3     2    11
      0.1147034214 a       632     1     3     2    12
      0.2493786386 a       633     1     3     2    13
      0.3824479463 a       634     1     3     2    14
     -0.0351317256 a       635     1     3     2    15
     -0.1886311434 a       636     1     3     2    16
     -0.4524287213 a       637     1     3     2    17
      0.5642654028 a       638     1     3     2    18
     -0.5044019732 a       639     1     3     2    19
     -0.0322225417 a       640     1     3     2    20
     -0.1898181861 a       641     1     4     2     1
     -0.0362454686 a       642     1     4     2     2
     -0.3370094637 a       643     1     4     2     3
     -0.3934688751 a       644     1     4     2     4
     -0.1925895126 a       645     1     4     2     5
     -0.0470141082 a       646     1     4     2     6
     -0.1058224339 a       647     1     4     2     7
      0.1079223084 a       648     1     4     2     8
     -0.4569595309 a       649     1     4     2     9
      0.4926931022 a       650     1     4     2    10
      0.1978216896 a       651     1     4     2    11
     -0.3970987587 a       652     1     4     2    12
     -0.3191589967 a       653     1     4     2    13
     -0.2622758893 a       654     1     4     2    14
      0.1784832489 a       655     1     4     2    15
     -0.4936043135 a       656     1     4     2    16
     -0.2564640726 a       657     1     4     2    17
      0.2318758374 a       658     1     4     2    18
      0.2742947878 a       659     1     4     2    19
      0.0770199199 a       660     1     4     2    20
     -0.2440727991 a       661     1     5     2     1
      0.3031037977 a       662     1     5     2     2
     -0.1727785786 a       663     1     5     2     3
     -0.2948283128 a       664     1     5     2     4
      0.0699372665 a       665     1     5     2     5
      0.3361470310 a       666     1     5     2     6
     -0.5226288536 a       667     1     5     2     7
     -0.4286890489 a       668     1     5     2     8
      0.1607035033 a       669     1     5     2     9
      0.1661930121 a       670     1     5     2    10
      0.5116525630 a       671     1     5     2    11
     -0.3615700254 a       672     1     5     2    12
     -0.5599591469 a       673     1     5     2    13
      0.2446472023 a       674     1     5     2    14
     -0.4888912862 a       675     1     5     2    15
     -0.3277128279 a       676     1     5     2    16
      0.3343004890 a       677     1     5     2    17
     -0.4121165334 a       678     1     5     2    18
     -0.0797630344 a       679     1     5     2    19
      0.4502592387 a       680     1     5     2    20
      0.0615954704 a       681     1     6     2     1
     -0.6718402079 a       682     1     6     2     2
      0.4662253499 a       683     1     6     2     3
      0.1001147730 a       684     1     6     2     4
     -0.3649709840 a       685     1     6     2     5
     -0.3499630324 a       686     1     6     2     6
      0.1785616631 a       687     1     6     2     7
      0.1619030365 a       688     1     6     2     8
      0.2117279375 a       689     1     6     2     9
     -0.2630833073 a       690     1     6     2    10
     -0.5335413744 a       691     1     6     2    11
     -0.1791628183 a       692     1     6     2    12
     -0.5382086613 a       693     1     6     2    13
      0.3203240285 a       694     1     6     2    14
     -0.1688203343 a       695     1     6     2    15
      0.1337626708 a       696     1     6     2    16
     -0.0082612369 a       697     1     6     2    17
     -0.1381413291 a       698     1     6     2    18
     -0.3160823839 a       699     1     6     2    19
     -0.1818453580 a       700     1     6     2    20
      0.6041599764 a       701     1     7     2     1
      0.2998186297 a       702     1     7     2     2
     -0.2679144807 a       703     1     7     2     3
     -0.0389790950 a       704     1     7     2     4
     -0.4173187349 a       705     1     7     2     5
      0.3023980286 a       706     1     7     2     6
     -0.1484206138 a       707     1     7     2     7
      0.1234938476 a       708     1     7     2     8
      0.1517798973 a       709     1     7     2     9
      0.5296131174 a       710     1     7     2    10
     -0.1143430872 a       711     1     7     2    11
      0.6152129228 a       712     1     7     2    12
      0.1393255880 a       713     1     7     2    13
      0.5304703906 a       714     1     7     2    14
     -0.3285979307 a       715     1     7     2    15
      0.1006865569 a       716     1     7     2    16
     -0.3379405980 a       717     1     7     2    17
      0.0566065903 a       718     1     7     2    18
     -0.0717852964 a       719     1     7     2    19
      0.1265160094 a       720     1     7     2    20
     -0.1035877228 a       721     1     8     2     1
      0.4371652602 a       722     1     8     2     2
      0.5142289529 a       723     1     8     2     3
     -0.6334023658 a       724     1     8     2     4
     -0.0947606625 a       725     1     8     2     5
     -0.3276516337 a       726     1     8     2     6
      0.2245100944 a       727     1     8     2     7
     -0.5061283527 a       728     1     8     2     8
      0.4558972738 a       729     1     8     2     9
     -0.1894264563 a       730     1     8     2    10
      0.4278072957 a       731     1     8     2    11
     -0.2509105935 a       732     1     8     2    12
      0.3428182494 a       733     1     8     2    13
     -0.5872010906 a       734     1     8     2    14
      0.5662170174 a       735     1     8     2    15
     -0.6857460412 a       736     1     8     2    16
      0.0002337807 a       737     1     8     2    17
      0.6381219239 a       738     1     8     2    18
     -0.2694299873 a       739     1     8     2    19
     -0.3173682670 a       740     1     8     2    20
     -0.2430437315 a       741     1     9     2     1
     -0.4423037101 a       742     1     9     2     2
      0.3253220248 a       743     1     9     2     3
      0.2916337105 a       744     1     9     2     4
     -0.6225638957 a       745     1     9     2     5
      0.1094984720 a       746     1     9     2     6
     -0.1725773358 a       747     1     9     2     7
     -0.4065014417 a       748     1     9     2     8
      0.4208239583 a       749     1     9     2     9
      0.0648214732 a       750     1     9     2    10
     -0.0447550169 a       751     1     9     2    11
      0.4915159393 a       752     1     9     2    12
     -0.2004888194 a       753     1     9     2    13
      0.4729123014 a       754     1     9     2    14
     -0.0142290915 a       755     1     9     2    15
      0.0975161588 a       756     1     9     2    16
      0.3342277074 a       757     1     9     2    17
     -0.2492772572 a       758     1     9     2    18
     -0.4601182375 a       759     1     9     2    19
      0.3790010775 a       760     1     9     2    20
     -0.3252369617 a       761     1    10     2     1
     -0.0501707703 a       762     1    10     2     2
     -0.0069702291 a       763     1    10     2     3
     -0.3468376677 a       764     1    10     2     4
     -0.4101641095 a       765     1    10     2     5
     -0.3574112242 a       766     1    10     2     6
     -0.0658195765 a       767     1    10     2     7
      0.4796762570 a       768     1    10     2     8
     -0.3278713904 a       769     1    10     2     9
      0.0426685707 a       770     1    10     2    10
      0.2371045455 a       771     1    10     2    11
     -0.3509454828 a       772     1    10     2    12
      0.3614721110 a       773     1    10     2    13
     -0.0587200594 a       774     1    10     2    14
      0.2021105697 a       775     1    10     2    15
     -0.3947287589 a       776     1    10     2    16
     -0.6642114588 a       777     1    10     2    17
      0.3186073975 a       778     1    10     2    18
      0.4674618721 a       779     1    10     2    19
      0.4318773510 a       780     1    10     2    20
     -0.5382155496 a       781     1    11     2     1
      0.2200742684 a       782     1    11     2     2
      0.4447899975 a       783     1    11     2     3
     -0.5298670835 a       784     1    11     2     4
      0.1131777592 a       785     1    11     2     5
     -0.4041206901 a       786     1    11     2     6
      0.4472338557 a       787     1    11     2     7
      0.1689095779 a       788     1    11     2     8
      0.4724877149 a       789     1    11     2     9
      0.4186481670 a       790     1    11     2    10
      0.0497070288 a       791     1    11     2    11
      0.2629432765 a       792     1    11     2    12
     -0.3259328221 a       793     1    11     2    13
     -0.3951272675 a       794     1    11     2    14
      0.4226816213 a       795     1    11     2    15
     -0.5103046206 a       796     1    11     2    16
     -0.2981268335 a       797     1    11     2    17
     -0.4343214628 a       798     1    11     2    18
     -0.4314209547 a       799     1    11     2    19
      0.3634700402 a       800     1    11     2    20
      0.0665075522 a       801     1    12     2     1
      0.4794824053 a       802     1    12     2     2
     -0.4525697037 a       803     1    12     2     3
     -0.5164232291 a       804     1    12     2     4
     -0.1511683067 a       805     1    12     2     5
     -0.3757232979 a       806     1    12     2     6
      0.4665655338 a       807     1    12     2     7
     -0.5202252075 a       808     1    12     2     8
      0.0038375530 a       809     1    12     2     9
     -0.0345741845 a       810     1    12     2    10
     -0.5964871537 a       811     1    12     2    11
      0.2894440205 a       812     1    12     2    12
     -0.3735295789 a       813     1    12     2    13
      0.3586998819 a       814     1    12     2    14
     -0.6788755623 a       815     1    12     2    15
      0.3312037105 a       816     1    12     2    16
      0.5518444854 a       817     1    12     2    17
      0.5662223567 a       818     1    12     2    18
      0.2750168536 a       819     1    12     2    19
      0.4282135258 a       820     1    12     2    20
     -0.3641228692 a       821     1    13     2     1
      0.0177590969 a       822     1    13     2     2
      0.6527851284 a       823     1    13     2     3
      0.1235594355 a       824     1    13     2     4
      0.0623713366 a       825     1    13     2     5
     -0.5277955712 a       826     1    13     2     6
      0.3576370881 a       827     1    13     2     7
      0.3594737445 a       828     1    13     2     8
      0.2544269408 a       829     1    13     2     9
     -0.2295021947 a       830     1    13     2    10
      0.3890461683 a       831     1    13     2    11
      0.4374758301 a       832     1    13     2    12
     -0.4199454852 a       833     1    13     2    13
     -0.3816680454 a       834     1    13     2    14
      0.0272203277 a       835     1    13     2    15
     -0.1013927836 a       836     1    13     2    16
     -0.2920867062 a       837     1    13     2    17
      0.0641711456 a       838     1    13     2    18
      0.4863381165 a       839     1    13     2    19
      0.4740270033 a       840     1    13     2    20
     -0.1711907107 a       841     1    14     2     1
      0.2500573035 a       842     1    14     2     2
      0.1904637148 a       843     1    14     2     3
     -0.1512721842 a       844     1    14     2     4
     -0.1933912000 a       845     1    14     2     5
     -0.2174786612 a       846     1    14     2     6
     -0.5478217102 a       847     1    14     2     7
     -0.4515067806 a       848     1    14     2     8
      0.1874640011 a       849     1    14     2     9
     -0.4669367597 a       850     1    14     2    10
     -0.1024348560 a       851     1    14     2    11
     -0.2979768791 a       852     1    14     2    12
     -0.0986493100 a       853     1    14     2    13
      0.0445987421 a       854     1    14     2    14
     -0.4721053207 a       855     1    14     2    15
      0.4044163531 a       856     1    14     2    16
      0.1365153091 a       857     1    14     2    17
     -0.1983181573 a       858     1    14     2    18
     -0.3866567609 a       859     1    14     2    19
     -0.2756259058 a       860     1    14     2    20
      0.1524572859 a       861     1    15     2     1
      0.2694264995 a       862     1    15     2     2
     -0.4075065410 a       863     1    15     2     3
     -0.1746147237 a       864     1    15     2     4
      0.1551071352 a       865     1    15     2     5
      0.4356913809 a       866     1    15     2     6
     -0.4726604761 a       867     1    15     2     7
      0.1061442991 a       868     1    15     2     8
     -0.4973349729 a       869     1    15     2     9
     -0.5400196987 a       870     1    15     2    10
      0.0954412546 a       871     1    15     2    11
     -0.5516210061 a       872     1    15     2    12
      0.5675048021 a       873     1    15     2    13
     -0.3564480400 a       874     1    15     2    14
      0.3908422196 a       875     1    15     2    15
     -0.6197249601 a       876     1    15     2    16
      0.5643334305 a       877     1    15     2    17
     -0.0026031986 a       878     1    15     2    18
      0.1071662097 a       879     1    15     2    19
      0.5163389266 a       880     1    15     2    20
     -0.3344159131 a       881     1    16     2     1
     -0.6728477897 a       882     1    16     2     2
      0.0784772051 a       883     1    16     2     3
     -0.1659501408 a       884     1    16     2     4
     -0.3155503016 a       885     1    16     2     5
     -0.3246702483 a       886     1    16     2     6
     -0.0951999450 a       887     1    16     2     7
     -0.0826027725 a       888     1    16     2     8
      0.3176319477 a       889     1    16     2     9
     -0.1960710695 a       890     1    16     2    10
     -0.0366263705 a       891     1    16     2    11
      0.1511055770 a       892     1    16     2    12
      0.1816816871 a       893     1    16     2    13
      0.3367650169 a       894     1    16     2    14
      0.3101198301 a       895     1    16     2    15
      0.0988286473 a       896     1    16     2    16
      0.5229442088 a       897     1    16     2    17
     -0.2837495016 a       898     1    16     2    18
     -0.4413122173 a       899     1    16     2    19
      0.4625972496 a       900     1    16     2    20
      0.5366969158 a       901     1    17     2     1
     -0.2135278269 a       902     1    17     2     2
     -0.5140548237 a       903     1    17     2     3
     -0.2142281034 a       904     1    17     2     4
     -0.5937961371 a       905     1    17     2     5
     -0.5375035067 a       906     1    17     2     6
      0.0652363336 a       907     1    17     2     7
     -0.3646906645 a       908     1    17     2     8
     -0.6532317177 a       909     1    17     2     9
     -0.4009832006 a       910     1    17     2    10
     -0.6566437614 a       911     1    17     2    11
     -0.2304037727 a       912     1    17     2    12
      0.3150246788 a       913     1    17     2    13
      0.1764499859 a       914     1    17     2    14
      0.2488315653 a       915     1    17     2    15
      0.4025925020 a       916     1    17     2    16
      0.0854226089 a       917     1    17     2    17
      0.2856548216 a       918     1    17     2    18
     -0.4124697857 a       919     1    17     2    19
      0.4920128646 a       920     1    17     2    20
     -0.1603744190 a       921     1    18     2     1
     -0.1320053205 a       922     1    18     2     2
     -0.2686024299 a       923     1    18     2     3
      0.5041219642 a       924     1    18     2     4
     -0.5753838837 a       925     1    18     2     5
     -0.4338983074 a       926     1    18     2     6
     -0.1331489937 a       927     1    18     2     7
      0.6185607658 a       928     1    18     2     8
      0.3109607068 a       929     1    18     2     9
      0.1169731636 a       930     1    18     2    10
      0.3368929855 a       931     1    18     2    11
     -0.3592114807 a       932     1    18     2    12
      0.2134625573 a       933     1    18     2    13
      0.4107472398 a       934     1    18     2    14
     -0.1380953486 a       935     1    18     2    15
      0.2497328803 a       936     1    18     2    16
     -0.1950720144 a       937     1    18     2    17
      0.1442538386 a       938     1    18     2    18
      0.4988312834 a       939     1    18     2    19
      0.5660406546 a       940     1    18     2    20
     -0.5425885003 a       941     1    19     2     1
      0.4204665997 a       942     1    19     2     2
     -0.0166058073 a       943     1    19     2     3
     -0.5307948946 a       944     1    19     2     4
      0.1093908965 a       945     1    19     2     5
      0.3215362260 a       946     1    19     2     6
      0.1052608894 a       947     1    19     2     7
     -0.5413466481 a       948     1    19     2     8
     -0.2338516121 a       949     1    19     2     9
      0.2976234039 a       950     1    19     2    10
     -0.2933864995 a       951     1    19     2    11
     -0.2511985306 a       952     1    19     2    12
     -0.5112107575 a       953     1    19     2    13
     -0.5452572337 a       954     1    19     2    14
     -0.6118500876 a       955     1    19     2    15
     -0.1449442836 a       956     1    19     2    16
     -0.0676556659 a       957     1    19     2    17
     -0.5113833116 a       958     1    19     2    18
      0.4085399747 a       959     1    19     2    19
      0.1819437725 a       960     1    19     2    20
     -0.5979325060 a       961     1    20     2     1
     -0.0734900461 a       962     1    20     2     2
      0.5339794551 a       963     1    20     2     3
     -0.1543102806 a       964     1    20     2     4
     -0.2786691330 a       965     1    20     2     5
      0.5163405512 a       966     1    20     2     6
     -0.4624332297 a       967     1    20     2     7
      0.1162108177 a       968     1    20     2     8
     -0.3128553262 a       969     1    20     2     9
     -0.5096764985 a       970     1    20     2    10
     -0.1127814035 a       971     1    20     2    11
     -0.1036302322 a       972     1    20     2    12
      0.4162241677 a       973     1    20     2    13
      0.2936500451 a       974     1    20     2    14
      0.1015436484 a       975     1    20     2    15
     -0.5303085584 a       976     1    20     2    16
      0.1604251157 a       977     1    20     2    17
      0.5820859817 a       978     1    20     2    18
     -0.1975993970 a       979     1    20     2    19
      0.2774686768 a       980     1    20     2    20
     -0.5341441026 b       981     2     1
     -1.0221821363 b       982     2     2
      0.1756370571 b       983     2     3
     -1.5488556094 b       984     2     4
      0.3296341859 b       985     2     5
      1.0767339410 b       986     2     6
      1.5555009036 b       987     2     7
      0.2136580261 b       988     2     8
     -0.9738353493 b       989     2     9
      0.8771789876 b       990     2    10
     -0.7304349541 b       991     2    11
     -0.3214147197 b       992     2    12
     -0.4935153454 b       993     2    13
     -0.5438487348 b       994     2    14
      1.0345314229 b       995     2    15
      0.0825306307 b       996     2    16
      1.0002616593 b       997     2    17
     -0.9391998379 b       998     2    18
     -1.4089308660 b       999     2    19
      0.4156279551 b      1000     2    20
      0.0321605514 a      1001     2     1     3     1
      0.0058014388 a      1002     2     2     3     1
      0.0067444198 a      1003     2     3     3     1
     -0.0089286066 a      1004     2     4     3     1
      0.0000473340 a      1005     2     5     3     1
     -0.0047056039 a      1006     2     6     3     1
      0.0094930786 a      1007     2     7     3     1
     -0.0098756217 a      1008     2     8     3     1
      0.0001869482 a      1009     2     9     3     1
     -0.0066288305 a      1010     2    10     3     1
      0.0220059407 a      1011     2    11     3     1
     -0.0117299230 a      1012     2    12     3     1
     -0.0097912581 a      1013     2    13     3     1
      0.0246065742 a      1014     2    14     3     1
      0.0061025913 a      1015     2    15     3     1
      0.0040915203 a      1016     2    16     3     1
     -0.0019788567 a      1017     2    17     3     1
     -0.0085829990 a      1018     2    18     3     1
     -0.0067132291 a      1019     2    19     3     1
     -0.0015431204 a      1020     2    20     3     1
     19.7096386519 b      1021     3     1
