     -0.0049848688 a         1     0     1     1     1
     -0.1735966337 a         2     0     1     1     2
     -0.0837401752 a         3     0     1     1     3
     -0.0275058903 a         4     0     1     1     4
      0.4460693127 a         5     0     1     1     5
     -0.1396796049 a         6     0     1     1     6
     -0.0541577413 a         7     0     1     1     7
     -0.0594004976 a         8     0     1     1     8
     -0.0380609739 a         9     0     1     1     9
      0.4479887425 a        10     0     1     1    10
      0.1110995344 a        11     0     1     1    11
      0.1299202173 a        12     0     1     1    12
     -0.4005764952 a        13     0     1     1    13
     -0.1109218157 a        14     0     1     1    14
     -0.2185913988 a        15     0     1     1    15
      0.0627530182 a        16     0     1     1    16
     -0.1954915927 a        17     0     1     1    17
      0.0802202584 a        18     0     1     1    18
      0.2821395799 a        19     0     1     1    19
     -0.2147272523 a        20     0     1     1    20
      0.1582941688 a        21     0     2     1     1
     -0.0567457772 a        22     0     2     1     2
      0.2929363517 a        23     0     2     1     3
      0.2321829281 a        24     0     2     1     4
     -0.1041335742 a        25     0     2     1     5
      0.4092201086 a        26     0     2     1     6
      0.3512781055 a        27     0     2     1     7
      0.3276878572 a        28     0     2     1     8
      0.3700945391 a        29     0     2     1     9
     -0.0930133607 a        30     0     2     1    10
      0.2745878396 a        31     0     2     1    11
     -0.4225925441 a        32     0     2     1    12
      0.2768389759 a        33     0     2     1    13
      0.0402627570 a        34     0     2     1    14
      0.2668834958 a        35     0     2     1    15
     -0.1983712827 a        36     0     2     1    16
      0.2280336718 a        37     0     2     1    17
     -0.1734717142 a        38     0     2     1    18
      0.4249426123 a        39     0     2     1    19
      0.4914397381 a        40     0     2     1    20
      0.0462853592 a        41     0     3     1     1
     -0.2088617437 a        42     0     3     1     2
     -0.1044299369 a        43     0     3     1     3
      0.0505782801 a        44     0     3     1     4
      0.4777616613 a        45     0     3     1     5
     -0.2665018427 a        46     0     3     1     6
     -0.3980406604 a        47     0     3     1     7
      0.3366684351 a        48     0     3     1     8
     -0.1958712938 a        49     0     3     1     9
      0.3979442235 a        50     0     3     1    10
     -0.0501204303 a        51     0     3     1    11
      0.0461519008 a        52     0     3     1    12
     -0.2701814132 a        53     0     3     1    13
      0.3185947739 a        54     0     3     1    14
     -0.0825287906 a        55     0     3     1    15
      0.3671976714 a        56     0     3     1    16
     -0.4400078712 a        57     0     3     1    17
      0.3284189311 a        58     0     3     1    18
      0.0389598152 a        59     0     3     1    19
      0.0513953053 a        60     0     3     1    20
      0.0819125045 a        61     0     4     1     1
     -0.1687820825 a        62     0     4     1     2
      0.0844733186 a        63     0     4     1     3
     -0.4394278102 a        64     0     4     1     4
     -0.0468122196 a        65     0     4     1     5
      0.3636769348 a        66     0     4     1     6
     -0.1060684830 a        67     0     4     1     7
      0.1272535692 a        68     0     4     1     8
      0.1948589834 a        69     0     4     1     9
     -0.4597914246 a        70     0     4     1    10
     -0.1663396607 a        71     0     4     1    11
     -0.0601986456 a        72     0     4     1    12
      0.0183450187 a        73     0     4     1    13
     -0.0557201395 a        74     0     4     1    14
      0.0156847907 a        75     0     4     1    15
      0.0460839552 a        76     0     4     1    16
     -0.0217348864 a        77     0     4     1    17
     -0.0180799451 a        78     0     4     1    18
      0.3480517342 a        79     0     4     1    19
      0.0620034599 a        80     0     4     1    20
     -0.2790582025 a        81     0     5     1     1
     -0.4100685929 a        82     0     5     1     2
     -0.3585531335 a        83     0     5     1     3
     -0.1695370628 a        84     0     5     1     4
      0.3508111341 a        85     0     5     1     5
      0.0737964177 a        86     0     5     1     6
      0.2377963913 a        87     0     5     1     7
     -0.1113342073 a        88     0     5     1     8
      0.3543325935 a        89     0     5     1     9
     -0.1909994232 a        90     0     5     1    10
      0.1399761854 a        91     0     5     1    11
      0.1276578747 a        92     0     5     1    12
     -0.2104596437 a        93     0     5     1    13
     -0.1499991289 a        94     0     5     1    14
      0.0773147961 a        95     0     5     1    15
     -0.0297216744 a        96     0     5     1    16
     -0.3250604385 a        97     0     5     1    17
      0.0268565174 a        98     0     5     1    18
     -0.1264940638 a        99     0     5     1    19
      0.3365464724 a       100     0     5     1    20
     -0.4129548692 a       101     0     6     1     1
     -0.3741461155 a       102     0     6     1     2
      0.1416523049 a       103     0     6     1     3
     -0.3053531040 a       104     0     6     1     4
     -0.1309676707 a       105     0     6     1     5
     -0.3258428219 a       106     0     6     1     6
     -0.1081877514 a       107     0     6     1     7
     -0.0774658345 a       108     0     6     1     8
      0.4304690076 a       109     0     6     1     9
     -0.2877784112 a       110     0     6     1    10
     -0.1296080126 a       111     0     6     1    11
     -0.4263426234 a       112     0     6     1    12
      0.3519144060 a       113     0     6     1    13
     -0.3915588213 a       114     0     6     1    14
      0.2813669648 a       115     0     6     1    15
      0.1125355786 a       116     0     6     1    16
     -0.1218992544 a       117     0     6     1    17
      0.1706645449 a       118     0     6     1    18
     -0.1796460231 a       119     0     6     1    19
      0.4282729547 a       120     0     6     1    20
     -0.4422026063 a       121     0     7     1     1
     -0.1106544164 a       122     0     7     1     2
     -0.0792970228 a       123     0     7     1     3
      0.1252470756 a       124     0     7     1     4
     -0.3835825227 a       125     0     7     1     5
      0.1084083404 a       126     0     7     1     6
      0.0313574731 a       127     0     7     1     7
      0.2631037884 a       128     0     7     1     8
      0.2218818638 a       129     0     7     1     9
      0.0634953716 a       130     0     7     1    10
      0.3229105775 a       131     0     7     1    11
      0.3598655118 a       132     0     7     1    12
      0.0423391294 a       133     0     7     1    13
      0.4470830878 a       134     0     7     1    14
      0.1113575690 a       135     0     7     1    15
      0.2080175646 a       136     0     7     1    16
      0.0998544472 a       137     0     7     1    17
     -0.4933613790 a       138     0     7     1    18
     -0.2181027161 a       139     0     7     1    19
      0.1919488497 a       140     0     7     1    20
     -0.4128424721 a       141     0     8     1     1
      0.2331240181 a       142     0     8     1     2
     -0.4413083895 a       143     0     8     1     3
     -0.3300688764 a       144     0     8     1     4
     -0.0511556119 a       145     0     8     1     5
      0.1954683563 a       146     0     8     1     6
      0.2319637435 a       147     0     8     1     7
      0.2877618294 a       148     0     8     1     8
     -0.2998568457 a       149     0     8     1     9
     -0.1397225545 a       150     0     8     1    10
      0.3190730274 a       151     0     8     1    11
     -0.0327807459 a       152     0     8     1    12
      0.4542082931 a       153     0     8     1    13
     -0.1033849779 a       154     0     8     1    14
     -0.1902797195 a       155     0     8     1    15
     -0.0062813598 a       156     0     8     1    16
     -0.4330311771 a       157     0     8     1    17
      0.1824101241 a       158     0     8     1    18
     -0.4945616552 a       159     0     8     1    19
     -0.1591191347 a       160     0     8     1    20
     -0.4158167232 a       161     0     9     1     1
      0.2742348014 a       162     0     9     1     2
     -0.1388856236 a       163     0     9     1     3
      0.0801933704 a       164     0     9     1     4
     -0.2711915319 a       165     0     9     1     5
     -0.2851604545 a       166     0     9     1     6
     -0.3616581763 a       167     0     9     1     7
     -0.3974737968 a       168     0     9     1     8
     -0.4799875914 a       169     0     9     1     9
     -0.3424116658 a       170     0     9     1    10
     -0.4500081735 a       171     0     9     1    11
     -0.1746016871 a       172     0     9     1    12
      0.4395454648 a       173     0     9     1    13
      0.4883510977 a       174     0     9     1    14
     -0.4198050234 a       175     0     9     1    15
      0.3801209212 a       176     0     9     1    16
      0.3520177099 a       177     0     9     1    17
     -0.3725243938 a       178     0     9     1    18
     -0.3247035850 a       179     0     9     1    19
     -0.2746951333 a       180     0     9     1    20
     -0.0690266092 a       181     0    10     1     1
      0.1373145315 a       182     0    10     1     2
     -0.2367618393 a       183     0    10     1     3
      0.3531354020 a       184     0    10     1     4
     -0.0526131424 a       185     0    10     1     5
     -0.3014721590 a       186     0    10     1     6
     -0.0265595946 a       187     0    10     1     7
      0.1014342504 a       188     0    10     1     8
     -0.3377066161 a       189     0    10     1     9
     -0.2009226712 a       190     0    10     1    10
     -0.3272433173 a       191     0    10     1    11
     -0.1807095056 a       192     0    10     1    12
      0.1819048381 a       193     0    10     1    13
     -0.4405171275 a       194     0    10     1    14
     -0.3238048524 a       195     0    10     1    15
      0.1249674440 a       196     0    10     1    16
      0.2570917464 a       197     0    10     1    17
     -0.0232974402 a       198     0    10     1    18
     -0.1987970158 a       199     0    10     1    19
     -0.3742436885 a       200     0    10     1    20
      0.1240074006 a       201     0    11     1     1
     -0.0766025087 a       202     0    11     1     2
     -0.4316200392 a       203     0    11     1     3
     -0.2669851662 a       204     0    11     1     4
      0.1859103285 a       205     0    11     1     5
     -0.1024958013 a       206     0    11     1     6
     -0.2915976728 a       207     0    11     1     7
     -0.0824317163 a       208     0    11     1     8
     -0.3980757010 a       209     0    11     1     9
      0.0263337108 a       210     0    11     1    10
     -0.1779714774 a       211     0    11     1    11
     -0.0504279582 a       212     0    11     1    12
      0.3198823978 a       213     0    11     1    13
      0.1745578083 a       214     0    11     1    14
      0.0664309377 a       215     0    11     1    15
      0.3798750657 a       216     0    11     1    16
     -0.4441021406 a       217     0    11     1    17
      0.4818364137 a       218     0    11     1    18
     -0.0046166430 a       219     0    11     1    19
     -0.4490467667 a       220     0    11     1    20
     -0.0457257637 a       221     0    12     1     1
      0.2843468990 a       222     0    12     1     2
     -0.0875525223 a       223     0    12     1     3
     -0.4236997416 a       224     0    12     1     4
      0.1510908038 a       225     0    12     1     5
     -0.3845215325 a       226     0    12     1     6
      0.0692544039 a       227     0    12     1     7
      0.4824474033 a       228     0    12     1     8
      0.1178369568 a       229     0    12     1     9
      0.1101661267 a       230     0    12     1    10
      0.1607796872 a       231     0    12     1    11
      0.3424381665 a       232     0    12     1    12
      0.4321883108 a       233     0    12     1    13
      0.2534717992 a       234     0    12     1    14
      0.1570553350 a       235     0    12     1    15
     -0.4401810202 a       236     0    12     1    16
     -0.2934810845 a       237     0    12     1    17
     -0.3073984111 a       238     0    12     1    18
      0.4310850625 a       239     0    12     1    19
      0.1460183889 a       240     0    12     1    20
     -0.2285611737 a       241     0    13     1     1
     -0.3020315528 a       242     0    13     1     2
     -0.2006621332 a       243     0    13     1     3
      0.2756928603 a       244     0    13     1     4
      0.4203510237 a       245     0    13     1     5
     -0.2687150012 a       246     0    13     1     6
      0.2896169690 a       247     0    13     1     7
      0.1183749931 a       248     0    13     1     8
      0.0602861630 a       249     0    13     1     9
     -0.0863167212 a       250     0    13     1    10
      0.2856435178 a       251     0    13     1    11
      0.0533859192 a       252     0    13     1    12
     -0.4221709788 a       253     0    13     1    13
     -0.2685261343 a       254     0    13     1    14
      0.2292879184 a       255     0    13     1    15
      0.2886208419 a       256     0    13     1    16
     -0.4012132892 a       257     0    13     1    17
      0.0606101686 a       258     0    13     1    18
     -0.3283361087 a       259     0    13     1    19
     -0.0890863589 a       260     0    13     1    20
      0.4237357193 a       261     0    14     1     1
     -0.2702180988 a       262     0    14     1     2
      0.4782836166 a       263     0    14     1     3
     -0.3736019106 a       264     0    14     1     4
     -0.1480517215 a       265     0    14     1     5
      0.1097277928 a       266     0    14     1     6
     -0.3591730257 a       267     0    14     1     7
      0.3595335503 a       268     0    14     1     8
      0.0933848522 a       269     0    14     1     9
     -0.3868801796 a       270     0    14     1    10
     -0.3415489860 a       271     0    14     1    11
      0.3141903626 a       272     0    14     1    12
     -0.0935229140 a       273     0    14     1    13
      0.1355016903 a       274     0    14     1    14
     -0.4012791805 a       275     0    14     1    15
      0.4678379694 a       276     0    14     1    16
     -0.2427389484 a       277     0    14     1    17
     -0.2284316759 a       278     0    14     1    18
      0.2689452358 a       279     0    14     1    19
      0.0105488431 a       280     0    14     1    20
     -0.2830821648 a       281     0    15     1     1
     -0.5548478204 a       282     0    15     1     2
      0.4737108746 a       283     0    15     1     3
      0.1256713241 a       284     0    15     1     4
     -0.2944387664 a       285     0    15     1     5
      0.4222316199 a       286     0    15     1     6
      0.0498403873 a       287     0    15     1     7
     -0.4708784666 a       288     0    15     1     8
      0.2540327311 a       289     0    15     1     9
      0.4868156798 a       290     0    15     1    10
      0.2877782413 a       291     0    15     1    11
     -0.2415285517 a       292     0    15     1    12
     -0.0335373444 a       293     0    15     1    13
     -0.4698366384 a       294     0    15     1    14
     -0.0404369703 a       295     0    15     1    15
     -0.0315417913 a       296     0    15     1    16
     -0.1684408899 a       297     0    15     1    17
     -0.3484835626 a       298     0    15     1    18
      0.2709217218 a       299     0    15     1    19
     -0.1242612927 a       300     0    15     1    20
     -0.0812298871 a       301     0    16     1     1
     -0.1613606117 a       302     0    16     1     2
     -0.0616672506 a       303     0    16     1     3
     -0.4364734764 a       304     0    16     1     4
     -0.4404810808 a       305     0    16     1     5
      0.3789078247 a       306     0    16     1     6
     -0.2459104624 a       307     0    16     1     7
     -0.0276931836 a       308     0    16     1     8
     -0.2803248133 a       309     0    16     1     9
      0.0631405684 a       310     0    16     1    10
     -0.4782439350 a       311     0    16     1    11
     -0.3685856560 a       312     0    16     1    12
     -0.1105505956 a       313     0    16     1    13
      0.1088302425 a       314     0    16     1    14
     -0.0302819067 a       315     0    16     1    15
      0.4688728457 a       316     0    16     1    16
      0.2792802878 a       317     0    16     1    17
      0.0483158011 a       318     0    16     1    18
      0.0793394690 a       319     0    16     1    19
      0.2034499867 a       320     0    16     1    20
      0.4297162440 a       321     0    17     1     1
      0.0035880084 a       322     0    17     1     2
     -0.2074430808 a       323     0    17     1     3
      0.3029234034 a       324     0    17     1     4
     -0.0226289487 a       325     0    17     1     5
      0.1883281674 a       326     0    17     1     6
     -0.1218865025 a       327     0    17     1     7
     -0.4105943093 a       328     0    17     1     8
      0.2968827347 a       329     0    17     1     9
     -0.2930512262 a       330     0    17     1    10
      0.2487793407 a       331     0    17     1    11
     -0.0561913475 a       332     0    17     1    12
      0.0361485563 a       333     0    17     1    13
      0.3153789212 a       334     0    17     1    14
     -0.4154099018 a       335     0    17     1    15
      0.1393190140 a       336     0    17     1    16
     -0.1340357615 a       337     0    17     1    17
     -0.3092714423 a       338     0    17     1    18
     -0.1665215753 a       339     0    17     1    19
      0.1516071842 a       340     0    17     1    20
     -0.0049348851 a       341     0    18     1     1
      0.4417953056 a       342     0    18     1     2
      0.4146876876 a       343     0    18     1     3
     -0.1325799401 a       344     0    18     1     4
      0.1668944215 a       345     0    18     1     5
     -0.3390452744 a       346     0    18     1     6
      0.1290008600 a       347     0    18     1     7
      0.2273588613 a       348     0    18     1     8
      0.4344871066 a       349     0    18     1     9
      0.0678406835 a       350     0    18     1    10
      0.4190793284 a       351     0    18     1    11
     -0.4151142438 a       352     0    18     1    12
     -0.4495727834 a       353     0    18     1    13
     -0.0828707062 a       354     0    18     1    14
      0.4409220723 a       355     0    18     1    15
     -0.2030563196 a       356     0    18     1    16
     -0.2610344250 a       357     0    18     1    17
      0.0807296738 a       358     0    18     1    18
      0.3816267379 a       359     0    18     1    19
      0.1364863782 a       360     0    18     1    20
     -0.3633718053 a       361     0    19     1     1
      0.0215852525 a       362     0    19     1     2
      0.2467647012 a       363     0    19     1     3
     -0.3216804880 a       364     0    19     1     4
     -0.1670018271 a       365     0    19     1     5
      0.2426415543 a       366     0    19     1     6
     -0.2203006881 a       367     0    19     1     7
     -0.0053456536 a       368     0    19     1     8
     -0.4888141271 a       369     0    19     1     9
     -0.1854158642 a       370     0    19     1    10
      0.4619069126 a       371     0    19     1    11
     -0.3453709998 a       372     0    19     1    12
      0.2559122169 a       373     0    19     1    13
      0.2920440289 a       374     0    19     1    14
      0.3597645755 a       375     0    19     1    15
     -0.3834007221 a       376     0    19     1    16
     -0.3545829124 a       377     0    19     1    17
      0.4233262149 a       378     0    19     1    18
      0.0806620525 a       379     0    19     1    19
      0.0219266072 a       380     0    19     1    20
     -0.3906999867 a       381     0    20     1     1
      0.4279823796 a       382     0    20     1     2
     -0.2192493792 a       383     0    20     1     3
      0.1178854949 a       384     0    20     1     4
     -0.2514186704 a       385     0    20     1     5
      0.3814319441 a       386     0    20     1     6
      0.3768184017 a       387     0    20     1     7
     -0.0264955591 a       388     0    20     1     8
     -0.1809537880 a       389     0    20     1     9
      0.3500928012 a       390     0    20     1    10
      0.1516745843 a       391     0    20     1    11
      0.3113450800 a       392     0    20     1    12
      0.3514443197 a       393     0    20     1    13
     -0.0819453381 a       394     0    20     1    14
      0.0885848632 a       395     0    20     1    15
      0.1334677586 a       396     0    20     1    16
      0.1413247865 a       397     0    20     1    17
     -0.4786922833 a       398     0    20     1    18
     -0.3515531923 a       399     0    20     1    19
     -0.3110215386 a       400     0    20     1    20
      0.4496259122 a       401     0    21     1     1
      0.2834453757 a       402     0    21     1     2
      0.0109399170 a       403     0    21     1     3
      0.2731967144 a       404     0    21     1     4
     -0.1130378997 a       405     0    21     1     5
      0.1927646319 a       406     0    21     1     6
      0.0774864825 a       407     0    21     1     7
      0.3523310251 a       408     0    21     1     8
     -0.0917800647 a       409     0    21     1     9
     -0.4539531920 a       410     0    21     1    10
      0.2983157487 a       411     0    21     1    11
      0.3257590945 a       412     0    21     1    12
     -0.3595685390 a       413     0    21     1    13
      0.0288408509 a       414     0    21     1    14
     -0.3405914366 a       415     0    21     1    15
      0.2984553481 a       416     0    21     1    16
     -0.3943325473 a       417     0    21     1    17
      0.1115583937 a       418     0    21     1    18
      0.0054975744 a       419     0    21     1    19
      0.2055754808 a       420     0    21     1    20
     -0.3902247877 a       421     0    22     1     1
     -0.1526246710 a       422     0    22     1     2
     -0.0650451978 a       423     0    22     1     3
     -0.0439723843 a       424     0    22     1     4
      0.1109635892 a       425     0    22     1     5
      0.1338657801 a       426     0    22     1     6
      0.4515941056 a       427     0    22     1     7
     -0.1635585987 a       428     0    22     1     8
      0.0561496831 a       429     0    22     1     9
     -0.1005395246 a       430     0    22     1    10
      0.3574838400 a       431     0    22     1    11
     -0.3125845839 a       432     0    22     1    12
      0.0511807248 a       433     0    22     1    13
     -0.2393890825 a       434     0    22     1    14
     -0.3048195304 a       435     0    22     1    15
     -0.2548968363 a       436     0    22     1    16
     -0.0562912985 a       437     0    22     1    17
      0.1804440403 a       438     0    22     1    18
      0.4632662217 a       439     0    22     1    19
      0.2361552669 a       440     0    22     1    20
      0.1738228354 a       441     0    23     1     1
      0.0999670482 a       442     0    23     1     2
      0.3749472111 a       443     0    23     1     3
     -0.4338801942 a       444     0    23     1     4
      0.4543203076 a       445     0    23     1     5
     -0.4217038355 a       446     0    23     1     6
      0.3480444040 a       447     0    23     1     7
     -0.0635866755 a       448     0    23     1     8
     -0.2915263719 a       449     0    23     1     9
      0.2751393371 a       450     0    23     1    10
      0.1461982089 a       451     0    23     1    11
     -0.3807811203 a       452     0    23     1    12
      0.1703241407 a       453     0    23     1    13
     -0.3489178034 a       454     0    23     1    14
     -0.4721607945 a       455     0    23     1    15
     -0.3701333593 a       456     0    23     1    16
     -0.2316246734 a       457     0    23     1    17
     -0.3591181801 a       458     0    23     1    18
     -0.1551058039 a       459     0    23     1    19
     -0.3780076441 a       460     0    23     1    20
      0.0250191132 a       461     0    24     1     1
      0.4288323226 a       462     0    24     1     2
      0.2422669831 a       463     0    24     1     3
     -0.2916248603 a       464     0    24     1     4
      0.0806920644 a       465     0    24     1     5
      0.1577323688 a       466     0    24     1     6
     -0.1200651880 a       467     0    24     1     7
      0.4820359439 a       468     0    24     1     8
      0.1142766896 a       469     0    24     1     9
      0.0977051749 a       470     0    24     1    10
     -0.2447370574 a       471     0    24     1    11
     -0.2235195182 a       472     0    24     1    12
      0.3035096240 a       473     0    24     1    13
     -0.1698031431 a       474     0    24     1    14
     -0.0455204279 a       475     0    24     1    15
     -0.3761212149 a       476     0    24     1    16
      0.3227075847 a       477     0    24     1    17
      0.4464837812 a       478     0    24     1    18
     -0.4176029994 a       479     0    24     1    19
     -0.4649736468 a       480     0    24     1    20
     -0.2218862355 a       481     0    25     1     1
     -0.2218585691 a       482     0    25     1     2
      0.0740484306 a       483     0    25     1     3
     -0.2147472709 a       484     0    25     1     4
     -0.2688102366 a       485     0    25     1     5
     -0.0312200785 a       486     0    25     1     6
     -0.1455861312 a       487     0    25     1     7
      0.4275787676 a       488     0    25     1     8
     -0.1525166303 a       489     0    25     1     9
     -0.3038064207 a       490     0    25     1    10
      0.3653531169 a       491     0    25     1    11
     -0.2524705309 a       492     0    25     1    12
      0.3445004166 a       493     0    25     1    13
      0.4165259504 a       494     0    25     1    14
      0.3068132165 a       495     0    25     1    15
     -0.3406874022 a       496     0    25     1    16
     -0.2898481309 a       497     0    25     1    17
      0.0724005645 a       498     0    25     1    18
      0.0537168734 a       499     0    25     1    19
      0.3396634396 a       500     0    25     1    20
      0.1273556824 a       501     0    26     1     1
      0.1503126787 a       502     0    26     1     2
      0.1564346606 a       503     0    26     1     3
     -0.3317920683 a       504     0    26     1     4
      0.1045701307 a       505     0    26     1     5
      0.2585530900 a       506     0    26     1     6
      0.4286440852 a       507     0    26     1     7
     -0.2573413368 a       508     0    26     1     8
      0.3385371060 a       509     0    26     1     9
     -0.0615308958 a       510     0    26     1    10
      0.1010131860 a       511     0    26     1    11
      0.3861060735 a       512     0    26     1    12
      0.0906771893 a       513     0    26     1    13
      0.3154186177 a       514     0    26     1    14
      0.4214379267 a       515     0    26     1    15
      0.2540889667 a       516     0    26     1    16
     -0.0820098729 a       517     0    26     1    17
      0.0495858952 a       518     0    26     1    18
     -0.4893576633 a       519     0    26     1    19
      0.1166071212 a       520     0    26     1    20
      0.3893563732 a       521     0    27     1     1
     -0.0208726481 a       522     0    27     1     2
      0.2455558442 a       523     0    27     1     3
     -0.0961190801 a       524     0    27     1     4
      0.0030701919 a       525     0    27     1     5
     -0.3816056192 a       526     0    27     1     6
      0.3716211196 a       527     0    27     1     7
      0.0760526885 a       528     0    27     1     8
     -0.1275856550 a       529     0    27     1     9
      0.0598131882 a       530     0    27     1    10
     -0.0463004716 a       531     0    27     1    11
     -0.2913496859 a       532     0    27     1    12
     -0.2793870667 a       533     0    27     1    13
      0.3945081244 a       534     0    27     1    14
      0.4031951908 a       535     0    27     1    15
     -0.0227836035 a       536     0    27     1    16
     -0.1272712804 a       537     0    27     1    17
     -0.4636711458 a       538     0    27     1    18
      0.1433531979 a       539     0    27     1    19
      0.4875182049 a       540     0    27     1    20
      0.1005383311 a       541     0    28     1     1
      0.3925696411 a       542     0    28     1     2
      0.1075888402 a       543     0    28     1     3
     -0.2082045555 a       544     0    28     1     4
     -0.2908557859 a       545     0    28     1     5
     -0.0333426954 a       546     0    28     1     6
      0.4179597650 a       547     0    28     1     7
      0.3403472415 a       548     0    28     1     8
      0.1384484916 a       549     0    28     1     9
      0.3943850333 a       550     0    28     1    10
      0.0675687683 a       551     0    28     1    11
     -0.3337129173 a       552     0    28     1    12
     -0.1400305619 a       553     0    28     1    13
     -0.3143576670 a       554     0    28     1    14
     -0.2184646053 a       555     0    28     1    15
     -0.0843708065 a       556     0    28     1    16
     -0.3392827284 a       557     0    28     1    17
      0.1275982814 a       558     0    28     1    18
      0.2074004174 a       559     0    28     1    19
      0.4560730014 a       560     0    28     1    20
      0.0088797812 a       561     0    29     1     1
      0.4070932700 a       562     0    29     1     2
      0.4611498713 a       563     0    29     1     3
     -0.2738363477 a       564     0    29     1     4
     -0.4924892731 a       565     0    29     1     5
     -0.1237688281 a       566     0    29     1     6
     -0.3476684569 a       567     0    29     1     7
      0.1362461569 a       568     0    29     1     8
     -0.4230967418 a       569     0    29     1     9
     -0.2845196921 a       570     0    29     1    10
      0.1976255790 a       571     0    29     1    11
      0.1618178540 a       572     0    29     1    12
     -0.0733806337 a       573     0    29     1    13
     -0.0495299294 a       574     0    29     1    14
     -0.2906451371 a       575     0    29     1    15
     -0.0138941731 a       576     0    29     1    16
     -0.0164017884 a       577     0    29     1    17
      0.0344836740 a       578     0    29     1    18
      0.1382846658 a       579     0    29     1    19
      0.2123132892 a       580     0    29     1    20
     -0.3423672946 a       581     0    30     1     1
      0.1235595402 a       582     0    30     1     2
     -0.4322315909 a       583     0    30     1     3
     -0.4275960893 a       584     0    30     1     4
      0.3968511650 a       585     0    30     1     5
     -0.3533754718 a       586     0    30     1     6
      0.2525766343 a       587     0    30     1     7
     -0.0753549028 a       588     0    30     1     8
      0.1698790355 a       589     0    30     1     9
      0.4480425756 a       590     0    30     1    10
     -0.1878099767 a       591     0    30     1    11
      0.3549183241 a       592     0    30     1    12
     -0.1008627210 a       593     0    30     1    13
      0.2894446114 a       594     0    30     1    14
      0.1466437398 a       595     0    30     1    15
     -0.2670337355 a       596     0    30     1    16
     -0.4509105411 a       597     0    30     1    17
      0.2897735528 a       598     0    30     1    18
     -0.1400334051 a       599     0    30     1    19
     -0.0322375169 a       600     0    30     1    20
      0.1282697395 a       601     0    31     1     1
      0.3663894467 a       602     0    31     1     2
      0.3493301266 a       603     0    31     1     3
     -0.1856564616 a       604     0    31     1     4
     -0.3293576696 a       605     0    31     1     5
      0.3512962653 a       606     0    31     1     6
      0.4384680693 a       607     0    31     1     7
      0.4355366260 a       608     0    31     1     8
     -0.0479297704 a       609     0    31     1     9
     -0.0441591487 a       610     0    31     1    10
      0.3783525985 a       611     0    31     1    11
      0.1318654800 a       612     0    31     1    12
     -0.2995717992 a       613     0    31     1    13
      0.0437708389 a       614     0    31     1    14
      0.2552907232 a       615     0    31     1    15
     -0.4484849734 a       616     0    31     1    16
      0.0485640274 a       617     0    31     1    17
      0.2715946959 a       618     0    31     1    18
      0.0522665658 a       619     0    31     1    19
     -0.0723749150 a       620     0    31     1    20
      1.2069199843 b       621     1     1
      0.8768054121 b       622     1     2
      0.2161846032 b       623     1     3
      0.5772794116 b       624     1     4
     -0.6983818679 b       625     1     5
      1.4939086193 b       626     1     6
     -0.9961181259 b       627     1     7
     -0.9068958509 b       628     1     8
     -0.0314802993 b       629     1     9
     -0.3254420486 b       630     1    10
      1.3913140471 b       631     1    11
     -0.2159185012 b       632     1    12
     -0.4034307160 b       633     1    13
     -0.9982405441 b       634     1    14
      0.3992652333 b       635     1    15
      0.6065842335 b       636     1    16
     -0.2020687963 b       637     1    17
     -0.3959372882 b       638     1    18
     -0.5702739955 b       639     1    19
     -0.2652323373 b       640     1    20
      0.1274963664 a       641     1     1     2     1
      0.4220711046 a       642     1     1     2     2
      0.3181650398 a       643     1     1     2     3
      0.4475401687 a       644     1     1     2     4
      0.2501295476 a       645     1     1     2     5
     -0.4125306357 a       646     1     1     2     6
      0.3501055018 a       647     1     1     2     7
      0.4820163085 a       648     1     1     2     8
      0.4063566124 a       649     1     1     2     9
     -0.2370140931 a       650     1     1     2    10
      0.4582476661 a       651     1     1     2    11
      0.0589768259 a       652     1     1     2    12
      0.5304956427 a       653     1     1     2    13
     -0.5740237632 a       654     1     1     2    14
     -0.6022926362 a       655     1     1     2    15
      0.4013666263 a       656     1     1     2    16
      0.2279360048 a       657     1     1     2    17
     -0.1874038658 a       658     1     1     2    18
      0.2756356548 a       659     1     1     2    19
      0.3620263775 a       660     1     1     2    20
     -0.3583755986 a       661     1     2     2     1
     -0.4708481325 a       662     1     2     2     2
     -0.0887914794 a       663     1     2     2     3
     -0.0667249653 a       664     1     2     2     4
      0.3083515026 a       665     1     2     2     5
      0.0073454813 a       666     1     2     2     6
     -0.4669332289 a       667     1     2     2     7
     -0.1291170300 a       668     1     2     2     8
     -0.5007094692 a       669     1     2     2     9
     -0.2322479502 a       670     1     2     2    10
      0.4223765907 a       671     1     2     2    11
      0.2936192396 a       672     1     2     2    12
      0.4776082911 a       673     1     2     2    13
      0.2180735980 a       674     1     2     2    14
      0.5807942821 a       675     1     2     2    15
     -0.2187279768 a       676     1     2     2    16
     -0.0440253371 a       677     1     2     2    17
     -0.2134194561 a       678     1     2     2    18
      0.6312195933 a       679     1     2     2    19
      0.0086155345 a       680     1     2     2    20
     -0.0284575101 a       681     1     3     2     1
     -0.5466242921 a       682     1     3     2     2
     -0.3220498541 a       683     1     3     2     3
      0.1852426468 a       684     1     3     2     4
      0.2300834751 a       685     1     3     2     5
      0.5512214212 a       686     1     3     2     6
      0.3720393286 a       687     1     3     2     7
     -0.4593223520 a       688     1     3     2     8
      0.5679762788 a       689     1     3     2     9
      0.4655547475 a       690     1     3     2    10
     -0.0571395521 a       691     1     3     2    11
     -0.4596195775 a       692     1     3     2    12
      0.1778416332 a       693     1     3     2    13
      0.2077929680 a       694     1     3     2    14
     -0.2436667600 a       695     1     3     2    15
      0.1250839085 a       696     1     3     2    16
     -0.3385092124 a       697     1     3     2    17
     -0.2363842946 a       698     1     3     2    18
     -0.1446570294 a       699     1     3     2    19
      0.5782837969 a       700     1     3     2    20
      0.3904285306 a       701     1     4     2     1
     -0.5694383849 a       702     1     4     2     2
     -0.4987702099 a       703     1     4     2     3
      0.4879160762 a       704     1     4     2     4
     -0.5295485177 a       705     1     4     2     5
     -0.5854098767 a       706     1     4     2     6
      0.2365637636 a       707     1     4     2     7
     -0.4526931088 a       708     1     4     2     8
     -0.5391456383 a       709     1     4     2     9
      0.1021716045 a       710     1     4     2    10
      0.1344323595 a       711     1     4     2    11
      0.5519803712 a       712     1     4     2    12
      0.4747682883 a       713     1     4     2    13
      0.3848393120 a       714     1     4     2    14
      0.4459911018 a       715     1     4     2    15
     -0.4500769915 a       716     1     4     2    16
     -0.4879480819 a       717     1     4     2    17
      0.2440396411 a       718     1     4     2    18
      0.0706081697 a       719     1     4     2    19
     -0.4671006862 a       720     1     4     2    20
      0.3633083513 a       721     1     5     2     1
     -0.4119561976 a       722     1     5     2     2
      0.0995126726 a       723     1     5     2     3
      0.5809066796 a       724     1     5     2     4
     -0.0107767181 a       725     1     5     2     5
      0.3369399654 a       726     1     5     2     6
      0.3615460537 a       727     1     5     2     7
      0.3403029090 a       728     1     5     2     8
     -0.4801300958 a       729     1     5     2     9
      0.3463797107 a       730     1     5     2    10
     -0.0704448480 a       731     1     5     2    11
     -0.0645420600 a       732     1     5     2    12
     -0.0061522443 a       733     1     5     2    13
     -0.0815087384 a       734     1     5     2    14
     -0.4298895284 a       735     1     5     2    15
      0.4123618930 a       736     1     5     2    16
      0.1445199672 a       737     1     5     2    17
      0.5839227116 a       738     1     5     2    18
      0.0256098355 a       739     1     5     2    19
     -0.6064263401 a       740     1     5     2    20
     -0.2480609484 a       741     1     6     2     1
     -0.3116559069 a       742     1     6     2     2
      0.3554119811 a       743     1     6     2     3
     -0.0786876080 a       744     1     6     2     4
      0.2172148708 a       745     1     6     2     5
      0.3764520748 a       746     1     6     2     6
     -0.5105433739 a       747     1     6     2     7
     -0.2594657121 a       748     1     6     2     8
      0.2788193693 a       749     1     6     2     9
      0.1906297265 a       750     1     6     2    10
      0.3356443936 a       751     1     6     2    11
     -0.3341102425 a       752     1     6     2    12
     -0.4155036727 a       753     1     6     2    13
      0.4873434533 a       754     1     6     2    14
     -0.2769448359 a       755     1     6     2    15
     -0.1940744952 a       756     1     6     2    16
     -0.3561907595 a       757     1     6     2    17
      0.6057805571 a       758     1     6     2    18
      0.4354459874 a       759     1     6     2    19
     -0.1903860310 a       760     1     6     2    20
     -0.0924745726 a       761     1     7     2     1
     -0.2563104410 a       762     1     7     2     2
     -0.1109086767 a       763     1     7     2     3
      0.2705295968 a       764     1     7     2     4
     -0.1460378166 a       765     1     7     2     5
     -0.2470020359 a       766     1     7     2     6
      0.2685618873 a       767     1     7     2     7
      0.3388908595 a       768     1     7     2     8
     -0.1833497084 a       769     1     7     2     9
     -0.0209638518 a       770     1     7     2    10
     -0.0876509074 a       771     1     7     2    11
     -0.4342813746 a       772     1     7     2    12
      0.4987801871 a       773     1     7     2    13
     -0.0045031535 a       774     1     7     2    14
     -0.0290269880 a       775     1     7     2    15
     -0.2866103786 a       776     1     7     2    16
     -0.2580755581 a       777     1     7     2    17
      0.1008706118 a       778     1     7     2    18
      0.5277496804 a       779     1     7     2    19
     -0.1008983509 a       780     1     7     2    20
      0.5875743020 a       781     1     8     2     1
     -0.5721545021 a       782     1     8     2     2
     -0.5141780663 a       783     1     8     2     3
      0.2505976745 a       784     1     8     2     4
      0.3926796668 a       785     1     8     2     5
      0.5668473347 a       786     1     8     2     6
     -0.0476984861 a       787     1     8     2     7
     -0.5331267357 a       788     1     8     2     8
      0.0792658229 a       789     1     8     2     9
      0.0535317554 a       790     1     8     2    10
     -0.1056195867 a       791     1     8     2    11
     -0.2858269612 a       792     1     8     2    12
      0.4582748554 a       793     1     8     2    13
      0.2066449688 a       794     1     8     2    14
     -0.2286126661 a       795     1     8     2    15
     -0.0498293814 a       796     1     8     2    16
      0.1231522762 a       797     1     8     2    17
      0.2061220510 a       798     1     8     2    18
     -0.0464365364 a       799     1     8     2    19
      0.4889176520 a       800     1     8     2    20
     -0.1070811167 a       801     1     9     2     1
      0.0917229252 a       802     1     9     2     2
     -0.2878067228 a       803     1     9     2     3
     -0.6239988637 a       804     1     9     2     4
      0.3962324692 a       805     1     9     2     5
      0.3177967296 a       806     1     9     2     6
     -0.2107439858 a       807     1     9     2     7
     -0.0958939361 a       808     1     9     2     8
     -0.3151172848 a       809     1     9     2     9
      0.1843923645 a       810     1     9     2    10
     -0.1982038065 a       811     1     9     2    11
     -0.2237041580 a       812     1     9     2    12
     -0.1744685072 a       813     1     9     2    13
     -0.3783327759 a       814     1     9     2    14
      0.5845907254 a       815     1     9     2    15
      0.5992653858 a       816     1     9     2    16
      0.6012886498 a       817     1     9     2    17
     -0.1393173198 a       818     1     9     2    18
      0.1284761974 a       819     1     9     2    19
      0.5725611260 a       820     1     9     2    20
      0.4342275182 a       821     1    10     2     1
      0.4325336199 a       822     1    10     2     2
     -0.1151676014 a       823     1    10     2     3
     -0.1489279540 a       824     1    10     2     4
     -0.5724440546 a       825     1    10     2     5
     -0.0096108544 a       826     1    10     2     6
      0.5846725162 a       827     1    10     2     7
      0.1566909308 a       828     1    10     2     8
     -0.0404553536 a       829     1    10     2     9
     -0.0879807295 a       830     1    10     2    10
      0.2793367754 a       831     1    10     2    11
     -0.1170688869 a       832     1    10     2    12
      0.3372510086 a       833     1    10     2    13
      0.1612987285 a       834     1    10     2    14
      0.2388967299 a       835     1    10     2    15
      0.3206958958 a       836     1    10     2    16
      0.6104756318 a       837     1    10     2    17
      0.4157931802 a       838     1    10     2    18
      0.3704915667 a       839     1    10     2    19
     -0.5402102855 a       840     1    10     2    20
      0.5873954800 a       841     1    11     2     1
     -0.0730400464 a       842     1    11     2     2
     -0.0522211278 a       843     1    11     2     3
     -0.1857160345 a       844     1    11     2     4
     -0.5549246176 a       845     1    11     2     5
      0.6037549106 a       846     1    11     2     6
     -0.4191179301 a       847     1    11     2     7
     -0.5838507066 a       848     1    11     2     8
     -0.1377818730 a       849     1    11     2     9
      0.4676694758 a       850     1    11     2    10
     -0.6465551190 a       851     1    11     2    11
     -0.2064431459 a       852     1    11     2    12
     -0.2572868899 a       853     1    11     2    13
     -0.3988180497 a       854     1    11     2    14
     -0.1590603120 a       855     1    11     2    15
     -0.2435637418 a       856     1    11     2    16
     -0.4754407429 a       857     1    11     2    17
      0.5936688985 a       858     1    11     2    18
      0.0606851532 a       859     1    11     2    19
      0.0933276610 a       860     1    11     2    20
      0.0867189678 a       861     1    12     2     1
     -0.2351862506 a       862     1    12     2     2
     -0.4591979188 a       863     1    12     2     3
     -0.2534210069 a       864     1    12     2     4
      0.4652361125 a       865     1    12     2     5
     -0.3766279456 a       866     1    12     2     6
      0.3664882797 a       867     1    12     2     7
     -0.5418764392 a       868     1    12     2     8
      0.4554843218 a       869     1    12     2     9
      0.4148668179 a       870     1    12     2    10
      0.0902412386 a       871     1    12     2    11
      0.4604192360 a       872     1    12     2    12
      0.0621793666 a       873     1    12     2    13
      0.0529169231 a       874     1    12     2    14
      0.2052453525 a       875     1    12     2    15
     -0.5222341937 a       876     1    12     2    16
      0.0044423382 a       877     1    12     2    17
     -0.2912169192 a       878     1    12     2    18
      0.4661996553 a       879     1    12     2    19
      0.4260015382 a       880     1    12     2    20
     -0.2033939045 a       881     1    13     2     1
      0.3105514256 a       882     1    13     2     2
     -0.2480206357 a       883     1    13     2     3
      0.3455941612 a       884     1    13     2     4
     -0.1165443730 a       885     1    13     2     5
      0.0123633950 a       886     1    13     2     6
      0.4803525983 a       887     1    13     2     7
      0.2130237028 a       888     1    13     2     8
      0.5739028419 a       889     1    13     2     9
     -0.3610511829 a       890     1    13     2    10
     -0.5016908831 a       891     1    13     2    11
      0.4603929470 a       892     1    13     2    12
      0.0681835665 a       893     1    13     2    13
      0.1686095686 a       894     1    13     2    14
      0.3901337437 a       895     1    13     2    15
     -0.0588254844 a       896     1    13     2    16
      0.3633578385 a       897     1    13     2    17
     -0.6378016128 a       898     1    13     2    18
      0.4948859279 a       899     1    13     2    19
     -0.0830774113 a       900     1    13     2    20
      0.4254156273 a       901     1    14     2     1
      0.0360199916 a       902     1    14     2     2
     -0.4025704115 a       903     1    14     2     3
     -0.0573664708 a       904     1    14     2     4
      0.0441670145 a       905     1    14     2     5
     -0.0249178713 a       906     1    14     2     6
      0.5614898879 a       907     1    14     2     7
     -0.2477311711 a       908     1    14     2     8
     -0.4472473719 a       909     1    14     2     9
      0.5386648695 a       910     1    14     2    10
      0.3930229687 a       911     1    14     2    11
      0.2834391228 a       912     1    14     2    12
     -0.1737347157 a       913     1    14     2    13
     -0.2358578869 a       914     1    14     2    14
     -0.1898137852 a       915     1    14     2    15
      0.5373039415 a       916     1    14     2    16
      0.1517310339 a       917     1    14     2    17
     -0.1788367450 a       918     1    14     2    18
      0.3330566258 a       919     1    14     2    19
      0.0526210157 a       920     1    14     2    20
      0.4128478581 a       921     1    15     2     1
      0.4298140467 a       922     1    15     2     2
     -0.5162355361 a       923     1    15     2     3
      0.0719797204 a       924     1    15     2     4
     -0.4697619095 a       925     1    15     2     5
     -0.1294750985 a       926     1    15     2     6
      0.0637099899 a       927     1    15     2     7
      0.3472240773 a       928     1    15     2     8
      0.0628520437 a       929     1    15     2     9
     -0.4959325400 a       930     1    15     2    10
      0.6846492050 a       931     1    15     2    11
     -0.4712470460 a       932     1    15     2    12
     -0.0658529867 a       933     1    15     2    13
     -0.5315098289 a       934     1    15     2    14
     -0.3056506820 a       935     1    15     2    15
      0.4320363898 a       936     1    15     2    16
     -0.2690946315 a       937     1    15     2    17
      0.4345629459 a       938     1    15     2    18
     -0.0474733932 a       939     1    15     2    19
     -0.4945721165 a       940     1    15     2    20
      0.1475730786 a       941     1    16     2     1
     -0.5014230478 a       942     1    16     2     2
     -0.4806402154 a       943     1    16     2     3
     -0.2328923984 a       944     1    16     2     4
      0.5142241078 a       945     1    16     2     5
     -0.0404232763 a       946     1    16     2     6
      0.1151528209 a       947     1    16     2     7
     -0.4986076474 a       948     1    16     2     8
      0.0638574677 a       949     1    16     2     9
      0.2201212356 a       950     1    16     2    10
     -0.1271710142 a       951     1    16     2    11
     -0.4635913435 a       952     1    16     2    12
      0.3070486776 a       953     1    16     2    13
      0.3070186101 a       954     1    16     2    14
     -0.6627113533 a       955     1    16     2    15
     -0.1962330220 a       956     1    16     2    16
     -0.4757851918 a       957     1    16     2    17
     -0.3095308887 a       958     1    16     2    18
     -0.3342756537 a       959     1    16     2    19
     -0.0235619575 a       960     1    16     2    20
      0.5216820499 a       961     1    17     2     1
      0.2132384482 a       962     1    17     2     2
      0.4564492945 a       963     1    17     2     3
      0.3739336366 a       964     1    17     2     4
     -0.5011057271 a       965     1    17     2     5
      0.3865006418 a       966     1    17     2     6
     -0.1198777078 a       967     1    17     2     7
      0.1107965059 a       968     1    17     2     8
      0.4252259333 a       969     1    17     2     9
     -0.4465639726 a       970     1    17     2    10
      0.0900243134 a       971     1    17     2    11
      0.2332850850 a       972     1    17     2    12
      0.3787941805 a       973     1    17     2    13
      0.5998536237 a       974     1    17     2    14
      0.1741108596 a       975     1    17     2    15
     -0.4774043892 a       976     1    17     2    16
      0.5609067343 a       977     1    17     2    17
      0.2763870740 a       978     1    17     2    18
      0.4535542015 a       979     1    17     2    19
      0.1008898874 a       980     1    17     2    20
     -0.0092043280 a       981     1    18     2     1
     -0.2915822809 a       982     1    18     2     2
     -0.4697873020 a       983     1    18     2     3
     -0.5880844723 a       984     1    18     2     4
     -0.4135359721 a       985     1    18     2     5
      0.4868729121 a       986     1    18     2     6
      0.1438365202 a       987     1    18     2     7
      0.0882349416 a       988     1    18     2     8
     -0.0667712968 a       989     1    18     2     9
     -0.5751047871 a       990     1    18     2    10
     -0.6231081970 a       991     1    18     2    11
     -0.3635615527 a       992     1    18     2    12
      0.4448516353 a       993     1    18     2    13
     -0.5412839091 a       994     1    18     2    14
     -0.2706285193 a       995     1    18     2    15
      0.4664717480 a       996     1    18     2    16
     -0.3425563511 a       997     1    18     2    17
     -0.0170347423 a       998     1    18     2    18
     -0.5896883571 a       999     1    18     2    19
      0.0007322021 a      1000     1    18     2    20
      0.4669526864 a      1001     1    19     2     1
     -0.0753739942 a      1002     1    19     2     2
     -0.4959808197 a      1003     1    19     2     3
      0.4497511133 a      1004     1    19     2     4
      0.0361687845 a      1005     1    19     2     5
      0.1488210402 a      1006     1    19     2     6
      0.3061352819 a      1007     1    19     2     7
     -0.4488976805 a      1008     1    19     2     8
      0.1944815786 a      1009     1    19     2     9
      0.5067241002 a      1010     1    19     2    10
     -0.4514431110 a      1011     1    19     2    11
      0.5478698501 a      1012     1    19     2    12
      0.5930288197 a      1013     1    19     2    13
     -0.5702015055 a      1014     1    19     2    14
     -0.1265473046 a      1015     1    19     2    15
      0.2987804250 a      1016     1    19     2    16
      0.2526844290 a      1017     1    19     2    17
      0.4862697047 a      1018     1    19     2    18
      0.2997394242 a      1019     1    19     2    19
      0.1932527563 a      1020     1    19     2    20
      0.5863068358 a      1021     1    20     2     1
      0.1888492082 a      1022     1    20     2     2
     -0.2670947985 a      1023     1    20     2     3
      0.5543783829 a      1024     1    20     2     4
      0.0049194916 a      1025     1    20     2     5
     -0.3941399008 a      1026     1    20     2     6
     -0.5048672293 a      1027     1    20     2     7
     -0.1779514873 a      1028     1    20     2     8
     -0.4229630575 a      1029     1    20     2     9
      0.4618421141 a      1030     1    20     2    10
      0.2601726943 a      1031     1    20     2    11
     -0.3456059989 a      1032     1    20     2    12
      0.4537041325 a      1033     1    20     2    13
      0.1370391944 a      1034     1    20     2    14
     -0.2503007247 a      1035     1    20     2    15
     -0.2847576177 a      1036     1    20     2    16
      0.3142907635 a      1037     1    20     2    17
     -0.1461979846 a      1038     1    20     2    18
      0.4328405640 a      1039     1    20     2    19
      0.4427637556 a      1040     1    20     2    20
      0.7063187505 b      1041     2     1
      0.7812322611 b      1042     2     2
     -1.1128251553 b      1043     2     3
      0.1642237442 b      1044     2     4
     -0.6803634604 b      1045     2     5
      1.3536434949 b      1046     2     6
      0.0862565159 b      1047     2     7
     -0.1702078538 b      1048     2     8
      0.3799968421 b      1049     2     9
      1.5837878868 b      1050     2    10
     -0.5575358896 b      1051     2    11
      1.2317675080 b      1052     2    12
      1.1630911454 b      1053     2    13
     -1.2522299569 b      1054     2    14
      0.4271846120 b      1055     2    15
      0.6214562361 b      1056     2    16
     -0.5865384051 b      1057     2    17
      1.1003215858 b      1058     2    18
     -0.2541435414 b      1059     2    19
      1.4763621379 b      1060     2    20
      0.0035084812 a      1061     2     1     3     1
     -0.0076473564 a      1062     2     2     3     1
      0.0035987047 a      1063     2     3     3     1
     -0.0078380634 a      1064     2     4     3     1
     -0.0008628219 a      1065     2     5     3     1
     -0.0032741647 a      1066     2     6     3     1
     -0.0076111706 a      1067     2     7     3     1
     -0.0097637852 a      1068     2     8     3     1
      0.0006092552 a      1069     2     9     3     1
      0.0065525148 a      1070     2    10     3     1
      0.0053730935 a      1071     2    11     3     1
      0.0052159760 a      1072     2    12     3     1
      0.0001473390 a      1073     2    13     3     1
     -0.0020424954 a      1074     2    14     3     1
     -0.0080791201 a      1075     2    15     3     1
      0.0075085185 a      1076     2    16     3     1
      0.0164846115 a      1077     2    17     3     1
      0.0035910750 a      1078     2    18     3     1
      0.0146911051 a      1079     2    19     3     1
      0.0051363901 a      1080     2    20     3     1
     19.6618607677 b      1081     3     1
