     -0.0049607047 a         1     0     1     1     1
     -0.1733435395 a         2     0     1     1     2
     -0.0840337566 a         3     0     1     1     3
     -0.0273358191 a         4     0     1     1     4
      0.4460813448 a         5     0     1     1     5
     -0.1397513629 a         6     0     1     1     6
     -0.0544390612 a         7     0     1     1     7
     -0.0592556242 a         8     0     1     1     8
     -0.0375522514 a         9     0     1     1     9
      0.4483777201 a        10     0     1     1    10
      0.1111141161 a        11     0     1     1    11
      0.1302619766 a        12     0     1     1    12
     -0.4002834751 a        13     0     1     1    13
     -0.1104159865 a        14     0     1     1    14
     -0.2187637306 a        15     0     1     1    15
      0.0626804076 a        16     0     1     1    16
     -0.1953797069 a        17     0     1     1    17
      0.0797737468 a        18     0     1     1    18
      0.2825087538 a        19     0     1     1    19
     -0.2143895162 a        20     0     1     1    20
      0.1582912709 a        21     0     2     1     1
     -0.0565308811 a        22     0     2     1     2
      0.2926920171 a        23     0     2     1     3
      0.2323628904 a        24     0     2     1     4
     -0.1040897429 a        25     0     2     1     5
      0.4091568113 a        26     0     2     1     6
      0.3510166126 a        27     0     2     1     7
      0.3278041230 a        28     0     2     1     8
      0.3704731042 a        29     0     2     1     9
     -0.0927353750 a        30     0     2     1    10
      0.2745912932 a        31     0     2     1    11
     -0.4224053314 a        32     0     2     1    12
      0.2770750308 a        33     0     2     1    13
      0.0405248843 a        34     0     2     1    14
      0.2667040537 a        35     0     2     1    15
     -0.1984167132 a        36     0     2     1    16
      0.2281360394 a        37     0     2     1    17
     -0.1737276088 a        38     0     2     1    18
      0.4251617457 a        39     0     2     1    19
      0.4916595207 a        40     0     2     1    20
      0.0462973577 a        41     0     3     1     1
     -0.2086572511 a        42     0     3     1     2
     -0.1047309712 a        43     0     3     1     3
      0.0507470023 a        44     0     3     1     4
      0.4777736321 a        45     0     3     1     5
     -0.2665394299 a        46     0     3     1     6
     -0.3983022479 a        47     0     3     1     7
      0.3368154260 a        48     0     3     1     8
     -0.1954140195 a        49     0     3     1     9
      0.3983139188 a        50     0     3     1    10
     -0.0500877179 a        51     0     3     1    11
      0.0464579639 a        52     0     3     1    12
     -0.2698641135 a        53     0     3     1    13
      0.3191831875 a        54     0     3     1    14
     -0.0826988958 a        55     0     3     1    15
      0.3671044142 a        56     0     3     1    16
     -0.4399086585 a        57     0     3     1    17
      0.3279665531 a        58     0     3     1    18
      0.0392895096 a        59     0     3     1    19
      0.0516989781 a        60     0     3     1    20
      0.0819071712 a        61     0     4     1     1
     -0.1686136056 a        62     0     4     1     2
      0.0842025153 a        63     0     4     1     3
     -0.4392301213 a        64     0     4     1     4
     -0.0467542904 a        65     0     4     1     5
      0.3636371179 a        66     0     4     1     6
     -0.1063202870 a        67     0     4     1     7
      0.1273684928 a        68     0     4     1     8
      0.1951467404 a        69     0     4     1     9
     -0.4595437260 a        70     0     4     1    10
     -0.1663476092 a        71     0     4     1    11
     -0.0601080342 a        72     0     4     1    12
      0.0185942510 a        73     0     4     1    13
     -0.0554318994 a        74     0     4     1    14
      0.0155147598 a        75     0     4     1    15
      0.0460124286 a        76     0     4     1    16
     -0.0216543191 a        77     0     4     1    17
     -0.0182981065 a        78     0     4     1    18
      0.3482282280 a        79     0     4     1    19
      0.0621554511 a        80     0     4     1    20
     -0.2790732579 a        81     0     5     1     1
     -0.4099613471 a        82     0     5     1     2
     -0.3588140626 a        83     0     5     1     3
     -0.1694034907 a        84     0     5     1     4
      0.3508137955 a        85     0     5     1     5
      0.0738301259 a        86     0     5     1     6
      0.2376073772 a        87     0     5     1     7
     -0.1112074281 a        88     0     5     1     8
      0.3546476582 a        89     0     5     1     9
     -0.1907057762 a        90     0     5     1    10
      0.1400474515 a        91     0     5     1    11
      0.1278759461 a        92     0     5     1    12
     -0.2101510218 a        93     0     5     1    13
     -0.1493466028 a        94     0     5     1    14
      0.0771902605 a        95     0     5     1    15
     -0.0298292505 a        96     0     5     1    16
     -0.3249977315 a        97     0     5     1    17
      0.0264634693 a        98     0     5     1    18
     -0.1262873996 a        99     0     5     1    19
      0.3367584444 a       100     0     5     1    20
     -0.4129498707 a       101     0     6     1     1
     -0.3740076720 a       102     0     6     1     2
      0.1414627877 a       103     0     6     1     3
     -0.3051642229 a       104     0     6     1     4
     -0.1309168045 a       105     0     6     1     5
     -0.3258089413 a       106     0     6     1     6
     -0.1084052080 a       107     0     6     1     7
     -0.0773547885 a       108     0     6     1     8
      0.4306540624 a       109     0     6     1     9
     -0.2875764194 a       110     0     6     1    10
     -0.1295874446 a       111     0     6     1    11
     -0.4262937579 a       112     0     6     1    12
      0.3521039973 a       113     0     6     1    13
     -0.3912536382 a       114     0     6     1    14
      0.2812402052 a       115     0     6     1    15
      0.1124777120 a       116     0     6     1    16
     -0.1218588832 a       117     0     6     1    17
      0.1705119030 a       118     0     6     1    18
     -0.1795160944 a       119     0     6     1    19
      0.4283723627 a       120     0     6     1    20
     -0.4422502132 a       121     0     7     1     1
     -0.1105999268 a       122     0     7     1     2
     -0.0794940294 a       123     0     7     1     3
      0.1253433163 a       124     0     7     1     4
     -0.3835975088 a       125     0     7     1     5
      0.1085360440 a       126     0     7     1     6
      0.0312279924 a       127     0     7     1     7
      0.2632181289 a       128     0     7     1     8
      0.2220915156 a       129     0     7     1     9
      0.0637457576 a       130     0     7     1    10
      0.3230594427 a       131     0     7     1    11
      0.3600606197 a       132     0     7     1    12
      0.0425996373 a       133     0     7     1    13
      0.4478578382 a       134     0     7     1    14
      0.1113132955 a       135     0     7     1    15
      0.2079123285 a       136     0     7     1    16
      0.0998871143 a       137     0     7     1    17
     -0.4937253394 a       138     0     7     1    18
     -0.2180012186 a       139     0     7     1    19
      0.1921092086 a       140     0     7     1    20
     -0.4128147155 a       141     0     8     1     1
      0.2333250826 a       142     0     8     1     2
     -0.4412807253 a       143     0     8     1     3
     -0.3299105590 a       144     0     8     1     4
     -0.0511407824 a       145     0     8     1     5
      0.1956142101 a       146     0     8     1     6
      0.2317628476 a       147     0     8     1     7
      0.2878797562 a       148     0     8     1     8
     -0.2996675219 a       149     0     8     1     9
     -0.1395353302 a       150     0     8     1    10
      0.3191818406 a       151     0     8     1    11
     -0.0326122064 a       152     0     8     1    12
      0.4542579541 a       153     0     8     1    13
     -0.1031102734 a       154     0     8     1    14
     -0.1903595459 a       155     0     8     1    15
     -0.0062505838 a       156     0     8     1    16
     -0.4330267018 a       157     0     8     1    17
      0.1823267688 a       158     0     8     1    18
     -0.4944422415 a       159     0     8     1    19
     -0.1589807331 a       160     0     8     1    20
     -0.4158761473 a       161     0     9     1     1
      0.2743279713 a       162     0     9     1     2
     -0.1389080066 a       163     0     9     1     3
      0.0802400869 a       164     0     9     1     4
     -0.2712253255 a       165     0     9     1     5
     -0.2848768754 a       166     0     9     1     6
     -0.3617586474 a       167     0     9     1     7
     -0.3973417143 a       168     0     9     1     8
     -0.4798231097 a       169     0     9     1     9
     -0.3421604822 a       170     0     9     1    10
     -0.4497245347 a       171     0     9     1    11
     -0.1742664973 a       172     0     9     1    12
      0.4395618786 a       173     0     9     1    13
      0.4892992555 a       174     0     9     1    14
     -0.4196724954 a       175     0     9     1    15
      0.3800853141 a       176     0     9     1    16
      0.3520258562 a       177     0     9     1    17
     -0.3729192134 a       178     0     9     1    18
     -0.3246558714 a       179     0     9     1    19
     -0.2744851635 a       180     0     9     1    20
     -0.0690071519 a       181     0    10     1     1
      0.1374397309 a       182     0    10     1     2
     -0.2369329936 a       183     0    10     1     3
      0.3533286870 a       184     0    10     1     4
     -0.0525608200 a       185     0    10     1     5
     -0.3014006375 a       186     0    10     1     6
     -0.0267656373 a       187     0    10     1     7
      0.1015619364 a       188     0    10     1     8
     -0.3375538319 a       189     0    10     1     9
     -0.2007080493 a       190     0    10     1    10
     -0.3272034790 a       191     0    10     1    11
     -0.1806465678 a       192     0    10     1    12
      0.1820691945 a       193     0    10     1    13
     -0.4400914597 a       194     0    10     1    14
     -0.3238945137 a       195     0    10     1    15
      0.1249015992 a       196     0    10     1    16
      0.2571200156 a       197     0    10     1    17
     -0.0234879033 a       198     0    10     1    18
     -0.1986407649 a       199     0    10     1    19
     -0.3741329539 a       200     0    10     1    20
      0.1239270460 a       201     0    11     1     1
     -0.0762970596 a       202     0    11     1     2
     -0.4313035528 a       203     0    11     1     3
     -0.2669307256 a       204     0    11     1     4
      0.1858522372 a       205     0    11     1     5
     -0.1021027484 a       206     0    11     1     6
     -0.2916848531 a       207     0    11     1     7
     -0.0822678762 a       208     0    11     1     8
     -0.3977755937 a       209     0    11     1     9
      0.0266598603 a       210     0    11     1    10
     -0.1772356597 a       211     0    11     1    11
     -0.0496520242 a       212     0    11     1    12
      0.3196545978 a       213     0    11     1    13
      0.1757834638 a       214     0    11     1    14
      0.0664654965 a       215     0    11     1    15
      0.3799617124 a       216     0    11     1    16
     -0.4440026403 a       217     0    11     1    17
      0.4812268244 a       218     0    11     1    18
     -0.0041401728 a       219     0    11     1    19
     -0.4485782979 a       220     0    11     1    20
     -0.0456588577 a       221     0    12     1     1
      0.2846334081 a       222     0    12     1     2
     -0.0873661420 a       223     0    12     1     3
     -0.4235513840 a       224     0    12     1     4
      0.1510976652 a       225     0    12     1     5
     -0.3842832939 a       226     0    12     1     6
      0.0690404723 a       227     0    12     1     7
      0.4826189683 a       228     0    12     1     8
      0.1181120393 a       229     0    12     1     9
      0.1104289740 a       230     0    12     1    10
      0.1609811995 a       231     0    12     1    11
      0.3428363630 a       232     0    12     1    12
      0.4320801830 a       233     0    12     1    13
      0.2539317949 a       234     0    12     1    14
      0.1570572706 a       235     0    12     1    15
     -0.4400826757 a       236     0    12     1    16
     -0.2934827983 a       237     0    12     1    17
     -0.3075774969 a       238     0    12     1    18
      0.4313169048 a       239     0    12     1    19
      0.1463030463 a       240     0    12     1    20
     -0.2287049415 a       241     0    13     1     1
     -0.3017688055 a       242     0    13     1     2
     -0.2003845123 a       243     0    13     1     3
      0.2758364952 a       244     0    13     1     4
      0.4203202584 a       245     0    13     1     5
     -0.2685352359 a       246     0    13     1     6
      0.2896363149 a       247     0    13     1     7
      0.1184781915 a       248     0    13     1     8
      0.0606072663 a       249     0    13     1     9
     -0.0860254686 a       250     0    13     1    10
      0.2865893452 a       251     0    13     1    11
      0.0541158804 a       252     0    13     1    12
     -0.4221212548 a       253     0    13     1    13
     -0.2672808346 a       254     0    13     1    14
      0.2289376764 a       255     0    13     1    15
      0.2886265391 a       256     0    13     1    16
     -0.4010169626 a       257     0    13     1    17
      0.0599669602 a       258     0    13     1    18
     -0.3274401833 a       259     0    13     1    19
     -0.0886454283 a       260     0    13     1    20
      0.4238256419 a       261     0    14     1     1
     -0.2697812541 a       262     0    14     1     2
      0.4789183317 a       263     0    14     1     3
     -0.3735457381 a       264     0    14     1     4
     -0.1481004963 a       265     0    14     1     5
      0.1101295802 a       266     0    14     1     6
     -0.3593608060 a       267     0    14     1     7
      0.3596846725 a       268     0    14     1     8
      0.0937186627 a       269     0    14     1     9
     -0.3866907199 a       270     0    14     1    10
     -0.3412024204 a       271     0    14     1    11
      0.3148241583 a       272     0    14     1    12
     -0.0939595207 a       273     0    14     1    13
      0.1356288722 a       274     0    14     1    14
     -0.4012189559 a       275     0    14     1    15
      0.4681619094 a       276     0    14     1    16
     -0.2427967855 a       277     0    14     1    17
     -0.2283571844 a       278     0    14     1    18
      0.2691058366 a       279     0    14     1    19
      0.0108857728 a       280     0    14     1    20
     -0.2835152864 a       281     0    15     1     1
     -0.5550402452 a       282     0    15     1     2
      0.4732834275 a       283     0    15     1     3
      0.1258813116 a       284     0    15     1     4
     -0.2946185636 a       285     0    15     1     5
      0.4219599823 a       286     0    15     1     6
      0.0500871061 a       287     0    15     1     7
     -0.4711178191 a       288     0    15     1     8
      0.2538020330 a       289     0    15     1     9
      0.4867110139 a       290     0    15     1    10
      0.2884710448 a       291     0    15     1    11
     -0.2420308970 a       292     0    15     1    12
     -0.0323932956 a       293     0    15     1    13
     -0.4694708199 a       294     0    15     1    14
     -0.0413753271 a       295     0    15     1    15
     -0.0319238871 a       296     0    15     1    16
     -0.1682606362 a       297     0    15     1    17
     -0.3485037311 a       298     0    15     1    18
      0.2712286409 a       299     0    15     1    19
     -0.1247131138 a       300     0    15     1    20
     -0.0813380004 a       301     0    16     1     1
     -0.1611631472 a       302     0    16     1     2
     -0.0609328201 a       303     0    16     1     3
     -0.4365949018 a       304     0    16     1     4
     -0.4407737494 a       305     0    16     1     5
      0.3791323027 a       306     0    16     1     6
     -0.2458785338 a       307     0    16     1     7
     -0.0279763112 a       308     0    16     1     8
     -0.2804849415 a       309     0    16     1     9
      0.0626338391 a       310     0    16     1    10
     -0.4781185568 a       311     0    16     1    11
     -0.3689270141 a       312     0    16     1    12
     -0.1105178288 a       313     0    16     1    13
      0.1070561182 a       314     0    16     1    14
     -0.0306329185 a       315     0    16     1    15
      0.4692289651 a       316     0    16     1    16
      0.2791020250 a       317     0    16     1    17
      0.0495134972 a       318     0    16     1    18
      0.0785309046 a       319     0    16     1    19
      0.2029548565 a       320     0    16     1    20
      0.4298140058 a       321     0    17     1     1
      0.0037459655 a       322     0    17     1     2
     -0.2075129966 a       323     0    17     1     3
      0.3029758839 a       324     0    17     1     4
     -0.0225703315 a       325     0    17     1     5
      0.1884553786 a       326     0    17     1     6
     -0.1220633255 a       327     0    17     1     7
     -0.4104651047 a       328     0    17     1     8
      0.2970510332 a       329     0    17     1     9
     -0.2928172622 a       330     0    17     1    10
      0.2487621283 a       331     0    17     1    11
     -0.0560497402 a       332     0    17     1    12
      0.0362342141 a       333     0    17     1    13
      0.3158582461 a       334     0    17     1    14
     -0.4154646631 a       335     0    17     1    15
      0.1393013171 a       336     0    17     1    16
     -0.1340685911 a       337     0    17     1    17
     -0.3094215101 a       338     0    17     1    18
     -0.1664064364 a       339     0    17     1    19
      0.1517599395 a       340     0    17     1    20
     -0.0048812292 a       341     0    18     1     1
      0.4420941948 a       342     0    18     1     2
      0.4149478361 a       343     0    18     1     3
     -0.1324507536 a       344     0    18     1     4
      0.1668926138 a       345     0    18     1     5
     -0.3387390616 a       346     0    18     1     6
      0.1287516536 a       347     0    18     1     7
      0.2275268590 a       348     0    18     1     8
      0.4346884603 a       349     0    18     1     9
      0.0680597908 a       350     0    18     1    10
      0.4192444275 a       351     0    18     1    11
     -0.4147791744 a       352     0    18     1    12
     -0.4498243605 a       353     0    18     1    13
     -0.0826103293 a       354     0    18     1    14
      0.4410102543 a       355     0    18     1    15
     -0.2029051552 a       356     0    18     1    16
     -0.2610440470 a       357     0    18     1    17
      0.0806467117 a       358     0    18     1    18
      0.3816878091 a       359     0    18     1    19
      0.1366993966 a       360     0    18     1    20
     -0.3633942679 a       361     0    19     1     1
      0.0217733934 a       362     0    19     1     2
      0.2465664104 a       363     0    19     1     3
     -0.3214932237 a       364     0    19     1     4
     -0.1670167161 a       365     0    19     1     5
      0.2426455963 a       366     0    19     1     6
     -0.2205605722 a       367     0    19     1     7
     -0.0052442307 a       368     0    19     1     8
     -0.4884605450 a       369     0    19     1     9
     -0.1851783009 a       370     0    19     1    10
      0.4619843668 a       371     0    19     1    11
     -0.3451406405 a       372     0    19     1    12
      0.2561871115 a       373     0    19     1    13
      0.2923735831 a       374     0    19     1    14
      0.3595683624 a       375     0    19     1    15
     -0.3834524117 a       376     0    19     1    16
     -0.3545077172 a       377     0    19     1    17
      0.4229881589 a       378     0    19     1    18
      0.0808211619 a       379     0    19     1    19
      0.0221770497 a       380     0    19     1    20
     -0.3907507871 a       381     0    20     1     1
      0.4282255864 a       382     0    20     1     2
     -0.2195333543 a       383     0    20     1     3
      0.1180637016 a       384     0    20     1     4
     -0.2514299222 a       385     0    20     1     5
      0.3813310220 a       386     0    20     1     6
      0.3766005104 a       387     0    20     1     7
     -0.0263580169 a       388     0    20     1     8
     -0.1804881436 a       389     0    20     1     9
      0.3504195445 a       390     0    20     1    10
      0.1517177175 a       391     0    20     1    11
      0.3115447254 a       392     0    20     1    12
      0.3517634817 a       393     0    20     1    13
     -0.0815652121 a       394     0    20     1    14
      0.0883594966 a       395     0    20     1    15
      0.1334443473 a       396     0    20     1    16
      0.1414691848 a       397     0    20     1    17
     -0.4789130874 a       398     0    20     1    18
     -0.3513474524 a       399     0    20     1    19
     -0.3107440450 a       400     0    20     1    20
      0.4494198540 a       401     0    21     1     1
      0.2834179504 a       402     0    21     1     2
      0.0104266721 a       403     0    21     1     3
      0.2731577688 a       404     0    21     1     4
     -0.1133153671 a       405     0    21     1     5
      0.1925974347 a       406     0    21     1     6
      0.0775652949 a       407     0    21     1     7
      0.3520773411 a       408     0    21     1     8
     -0.0918391163 a       409     0    21     1     9
     -0.4540410485 a       410     0    21     1    10
      0.2982778609 a       411     0    21     1    11
      0.3251639876 a       412     0    21     1    12
     -0.3585639724 a       413     0    21     1    13
      0.0286339816 a       414     0    21     1    14
     -0.3412531279 a       415     0    21     1    15
      0.2981229975 a       416     0    21     1    16
     -0.3942908358 a       417     0    21     1    17
      0.1117090538 a       418     0    21     1    18
      0.0050319698 a       419     0    21     1    19
      0.2050570855 a       420     0    21     1    20
     -0.3902418834 a       421     0    22     1     1
     -0.1525795397 a       422     0    22     1     2
     -0.0653709838 a       423     0    22     1     3
     -0.0438094370 a       424     0    22     1     4
      0.1109593977 a       425     0    22     1     5
      0.1337779378 a       426     0    22     1     6
      0.4513672019 a       427     0    22     1     7
     -0.1635065418 a       428     0    22     1     8
      0.0563832060 a       429     0    22     1     9
     -0.1003959776 a       430     0    22     1    10
      0.3574930838 a       431     0    22     1    11
     -0.3124557707 a       432     0    22     1    12
      0.0516320243 a       433     0    22     1    13
     -0.2391725928 a       434     0    22     1    14
     -0.3050658611 a       435     0    22     1    15
     -0.2550140978 a       436     0    22     1    16
     -0.0562394057 a       437     0    22     1    17
      0.1800605584 a       438     0    22     1    18
      0.4633669046 a       439     0    22     1    19
      0.2363517611 a       440     0    22     1    20
      0.1737376034 a       441     0    23     1     1
      0.1000938544 a       442     0    23     1     2
      0.3748854074 a       443     0    23     1     3
     -0.4338206801 a       444     0    23     1     4
      0.4542265084 a       445     0    23     1     5
     -0.4214676330 a       446     0    23     1     6
      0.3479499539 a       447     0    23     1     7
     -0.0634581049 a       448     0    23     1     8
     -0.2912390454 a       449     0    23     1     9
      0.2754368530 a       450     0    23     1    10
      0.1465280491 a       451     0    23     1    11
     -0.3803891345 a       452     0    23     1    12
      0.1705433018 a       453     0    23     1    13
     -0.3478883770 a       454     0    23     1    14
     -0.4722089076 a       455     0    23     1    15
     -0.3701982554 a       456     0    23     1    16
     -0.2315401809 a       457     0    23     1    17
     -0.3595810557 a       458     0    23     1    18
     -0.1549656160 a       459     0    23     1    19
     -0.3777443769 a       460     0    23     1    20
      0.0250279690 a       461     0    24     1     1
      0.4289323067 a       462     0    24     1     2
      0.2421888993 a       463     0    24     1     3
     -0.2914987995 a       464     0    24     1     4
      0.0807005412 a       465     0    24     1     5
      0.1578527420 a       466     0    24     1     6
     -0.1202271123 a       467     0    24     1     7
      0.4821519785 a       468     0    24     1     8
      0.1143810196 a       469     0    24     1     9
      0.0978798633 a       470     0    24     1    10
     -0.2446495641 a       471     0    24     1    11
     -0.2234831363 a       472     0    24     1    12
      0.3036768895 a       473     0    24     1    13
     -0.1693914901 a       474     0    24     1    14
     -0.0456097755 a       475     0    24     1    15
     -0.3761402047 a       476     0    24     1    16
      0.3227191680 a       477     0    24     1    17
      0.4464409978 a       478     0    24     1    18
     -0.4175427976 a       479     0    24     1    19
     -0.4649169062 a       480     0    24     1    20
     -0.2218862828 a       481     0    25     1     1
     -0.2218511014 a       482     0    25     1     2
      0.0737131778 a       483     0    25     1     3
     -0.2145656240 a       484     0    25     1     4
     -0.2687493584 a       485     0    25     1     5
     -0.0312578458 a       486     0    25     1     6
     -0.1457772581 a       487     0    25     1     7
      0.4276936476 a       488     0    25     1     8
     -0.1523978544 a       489     0    25     1     9
     -0.3036720088 a       490     0    25     1    10
      0.3652919380 a       491     0    25     1    11
     -0.2526517329 a       492     0    25     1    12
      0.3448556192 a       493     0    25     1    13
      0.4169522558 a       494     0    25     1    14
      0.3066245053 a       495     0    25     1    15
     -0.3408020307 a       496     0    25     1    16
     -0.2898405418 a       497     0    25     1    17
      0.0723649621 a       498     0    25     1    18
      0.0538239011 a       499     0    25     1    19
      0.3396559862 a       500     0    25     1    20
      0.1273705209 a       501     0    26     1     1
      0.1502108696 a       502     0    26     1     2
      0.1561416809 a       503     0    26     1     3
     -0.3316880878 a       504     0    26     1     4
      0.1046713080 a       505     0    26     1     5
      0.2585738827 a       506     0    26     1     6
      0.4284616081 a       507     0    26     1     7
     -0.2572450808 a       508     0    26     1     8
      0.3385445992 a       509     0    26     1     9
     -0.0614364267 a       510     0    26     1    10
      0.1009532289 a       511     0    26     1    11
      0.3860817041 a       512     0    26     1    12
      0.0908835214 a       513     0    26     1    13
      0.3158662280 a       514     0    26     1    14
      0.4215004340 a       515     0    26     1    15
      0.2539699970 a       516     0    26     1    16
     -0.0820755889 a       517     0    26     1    17
      0.0493340341 a       518     0    26     1    18
     -0.4893542174 a       519     0    26     1    19
      0.1166846717 a       520     0    26     1    20
      0.3893619948 a       521     0    27     1     1
     -0.0206740664 a       522     0    27     1     2
      0.2456432307 a       523     0    27     1     3
     -0.0959983232 a       524     0    27     1     4
      0.0030399039 a       525     0    27     1     5
     -0.3814491647 a       526     0    27     1     6
      0.3714257686 a       527     0    27     1     7
      0.0761386089 a       528     0    27     1     8
     -0.1273504968 a       529     0    27     1     9
      0.0599550279 a       530     0    27     1    10
     -0.0461441191 a       531     0    27     1    11
     -0.2910947409 a       532     0    27     1    12
     -0.2793083668 a       533     0    27     1    13
      0.3947381221 a       534     0    27     1    14
      0.4030966688 a       535     0    27     1    15
     -0.0227337184 a       536     0    27     1    16
     -0.1272743520 a       537     0    27     1    17
     -0.4638052742 a       538     0    27     1    18
      0.1434176705 a       539     0    27     1    19
      0.4877079739 a       540     0    27     1    20
      0.1004936497 a       541     0    28     1     1
      0.3925955485 a       542     0    28     1     2
      0.1071626150 a       543     0    28     1     3
     -0.2080157315 a       544     0    28     1     4
     -0.2907884746 a       545     0    28     1     5
     -0.0334391756 a       546     0    28     1     6
      0.4178386172 a       547     0    28     1     7
      0.3404779424 a       548     0    28     1     8
      0.1386582363 a       549     0    28     1     9
      0.3946006527 a       550     0    28     1    10
      0.0675084401 a       551     0    28     1    11
     -0.3338271724 a       552     0    28     1    12
     -0.1395134604 a       553     0    28     1    13
     -0.3137538914 a       554     0    28     1    14
     -0.2187143850 a       555     0    28     1    15
     -0.0845092738 a       556     0    28     1    16
     -0.3392045019 a       557     0    28     1    17
      0.1275178423 a       558     0    28     1    18
      0.2075977257 a       559     0    28     1    19
      0.4561404101 a       560     0    28     1    20
      0.0087882098 a       561     0    29     1     1
      0.4074036288 a       562     0    29     1     2
      0.4614191610 a       563     0    29     1     3
     -0.2737833892 a       564     0    29     1     4
     -0.4926061247 a       565     0    29     1     5
     -0.1233945649 a       566     0    29     1     6
     -0.3477561935 a       567     0    29     1     7
      0.1364279896 a       568     0    29     1     8
     -0.4226742910 a       569     0    29     1     9
     -0.2841362643 a       570     0    29     1    10
      0.1983625669 a       571     0    29     1    11
      0.1627080149 a       572     0    29     1    12
     -0.0734251579 a       573     0    29     1    13
     -0.0481585086 a       574     0    29     1    14
     -0.2906864097 a       575     0    29     1    15
     -0.0138303895 a       576     0    29     1    16
     -0.0162494630 a       577     0    29     1    17
      0.0337869953 a       578     0    29     1    18
      0.1388060159 a       579     0    29     1    19
      0.2128736745 a       580     0    29     1    20
     -0.3423069414 a       581     0    30     1     1
      0.1232240491 a       582     0    30     1     2
     -0.4325313457 a       583     0    30     1     3
     -0.4275163999 a       584     0    30     1     4
      0.3971537651 a       585     0    30     1     5
     -0.3532848051 a       586     0    30     1     6
      0.2523813682 a       587     0    30     1     7
     -0.0752572739 a       588     0    30     1     8
      0.1694089401 a       589     0    30     1     9
      0.4479481197 a       590     0    30     1    10
     -0.1880221978 a       591     0    30     1    11
      0.3545225362 a       592     0    30     1    12
     -0.1011266386 a       593     0    30     1    13
      0.2896990120 a       594     0    30     1    14
      0.1471780742 a       595     0    30     1    15
     -0.2671399762 a       596     0    30     1    16
     -0.4512111889 a       597     0    30     1    17
      0.2897674123 a       598     0    30     1    18
     -0.1402628578 a       599     0    30     1    19
     -0.0324149911 a       600     0    30     1    20
      0.1283953215 a       601     0    31     1     1
      0.3669740980 a       602     0    31     1     2
      0.3486347768 a       603     0    31     1     3
     -0.1857469397 a       604     0    31     1     4
     -0.3296756592 a       605     0    31     1     5
      0.3512998823 a       606     0    31     1     6
      0.4384889534 a       607     0    31     1     7
      0.4352759789 a       608     0    31     1     8
     -0.0480021583 a       609     0    31     1     9
     -0.0440639081 a       610     0    31     1    10
      0.3782585451 a       611     0    31     1    11
      0.1319459277 a       612     0    31     1    12
     -0.3001707361 a       613     0    31     1    13
      0.0436909422 a       614     0    31     1    14
      0.2551216287 a       615     0    31     1    15
     -0.4487629544 a       616     0    31     1    16
      0.0488544112 a       617     0    31     1    17
      0.2702509097 a       618     0    31     1    18
      0.0517012540 a       619     0    31     1    19
     -0.0722290720 a       620     0    31     1    20
      1.2065963584 b       621     1     1
      0.8747993350 b       622     1     2
      0.2186692847 b       623     1     3
      0.5775970268 b       624     1     4
     -0.6971303550 b       625     1     5
      1.4941217184 b       626     1     6
     -0.9962621175 b       627     1     7
     -0.9057462650 b       628     1     8
     -0.0311192065 b       629     1     9
     -0.3254668020 b       630     1    10
      1.3916508569 b       631     1    11
     -0.2158167917 b       632     1    12
     -0.4016335346 b       633     1    13
     -0.9969913767 b       634     1    14
      0.4002968741 b       635     1    15
      0.6076243368 b       636     1    16
     -0.2031072910 b       637     1    17
     -0.3915007671 b       638     1    18
     -0.5681028871 b       639     1    19
     -0.2654084686 b       640     1    20
      0.1282481276 a       641     1     1     2     1
      0.4211029794 a       642     1     1     2     2
      0.3156337785 a       643     1     1     2     3
      0.4470516788 a       644     1     1     2     4
      0.2485958614 a       645     1     1     2     5
     -0.4119719320 a       646     1     1     2     6
      0.3498956951 a       647     1     1     2     7
      0.4833755355 a       648     1     1     2     8
      0.4069051835 a       649     1     1     2     9
     -0.2369141054 a       650     1     1     2    10
      0.4564950834 a       651     1     1     2    11
      0.0595460951 a       652     1     1     2    12
      0.5307171108 a       653     1     1     2    13
     -0.5735128332 a       654     1     1     2    14
     -0.6043461409 a       655     1     1     2    15
      0.4025672925 a       656     1     1     2    16
      0.2278116347 a       657     1     1     2    17
     -0.1880761306 a       658     1     1     2    18
      0.2750415433 a       659     1     1     2    19
      0.3628363024 a       660     1     1     2    20
     -0.3576856716 a       661     1     2     2     1
     -0.4714287569 a       662     1     2     2     2
     -0.0908406151 a       663     1     2     2     3
     -0.0671067368 a       664     1     2     2     4
      0.3071933801 a       665     1     2     2     5
      0.0077875684 a       666     1     2     2     6
     -0.4670586604 a       667     1     2     2     7
     -0.1283369522 a       668     1     2     2     8
     -0.5004249283 a       669     1     2     2     9
     -0.2322327224 a       670     1     2     2    10
      0.4213311610 a       671     1     2     2    11
      0.2943051768 a       672     1     2     2    12
      0.4775929211 a       673     1     2     2    13
      0.2184824575 a       674     1     2     2    14
      0.5792797346 a       675     1     2     2    15
     -0.2175862774 a       676     1     2     2    16
     -0.0441130898 a       677     1     2     2    17
     -0.2140425287 a       678     1     2     2    18
      0.6308730168 a       679     1     2     2    19
      0.0091271525 a       680     1     2     2    20
     -0.0284922405 a       681     1     3     2     1
     -0.5467933635 a       682     1     3     2     2
     -0.3222152809 a       683     1     3     2     3
      0.1851809497 a       684     1     3     2     4
      0.2295942537 a       685     1     3     2     5
      0.5512653711 a       686     1     3     2     6
      0.3719146342 a       687     1     3     2     7
     -0.4598472427 a       688     1     3     2     8
      0.5680764754 a       689     1     3     2     9
      0.4655273140 a       690     1     3     2    10
     -0.0578070962 a       691     1     3     2    11
     -0.4597264641 a       692     1     3     2    12
      0.1781187751 a       693     1     3     2    13
      0.2077544340 a       694     1     3     2    14
     -0.2437065962 a       695     1     3     2    15
      0.1253437815 a       696     1     3     2    16
     -0.3384425604 a       697     1     3     2    17
     -0.2366268329 a       698     1     3     2    18
     -0.1442785440 a       699     1     3     2    19
      0.5783580117 a       700     1     3     2    20
      0.3908803607 a       701     1     4     2     1
     -0.5696317331 a       702     1     4     2     2
     -0.5003591520 a       703     1     4     2     3
      0.4878818879 a       704     1     4     2     4
     -0.5299127252 a       705     1     4     2     5
     -0.5851457881 a       706     1     4     2     6
      0.2365725491 a       707     1     4     2     7
     -0.4509599590 a       708     1     4     2     8
     -0.5386704256 a       709     1     4     2     9
      0.1023282441 a       710     1     4     2    10
      0.1330027667 a       711     1     4     2    11
      0.5520952149 a       712     1     4     2    12
      0.4748589883 a       713     1     4     2    13
      0.3852384755 a       714     1     4     2    14
      0.4452221570 a       715     1     4     2    15
     -0.4499954706 a       716     1     4     2    16
     -0.4879625764 a       717     1     4     2    17
      0.2441302444 a       718     1     4     2    18
      0.0698378800 a       719     1     4     2    19
     -0.4666854395 a       720     1     4     2    20
      0.3631001286 a       721     1     5     2     1
     -0.4113157217 a       722     1     5     2     2
      0.1010824435 a       723     1     5     2     3
      0.5810561529 a       724     1     5     2     4
     -0.0095906496 a       725     1     5     2     5
      0.3365802185 a       726     1     5     2     6
      0.3617757910 a       727     1     5     2     7
      0.3393629842 a       728     1     5     2     8
     -0.4805152500 a       729     1     5     2     9
      0.3464099788 a       730     1     5     2    10
     -0.0687746863 a       731     1     5     2    11
     -0.0646564254 a       732     1     5     2    12
     -0.0066815231 a       733     1     5     2    13
     -0.0818026361 a       734     1     5     2    14
     -0.4289758606 a       735     1     5     2    15
      0.4117184006 a       736     1     5     2    16
      0.1446269182 a       737     1     5     2    17
      0.5845641808 a       738     1     5     2    18
      0.0264649166 a       739     1     5     2    19
     -0.6068412708 a       740     1     5     2    20
     -0.2473264518 a       741     1     6     2     1
     -0.3123650021 a       742     1     6     2     2
      0.3525998328 a       743     1     6     2     3
     -0.0789002688 a       744     1     6     2     4
      0.2157260959 a       745     1     6     2     5
      0.3770210224 a       746     1     6     2     6
     -0.5107280309 a       747     1     6     2     7
     -0.2577347272 a       748     1     6     2     8
      0.2793490161 a       749     1     6     2     9
      0.1907633664 a       750     1     6     2    10
      0.3333823601 a       751     1     6     2    11
     -0.3334225888 a       752     1     6     2    12
     -0.4151182126 a       753     1     6     2    13
      0.4878581056 a       754     1     6     2    14
     -0.2785231063 a       755     1     6     2    15
     -0.1929288371 a       756     1     6     2    16
     -0.3563312502 a       757     1     6     2    17
      0.6049816721 a       758     1     6     2    18
      0.4343466802 a       759     1     6     2    19
     -0.1897257703 a       760     1     6     2    20
     -0.0931998493 a       761     1     7     2     1
     -0.2553463571 a       762     1     7     2     2
     -0.1084271541 a       763     1     7     2     3
      0.2710092315 a       764     1     7     2     4
     -0.1444513298 a       765     1     7     2     5
     -0.2475426782 a       766     1     7     2     6
      0.2687909972 a       767     1     7     2     7
      0.3377451923 a       768     1     7     2     8
     -0.1838887790 a       769     1     7     2     9
     -0.0210444712 a       770     1     7     2    10
     -0.0859209831 a       771     1     7     2    11
     -0.4348523538 a       772     1     7     2    12
      0.4986080395 a       773     1     7     2    13
     -0.0050026172 a       774     1     7     2    14
     -0.0270014923 a       775     1     7     2    15
     -0.2877861874 a       776     1     7     2    16
     -0.2579602816 a       777     1     7     2    17
      0.1015259719 a       778     1     7     2    18
      0.5283593447 a       779     1     7     2    19
     -0.1016900586 a       780     1     7     2    20
      0.5868787017 a       781     1     8     2     1
     -0.5715561764 a       782     1     8     2     2
     -0.5117818079 a       783     1     8     2     3
      0.2507263841 a       784     1     8     2     4
      0.3938470819 a       785     1     8     2     5
      0.5664116631 a       786     1     8     2     6
     -0.0475923655 a       787     1     8     2     7
     -0.5350058037 a       788     1     8     2     8
      0.0786542313 a       789     1     8     2     9
      0.0533457222 a       790     1     8     2    10
     -0.1035748145 a       791     1     8     2    11
     -0.2861546580 a       792     1     8     2    12
      0.4581523021 a       793     1     8     2    13
      0.2061673919 a       794     1     8     2    14
     -0.2271455981 a       795     1     8     2    15
     -0.0503116184 a       796     1     8     2    16
      0.1232558179 a       797     1     8     2    17
      0.2064695065 a       798     1     8     2    18
     -0.0453596654 a       799     1     8     2    19
      0.4882961424 a       800     1     8     2    20
     -0.1072309831 a       801     1     9     2     1
      0.0919490826 a       802     1     9     2     2
     -0.2879009584 a       803     1     9     2     3
     -0.6236059497 a       804     1     9     2     4
      0.3965326847 a       805     1     9     2     5
      0.3177641413 a       806     1     9     2     6
     -0.2105662817 a       807     1     9     2     7
     -0.0947770634 a       808     1     9     2     8
     -0.3150984875 a       809     1     9     2     9
      0.1845664232 a       810     1     9     2    10
     -0.1984027255 a       811     1     9     2    11
     -0.2234106188 a       812     1     9     2    12
     -0.1742289883 a       813     1     9     2    13
     -0.3783967690 a       814     1     9     2    14
      0.5851561895 a       815     1     9     2    15
      0.5990760028 a       816     1     9     2    16
      0.6011815057 a       817     1     9     2    17
     -0.1392361913 a       818     1     9     2    18
      0.1275604053 a       819     1     9     2    19
      0.5722793637 a       820     1     9     2    20
      0.4339840430 a       821     1    10     2     1
      0.4331437574 a       822     1    10     2     2
     -0.1144510650 a       823     1    10     2     3
     -0.1484803860 a       824     1    10     2     4
     -0.5716182400 a       825     1    10     2     5
     -0.0098500449 a       826     1    10     2     6
      0.5848353676 a       827     1    10     2     7
      0.1572024653 a       828     1    10     2     8
     -0.0405527867 a       829     1    10     2     9
     -0.0879344653 a       830     1    10     2    10
      0.2795772089 a       831     1    10     2    11
     -0.1173690519 a       832     1    10     2    12
      0.3372716138 a       833     1    10     2    13
      0.1612206680 a       834     1    10     2    14
      0.2399459133 a       835     1    10     2    15
      0.3198079511 a       836     1    10     2    16
      0.6104342212 a       837     1    10     2    17
      0.4161877959 a       838     1    10     2    18
      0.3699065843 a       839     1    10     2    19
     -0.5406328201 a       840     1    10     2    20
      0.5882952177 a       841     1    11     2     1
     -0.0737090789 a       842     1    11     2     2
     -0.0548138262 a       843     1    11     2     3
     -0.1860424211 a       844     1    11     2     4
     -0.5563542577 a       845     1    11     2     5
      0.6042215302 a       846     1    11     2     6
     -0.4192413835 a       847     1    11     2     7
     -0.5827987804 a       848     1    11     2     8
     -0.1373342285 a       849     1    11     2     9
      0.4679987194 a       850     1    11     2    10
     -0.6485338365 a       851     1    11     2    11
     -0.2055895408 a       852     1    11     2    12
     -0.2570912776 a       853     1    11     2    13
     -0.3984605373 a       854     1    11     2    14
     -0.1607348588 a       855     1    11     2    15
     -0.2422296560 a       856     1    11     2    16
     -0.4754568543 a       857     1    11     2    17
      0.5929974919 a       858     1    11     2    18
      0.0605975174 a       859     1    11     2    19
      0.0938866266 a       860     1    11     2    20
      0.0867605757 a       861     1    12     2     1
     -0.2349386366 a       862     1    12     2     2
     -0.4586440813 a       863     1    12     2     3
     -0.2534733809 a       864     1    12     2     4
      0.4659429213 a       865     1    12     2     5
     -0.3767753015 a       866     1    12     2     6
      0.3666088628 a       867     1    12     2     7
     -0.5418244886 a       868     1    12     2     8
      0.4554090056 a       869     1    12     2     9
      0.4147965972 a       870     1    12     2    10
      0.0913344023 a       871     1    12     2    11
      0.4602616604 a       872     1    12     2    12
      0.0616359187 a       873     1    12     2    13
      0.0530008747 a       874     1    12     2    14
      0.2051809162 a       875     1    12     2    15
     -0.5227200268 a       876     1    12     2    16
      0.0044185133 a       877     1    12     2    17
     -0.2907371079 a       878     1    12     2    18
      0.4661687960 a       879     1    12     2    19
      0.4259673119 a       880     1    12     2    20
     -0.2035579257 a       881     1    13     2     1
      0.3108129440 a       882     1    13     2     2
     -0.2471179871 a       883     1    13     2     3
      0.3455880024 a       884     1    13     2     4
     -0.1161270419 a       885     1    13     2     5
      0.0121884621 a       886     1    13     2     6
      0.4804331218 a       887     1    13     2     7
      0.2119971183 a       888     1    13     2     8
      0.5735438855 a       889     1    13     2     9
     -0.3610642951 a       890     1    13     2    10
     -0.5006441384 a       891     1    13     2    11
      0.4604987466 a       892     1    13     2    12
      0.0680054681 a       893     1    13     2    13
      0.1683771991 a       894     1    13     2    14
      0.3907240018 a       895     1    13     2    15
     -0.0588154969 a       896     1    13     2    16
      0.3634328845 a       897     1    13     2    17
     -0.6376936248 a       898     1    13     2    18
      0.4957114005 a       899     1    13     2    19
     -0.0834480319 a       900     1    13     2    20
      0.4246287580 a       901     1    14     2     1
      0.0365727111 a       902     1    14     2     2
     -0.4001976748 a       903     1    14     2     3
     -0.0571268298 a       904     1    14     2     4
      0.0454275211 a       905     1    14     2     5
     -0.0253677165 a       906     1    14     2     6
      0.5616331620 a       907     1    14     2     7
     -0.2489509626 a       908     1    14     2     8
     -0.4477132446 a       909     1    14     2     9
      0.5384972264 a       910     1    14     2    10
      0.3949258045 a       911     1    14     2    11
      0.2827967368 a       912     1    14     2    12
     -0.1739362602 a       913     1    14     2    13
     -0.2362946155 a       914     1    14     2    14
     -0.1883909611 a       915     1    14     2    15
      0.5363118343 a       916     1    14     2    16
      0.1517636402 a       917     1    14     2    17
     -0.1783579986 a       918     1    14     2    18
      0.3336244352 a       919     1    14     2    19
      0.0520546074 a       920     1    14     2    20
      0.4133273587 a       921     1    15     2     1
      0.4294145165 a       922     1    15     2     2
     -0.5174053983 a       923     1    15     2     3
      0.0718571203 a       924     1    15     2     4
     -0.4702054100 a       925     1    15     2     5
     -0.1292523315 a       926     1    15     2     6
      0.0636907052 a       927     1    15     2     7
      0.3480226726 a       928     1    15     2     8
      0.0629773775 a       929     1    15     2     9
     -0.4957386897 a       930     1    15     2    10
      0.6843204386 a       931     1    15     2    11
     -0.4705668075 a       932     1    15     2    12
     -0.0659203514 a       933     1    15     2    13
     -0.5312594177 a       934     1    15     2    14
     -0.3064976683 a       935     1    15     2    15
      0.4327266588 a       936     1    15     2    16
     -0.2692278494 a       937     1    15     2    17
      0.4344328371 a       938     1    15     2    18
     -0.0480567616 a       939     1    15     2    19
     -0.4942223515 a       940     1    15     2    20
      0.1480652029 a       941     1    16     2     1
     -0.5022148085 a       942     1    16     2     2
     -0.4823962264 a       943     1    16     2     3
     -0.2333374026 a       944     1    16     2     4
      0.5129051796 a       945     1    16     2     5
     -0.0400311161 a       946     1    16     2     6
      0.1148825015 a       947     1    16     2     7
     -0.4982207318 a       948     1    16     2     8
      0.0642598511 a       949     1    16     2     9
      0.2201441717 a       950     1    16     2    10
     -0.1286699997 a       951     1    16     2    11
     -0.4633167398 a       952     1    16     2    12
      0.3072698226 a       953     1    16     2    13
      0.3073413866 a       954     1    16     2    14
     -0.6642338773 a       955     1    16     2    15
     -0.1952473643 a       956     1    16     2    16
     -0.4758023273 a       957     1    16     2    17
     -0.3100984549 a       958     1    16     2    18
     -0.3344283531 a       959     1    16     2    19
     -0.0229271120 a       960     1    16     2    20
      0.5216798497 a       961     1    17     2     1
      0.2133866772 a       962     1    17     2     2
      0.4566017989 a       963     1    17     2     3
      0.3739853110 a       964     1    17     2     4
     -0.5004583696 a       965     1    17     2     5
      0.3865889615 a       966     1    17     2     6
     -0.1198634475 a       967     1    17     2     7
      0.1115856799 a       968     1    17     2     8
      0.4252387120 a       969     1    17     2     9
     -0.4467284800 a       970     1    17     2    10
      0.0908873259 a       971     1    17     2    11
      0.2329462014 a       972     1    17     2    12
      0.3784145107 a       973     1    17     2    13
      0.6001780531 a       974     1    17     2    14
      0.1740933222 a       975     1    17     2    15
     -0.4780812121 a       976     1    17     2    16
      0.5607258452 a       977     1    17     2    17
      0.2767058474 a       978     1    17     2    18
      0.4525330976 a       979     1    17     2    19
      0.1013159441 a       980     1    17     2    20
     -0.0095318350 a       981     1    18     2     1
     -0.2911402807 a       982     1    18     2     2
     -0.4685010833 a       983     1    18     2     3
     -0.5878506575 a       984     1    18     2     4
     -0.4126293787 a       985     1    18     2     5
      0.4865998248 a       986     1    18     2     6
      0.1439751311 a       987     1    18     2     7
      0.0879523234 a       988     1    18     2     8
     -0.0670395251 a       989     1    18     2     9
     -0.5751234254 a       990     1    18     2    10
     -0.6219736039 a       991     1    18     2    11
     -0.3637981905 a       992     1    18     2    12
      0.4446385127 a       993     1    18     2    13
     -0.5414998456 a       994     1    18     2    14
     -0.2697721624 a       995     1    18     2    15
      0.4657240525 a       996     1    18     2    16
     -0.3425606711 a       997     1    18     2    17
     -0.0166271233 a       998     1    18     2    18
     -0.5897014743 a       999     1    18     2    19
      0.0004187627 a      1000     1    18     2    20
      0.4663286138 a      1001     1    19     2     1
     -0.0749342504 a      1002     1    19     2     2
     -0.4942839208 a      1003     1    19     2     3
      0.4500011928 a      1004     1    19     2     4
      0.0370669433 a      1005     1    19     2     5
      0.1485019582 a      1006     1    19     2     6
      0.3062003122 a      1007     1    19     2     7
     -0.4497293962 a      1008     1    19     2     8
      0.1941718124 a      1009     1    19     2     9
      0.5066425578 a      1010     1    19     2    10
     -0.4504533128 a      1011     1    19     2    11
      0.5473444740 a      1012     1    19     2    12
      0.5931203498 a      1013     1    19     2    13
     -0.5705494285 a      1014     1    19     2    14
     -0.1252073218 a      1015     1    19     2    15
      0.2980470325 a      1016     1    19     2    16
      0.2527327455 a      1017     1    19     2    17
      0.4865816701 a      1018     1    19     2    18
      0.3000690175 a      1019     1    19     2    19
      0.1929163233 a      1020     1    19     2    20
      0.5858166079 a      1021     1    20     2     1
      0.1892523702 a      1022     1    20     2     2
     -0.2663679612 a      1023     1    20     2     3
      0.5547917006 a      1024     1    20     2     4
      0.0054145766 a      1025     1    20     2     5
     -0.3942723697 a      1026     1    20     2     6
     -0.5047823817 a      1027     1    20     2     7
     -0.1780127121 a      1028     1    20     2     8
     -0.4231980097 a      1029     1    20     2     9
      0.4618539381 a      1030     1    20     2    10
      0.2603754708 a      1031     1    20     2    11
     -0.3456474494 a      1032     1    20     2    12
      0.4540837310 a      1033     1    20     2    13
      0.1367662306 a      1034     1    20     2    14
     -0.2490389643 a      1035     1    20     2    15
     -0.2849484559 a      1036     1    20     2    16
      0.3142606186 a      1037     1    20     2    17
     -0.1463493186 a      1038     1    20     2    18
      0.4325783835 a      1039     1    20     2    19
      0.4424434530 a      1040     1    20     2    20
      0.7073265179 b      1041     2     1
      0.7802965711 b      1042     2     2
     -1.1160224684 b      1043     2     3
      0.1637917398 b      1044     2     4
     -0.6821281380 b      1045     2     5
      1.3542836223 b      1046     2     6
      0.0860429855 b      1047     2     7
     -0.1686509151 b      1048     2     8
      0.3805687525 b      1049     2     9
      1.5839580823 b      1050     2    10
     -0.5597217345 b      1051     2    11
      1.2327168656 b      1052     2    12
      1.1632825340 b      1053     2    13
     -1.2516270922 b      1054     2    14
      0.4249912879 b      1055     2    15
      0.6230060593 b      1056     2    16
     -0.5866668224 b      1057     2    17
      1.0994984288 b      1058     2    18
     -0.2549486361 b      1059     2    19
      1.4771788061 b      1060     2    20
      0.0057707515 a      1061     2     1     3     1
      0.0030959745 a      1062     2     2     3     1
     -0.0013192871 a      1063     2     3     3     1
     -0.0016047724 a      1064     2     4     3     1
      0.0033452171 a      1065     2     5     3     1
     -0.0007761228 a      1066     2     6     3     1
      0.0014988788 a      1067     2     7     3     1
     -0.0069824043 a      1068     2     8     3     1
     -0.0020032746 a      1069     2     9     3     1
      0.0061758599 a      1070     2    10     3     1
      0.0073184345 a      1071     2    11     3     1
      0.0041031885 a      1072     2    12     3     1
     -0.0056345450 a      1073     2    13     3     1
      0.0017572428 a      1074     2    14     3     1
     -0.0030197947 a      1075     2    15     3     1
      0.0011187894 a      1076     2    16     3     1
      0.0081895230 a      1077     2    17     3     1
      0.0001178360 a      1078     2    18     3     1
      0.0055489481 a      1079     2    19     3     1
      0.0073850002 a      1080     2    20     3     1
     19.6611947533 b      1081     3     1
