     -0.8136830070 a         1     0     1     1     1
     -0.2600172194 a         2     0     1     1     2
      0.9533259562 a         3     0     1     1     3
      0.7184792490 a         4     0     1     1     4
     -0.7175023360 a         5     0     1     1     5
      0.8671805446 a         6     0     1     1     6
      0.8897680436 a         7     0     1     1     7
     -0.4069829094 a         8     0     1     1     8
      0.2891080702 a         9     0     1     1     9
      0.0275382942 a        10     0     1     1    10
      0.7270495372 a        11     0     1     1    11
     -0.4588908468 a        12     0     1     1    12
      0.1515622070 a        13     0     1     1    13
      0.8593557303 a        14     0     1     1    14
     -0.6248979234 a        15     0     1     1    15
     -0.4813055410 a        16     0     2     1     1
     -0.9345761871 a        17     0     2     1     2
     -0.8548062444 a        18     0     2     1     3
      0.5728522347 a        19     0     2     1     4
     -0.1416701127 a        20     0     2     1     5
      0.0706036852 a        21     0     2     1     6
      0.8959289214 a        22     0     2     1     7
     -0.4629638912 a        23     0     2     1     8
      0.9445315085 a        24     0     2     1     9
     -0.3852383275 a        25     0     2     1    10
     -0.9048470247 a        26     0     2     1    11
      0.3498079210 a        27     0     2     1    12
     -0.5414460034 a        28     0     2     1    13
     -0.6503522251 a        29     0     2     1    14
     -1.0087783566 a        30     0     2     1    15
      0.0927955230 a        31     0     3     1     1
     -0.2182907354 a        32     0     3     1     2
     -0.9298164293 a        33     0     3     1     3
     -0.7375918624 a        34     0     3     1     4
      0.7468217006 a        35     0     3     1     5
     -0.2479768013 a        36     0     3     1     6
     -0.1086618165 a        37     0     3     1     7
      0.8247932209 a        38     0     3     1     8
     -0.3405842158 a        39     0     3     1     9
      0.1152464391 a        40     0     3     1    10
      0.3866962308 a        41     0     3     1    11
      0.0216497965 a        42     0     3     1    12
     -0.7664376272 a        43     0     3     1    13
     -0.6084692628 a        44     0     3     1    14
      0.1824838088 a        45     0     3     1    15
      0.1726501824 a        46     0     4     1     1
     -0.8742194497 a        47     0     4     1     2
     -0.5003484505 a        48     0     4     1     3
      0.3666640704 a        49     0     4     1     4
     -0.5216532938 a        50     0     4     1     5
     -0.1075059699 a        51     0     4     1     6
      0.0059122128 a        52     0     4     1     7
     -0.4479556264 a        53     0     4     1     8
      0.6623684791 a        54     0     4     1     9
      0.1097937722 a        55     0     4     1    10
     -0.5671757871 a        56     0     4     1    11
     -0.9893206034 a        57     0     4     1    12
     -0.7206901137 a        58     0     4     1    13
      0.6251672772 a        59     0     4     1    14
      0.8005289030 a        60     0     4     1    15
      0.1093631070 a        61     0     5     1     1
     -0.2882670136 a        62     0     5     1     2
      0.3654999829 a        63     0     5     1     3
      0.4659352177 a        64     0     5     1     4
     -0.9059574669 a        65     0     5     1     5
     -0.7283019257 a        66     0     5     1     6
      0.2228407683 a        67     0     5     1     7
     -0.0643397440 a        68     0     5     1     8
      0.8787497718 a        69     0     5     1     9
      0.4334387298 a        70     0     5     1    10
     -0.4746439340 a        71     0     5     1    11
      0.5364503029 a        72     0     5     1    12
      0.3311612101 a        73     0     5     1    13
      0.4845583648 a        74     0     5     1    14
      0.6754439448 a        75     0     5     1    15
     -0.1434924289 a        76     0     6     1     1
     -0.6776108829 a        77     0     6     1     2
     -0.0409940611 a        78     0     6     1     3
      0.8639119975 a        79     0     6     1     4
     -0.4909586307 a        80     0     6     1     5
      0.4284374963 a        81     0     6     1     6
     -0.7273552783 a        82     0     6     1     7
      0.9055019180 a        83     0     6     1     8
      0.4590128982 a        84     0     6     1     9
      0.9496288091 a        85     0     6     1    10
     -0.4687237864 a        86     0     6     1    11
      0.2752598681 a        87     0     6     1    12
     -0.7994043510 a        88     0     6     1    13
     -0.3751370988 a        89     0     6     1    14
      0.9396922635 a        90     0     6     1    15
      0.4379120100 a        91     0     7     1     1
      0.5334609789 a        92     0     7     1     2
      0.3492763410 a        93     0     7     1     3
     -0.1636585143 a        94     0     7     1     4
      0.3424181719 a        95     0     7     1     5
     -0.9052058556 a        96     0     7     1     6
      0.5619328552 a        97     0     7     1     7
      0.6539202569 a        98     0     7     1     8
      0.5790027841 a        99     0     7     1     9
      0.3950005010 a       100     0     7     1    10
     -0.5889901185 a       101     0     7     1    11
     -0.3820489152 a       102     0     7     1    12
      0.5481172360 a       103     0     7     1    13
     -0.6303634148 a       104     0     7     1    14
     -0.4492044654 a       105     0     7     1    15
     -0.2879065649 a       106     0     8     1     1
      0.8080754319 a       107     0     8     1     2
     -0.6555152703 a       108     0     8     1     3
      0.8439193584 a       109     0     8     1     4
      0.4757970679 a       110     0     8     1     5
      0.4749684136 a       111     0     8     1     6
      0.3533551133 a       112     0     8     1     7
      0.1155510837 a       113     0     8     1     8
      0.4039093422 a       114     0     8     1     9
     -0.4902593395 a       115     0     8     1    10
     -0.2682233674 a       116     0     8     1    11
      0.9348473357 a       117     0     8     1    12
     -0.4473366999 a       118     0     8     1    13
      0.9152718448 a       119     0     8     1    14
      0.2712018174 a       120     0     8     1    15
      0.2838009320 a       121     0     9     1     1
      0.7770600686 a       122     0     9     1     2
     -0.9156597076 a       123     0     9     1     3
     -0.7619621386 a       124     0     9     1     4
      0.8276371853 a       125     0     9     1     5
      0.0751634716 a       126     0     9     1     6
     -0.7599575414 a       127     0     9     1     7
      0.3064554875 a       128     0     9     1     8
      0.7320739050 a       129     0     9     1     9
     -0.4277019702 a       130     0     9     1    10
     -0.1646122740 a       131     0     9     1    11
     -0.4640127156 a       132     0     9     1    12
      0.0517848720 a       133     0     9     1    13
      0.8790426443 a       134     0     9     1    14
     -0.1781605625 a       135     0     9     1    15
     -0.9627978046 a       136     0    10     1     1
     -0.4033586932 a       137     0    10     1     2
      0.7381557835 a       138     0    10     1     3
     -0.6546278194 a       139     0    10     1     4
     -0.9390654304 a       140     0    10     1     5
     -0.4532894930 a       141     0    10     1     6
     -0.3175716316 a       142     0    10     1     7
      0.7276599064 a       143     0    10     1     8
      0.0191354130 a       144     0    10     1     9
      0.6487582443 a       145     0    10     1    10
      0.8019085722 a       146     0    10     1    11
     -0.3409109657 a       147     0    10     1    12
      0.8564888530 a       148     0    10     1    13
      0.0527136723 a       149     0    10     1    14
      0.3068764629 a       150     0    10     1    15
     -0.3610224376 a       151     0    11     1     1
      0.1433233187 a       152     0    11     1     2
     -0.2670031267 a       153     0    11     1     3
      0.6412470839 a       154     0    11     1     4
     -0.1456898011 a       155     0    11     1     5
      0.6697881677 a       156     0    11     1     6
      0.5990992963 a       157     0    11     1     7
     -0.3425198305 a       158     0    11     1     8
      0.1022554201 a       159     0    11     1     9
     -0.7382517490 a       160     0    11     1    10
      0.0876635267 a       161     0    11     1    11
     -0.1023501480 a       162     0    11     1    12
      0.3607093451 a       163     0    11     1    13
      0.8723073253 a       164     0    11     1    14
     -0.2383141268 a       165     0    11     1    15
      0.5434644552 a       166     0    12     1     1
      0.6337952101 a       167     0    12     1     2
      0.6106413591 a       168     0    12     1     3
      0.0464395229 a       169     0    12     1     4
      0.9609136873 a       170     0    12     1     5
     -0.8633450977 a       171     0    12     1     6
      0.7484995942 a       172     0    12     1     7
     -0.4662705199 a       173     0    12     1     8
      0.9526654343 a       174     0    12     1     9
      0.1082276977 a       175     0    12     1    10
      0.1730204332 a       176     0    12     1    11
     -0.9964717341 a       177     0    12     1    12
     -0.0511359506 a       178     0    12     1    13
     -0.6556487335 a       179     0    12     1    14
      0.1453913674 a       180     0    12     1    15
     -0.4602212504 a       181     0    13     1     1
     -0.0646564350 a       182     0    13     1     2
      0.3700793539 a       183     0    13     1     3
     -0.4508799545 a       184     0    13     1     4
     -0.6738540432 a       185     0    13     1     5
     -0.7397431201 a       186     0    13     1     6
     -0.3681045061 a       187     0    13     1     7
     -0.4445324351 a       188     0    13     1     8
      0.6251165952 a       189     0    13     1     9
      0.4381097149 a       190     0    13     1    10
      0.1446402144 a       191     0    13     1    11
     -0.9160922173 a       192     0    13     1    12
     -0.4545517783 a       193     0    13     1    13
     -0.8374335276 a       194     0    13     1    14
      0.7411939350 a       195     0    13     1    15
     -0.4510500077 a       196     0    14     1     1
     -0.0940238962 a       197     0    14     1     2
      0.3807807753 a       198     0    14     1     3
     -0.4037781533 a       199     0    14     1     4
     -0.5943876232 a       200     0    14     1     5
     -0.5288433645 a       201     0    14     1     6
      0.1236638409 a       202     0    14     1     7
     -0.4761137347 a       203     0    14     1     8
     -0.8587346284 a       204     0    14     1     9
     -0.3635116908 a       205     0    14     1    10
      0.4651445355 a       206     0    14     1    11
      0.3309933123 a       207     0    14     1    12
      0.5211006650 a       208     0    14     1    13
     -0.3829962933 a       209     0    14     1    14
      0.6269501137 a       210     0    14     1    15
      0.7321906086 a       211     0    15     1     1
      0.4416731158 a       212     0    15     1     2
     -0.8614171165 a       213     0    15     1     3
      0.3533981283 a       214     0    15     1     4
      0.0338648674 a       215     0    15     1     5
     -0.0004657190 a       216     0    15     1     6
     -0.7634812876 a       217     0    15     1     7
     -0.9844059696 a       218     0    15     1     8
     -0.0645535542 a       219     0    15     1     9
      0.4658131089 a       220     0    15     1    10
      0.1210455891 a       221     0    15     1    11
     -0.8725315920 a       222     0    15     1    12
      0.1414061350 a       223     0    15     1    13
     -0.8106992590 a       224     0    15     1    14
     -0.9695673695 a       225     0    15     1    15
      0.9298595215 a       226     0    16     1     1
     -0.6119265510 a       227     0    16     1     2
      0.2596227420 a       228     0    16     1     3
     -0.3900754601 a       229     0    16     1     4
      0.0223441258 a       230     0    16     1     5
      0.5663703645 a       231     0    16     1     6
      0.7127183815 a       232     0    16     1     7
     -0.5746780705 a       233     0    16     1     8
      0.8501045294 a       234     0    16     1     9
     -0.3443912915 a       235     0    16     1    10
      0.1685987820 a       236     0    16     1    11
      0.2034058271 a       237     0    16     1    12
      0.8805680102 a       238     0    16     1    13
      0.9531997243 a       239     0    16     1    14
      0.0087014333 a       240     0    16     1    15
      0.4129254143 a       241     0    17     1     1
     -0.6376682862 a       242     0    17     1     2
      0.1192900723 a       243     0    17     1     3
     -0.3363579520 a       244     0    17     1     4
     -0.2836565470 a       245     0    17     1     5
     -0.9426567419 a       246     0    17     1     6
     -0.7553940916 a       247     0    17     1     7
      0.7017909918 a       248     0    17     1     8
      0.7848402692 a       249     0    17     1     9
     -0.4090882680 a       250     0    17     1    10
     -0.4381330550 a       251     0    17     1    11
      0.6798227896 a       252     0    17     1    12
     -0.6517847135 a       253     0    17     1    13
      0.7036655310 a       254     0    17     1    14
     -0.0247606359 a       255     0    17     1    15
     -0.0734981936 a       256     0    18     1     1
     -0.7237509353 a       257     0    18     1     2
     -0.4077439328 a       258     0    18     1     3
      0.5192970913 a       259     0    18     1     4
      0.8905157512 a       260     0    18     1     5
     -0.0392545737 a       261     0    18     1     6
      0.4024975954 a       262     0    18     1     7
      0.1601647740 a       263     0    18     1     8
     -0.1614446768 a       264     0    18     1     9
      0.3466212442 a       265     0    18     1    10
      0.0765114958 a       266     0    18     1    11
      0.7100918771 a       267     0    18     1    12
     -0.8196535134 a       268     0    18     1    13
     -0.9618556621 a       269     0    18     1    14
      0.0815894164 a       270     0    18     1    15
     -0.5479570409 a       271     0    19     1     1
     -0.5101534354 a       272     0    19     1     2
     -0.3879327728 a       273     0    19     1     3
      0.0784924761 a       274     0    19     1     4
      0.2196808279 a       275     0    19     1     5
      0.0980073904 a       276     0    19     1     6
      0.0736732720 a       277     0    19     1     7
      0.9021907678 a       278     0    19     1     8
      0.8978625569 a       279     0    19     1     9
     -0.3543003010 a       280     0    19     1    10
     -0.4628989467 a       281     0    19     1    11
      0.4589371916 a       282     0    19     1    12
      0.7151450220 a       283     0    19     1    13
      0.9707935387 a       284     0    19     1    14
      0.5658392029 a       285     0    19     1    15
      0.5684022587 a       286     0    20     1     1
     -0.8403307053 a       287     0    20     1     2
      0.3415479527 a       288     0    20     1     3
      0.7291833087 a       289     0    20     1     4
     -0.4050687180 a       290     0    20     1     5
     -0.2644577511 a       291     0    20     1     6
      0.6194399433 a       292     0    20     1     7
     -0.9085090486 a       293     0    20     1     8
      0.5553143759 a       294     0    20     1     9
      0.4112434482 a       295     0    20     1    10
     -0.6795354358 a       296     0    20     1    11
      0.0019520282 a       297     0    20     1    12
     -0.7791820434 a       298     0    20     1    13
      1.0109554239 a       299     0    20     1    14
      0.2008951629 a       300     0    20     1    15
      0.8018715926 a       301     0    21     1     1
     -0.8757652020 a       302     0    21     1     2
      0.7945982878 a       303     0    21     1     3
     -0.5379318745 a       304     0    21     1     4
      1.0023971487 a       305     0    21     1     5
     -0.2248255077 a       306     0    21     1     6
     -0.3504581140 a       307     0    21     1     7
      0.1927312465 a       308     0    21     1     8
     -0.5187204505 a       309     0    21     1     9
     -0.5605576143 a       310     0    21     1    10
      1.0148455637 a       311     0    21     1    11
     -0.8125455201 a       312     0    21     1    12
     -0.4930583563 a       313     0    21     1    13
     -0.8243807100 a       314     0    21     1    14
     -0.9223270960 a       315     0    21     1    15
     -0.5715280590 a       316     0    22     1     1
     -0.0795930604 a       317     0    22     1     2
      0.3336057312 a       318     0    22     1     3
     -0.4300451220 a       319     0    22     1     4
      0.8893094489 a       320     0    22     1     5
     -1.0129366881 a       321     0    22     1     6
     -0.2393207599 a       322     0    22     1     7
      0.7368624483 a       323     0    22     1     8
     -0.2979617307 a       324     0    22     1     9
     -0.5642579072 a       325     0    22     1    10
     -0.8954792419 a       326     0    22     1    11
     -0.3711851684 a       327     0    22     1    12
      0.4090164077 a       328     0    22     1    13
      0.6240936554 a       329     0    22     1    14
      0.0807703244 a       330     0    22     1    15
     -0.1197755409 a       331     0    23     1     1
      0.8303481026 a       332     0    23     1     2
     -0.2793874444 a       333     0    23     1     3
     -0.3062943236 a       334     0    23     1     4
      0.7077503182 a       335     0    23     1     5
     -0.3158104323 a       336     0    23     1     6
      0.9616791706 a       337     0    23     1     7
     -0.0235575162 a       338     0    23     1     8
      0.8654690130 a       339     0    23     1     9
      0.3576988246 a       340     0    23     1    10
      0.8261226826 a       341     0    23     1    11
      0.6998078960 a       342     0    23     1    12
      0.1825113186 a       343     0    23     1    13
      0.1966983350 a       344     0    23     1    14
      0.5129903663 a       345     0    23     1    15
      0.4506694719 a       346     0    24     1     1
     -0.7169951597 a       347     0    24     1     2
     -0.8590714150 a       348     0    24     1     3
      0.8508628284 a       349     0    24     1     4
      0.7941901524 a       350     0    24     1     5
     -0.4920806003 a       351     0    24     1     6
     -0.8987759688 a       352     0    24     1     7
     -0.4880673133 a       353     0    24     1     8
     -0.8944634955 a       354     0    24     1     9
     -0.3706750462 a       355     0    24     1    10
     -0.3970116071 a       356     0    24     1    11
     -0.8861494371 a       357     0    24     1    12
      0.5259823851 a       358     0    24     1    13
      0.1937318795 a       359     0    24     1    14
     -0.6955657490 a       360     0    24     1    15
     -0.4437904093 a       361     0    25     1     1
      0.2562607024 a       362     0    25     1     2
     -0.5850388245 a       363     0    25     1     3
     -0.6856626062 a       364     0    25     1     4
     -0.4604884793 a       365     0    25     1     5
      0.0221264250 a       366     0    25     1     6
     -0.1668751717 a       367     0    25     1     7
      0.2172052216 a       368     0    25     1     8
      0.7859381587 a       369     0    25     1     9
     -0.5082243108 a       370     0    25     1    10
     -0.0001681263 a       371     0    25     1    11
     -0.8487297902 a       372     0    25     1    12
     -0.2017902166 a       373     0    25     1    13
      0.4329485473 a       374     0    25     1    14
     -0.8425438233 a       375     0    25     1    15
     -0.7486607924 a       376     0    26     1     1
      0.8877038684 a       377     0    26     1     2
     -0.9207887364 a       378     0    26     1     3
     -0.3457515416 a       379     0    26     1     4
      0.7762554881 a       380     0    26     1     5
     -0.0924897502 a       381     0    26     1     6
      0.8880377750 a       382     0    26     1     7
      0.4102515506 a       383     0    26     1     8
     -0.1178087891 a       384     0    26     1     9
      0.7527996502 a       385     0    26     1    10
      0.0934378829 a       386     0    26     1    11
     -0.4238410861 a       387     0    26     1    12
      0.8054963367 a       388     0    26     1    13
      0.7938338866 a       389     0    26     1    14
      0.7038692872 a       390     0    26     1    15
     -0.6582288337 a       391     0    27     1     1
      0.5264058767 a       392     0    27     1     2
     -0.1387280813 a       393     0    27     1     3
     -0.3497991265 a       394     0    27     1     4
      0.0598186254 a       395     0    27     1     5
      0.4074136417 a       396     0    27     1     6
      0.0928887670 a       397     0    27     1     7
     -0.7263246473 a       398     0    27     1     8
      0.6053900151 a       399     0    27     1     9
     -0.5803790125 a       400     0    27     1    10
      0.6371130338 a       401     0    27     1    11
     -0.7849907228 a       402     0    27     1    12
      0.2873795696 a       403     0    27     1    13
     -0.2045654727 a       404     0    27     1    14
      0.7875379109 a       405     0    27     1    15
     -0.6794357306 b       406     1     1
      0.9553528616 b       407     1     2
      0.6847420388 b       408     1     3
     -0.0798958550 b       409     1     4
     -0.3149418610 b       410     1     5
     -0.4439223179 b       411     1     6
      0.2854657808 b       412     1     7
     -0.3538668437 b       413     1     8
     -0.1372326949 b       414     1     9
     -0.4611662796 b       415     1    10
      0.2819736672 b       416     1    11
     -0.3811403108 b       417     1    12
     -0.4731668314 b       418     1    13
      0.4971244620 b       419     1    14
      1.1043007273 b       420     1    15
      0.8335904393 a       421     1     1     2     1
     -0.2675521739 a       422     1     1     2     2
     -0.0394458924 a       423     1     1     2     3
     -0.3195943725 a       424     1     1     2     4
      0.3912761474 a       425     1     1     2     5
     -0.6147099491 a       426     1     1     2     6
     -0.7325472730 a       427     1     1     2     7
     -0.8344327180 a       428     1     1     2     8
     -0.1189500476 a       429     1     1     2     9
      0.9076846701 a       430     1     1     2    10
      0.3800448945 a       431     1     1     2    11
      0.4113458911 a       432     1     1     2    12
      0.6480882296 a       433     1     1     2    13
     -0.9836326102 a       434     1     1     2    14
     -0.9801574814 a       435     1     1     2    15
      0.0871766841 a       436     1     2     2     1
     -0.6859796444 a       437     1     2     2     2
      0.1870519701 a       438     1     2     2     3
     -0.2026691585 a       439     1     2     2     4
      0.4054112817 a       440     1     2     2     5
     -0.6569803967 a       441     1     2     2     6
     -0.2147179999 a       442     1     2     2     7
     -0.7067292634 a       443     1     2     2     8
     -0.3527524004 a       444     1     2     2     9
     -0.0468622901 a       445     1     2     2    10
      0.5562444142 a       446     1     2     2    11
      0.8967638269 a       447     1     2     2    12
     -1.0598723395 a       448     1     2     2    13
     -0.1023827216 a       449     1     2     2    14
      0.7074821767 a       450     1     2     2    15
     -0.1342268242 a       451     1     3     2     1
     -0.6523836164 a       452     1     3     2     2
     -0.2677674762 a       453     1     3     2     3
     -0.3604355371 a       454     1     3     2     4
      0.3145309559 a       455     1     3     2     5
      0.4077018273 a       456     1     3     2     6
     -0.9498173462 a       457     1     3     2     7
      0.2506386396 a       458     1     3     2     8
     -0.7894921771 a       459     1     3     2     9
     -0.7568412931 a       460     1     3     2    10
     -0.3813187550 a       461     1     3     2    11
     -0.3467010190 a       462     1     3     2    12
     -0.2665793488 a       463     1     3     2    13
      0.7287261915 a       464     1     3     2    14
      0.5845764579 a       465     1     3     2    15
      0.6332766614 a       466     1     4     2     1
     -0.0725648582 a       467     1     4     2     2
     -0.4552325682 a       468     1     4     2     3
      0.0217298426 a       469     1     4     2     4
      0.7799946357 a       470     1     4     2     5
      0.5770384073 a       471     1     4     2     6
      0.0918383337 a       472     1     4     2     7
     -0.8128329348 a       473     1     4     2     8
     -0.7475845735 a       474     1     4     2     9
     -0.0192379334 a       475     1     4     2    10
      0.3483059999 a       476     1     4     2    11
      0.7137523379 a       477     1     4     2    12
      0.7381341266 a       478     1     4     2    13
      0.3926924521 a       479     1     4     2    14
     -0.3306396122 a       480     1     4     2    15
      0.6964986771 a       481     1     5     2     1
      0.6341857831 a       482     1     5     2     2
      0.9889828300 a       483     1     5     2     3
     -0.4050145598 a       484     1     5     2     4
     -0.1501374588 a       485     1     5     2     5
      0.5394810053 a       486     1     5     2     6
     -0.1760926042 a       487     1     5     2     7
     -0.6850819374 a       488     1     5     2     8
     -0.1769437299 a       489     1     5     2     9
      0.5682469862 a       490     1     5     2    10
      0.8111541511 a       491     1     5     2    11
      0.0479445998 a       492     1     5     2    12
     -0.2314027534 a       493     1     5     2    13
      0.7860580326 a       494     1     5     2    14
     -0.2316607056 a       495     1     5     2    15
     -0.7916749613 a       496     1     6     2     1
     -0.3435964129 a       497     1     6     2     2
     -0.2917517203 a       498     1     6     2     3
      0.1478998755 a       499     1     6     2     4
     -0.5419602858 a       500     1     6     2     5
      0.0267937384 a       501     1     6     2     6
     -0.5662975305 a       502     1     6     2     7
     -0.8678497128 a       503     1     6     2     8
      0.7192949349 a       504     1     6     2     9
     -0.9175474914 a       505     1     6     2    10
     -0.9191857738 a       506     1     6     2    11
      0.9172506115 a       507     1     6     2    12
      0.6962819896 a       508     1     6     2    13
     -0.4463532398 a       509     1     6     2    14
      0.8129389074 a       510     1     6     2    15
      0.7812569190 a       511     1     7     2     1
     -0.6506035706 a       512     1     7     2     2
     -0.6605706646 a       513     1     7     2     3
     -0.4044686269 a       514     1     7     2     4
     -0.4210301631 a       515     1     7     2     5
      0.1809518526 a       516     1     7     2     6
      0.3128141033 a       517     1     7     2     7
     -0.2125107509 a       518     1     7     2     8
     -0.3818831459 a       519     1     7     2     9
     -0.8364734420 a       520     1     7     2    10
      0.5349396182 a       521     1     7     2    11
     -0.4344908266 a       522     1     7     2    12
      0.4071077774 a       523     1     7     2    13
     -0.8181852016 a       524     1     7     2    14
     -0.9442699612 a       525     1     7     2    15
     -0.3717907390 a       526     1     8     2     1
     -0.7932351710 a       527     1     8     2     2
      0.1474874683 a       528     1     8     2     3
      0.6442415124 a       529     1     8     2     4
      0.3671028930 a       530     1     8     2     5
      0.4624779370 a       531     1     8     2     6
     -0.1233563773 a       532     1     8     2     7
     -0.5315925088 a       533     1     8     2     8
      0.3077387474 a       534     1     8     2     9
      0.8882267574 a       535     1     8     2    10
     -0.1928939330 a       536     1     8     2    11
      0.1636586562 a       537     1     8     2    12
     -0.1290234750 a       538     1     8     2    13
      0.4929918683 a       539     1     8     2    14
      0.7381247061 a       540     1     8     2    15
     -0.7227455868 a       541     1     9     2     1
      0.8282862939 a       542     1     9     2     2
      0.1280500513 a       543     1     9     2     3
     -0.2932711220 a       544     1     9     2     4
      0.2611715365 a       545     1     9     2     5
      0.8750186143 a       546     1     9     2     6
      0.2209217904 a       547     1     9     2     7
      0.1108830157 a       548     1     9     2     8
      0.7914000905 a       549     1     9     2     9
      0.1495684132 a       550     1     9     2    10
     -0.6263351148 a       551     1     9     2    11
      0.4428804275 a       552     1     9     2    12
     -0.0594365244 a       553     1     9     2    13
     -0.3826417718 a       554     1     9     2    14
      0.1387807884 a       555     1     9     2    15
     -0.1946416998 a       556     1    10     2     1
     -0.3891942236 a       557     1    10     2     2
      0.4731013045 a       558     1    10     2     3
      0.0481545501 a       559     1    10     2     4
     -0.6215144511 a       560     1    10     2     5
     -0.9722469460 a       561     1    10     2     6
     -0.7720920015 a       562     1    10     2     7
     -0.1869323856 a       563     1    10     2     8
     -0.3148306084 a       564     1    10     2     9
     -0.4887119416 a       565     1    10     2    10
     -0.7492099721 a       566     1    10     2    11
     -0.6827209637 a       567     1    10     2    12
     -0.0502919092 a       568     1    10     2    13
     -0.5040276400 a       569     1    10     2    14
     -0.5903636298 a       570     1    10     2    15
     -0.8931192393 a       571     1    11     2     1
     -0.7376704233 a       572     1    11     2     2
      0.9200138553 a       573     1    11     2     3
     -0.0898357238 a       574     1    11     2     4
     -0.3298101876 a       575     1    11     2     5
      0.2414184207 a       576     1    11     2     6
      0.2868299579 a       577     1    11     2     7
      0.6064524546 a       578     1    11     2     8
      0.2097042537 a       579     1    11     2     9
      0.7508745389 a       580     1    11     2    10
     -0.3298354180 a       581     1    11     2    11
     -0.5158297625 a       582     1    11     2    12
      0.3525374475 a       583     1    11     2    13
     -0.7920318106 a       584     1    11     2    14
      0.9320190904 a       585     1    11     2    15
     -0.4765281711 a       586     1    12     2     1
     -0.9512974050 a       587     1    12     2     2
      0.4159005696 a       588     1    12     2     3
      0.2155592032 a       589     1    12     2     4
      0.0053918968 a       590     1    12     2     5
      0.7781042254 a       591     1    12     2     6
     -0.6784015499 a       592     1    12     2     7
      0.3612588635 a       593     1    12     2     8
      0.5471014831 a       594     1    12     2     9
     -0.4872750915 a       595     1    12     2    10
     -0.5246268290 a       596     1    12     2    11
      0.6861660512 a       597     1    12     2    12
     -0.6094302861 a       598     1    12     2    13
      0.8566118897 a       599     1    12     2    14
      0.2084810950 a       600     1    12     2    15
      1.0237471161 a       601     1    13     2     1
     -0.1218816429 a       602     1    13     2     2
     -0.3360831587 a       603     1    13     2     3
      0.0387617644 a       604     1    13     2     4
     -0.3758725649 a       605     1    13     2     5
      0.7097142022 a       606     1    13     2     6
     -0.6504873872 a       607     1    13     2     7
     -0.8041800401 a       608     1    13     2     8
     -0.7058556794 a       609     1    13     2     9
      0.9352782945 a       610     1    13     2    10
     -0.1399288668 a       611     1    13     2    11
     -0.7369391724 a       612     1    13     2    12
     -0.4652818713 a       613     1    13     2    13
      0.4028541775 a       614     1    13     2    14
     -0.6030279729 a       615     1    13     2    15
     -0.0343634798 a       616     1    14     2     1
      0.5287975695 a       617     1    14     2     2
     -0.0028539236 a       618     1    14     2     3
     -0.2645621361 a       619     1    14     2     4
      0.6782845592 a       620     1    14     2     5
      0.5764085532 a       621     1    14     2     6
      0.9175703937 a       622     1    14     2     7
     -0.1883571424 a       623     1    14     2     8
      0.6807509706 a       624     1    14     2     9
     -0.8782999329 a       625     1    14     2    10
      0.3340981150 a       626     1    14     2    11
      0.8640407302 a       627     1    14     2    12
     -0.1111480596 a       628     1    14     2    13
      0.7858006646 a       629     1    14     2    14
      0.8901496722 a       630     1    14     2    15
      0.7754177251 a       631     1    15     2     1
      0.2803503841 a       632     1    15     2     2
      0.4389806975 a       633     1    15     2     3
      0.6274477607 a       634     1    15     2     4
     -0.0435774834 a       635     1    15     2     5
     -0.2547578426 a       636     1    15     2     6
     -0.6693422429 a       637     1    15     2     7
      1.0152543678 a       638     1    15     2     8
     -0.9991896238 a       639     1    15     2     9
     -0.0426563579 a       640     1    15     2    10
     -0.2796344486 a       641     1    15     2    11
     -0.1259040995 a       642     1    15     2    12
     -0.6691259005 a       643     1    15     2    13
     -0.5420465834 a       644     1    15     2    14
     -0.2862196800 a       645     1    15     2    15
     -0.1553728332 b       646     2     1
     -0.0402801623 b       647     2     2
      0.2697193685 b       648     2     3
     -0.6848529278 b       649     2     4
      0.7915893172 b       650     2     5
      0.3272779328 b       651     2     6
     -0.7092835758 b       652     2     7
     -0.3222144692 b       653     2     8
     -0.4663433226 b       654     2     9
      0.2724510557 b       655     2    10
     -0.6630749432 b       656     2    11
     -0.4389317878 b       657     2    12
      0.1471734044 b       658     2    13
      0.5569410735 b       659     2    14
      0.1520303962 b       660     2    15
     -0.5768556715 a       661     2     1     3     1
      0.3560993651 a       662     2     2     3     1
     -0.5506887556 a       663     2     3     3     1
     -0.3587513067 a       664     2     4     3     1
      0.1712497647 a       665     2     5     3     1
      0.2123727117 a       666     2     6     3     1
     -0.7104582284 a       667     2     7     3     1
     -0.7142305044 a       668     2     8     3     1
      0.2928125989 a       669     2     9     3     1
      0.0819400354 a       670     2    10     3     1
      0.5480365051 a       671     2    11     3     1
     -0.1554336176 a       672     2    12     3     1
     -0.4585949685 a       673     2    13     3     1
      0.0485600891 a       674     2    14     3     1
     -0.4675525810 a       675     2    15     3     1
     -0.5848356192 b       676     3     1
