     -0.0049567854 a         1     0     1     1     1
     -0.1733285684 a         2     0     1     1     2
     -0.0840707562 a         3     0     1     1     3
     -0.0273152630 a         4     0     1     1     4
      0.4460915660 a         5     0     1     1     5
     -0.1397529921 a         6     0     1     1     6
     -0.0544776869 a         7     0     1     1     7
     -0.0592279713 a         8     0     1     1     8
     -0.0375629447 a         9     0     1     1     9
      0.4483917117 a        10     0     1     1    10
      0.1110960438 a        11     0     1     1    11
      0.1302488318 a        12     0     1     1    12
     -0.4002620599 a        13     0     1     1    13
     -0.1103942945 a        14     0     1     1    14
     -0.2187367765 a        15     0     1     1    15
      0.0626730847 a        16     0     1     1    16
     -0.1953702060 a        17     0     1     1    17
      0.0797492759 a        18     0     1     1    18
      0.2825276881 a        19     0     1     1    19
     -0.2143561323 a        20     0     1     1    20
      0.1582944139 a        21     0     2     1     1
     -0.0565189429 a        22     0     2     1     2
      0.2926512800 a        23     0     2     1     3
      0.2323769840 a        24     0     2     1     4
     -0.1040801034 a        25     0     2     1     5
      0.4091540686 a        26     0     2     1     6
      0.3509828810 a        27     0     2     1     7
      0.3278279993 a        28     0     2     1     8
      0.3704576002 a        29     0     2     1     9
     -0.0927226076 a        30     0     2     1    10
      0.2745691835 a        31     0     2     1    11
     -0.4224310395 a        32     0     2     1    12
      0.2770991533 a        33     0     2     1    13
      0.0405269431 a        34     0     2     1    14
      0.2667354020 a        35     0     2     1    15
     -0.1984241638 a        36     0     2     1    16
      0.2281458622 a        37     0     2     1    17
     -0.1737335442 a        38     0     2     1    18
      0.4251670250 a        39     0     2     1    19
      0.4916845959 a        40     0     2     1    20
      0.0463011746 a        41     0     3     1     1
     -0.2086413169 a        42     0     3     1     2
     -0.1047662229 a        43     0     3     1     3
      0.0507603492 a        44     0     3     1     4
      0.4777836837 a        45     0     3     1     5
     -0.2665375674 a        46     0     3     1     6
     -0.3983405021 a        47     0     3     1     7
      0.3368388309 a        48     0     3     1     8
     -0.1954237476 a        49     0     3     1     9
      0.3983297533 a        50     0     3     1    10
     -0.0501023461 a        51     0     3     1    11
      0.0464437680 a        52     0     3     1    12
     -0.2698478695 a        53     0     3     1    13
      0.3192146465 a        54     0     3     1    14
     -0.0826697107 a        55     0     3     1    15
      0.3670975609 a        56     0     3     1    16
     -0.4399021718 a        57     0     3     1    17
      0.3279382999 a        58     0     3     1    18
      0.0393040435 a        59     0     3     1    19
      0.0517315217 a        60     0     3     1    20
      0.0819104909 a        61     0     4     1     1
     -0.1685997120 a        62     0     4     1     2
      0.0841598789 a        63     0     4     1     3
     -0.4392214085 a        64     0     4     1     4
     -0.0467449612 a        65     0     4     1     5
      0.3636371736 a        66     0     4     1     6
     -0.1063546412 a        67     0     4     1     7
      0.1273874390 a        68     0     4     1     8
      0.1951291408 a        69     0     4     1     9
     -0.4595293096 a        70     0     4     1    10
     -0.1663679629 a        71     0     4     1    11
     -0.0601401934 a        72     0     4     1    12
      0.0186141749 a        73     0     4     1    13
     -0.0554247658 a        74     0     4     1    14
      0.0155486948 a        75     0     4     1    15
      0.0460042739 a        76     0     4     1    16
     -0.0216469100 a        77     0     4     1    17
     -0.0183032332 a        78     0     4     1    18
      0.3482285607 a        79     0     4     1    19
      0.0621771524 a        80     0     4     1    20
     -0.2790701820 a        81     0     5     1     1
     -0.4099468719 a        82     0     5     1     2
     -0.3588390714 a        83     0     5     1     3
     -0.1694049659 a        84     0     5     1     4
      0.3508218568 a        85     0     5     1     5
      0.0738380118 a        86     0     5     1     6
      0.2375740993 a        87     0     5     1     7
     -0.1111934856 a        88     0     5     1     8
      0.3546424021 a        89     0     5     1     9
     -0.1906897828 a        90     0     5     1    10
      0.1400415146 a        91     0     5     1    11
      0.1278674568 a        92     0     5     1    12
     -0.2101470584 a        93     0     5     1    13
     -0.1493021532 a        94     0     5     1    14
      0.0772199937 a        95     0     5     1    15
     -0.0298329708 a        96     0     5     1    16
     -0.3249979399 a        97     0     5     1    17
      0.0264297924 a        98     0     5     1    18
     -0.1262797862 a        99     0     5     1    19
      0.3367879770 a       100     0     5     1    20
     -0.4129461269 a       101     0     6     1     1
     -0.3739943217 a       102     0     6     1     2
      0.1414266434 a       103     0     6     1     3
     -0.3051671534 a       104     0     6     1     4
     -0.1309110288 a       105     0     6     1     5
     -0.3258044178 a       106     0     6     1     6
     -0.1084380710 a       107     0     6     1     7
     -0.0773463687 a       108     0     6     1     8
      0.4306379632 a       109     0     6     1     9
     -0.2875625135 a       110     0     6     1    10
     -0.1296015286 a       111     0     6     1    11
     -0.4263273329 a       112     0     6     1    12
      0.3521124623 a       113     0     6     1    13
     -0.3912444708 a       114     0     6     1    14
      0.2812746006 a       115     0     6     1    15
      0.1124702997 a       116     0     6     1    16
     -0.1218564725 a       117     0     6     1    17
      0.1705062918 a       118     0     6     1    18
     -0.1795227418 a       119     0     6     1    19
      0.4283885827 a       120     0     6     1    20
     -0.4422478261 a       121     0     7     1     1
     -0.1105895529 a       122     0     7     1     2
     -0.0795063423 a       123     0     7     1     3
      0.1253275279 a       124     0     7     1     4
     -0.3835907403 a       125     0     7     1     5
      0.1085509322 a       126     0     7     1     6
      0.0311950946 a       127     0     7     1     7
      0.2632272186 a       128     0     7     1     8
      0.2220944700 a       129     0     7     1     9
      0.0637590831 a       130     0     7     1    10
      0.3230632852 a       131     0     7     1    11
      0.3600705248 a       132     0     7     1    12
      0.0425906992 a       133     0     7     1    13
      0.4479252381 a       134     0     7     1    14
      0.1113454776 a       135     0     7     1    15
      0.2079138508 a       136     0     7     1    16
      0.0998779687 a       137     0     7     1    17
     -0.4937769054 a       138     0     7     1    18
     -0.2179930399 a       139     0     7     1    19
      0.1921424661 a       140     0     7     1    20
     -0.4128097126 a       141     0     8     1     1
      0.2333338027 a       142     0     8     1     2
     -0.4413059825 a       143     0     8     1     3
     -0.3299277818 a       144     0     8     1     4
     -0.0511405743 a       145     0     8     1     5
      0.1956221972 a       146     0     8     1     6
      0.2317296981 a       147     0     8     1     7
      0.2878781382 a       148     0     8     1     8
     -0.2996797855 a       149     0     8     1     9
     -0.1395250478 a       150     0     8     1    10
      0.3191730779 a       151     0     8     1    11
     -0.0326454921 a       152     0     8     1    12
      0.4542537971 a       153     0     8     1    13
     -0.1031114378 a       154     0     8     1    14
     -0.1903232478 a       155     0     8     1    15
     -0.0062563373 a       156     0     8     1    16
     -0.4330296287 a       157     0     8     1    17
      0.1823234236 a       158     0     8     1    18
     -0.4944568605 a       159     0     8     1    19
     -0.1589695354 a       160     0     8     1    20
     -0.4158734773 a       161     0     9     1     1
      0.2743271240 a       162     0     9     1     2
     -0.1389019288 a       163     0     9     1     3
      0.0802103769 a       164     0     9     1     4
     -0.2712226743 a       165     0     9     1     5
     -0.2848537107 a       166     0     9     1     6
     -0.3617987577 a       167     0     9     1     7
     -0.3973300443 a       168     0     9     1     8
     -0.4798001937 a       169     0     9     1     9
     -0.3421576539 a       170     0     9     1    10
     -0.4497108412 a       171     0     9     1    11
     -0.1742087698 a       172     0     9     1    12
      0.4395383964 a       173     0     9     1    13
      0.4894025354 a       174     0     9     1    14
     -0.4196335770 a       175     0     9     1    15
      0.3800949659 a       176     0     9     1    16
      0.3520025681 a       177     0     9     1    17
     -0.3730155826 a       178     0     9     1    18
     -0.3246367802 a       179     0     9     1    19
     -0.2744369154 a       180     0     9     1    20
     -0.0690032572 a       181     0    10     1     1
      0.1374547267 a       182     0    10     1     2
     -0.2369651864 a       183     0    10     1     3
      0.3533216984 a       184     0    10     1     4
     -0.0525567081 a       185     0    10     1     5
     -0.3013929659 a       186     0    10     1     6
     -0.0267995385 a       187     0    10     1     7
      0.1015660199 a       188     0    10     1     8
     -0.3375669169 a       189     0    10     1     9
     -0.2006926999 a       190     0    10     1    10
     -0.3272122548 a       191     0    10     1    11
     -0.1806726353 a       192     0    10     1    12
      0.1820707972 a       193     0    10     1    13
     -0.4400716273 a       194     0    10     1    14
     -0.3238604566 a       195     0    10     1    15
      0.1248946917 a       196     0    10     1    16
      0.2571205216 a       197     0    10     1    17
     -0.0235041197 a       198     0    10     1    18
     -0.1986461352 a       199     0    10     1    19
     -0.3741136077 a       200     0    10     1    20
      0.1239234661 a       201     0    11     1     1
     -0.0763129331 a       202     0    11     1     2
     -0.4312717576 a       203     0    11     1     3
     -0.2669527254 a       204     0    11     1     4
      0.1858791037 a       205     0    11     1     5
     -0.1020725253 a       206     0    11     1     6
     -0.2917144787 a       207     0    11     1     7
     -0.0822387250 a       208     0    11     1     8
     -0.3977462365 a       209     0    11     1     9
      0.0266692380 a       210     0    11     1    10
     -0.1771842518 a       211     0    11     1    11
     -0.0495650919 a       212     0    11     1    12
      0.3196182888 a       213     0    11     1    13
      0.1759652073 a       214     0    11     1    14
      0.0664799738 a       215     0    11     1    15
      0.3799866962 a       216     0    11     1    16
     -0.4440218938 a       217     0    11     1    17
      0.4810882888 a       218     0    11     1    18
     -0.0040714962 a       219     0    11     1    19
     -0.4484877022 a       220     0    11     1    20
     -0.0456524020 a       221     0    12     1     1
      0.2846408118 a       222     0    12     1     2
     -0.0873838798 a       223     0    12     1     3
     -0.4235739758 a       224     0    12     1     4
      0.1510944624 a       225     0    12     1     5
     -0.3842719444 a       226     0    12     1     6
      0.0690020052 a       227     0    12     1     7
      0.4826151922 a       228     0    12     1     8
      0.1181079512 a       229     0    12     1     9
      0.1104382493 a       230     0    12     1    10
      0.1609778152 a       231     0    12     1    11
      0.3428202317 a       232     0    12     1    12
      0.4320659639 a       233     0    12     1    13
      0.2539415640 a       234     0    12     1    14
      0.1570961460 a       235     0    12     1    15
     -0.4400870513 a       236     0    12     1    16
     -0.2934884214 a       237     0    12     1    17
     -0.3076008974 a       238     0    12     1    18
      0.4313060095 a       239     0    12     1    19
      0.1463228019 a       240     0    12     1    20
     -0.2287193634 a       241     0    13     1     1
     -0.3017772766 a       242     0    13     1     2
     -0.2003588170 a       243     0    13     1     3
      0.2758497283 a       244     0    13     1     4
      0.4203856130 a       245     0    13     1     5
     -0.2685146479 a       246     0    13     1     6
      0.2896472270 a       247     0    13     1     7
      0.1185102231 a       248     0    13     1     8
      0.0605965229 a       249     0    13     1     9
     -0.0859944659 a       250     0    13     1    10
      0.2866678854 a       251     0    13     1    11
      0.0541313823 a       252     0    13     1    12
     -0.4221413265 a       253     0    13     1    13
     -0.2670707057 a       254     0    13     1    14
      0.2288927484 a       255     0    13     1    15
      0.2886513204 a       256     0    13     1    16
     -0.4010067030 a       257     0    13     1    17
      0.0598863828 a       258     0    13     1    18
     -0.3273435097 a       259     0    13     1    19
     -0.0885657718 a       260     0    13     1    20
      0.4238341672 a       261     0    14     1     1
     -0.2697884734 a       262     0    14     1     2
      0.4789158694 a       263     0    14     1     3
     -0.3735862704 a       264     0    14     1     4
     -0.1481121443 a       265     0    14     1     5
      0.1101409374 a       266     0    14     1     6
     -0.3593959014 a       267     0    14     1     7
      0.3596716715 a       268     0    14     1     8
      0.0937199632 a       269     0    14     1     9
     -0.3866941186 a       270     0    14     1    10
     -0.3412056100 a       271     0    14     1    11
      0.3148013167 a       272     0    14     1    12
     -0.0939850805 a       273     0    14     1    13
      0.1356015492 a       274     0    14     1    14
     -0.4011774103 a       275     0    14     1    15
      0.4681605188 a       276     0    14     1    16
     -0.2428098411 a       277     0    14     1    17
     -0.2283609103 a       278     0    14     1    18
      0.2690786951 a       279     0    14     1    19
      0.0108901241 a       280     0    14     1    20
     -0.2835410361 a       281     0    15     1     1
     -0.5550421509 a       282     0    15     1     2
      0.4732947232 a       283     0    15     1     3
      0.1259087960 a       284     0    15     1     4
     -0.2945270736 a       285     0    15     1     5
      0.4219711545 a       286     0    15     1     6
      0.0501350902 a       287     0    15     1     7
     -0.4710994901 a       288     0    15     1     8
      0.2537373175 a       289     0    15     1     9
      0.4867385330 a       290     0    15     1    10
      0.2885498091 a       291     0    15     1    11
     -0.2421317807 a       292     0    15     1    12
     -0.0323863319 a       293     0    15     1    13
     -0.4692937858 a       294     0    15     1    14
     -0.0414598777 a       295     0    15     1    15
     -0.0319029217 a       296     0    15     1    16
     -0.1682458720 a       297     0    15     1    17
     -0.3484636011 a       298     0    15     1    18
      0.2713037912 a       299     0    15     1    19
     -0.1247153196 a       300     0    15     1    20
     -0.0813347815 a       301     0    16     1     1
     -0.1611962419 a       302     0    16     1     2
     -0.0609189921 a       303     0    16     1     3
     -0.4366681461 a       304     0    16     1     4
     -0.4407905229 a       305     0    16     1     5
      0.3791295974 a       306     0    16     1     6
     -0.2458642850 a       307     0    16     1     7
     -0.0280238316 a       308     0    16     1     8
     -0.2805215574 a       309     0    16     1     9
      0.0626102004 a       310     0    16     1    10
     -0.4781351330 a       311     0    16     1    11
     -0.3690721943 a       312     0    16     1    12
     -0.1105300126 a       313     0    16     1    13
      0.1068556003 a       314     0    16     1    14
     -0.0306128112 a       315     0    16     1    15
      0.4692292954 a       316     0    16     1    16
      0.2790836314 a       317     0    16     1    17
      0.0496920809 a       318     0    16     1    18
      0.0784352214 a       319     0    16     1    19
      0.2028602932 a       320     0    16     1    20
      0.4298176238 a       321     0    17     1     1
      0.0037589909 a       322     0    17     1     2
     -0.2075614892 a       323     0    17     1     3
      0.3029531270 a       324     0    17     1     4
     -0.0225615998 a       325     0    17     1     5
      0.1884577465 a       326     0    17     1     6
     -0.1220913905 a       327     0    17     1     7
     -0.4104710805 a       328     0    17     1     8
      0.2970203289 a       329     0    17     1     9
     -0.2928184289 a       330     0    17     1    10
      0.2487389779 a       331     0    17     1    11
     -0.0561327714 a       332     0    17     1    12
      0.0362459097 a       333     0    17     1    13
      0.3158481137 a       334     0    17     1    14
     -0.4154329427 a       335     0    17     1    15
      0.1392901532 a       336     0    17     1    16
     -0.1340853753 a       337     0    17     1    17
     -0.3093781959 a       338     0    17     1    18
     -0.1664377208 a       339     0    17     1    19
      0.1517300821 a       340     0    17     1    20
     -0.0048737443 a       341     0    18     1     1
      0.4420942371 a       342     0    18     1     2
      0.4149268908 a       343     0    18     1     3
     -0.1324761204 a       344     0    18     1     4
      0.1668888852 a       345     0    18     1     5
     -0.3387253842 a       346     0    18     1     6
      0.1286985183 a       347     0    18     1     7
      0.2275298951 a       348     0    18     1     8
      0.4346990310 a       349     0    18     1     9
      0.0680567067 a       350     0    18     1    10
      0.4192388274 a       351     0    18     1    11
     -0.4147707355 a       352     0    18     1    12
     -0.4498352961 a       353     0    18     1    13
     -0.0825821164 a       354     0    18     1    14
      0.4410552424 a       355     0    18     1    15
     -0.2029129864 a       356     0    18     1    16
     -0.2610582725 a       357     0    18     1    17
      0.0805950578 a       358     0    18     1    18
      0.3816793601 a       359     0    18     1    19
      0.1367200577 a       360     0    18     1    20
     -0.3633888407 a       361     0    19     1     1
      0.0217829615 a       362     0    19     1     2
      0.2465430160 a       363     0    19     1     3
     -0.3214871567 a       364     0    19     1     4
     -0.1670147462 a       365     0    19     1     5
      0.2426518388 a       366     0    19     1     6
     -0.2206077346 a       367     0    19     1     7
     -0.0052228097 a       368     0    19     1     8
     -0.4884559645 a       369     0    19     1     9
     -0.1851611189 a       370     0    19     1    10
      0.4619785598 a       371     0    19     1    11
     -0.3451217183 a       372     0    19     1    12
      0.2561955422 a       373     0    19     1    13
      0.2924102029 a       374     0    19     1    14
      0.3596083785 a       375     0    19     1    15
     -0.3834550312 a       376     0    19     1    16
     -0.3545017994 a       377     0    19     1    17
      0.4229321924 a       378     0    19     1    18
      0.0808384709 a       379     0    19     1    19
      0.0222304970 a       380     0    19     1    20
     -0.3907474267 a       381     0    20     1     1
      0.4282350718 a       382     0    20     1     2
     -0.2195667717 a       383     0    20     1     3
      0.1180919386 a       384     0    20     1     4
     -0.2514209862 a       385     0    20     1     5
      0.3813261375 a       386     0    20     1     6
      0.3765608973 a       387     0    20     1     7
     -0.0263275592 a       388     0    20     1     8
     -0.1804958273 a       389     0    20     1     9
      0.3504350023 a       390     0    20     1    10
      0.1517038484 a       391     0    20     1    11
      0.3115455404 a       392     0    20     1    12
      0.3517925959 a       393     0    20     1    13
     -0.0815477405 a       394     0    20     1    14
      0.0883909583 a       395     0    20     1    15
      0.1334411390 a       396     0    20     1    16
      0.1414811663 a       397     0    20     1    17
     -0.4789415626 a       398     0    20     1    18
     -0.3513242604 a       399     0    20     1    19
     -0.3107040461 a       400     0    20     1    20
      0.4494098773 a       401     0    21     1     1
      0.2834346417 a       402     0    21     1     2
      0.0103971449 a       403     0    21     1     3
      0.2731453101 a       404     0    21     1     4
     -0.1132812893 a       405     0    21     1     5
      0.1925948869 a       406     0    21     1     6
      0.0775664400 a       407     0    21     1     7
      0.3520741153 a       408     0    21     1     8
     -0.0918960725 a       409     0    21     1     9
     -0.4540504122 a       410     0    21     1    10
      0.2982760882 a       411     0    21     1    11
      0.3250318474 a       412     0    21     1    12
     -0.3585289194 a       413     0    21     1    13
      0.0286296734 a       414     0    21     1    14
     -0.3412768768 a       415     0    21     1    15
      0.2981224472 a       416     0    21     1    16
     -0.3943093568 a       417     0    21     1    17
      0.1118180717 a       418     0    21     1    18
      0.0050213972 a       419     0    21     1    19
      0.2049955671 a       420     0    21     1    20
     -0.3902372840 a       421     0    22     1     1
     -0.1525715925 a       422     0    22     1     2
     -0.0653889893 a       423     0    22     1     3
     -0.0438064422 a       424     0    22     1     4
      0.1109636841 a       425     0    22     1     5
      0.1337851609 a       426     0    22     1     6
      0.4513345077 a       427     0    22     1     7
     -0.1634919816 a       428     0    22     1     8
      0.0563812158 a       429     0    22     1     9
     -0.1003740806 a       430     0    22     1    10
      0.3574907133 a       431     0    22     1    11
     -0.3124587273 a       432     0    22     1    12
      0.0516367766 a       433     0    22     1    13
     -0.2391556225 a       434     0    22     1    14
     -0.3050315918 a       435     0    22     1    15
     -0.2550147444 a       436     0    22     1    16
     -0.0562301980 a       437     0    22     1    17
      0.1800361476 a       438     0    22     1    18
      0.4633688486 a       439     0    22     1    19
      0.2363865105 a       440     0    22     1    20
      0.1737390777 a       441     0    23     1     1
      0.1000973055 a       442     0    23     1     2
      0.3748891604 a       443     0    23     1     3
     -0.4338424078 a       444     0    23     1     4
      0.4542369289 a       445     0    23     1     5
     -0.4214469055 a       446     0    23     1     6
      0.3479100147 a       447     0    23     1     7
     -0.0634436062 a       448     0    23     1     8
     -0.2912237683 a       449     0    23     1     9
      0.2754426761 a       450     0    23     1    10
      0.1465452636 a       451     0    23     1    11
     -0.3803488781 a       452     0    23     1    12
      0.1705234398 a       453     0    23     1    13
     -0.3477846246 a       454     0    23     1    14
     -0.4721817555 a       455     0    23     1    15
     -0.3701910662 a       456     0    23     1    16
     -0.2315572027 a       457     0    23     1    17
     -0.3596661924 a       458     0    23     1    18
     -0.1549371573 a       459     0    23     1    19
     -0.3776953461 a       460     0    23     1    20
      0.0250315207 a       461     0    24     1     1
      0.4289414909 a       462     0    24     1     2
      0.2421620858 a       463     0    24     1     3
     -0.2915136178 a       464     0    24     1     4
      0.0807056905 a       465     0    24     1     5
      0.1578607653 a       466     0    24     1     6
     -0.1202559197 a       467     0    24     1     7
      0.4821480114 a       468     0    24     1     8
      0.1143597304 a       469     0    24     1     9
      0.0978870800 a       470     0    24     1    10
     -0.2446573674 a       471     0    24     1    11
     -0.2235351288 a       472     0    24     1    12
      0.3036712083 a       473     0    24     1    13
     -0.1693891387 a       474     0    24     1    14
     -0.0455803155 a       475     0    24     1    15
     -0.3761454821 a       476     0    24     1    16
      0.3227126100 a       477     0    24     1    17
      0.4464541327 a       478     0    24     1    18
     -0.4175604169 a       479     0    24     1    19
     -0.4649251464 a       480     0    24     1    20
     -0.2218849568 a       481     0    25     1     1
     -0.2218367379 a       482     0    25     1     2
      0.0736793996 a       483     0    25     1     3
     -0.2145605447 a       484     0    25     1     4
     -0.2687427162 a       485     0    25     1     5
     -0.0312588206 a       486     0    25     1     6
     -0.1457999441 a       487     0    25     1     7
      0.4276919229 a       488     0    25     1     8
     -0.1524299142 a       489     0    25     1     9
     -0.3036573331 a       490     0    25     1    10
      0.3652811990 a       491     0    25     1    11
     -0.2527198673 a       492     0    25     1    12
      0.3448677385 a       493     0    25     1    13
      0.4169366625 a       494     0    25     1    14
      0.3066487359 a       495     0    25     1    15
     -0.3408066714 a       496     0    25     1    16
     -0.2898365013 a       497     0    25     1    17
      0.0724046517 a       498     0    25     1    18
      0.0538100558 a       499     0    25     1    19
      0.3396467139 a       500     0    25     1    20
      0.1273761381 a       501     0    26     1     1
      0.1502185812 a       502     0    26     1     2
      0.1561287270 a       503     0    26     1     3
     -0.3317023876 a       504     0    26     1     4
      0.1046675510 a       505     0    26     1     5
      0.2585878516 a       506     0    26     1     6
      0.4284330237 a       507     0    26     1     7
     -0.2572421443 a       508     0    26     1     8
      0.3385484025 a       509     0    26     1     9
     -0.0614145358 a       510     0    26     1    10
      0.1009494367 a       511     0    26     1    11
      0.3860890919 a       512     0    26     1    12
      0.0908701816 a       513     0    26     1    13
      0.3159002454 a       514     0    26     1    14
      0.4215469186 a       515     0    26     1    15
      0.2539698979 a       516     0    26     1    16
     -0.0820755879 a       517     0    26     1    17
      0.0492969788 a       518     0    26     1    18
     -0.4893689690 a       519     0    26     1    19
      0.1167106553 a       520     0    26     1    20
      0.3893680078 a       521     0    27     1     1
     -0.0206712821 a       522     0    27     1     2
      0.2456347215 a       523     0    27     1     3
     -0.0960183828 a       524     0    27     1     4
      0.0030348649 a       525     0    27     1     5
     -0.3814380457 a       526     0    27     1     6
      0.3713883565 a       527     0    27     1     7
      0.0761384242 a       528     0    27     1     8
     -0.1273475446 a       529     0    27     1     9
      0.0599677148 a       530     0    27     1    10
     -0.0461430994 a       531     0    27     1    11
     -0.2910957264 a       532     0    27     1    12
     -0.2793202118 a       533     0    27     1    13
      0.3947495830 a       534     0    27     1    14
      0.4031372093 a       535     0    27     1    15
     -0.0227343949 a       536     0    27     1    16
     -0.1272759322 a       537     0    27     1    17
     -0.4638344373 a       538     0    27     1    18
      0.1434111999 a       539     0    27     1    19
      0.4877394070 a       540     0    27     1    20
      0.1004939207 a       541     0    28     1     1
      0.3926097150 a       542     0    28     1     2
      0.1071239433 a       543     0    28     1     3
     -0.2080032008 a       544     0    28     1     4
     -0.2907776767 a       545     0    28     1     5
     -0.0334437457 a       546     0    28     1     6
      0.4178271929 a       547     0    28     1     7
      0.3404766339 a       548     0    28     1     8
      0.1386184828 a       549     0    28     1     9
      0.3946244195 a       550     0    28     1    10
      0.0674973523 a       551     0    28     1    11
     -0.3339062151 a       552     0    28     1    12
     -0.1394940109 a       553     0    28     1    13
     -0.3137745603 a       554     0    28     1    14
     -0.2186879318 a       555     0    28     1    15
     -0.0845140402 a       556     0    28     1    16
     -0.3391929908 a       557     0    28     1    17
      0.1275702845 a       558     0    28     1    18
      0.2075844230 a       559     0    28     1    19
      0.4561324024 a       560     0    28     1    20
      0.0087868778 a       561     0    29     1     1
      0.4073930895 a       562     0    29     1     2
      0.4614490178 a       563     0    29     1     3
     -0.2738087388 a       564     0    29     1     4
     -0.4925798267 a       565     0    29     1     5
     -0.1233625957 a       566     0    29     1     6
     -0.3477888033 a       567     0    29     1     7
      0.1364536907 a       568     0    29     1     8
     -0.4226496289 a       569     0    29     1     9
     -0.2841216917 a       570     0    29     1    10
      0.1984112173 a       571     0    29     1    11
      0.1627814920 a       572     0    29     1    12
     -0.0734698144 a       573     0    29     1    13
     -0.0479866083 a       574     0    29     1    14
     -0.2906666188 a       575     0    29     1    15
     -0.0138094265 a       576     0    29     1    16
     -0.0162636644 a       577     0    29     1    17
      0.0336561567 a       578     0    29     1    18
      0.1388672079 a       579     0    29     1    19
      0.2129619793 a       580     0    29     1    20
     -0.3422994722 a       581     0    30     1     1
      0.1232226490 a       582     0    30     1     2
     -0.4325474032 a       583     0    30     1     3
     -0.4275463839 a       584     0    30     1     4
      0.3971399011 a       585     0    30     1     5
     -0.3532629738 a       586     0    30     1     6
      0.2523577933 a       587     0    30     1     7
     -0.0752595375 a       588     0    30     1     8
      0.1694205872 a       589     0    30     1     9
      0.4479668322 a       590     0    30     1    10
     -0.1880345853 a       591     0    30     1    11
      0.3545538218 a       592     0    30     1    12
     -0.1011532809 a       593     0    30     1    13
      0.2897571041 a       594     0    30     1    14
      0.1472536095 a       595     0    30     1    15
     -0.2671344571 a       596     0    30     1    16
     -0.4512277236 a       597     0    30     1    17
      0.2897080529 a       598     0    30     1    18
     -0.1403052200 a       599     0    30     1    19
     -0.0324032563 a       600     0    30     1    20
      0.1283553593 a       601     0    31     1     1
      0.3670872438 a       602     0    31     1     2
      0.3486084232 a       603     0    31     1     3
     -0.1856527777 a       604     0    31     1     4
     -0.3296570220 a       605     0    31     1     5
      0.3512855729 a       606     0    31     1     6
      0.4384825056 a       607     0    31     1     7
      0.4352826842 a       608     0    31     1     8
     -0.0480149836 a       609     0    31     1     9
     -0.0441703235 a       610     0    31     1    10
      0.3782053188 a       611     0    31     1    11
      0.1319691846 a       612     0    31     1    12
     -0.3001449768 a       613     0    31     1    13
      0.0436392071 a       614     0    31     1    14
      0.2549921877 a       615     0    31     1    15
     -0.4487459070 a       616     0    31     1    16
      0.0488145158 a       617     0    31     1    17
      0.2702565879 a       618     0    31     1    18
      0.0516133160 a       619     0    31     1    19
     -0.0723937411 a       620     0    31     1    20
      1.2067477348 b       621     1     1
      0.8743903866 b       622     1     2
      0.2187769715 b       623     1     3
      0.5772528502 b       624     1     4
     -0.6972125303 b       625     1     5
      1.4941831162 b       626     1     6
     -0.9962751663 b       627     1     7
     -0.9057543293 b       628     1     8
     -0.0310337111 b       629     1     9
     -0.3250880372 b       630     1    10
      1.3918365566 b       631     1    11
     -0.2158112183 b       632     1    12
     -0.4017442335 b       633     1    13
     -0.9967493667 b       634     1    14
      0.4007959124 b       635     1    15
      0.6075665634 b       636     1    16
     -0.2029778020 b       637     1    17
     -0.3916198394 b       638     1    18
     -0.5677632600 b       639     1    19
     -0.2647662189 b       640     1    20
      0.1283953424 a       641     1     1     2     1
      0.4216339108 a       642     1     1     2     2
      0.3156636959 a       643     1     1     2     3
      0.4471100025 a       644     1     1     2     4
      0.2483181679 a       645     1     1     2     5
     -0.4120099240 a       646     1     1     2     6
      0.3499481415 a       647     1     1     2     7
      0.4830180939 a       648     1     1     2     8
      0.4068900464 a       649     1     1     2     9
     -0.2368061731 a       650     1     1     2    10
      0.4564331534 a       651     1     1     2    11
      0.0592522859 a       652     1     1     2    12
      0.5306488230 a       653     1     1     2    13
     -0.5736894285 a       654     1     1     2    14
     -0.6046493138 a       655     1     1     2    15
      0.4026311535 a       656     1     1     2    16
      0.2277965857 a       657     1     1     2    17
     -0.1880313145 a       658     1     1     2    18
      0.2753149079 a       659     1     1     2    19
      0.3630484944 a       660     1     1     2    20
     -0.3574941655 a       661     1     2     2     1
     -0.4709433831 a       662     1     2     2     2
     -0.0908779509 a       663     1     2     2     3
     -0.0670619624 a       664     1     2     2     4
      0.3070469546 a       665     1     2     2     5
      0.0077570162 a       666     1     2     2     6
     -0.4670177355 a       667     1     2     2     7
     -0.1286497123 a       668     1     2     2     8
     -0.5004351161 a       669     1     2     2     9
     -0.2321487192 a       670     1     2     2    10
      0.4213856058 a       671     1     2     2    11
      0.2941367594 a       672     1     2     2    12
      0.4774275836 a       673     1     2     2    13
      0.2183715953 a       674     1     2     2    14
      0.5790335228 a       675     1     2     2    15
     -0.2175256178 a       676     1     2     2    16
     -0.0441245215 a       677     1     2     2    17
     -0.2140128796 a       678     1     2     2    18
      0.6311027408 a       679     1     2     2    19
      0.0093068163 a       680     1     2     2    20
     -0.0284723139 a       681     1     3     2     1
     -0.5467454917 a       682     1     3     2     2
     -0.3221857131 a       683     1     3     2     3
      0.1851964789 a       684     1     3     2     4
      0.2295140227 a       685     1     3     2     5
      0.5512662507 a       686     1     3     2     6
      0.3719181610 a       687     1     3     2     7
     -0.4599207978 a       688     1     3     2     8
      0.5680695608 a       689     1     3     2     9
      0.4655625142 a       690     1     3     2    10
     -0.0578525524 a       691     1     3     2    11
     -0.4597792208 a       692     1     3     2    12
      0.1781127117 a       693     1     3     2    13
      0.2077165462 a       694     1     3     2    14
     -0.2437654878 a       695     1     3     2    15
      0.1253526509 a       696     1     3     2    16
     -0.3384348436 a       697     1     3     2    17
     -0.2366146701 a       698     1     3     2    18
     -0.1442215265 a       699     1     3     2    19
      0.5783698153 a       700     1     3     2    20
      0.3909598025 a       701     1     4     2     1
     -0.5693812350 a       702     1     4     2     2
     -0.5003234712 a       703     1     4     2     3
      0.4879143370 a       704     1     4     2     4
     -0.5300858711 a       705     1     4     2     5
     -0.5851718401 a       706     1     4     2     6
      0.2366079212 a       707     1     4     2     7
     -0.4511689616 a       708     1     4     2     8
     -0.5386824405 a       709     1     4     2     9
      0.1024218395 a       710     1     4     2    10
      0.1329092020 a       711     1     4     2    11
      0.5519317725 a       712     1     4     2    12
      0.4748837524 a       713     1     4     2    13
      0.3851169267 a       714     1     4     2    14
      0.4450534624 a       715     1     4     2    15
     -0.4499674834 a       716     1     4     2    16
     -0.4879639360 a       717     1     4     2    17
      0.2441545251 a       718     1     4     2    18
      0.0700591496 a       719     1     4     2    19
     -0.4665588908 a       720     1     4     2    20
      0.3630328070 a       721     1     5     2     1
     -0.4116509667 a       722     1     5     2     2
      0.1010458288 a       723     1     5     2     3
      0.5810056795 a       724     1     5     2     4
     -0.0093735040 a       725     1     5     2     5
      0.3366034374 a       726     1     5     2     6
      0.3617448211 a       727     1     5     2     7
      0.3395733066 a       728     1     5     2     8
     -0.4805134005 a       729     1     5     2     9
      0.3463451266 a       730     1     5     2    10
     -0.0686876154 a       731     1     5     2    11
     -0.0644288733 a       732     1     5     2    12
     -0.0066732443 a       733     1     5     2    13
     -0.0816797894 a       734     1     5     2    14
     -0.4287876705 a       735     1     5     2    15
      0.4116853644 a       736     1     5     2    16
      0.1446370429 a       737     1     5     2    17
      0.5845333308 a       738     1     5     2    18
      0.0263241344 a       739     1     5     2    19
     -0.6069595243 a       740     1     5     2    20
     -0.2471657639 a       741     1     6     2     1
     -0.3117997090 a       742     1     6     2     2
      0.3526318099 a       743     1     6     2     3
     -0.0788272967 a       744     1     6     2     4
      0.2154177112 a       745     1     6     2     5
      0.3769815728 a       746     1     6     2     6
     -0.5106764700 a       747     1     6     2     7
     -0.2581137828 a       748     1     6     2     8
      0.2793375503 a       749     1     6     2     9
      0.1908728799 a       750     1     6     2    10
      0.3332969054 a       751     1     6     2    11
     -0.3337377279 a       752     1     6     2    12
     -0.4151808616 a       753     1     6     2    13
      0.4876646086 a       754     1     6     2    14
     -0.2788463073 a       755     1     6     2    15
     -0.1928644232 a       756     1     6     2    16
     -0.3563438900 a       757     1     6     2    17
      0.6050254359 a       758     1     6     2    18
      0.4346441597 a       759     1     6     2    19
     -0.1895349416 a       760     1     6     2    20
     -0.0933555531 a       761     1     7     2     1
     -0.2558687866 a       762     1     7     2     2
     -0.1084549275 a       763     1     7     2     3
      0.2709501943 a       764     1     7     2     4
     -0.1441820201 a       765     1     7     2     5
     -0.2475060823 a       766     1     7     2     6
      0.2687388736 a       767     1     7     2     7
      0.3381100379 a       768     1     7     2     8
     -0.1838715697 a       769     1     7     2     9
     -0.0211597924 a       770     1     7     2    10
     -0.0858640903 a       771     1     7     2    11
     -0.4345698697 a       772     1     7     2    12
      0.4986910742 a       773     1     7     2    13
     -0.0048292224 a       774     1     7     2    14
     -0.0266945260 a       775     1     7     2    15
     -0.2878487817 a       776     1     7     2    16
     -0.2579489286 a       777     1     7     2    17
      0.1014818233 a       778     1     7     2    18
      0.5280826927 a       779     1     7     2    19
     -0.1018962737 a       780     1     7     2    20
      0.5867428971 a       781     1     8     2     1
     -0.5720169821 a       782     1     8     2     2
     -0.5118250239 a       783     1     8     2     3
      0.2506841610 a       784     1     8     2     4
      0.3940995370 a       785     1     8     2     5
      0.5664473053 a       786     1     8     2     6
     -0.0476421655 a       787     1     8     2     7
     -0.5346586805 a       788     1     8     2     8
      0.0786729133 a       789     1     8     2     9
      0.0532257216 a       790     1     8     2    10
     -0.1035153392 a       791     1     8     2    11
     -0.2858792436 a       792     1     8     2    12
      0.4582050255 a       793     1     8     2    13
      0.2063292511 a       794     1     8     2    14
     -0.2268547935 a       795     1     8     2    15
     -0.0503707436 a       796     1     8     2    16
      0.1232614525 a       797     1     8     2    17
      0.2064255152 a       798     1     8     2    18
     -0.0456608443 a       799     1     8     2    19
      0.4881158588 a       800     1     8     2    20
     -0.1073051341 a       801     1     9     2     1
      0.0919057878 a       802     1     9     2     2
     -0.2878685482 a       803     1     9     2     3
     -0.6236144191 a       804     1     9     2     4
      0.3965095763 a       805     1     9     2     5
      0.3177651432 a       806     1     9     2     6
     -0.2105756608 a       807     1     9     2     7
     -0.0947066994 a       808     1     9     2     8
     -0.3150943964 a       809     1     9     2     9
      0.1845059956 a       810     1     9     2    10
     -0.1984301464 a       811     1     9     2    11
     -0.2234115110 a       812     1     9     2    12
     -0.1741500338 a       813     1     9     2    13
     -0.3784040440 a       814     1     9     2    14
      0.5851916594 a       815     1     9     2    15
      0.5990742976 a       816     1     9     2    16
      0.6011714363 a       817     1     9     2    17
     -0.1392425076 a       818     1     9     2    18
      0.1275230601 a       819     1     9     2    19
      0.5722197787 a       820     1     9     2    20
      0.4339283970 a       821     1    10     2     1
      0.4329214282 a       822     1    10     2     2
     -0.1144481545 a       823     1    10     2     3
     -0.1485069090 a       824     1    10     2     4
     -0.5715380066 a       825     1    10     2     5
     -0.0098403498 a       826     1    10     2     6
      0.5848214347 a       827     1    10     2     7
      0.1573361420 a       828     1    10     2     8
     -0.0405498888 a       829     1    10     2     9
     -0.0879664502 a       830     1    10     2    10
      0.2795745703 a       831     1    10     2    11
     -0.1172793776 a       832     1    10     2    12
      0.3373405202 a       833     1    10     2    13
      0.1612800557 a       834     1    10     2    14
      0.2400535378 a       835     1    10     2    15
      0.3197821958 a       836     1    10     2    16
      0.6104380080 a       837     1    10     2    17
      0.4161700698 a       838     1    10     2    18
      0.3698247603 a       839     1    10     2    19
     -0.5407044754 a       840     1    10     2    20
      0.5884890310 a       841     1    11     2     1
     -0.0731558092 a       842     1    11     2     2
     -0.0547908642 a       843     1    11     2     3
     -0.1859807457 a       844     1    11     2     4
     -0.5566287661 a       845     1    11     2     5
      0.6041860662 a       846     1    11     2     6
     -0.4191940164 a       847     1    11     2     7
     -0.5832204648 a       848     1    11     2     8
     -0.1373567971 a       849     1    11     2     9
      0.4681288219 a       850     1    11     2    10
     -0.6485813656 a       851     1    11     2    11
     -0.2058672050 a       852     1    11     2    12
     -0.2572052844 a       853     1    11     2    13
     -0.3986409986 a       854     1    11     2    14
     -0.1610707078 a       855     1    11     2    15
     -0.2421583821 a       856     1    11     2    16
     -0.4754572101 a       857     1    11     2    17
      0.5930431236 a       858     1    11     2    18
      0.0609529766 a       859     1    11     2    19
      0.0940580872 a       860     1    11     2    20
      0.0867401074 a       861     1    12     2     1
     -0.2350816965 a       862     1    12     2     2
     -0.4586781013 a       863     1    12     2     3
     -0.2535014171 a       864     1    12     2     4
      0.4660614599 a       865     1    12     2     5
     -0.3767727843 a       866     1    12     2     6
      0.3666055927 a       867     1    12     2     7
     -0.5417345490 a       868     1    12     2     8
      0.4554119939 a       869     1    12     2     9
      0.4147826604 a       870     1    12     2    10
      0.0913894608 a       871     1    12     2    11
      0.4603662567 a       872     1    12     2    12
      0.0616378702 a       873     1    12     2    13
      0.0530586369 a       874     1    12     2    14
      0.2052661721 a       875     1    12     2    15
     -0.5227357725 a       876     1    12     2    16
      0.0044176280 a       877     1    12     2    17
     -0.2907517634 a       878     1    12     2    18
      0.4661035459 a       879     1    12     2    19
      0.4259584598 a       880     1    12     2    20
     -0.2035733565 a       881     1    13     2     1
      0.3106719470 a       882     1    13     2     2
     -0.2471699431 a       883     1    13     2     3
      0.3455665737 a       884     1    13     2     4
     -0.1159878597 a       885     1    13     2     5
      0.0122034402 a       886     1    13     2     6
      0.4804113654 a       887     1    13     2     7
      0.2121096824 a       888     1    13     2     8
      0.5735500660 a       889     1    13     2     9
     -0.3611147086 a       890     1    13     2    10
     -0.5005474074 a       891     1    13     2    11
      0.4606464884 a       892     1    13     2    12
      0.0679582725 a       893     1    13     2    13
      0.1684610021 a       894     1    13     2    14
      0.3908301366 a       895     1    13     2    15
     -0.0588293976 a       896     1    13     2    16
      0.3634358202 a       897     1    13     2    17
     -0.6377123794 a       898     1    13     2    18
      0.4956053164 a       899     1    13     2    19
     -0.0835154435 a       900     1    13     2    20
      0.4244510828 a       901     1    14     2     1
      0.0360982162 a       902     1    14     2     2
     -0.4002271233 a       903     1    14     2     3
     -0.0571843701 a       904     1    14     2     4
      0.0456809888 a       905     1    14     2     5
     -0.0253346088 a       906     1    14     2     6
      0.5615870905 a       907     1    14     2     7
     -0.2485835657 a       908     1    14     2     8
     -0.4476945790 a       909     1    14     2     9
      0.5383702640 a       910     1    14     2    10
      0.3949855887 a       911     1    14     2    11
      0.2830426646 a       912     1    14     2    12
     -0.1738591508 a       913     1    14     2    13
     -0.2361289520 a       914     1    14     2    14
     -0.1880969672 a       915     1    14     2    15
      0.5362551411 a       916     1    14     2    16
      0.1517626144 a       917     1    14     2    17
     -0.1783964116 a       918     1    14     2    18
      0.3333066484 a       919     1    14     2    19
      0.0518934389 a       920     1    14     2    20
      0.4134394399 a       921     1    15     2     1
      0.4296477857 a       922     1    15     2     2
     -0.5174268757 a       923     1    15     2     3
      0.0718744713 a       924     1    15     2     4
     -0.4702864184 a       925     1    15     2     5
     -0.1292692216 a       926     1    15     2     6
      0.0637138842 a       927     1    15     2     7
      0.3478630154 a       928     1    15     2     8
      0.0629676012 a       929     1    15     2     9
     -0.4956959689 a       930     1    15     2    10
      0.6843583464 a       931     1    15     2    11
     -0.4706377037 a       932     1    15     2    12
     -0.0659934372 a       933     1    15     2    13
     -0.5313061338 a       934     1    15     2    14
     -0.3066192955 a       935     1    15     2    15
      0.4327600626 a       936     1    15     2    16
     -0.2692355624 a       937     1    15     2    17
      0.4344429428 a       938     1    15     2    18
     -0.0479156329 a       939     1    15     2    19
     -0.4941176112 a       940     1    15     2    20
      0.1481857780 a       941     1    16     2     1
     -0.5018142849 a       942     1    16     2     2
     -0.4823737942 a       943     1    16     2     3
     -0.2332797350 a       944     1    16     2     4
      0.5126886724 a       945     1    16     2     5
     -0.0400577029 a       946     1    16     2     6
      0.1149213810 a       947     1    16     2     7
     -0.4985094055 a       948     1    16     2     8
      0.0642493934 a       949     1    16     2     9
      0.2202507528 a       950     1    16     2    10
     -0.1287463414 a       951     1    16     2    11
     -0.4635528085 a       952     1    16     2    12
      0.3072070016 a       953     1    16     2    13
      0.3072051070 a       954     1    16     2    14
     -0.6644726830 a       955     1    16     2    15
     -0.1952068225 a       956     1    16     2    16
     -0.4758024387 a       957     1    16     2    17
     -0.3100644978 a       958     1    16     2    18
     -0.3342104907 a       959     1    16     2    19
     -0.0227866458 a       960     1    16     2    20
      0.5216708414 a       961     1    17     2     1
      0.2132920591 a       962     1    17     2     2
      0.4565633761 a       963     1    17     2     3
      0.3739650544 a       964     1    17     2     4
     -0.5003561619 a       965     1    17     2     5
      0.3865866308 a       966     1    17     2     6
     -0.1198563098 a       967     1    17     2     7
      0.1117194064 a       968     1    17     2     8
      0.4252506635 a       969     1    17     2     9
     -0.4467747017 a       970     1    17     2    10
      0.0909484925 a       971     1    17     2    11
      0.2330600766 a       972     1    17     2    12
      0.3784329952 a       973     1    17     2    13
      0.6002239317 a       974     1    17     2    14
      0.1741970133 a       975     1    17     2    15
     -0.4780890758 a       976     1    17     2    16
      0.5607018584 a       977     1    17     2    17
      0.2766837194 a       978     1    17     2    18
      0.4524133220 a       979     1    17     2    19
      0.1014048365 a       980     1    17     2    20
     -0.0096142365 a       981     1    18     2     1
     -0.2914127051 a       982     1    18     2     2
     -0.4685185535 a       983     1    18     2     3
     -0.5878883422 a       984     1    18     2     4
     -0.4124718665 a       985     1    18     2     5
      0.4866170595 a       986     1    18     2     6
      0.1439506099 a       987     1    18     2     7
      0.0881586351 a       988     1    18     2     8
     -0.0670309627 a       989     1    18     2     9
     -0.5751936021 a       990     1    18     2    10
     -0.6219278442 a       991     1    18     2    11
     -0.3636489903 a       992     1    18     2    12
      0.4446839584 a       993     1    18     2    13
     -0.5414009890 a       994     1    18     2    14
     -0.2696045713 a       995     1    18     2    15
      0.4656894306 a       996     1    18     2    16
     -0.3425606177 a       997     1    18     2    17
     -0.0166511322 a       998     1    18     2    18
     -0.5898658887 a       999     1    18     2    19
      0.0003296453 a      1000     1    18     2    20
      0.4662071293 a      1001     1    19     2     1
     -0.0752916173 a      1002     1    19     2     2
     -0.4942856490 a      1003     1    19     2     3
      0.4499686281 a      1004     1    19     2     4
      0.0372216844 a      1005     1    19     2     5
      0.1485285082 a      1006     1    19     2     6
      0.3061653868 a      1007     1    19     2     7
     -0.4494615374 a      1008     1    19     2     8
      0.1941861482 a      1009     1    19     2     9
      0.5065536957 a      1010     1    19     2    10
     -0.4504486343 a      1011     1    19     2    11
      0.5475138401 a      1012     1    19     2    12
      0.5932060263 a      1013     1    19     2    13
     -0.5704424015 a      1014     1    19     2    14
     -0.1249960408 a      1015     1    19     2    15
      0.2980038561 a      1016     1    19     2    16
      0.2527343569 a      1017     1    19     2    17
      0.4865536542 a      1018     1    19     2    18
      0.2998566237 a      1019     1    19     2    19
      0.1927933602 a      1020     1    19     2    20
      0.5857120803 a      1021     1    20     2     1
      0.1891098149 a      1022     1    20     2     2
     -0.2663632250 a      1023     1    20     2     3
      0.5547818678 a      1024     1    20     2     4
      0.0054544473 a      1025     1    20     2     5
     -0.3942587928 a      1026     1    20     2     6
     -0.5048084505 a      1027     1    20     2     7
     -0.1778394910 a      1028     1    20     2     8
     -0.4231779621 a      1029     1    20     2     9
      0.4617624813 a      1030     1    20     2    10
      0.2603682640 a      1031     1    20     2    11
     -0.3456011285 a      1032     1    20     2    12
      0.4541577853 a      1033     1    20     2    13
      0.1368179090 a      1034     1    20     2    14
     -0.2489143977 a      1035     1    20     2    15
     -0.2849690944 a      1036     1    20     2    16
      0.3142512778 a      1037     1    20     2    17
     -0.1463661446 a      1038     1    20     2    18
      0.4324201123 a      1039     1    20     2    19
      0.4423534428 a      1040     1    20     2    20
      0.7075431178 b      1041     2     1
      0.7809631187 b      1042     2     2
     -1.1160056653 b      1043     2     3
      0.1638698652 b      1044     2     4
     -0.6824519816 b      1045     2     5
      1.3542380638 b      1046     2     6
      0.0861046883 b      1047     2     7
     -0.1691155995 b      1048     2     8
      0.3805508084 b      1049     2     9
      1.5840981444 b      1050     2    10
     -0.5597749906 b      1051     2    11
      1.2323832690 b      1052     2    12
      1.1631584930 b      1053     2    13
     -1.2518379702 b      1054     2    14
      0.4246088803 b      1055     2    15
      0.6230865542 b      1056     2    16
     -0.5866780946 b      1057     2    17
      1.0995490034 b      1058     2    18
     -0.2545842830 b      1059     2    19
      1.4774119158 b      1060     2    20
      0.0024990215 a      1061     2     1     3     1
      0.0051956939 a      1062     2     2     3     1
     -0.0048921463 a      1063     2     3     3     1
      0.0016504568 a      1064     2     4     3     1
      0.0040284375 a      1065     2     5     3     1
     -0.0013868695 a      1066     2     6     3     1
      0.0029866717 a      1067     2     7     3     1
     -0.0023426965 a      1068     2     8     3     1
      0.0014438819 a      1069     2     9     3     1
      0.0033603869 a      1070     2    10     3     1
      0.0034090256 a      1071     2    11     3     1
      0.0051417181 a      1072     2    12     3     1
     -0.0025191520 a      1073     2    13     3     1
      0.0040237388 a      1074     2    14     3     1
      0.0022209712 a      1075     2    15     3     1
     -0.0020635110 a      1076     2    16     3     1
      0.0049009782 a      1077     2    17     3     1
     -0.0011793122 a      1078     2    18     3     1
     -0.0016405638 a      1079     2    19     3     1
      0.0055200185 a      1080     2    20     3     1
     19.6618255109 b      1081     3     1
