      0.4412071711 a         1     0     1     1     1
     -0.6306986807 a         2     0     1     1     2
     -0.1528674957 a         3     0     1     1     3
      0.7560011156 a         4     0     1     1     4
      0.1109701400 a         5     0     1     1     5
     -0.9257645309 a         6     0     1     1     6
      0.6755610711 a         7     0     1     1     7
      0.1553779845 a         8     0     1     1     8
     -0.5625417827 a         9     0     1     1     9
     -0.6398349403 a        10     0     1     1    10
      0.2939398294 a        11     0     1     1    11
      0.2464635377 a        12     0     1     1    12
      0.3128206735 a        13     0     1     1    13
     -0.4237996933 a        14     0     1     1    14
     -0.8015864342 a        15     0     1     1    15
     -0.2632770535 a        16     0     2     1     1
     -0.8976884484 a        17     0     2     1     2
      0.5502324111 a        18     0     2     1     3
     -0.2440536019 a        19     0     2     1     4
      0.1913481956 a        20     0     2     1     5
     -0.0104846950 a        21     0     2     1     6
     -0.2166127559 a        22     0     2     1     7
     -0.6110734342 a        23     0     2     1     8
     -0.3112394211 a        24     0     2     1     9
      0.9988939770 a        25     0     2     1    10
      0.4104007488 a        26     0     2     1    11
     -0.3943626282 a        27     0     2     1    12
     -0.0527544018 a        28     0     2     1    13
     -0.6431514321 a        29     0     2     1    14
      0.5538022525 a        30     0     2     1    15
     -0.2452441451 a        31     0     3     1     1
      0.1812473540 a        32     0     3     1     2
      0.2235291009 a        33     0     3     1     3
      0.8534437426 a        34     0     3     1     4
     -0.1704692241 a        35     0     3     1     5
      0.9234380730 a        36     0     3     1     6
      0.2234128719 a        37     0     3     1     7
      0.8997159012 a        38     0     3     1     8
     -0.4746745823 a        39     0     3     1     9
      0.1444371943 a        40     0     3     1    10
     -0.4436197279 a        41     0     3     1    11
      0.0831717257 a        42     0     3     1    12
     -0.1321943995 a        43     0     3     1    13
      0.2087131744 a        44     0     3     1    14
     -0.1583504673 a        45     0     3     1    15
      0.6041971452 a        46     0     4     1     1
      0.7414202697 a        47     0     4     1     2
     -0.9488989711 a        48     0     4     1     3
     -0.1449752446 a        49     0     4     1     4
     -0.5990142821 a        50     0     4     1     5
      0.3671809441 a        51     0     4     1     6
     -0.7907016723 a        52     0     4     1     7
      0.6769616611 a        53     0     4     1     8
     -0.3043590185 a        54     0     4     1     9
      0.6381642825 a        55     0     4     1    10
     -0.3732622263 a        56     0     4     1    11
      0.5818409926 a        57     0     4     1    12
     -0.9981068075 a        58     0     4     1    13
      0.8188868769 a        59     0     4     1    14
     -0.9685251415 a        60     0     4     1    15
     -0.0020838972 a        61     0     5     1     1
      0.9763479241 a        62     0     5     1     2
     -0.5195770858 a        63     0     5     1     3
     -0.5320645271 a        64     0     5     1     4
     -0.4083184001 a        65     0     5     1     5
     -0.6071001588 a        66     0     5     1     6
      0.4675693518 a        67     0     5     1     7
      0.4377369887 a        68     0     5     1     8
     -0.9537572264 a        69     0     5     1     9
      0.2022794490 a        70     0     5     1    10
     -0.2888455388 a        71     0     5     1    11
     -0.6274395584 a        72     0     5     1    12
      0.6234370477 a        73     0     5     1    13
      0.1060234313 a        74     0     5     1    14
     -0.0640955563 a        75     0     5     1    15
      0.7458601005 a        76     0     6     1     1
     -0.3302909133 a        77     0     6     1     2
      0.8008555181 a        78     0     6     1     3
     -0.0222443338 a        79     0     6     1     4
      0.1393728261 a        80     0     6     1     5
      0.4391987330 a        81     0     6     1     6
     -0.3870345948 a        82     0     6     1     7
     -0.8899483457 a        83     0     6     1     8
      0.6381543882 a        84     0     6     1     9
     -0.5401360689 a        85     0     6     1    10
     -0.0668777820 a        86     0     6     1    11
     -0.0147866603 a        87     0     6     1    12
     -0.5192260144 a        88     0     6     1    13
     -0.6315612493 a        89     0     6     1    14
     -0.6498547493 a        90     0     6     1    15
     -0.1089589592 a        91     0     7     1     1
      0.7269299037 a        92     0     7     1     2
     -0.4900297520 a        93     0     7     1     3
      0.0697543625 a        94     0     7     1     4
      0.3616036182 a        95     0     7     1     5
     -0.5283159016 a        96     0     7     1     6
      0.5946272618 a        97     0     7     1     7
     -0.1002978679 a        98     0     7     1     8
      0.2932970529 a        99     0     7     1     9
     -0.5563678740 a       100     0     7     1    10
     -0.8746068477 a       101     0     7     1    11
      0.4827106005 a       102     0     7     1    12
      0.9175180205 a       103     0     7     1    13
      0.7257161148 a       104     0     7     1    14
     -0.8900873512 a       105     0     7     1    15
      0.3019361501 a       106     0     8     1     1
      0.6408764131 a       107     0     8     1     2
     -0.7891849279 a       108     0     8     1     3
      0.1689333921 a       109     0     8     1     4
     -0.7361969649 a       110     0     8     1     5
      0.7375646837 a       111     0     8     1     6
      0.2499375348 a       112     0     8     1     7
      0.6998676069 a       113     0     8     1     8
      0.6740092046 a       114     0     8     1     9
      0.0723745827 a       115     0     8     1    10
      0.3986111885 a       116     0     8     1    11
     -0.5419569312 a       117     0     8     1    12
     -0.6699225305 a       118     0     8     1    13
      0.6122021682 a       119     0     8     1    14
     -0.7191284894 a       120     0     8     1    15
     -0.3926146624 a       121     0     9     1     1
     -0.6744112073 a       122     0     9     1     2
     -0.8293799906 a       123     0     9     1     3
      0.6104663617 a       124     0     9     1     4
      0.1085653310 a       125     0     9     1     5
      0.6574245698 a       126     0     9     1     6
     -0.6653632222 a       127     0     9     1     7
     -0.7598164677 a       128     0     9     1     8
     -0.2354187366 a       129     0     9     1     9
     -0.6830030678 a       130     0     9     1    10
      0.7672512539 a       131     0     9     1    11
     -0.8078774511 a       132     0     9     1    12
      0.0038046841 a       133     0     9     1    13
     -0.0540786382 a       134     0     9     1    14
     -0.8997177258 a       135     0     9     1    15
      0.4441829926 a       136     0    10     1     1
     -0.6156598328 a       137     0    10     1     2
      0.6052844531 a       138     0    10     1     3
     -0.9840857349 a       139     0    10     1     4
      0.4710373885 a       140     0    10     1     5
      0.7262969024 a       141     0    10     1     6
      0.8725256928 a       142     0    10     1     7
      0.5388659245 a       143     0    10     1     8
      0.7197825916 a       144     0    10     1     9
     -0.6146236060 a       145     0    10     1    10
      0.0208812956 a       146     0    10     1    11
      0.9528286465 a       147     0    10     1    12
      0.1918306356 a       148     0    10     1    13
      0.0977590089 a       149     0    10     1    14
     -0.9634918533 a       150     0    10     1    15
      0.5924057967 a       151     0    11     1     1
      0.5638353831 a       152     0    11     1     2
      0.3811287886 a       153     0    11     1     3
     -0.3692163822 a       154     0    11     1     4
      0.5807493932 a       155     0    11     1     5
      0.6557565934 a       156     0    11     1     6
     -0.6979622244 a       157     0    11     1     7
     -0.6509166955 a       158     0    11     1     8
      0.0430685286 a       159     0    11     1     9
     -0.1466283199 a       160     0    11     1    10
     -0.3824529645 a       161     0    11     1    11
      0.1131039862 a       162     0    11     1    12
      0.9388231047 a       163     0    11     1    13
      0.7989363678 a       164     0    11     1    14
     -0.2762929794 a       165     0    11     1    15
      0.3438016182 a       166     0    12     1     1
      0.2741578823 a       167     0    12     1     2
     -0.2280177471 a       168     0    12     1     3
     -0.2943058607 a       169     0    12     1     4
     -0.3984593747 a       170     0    12     1     5
     -0.9065684378 a       171     0    12     1     6
     -0.6957649289 a       172     0    12     1     7
      0.2788866764 a       173     0    12     1     8
     -0.7513631432 a       174     0    12     1     9
     -0.1603165861 a       175     0    12     1    10
     -0.4412539599 a       176     0    12     1    11
     -0.1552879211 a       177     0    12     1    12
      0.0758798127 a       178     0    12     1    13
     -0.6872985362 a       179     0    12     1    14
      0.5735811002 a       180     0    12     1    15
      0.1776456838 a       181     0    13     1     1
     -0.3087256548 a       182     0    13     1     2
     -0.7520951479 a       183     0    13     1     3
     -0.4632438419 a       184     0    13     1     4
      0.2603895669 a       185     0    13     1     5
      0.3679066902 a       186     0    13     1     6
     -0.5931017099 a       187     0    13     1     7
     -0.2602346536 a       188     0    13     1     8
      0.2360203271 a       189     0    13     1     9
      0.7936704166 a       190     0    13     1    10
     -0.7818071841 a       191     0    13     1    11
      0.1666722302 a       192     0    13     1    12
     -0.7405765056 a       193     0    13     1    13
     -0.8693912327 a       194     0    13     1    14
      0.1416777377 a       195     0    13     1    15
     -0.8217447995 a       196     0    14     1     1
      0.9351699360 a       197     0    14     1     2
     -0.5988835095 a       198     0    14     1     3
      0.5649505860 a       199     0    14     1     4
     -0.8751864656 a       200     0    14     1     5
      0.7411192663 a       201     0    14     1     6
     -0.0089128013 a       202     0    14     1     7
      0.2027053838 a       203     0    14     1     8
      0.8696056612 a       204     0    14     1     9
     -0.5372121034 a       205     0    14     1    10
     -0.9237747118 a       206     0    14     1    11
      0.1183882956 a       207     0    14     1    12
     -0.2482586500 a       208     0    14     1    13
     -0.4826914666 a       209     0    14     1    14
     -0.5957133768 a       210     0    14     1    15
     -0.1549431678 a       211     0    15     1     1
     -0.1302746531 a       212     0    15     1     2
      0.4741883284 a       213     0    15     1     3
     -0.3176085350 a       214     0    15     1     4
     -0.0469916459 a       215     0    15     1     5
      0.2115961318 a       216     0    15     1     6
      0.2956252103 a       217     0    15     1     7
      0.5720504529 a       218     0    15     1     8
      0.4525578028 a       219     0    15     1     9
      0.1385546927 a       220     0    15     1    10
      0.6883775003 a       221     0    15     1    11
     -0.4392730591 a       222     0    15     1    12
     -0.8625705093 a       223     0    15     1    13
      0.7774666555 a       224     0    15     1    14
      0.8824720390 a       225     0    15     1    15
     -0.2918276188 a       226     0    16     1     1
     -0.7468508779 a       227     0    16     1     2
     -0.3226575849 a       228     0    16     1     3
     -0.9064664915 a       229     0    16     1     4
     -0.9823222514 a       230     0    16     1     5
      0.1099205022 a       231     0    16     1     6
     -0.5669643281 a       232     0    16     1     7
     -0.9696343448 a       233     0    16     1     8
     -0.6444328426 a       234     0    16     1     9
     -0.9827067405 a       235     0    16     1    10
     -0.3522030708 a       236     0    16     1    11
      0.5228948599 a       237     0    16     1    12
      0.2943037754 a       238     0    16     1    13
      0.3627398020 a       239     0    16     1    14
      0.5681033141 a       240     0    16     1    15
      0.1130744223 a       241     0    17     1     1
      0.4419112211 a       242     0    17     1     2
     -0.7983084022 a       243     0    17     1     3
      0.8305902489 a       244     0    17     1     4
     -0.2703744170 a       245     0    17     1     5
     -0.1832798716 a       246     0    17     1     6
     -0.3846760986 a       247     0    17     1     7
      0.7489215143 a       248     0    17     1     8
     -0.8770627677 a       249     0    17     1     9
     -0.7939678132 a       250     0    17     1    10
     -0.2171139714 a       251     0    17     1    11
      0.9649827488 a       252     0    17     1    12
      0.4643415219 a       253     0    17     1    13
      0.1879280810 a       254     0    17     1    14
      0.5063043839 a       255     0    17     1    15
     -0.5414201615 a       256     0    18     1     1
      0.3512046343 a       257     0    18     1     2
      0.6960076101 a       258     0    18     1     3
     -0.1996577975 a       259     0    18     1     4
      0.3511480099 a       260     0    18     1     5
     -0.2560701963 a       261     0    18     1     6
      0.2284145360 a       262     0    18     1     7
      0.9637029179 a       263     0    18     1     8
      0.9553812750 a       264     0    18     1     9
     -0.9060166180 a       265     0    18     1    10
      0.5786861188 a       266     0    18     1    11
     -0.0221811529 a       267     0    18     1    12
     -0.7988236546 a       268     0    18     1    13
      0.1709160810 a       269     0    18     1    14
      0.5870276696 a       270     0    18     1    15
      0.1734497552 a       271     0    19     1     1
     -0.8307459652 a       272     0    19     1     2
     -0.3473269341 a       273     0    19     1     3
      0.4762040383 a       274     0    19     1     4
     -0.4386491177 a       275     0    19     1     5
     -0.3758461473 a       276     0    19     1     6
     -0.8463689535 a       277     0    19     1     7
     -0.9230017140 a       278     0    19     1     8
     -0.8897604942 a       279     0    19     1     9
     -0.2045630809 a       280     0    19     1    10
     -0.0917944904 a       281     0    19     1    11
     -0.7902191429 a       282     0    19     1    12
      0.7868334062 a       283     0    19     1    13
      0.3086218839 a       284     0    19     1    14
     -0.9924495127 a       285     0    19     1    15
     -0.0989599820 a       286     0    20     1     1
      0.7796611793 a       287     0    20     1     2
     -0.2342131731 a       288     0    20     1     3
     -0.4207208750 a       289     0    20     1     4
      0.9438470610 a       290     0    20     1     5
     -0.7632422297 a       291     0    20     1     6
      0.1877514129 a       292     0    20     1     7
     -0.4628322122 a       293     0    20     1     8
     -0.8213347792 a       294     0    20     1     9
     -0.1735084649 a       295     0    20     1    10
     -0.1564409729 a       296     0    20     1    11
      0.6968816526 a       297     0    20     1    12
      0.4908756024 a       298     0    20     1    13
      0.1456087832 a       299     0    20     1    14
     -0.7524120658 a       300     0    20     1    15
      0.2104423051 a       301     0    21     1     1
      0.9032908686 a       302     0    21     1     2
     -0.3901664016 a       303     0    21     1     3
      0.4731165177 a       304     0    21     1     4
     -0.3313279149 a       305     0    21     1     5
     -0.6278271078 a       306     0    21     1     6
      0.1096594338 a       307     0    21     1     7
     -0.9535190873 a       308     0    21     1     8
      0.2047159677 a       309     0    21     1     9
      0.6621619470 a       310     0    21     1    10
      0.9567523011 a       311     0    21     1    11
      0.1355031733 a       312     0    21     1    12
     -0.5976950227 a       313     0    21     1    13
      0.5396293408 a       314     0    21     1    14
     -0.4492294190 a       315     0    21     1    15
     -0.1986255642 a       316     0    22     1     1
     -0.3000140783 a       317     0    22     1     2
     -0.3364886043 a       318     0    22     1     3
      0.6358094222 a       319     0    22     1     4
      0.0495398049 a       320     0    22     1     5
      0.6148287065 a       321     0    22     1     6
     -0.5743361710 a       322     0    22     1     7
     -0.8678373545 a       323     0    22     1     8
      0.2575362926 a       324     0    22     1     9
      0.4127368933 a       325     0    22     1    10
      0.8684344299 a       326     0    22     1    11
     -0.2217673656 a       327     0    22     1    12
      0.7560746677 a       328     0    22     1    13
     -0.6525731383 a       329     0    22     1    14
      0.2032330041 a       330     0    22     1    15
     -0.2620065805 a       331     0    23     1     1
      0.4551199681 a       332     0    23     1     2
     -0.7977719902 a       333     0    23     1     3
     -0.1538237330 a       334     0    23     1     4
      0.6846771247 a       335     0    23     1     5
     -0.6323772965 a       336     0    23     1     6
     -0.3652068970 a       337     0    23     1     7
     -0.0319415923 a       338     0    23     1     8
     -0.8423721194 a       339     0    23     1     9
      0.2516804939 a       340     0    23     1    10
     -0.0065175291 a       341     0    23     1    11
      0.4596861607 a       342     0    23     1    12
     -0.0541794296 a       343     0    23     1    13
     -0.5939075349 a       344     0    23     1    14
      0.1961081033 a       345     0    23     1    15
     -0.0109660025 a       346     0    24     1     1
     -0.3060732481 a       347     0    24     1     2
     -0.1735028025 a       348     0    24     1     3
     -0.0619453784 a       349     0    24     1     4
      0.8841357239 a       350     0    24     1     5
     -0.3304642436 a       351     0    24     1     6
     -0.1126983162 a       352     0    24     1     7
     -0.1207875606 a       353     0    24     1     8
     -0.0763419863 a       354     0    24     1     9
      0.9199870833 a       355     0    24     1    10
      0.2224251037 a       356     0    24     1    11
      0.2979205852 a       357     0    24     1    12
     -0.8493022918 a       358     0    24     1    13
     -0.2237434980 a       359     0    24     1    14
     -0.4570642111 a       360     0    24     1    15
      0.1220698361 a       361     0    25     1     1
     -0.3716214893 a       362     0    25     1     2
      0.1579434876 a       363     0    25     1     3
      0.5568865544 a       364     0    25     1     4
     -0.4068334696 a       365     0    25     1     5
      0.3502053028 a       366     0    25     1     6
     -0.0998034474 a       367     0    25     1     7
      0.6039464480 a       368     0    25     1     8
      0.5270299918 a       369     0    25     1     9
     -0.2062850591 a       370     0    25     1    10
      0.9674972304 a       371     0    25     1    11
      0.7260468013 a       372     0    25     1    12
      0.6685757644 a       373     0    25     1    13
      0.7528892763 a       374     0    25     1    14
     -0.1902451512 a       375     0    25     1    15
      0.5497134930 a       376     0    26     1     1
     -0.9662290737 a       377     0    26     1     2
      0.5879741914 a       378     0    26     1     3
      0.0821417575 a       379     0    26     1     4
      0.5573637492 a       380     0    26     1     5
     -0.3864797947 a       381     0    26     1     6
      0.4339653259 a       382     0    26     1     7
     -0.3440924880 a       383     0    26     1     8
      0.8380396374 a       384     0    26     1     9
      0.9331886776 a       385     0    26     1    10
      0.1024353509 a       386     0    26     1    11
     -0.3684307930 a       387     0    26     1    12
     -0.2162125703 a       388     0    26     1    13
      0.1151274447 a       389     0    26     1    14
      0.9469488867 a       390     0    26     1    15
     -0.6302626429 a       391     0    27     1     1
     -0.8240205347 a       392     0    27     1     2
      0.6869519956 a       393     0    27     1     3
     -0.3971668479 a       394     0    27     1     4
      0.8172725447 a       395     0    27     1     5
     -0.1003090139 a       396     0    27     1     6
      0.1062312131 a       397     0    27     1     7
     -0.5725800691 a       398     0    27     1     8
      0.6469820745 a       399     0    27     1     9
     -0.1727426049 a       400     0    27     1    10
      0.7150094516 a       401     0    27     1    11
     -0.8367555439 a       402     0    27     1    12
      0.6494958408 a       403     0    27     1    13
      0.0774735217 a       404     0    27     1    14
      0.0981841092 a       405     0    27     1    15
      0.1812162404 a       406     0    28     1     1
     -0.2977227566 a       407     0    28     1     2
      0.1736779218 a       408     0    28     1     3
     -0.9961380763 a       409     0    28     1     4
     -0.0926483270 a       410     0    28     1     5
      0.8598667391 a       411     0    28     1     6
     -0.2200118896 a       412     0    28     1     7
      0.2597962623 a       413     0    28     1     8
      0.3965643650 a       414     0    28     1     9
     -0.9428412616 a       415     0    28     1    10
     -0.3330836889 a       416     0    28     1    11
     -0.1375593539 a       417     0    28     1    12
      0.0395007138 a       418     0    28     1    13
     -0.1123322245 a       419     0    28     1    14
      0.0324918036 a       420     0    28     1    15
      0.0896030669 a       421     0    29     1     1
     -0.0411754843 a       422     0    29     1     2
     -0.0362535711 a       423     0    29     1     3
      0.6863876588 a       424     0    29     1     4
      0.1180093293 a       425     0    29     1     5
     -0.6174048780 a       426     0    29     1     6
     -0.7239091097 a       427     0    29     1     7
     -0.7405476271 a       428     0    29     1     8
     -0.3842033145 a       429     0    29     1     9
      0.6953159578 a       430     0    29     1    10
      0.1745994096 a       431     0    29     1    11
      0.4914484030 a       432     0    29     1    12
     -0.2267673608 a       433     0    29     1    13
      0.7207478292 a       434     0    29     1    14
     -0.3912488816 a       435     0    29     1    15
      0.2803767925 a       436     0    30     1     1
      0.2924706941 a       437     0    30     1     2
     -0.4459036586 a       438     0    30     1     3
     -0.3026024100 a       439     0    30     1     4
      0.1613578801 a       440     0    30     1     5
     -0.0581078525 a       441     0    30     1     6
     -0.6181916891 a       442     0    30     1     7
      0.0523443226 a       443     0    30     1     8
     -0.2489058372 a       444     0    30     1     9
      0.6392030723 a       445     0    30     1    10
     -0.9135872200 a       446     0    30     1    11
     -0.6604217289 a       447     0    30     1    12
      0.2918610578 a       448     0    30     1    13
     -0.6921080052 a       449     0    30     1    14
     -0.2594615814 a       450     0    30     1    15
     -0.7704066335 b       451     1     1
     -0.2243207094 b       452     1     2
     -0.1577393409 b       453     1     3
      0.8751955040 b       454     1     4
     -0.5900076924 b       455     1     5
     -0.2594737407 b       456     1     6
     -0.9751444552 b       457     1     7
      0.7471414812 b       458     1     8
     -0.7929679453 b       459     1     9
      0.5877443559 b       460     1    10
      0.2190616136 b       461     1    11
     -0.2317880985 b       462     1    12
      0.3376953607 b       463     1    13
     -0.3538517949 b       464     1    14
      0.8130553968 b       465     1    15
     -0.9784134757 a       466     1     1     2     1
     -0.1952855584 a       467     1     1     2     2
     -0.1640813943 a       468     1     1     2     3
      0.2842410808 a       469     1     1     2     4
     -0.7602631896 a       470     1     1     2     5
      0.2566826349 a       471     1     1     2     6
      0.0645288233 a       472     1     1     2     7
      0.5368269688 a       473     1     1     2     8
      0.4513673788 a       474     1     1     2     9
      0.1308172946 a       475     1     1     2    10
      0.6468033797 a       476     1     1     2    11
      0.8235907562 a       477     1     1     2    12
      0.0903735165 a       478     1     1     2    13
      0.9078499087 a       479     1     1     2    14
      0.2326653009 a       480     1     1     2    15
      0.4049615866 a       481     1     2     2     1
      0.1899816995 a       482     1     2     2     2
     -0.9779514298 a       483     1     2     2     3
     -0.4296802280 a       484     1     2     2     4
      0.3646746879 a       485     1     2     2     5
     -0.9132854119 a       486     1     2     2     6
      0.4120360619 a       487     1     2     2     7
     -0.9107364937 a       488     1     2     2     8
     -0.7482656835 a       489     1     2     2     9
     -0.1013588306 a       490     1     2     2    10
      0.4625738865 a       491     1     2     2    11
      0.4793590313 a       492     1     2     2    12
      0.5871000296 a       493     1     2     2    13
     -0.6090489922 a       494     1     2     2    14
     -0.2862712738 a       495     1     2     2    15
      0.6390149600 a       496     1     3     2     1
     -0.0746734138 a       497     1     3     2     2
      0.9638717183 a       498     1     3     2     3
     -0.2089841959 a       499     1     3     2     4
     -0.3976921437 a       500     1     3     2     5
     -0.0121868249 a       501     1     3     2     6
     -0.8236829191 a       502     1     3     2     7
      0.3611010319 a       503     1     3     2     8
     -0.9746118709 a       504     1     3     2     9
     -0.3017147777 a       505     1     3     2    10
     -0.9200639948 a       506     1     3     2    11
      0.4844239956 a       507     1     3     2    12
     -0.2866554257 a       508     1     3     2    13
      0.1819159989 a       509     1     3     2    14
     -0.5375542043 a       510     1     3     2    15
     -0.6735734044 a       511     1     4     2     1
     -0.7484268545 a       512     1     4     2     2
     -0.8103156536 a       513     1     4     2     3
     -0.9751116820 a       514     1     4     2     4
     -0.7020229994 a       515     1     4     2     5
     -0.9003628492 a       516     1     4     2     6
     -0.3984689114 a       517     1     4     2     7
      0.9326466330 a       518     1     4     2     8
      0.9919154652 a       519     1     4     2     9
     -0.8768524825 a       520     1     4     2    10
      0.7403266437 a       521     1     4     2    11
      0.6695580489 a       522     1     4     2    12
     -0.7387778758 a       523     1     4     2    13
     -0.6398834287 a       524     1     4     2    14
     -0.5208635030 a       525     1     4     2    15
     -0.1526600119 a       526     1     5     2     1
      0.2427269225 a       527     1     5     2     2
     -0.4890342353 a       528     1     5     2     3
      0.8013266332 a       529     1     5     2     4
     -0.1041656729 a       530     1     5     2     5
     -0.7126825451 a       531     1     5     2     6
     -0.0554407831 a       532     1     5     2     7
      0.2071347242 a       533     1     5     2     8
     -0.6860481797 a       534     1     5     2     9
     -0.4117721913 a       535     1     5     2    10
     -0.6551087795 a       536     1     5     2    11
     -0.4132571814 a       537     1     5     2    12
      0.3863335854 a       538     1     5     2    13
     -0.8919305503 a       539     1     5     2    14
     -0.6767273544 a       540     1     5     2    15
      0.2432610994 a       541     1     6     2     1
      0.4890791184 a       542     1     6     2     2
     -0.0465515252 a       543     1     6     2     3
     -0.3915457723 a       544     1     6     2     4
     -0.7100449799 a       545     1     6     2     5
      0.2741634851 a       546     1     6     2     6
     -0.1347587105 a       547     1     6     2     7
     -0.8900223374 a       548     1     6     2     8
     -0.6054400800 a       549     1     6     2     9
      0.3684035545 a       550     1     6     2    10
     -0.2413639423 a       551     1     6     2    11
     -0.6034490166 a       552     1     6     2    12
     -0.1677163240 a       553     1     6     2    13
     -0.8083504140 a       554     1     6     2    14
      0.0547180180 a       555     1     6     2    15
     -0.3547399041 a       556     1     7     2     1
     -0.1133647557 a       557     1     7     2     2
      0.6781910665 a       558     1     7     2     3
      0.3566453462 a       559     1     7     2     4
      0.1389147048 a       560     1     7     2     5
      0.7401175506 a       561     1     7     2     6
     -0.8445913791 a       562     1     7     2     7
      0.9528168448 a       563     1     7     2     8
     -0.0080235000 a       564     1     7     2     9
     -0.8511989712 a       565     1     7     2    10
     -0.1009994145 a       566     1     7     2    11
      0.5026370293 a       567     1     7     2    12
     -0.1803391572 a       568     1     7     2    13
     -0.9606533311 a       569     1     7     2    14
      0.2994639879 a       570     1     7     2    15
     -0.9086605161 a       571     1     8     2     1
      0.1427371507 a       572     1     8     2     2
      0.9842470893 a       573     1     8     2     3
      0.2400325542 a       574     1     8     2     4
      0.2265914684 a       575     1     8     2     5
      0.3222932821 a       576     1     8     2     6
      0.7841326006 a       577     1     8     2     7
      0.9167914398 a       578     1     8     2     8
      0.5146859891 a       579     1     8     2     9
      0.3282645946 a       580     1     8     2    10
     -0.8571760654 a       581     1     8     2    11
     -0.5582560299 a       582     1     8     2    12
     -0.6092193721 a       583     1     8     2    13
      0.8501385458 a       584     1     8     2    14
      0.2777112728 a       585     1     8     2    15
     -0.5060113666 a       586     1     9     2     1
     -0.5328978000 a       587     1     9     2     2
     -0.4134809372 a       588     1     9     2     3
      0.6256222732 a       589     1     9     2     4
      0.8331865080 a       590     1     9     2     5
     -0.6349378823 a       591     1     9     2     6
      0.5991694934 a       592     1     9     2     7
      0.2416923051 a       593     1     9     2     8
      0.1231524949 a       594     1     9     2     9
     -0.1764399406 a       595     1     9     2    10
      0.5739349133 a       596     1     9     2    11
      0.1238236432 a       597     1     9     2    12
     -0.8957304284 a       598     1     9     2    13
     -0.5412936209 a       599     1     9     2    14
      0.4782865054 a       600     1     9     2    15
      0.5622203357 a       601     1    10     2     1
     -0.7627703546 a       602     1    10     2     2
      0.1186026339 a       603     1    10     2     3
     -0.6452173589 a       604     1    10     2     4
     -0.1680884358 a       605     1    10     2     5
      0.9376761921 a       606     1    10     2     6
     -0.4764093158 a       607     1    10     2     7
      0.9883472928 a       608     1    10     2     8
     -0.8472834825 a       609     1    10     2     9
     -0.2935526368 a       610     1    10     2    10
      0.2604424959 a       611     1    10     2    11
     -0.7434560954 a       612     1    10     2    12
      0.7335152633 a       613     1    10     2    13
      0.1904686694 a       614     1    10     2    14
     -0.7934005558 a       615     1    10     2    15
     -0.6831248997 a       616     1    11     2     1
      0.7200452096 a       617     1    11     2     2
     -0.1994243857 a       618     1    11     2     3
      0.2748355871 a       619     1    11     2     4
     -0.8382869064 a       620     1    11     2     5
      0.9118545063 a       621     1    11     2     6
     -0.4618582723 a       622     1    11     2     7
     -0.4522799847 a       623     1    11     2     8
      0.5303754813 a       624     1    11     2     9
      0.0206683878 a       625     1    11     2    10
     -0.6272969542 a       626     1    11     2    11
     -0.9801287111 a       627     1    11     2    12
      0.9767528781 a       628     1    11     2    13
      0.2855606084 a       629     1    11     2    14
     -0.5837450026 a       630     1    11     2    15
      0.9978047618 a       631     1    12     2     1
      0.1037091021 a       632     1    12     2     2
     -0.9607594646 a       633     1    12     2     3
      0.5156779296 a       634     1    12     2     4
      0.9986659297 a       635     1    12     2     5
      0.5777025229 a       636     1    12     2     6
     -0.5538209377 a       637     1    12     2     7
     -0.0687184330 a       638     1    12     2     8
     -0.9511564597 a       639     1    12     2     9
     -0.0866342779 a       640     1    12     2    10
     -0.0621359940 a       641     1    12     2    11
     -0.3200267551 a       642     1    12     2    12
     -0.6901567875 a       643     1    12     2    13
      0.5347630984 a       644     1    12     2    14
     -0.2366977927 a       645     1    12     2    15
     -0.1799419519 a       646     1    13     2     1
     -0.2846508023 a       647     1    13     2     2
     -0.1257208582 a       648     1    13     2     3
     -0.9903536402 a       649     1    13     2     4
     -0.8736302405 a       650     1    13     2     5
      0.8965009459 a       651     1    13     2     6
     -0.5086010096 a       652     1    13     2     7
     -0.0571529861 a       653     1    13     2     8
     -0.5701119600 a       654     1    13     2     9
      0.1284608846 a       655     1    13     2    10
     -0.9572704360 a       656     1    13     2    11
     -0.8441860228 a       657     1    13     2    12
     -0.2345322367 a       658     1    13     2    13
      0.2165726428 a       659     1    13     2    14
     -0.0639665719 a       660     1    13     2    15
      0.9139364966 a       661     1    14     2     1
      0.5308561331 a       662     1    14     2     2
      0.0984206204 a       663     1    14     2     3
      0.1546013360 a       664     1    14     2     4
      0.3850152498 a       665     1    14     2     5
      0.9509136685 a       666     1    14     2     6
      0.0066384081 a       667     1    14     2     7
     -0.4283520577 a       668     1    14     2     8
      0.6870919473 a       669     1    14     2     9
     -0.0447167750 a       670     1    14     2    10
      0.4456325775 a       671     1    14     2    11
     -0.2525636551 a       672     1    14     2    12
     -0.8371152728 a       673     1    14     2    13
      0.6036412723 a       674     1    14     2    14
     -0.6007914542 a       675     1    14     2    15
      0.4979991919 a       676     1    15     2     1
     -0.1283943053 a       677     1    15     2     2
      0.0769108538 a       678     1    15     2     3
      0.6401578195 a       679     1    15     2     4
     -0.8680745363 a       680     1    15     2     5
      0.2713003164 a       681     1    15     2     6
     -0.2550492284 a       682     1    15     2     7
     -0.6127403973 a       683     1    15     2     8
     -0.3280604479 a       684     1    15     2     9
      0.2879745966 a       685     1    15     2    10
     -0.0107823606 a       686     1    15     2    11
      0.7806780346 a       687     1    15     2    12
      0.8562920101 a       688     1    15     2    13
     -0.3004503843 a       689     1    15     2    14
      0.3307669168 a       690     1    15     2    15
     -0.8009599446 b       691     2     1
      0.2662261730 b       692     2     2
      0.4640258557 b       693     2     3
      0.8834496744 b       694     2     4
      0.1396346097 b       695     2     5
      0.8393557079 b       696     2     6
     -0.9487091377 b       697     2     7
     -0.9544932097 b       698     2     8
     -0.1673753854 b       699     2     9
      0.9216163166 b       700     2    10
     -0.3952220080 b       701     2    11
     -0.4965693353 b       702     2    12
      0.1596211200 b       703     2    13
      0.7523210056 b       704     2    14
      0.2594869142 b       705     2    15
     -0.8039484470 a       706     2     1     3     1
      0.0384666924 a       707     2     2     3     1
      0.5087921626 a       708     2     3     3     1
     -0.7291206716 a       709     2     4     3     1
     -0.3310183880 a       710     2     5     3     1
      0.5737813718 a       711     2     6     3     1
     -0.4563580749 a       712     2     7     3     1
     -0.0106499191 a       713     2     8     3     1
     -0.9927042248 a       714     2     9     3     1
     -0.3799057004 a       715     2    10     3     1
      0.9249247320 a       716     2    11     3     1
     -0.7894006371 a       717     2    12     3     1
      0.5436183221 a       718     2    13     3     1
      0.5926549441 a       719     2    14     3     1
      0.7514281280 a       720     2    15     3     1
     -0.7468717991 b       721     3     1
