     -0.4526400652 a         1     0     1     1     1
     -0.1482648615 a         2     0     1     1     2
      0.4721129489 a         3     0     1     1     3
      0.3654586851 a         4     0     1     1     4
     -0.3320156256 a         5     0     1     1     5
      0.3934426500 a         6     0     1     1     6
      0.4255359149 a         7     0     1     1     7
     -0.2063183893 a         8     0     1     1     8
      0.1314758900 a         9     0     1     1     9
      0.0223628708 a        10     0     1     1    10
      0.3971395646 a        11     0     1     1    11
     -0.2333159411 a        12     0     1     1    12
      0.1033604399 a        13     0     1     1    13
      0.3971878681 a        14     0     1     1    14
     -0.3475140848 a        15     0     1     1    15
     -0.2833999713 a        16     0     1     1    16
     -0.4388673144 a        17     0     1     1    17
     -0.4333959358 a        18     0     1     1    18
      0.2956039343 a        19     0     1     1    19
     -0.0641725902 a        20     0     1     1    20
      0.0384895144 a        21     0     2     1     1
      0.4836582734 a        22     0     2     1     2
     -0.2283991396 a        23     0     2     1     3
      0.4540362731 a        24     0     2     1     4
     -0.1719330846 a        25     0     2     1     5
     -0.4206600429 a        26     0     2     1     6
      0.1635125245 a        27     0     2     1     7
     -0.2632938454 a        28     0     2     1     8
     -0.3243512005 a        29     0     2     1     9
     -0.4925548366 a        30     0     2     1    10
      0.0561761808 a        31     0     2     1    11
     -0.1195303980 a        32     0     2     1    12
     -0.5311991959 a        33     0     2     1    13
     -0.3324317649 a        34     0     2     1    14
      0.4313638107 a        35     0     2     1    15
     -0.1653485040 a        36     0     2     1    16
     -0.0426836130 a        37     0     2     1    17
      0.4114784712 a        38     0     2     1    18
     -0.1767755212 a        39     0     2     1    19
      0.0661779045 a        40     0     2     1    20
      0.2055840118 a        41     0     3     1     1
      0.0142947293 a        42     0     3     1     2
     -0.3682615642 a        43     0     3     1     3
     -0.3046087480 a        44     0     3     1     4
      0.0955739223 a        45     0     3     1     5
      0.0902697645 a        46     0     3     1     6
     -0.4151299057 a        47     0     3     1     7
     -0.2601251174 a        48     0     3     1     8
      0.1956203444 a        49     0     3     1     9
     -0.2530851800 a        50     0     3     1    10
     -0.0605617099 a        51     0     3     1    11
      0.0098222826 a        52     0     3     1    12
     -0.2537126872 a        53     0     3     1    13
      0.2991129244 a        54     0     3     1    14
      0.0726985203 a        55     0     3     1    15
     -0.3691221775 a        56     0     3     1    16
     -0.4578337584 a        57     0     3     1    17
     -0.3411772871 a        58     0     3     1    18
      0.3064236835 a        59     0     3     1    19
      0.4023893282 a        60     0     3     1    20
      0.0684954871 a        61     0     4     1     1
     -0.1555995340 a        62     0     4     1     2
      0.1902609522 a        63     0     4     1     3
      0.2345682374 a        64     0     4     1     4
     -0.4241484868 a        65     0     4     1     5
     -0.3519131883 a        66     0     4     1     6
      0.1110980652 a        67     0     4     1     7
     -0.0408068937 a        68     0     4     1     8
      0.4412698676 a        69     0     4     1     9
      0.2251497412 a        70     0     4     1    10
     -0.2899824289 a        71     0     4     1    11
      0.2786643374 a        72     0     4     1    12
      0.2078934689 a        73     0     4     1    13
      0.2134250730 a        74     0     4     1    14
      0.4030484334 a        75     0     4     1    15
     -0.0713745678 a        76     0     4     1    16
     -0.3119709114 a        77     0     4     1    17
     -0.0128331646 a        78     0     4     1    18
      0.4333683600 a        79     0     4     1    19
     -0.2401761213 a        80     0     4     1    20
      0.2422153262 a        81     0     5     1     1
     -0.3848040030 a        82     0     5     1     2
      0.4521484433 a        83     0     5     1     3
      0.2313358946 a        84     0     5     1     4
      0.4494801478 a        85     0     5     1     5
     -0.2472516551 a        86     0     5     1     6
      0.1279774184 a        87     0     5     1     7
     -0.4002415456 a        88     0     5     1     8
     -0.1948980410 a        89     0     5     1     9
      0.4736692223 a        90     0     5     1    10
      0.2418105541 a        91     0     5     1    11
      0.2754876847 a        92     0     5     1    12
      0.2125995958 a        93     0     5     1    13
     -0.0765385095 a        94     0     5     1    14
      0.1858290215 a        95     0     5     1    15
     -0.5778871200 a        96     0     5     1    16
      0.2630322449 a        97     0     5     1    17
      0.3136558369 a        98     0     5     1    18
      0.2947396966 a        99     0     5     1    19
      0.2048040724 a       100     0     5     1    20
     -0.3739220499 a       101     0     6     1     1
     -0.1997470709 a       102     0     6     1     2
      0.2867842003 a       103     0     6     1     3
     -0.3266957236 a       104     0     6     1     4
     -0.1969539867 a       105     0     6     1     5
     -0.1241564339 a       106     0     6     1     6
      0.3827513115 a       107     0     6     1     7
     -0.3299111872 a       108     0     6     1     8
      0.4216117697 a       109     0     6     1     9
      0.2287729711 a       110     0     6     1    10
      0.2704434070 a       111     0     6     1    11
      0.1703967650 a       112     0     6     1    12
      0.0634990989 a       113     0     6     1    13
      0.2001241350 a       114     0     6     1    14
     -0.2714423867 a       115     0     6     1    15
     -0.1864326958 a       116     0     6     1    16
      0.4323140081 a       117     0     6     1    17
     -0.2306375442 a       118     0     6     1    18
      0.4469398634 a       119     0     6     1    19
      0.1439353230 a       120     0     6     1    20
      0.1567338398 a       121     0     7     1     1
      0.4124308704 a       122     0     7     1     2
     -0.4598639364 a       123     0     7     1     3
     -0.3871732241 a       124     0     7     1     4
      0.3672500936 a       125     0     7     1     5
      0.0572686026 a       126     0     7     1     6
     -0.3808073300 a       127     0     7     1     7
      0.1638576235 a       128     0     7     1     8
      0.3840562199 a       129     0     7     1     9
     -0.2022948862 a       130     0     7     1    10
     -0.0565864919 a       131     0     7     1    11
     -0.2333830274 a       132     0     7     1    12
     -0.0140177438 a       133     0     7     1    13
      0.4095399951 a       134     0     7     1    14
     -0.0853343862 a       135     0     7     1    15
     -0.5853256688 a       136     0     7     1    16
     -0.1824482915 a       137     0     7     1    17
      0.3835514468 a       138     0     7     1    18
     -0.3276634117 a       139     0     7     1    19
     -0.4784609054 a       140     0     7     1    20
     -0.2791739473 a       141     0     8     1     1
     -0.1658075975 a       142     0     8     1     2
      0.3501409384 a       143     0     8     1     3
      0.0233207777 a       144     0     8     1     4
      0.3108852765 a       145     0     8     1     5
      0.3316221986 a       146     0     8     1     6
     -0.1571430083 a       147     0     8     1     7
      0.4483866122 a       148     0     8     1     8
      0.0090037327 a       149     0     8     1     9
      0.1645742214 a       150     0     8     1    10
     -0.2022749691 a       151     0     8     1    11
      0.0656072329 a       152     0     8     1    12
     -0.1652417788 a       153     0     8     1    13
      0.2779951816 a       154     0     8     1    14
     -0.0986157388 a       155     0     8     1    15
      0.4206384623 a       156     0     8     1    16
      0.2473795949 a       157     0     8     1    17
     -0.1668909076 a       158     0     8     1    18
      0.0577515705 a       159     0     8     1    19
     -0.3459909359 a       160     0     8     1    20
      0.1098328074 a       161     0     9     1     1
     -0.0462899744 a       162     0     9     1     2
      0.1412765772 a       163     0     9     1     3
      0.4324424697 a       164     0     9     1     4
     -0.0881497158 a       165     0     9     1     5
      0.2451362600 a       166     0     9     1     6
      0.2967289878 a       167     0     9     1     7
      0.3284030045 a       168     0     9     1     8
      0.0142645423 a       169     0     9     1     9
      0.4512924067 a       170     0     9     1    10
     -0.4898078492 a       171     0     9     1    11
      0.3817059447 a       172     0     9     1    12
     -0.2813246002 a       173     0     9     1    13
      0.4514938740 a       174     0     9     1    14
      0.0735428711 a       175     0     9     1    15
      0.0874270171 a       176     0     9     1    16
     -0.4557904123 a       177     0     9     1    17
     -0.0342764775 a       178     0     9     1    18
     -0.3366598509 a       179     0     9     1    19
      0.0882281318 a       180     0     9     1    20
     -0.2539944017 a       181     0    10     1     1
     -0.0479283830 a       182     0    10     1     2
      0.1573693994 a       183     0    10     1     3
     -0.2494052616 a       184     0    10     1     4
     -0.2999440779 a       185     0    10     1     5
     -0.3664581024 a       186     0    10     1     6
     -0.2004596836 a       187     0    10     1     7
     -0.2311509770 a       188     0    10     1     8
      0.3013370038 a       189     0    10     1     9
      0.2556311443 a       190     0    10     1    10
      0.1281720387 a       191     0    10     1    11
     -0.4629910112 a       192     0    10     1    12
     -0.2698381319 a       193     0    10     1    13
     -0.3992675112 a       194     0    10     1    14
      0.4734216571 a       195     0    10     1    15
     -0.2888137470 a       196     0    10     1    16
     -0.0583828836 a       197     0    10     1    17
      0.1894604108 a       198     0    10     1    18
     -0.2068877164 a       199     0    10     1    19
     -0.3070156084 a       200     0    10     1    20
     -0.3082714779 a       201     0    11     1     1
      0.0529057772 a       202     0    11     1     2
     -0.2412403908 a       203     0    11     1     3
     -0.4245329724 a       204     0    11     1     4
     -0.1587358231 a       205     0    11     1     5
      0.2449089447 a       206     0    11     1     6
      0.1598032213 a       207     0    11     1     7
      0.2622171100 a       208     0    11     1     8
     -0.1946658753 a       209     0    11     1     9
      0.3344892093 a       210     0    11     1    10
      0.4043125301 a       211     0    11     1    11
      0.2156985059 a       212     0    11     1    12
     -0.5250868066 a       213     0    11     1    13
      0.1420175904 a       214     0    11     1    14
      0.0435740307 a       215     0    11     1    15
     -0.0400219038 a       216     0    11     1    16
     -0.3729142760 a       217     0    11     1    17
     -0.4914995287 a       218     0    11     1    18
     -0.0496611443 a       219     0    11     1    19
      0.2677742561 a       220     0    11     1    20
      0.1102744383 a       221     0    12     1     1
     -0.4564192269 a       222     0    12     1     2
      0.0727525061 a       223     0    12     1     3
     -0.4151613353 a       224     0    12     1     4
     -0.4159731474 a       225     0    12     1     5
      0.4230071339 a       226     0    12     1     6
     -0.3104803564 a       227     0    12     1     7
      0.1287692223 a       228     0    12     1     8
     -0.1986754332 a       229     0    12     1     9
      0.0118584344 a       230     0    12     1    10
      0.3083621193 a       231     0    12     1    11
      0.3498119006 a       232     0    12     1    12
     -0.3205009724 a       233     0    12     1    13
      0.3861785072 a       234     0    12     1    14
     -0.1833891065 a       235     0    12     1    15
      0.1677464431 a       236     0    12     1    16
      0.0962451573 a       237     0    12     1    17
      0.4415596013 a       238     0    12     1    18
      0.4727390018 a       239     0    12     1    19
      0.0291717174 a       240     0    12     1    20
      0.2181142279 a       241     0    13     1     1
     -0.3488128789 a       242     0    13     1     2
      0.0501781006 a       243     0    13     1     3
     -0.1777290121 a       244     0    13     1     4
     -0.1515345266 a       245     0    13     1     5
     -0.4168531012 a       246     0    13     1     6
     -0.3828597331 a       247     0    13     1     7
      0.3738722587 a       248     0    13     1     8
      0.4001429196 a       249     0    13     1     9
     -0.1875120790 a       250     0    13     1    10
     -0.1642196068 a       251     0    13     1    11
      0.3642863669 a       252     0    13     1    12
     -0.4267396004 a       253     0    13     1    13
      0.3315726303 a       254     0    13     1    14
      0.0276361058 a       255     0    13     1    15
     -0.0363903564 a       256     0    13     1    16
     -0.3489944460 a       257     0    13     1    17
     -0.2391223706 a       258     0    13     1    18
      0.2749920589 a       259     0    13     1    19
      0.4419649578 a       260     0    13     1    20
     -0.0441869723 a       261     0    14     1     1
      0.2273980891 a       262     0    14     1     2
      0.0835253033 a       263     0    14     1     3
     -0.1206037202 a       264     0    14     1     4
      0.1820269192 a       265     0    14     1     5
      0.0761167421 a       266     0    14     1     6
      0.3379593965 a       267     0    14     1     7
     -0.4243639055 a       268     0    14     1     8
     -0.4808099628 a       269     0    14     1     9
      0.0774081090 a       270     0    14     1    10
     -0.3031454132 a       271     0    14     1    11
     -0.2731665736 a       272     0    14     1    12
     -0.2248279457 a       273     0    14     1    13
      0.0302752163 a       274     0    14     1    14
      0.1089024967 a       275     0    14     1    15
      0.0593736327 a       276     0    14     1    16
      0.0147691037 a       277     0    14     1    17
      0.4496176745 a       278     0    14     1    18
      0.4497953212 a       279     0    14     1    19
     -0.1544776739 a       280     0    14     1    20
     -0.2195884154 a       281     0    15     1     1
      0.2587615850 a       282     0    15     1     2
      0.3339737596 a       283     0    15     1     3
      0.4723795353 a       284     0    15     1     4
      0.3027569353 a       285     0    15     1     5
      0.2741529171 a       286     0    15     1     6
     -0.3917937043 a       287     0    15     1     7
      0.1823647186 a       288     0    15     1     8
      0.3742871290 a       289     0    15     1     9
     -0.2023611610 a       290     0    15     1    10
     -0.1596521825 a       291     0    15     1    11
      0.3309838939 a       292     0    15     1    12
     -0.5289279668 a       293     0    15     1    13
      0.2541048972 a       294     0    15     1    14
      0.2488368966 a       295     0    15     1    15
     -0.4635872025 a       296     0    15     1    16
      0.0019009113 a       297     0    15     1    17
     -0.3728737206 a       298     0    15     1    18
      0.4871769103 a       299     0    15     1    19
      0.1106322265 a       300     0    15     1    20
      0.4516666948 a       301     0    16     1     1
     -0.4652286732 a       302     0    16     1     2
      0.4121449547 a       303     0    16     1     3
     -0.2703702113 a       304     0    16     1     4
      0.4512602024 a       305     0    16     1     5
     -0.1131119009 a       306     0    16     1     6
     -0.1702699954 a       307     0    16     1     7
      0.0910064308 a       308     0    16     1     8
     -0.2448008935 a       309     0    16     1     9
     -0.2686801889 a       310     0    16     1    10
      0.5255239718 a       311     0    16     1    11
     -0.4144820064 a       312     0    16     1    12
     -0.2823998960 a       313     0    16     1    13
     -0.3915812267 a       314     0    16     1    14
     -0.5171037699 a       315     0    16     1    15
     -0.3461517358 a       316     0    16     1    16
     -0.0314113637 a       317     0    16     1    17
      0.1808044483 a       318     0    16     1    18
     -0.2162869906 a       319     0    16     1    19
      0.4203325919 a       320     0    16     1    20
     -0.5405751174 a       321     0    17     1     1
     -0.1430354704 a       322     0    17     1     2
      0.3706858419 a       323     0    17     1     3
     -0.1236816974 a       324     0    17     1     4
     -0.2624166149 a       325     0    17     1     5
     -0.4215008546 a       326     0    17     1     6
     -0.1741120753 a       327     0    17     1     7
      0.1891891530 a       328     0    17     1     8
      0.3146086236 a       329     0    17     1     9
      0.0390080258 a       330     0    17     1    10
     -0.0549351624 a       331     0    17     1    11
      0.4356600647 a       332     0    17     1    12
     -0.1425802919 a       333     0    17     1    13
     -0.1405177993 a       334     0    17     1    14
      0.3937347863 a       335     0    17     1    15
     -0.2101650300 a       336     0    17     1    16
      0.4514041687 a       337     0    17     1    17
     -0.0275325834 a       338     0    17     1    18
      0.4377349783 a       339     0    17     1    19
      0.1832962831 a       340     0    17     1    20
      0.4067829996 a       341     0    18     1     1
      0.3707712501 a       342     0    18     1     2
      0.1006850440 a       343     0    18     1     3
      0.0835360318 a       344     0    18     1     4
      0.2432210496 a       345     0    18     1     5
      0.2327628486 a       346     0    18     1     6
     -0.3267395139 a       347     0    18     1     7
     -0.4399319563 a       348     0    18     1     8
      0.4461052415 a       349     0    18     1     9
      0.3977453279 a       350     0    18     1    10
     -0.2947250597 a       351     0    18     1    11
     -0.4322623307 a       352     0    18     1    12
     -0.3013110671 a       353     0    18     1    13
     -0.4195913518 a       354     0    18     1    14
     -0.2052321560 a       355     0    18     1    15
     -0.3487230535 a       356     0    18     1    16
     -0.4191421507 a       357     0    18     1    17
      0.3018511876 a       358     0    18     1    18
      0.0777526184 a       359     0    18     1    19
     -0.3420281648 a       360     0    18     1    20
     -0.2594581519 a       361     0    19     1     1
      0.1320649770 a       362     0    19     1     2
     -0.2852108846 a       363     0    19     1     3
     -0.3489434852 a       364     0    19     1     4
     -0.2407231425 a       365     0    19     1     5
      0.0013649286 a       366     0    19     1     6
     -0.0863304214 a       367     0    19     1     7
      0.1037130086 a       368     0    19     1     8
      0.4081217829 a       369     0    19     1     9
     -0.2457808065 a       370     0    19     1    10
     -0.0018942619 a       371     0    19     1    11
     -0.4348795900 a       372     0    19     1    12
     -0.1312770910 a       373     0    19     1    13
      0.1950164238 a       374     0    19     1    14
     -0.4733259204 a       375     0    19     1    15
     -0.4575318484 a       376     0    19     1    16
      0.4119033207 a       377     0    19     1    17
     -0.4500217714 a       378     0    19     1    18
     -0.1790454790 a       379     0    19     1    19
      0.3620965474 a       380     0    19     1    20
     -0.0657386730 a       381     0    20     1     1
      0.4684203109 a       382     0    20     1     2
      0.1913192096 a       383     0    20     1     3
     -0.0482809432 a       384     0    20     1     4
      0.3610009298 a       385     0    20     1     5
      0.0292082588 a       386     0    20     1     6
     -0.1976918015 a       387     0    20     1     7
      0.4068361525 a       388     0    20     1     8
      0.3884374406 a       389     0    20     1     9
      0.3627964195 a       390     0    20     1    10
     -0.3587832229 a       391     0    20     1    11
      0.2472457130 a       392     0    20     1    12
     -0.0900387189 a       393     0    20     1    13
     -0.1718448740 a       394     0    20     1    14
      0.0427016792 a       395     0    20     1    15
      0.2318319918 a       396     0    20     1    16
      0.0255885683 a       397     0    20     1    17
     -0.3620996117 a       398     0    20     1    18
      0.2890233531 a       399     0    20     1    19
     -0.2618325026 a       400     0    20     1    20
      0.4115411277 a       401     0    21     1     1
     -0.4123240251 a       402     0    21     1     2
      0.1502078379 a       403     0    21     1     3
     -0.1077357125 a       404     0    21     1     4
      0.3978576501 a       405     0    21     1     5
     -0.1954248299 a       406     0    21     1     6
      0.4183634569 a       407     0    21     1     7
      0.2198699709 a       408     0    21     1     8
      0.1692935709 a       409     0    21     1     9
     -0.2216249753 a       410     0    21     1    10
     -0.0729644269 a       411     0    21     1    11
      0.3005155180 a       412     0    21     1    12
     -0.1862765829 a       413     0    21     1    13
     -0.1417559807 a       414     0    21     1    14
     -0.2978986169 a       415     0    21     1    15
      0.1680849807 a       416     0    21     1    16
     -0.2119283479 a       417     0    21     1    17
     -0.2762870386 a       418     0    21     1    18
      0.2546337966 a       419     0    21     1    19
      0.4192719617 a       420     0    21     1    20
      0.4392701582 a       421     0    22     1     1
     -0.1001668370 a       422     0    22     1     2
     -0.0077770395 a       423     0    22     1     3
     -0.1599845403 a       424     0    22     1     4
      0.1855959055 a       425     0    22     1     5
     -0.2790787097 a       426     0    22     1     6
     -0.3725818212 a       427     0    22     1     7
     -0.3713914033 a       428     0    22     1     8
     -0.0738447796 a       429     0    22     1     9
      0.4513903788 a       430     0    22     1    10
      0.2163193658 a       431     0    22     1    11
      0.1843395929 a       432     0    22     1    12
      0.2975333197 a       433     0    22     1    13
     -0.4441708114 a       434     0    22     1    14
     -0.5599040176 a       435     0    22     1    15
     -0.0397305812 a       436     0    22     1    16
     -0.3477210669 a       437     0    22     1    17
      0.0107781675 a       438     0    22     1    18
     -0.1282025820 a       439     0    22     1    19
      0.2055644793 a       440     0    22     1    20
     -0.3816612606 a       441     0    23     1     1
     -0.1046086845 a       442     0    23     1     2
     -0.4284803835 a       443     0    23     1     3
     -0.1397490897 a       444     0    23     1     4
     -0.0255191932 a       445     0    23     1     5
      0.3110983484 a       446     0    23     1     6
      0.4394627536 a       447     0    23     1     7
     -0.4983850548 a       448     0    23     1     8
     -0.0649163120 a       449     0    23     1     9
      0.3328132496 a       450     0    23     1    10
     -0.1146458259 a       451     0    23     1    11
     -0.3651761674 a       452     0    23     1    12
     -0.2331500433 a       453     0    23     1    13
     -0.1862575708 a       454     0    23     1    14
      0.1914847294 a       455     0    23     1    15
      0.2648947609 a       456     0    23     1    16
     -0.4219560217 a       457     0    23     1    17
      0.0659995979 a       458     0    23     1    18
     -0.3802086663 a       459     0    23     1    19
     -0.3703066717 a       460     0    23     1    20
     -0.1909046997 a       461     0    24     1     1
     -0.1665300173 a       462     0    24     1     2
     -0.1051986614 a       463     0    24     1     3
      0.3580417516 a       464     0    24     1     4
      0.2619142401 a       465     0    24     1     5
      0.3785581832 a       466     0    24     1     6
     -0.0502059311 a       467     0    24     1     7
     -0.2044787884 a       468     0    24     1     8
      0.0358834575 a       469     0    24     1     9
      0.3812170317 a       470     0    24     1    10
      0.3037764823 a       471     0    24     1    11
      0.0947316090 a       472     0    24     1    12
     -0.4833856777 a       473     0    24     1    13
     -0.3629933538 a       474     0    24     1    14
     -0.0136693856 a       475     0    24     1    15
      0.1651528625 a       476     0    24     1    16
      0.3439632325 a       477     0    24     1    17
      0.3800294768 a       478     0    24     1    18
      0.2010487681 a       479     0    24     1    19
     -0.1822612129 a       480     0    24     1    20
      0.3343384629 a       481     0    25     1     1
      0.3734452000 a       482     0    25     1     2
      0.4681949294 a       483     0    25     1     3
     -0.2168170648 a       484     0    25     1     4
     -0.0679159285 a       485     0    25     1     5
      0.2600238404 a       486     0    25     1     6
     -0.1478168205 a       487     0    25     1     7
     -0.3437148256 a       488     0    25     1     8
     -0.0855883457 a       489     0    25     1     9
      0.2867004475 a       490     0    25     1    10
      0.4850042536 a       491     0    25     1    11
      0.0084215034 a       492     0    25     1    12
     -0.1861727505 a       493     0    25     1    13
      0.3600793774 a       494     0    25     1    14
     -0.1668034401 a       495     0    25     1    15
     -0.4834167857 a       496     0    25     1    16
     -0.1546278894 a       497     0    25     1    17
     -0.1297940550 a       498     0    25     1    18
      0.0716550638 a       499     0    25     1    19
     -0.2675914805 a       500     0    25     1    20
      0.0248870211 a       501     0    26     1     1
     -0.2857024595 a       502     0    26     1     2
     -0.4318568264 a       503     0    26     1     3
      0.3514831284 a       504     0    26     1     4
     -0.4271352586 a       505     0    26     1     5
     -0.4246456100 a       506     0    26     1     6
      0.4153590277 a       507     0    26     1     7
      0.3595083456 a       508     0    26     1     8
     -0.2111599465 a       509     0    26     1     9
      0.4534645343 a       510     0    26     1    10
      0.4810552134 a       511     0    26     1    11
     -0.3679952261 a       512     0    26     1    12
     -0.4034780855 a       513     0    26     1    13
     -0.1911569276 a       514     0    26     1    14
     -0.2361994781 a       515     0    26     1    15
      0.1181795982 a       516     0    26     1    16
      0.1799959664 a       517     0    26     1    17
     -0.1067530039 a       518     0    26     1    18
     -0.2058956551 a       519     0    26     1    19
     -0.4211678242 a       520     0    26     1    20
      0.2480349755 a       521     0    27     1     1
     -0.2222048393 a       522     0    27     1     2
      0.2393362835 a       523     0    27     1     3
     -0.4098208489 a       524     0    27     1     4
     -0.4479088992 a       525     0    27     1     5
     -0.2779244555 a       526     0    27     1     6
     -0.3392654066 a       527     0    27     1     7
      0.0142878584 a       528     0    27     1     8
      0.2882886213 a       529     0    27     1     9
      0.1882235360 a       530     0    27     1    10
      0.2810439709 a       531     0    27     1    11
     -0.1402274182 a       532     0    27     1    12
     -0.2876275929 a       533     0    27     1    13
      0.1557505194 a       534     0    27     1    14
      0.5151618447 a       535     0    27     1    15
     -0.0367216158 a       536     0    27     1    16
      0.0640328205 a       537     0    27     1    17
     -0.0911399110 a       538     0    27     1    18
      0.2424912888 a       539     0    27     1    19
      0.3611428489 a       540     0    27     1    20
     -0.3743477897 a       541     0    28     1     1
      0.4532786075 a       542     0    28     1     2
      0.1230775333 a       543     0    28     1     3
     -0.1244200135 a       544     0    28     1     4
      0.1147203788 a       545     0    28     1     5
      0.3990717279 a       546     0    28     1     6
      0.0808761222 a       547     0    28     1     7
      0.1086317509 a       548     0    28     1     8
      0.3988481396 a       549     0    28     1     9
      0.0762303363 a       550     0    28     1    10
     -0.3822101762 a       551     0    28     1    11
      0.2262356474 a       552     0    28     1    12
      0.0053890860 a       553     0    28     1    13
     -0.1856580629 a       554     0    28     1    14
      0.0987708672 a       555     0    28     1    15
     -0.1577336187 a       556     0    28     1    16
     -0.1444615643 a       557     0    28     1    17
      0.1882311952 a       558     0    28     1    18
     -0.0032427746 a       559     0    28     1    19
     -0.2957846910 a       560     0    28     1    20
     -1.4787214879 b       561     1     1
     -1.3251375325 b       562     1     2
     -0.2494188313 b       563     1     3
     -0.5419886864 b       564     1     4
     -0.7355802407 b       565     1     5
     -1.0826753837 b       566     1     6
     -1.1582865295 b       567     1     7
     -0.4819161350 b       568     1     8
     -0.7400429369 b       569     1     9
     -1.1705686394 b       570     1    10
     -1.3316881279 b       571     1    11
     -1.2173054696 b       572     1    12
      1.4754844321 b       573     1    13
     -0.1160957842 b       574     1    14
     -0.5074361852 b       575     1    15
      0.3441597536 b       576     1    16
      0.5433196860 b       577     1    17
      0.9641584245 b       578     1    18
      0.2983987523 b       579     1    19
      1.1598940320 b       580     1    20
     -0.2353580763 a       581     1     1     2     1
     -0.3751623830 a       582     1     1     2     2
      0.2543929438 a       583     1     1     2     3
     -0.5391452458 a       584     1     1     2     4
      0.6015400990 a       585     1     1     2     5
     -0.2744642159 a       586     1     1     2     6
     -0.5797792969 a       587     1     1     2     7
      0.2645689989 a       588     1     1     2     8
      0.1290947921 a       589     1     1     2     9
      0.0124526835 a       590     1     1     2    10
      0.5479560739 a       591     1     1     2    11
     -0.4345288218 a       592     1     1     2    12
      0.2265723948 a       593     1     1     2    13
      0.3180721224 a       594     1     1     2    14
     -0.3378869676 a       595     1     1     2    15
     -0.3595550813 a       596     1     1     2    16
      0.5258775745 a       597     1     1     2    17
     -0.4102490451 a       598     1     1     2    18
      0.4533168143 a       599     1     1     2    19
      0.1716703316 a       600     1     1     2    20
      0.4991152955 a       601     1     2     2     1
      0.0014554321 a       602     1     2     2     2
     -0.2912704561 a       603     1     2     2     3
     -0.0189527506 a       604     1     2     2     4
     -0.2343622915 a       605     1     2     2     5
      0.4111035059 a       606     1     2     2     6
     -0.5201241687 a       607     1     2     2     7
     -0.4577019078 a       608     1     2     2     8
     -0.4741567031 a       609     1     2     2     9
      0.5846348235 a       610     1     2     2    10
     -0.0212931660 a       611     1     2     2    11
     -0.5471582820 a       612     1     2     2    12
     -0.3662845269 a       613     1     2     2    13
      0.2395461923 a       614     1     2     2    14
     -0.4227684516 a       615     1     2     2    15
     -0.0789418759 a       616     1     2     2    16
      0.3940604651 a       617     1     2     2    17
     -0.0371764262 a       618     1     2     2    18
     -0.1521071183 a       619     1     2     2    19
      0.3997991688 a       620     1     2     2    20
      0.3674024778 a       621     1     3     2     1
      0.6059070581 a       622     1     3     2     2
     -0.1821139194 a       623     1     3     2     3
      0.4945475016 a       624     1     3     2     4
     -0.5791229678 a       625     1     3     2     5
      0.2271630107 a       626     1     3     2     6
      0.5366815859 a       627     1     3     2     7
      0.0293628718 a       628     1     3     2     8
      0.5129690123 a       629     1     3     2     9
      0.5834854809 a       630     1     3     2    10
      0.5765491770 a       631     1     3     2    11
      0.1169779109 a       632     1     3     2    12
      0.2500340886 a       633     1     3     2    13
      0.3810864783 a       634     1     3     2    14
     -0.0369586952 a       635     1     3     2    15
     -0.1875538185 a       636     1     3     2    16
     -0.4526379519 a       637     1     3     2    17
      0.5624220547 a       638     1     3     2    18
     -0.5026314361 a       639     1     3     2    19
     -0.0318586228 a       640     1     3     2    20
     -0.1875413844 a       641     1     4     2     1
     -0.0390114684 a       642     1     4     2     2
     -0.3373839382 a       643     1     4     2     3
     -0.3830540364 a       644     1     4     2     4
     -0.1947892601 a       645     1     4     2     5
     -0.0458109041 a       646     1     4     2     6
     -0.1074161103 a       647     1     4     2     7
      0.1135476737 a       648     1     4     2     8
     -0.4575965442 a       649     1     4     2     9
      0.4916927699 a       650     1     4     2    10
      0.1997447130 a       651     1     4     2    11
     -0.3926154565 a       652     1     4     2    12
     -0.3237794808 a       653     1     4     2    13
     -0.2578194014 a       654     1     4     2    14
      0.1792908686 a       655     1     4     2    15
     -0.4930551256 a       656     1     4     2    16
     -0.2566300998 a       657     1     4     2    17
      0.2334622707 a       658     1     4     2    18
      0.2705835950 a       659     1     4     2    19
      0.0749744435 a       660     1     4     2    20
     -0.2441792852 a       661     1     5     2     1
      0.2998728711 a       662     1     5     2     2
     -0.1750404867 a       663     1     5     2     3
     -0.2866945355 a       664     1     5     2     4
      0.0674982196 a       665     1     5     2     5
      0.3366313736 a       666     1     5     2     6
     -0.5235109035 a       667     1     5     2     7
     -0.4269435607 a       668     1     5     2     8
      0.1595969271 a       669     1     5     2     9
      0.1662634750 a       670     1     5     2    10
      0.5065461398 a       671     1     5     2    11
     -0.3530595043 a       672     1     5     2    12
     -0.5622496776 a       673     1     5     2    13
      0.2466365595 a       674     1     5     2    14
     -0.4887141086 a       675     1     5     2    15
     -0.3267692058 a       676     1     5     2    16
      0.3352628407 a       677     1     5     2    17
     -0.4094368017 a       678     1     5     2    18
     -0.0788021499 a       679     1     5     2    19
      0.4485716257 a       680     1     5     2    20
      0.0671346698 a       681     1     6     2     1
     -0.6740793845 a       682     1     6     2     2
      0.4647364396 a       683     1     6     2     3
      0.1044034421 a       684     1     6     2     4
     -0.3678785312 a       685     1     6     2     5
     -0.3503294049 a       686     1     6     2     6
      0.1780846905 a       687     1     6     2     7
      0.1594727088 a       688     1     6     2     8
      0.2103903040 a       689     1     6     2     9
     -0.2633615686 a       690     1     6     2    10
     -0.5344209506 a       691     1     6     2    11
     -0.1757903519 a       692     1     6     2    12
     -0.5428853728 a       693     1     6     2    13
      0.3247528385 a       694     1     6     2    14
     -0.1683914219 a       695     1     6     2    15
      0.1352223544 a       696     1     6     2    16
     -0.0079805180 a       697     1     6     2    17
     -0.1406251752 a       698     1     6     2    18
     -0.3149990936 a       699     1     6     2    19
     -0.1846807634 a       700     1     6     2    20
      0.6043098373 a       701     1     7     2     1
      0.2988271680 a       702     1     7     2     2
     -0.2712959845 a       703     1     7     2     3
     -0.0354344069 a       704     1     7     2     4
     -0.4205943262 a       705     1     7     2     5
      0.3032267969 a       706     1     7     2     6
     -0.1485831941 a       707     1     7     2     7
      0.1172745454 a       708     1     7     2     8
      0.1503366935 a       709     1     7     2     9
      0.5303517011 a       710     1     7     2    10
     -0.1136508103 a       711     1     7     2    11
      0.6165940289 a       712     1     7     2    12
      0.1351171621 a       713     1     7     2    13
      0.5310212406 a       714     1     7     2    14
     -0.3275149030 a       715     1     7     2    15
      0.1020712571 a       716     1     7     2    16
     -0.3371208114 a       717     1     7     2    17
      0.0539863043 a       718     1     7     2    18
     -0.0681462567 a       719     1     7     2    19
      0.1238350430 a       720     1     7     2    20
     -0.0958021679 a       721     1     8     2     1
      0.4399362051 a       722     1     8     2     2
      0.5100419881 a       723     1     8     2     3
     -0.6375347783 a       724     1     8     2     4
     -0.0948082752 a       725     1     8     2     5
     -0.3279860852 a       726     1     8     2     6
      0.2224587887 a       727     1     8     2     7
     -0.5116232121 a       728     1     8     2     8
      0.4552950071 a       729     1     8     2     9
     -0.1891362849 a       730     1     8     2    10
      0.4254678087 a       731     1     8     2    11
     -0.2492314056 a       732     1     8     2    12
      0.3518785702 a       733     1     8     2    13
     -0.5890920742 a       734     1     8     2    14
      0.5650146440 a       735     1     8     2    15
     -0.6844381914 a       736     1     8     2    16
     -0.0015928108 a       737     1     8     2    17
      0.6338111069 a       738     1     8     2    18
     -0.2678331101 a       739     1     8     2    19
     -0.3157006915 a       740     1     8     2    20
     -0.2470261611 a       741     1     9     2     1
     -0.4420490820 a       742     1     9     2     2
      0.3216455111 a       743     1     9     2     3
      0.2941100088 a       744     1     9     2     4
     -0.6237266863 a       745     1     9     2     5
      0.1107556383 a       746     1     9     2     6
     -0.1749986444 a       747     1     9     2     7
     -0.4059829474 a       748     1     9     2     8
      0.4192967157 a       749     1     9     2     9
      0.0658811335 a       750     1     9     2    10
     -0.0427353894 a       751     1     9     2    11
      0.4980202212 a       752     1     9     2    12
     -0.1997326456 a       753     1     9     2    13
      0.4726711733 a       754     1     9     2    14
     -0.0153486871 a       755     1     9     2    15
      0.0984922813 a       756     1     9     2    16
      0.3337286215 a       757     1     9     2    17
     -0.2512604752 a       758     1     9     2    18
     -0.4587437806 a       759     1     9     2    19
      0.3786555243 a       760     1     9     2    20
     -0.3267713581 a       761     1    10     2     1
     -0.0486952056 a       762     1    10     2     2
     -0.0101770861 a       763     1    10     2     3
     -0.3488444192 a       764     1    10     2     4
     -0.4130165995 a       765     1    10     2     5
     -0.3558149549 a       766     1    10     2     6
     -0.0660138081 a       767     1    10     2     7
      0.4703581296 a       768     1    10     2     8
     -0.3295721675 a       769     1    10     2     9
      0.0433445840 a       770     1    10     2    10
      0.2410843842 a       771     1    10     2    11
     -0.3527604945 a       772     1    10     2    12
      0.3596180386 a       773     1    10     2    13
     -0.0591968664 a       774     1    10     2    14
      0.2023685072 a       775     1    10     2    15
     -0.3931743701 a       776     1    10     2    16
     -0.6646290867 a       777     1    10     2    17
      0.3133557460 a       778     1    10     2    18
      0.4729634732 a       779     1    10     2    19
      0.4306033485 a       780     1    10     2    20
     -0.5384836743 a       781     1    11     2     1
      0.2198504093 a       782     1    11     2     2
      0.4408761491 a       783     1    11     2     3
     -0.5302210316 a       784     1    11     2     4
      0.1104826578 a       785     1    11     2     5
     -0.4030903855 a       786     1    11     2     6
      0.4468573257 a       787     1    11     2     7
      0.1617193542 a       788     1    11     2     8
      0.4707014742 a       789     1    11     2     9
      0.4188465055 a       790     1    11     2    10
      0.0482556671 a       791     1    11     2    11
      0.2661612779 a       792     1    11     2    12
     -0.3277520202 a       793     1    11     2    13
     -0.3953938227 a       794     1    11     2    14
      0.4224065545 a       795     1    11     2    15
     -0.5081941704 a       796     1    11     2    16
     -0.2983613230 a       797     1    11     2    17
     -0.4378152160 a       798     1    11     2    18
     -0.4275328980 a       799     1    11     2    19
      0.3622153715 a       800     1    11     2    20
      0.0656787195 a       801     1    12     2     1
      0.4786934053 a       802     1    12     2     2
     -0.4577269458 a       803     1    12     2     3
     -0.5104901013 a       804     1    12     2     4
     -0.1539520105 a       805     1    12     2     5
     -0.3739666405 a       806     1    12     2     6
      0.4648433520 a       807     1    12     2     7
     -0.5227377779 a       808     1    12     2     8
      0.0025594852 a       809     1    12     2     9
     -0.0336073629 a       810     1    12     2    10
     -0.5998463724 a       811     1    12     2    11
      0.2965890777 a       812     1    12     2    12
     -0.3723223109 a       813     1    12     2    13
      0.3572447332 a       814     1    12     2    14
     -0.6789975731 a       815     1    12     2    15
      0.3328733970 a       816     1    12     2    16
      0.5518970571 a       817     1    12     2    17
      0.5664118883 a       818     1    12     2    18
      0.2777737443 a       819     1    12     2    19
      0.4270823813 a       820     1    12     2    20
     -0.3718341780 a       821     1    13     2     1
      0.0152037326 a       822     1    13     2     2
      0.6554828687 a       823     1    13     2     3
      0.1288755258 a       824     1    13     2     4
      0.0639264946 a       825     1    13     2     5
     -0.5275458139 a       826     1    13     2     6
      0.3589131215 a       827     1    13     2     7
      0.3648321259 a       828     1    13     2     8
      0.2563298920 a       829     1    13     2     9
     -0.2294389045 a       830     1    13     2    10
      0.3871875260 a       831     1    13     2    11
      0.4378534848 a       832     1    13     2    12
     -0.4221099195 a       833     1    13     2    13
     -0.3841772241 a       834     1    13     2    14
      0.0297162874 a       835     1    13     2    15
     -0.1036196901 a       836     1    13     2    16
     -0.2906112537 a       837     1    13     2    17
      0.0734303131 a       838     1    13     2    18
      0.4839458585 a       839     1    13     2    19
      0.4740573897 a       840     1    13     2    20
     -0.1671520945 a       841     1    14     2     1
      0.2503333560 a       842     1    14     2     2
      0.1886001927 a       843     1    14     2     3
     -0.1531973876 a       844     1    14     2     4
     -0.1924653972 a       845     1    14     2     5
     -0.2181704145 a       846     1    14     2     6
     -0.5492499700 a       847     1    14     2     7
     -0.4501955153 a       848     1    14     2     8
      0.1875672178 a       849     1    14     2     9
     -0.4669174148 a       850     1    14     2    10
     -0.1068836886 a       851     1    14     2    11
     -0.2946301728 a       852     1    14     2    12
     -0.0939115810 a       853     1    14     2    13
      0.0447847740 a       854     1    14     2    14
     -0.4742210387 a       855     1    14     2    15
      0.4053388894 a       856     1    14     2    16
      0.1349909273 a       857     1    14     2    17
     -0.2004171697 a       858     1    14     2    18
     -0.3876903895 a       859     1    14     2    19
     -0.2748678425 a       860     1    14     2    20
      0.1575285750 a       861     1    15     2     1
      0.2678855531 a       862     1    15     2     2
     -0.4080159098 a       863     1    15     2     3
     -0.1748393739 a       864     1    15     2     4
      0.1543501083 a       865     1    15     2     5
      0.4345597313 a       866     1    15     2     6
     -0.4736626193 a       867     1    15     2     7
      0.1078455098 a       868     1    15     2     8
     -0.4980794357 a       869     1    15     2     9
     -0.5402643020 a       870     1    15     2    10
      0.0944571347 a       871     1    15     2    11
     -0.5486882635 a       872     1    15     2    12
      0.5655630830 a       873     1    15     2    13
     -0.3534667712 a       874     1    15     2    14
      0.3898037487 a       875     1    15     2    15
     -0.6184775099 a       876     1    15     2    16
      0.5631654949 a       877     1    15     2    17
     -0.0057919592 a       878     1    15     2    18
      0.1044916534 a       879     1    15     2    19
      0.5159844370 a       880     1    15     2    20
     -0.3250025841 a       881     1    16     2     1
     -0.6726314907 a       882     1    16     2     2
      0.0814468551 a       883     1    16     2     3
     -0.1668019735 a       884     1    16     2     4
     -0.3156643061 a       885     1    16     2     5
     -0.3261766420 a       886     1    16     2     6
     -0.0938731551 a       887     1    16     2     7
     -0.0842928455 a       888     1    16     2     8
      0.3189181192 a       889     1    16     2     9
     -0.1973674764 a       890     1    16     2    10
     -0.0313298461 a       891     1    16     2    11
      0.1412842248 a       892     1    16     2    12
      0.1787756910 a       893     1    16     2    13
      0.3376300428 a       894     1    16     2    14
      0.3122555572 a       895     1    16     2    15
      0.0979138786 a       896     1    16     2    16
      0.5231047076 a       897     1    16     2    17
     -0.2851626520 a       898     1    16     2    18
     -0.4446421437 a       899     1    16     2    19
      0.4613140567 a       900     1    16     2    20
      0.5338779522 a       901     1    17     2     1
     -0.2124899477 a       902     1    17     2     2
     -0.5137751508 a       903     1    17     2     3
     -0.2167903377 a       904     1    17     2     4
     -0.5927986540 a       905     1    17     2     5
     -0.5378553796 a       906     1    17     2     6
      0.0665960260 a       907     1    17     2     7
     -0.3668536807 a       908     1    17     2     8
     -0.6521342222 a       909     1    17     2     9
     -0.4004650457 a       910     1    17     2    10
     -0.6551764585 a       911     1    17     2    11
     -0.2351712312 a       912     1    17     2    12
      0.3162186761 a       913     1    17     2    13
      0.1737013807 a       914     1    17     2    14
      0.2502828813 a       915     1    17     2    15
      0.4014676761 a       916     1    17     2    16
      0.0859375823 a       917     1    17     2    17
      0.2868819018 a       918     1    17     2    18
     -0.4115161388 a       919     1    17     2    19
      0.4928336341 a       920     1    17     2    20
     -0.1635692688 a       921     1    18     2     1
     -0.1334527494 a       922     1    18     2     2
     -0.2646255502 a       923     1    18     2     3
      0.5031710553 a       924     1    18     2     4
     -0.5735721499 a       925     1    18     2     5
     -0.4347231763 a       926     1    18     2     6
     -0.1315394940 a       927     1    18     2     7
      0.6243925829 a       928     1    18     2     8
      0.3122954536 a       929     1    18     2     9
      0.1167851006 a       930     1    18     2    10
      0.3375556770 a       931     1    18     2    11
     -0.3615150100 a       932     1    18     2    12
      0.2123887714 a       933     1    18     2    13
      0.4107901554 a       934     1    18     2    14
     -0.1377597361 a       935     1    18     2    15
      0.2481494109 a       936     1    18     2    16
     -0.1945723607 a       937     1    18     2    17
      0.1482880662 a       938     1    18     2    18
      0.4967702949 a       939     1    18     2    19
      0.5668814142 a       940     1    18     2    20
     -0.5481201449 a       941     1    19     2     1
      0.4213604123 a       942     1    19     2     2
     -0.0152604930 a       943     1    19     2     3
     -0.5367106459 a       944     1    19     2     4
      0.1117714554 a       945     1    19     2     5
      0.3214200264 a       946     1    19     2     6
      0.1050858094 a       947     1    19     2     7
     -0.5375345498 a       948     1    19     2     8
     -0.2335970064 a       949     1    19     2     9
      0.2959246012 a       950     1    19     2    10
     -0.2924507004 a       951     1    19     2    11
     -0.2509577513 a       952     1    19     2    12
     -0.5118508438 a       953     1    19     2    13
     -0.5447649239 a       954     1    19     2    14
     -0.6139159392 a       955     1    19     2    15
     -0.1445609180 a       956     1    19     2    16
     -0.0697501797 a       957     1    19     2    17
     -0.5129845772 a       958     1    19     2    18
      0.4056016960 a       959     1    19     2    19
      0.1831236759 a       960     1    19     2    20
     -0.6004113428 a       961     1    20     2     1
     -0.0720568019 a       962     1    20     2     2
      0.5363545069 a       963     1    20     2     3
     -0.1573710383 a       964     1    20     2     4
     -0.2751418091 a       965     1    20     2     5
      0.5167851861 a       966     1    20     2     6
     -0.4624143498 a       967     1    20     2     7
      0.1214856659 a       968     1    20     2     8
     -0.3112815742 a       969     1    20     2     9
     -0.5103979610 a       970     1    20     2    10
     -0.1156812200 a       971     1    20     2    11
     -0.1044606179 a       972     1    20     2    12
      0.4214434095 a       973     1    20     2    13
      0.2897188281 a       974     1    20     2    14
      0.1004667366 a       975     1    20     2    15
     -0.5317155314 a       976     1    20     2    16
      0.1599292027 a       977     1    20     2    17
      0.5863976864 a       978     1    20     2    18
     -0.2011212417 a       979     1    20     2    19
      0.2807314281 a       980     1    20     2    20
     -0.5388120387 b       981     2     1
     -1.0209863610 b       982     2     2
      0.1783336698 b       983     2     3
     -1.5506446477 b       984     2     4
      0.3329076135 b       985     2     5
      1.0768202702 b       986     2     6
      1.5558912165 b       987     2     7
      0.2203600252 b       988     2     8
     -0.9719850042 b       989     2     9
      0.8775579590 b       990     2    10
     -0.7305487676 b       991     2    11
     -0.3230127533 b       992     2    12
     -0.4878956369 b       993     2    13
     -0.5472053785 b       994     2    14
      1.0339662204 b       995     2    15
      0.0805623756 b       996     2    16
      0.9998649505 b       997     2    17
     -0.9339891533 b       998     2    18
     -1.4112923725 b       999     2    19
      0.4188173871 b      1000     2    20
      0.0051317649 a      1001     2     1     3     1
     -0.0004263990 a      1002     2     2     3     1
      0.0037934258 a      1003     2     3     3     1
      0.0008869865 a      1004     2     4     3     1
      0.0029476281 a      1005     2     5     3     1
      0.0034580595 a      1006     2     6     3     1
     -0.0048367206 a      1007     2     7     3     1
     -0.0047894783 a      1008     2     8     3     1
      0.0014671133 a      1009     2     9     3     1
      0.0013920403 a      1010     2    10     3     1
      0.0044474052 a      1011     2    11     3     1
      0.0012321388 a      1012     2    12     3     1
     -0.0042440596 a      1013     2    13     3     1
      0.0023594666 a      1014     2    14     3     1
      0.0013032416 a      1015     2    15     3     1
      0.0000927720 a      1016     2    16     3     1
      0.0034665451 a      1017     2    17     3     1
      0.0025022646 a      1018     2    18     3     1
     -0.0045584285 a      1019     2    19     3     1
     -0.0039542547 a      1020     2    20     3     1
     19.6587270034 b      1021     3     1
