      0.4599416734 a         1     0     1     1     1
     -0.6308864445 a         2     0     1     1     2
     -0.1574021088 a         3     0     1     1     3
      0.7413009422 a         4     0     1     1     4
      0.0883577126 a         5     0     1     1     5
     -0.9358605229 a         6     0     1     1     6
      0.6941842581 a         7     0     1     1     7
      0.1223736128 a         8     0     1     1     8
     -0.5560049685 a         9     0     1     1     9
     -0.6570964751 a        10     0     1     1    10
      0.2718358553 a        11     0     1     1    11
      0.2193920872 a        12     0     1     1    12
      0.2614206205 a        13     0     1     1    13
     -0.4185539613 a        14     0     1     1    14
     -0.7777079108 a        15     0     1     1    15
     -0.2437797331 a        16     0     2     1     1
     -0.8977948022 a        17     0     2     1     2
      0.5449082019 a        18     0     2     1     3
     -0.2489970398 a        19     0     2     1     4
      0.1758551148 a        20     0     2     1     5
     -0.0274139734 a        21     0     2     1     6
     -0.1995236146 a        22     0     2     1     7
     -0.6458718742 a        23     0     2     1     8
     -0.3069572017 a        24     0     2     1     9
      0.9829024730 a        25     0     2     1    10
      0.3868821506 a        26     0     2     1    11
     -0.4281340962 a        27     0     2     1    12
     -0.1088399163 a        28     0     2     1    13
     -0.6341404554 a        29     0     2     1    14
      0.5773336512 a        30     0     2     1    15
     -0.2271761537 a        31     0     3     1     1
      0.1787250324 a        32     0     3     1     2
      0.2214232174 a        33     0     3     1     3
      0.8374155815 a        34     0     3     1     4
     -0.1915057974 a        35     0     3     1     5
      0.9121539540 a        36     0     3     1     6
      0.2416879011 a        37     0     3     1     7
      0.8688016711 a        38     0     3     1     8
     -0.4692630737 a        39     0     3     1     9
      0.1271059189 a        40     0     3     1    10
     -0.4618044751 a        41     0     3     1    11
      0.0580174975 a        42     0     3     1    12
     -0.1799961200 a        43     0     3     1    13
      0.2140624619 a        44     0     3     1    14
     -0.1354176580 a        45     0     3     1    15
      0.6228564280 a        46     0     4     1     1
      0.7388359437 a        47     0     4     1     2
     -0.9511525449 a        48     0     4     1     3
     -0.1513246108 a        49     0     4     1     4
     -0.6116103547 a        50     0     4     1     5
      0.3509182116 a        51     0     4     1     6
     -0.7741737323 a        52     0     4     1     7
      0.6428102822 a        53     0     4     1     8
     -0.3027448802 a        54     0     4     1     9
      0.6242020187 a        55     0     4     1    10
     -0.3904909067 a        56     0     4     1    11
      0.5478150125 a        57     0     4     1    12
     -1.0483895940 a        58     0     4     1    13
      0.8266362997 a        59     0     4     1    14
     -0.9442772858 a        60     0     4     1    15
      0.0103500485 a        61     0     5     1     1
      0.9693606221 a        62     0     5     1     2
     -0.5144564402 a        63     0     5     1     3
     -0.5459830663 a        64     0     5     1     4
     -0.4219586225 a        65     0     5     1     5
     -0.6169631695 a        66     0     5     1     6
      0.4817740324 a        67     0     5     1     7
      0.4181111510 a        68     0     5     1     8
     -0.9501054429 a        69     0     5     1     9
      0.1875474238 a        70     0     5     1    10
     -0.2978623798 a        71     0     5     1    11
     -0.6445789075 a        72     0     5     1    12
      0.5899914616 a        73     0     5     1    13
      0.1112755459 a        74     0     5     1    14
     -0.0470508322 a        75     0     5     1    15
      0.7620722173 a        76     0     6     1     1
     -0.3356748343 a        77     0     6     1     2
      0.8021969393 a        78     0     6     1     3
     -0.0317505354 a        79     0     6     1     4
      0.1309837160 a        80     0     6     1     5
      0.4289367349 a        81     0     6     1     6
     -0.3736685637 a        82     0     6     1     7
     -0.9158709276 a        83     0     6     1     8
      0.6337769846 a        84     0     6     1     9
     -0.5475052817 a        85     0     6     1    10
     -0.0689129964 a        86     0     6     1    11
     -0.0441980185 a        87     0     6     1    12
     -0.5512472543 a        88     0     6     1    13
     -0.6271783091 a        89     0     6     1    14
     -0.6288454953 a        90     0     6     1    15
     -0.1037669659 a        91     0     7     1     1
      0.7144391159 a        92     0     7     1     2
     -0.4752598040 a        93     0     7     1     3
      0.0589005804 a        94     0     7     1     4
      0.3576789638 a        95     0     7     1     5
     -0.5385030616 a        96     0     7     1     6
      0.6050462590 a        97     0     7     1     7
     -0.1045279942 a        98     0     7     1     8
      0.2958393167 a        99     0     7     1     9
     -0.5696779528 a       100     0     7     1    10
     -0.8739649332 a       101     0     7     1    11
      0.4731107541 a       102     0     7     1    12
      0.9014026455 a       103     0     7     1    13
      0.7291800270 a       104     0     7     1    14
     -0.8806733786 a       105     0     7     1    15
      0.3167826139 a       106     0     8     1     1
      0.6307202842 a       107     0     8     1     2
     -0.7818292943 a       108     0     8     1     3
      0.1548690861 a       109     0     8     1     4
     -0.7398459511 a       110     0     8     1     5
      0.7353088492 a       111     0     8     1     6
      0.2608507055 a       112     0     8     1     7
      0.6807947263 a       113     0     8     1     8
      0.6635542013 a       114     0     8     1     9
      0.0715236882 a       115     0     8     1    10
      0.4146365846 a       116     0     8     1    11
     -0.5680643837 a       117     0     8     1    12
     -0.6811561716 a       118     0     8     1    13
      0.6093614110 a       119     0     8     1    14
     -0.7007474888 a       120     0     8     1    15
     -0.3980824622 a       121     0     9     1     1
     -0.6931818696 a       122     0     9     1     2
     -0.8016144996 a       123     0     9     1     3
      0.6087833105 a       124     0     9     1     4
      0.1215682488 a       125     0     9     1     5
      0.6435376638 a       126     0     9     1     6
     -0.6592567306 a       127     0     9     1     7
     -0.7425038649 a       128     0     9     1     8
     -0.2308333824 a       129     0     9     1     9
     -0.6973195879 a       130     0     9     1    10
      0.7752376167 a       131     0     9     1    11
     -0.8081772847 a       132     0     9     1    12
      0.0090247790 a       133     0     9     1    13
     -0.0523911999 a       134     0     9     1    14
     -0.9025054738 a       135     0     9     1    15
      0.4597896842 a       136     0    10     1     1
     -0.6227382781 a       137     0    10     1     2
      0.6082079200 a       138     0    10     1     3
     -0.9959324458 a       139     0    10     1     4
      0.4626362942 a       140     0    10     1     5
      0.7201558936 a       141     0    10     1     6
      0.8839295879 a       142     0    10     1     7
      0.5163249603 a       143     0    10     1     8
      0.7121935283 a       144     0    10     1     9
     -0.6184685905 a       145     0    10     1    10
      0.0272568438 a       146     0    10     1    11
      0.9255639216 a       147     0    10     1    12
      0.1697248561 a       148     0    10     1    13
      0.0991847244 a       149     0    10     1    14
     -0.9437779895 a       150     0    10     1    15
      0.5833610368 a       151     0    11     1     1
      0.5440206335 a       152     0    11     1     2
      0.4020211108 a       153     0    11     1     3
     -0.3709467291 a       154     0    11     1     4
      0.5906273758 a       155     0    11     1     5
      0.6591459074 a       156     0    11     1     6
     -0.6880692060 a       157     0    11     1     7
     -0.6091410622 a       158     0    11     1     8
      0.0515721498 a       159     0    11     1     9
     -0.1654489279 a       160     0    11     1    10
     -0.3586154623 a       161     0    11     1    11
      0.1132528292 a       162     0    11     1    12
      0.9697819510 a       163     0    11     1    13
      0.7745380682 a       164     0    11     1    14
     -0.2874318933 a       165     0    11     1    15
      0.3585656354 a       166     0    12     1     1
      0.2616781388 a       167     0    12     1     2
     -0.2194383328 a       168     0    12     1     3
     -0.3127812784 a       169     0    12     1     4
     -0.4032065827 a       170     0    12     1     5
     -0.9011537830 a       171     0    12     1     6
     -0.6849021375 a       172     0    12     1     7
      0.2646960722 a       173     0    12     1     8
     -0.7648755219 a       174     0    12     1     9
     -0.1564254961 a       175     0    12     1    10
     -0.4133996429 a       176     0    12     1    11
     -0.1797102077 a       177     0    12     1    12
      0.0769991999 a       178     0    12     1    13
     -0.6945423256 a       179     0    12     1    14
      0.5900881915 a       180     0    12     1    15
      0.1796587881 a       181     0    13     1     1
     -0.3115305049 a       182     0    13     1     2
     -0.7615397934 a       183     0    13     1     3
     -0.4859890739 a       184     0    13     1     4
      0.2373510226 a       185     0    13     1     5
      0.4065975706 a       186     0    13     1     6
     -0.5751543261 a       187     0    13     1     7
     -0.2218656579 a       188     0    13     1     8
      0.2432966210 a       189     0    13     1     9
      0.7823829955 a       190     0    13     1    10
     -0.7491912372 a       191     0    13     1    11
      0.1674376841 a       192     0    13     1    12
     -0.6969215991 a       193     0    13     1    13
     -0.9214113861 a       194     0    13     1    14
      0.1358527332 a       195     0    13     1    15
     -0.8103451782 a       196     0    14     1     1
      0.9191040670 a       197     0    14     1     2
     -0.5829495295 a       198     0    14     1     3
      0.5463354033 a       199     0    14     1     4
     -0.8687983919 a       200     0    14     1     5
      0.7519697286 a       201     0    14     1     6
     -0.0017057530 a       202     0    14     1     7
      0.1972228311 a       203     0    14     1     8
      0.8512091059 a       204     0    14     1     9
     -0.5269759410 a       205     0    14     1    10
     -0.8794833138 a       206     0    14     1    11
      0.0972147387 a       207     0    14     1    12
     -0.2262865036 a       208     0    14     1    13
     -0.4967636187 a       209     0    14     1    14
     -0.5833247570 a       210     0    14     1    15
     -0.1498574254 a       211     0    15     1     1
     -0.1273868263 a       212     0    15     1     2
      0.4557866813 a       213     0    15     1     3
     -0.3482823456 a       214     0    15     1     4
     -0.0809277551 a       215     0    15     1     5
      0.2607244518 a       216     0    15     1     6
      0.3154299805 a       217     0    15     1     7
      0.6078303318 a       218     0    15     1     8
      0.4591495344 a       219     0    15     1     9
      0.1308528477 a       220     0    15     1    10
      0.7215551582 a       221     0    15     1    11
     -0.4355726458 a       222     0    15     1    12
     -0.8154365883 a       223     0    15     1    13
      0.7178357710 a       224     0    15     1    14
      0.8778401535 a       225     0    15     1    15
     -0.2910061739 a       226     0    16     1     1
     -0.7632930448 a       227     0    16     1     2
     -0.2938129353 a       228     0    16     1     3
     -0.9115556462 a       229     0    16     1     4
     -0.9482987971 a       230     0    16     1     5
      0.1168081301 a       231     0    16     1     6
     -0.5670488571 a       232     0    16     1     7
     -0.9647967581 a       233     0    16     1     8
     -0.6615395612 a       234     0    16     1     9
     -0.9703861946 a       235     0    16     1    10
     -0.3011125454 a       236     0    16     1    11
      0.5080020593 a       237     0    16     1    12
      0.3317792668 a       238     0    16     1    13
      0.3483002293 a       239     0    16     1    14
      0.5712944481 a       240     0    16     1    15
      0.1292453577 a       241     0    17     1     1
      0.4290428401 a       242     0    17     1     2
     -0.7911418318 a       243     0    17     1     3
      0.8089129417 a       244     0    17     1     4
     -0.2782996065 a       245     0    17     1     5
     -0.1779951373 a       246     0    17     1     6
     -0.3718252223 a       247     0    17     1     7
      0.7385132406 a       248     0    17     1     8
     -0.8852781567 a       249     0    17     1     9
     -0.7960507456 a       250     0    17     1    10
     -0.1930957040 a       251     0    17     1    11
      0.9379471232 a       252     0    17     1    12
      0.4628880110 a       253     0    17     1    13
      0.1723665391 a       254     0    17     1    14
      0.5227864086 a       255     0    17     1    15
     -0.5099023082 a       256     0    18     1     1
      0.3289943207 a       257     0    18     1     2
      0.6975790486 a       258     0    18     1     3
     -0.2243651031 a       259     0    18     1     4
      0.3240667841 a       260     0    18     1     5
     -0.2419978802 a       261     0    18     1     6
      0.2410205546 a       262     0    18     1     7
      0.9424669972 a       263     0    18     1     8
      0.9305529548 a       264     0    18     1     9
     -0.8929993515 a       265     0    18     1    10
      0.6257042066 a       266     0    18     1    11
     -0.0688952150 a       267     0    18     1    12
     -0.7934486334 a       268     0    18     1    13
      0.1544458616 a       269     0    18     1    14
      0.6128926805 a       270     0    18     1    15
      0.2003956037 a       271     0    19     1     1
     -0.8376014235 a       272     0    19     1     2
     -0.3547314611 a       273     0    19     1     3
      0.4588513549 a       274     0    19     1     4
     -0.4686036304 a       275     0    19     1     5
     -0.3800276226 a       276     0    19     1     6
     -0.8264065828 a       277     0    19     1     7
     -0.9554784834 a       278     0    19     1     8
     -0.8918839506 a       279     0    19     1     9
     -0.2135240053 a       280     0    19     1    10
     -0.0956599977 a       281     0    19     1    11
     -0.8289131348 a       282     0    19     1    12
      0.7435408818 a       283     0    19     1    13
      0.3083108480 a       284     0    19     1    14
     -0.9649440835 a       285     0    19     1    15
     -0.0667602785 a       286     0    20     1     1
      0.7693965535 a       287     0    20     1     2
     -0.2491846904 a       288     0    20     1     3
     -0.4161094824 a       289     0    20     1     4
      0.9077088377 a       290     0    20     1     5
     -0.7872965267 a       291     0    20     1     6
      0.2062186654 a       292     0    20     1     7
     -0.5023471637 a       293     0    20     1     8
     -0.8170041053 a       294     0    20     1     9
     -0.1893644911 a       295     0    20     1    10
     -0.1825430533 a       296     0    20     1    11
      0.6419543564 a       297     0    20     1    12
      0.4175051630 a       298     0    20     1    13
      0.1591435611 a       299     0    20     1    14
     -0.7230380143 a       300     0    20     1    15
      0.2323376255 a       301     0    21     1     1
      0.8910613584 a       302     0    21     1     2
     -0.3959849194 a       303     0    21     1     3
      0.4262638952 a       304     0    21     1     4
     -0.3641134939 a       305     0    21     1     5
     -0.5913747655 a       306     0    21     1     6
      0.1304457322 a       307     0    21     1     7
     -0.9408893220 a       308     0    21     1     8
      0.2044734191 a       309     0    21     1     9
      0.6536347724 a       310     0    21     1    10
      0.9911516720 a       311     0    21     1    11
      0.1120771971 a       312     0    21     1    12
     -0.5756545468 a       313     0    21     1    13
      0.4889869137 a       314     0    21     1    14
     -0.4388816591 a       315     0    21     1    15
     -0.1758226253 a       316     0    22     1     1
     -0.3072335321 a       317     0    22     1     2
     -0.3432634920 a       318     0    22     1     3
      0.6228921852 a       319     0    22     1     4
      0.0202133890 a       320     0    22     1     5
      0.6023740132 a       321     0    22     1     6
     -0.5551248071 a       322     0    22     1     7
     -0.8984516941 a       323     0    22     1     8
      0.2589943758 a       324     0    22     1     9
      0.3989756554 a       325     0    22     1    10
      0.8564428993 a       326     0    22     1    11
     -0.2518038719 a       327     0    22     1    12
      0.7034805422 a       328     0    22     1    13
     -0.6410740888 a       329     0    22     1    14
      0.2279682619 a       330     0    22     1    15
     -0.2597512136 a       331     0    23     1     1
      0.4363860072 a       332     0    23     1     2
     -0.7781992945 a       333     0    23     1     3
     -0.1633556967 a       334     0    23     1     4
      0.6828836438 a       335     0    23     1     5
     -0.6372320809 a       336     0    23     1     6
     -0.3557216359 a       337     0    23     1     7
     -0.0186668276 a       338     0    23     1     8
     -0.8386152805 a       339     0    23     1     9
      0.2372214547 a       340     0    23     1    10
      0.0049035526 a       341     0    23     1    11
      0.4508390894 a       342     0    23     1    12
     -0.0509265048 a       343     0    23     1    13
     -0.6002820123 a       344     0    23     1    14
      0.1973995001 a       345     0    23     1    15
     -0.0047625229 a       346     0    24     1     1
     -0.3196680583 a       347     0    24     1     2
     -0.1573559418 a       348     0    24     1     3
     -0.0612524367 a       349     0    24     1     4
      0.8921783893 a       350     0    24     1     5
     -0.3469868120 a       351     0    24     1     6
     -0.1070545559 a       352     0    24     1     7
     -0.1310456509 a       353     0    24     1     8
     -0.0820984911 a       354     0    24     1     9
      0.9126611409 a       355     0    24     1    10
      0.2303758992 a       356     0    24     1    11
      0.2781985296 a       357     0    24     1    12
     -0.8620644039 a       358     0    24     1    13
     -0.2156234700 a       359     0    24     1    14
     -0.4454062757 a       360     0    24     1    15
      0.1396797409 a       361     0    25     1     1
     -0.3806472615 a       362     0    25     1     2
      0.1592757903 a       363     0    25     1     3
      0.5587963128 a       364     0    25     1     4
     -0.4142737627 a       365     0    25     1     5
      0.3300880231 a       366     0    25     1     6
     -0.0907404848 a       367     0    25     1     7
      0.5742965851 a       368     0    25     1     8
      0.5210697032 a       369     0    25     1     9
     -0.2125694319 a       370     0    25     1    10
      0.9606651128 a       371     0    25     1    11
      0.6896502099 a       372     0    25     1    12
      0.6318360548 a       373     0    25     1    13
      0.7621466567 a       374     0    25     1    14
     -0.1686158687 a       375     0    25     1    15
      0.5505229036 a       376     0    26     1     1
     -0.9777583596 a       377     0    26     1     2
      0.6036607206 a       378     0    26     1     3
      0.0882627186 a       379     0    26     1     4
      0.5613841502 a       380     0    26     1     5
     -0.4154305592 a       381     0    26     1     6
      0.4404948309 a       382     0    26     1     7
     -0.3585776791 a       383     0    26     1     8
      0.8397195037 a       384     0    26     1     9
      0.9194234202 a       385     0    26     1    10
      0.0892975294 a       386     0    26     1    11
     -0.3754275651 a       387     0    26     1    12
     -0.2506435438 a       388     0    26     1    13
      0.1422863106 a       389     0    26     1    14
      0.9571258510 a       390     0    26     1    15
     -0.6116024819 a       391     0    27     1     1
     -0.8359056222 a       392     0    27     1     2
      0.6912468697 a       393     0    27     1     3
     -0.4151083161 a       394     0    27     1     4
      0.8037137865 a       395     0    27     1     5
     -0.0975108133 a       396     0    27     1     6
      0.1188862151 a       397     0    27     1     7
     -0.5903441485 a       398     0    27     1     8
      0.6363451424 a       399     0    27     1     9
     -0.1722085299 a       400     0    27     1    10
      0.7346602083 a       401     0    27     1    11
     -0.8639059865 a       402     0    27     1    12
      0.6395117330 a       403     0    27     1    13
      0.0718437260 a       404     0    27     1    14
      0.1171800522 a       405     0    27     1    15
      0.2053092856 a       406     0    28     1     1
     -0.3073834897 a       407     0    28     1     2
      0.1664692314 a       408     0    28     1     3
     -0.9869224191 a       409     0    28     1     4
     -0.1107571630 a       410     0    28     1     5
      0.8304269965 a       411     0    28     1     6
     -0.2082374256 a       412     0    28     1     7
      0.2229314041 a       413     0    28     1     8
      0.3947604862 a       414     0    28     1     9
     -0.9536761125 a       415     0    28     1    10
     -0.3522654769 a       416     0    28     1    11
     -0.1836525115 a       417     0    28     1    12
     -0.0197705328 a       418     0    28     1    13
     -0.0944513174 a       419     0    28     1    14
      0.0584987019 a       420     0    28     1    15
      0.0838239856 a       421     0    29     1     1
     -0.0645693815 a       422     0    29     1     2
     -0.0131286886 a       423     0    29     1     3
      0.6826303631 a       424     0    29     1     4
      0.1230067807 a       425     0    29     1     5
     -0.6160659090 a       426     0    29     1     6
     -0.7137652485 a       427     0    29     1     7
     -0.7017672156 a       428     0    29     1     8
     -0.3769515165 a       429     0    29     1     9
      0.6764413130 a       430     0    29     1    10
      0.1975589117 a       431     0    29     1    11
      0.4883293738 a       432     0    29     1    12
     -0.1998776733 a       433     0    29     1    13
      0.7003981365 a       434     0    29     1    14
     -0.4001031423 a       435     0    29     1    15
      0.2540714283 a       436     0    30     1     1
      0.2755219976 a       437     0    30     1     2
     -0.4049108652 a       438     0    30     1     3
     -0.2679085786 a       439     0    30     1     4
      0.2089949408 a       440     0    30     1     5
     -0.1118420174 a       441     0    30     1     6
     -0.6241482822 a       442     0    30     1     7
      0.0546513101 a       443     0    30     1     8
     -0.2453109166 a       444     0    30     1     9
      0.6251404931 a       445     0    30     1    10
     -0.9326473329 a       446     0    30     1    11
     -0.6415018633 a       447     0    30     1    12
      0.2715836991 a       448     0    30     1    13
     -0.6405202100 a       449     0    30     1    14
     -0.2643281041 a       450     0    30     1    15
     -0.7417790309 b       451     1     1
     -0.2008914785 b       452     1     2
     -0.2539145899 b       453     1     3
      0.9729627381 b       454     1     4
     -0.6926673867 b       455     1     5
     -0.2287371739 b       456     1     6
     -1.0220209183 b       457     1     7
      0.7458468118 b       458     1     8
     -0.8974319695 b       459     1     9
      0.6182762839 b       460     1    10
      0.3799539594 b       461     1    11
     -0.3323436076 b       462     1    12
      0.4121049440 b       463     1    13
     -0.3335193147 b       464     1    14
      0.7940725289 b       465     1    15
     -0.9358817200 a       466     1     1     2     1
     -0.2312385815 a       467     1     1     2     2
     -0.1482539211 a       468     1     1     2     3
      0.3428708598 a       469     1     1     2     4
     -0.7388596897 a       470     1     1     2     5
      0.2367745837 a       471     1     1     2     6
      0.0747251664 a       472     1     1     2     7
      0.5414395264 a       473     1     1     2     8
      0.4620422013 a       474     1     1     2     9
      0.1392111716 a       475     1     1     2    10
      0.5983053302 a       476     1     1     2    11
      0.8637475638 a       477     1     1     2    12
      0.0830805881 a       478     1     1     2    13
      0.8778633075 a       479     1     1     2    14
      0.2506397281 a       480     1     1     2    15
      0.3326285732 a       481     1     2     2     1
      0.1925934430 a       482     1     2     2     2
     -0.9765565690 a       483     1     2     2     3
     -0.4314975607 a       484     1     2     2     4
      0.3645137179 a       485     1     2     2     5
     -0.8976640174 a       486     1     2     2     6
      0.4119587329 a       487     1     2     2     7
     -0.9070519275 a       488     1     2     2     8
     -0.8238981094 a       489     1     2     2     9
     -0.1025486348 a       490     1     2     2    10
      0.4481355277 a       491     1     2     2    11
      0.4644502944 a       492     1     2     2    12
      0.5651078887 a       493     1     2     2    13
     -0.5957483884 a       494     1     2     2    14
     -0.2533910884 a       495     1     2     2    15
      0.6443837551 a       496     1     3     2     1
     -0.0689377103 a       497     1     3     2     2
      0.9539863228 a       498     1     3     2     3
     -0.2261758111 a       499     1     3     2     4
     -0.3818360298 a       500     1     3     2     5
     -0.0256823229 a       501     1     3     2     6
     -0.8066124872 a       502     1     3     2     7
      0.3620735796 a       503     1     3     2     8
     -0.9674252445 a       504     1     3     2     9
     -0.3030456464 a       505     1     3     2    10
     -0.9049312404 a       506     1     3     2    11
      0.4716214506 a       507     1     3     2    12
     -0.3171714729 a       508     1     3     2    13
      0.1818274558 a       509     1     3     2    14
     -0.5552958662 a       510     1     3     2    15
     -0.6821402744 a       511     1     4     2     1
     -0.7028852975 a       512     1     4     2     2
     -0.7935364394 a       513     1     4     2     3
     -1.0237428367 a       514     1     4     2     4
     -0.7236295035 a       515     1     4     2     5
     -0.8806727192 a       516     1     4     2     6
     -0.4268460032 a       517     1     4     2     7
      0.9211621715 a       518     1     4     2     8
      0.9988922843 a       519     1     4     2     9
     -0.8857315061 a       520     1     4     2    10
      0.8273732570 a       521     1     4     2    11
      0.6438326771 a       522     1     4     2    12
     -0.6989438997 a       523     1     4     2    13
     -0.6170908583 a       524     1     4     2    14
     -0.4833218876 a       525     1     4     2    15
     -0.1269882345 a       526     1     5     2     1
      0.2000346506 a       527     1     5     2     2
     -0.4908652555 a       528     1     5     2     3
      0.8644590153 a       529     1     5     2     4
     -0.0752806605 a       530     1     5     2     5
     -0.7347008768 a       531     1     5     2     6
     -0.0230462646 a       532     1     5     2     7
      0.2167685693 a       533     1     5     2     8
     -0.6669705643 a       534     1     5     2     9
     -0.3988751014 a       535     1     5     2    10
     -0.7337364426 a       536     1     5     2    11
     -0.3682876573 a       537     1     5     2    12
      0.3336737064 a       538     1     5     2    13
     -0.9146341247 a       539     1     5     2    14
     -0.7256723492 a       540     1     5     2    15
      0.2397609612 a       541     1     6     2     1
      0.4749362521 a       542     1     6     2     2
     -0.0591869139 a       543     1     6     2     3
     -0.3872157375 a       544     1     6     2     4
     -0.7040543279 a       545     1     6     2     5
      0.2681464886 a       546     1     6     2     6
     -0.1249989842 a       547     1     6     2     7
     -0.8860840198 a       548     1     6     2     8
     -0.6098861302 a       549     1     6     2     9
      0.3707219452 a       550     1     6     2    10
     -0.2703346131 a       551     1     6     2    11
     -0.6018066995 a       552     1     6     2    12
     -0.1762093972 a       553     1     6     2    13
     -0.8155918565 a       554     1     6     2    14
      0.0396398992 a       555     1     6     2    15
     -0.3447778131 a       556     1     7     2     1
     -0.1352016372 a       557     1     7     2     2
      0.6739602848 a       558     1     7     2     3
      0.3881030964 a       559     1     7     2     4
      0.1636393448 a       560     1     7     2     5
      0.7234023900 a       561     1     7     2     6
     -0.8230088291 a       562     1     7     2     7
      0.9567014619 a       563     1     7     2     8
     -0.0431008886 a       564     1     7     2     9
     -0.8499398683 a       565     1     7     2    10
     -0.1491332160 a       566     1     7     2    11
      0.5032166550 a       567     1     7     2    12
     -0.2107590815 a       568     1     7     2    13
     -0.9705747869 a       569     1     7     2    14
      0.3222858446 a       570     1     7     2    15
     -0.8778344541 a       571     1     8     2     1
      0.1832633083 a       572     1     8     2     2
      0.9848964457 a       573     1     8     2     3
      0.1840772603 a       574     1     8     2     4
      0.2168656359 a       575     1     8     2     5
      0.3253257055 a       576     1     8     2     6
      0.7665123407 a       577     1     8     2     7
      0.9055938842 a       578     1     8     2     8
      0.5471838897 a       579     1     8     2     9
      0.3169241058 a       580     1     8     2    10
     -0.7666418029 a       581     1     8     2    11
     -0.5846407156 a       582     1     8     2    12
     -0.5712088119 a       583     1     8     2    13
      0.8631009317 a       584     1     8     2    14
      0.2838547528 a       585     1     8     2    15
     -0.5239329243 a       586     1     9     2     1
     -0.5568973144 a       587     1     9     2     2
     -0.4249458803 a       588     1     9     2     3
      0.6532665093 a       589     1     9     2     4
      0.8515794112 a       590     1     9     2     5
     -0.6397122935 a       591     1     9     2     6
      0.6162530094 a       592     1     9     2     7
      0.2482011739 a       593     1     9     2     8
      0.0695181369 a       594     1     9     2     9
     -0.1750187577 a       595     1     9     2    10
      0.5126977581 a       596     1     9     2    11
      0.1187261331 a       597     1     9     2    12
     -0.9255276341 a       598     1     9     2    13
     -0.5461112803 a       599     1     9     2    14
      0.4852059142 a       600     1     9     2    15
      0.5407286369 a       601     1    10     2     1
     -0.7443066190 a       602     1    10     2     2
      0.0820317486 a       603     1    10     2     3
     -0.6693055062 a       604     1    10     2     4
     -0.1495800520 a       605     1    10     2     5
      0.9190926680 a       606     1    10     2     6
     -0.4277497402 a       607     1    10     2     7
      0.9837264893 a       608     1    10     2     8
     -0.8425001589 a       609     1    10     2     9
     -0.2957601631 a       610     1    10     2    10
      0.2315039613 a       611     1    10     2    11
     -0.7501460330 a       612     1    10     2    12
      0.6628623019 a       613     1    10     2    13
      0.2079447945 a       614     1    10     2    14
     -0.8642151304 a       615     1    10     2    15
     -0.7458343898 a       616     1    11     2     1
      0.7871131954 a       617     1    11     2     2
     -0.1317253002 a       618     1    11     2     3
      0.2173495918 a       619     1    11     2     4
     -0.8636144213 a       620     1    11     2     5
      0.9524311675 a       621     1    11     2     6
     -0.5260335845 a       622     1    11     2     7
     -0.4680746666 a       623     1    11     2     8
      0.4501651699 a       624     1    11     2     9
      0.0024594668 a       625     1    11     2    10
     -0.4627184206 a       626     1    11     2    11
     -1.0225613020 a       627     1    11     2    12
      1.0477011195 a       628     1    11     2    13
      0.3077466362 a       629     1    11     2    14
     -0.4080692903 a       630     1    11     2    15
      0.9811822162 a       631     1    12     2     1
      0.0891279011 a       632     1    12     2     2
     -0.9615307103 a       633     1    12     2     3
      0.5373198671 a       634     1    12     2     4
      1.0017100575 a       635     1    12     2     5
      0.5711040601 a       636     1    12     2     6
     -0.5505570973 a       637     1    12     2     7
     -0.0637093114 a       638     1    12     2     8
     -0.9708875007 a       639     1    12     2     9
     -0.0791769885 a       640     1    12     2    10
     -0.0902403789 a       641     1    12     2    11
     -0.3066021600 a       642     1    12     2    12
     -0.6974542191 a       643     1    12     2    13
      0.5234732803 a       644     1    12     2    14
     -0.2212030263 a       645     1    12     2    15
     -0.0878248520 a       646     1    13     2     1
     -0.3068735801 a       647     1    13     2     2
     -0.1260729054 a       648     1    13     2     3
     -0.9694832167 a       649     1    13     2     4
     -0.8774098097 a       650     1    13     2     5
      0.8799376970 a       651     1    13     2     6
     -0.5050325892 a       652     1    13     2     7
     -0.0543366283 a       653     1    13     2     8
     -0.4486567138 a       654     1    13     2     9
      0.1362619942 a       655     1    13     2    10
     -0.9602656393 a       656     1    13     2    11
     -0.8124530107 a       657     1    13     2    12
     -0.2171578559 a       658     1    13     2    13
      0.2013852663 a       659     1    13     2    14
     -0.1418414314 a       660     1    13     2    15
      0.8572957655 a       661     1    14     2     1
      0.5260571328 a       662     1    14     2     2
      0.1183431751 a       663     1    14     2     3
      0.1692955551 a       664     1    14     2     4
      0.3805825791 a       665     1    14     2     5
      0.9649953145 a       666     1    14     2     6
     -0.0052346460 a       667     1    14     2     7
     -0.4256246391 a       668     1    14     2     8
      0.6228172172 a       669     1    14     2     9
     -0.0427026332 a       670     1    14     2    10
      0.4394231897 a       671     1    14     2    11
     -0.2495365688 a       672     1    14     2    12
     -0.8364785381 a       673     1    14     2    13
      0.6028193290 a       674     1    14     2    14
     -0.5386813897 a       675     1    14     2    15
      0.4269776519 a       676     1    15     2     1
     -0.1008467752 a       677     1    15     2     2
      0.0066944349 a       678     1    15     2     3
      0.5792951591 a       679     1    15     2     4
     -0.8675641786 a       680     1    15     2     5
      0.2724804933 a       681     1    15     2     6
     -0.2115162394 a       682     1    15     2     7
     -0.6125250412 a       683     1    15     2     8
     -0.3555953862 a       684     1    15     2     9
      0.2784826864 a       685     1    15     2    10
     -0.0376578354 a       686     1    15     2    11
      0.7372843640 a       687     1    15     2    12
      0.7867577994 a       688     1    15     2    13
     -0.2670965246 a       689     1    15     2    14
      0.2222240892 a       690     1    15     2    15
     -0.8171822737 b       691     2     1
      0.3233876322 b       692     2     2
      0.4750322160 b       693     2     3
      0.8056552793 b       694     2     4
      0.1075307764 b       695     2     5
      0.8653517582 b       696     2     6
     -0.9826982544 b       697     2     7
     -0.9666674571 b       698     2     8
     -0.1435742683 b       699     2     9
      0.9097423177 b       700     2    10
     -0.2840364390 b       701     2    11
     -0.5355656237 b       702     2    12
      0.2083280090 b       703     2    13
      0.7834595037 b       704     2    14
      0.2794368624 b       705     2    15
     -0.8143505209 a       706     2     1     3     1
      0.3102159042 a       707     2     2     3     1
      0.5267345267 a       708     2     3     3     1
     -0.7949426907 a       709     2     4     3     1
     -0.4186267604 a       710     2     5     3     1
      0.6684766381 a       711     2     6     3     1
     -0.5382135226 a       712     2     7     3     1
     -0.0527954716 a       713     2     8     3     1
     -0.8148934897 a       714     2     9     3     1
     -0.2999185826 a       715     2    10     3     1
      0.9396153475 a       716     2    11     3     1
     -0.8701320234 a       717     2    12     3     1
      0.5379672495 a       718     2    13     3     1
      0.6764247914 a       719     2    14     3     1
      0.7657431894 a       720     2    15     3     1
     -0.6362308642 b       721     3     1
