 -------------------------------------------------------------
 ---------------------- Welcome to the -----------------------
     RuNNer Neural Network Energy Representation - RuNNer     
 ----------  (c) 2008-2022 Prof. Dr. Joerg Behler   ----------
 ----------  Georg-August-Universitaet Goettingen   ----------
 ----------           Theoretische Chemie           ----------
 ----------              Tammannstr. 6              ----------
 ----------        37077 Goettingen, Germany        ----------
 -------------------------------------------------------------
 -------------------------------------------------------------
  This program is free software: you can redistribute it and/or modify it
  under the terms of the GNU General Public License as published by the 
  Free Software Foundation, either version 3 of the License, or 
  (at your option) any later version.
    
  This program is distributed in the hope that it will be useful, but 
  WITHOUT ANY WARRANTY; without even the implied warranty of MERCHANTABILITY
  or FITNESS FOR A PARTICULAR PURPOSE. See the GNU General Public License 
  for more details.
      
  You should have received a copy of the GNU General Public License along
  with this program. If not, see http://www.gnu.org/licenses. 
 -------------------------------------------------------------
 -------------------------------------------------------------
 When using RuNNer, please cite the following papers:
 J. Behler, Angew. Chem. Int. Ed. 56, 12828 (2017).
 J. Behler, Int. J. Quant. Chem. 115, 1032 (2015).
 -------------------------------------------------------------
 Whenever using high-dimensional NNPs irrespective of the Code please cite:
 J. Behler and M. Parrinello, Phys. Rev. Lett. 98, 146401 (2007).
 -------------------------------------------------------------
 The reference for the atom-centered symmetry functions is:
 J. Behler, J. Chem. Phys. 134, 074106 (2011).
 -------------------------------------------------------------
 For high-dimensional NNs including electrostatics:
 N. Artrith, T. Morawietz, and J. Behler, Phys. Rev. B 83, 153101 (2011).
 -------------------------------------------------------------
 -------------------------------------------------------------
 RuNNer has been written by Joerg Behler
  
 *** with contributions from some friends ***
  
 Tobias Morawietz - Nguyen Widrow weights and electrostatic screening
 Jovan Jose Kochumannil Varghese - Pair symmetry functions and pair NNPs
 Michael Gastegger and Philipp Marquetand - element decoupled Kalman filter
 Andreas Singraber - more efficient symmetry function type 3 implementation
 Sinja Klees and Mariana Rossi - some infrastructure for i-Pi compatibility
 Emir Kocer - Symmetry function groups
 Fenfei Wei and Emir Kocer - Hessian, frequencies and normal modes
 Alexander Knoll - vdW corrections long ranged
 Marco Eckhoff - spin-dependent atom-centered symmetry functions
 -------------------------------------------------------------
 -------------------------------------------------------------
 General job information:
 -------------------------------------------------------------
 Executing host    : KC-CHM-4KL63CY      
 User name         : mffn3               
 Starting date     : 13. 2.2025
 Starting time     : 10 h 35 min 
 Working directory :                                                             
 -------------------------------------------------------------
 -------------------------------------------------------------
 Serial run requested
 -------------------------------------------------------------
 Reading control parameters from input.nn
 =============================================================
 -------------------------------------------------------------
 =============================================================
 General input parameters:
 -------------------------------------------------------------
 NNP generation                                           4
 Short range NN is on
 Electrostatic NN is off
 vdW corrections switched off
 -------------------------------------------------------------
 RuNNer nn_type_short                                     3
 RuNNer is started in mode for fitting (2)
 debugging mode is                                       F
 parallelization mode                                     1
 enable detailed time measurement                        F
 using symmetry function groups                          F
 enable detailed time measurement at epoch level         F
 silent mode                                             F
 NN force check                                          F
 number of elements                                       2
 elements (sorted):
  1 H 
  8 O 
 seed for random number generator                     12349
 random number generator type                             5
 remove free atom reference energies                     T
 remove vdw dispersion energy and forces                 F
 shortest allowed bond in structure                   0.400
 Cutoff_type for symmetry function is                     2
 Cutoff_alpha for inner cutoff radius is              0.000
 -------------------------------------------------------------
 Short range NN specifications:
 -------------------------------------------------------------
 global hidden layers short range NN                      2
 global nodes hidden layers short NN                20   20
 global activation functions short                      ttl
 -------------------------------------------------------------
 Electrostatic specifications:
 -------------------------------------------------------------
 electrostatic_type (nn_type_elec)                        0
 Ewald alpha                                          0.000
 Ewald cutoff                                         0.000
 Ewald kmax                                               0
 Screening electrostatics                                  3.200000     12.000000
 -------------------------------------------------------------
 General fitting parameters:
 -------------------------------------------------------------
 number of fitting epochs                                10
 print date and time for each epoch                      F
 number of data sets in memory                         1000
 Fitting mode 1 (online learning) selected         
 Randomly mixing all points in training set              T
 save Kalman filter data                                 F
 restart from old Kalman filter data                     F
 rescale symmetry functions                              T
 rescale atomic charges                                  F
 min value of scaled short range symmetry functions      0.000
 max value of scaled short range symmetry functions      1.000
 min value of scaled atomic charges      0.000
 max value of scaled atomic charges      1.000
 remove CMS from symmetry functions                      T
 remove CMS from atomic charges                          F
 calculate symmetry function correlation                 F
 weight analysis                                         F
 environment analysis                                    F
 find contradictions                                     F
 fix some weights                                        F
 using growth mode for fitting                           F
 global fit of short and charge NN (not implemented)     F
 error unit for fitting                                  eV
 Reading formatted files 
 Writing formatted files 
 Resetting Kalman filter matrices each epoch             F
 Preconditioning of weights is switched on
 -------------------------------------------------------------
 Fitting parameters short range part:
 -------------------------------------------------------------
 using forces for fitting                                T
 using Kalman filter optimization (1) for short range energy
 using Kalman filter optimization (1) for short range forces
 short energy error threshold                    0.80000000
 short force error threshold                     0.80000000
 Kalman lambda (short)                           0.98000000
 Kalman nue (short)                              0.99870000
 use_noisematrix                                         F
 Kalman damp (short energy)                      1.00000000
 Kalman damp (short force)                       1.00000000
 restart fit with old weights (short)                    F
 scaling factor for force update (scalefactorf)  1.00000000
 grouping energies in blocks of                           1
 fraction of energies used for update                 1.000
 grouping forces in blocks of                             1
 fraction of forces used for update                   0.025
 weights_min                                         -1.000
 weights_max                                          1.000
 Using Nguyen Widrow weights for short range NN
 Using repeated energy updates after each force update
 max_energy                                       10000.000
 max force component used for fitting             10000.000 Ha/Bohr
 noise energy threshold                          0.00000000 Ha/atom
 noise force threshold                           0.00000000 Ha/Bohr
 -------------------------------------------------------------
 Fitting parameters electrostatic part:
 -------------------------------------------------------------
 charge error threshold                          0.00000000
 restart fit with old weights (charge)                   F
 fraction of charges used for update                  1.000
 using total charge constraint                           F
 noise charge threshold                          0.00000000 e
 -------------------------------------------------------------
 Fitting output options:
 -------------------------------------------------------------
 write weights in every epoch                             1
 write temporary weights each epoch                      F
 write trainpoints.out and testpoints.out                F
 write binding energies only                             F
 write traincharges.out and testcharges.out              F
 write trainforces.out and testforces.out                F
 =============================================================
 Element pairs:   3    , shortest distance (Bohr)
 pair    1 H  H       2.633
 pair    2 H  O       1.688
 pair    3 O  O       4.630
 =============================================================
 => short range NN weights type 3                 H       1021
 => short range NN weights type 3                 O       1081
 => electrostatic NN weights                      H        676
 => electrostatic NN weights                      O        721
 -------------------------------------------------------------
 -------------------------------------------------------------
 Atomic reference energies read from input.nn:
 H         -0.45890731
 O        -75.29000259
 -------------------------------------------------------------
 -------------------------------------------------
 Atomic short range NN for element: H 
 architecture       28   20   20    1
 -------------------------------------------------
   1   G  t  t  l
   2   G  t  t   
   3   G  t  t   
   4   G  t  t   
   5   G  t  t   
   6   G  t  t   
   7   G  t  t   
   8   G  t  t   
   9   G  t  t   
  10   G  t  t   
  11   G  t  t   
  12   G  t  t   
  13   G  t  t   
  14   G  t  t   
  15   G  t  t   
  16   G  t  t   
  17   G  t  t   
  18   G  t  t   
  19   G  t  t   
  20   G  t  t   
  21   G
  22   G
  23   G
  24   G
  25   G
  26   G
  27   G
  28   G
 -------------------------------------------------
 Atomic short range NN for element: O 
 architecture       31   20   20    1
 -------------------------------------------------
   1   G  t  t  l
   2   G  t  t   
   3   G  t  t   
   4   G  t  t   
   5   G  t  t   
   6   G  t  t   
   7   G  t  t   
   8   G  t  t   
   9   G  t  t   
  10   G  t  t   
  11   G  t  t   
  12   G  t  t   
  13   G  t  t   
  14   G  t  t   
  15   G  t  t   
  16   G  t  t   
  17   G  t  t   
  18   G  t  t   
  19   G  t  t   
  20   G  t  t   
  21   G
  22   G
  23   G
  24   G
  25   G
  26   G
  27   G
  28   G
  29   G
  30   G
  31   G
 ---------------------------------------------------
 Electrostatic NN for element: H 
 architecture       27   15   15    1
 ---------------------------------------------------
   1   G  t  t  l
   2   G  t  t   
   3   G  t  t   
   4   G  t  t   
   5   G  t  t   
   6   G  t  t   
   7   G  t  t   
   8   G  t  t   
   9   G  t  t   
  10   G  t  t   
  11   G  t  t   
  12   G  t  t   
  13   G  t  t   
  14   G  t  t   
  15   G  t  t   
  16   G
  17   G
  18   G
  19   G
  20   G
  21   G
  22   G
  23   G
  24   G
  25   G
  26   G
  27   G
 ---------------------------------------------------
 Electrostatic NN for element: O 
 architecture       30   15   15    1
 ---------------------------------------------------
   1   G  t  t  l
   2   G  t  t   
   3   G  t  t   
   4   G  t  t   
   5   G  t  t   
   6   G  t  t   
   7   G  t  t   
   8   G  t  t   
   9   G  t  t   
  10   G  t  t   
  11   G  t  t   
  12   G  t  t   
  13   G  t  t   
  14   G  t  t   
  15   G  t  t   
  16   G
  17   G
  18   G
  19   G
  20   G
  21   G
  22   G
  23   G
  24   G
  25   G
  26   G
  27   G
  28   G
  29   G
  30   G
 -------------------------------------------------------------
 -------------------------------------------------------------
  short range atomic symmetry functions element H  :
 -------------------------------------------------------------
    1 H   2  H                  0.001000   0.000000  12.000000
    2 H   2  O                  0.001000   0.000000  12.000000
    3 H   2  H                  0.010000   0.000000  12.000000
    4 H   2  O                  0.010000   0.000000  12.000000
    5 H   2  H                  0.030000   0.000000  12.000000
    6 H   2  O                  0.030000   0.000000  12.000000
    7 H   2  H                  0.060000   0.000000  12.000000
    8 H   2  O                  0.060000   0.000000  12.000000
    9 H   2  O                  0.150000   0.900000  12.000000
   10 H   2  H                  0.150000   1.900000  12.000000
   11 H   2  O                  0.300000   0.900000  12.000000
   12 H   2  H                  0.300000   1.900000  12.000000
   13 H   2  O                  0.600000   0.900000  12.000000
   14 H   2  H                  0.600000   1.900000  12.000000
   15 H   2  O                  1.500000   0.900000  12.000000
   16 H   2  H                  1.500000   1.900000  12.000000
   17 H   3  O  O    0.001000  -1.000000   4.000000  12.000000
   18 H   3  O  O    0.001000   1.000000   4.000000  12.000000
   19 H   3  H  O    0.010000  -1.000000   4.000000  12.000000
   20 H   3  H  O    0.010000   1.000000   4.000000  12.000000
   21 H   3  H  O    0.030000  -1.000000   1.000000  12.000000
   22 H   3  O  O    0.030000  -1.000000   1.000000  12.000000
   23 H   3  H  O    0.030000   1.000000   1.000000  12.000000
   24 H   3  O  O    0.030000   1.000000   1.000000  12.000000
   25 H   3  H  O    0.070000  -1.000000   1.000000  12.000000
   26 H   3  H  O    0.070000   1.000000   1.000000  12.000000
   27 H   3  H  O    0.200000   1.000000   1.000000  12.000000
 -------------------------------------------------------------
  short range atomic symmetry functions element O  :
 -------------------------------------------------------------
    1 O   2  H                  0.001000   0.000000  12.000000
    2 O   2  O                  0.001000   0.000000  12.000000
    3 O   2  H                  0.010000   0.000000  12.000000
    4 O   2  O                  0.010000   0.000000  12.000000
    5 O   2  H                  0.030000   0.000000  12.000000
    6 O   2  O                  0.030000   0.000000  12.000000
    7 O   2  H                  0.060000   0.000000  12.000000
    8 O   2  O                  0.060000   0.000000  12.000000
    9 O   2  H                  0.150000   0.900000  12.000000
   10 O   2  O                  0.150000   4.000000  12.000000
   11 O   2  H                  0.300000   0.900000  12.000000
   12 O   2  O                  0.300000   4.000000  12.000000
   13 O   2  H                  0.600000   0.900000  12.000000
   14 O   2  O                  0.600000   4.000000  12.000000
   15 O   2  H                  1.500000   0.900000  12.000000
   16 O   2  O                  1.500000   4.000000  12.000000
   17 O   3  H  O    0.001000  -1.000000   4.000000  12.000000
   18 O   3  O  O    0.001000  -1.000000   4.000000  12.000000
   19 O   3  H  O    0.001000   1.000000   4.000000  12.000000
   20 O   3  O  O    0.001000   1.000000   4.000000  12.000000
   21 O   3  H  H    0.010000  -1.000000   4.000000  12.000000
   22 O   3  H  H    0.010000   1.000000   4.000000  12.000000
   23 O   3  H  H    0.030000  -1.000000   1.000000  12.000000
   24 O   3  H  O    0.030000  -1.000000   1.000000  12.000000
   25 O   3  O  O    0.030000  -1.000000   1.000000  12.000000
   26 O   3  H  H    0.030000   1.000000   1.000000  12.000000
   27 O   3  H  O    0.030000   1.000000   1.000000  12.000000
   28 O   3  O  O    0.030000   1.000000   1.000000  12.000000
   29 O   3  H  H    0.070000  -1.000000   1.000000  12.000000
   30 O   3  H  H    0.070000   1.000000   1.000000  12.000000
 -------------------------------------------------------------
 =============================================================
 Short range symmetry function values for element H 
 Training set:  min           max       average         range        stddev      range/stddev
   1     1.70419690    2.88509621    2.23689475    1.18089931    0.17467869    6.76040855
   2     1.02017964    1.59230667    1.31142138    0.57212703    0.08578947    6.66896596
   3     1.17936361    2.13790088    1.61989929    0.95853727    0.14098470    6.79887446
   4     0.76901938    1.22035287    1.00298053    0.45133349    0.06890763    6.54983289
   5     0.60052823    1.22624371    0.88916013    0.62571549    0.09264121    6.75418088
   6     0.48688518    0.78385522    0.63933376    0.29697004    0.04594214    6.46400066
   7     0.28480581    0.65288360    0.44423346    0.36807778    0.05440701    6.76526420
   8     0.31607318    0.49785824    0.41813205    0.18178506    0.03082735    5.89687647
   9     0.29126429    0.45113211    0.35949375    0.15986782    0.02850922    5.60758374
  10     0.31283465    0.78907976    0.51920636    0.47624511    0.07327909    6.49905865
  11     0.23264991    0.34306146    0.27274258    0.11041155    0.01594085    6.92632908
  12     0.18987943    0.45250122    0.28742907    0.26262179    0.04177277    6.28691422
  13     0.15689823    0.23748288    0.19678923    0.08058465    0.01198134    6.72584837
  14     0.09147064    0.25978305    0.15620943    0.16831241    0.02247008    7.49051103
  15     0.04454469    0.13221563    0.08881442    0.08767094    0.01282565    6.83559402
  16     0.01407024    0.12459478    0.05615349    0.11052455    0.01745814    6.33083311
  17     0.00258645    0.03097969    0.01656658    0.02839324    0.00503789    5.63594040
  18     0.00965760    0.03120953    0.01979497    0.02155193    0.00333174    6.46866541
  19     0.00280988    0.03211150    0.01573793    0.02930161    0.00480454    6.09873193
  20     0.08064997    0.19615365    0.13443471    0.11550368    0.01686066    6.85048432
  21     0.00649295    0.03162694    0.01622011    0.02513400    0.00396500    6.33896610
  22     0.00076972    0.01239513    0.00554700    0.01162541    0.00202075    5.75301071
  23     0.04715129    0.11651159    0.07566258    0.06936030    0.01022593    6.78278925
  24     0.00125760    0.00696243    0.00355692    0.00570482    0.00092139    6.19152718
  25     0.00166621    0.00614761    0.00340898    0.00448140    0.00073352    6.10945408
  26     0.01710062    0.03437715    0.02405410    0.01727654    0.00274351    6.29723333
  27     0.00130523    0.00379304    0.00244707    0.00248781    0.00038236    6.50642232
 =============================================================
 Short range symmetry function values for element O 
 Training set:  min           max       average         range        stddev      range/stddev
   1     2.14106529    3.24178267    2.62284276    1.10071738    0.17243237    6.38347305
   2     0.69528394    1.22704739    0.94901133    0.53176345    0.08362538    6.35887636
   3     1.61848162    2.48287374    2.00596106    0.86439212    0.13693385    6.31247957
   4     0.43967528    0.84819224    0.64432398    0.40851696    0.06476238    6.30793584
   5     1.01746177    1.62350189    1.27866752    0.60604013    0.08740386    6.93379147
   6     0.17348192    0.42893010    0.29483922    0.25544818    0.03791015    6.73825204
   7     0.68089668    1.03976202    0.83626411    0.35886535    0.05205261    6.89428109
   8     0.05096269    0.16821754    0.10371495    0.11725485    0.01813106    6.46707122
   9     0.59879602    0.84707631    0.71898751    0.24828029    0.03977477    6.24215603
  10     0.23021385    0.71033985    0.45186347    0.48012599    0.07093456    6.76857673
  11     0.48343402    0.61516903    0.54548516    0.13173501    0.02182548    6.03583676
  12     0.11468589    0.50413769    0.29003278    0.38945180    0.06380224    6.10404624
  13     0.32308048    0.45194128    0.39357847    0.12886081    0.01774001    7.26385247
  14     0.02942045    0.31791524    0.15149024    0.28849479    0.05109141    5.64663999
  15     0.11433930    0.23780906    0.17762884    0.12346976    0.01821296    6.77922730
  16     0.00056059    0.12154957    0.03621593    0.12098898    0.02297493    5.26613011
  17     0.00592150    0.02631478    0.01440431    0.02039328    0.00314205    6.49044819
  18     0.00012873    0.00149910    0.00056576    0.00137038    0.00022627    6.05628503
  19     0.10464700    0.27639300    0.18315599    0.17174600    0.02696797    6.36851721
  20     0.00397282    0.01739870    0.00930430    0.01342588    0.00208880    6.42756854
  21     0.01341316    0.04340235    0.02882453    0.02998919    0.00499883    5.99923718
  22     0.03498921    0.11116190    0.06611916    0.07617269    0.01193618    6.38166566
  23     0.02759331    0.06987800    0.04685430    0.04228469    0.00661260    6.39456498
  24     0.00176415    0.01279951    0.00561214    0.01103536    0.00154719    7.13250620
  25     0.00002986    0.00062617    0.00019637    0.00059632    0.00008397    7.10113007
  26     0.02512488    0.08402467    0.04502839    0.05889979    0.00796052    7.39898401
  27     0.01325366    0.05819916    0.03080357    0.04494550    0.00698624    6.43342986
  28     0.00010811    0.00157520    0.00056099    0.00146708    0.00021640    6.77960504
  29     0.01171016    0.02268921    0.01649457    0.01097905    0.00190817    5.75369527
  30     0.00578667    0.01871109    0.01096851    0.01292442    0.00180954    7.14239767
 -------------------------------------------------------------
 Energies in training set (Ha/atom):
                   Emin          Emax          average        stddev          range
 Eshort         19.653411      19.653807      19.653616       0.000090       0.000396
 Eelec          -0.000755      -0.000704      -0.000734       0.000012       0.000051
 Etot           19.652680      19.653060      19.652882       0.000089       0.000380
 -------------------------------------------------------------
 Energies in training set (eV/atom):
                   Emin          Emax          average        stddev          range
 Eshort        534.788964     534.799748     534.794550       0.002439       0.010784
 Eelec          -0.020544      -0.019148      -0.019976       0.000332       0.001395
 Etot          534.769070     534.779413     534.774574       0.002417       0.010343
 -------------------------------------------------------------
 Force vectors in training set (Ha/Bohr):
               Fmin          Fmax          average        stddev          range
 H          0.000003       0.080820       0.021030       0.012911       0.080817
 O          0.000008       0.097456       0.031663       0.016247       0.097448
 -------------------------------------------------------------
 Force vectors in training set (eV/Bohr):
               Fmin          Fmax          average        stddev          range
 H          0.000074       2.199182       0.572239       0.351321       2.199108
 O          0.000215       2.651866       0.861579       0.442084       2.651650
 -------------------------------------------------------------
 Force components in training set (Ha/Bohr):
               Fmin          Fmax          range
 H          0.000003       0.080820       0.080817
 O          0.000008       0.097456       0.097448
 -------------------------------------------------------------
 Force components in training set (eV/Bohr):
               Fmin          Fmax          range
 H          0.000074       2.199182       2.199108
 O          0.000215       2.651866       2.651650
 -------------------------------------------------------------
 number of training points           17
 number of training atoms          3264
 number of training forces         9792
 number of testing points             3
 number of testing atoms            576
 number of testing forces          1728
 -------------------------------------------------------------
 Number of atoms for each element:   
            training:    testing:   
  1  H          2176         384
  2  O          1088         192
 =============================================================
 Weight Preconditioner:
 Warning: Forces are not used for preconditioning
 ----------------------
 -------------------------------------------------------------
 Final preconditioning of the output values:
 --------------------------------------------
 Minimum NN Eshort         -1.440875 Ha/atom
 Minimum Ref Eshort        19.653411 Ha/atom
 Maximum NN Eshort         -1.390263 Ha/atom
 Maximum Ref Eshort        19.653807 Ha/atom
 Average NN Eshort         -1.419143 Ha/atom
 Average Ref Eshort        19.653616 Ha/atom
 Stddev NN Eshort           0.014891 Ha/atom
 Stddev Ref Eshort          0.000090 Ha/atom
 Factor for connecting short range weights:       0.006019
 =============================================================
 -------------------------------------------------------------
 initialization time (min):    0.00
 -------------------------------------------------------------
 Did you check your output file for warnings? ;-)             
 -------------------------------------------------------------
 Short range energies below      10000.000 Ha/atom are used for fitting and Eshort RMSE!
 => Fitted energy range has width of          0.000 Ha/atom =          0.011 eV/atom
 => Number of short range training energies below max_energy:         17
 Force components below      10000.000 Ha/Bohr are used for fitting and Fshort RMSE!
 H   => Fitted force range has width of          0.081 Ha/Bohr =          2.199 eV/Bohr
 H   => Number of short range training force components below max_force:       6528
 O   => Fitted force range has width of          0.097 Ha/Bohr =          2.652 eV/Bohr
 O   => Number of short range training force components below max_force:       3264
 -------------------------------------------------------------------------------
 RMSEs (energies: eV/atom, forces: eV/Bohr):
                      --- E_short: ---    - time -
                          /atom              min
        epoch         train         test
 ENERGY     0      0.003835     0.003312    0.11
 FORCES     0      0.449416     0.447059
 -------------------------------------------------------------------------------
 ENERGY     1      0.002903     0.002976    0.24
 FORCES     1      0.420043     0.416365
 INFORMATION USED FOR UPDATE (E,F)     1        98        89
 -------------------------------------------------------------------------------
 ENERGY     2      0.001994     0.001927    0.31
 FORCES     2      0.360744     0.358040
 INFORMATION USED FOR UPDATE (E,F)     2        94        85
 -------------------------------------------------------------------------------
 ENERGY     3      0.001631     0.000698    0.27
 FORCES     3      0.299079     0.293051
 INFORMATION USED FOR UPDATE (E,F)     3        93        86
 -------------------------------------------------------------------------------
 ENERGY     4      0.001187     0.001133    0.25
 FORCES     4      0.253180     0.248911
 INFORMATION USED FOR UPDATE (E,F)     4        76        70
 -------------------------------------------------------------------------------
 ENERGY     5      0.000963     0.001443    0.23
 FORCES     5      0.204001     0.201482
 INFORMATION USED FOR UPDATE (E,F)     5       108        99
 -------------------------------------------------------------------------------
 ENERGY     6      0.000765     0.001145    0.22
 FORCES     6      0.187143     0.182384
 INFORMATION USED FOR UPDATE (E,F)     6        90        82
 -------------------------------------------------------------------------------
 ENERGY     7      0.000837     0.001287    0.24
 FORCES     7      0.165822     0.164339
 INFORMATION USED FOR UPDATE (E,F)     7        90        80
 -------------------------------------------------------------------------------
 ENERGY     8      0.000745     0.001221    0.22
 FORCES     8      0.165859     0.164234
 INFORMATION USED FOR UPDATE (E,F)     8        82        74
 -------------------------------------------------------------------------------
 ENERGY     9      0.000777     0.001419    0.23
 FORCES     9      0.155511     0.155676
 INFORMATION USED FOR UPDATE (E,F)     9       102        98
 -------------------------------------------------------------------------------
 ENERGY    10      0.000435     0.001511    0.22
 FORCES    10      0.143825     0.144212
 INFORMATION USED FOR UPDATE (E,F)    10        84        81
 =============================================================
 Best short range fit has been obtained in epoch     3
                    --- E_short: ---          --- F_short: ---
                   train         test        train         test
 OPTSHORT        0.001631     0.000698     0.299079     0.293051
 -------------------------------------------------------------
 max Eshort error in last epoch (train set):       0.000950  eV/atom (structure       11 )
 max Eshort error in last epoch (test set) :       0.002026  eV/atom (structure        3 )
 -------------------------------------------------------------
 Total runtime (s)  :        154.542
 Total runtime (min):          2.576
 Total runtime (h)  :          0.043
 Normal termination of RuNNer
 -------------------------------------------------------------
