     -0.4756790544 a         1     0     1     1     1
     -0.2653017353 a         2     0     1     1     2
     -0.2585074530 a         3     0     1     1     3
     -0.0807165272 a         4     0     1     1     4
      0.1081008623 a         5     0     1     1     5
      0.2162854135 a         6     0     1     1     6
      0.3713995164 a         7     0     1     1     7
      0.1340473352 a         8     0     1     1     8
      0.4558423604 a         9     0     1     1     9
      0.0857470441 a        10     0     1     1    10
     -0.0284980795 a        11     0     1     1    11
      0.2453373406 a        12     0     1     1    12
      0.2485673901 a        13     0     1     1    13
      0.4134212974 a        14     0     1     1    14
     -0.3211891538 a        15     0     1     1    15
      0.2211973452 a        16     0     1     1    16
     -0.1844157273 a        17     0     1     1    17
     -0.5015552909 a        18     0     1     1    18
     -0.0830298087 a        19     0     1     1    19
     -0.1276598905 a        20     0     1     1    20
     -0.4517367533 a        21     0     2     1     1
     -0.2227727745 a        22     0     2     1     2
      0.1609494325 a        23     0     2     1     3
     -0.4335066330 a        24     0     2     1     4
     -0.0262064593 a        25     0     2     1     5
      0.0178897550 a        26     0     2     1     6
      0.0697888068 a        27     0     2     1     7
      0.1019288516 a        28     0     2     1     8
      0.2596161825 a        29     0     2     1     9
     -0.1896749814 a        30     0     2     1    10
      0.1624883226 a        31     0     2     1    11
      0.1169587702 a        32     0     2     1    12
      0.2546318529 a        33     0     2     1    13
     -0.4242342248 a        34     0     2     1    14
     -0.3256280220 a        35     0     2     1    15
     -0.4181464938 a        36     0     2     1    16
      0.3862732271 a        37     0     2     1    17
     -0.3886940462 a        38     0     2     1    18
     -0.1706558716 a        39     0     2     1    19
     -0.2910630556 a        40     0     2     1    20
     -0.0772625915 a        41     0     3     1     1
      0.0345734581 a        42     0     3     1     2
     -0.0828347103 a        43     0     3     1     3
     -0.0572532629 a        44     0     3     1     4
      0.4375541754 a        45     0     3     1     5
      0.0268333612 a        46     0     3     1     6
     -0.0782490767 a        47     0     3     1     7
     -0.1530401393 a        48     0     3     1     8
     -0.0816417977 a        49     0     3     1     9
      0.2978849377 a        50     0     3     1    10
      0.2013299807 a        51     0     3     1    11
     -0.4627277164 a        52     0     3     1    12
     -0.4389006110 a        53     0     3     1    13
      0.0525181448 a        54     0     3     1    14
     -0.2675118843 a        55     0     3     1    15
     -0.4220510101 a        56     0     3     1    16
      0.0165219037 a        57     0     3     1    17
     -0.2720331778 a        58     0     3     1    18
      0.4066094461 a        59     0     3     1    19
      0.3448232970 a        60     0     3     1    20
      0.1816262309 a        61     0     4     1     1
      0.3512951196 a        62     0     4     1     2
     -0.2959443446 a        63     0     4     1     3
     -0.0751870091 a        64     0     4     1     4
     -0.4238148554 a        65     0     4     1     5
      0.1306630769 a        66     0     4     1     6
     -0.1442438908 a        67     0     4     1     7
     -0.1443670865 a        68     0     4     1     8
      0.4993439487 a        69     0     4     1     9
      0.1491616898 a        70     0     4     1    10
      0.2691170159 a        71     0     4     1    11
     -0.1126606916 a        72     0     4     1    12
     -0.0901222151 a        73     0     4     1    13
      0.3321260028 a        74     0     4     1    14
     -0.1594583812 a        75     0     4     1    15
      0.4418405909 a        76     0     4     1    16
     -0.3416551380 a        77     0     4     1    17
     -0.0709160700 a        78     0     4     1    18
     -0.3232263442 a        79     0     4     1    19
     -0.0114797815 a        80     0     4     1    20
      0.4534827660 a        81     0     5     1     1
     -0.4810752187 a        82     0     5     1     2
      0.3864970864 a        83     0     5     1     3
     -0.4197687187 a        84     0     5     1     4
     -0.3685270746 a        85     0     5     1     5
      0.1077126814 a        86     0     5     1     6
      0.3687111811 a        87     0     5     1     7
     -0.1254022955 a        88     0     5     1     8
     -0.1973948702 a        89     0     5     1     9
     -0.3898972304 a        90     0     5     1    10
     -0.0175813180 a        91     0     5     1    11
     -0.0397838030 a        92     0     5     1    12
     -0.1542752768 a        93     0     5     1    13
      0.4212099934 a        94     0     5     1    14
     -0.3896323805 a        95     0     5     1    15
     -0.2850735195 a        96     0     5     1    16
     -0.1541901114 a        97     0     5     1    17
      0.5360593845 a        98     0     5     1    18
      0.0314939324 a        99     0     5     1    19
     -0.2003165763 a       100     0     5     1    20
      0.1500597656 a       101     0     6     1     1
      0.3419795025 a       102     0     6     1     2
     -0.0043230977 a       103     0     6     1     3
      0.4513498223 a       104     0     6     1     4
     -0.3506453996 a       105     0     6     1     5
      0.3092305537 a       106     0     6     1     6
     -0.3717415030 a       107     0     6     1     7
     -0.3912872356 a       108     0     6     1     8
     -0.1144936698 a       109     0     6     1     9
     -0.2534389688 a       110     0     6     1    10
      0.3446449224 a       111     0     6     1    11
      0.4073963636 a       112     0     6     1    12
     -0.4715344066 a       113     0     6     1    13
      0.3424622636 a       114     0     6     1    14
      0.1324399667 a       115     0     6     1    15
      0.0162741527 a       116     0     6     1    16
      0.3798914585 a       117     0     6     1    17
     -0.5019389362 a       118     0     6     1    18
     -0.2615075964 a       119     0     6     1    19
      0.0191768596 a       120     0     6     1    20
      0.0554417291 a       121     0     7     1     1
      0.1155133584 a       122     0     7     1     2
     -0.4139813987 a       123     0     7     1     3
      0.1777089205 a       124     0     7     1     4
      0.3572724558 a       125     0     7     1     5
      0.3687402770 a       126     0     7     1     6
     -0.3204927510 a       127     0     7     1     7
     -0.0898045013 a       128     0     7     1     8
      0.2088471398 a       129     0     7     1     9
      0.4639980174 a       130     0     7     1    10
      0.0704076057 a       131     0     7     1    11
      0.1164702776 a       132     0     7     1    12
     -0.1540933490 a       133     0     7     1    13
     -0.2456977788 a       134     0     7     1    14
     -0.4162093282 a       135     0     7     1    15
      0.1266129072 a       136     0     7     1    16
      0.3702407224 a       137     0     7     1    17
      0.2695849033 a       138     0     7     1    18
      0.0829128875 a       139     0     7     1    19
     -0.3222038549 a       140     0     7     1    20
      0.1880526651 a       141     0     8     1     1
     -0.1179322366 a       142     0     8     1     2
     -0.1871581629 a       143     0     8     1     3
     -0.1177884576 a       144     0     8     1     4
      0.3381417744 a       145     0     8     1     5
     -0.0431223650 a       146     0     8     1     6
     -0.2884719901 a       147     0     8     1     7
     -0.1450323145 a       148     0     8     1     8
     -0.2446374985 a       149     0     8     1     9
     -0.3050685076 a       150     0     8     1    10
      0.4088536938 a       151     0     8     1    11
      0.0963358865 a       152     0     8     1    12
     -0.2496917137 a       153     0     8     1    13
      0.1102170584 a       154     0     8     1    14
     -0.3649282680 a       155     0     8     1    15
     -0.2444899791 a       156     0     8     1    16
      0.1796562371 a       157     0     8     1    17
      0.2063109650 a       158     0     8     1    18
      0.4437704154 a       159     0     8     1    19
     -0.1476611405 a       160     0     8     1    20
     -0.1756652761 a       161     0     9     1     1
      0.4611606070 a       162     0     9     1     2
     -0.2219884452 a       163     0     9     1     3
      0.2137924412 a       164     0     9     1     4
     -0.1225782594 a       165     0     9     1     5
      0.3887218795 a       166     0     9     1     6
     -0.0950923620 a       167     0     9     1     7
      0.1963023999 a       168     0     9     1     8
      0.0727259475 a       169     0     9     1     9
      0.0487209026 a       170     0     9     1    10
      0.4896771879 a       171     0     9     1    11
      0.4697127165 a       172     0     9     1    12
     -0.3105460701 a       173     0     9     1    13
      0.3472620132 a       174     0     9     1    14
      0.0022001800 a       175     0     9     1    15
     -0.2510056050 a       176     0     9     1    16
      0.3176038334 a       177     0     9     1    17
     -0.1902203759 a       178     0     9     1    18
     -0.1215441273 a       179     0     9     1    19
     -0.3544118841 a       180     0     9     1    20
      0.4969366160 a       181     0    10     1     1
     -0.4927877245 a       182     0    10     1     2
      0.3104897291 a       183     0    10     1     3
     -0.1711556483 a       184     0    10     1     4
      0.0258077948 a       185     0    10     1     5
      0.4060310898 a       186     0    10     1     6
      0.1039357471 a       187     0    10     1     7
     -0.1461558209 a       188     0    10     1     8
      0.0542525736 a       189     0    10     1     9
      0.3865926243 a       190     0    10     1    10
     -0.4176550502 a       191     0    10     1    11
      0.0401919608 a       192     0    10     1    12
      0.1547487572 a       193     0    10     1    13
     -0.2598951110 a       194     0    10     1    14
     -0.3101787380 a       195     0    10     1    15
      0.2797436938 a       196     0    10     1    16
     -0.0135035146 a       197     0    10     1    17
     -0.4997615720 a       198     0    10     1    18
      0.3559057325 a       199     0    10     1    19
     -0.1304775016 a       200     0    10     1    20
      0.0438134035 a       201     0    11     1     1
      0.3359567908 a       202     0    11     1     2
     -0.2016138568 a       203     0    11     1     3
     -0.3542265254 a       204     0    11     1     4
     -0.0191012960 a       205     0    11     1     5
     -0.0180571882 a       206     0    11     1     6
     -0.3197979575 a       207     0    11     1     7
     -0.2887813402 a       208     0    11     1     8
     -0.3059614281 a       209     0    11     1     9
     -0.0680987689 a       210     0    11     1    10
     -0.2284114090 a       211     0    11     1    11
      0.3225652628 a       212     0    11     1    12
      0.0867635542 a       213     0    11     1    13
      0.4428939194 a       214     0    11     1    14
      0.1688897335 a       215     0    11     1    15
      0.2345806719 a       216     0    11     1    16
     -0.2492382117 a       217     0    11     1    17
     -0.2245153524 a       218     0    11     1    18
      0.2128151010 a       219     0    11     1    19
      0.2503497185 a       220     0    11     1    20
      0.2488544337 a       221     0    12     1     1
      0.0418104865 a       222     0    12     1     2
     -0.3485108900 a       223     0    12     1     3
     -0.4495995445 a       224     0    12     1     4
     -0.1530192800 a       225     0    12     1     5
     -0.0272010606 a       226     0    12     1     6
      0.0074883535 a       227     0    12     1     7
      0.4930569085 a       228     0    12     1     8
     -0.4023456884 a       229     0    12     1     9
      0.0972257279 a       230     0    12     1    10
      0.5045031380 a       231     0    12     1    11
      0.4404299309 a       232     0    12     1    12
      0.1631454267 a       233     0    12     1    13
      0.2907141875 a       234     0    12     1    14
      0.3669748103 a       235     0    12     1    15
      0.1364150403 a       236     0    12     1    16
     -0.1345937347 a       237     0    12     1    17
     -0.0019533071 a       238     0    12     1    18
      0.1673106396 a       239     0    12     1    19
     -0.4724008324 a       240     0    12     1    20
      0.3667044981 a       241     0    13     1     1
      0.2245366920 a       242     0    13     1     2
     -0.3722422912 a       243     0    13     1     3
      0.0215709988 a       244     0    13     1     4
      0.4652089176 a       245     0    13     1     5
      0.3417782857 a       246     0    13     1     6
     -0.3536969980 a       247     0    13     1     7
      0.2350950606 a       248     0    13     1     8
     -0.2595089018 a       249     0    13     1     9
      0.1877126464 a       250     0    13     1    10
     -0.1584351889 a       251     0    13     1    11
      0.3505423442 a       252     0    13     1    12
     -0.1836731420 a       253     0    13     1    13
     -0.3940824392 a       254     0    13     1    14
     -0.2598360238 a       255     0    13     1    15
     -0.4238248057 a       256     0    13     1    16
     -0.1034824698 a       257     0    13     1    17
      0.0892871599 a       258     0    13     1    18
      0.0712976096 a       259     0    13     1    19
     -0.3869112605 a       260     0    13     1    20
      0.2943644347 a       261     0    14     1     1
      0.3734671855 a       262     0    14     1     2
     -0.0067984535 a       263     0    14     1     3
     -0.1896585249 a       264     0    14     1     4
      0.4216570800 a       265     0    14     1     5
      0.4664474986 a       266     0    14     1     6
      0.1288539240 a       267     0    14     1     7
      0.4115517373 a       268     0    14     1     8
      0.4521112002 a       269     0    14     1     9
     -0.2930750912 a       270     0    14     1    10
     -0.2721129892 a       271     0    14     1    11
     -0.2088517129 a       272     0    14     1    12
      0.3934886260 a       273     0    14     1    13
     -0.2512541826 a       274     0    14     1    14
      0.3845042376 a       275     0    14     1    15
     -0.2184101687 a       276     0    14     1    16
      0.2744297243 a       277     0    14     1    17
     -0.3769276415 a       278     0    14     1    18
      0.0347280203 a       279     0    14     1    19
     -0.4283860758 a       280     0    14     1    20
     -0.4593167553 a       281     0    15     1     1
      0.2351979984 a       282     0    15     1     2
      0.1243629256 a       283     0    15     1     3
      0.4684911146 a       284     0    15     1     4
      0.0915111228 a       285     0    15     1     5
      0.4887038054 a       286     0    15     1     6
      0.4460297641 a       287     0    15     1     7
     -0.2411542455 a       288     0    15     1     8
     -0.2529398775 a       289     0    15     1     9
     -0.3622731262 a       290     0    15     1    10
      0.0535121069 a       291     0    15     1    11
      0.1693351218 a       292     0    15     1    12
     -0.4799682077 a       293     0    15     1    13
      0.0075124847 a       294     0    15     1    14
     -0.0035912819 a       295     0    15     1    15
     -0.4544237790 a       296     0    15     1    16
     -0.2886776994 a       297     0    15     1    17
     -0.0114468296 a       298     0    15     1    18
     -0.2082895645 a       299     0    15     1    19
      0.3051508423 a       300     0    15     1    20
     -0.3476006074 a       301     0    16     1     1
     -0.2005275570 a       302     0    16     1     2
     -0.2301613646 a       303     0    16     1     3
      0.0844914143 a       304     0    16     1     4
      0.4181723298 a       305     0    16     1     5
      0.2822766324 a       306     0    16     1     6
     -0.3951541236 a       307     0    16     1     7
     -0.2665745441 a       308     0    16     1     8
      0.0670987295 a       309     0    16     1     9
     -0.3665136938 a       310     0    16     1    10
     -0.3309359262 a       311     0    16     1    11
      0.0754748410 a       312     0    16     1    12
      0.1911323223 a       313     0    16     1    13
     -0.0192810277 a       314     0    16     1    14
      0.2187584864 a       315     0    16     1    15
      0.0091395526 a       316     0    16     1    16
     -0.2401374528 a       317     0    16     1    17
      0.0213302183 a       318     0    16     1    18
      0.2976606747 a       319     0    16     1    19
     -0.4240029454 a       320     0    16     1    20
     -0.3456485323 a       321     0    17     1     1
      0.2929225019 a       322     0    17     1     2
     -0.3290759093 a       323     0    17     1     3
     -0.4092067203 a       324     0    17     1     4
     -0.4022852008 a       325     0    17     1     5
      0.0191288210 a       326     0    17     1     6
     -0.4680571099 a       327     0    17     1     7
     -0.4520591518 a       328     0    17     1     8
     -0.2152148880 a       329     0    17     1     9
     -0.3759024981 a       330     0    17     1    10
     -0.3729028545 a       331     0    17     1    11
      0.0430203547 a       332     0    17     1    12
      0.4613484642 a       333     0    17     1    13
      0.4201887179 a       334     0    17     1    14
     -0.1221894229 a       335     0    17     1    15
      0.4044525200 a       336     0    17     1    16
      0.2558775148 a       337     0    17     1    17
     -0.1197796691 a       338     0    17     1    18
      0.0786900184 a       339     0    17     1    19
     -0.0631241768 a       340     0    17     1    20
     -0.3658774948 a       341     0    18     1     1
     -0.3047013590 a       342     0    18     1     2
     -0.3740457598 a       343     0    18     1     3
      0.3343683415 a       344     0    18     1     4
     -0.4364004436 a       345     0    18     1     5
      0.3210940482 a       346     0    18     1     6
      0.1911946190 a       347     0    18     1     7
     -0.3997476109 a       348     0    18     1     8
      0.1203941697 a       349     0    18     1     9
     -0.0489010993 a       350     0    18     1    10
      0.2560785626 a       351     0    18     1    11
     -0.0780631809 a       352     0    18     1    12
      0.2976231737 a       353     0    18     1    13
     -0.0643109747 a       354     0    18     1    14
     -0.1527811551 a       355     0    18     1    15
     -0.4002364225 a       356     0    18     1    16
     -0.1520650564 a       357     0    18     1    17
     -0.0445252821 a       358     0    18     1    18
     -0.4655409910 a       359     0    18     1    19
      0.1288309808 a       360     0    18     1    20
     -0.0703526943 a       361     0    19     1     1
      0.1054812276 a       362     0    19     1     2
      0.3950150231 a       363     0    19     1     3
      0.0033648748 a       364     0    19     1     4
      0.1874288224 a       365     0    19     1     5
      0.0929483937 a       366     0    19     1     6
     -0.3308718235 a       367     0    19     1     7
      0.1488929238 a       368     0    19     1     8
      0.1575984300 a       369     0    19     1     9
     -0.0864238645 a       370     0    19     1    10
      0.3575443400 a       371     0    19     1    11
      0.1128146583 a       372     0    19     1    12
      0.0571012306 a       373     0    19     1    13
      0.2003042125 a       374     0    19     1    14
      0.3887707566 a       375     0    19     1    15
     -0.0705014521 a       376     0    19     1    16
     -0.3120840284 a       377     0    19     1    17
      0.1269322203 a       378     0    19     1    18
      0.2410108830 a       379     0    19     1    19
     -0.3735912277 a       380     0    19     1    20
     -0.0609882997 a       381     0    20     1     1
     -0.2450147072 a       382     0    20     1     2
     -0.0821545513 a       383     0    20     1     3
      0.1820468783 a       384     0    20     1     4
      0.2123529443 a       385     0    20     1     5
      0.0329186722 a       386     0    20     1     6
      0.2773153290 a       387     0    20     1     7
      0.3536641551 a       388     0    20     1     8
      0.2323419566 a       389     0    20     1     9
      0.4505258785 a       390     0    20     1    10
     -0.1348540879 a       391     0    20     1    11
      0.4840737218 a       392     0    20     1    12
      0.4619813807 a       393     0    20     1    13
     -0.1991259060 a       394     0    20     1    14
      0.4177543530 a       395     0    20     1    15
     -0.2918783599 a       396     0    20     1    16
     -0.0420161177 a       397     0    20     1    17
      0.1064574973 a       398     0    20     1    18
     -0.0952407516 a       399     0    20     1    19
     -0.4695797822 a       400     0    20     1    20
     -0.0234680473 a       401     0    21     1     1
     -0.0143544232 a       402     0    21     1     2
      0.4375125396 a       403     0    21     1     3
      0.1667699949 a       404     0    21     1     4
     -0.1045484741 a       405     0    21     1     5
     -0.5058297106 a       406     0    21     1     6
     -0.3387167928 a       407     0    21     1     7
     -0.1757624486 a       408     0    21     1     8
      0.4953305272 a       409     0    21     1     9
      0.4526363963 a       410     0    21     1    10
     -0.0895745612 a       411     0    21     1    11
      0.1830269455 a       412     0    21     1    12
      0.3001900609 a       413     0    21     1    13
      0.0750887901 a       414     0    21     1    14
     -0.4305371664 a       415     0    21     1    15
      0.0823594905 a       416     0    21     1    16
     -0.3592350746 a       417     0    21     1    17
     -0.4948556594 a       418     0    21     1    18
     -0.4674810558 a       419     0    21     1    19
      0.1312022224 a       420     0    21     1    20
      0.4002804811 a       421     0    22     1     1
      0.4136747311 a       422     0    22     1     2
     -0.4161073853 a       423     0    22     1     3
      0.2888895073 a       424     0    22     1     4
     -0.2416797805 a       425     0    22     1     5
     -0.4608942254 a       426     0    22     1     6
      0.2950401490 a       427     0    22     1     7
     -0.2157941952 a       428     0    22     1     8
      0.2427316900 a       429     0    22     1     9
     -0.1131118208 a       430     0    22     1    10
     -0.5787426935 a       431     0    22     1    11
     -0.1563168993 a       432     0    22     1    12
      0.2138850340 a       433     0    22     1    13
     -0.4815027340 a       434     0    22     1    14
     -0.0198390916 a       435     0    22     1    15
     -0.0143105750 a       436     0    22     1    16
     -0.2719976757 a       437     0    22     1    17
     -0.0194334547 a       438     0    22     1    18
      0.5011635971 a       439     0    22     1    19
     -0.2701123653 a       440     0    22     1    20
      0.0968720450 a       441     0    23     1     1
      0.1592072035 a       442     0    23     1     2
     -0.0952265498 a       443     0    23     1     3
      0.2958041773 a       444     0    23     1     4
     -0.0596716118 a       445     0    23     1     5
      0.2278419480 a       446     0    23     1     6
      0.4643817470 a       447     0    23     1     7
      0.3683765648 a       448     0    23     1     8
     -0.4187089715 a       449     0    23     1     9
     -0.2607959759 a       450     0    23     1    10
      0.3411288002 a       451     0    23     1    11
     -0.4749764234 a       452     0    23     1    12
      0.2365073911 a       453     0    23     1    13
     -0.1611315698 a       454     0    23     1    14
     -0.1682531289 a       455     0    23     1    15
      0.3529324816 a       456     0    23     1    16
     -0.5222951297 a       457     0    23     1    17
     -0.2163637716 a       458     0    23     1    18
      0.3684230721 a       459     0    23     1    19
      0.1998486729 a       460     0    23     1    20
      0.0163034859 a       461     0    24     1     1
     -0.0470312652 a       462     0    24     1     2
     -0.3146582959 a       463     0    24     1     3
     -0.3669201276 a       464     0    24     1     4
     -0.3946506314 a       465     0    24     1     5
     -0.0408034249 a       466     0    24     1     6
     -0.2984219112 a       467     0    24     1     7
      0.1551868228 a       468     0    24     1     8
     -0.0817914523 a       469     0    24     1     9
      0.1740445472 a       470     0    24     1    10
      0.1963851290 a       471     0    24     1    11
     -0.4439360038 a       472     0    24     1    12
     -0.4150990369 a       473     0    24     1    13
      0.4473737477 a       474     0    24     1    14
      0.3534693499 a       475     0    24     1    15
     -0.2641663518 a       476     0    24     1    16
      0.3535303650 a       477     0    24     1    17
     -0.3444651076 a       478     0    24     1    18
     -0.1720528767 a       479     0    24     1    19
     -0.0183884611 a       480     0    24     1    20
      0.2038094872 a       481     0    25     1     1
      0.3748031977 a       482     0    25     1     2
      0.3924293345 a       483     0    25     1     3
     -0.2771405163 a       484     0    25     1     4
      0.4227032357 a       485     0    25     1     5
     -0.5040841696 a       486     0    25     1     6
     -0.0792330910 a       487     0    25     1     7
      0.4638078293 a       488     0    25     1     8
     -0.4518081970 a       489     0    25     1     9
     -0.4540498258 a       490     0    25     1    10
     -0.0541867856 a       491     0    25     1    11
      0.2515211778 a       492     0    25     1    12
      0.1506604239 a       493     0    25     1    13
     -0.3041596712 a       494     0    25     1    14
      0.1038827823 a       495     0    25     1    15
     -0.3951030747 a       496     0    25     1    16
     -0.4880032509 a       497     0    25     1    17
     -0.3983787450 a       498     0    25     1    18
     -0.4919965408 a       499     0    25     1    19
      0.0785398640 a       500     0    25     1    20
      0.4757187798 a       501     0    26     1     1
      0.3420137704 a       502     0    26     1     2
      0.3118765967 a       503     0    26     1     3
      0.1100479651 a       504     0    26     1     4
     -0.1094715077 a       505     0    26     1     5
      0.3906073583 a       506     0    26     1     6
     -0.2839360856 a       507     0    26     1     7
      0.2056060344 a       508     0    26     1     8
     -0.2550527910 a       509     0    26     1     9
     -0.1899129910 a       510     0    26     1    10
      0.3813355558 a       511     0    26     1    11
     -0.3044009495 a       512     0    26     1    12
      0.1658162777 a       513     0    26     1    13
      0.1781674834 a       514     0    26     1    14
     -0.0989499517 a       515     0    26     1    15
      0.0777913074 a       516     0    26     1    16
     -0.4893068443 a       517     0    26     1    17
      0.1957022003 a       518     0    26     1    18
      0.2997321021 a       519     0    26     1    19
     -0.4694669544 a       520     0    26     1    20
     -0.2618791105 a       521     0    27     1     1
      0.2395381250 a       522     0    27     1     2
      0.4211138619 a       523     0    27     1     3
     -0.4477998006 a       524     0    27     1     4
      0.0698957404 a       525     0    27     1     5
     -0.2991699754 a       526     0    27     1     6
      0.1263441361 a       527     0    27     1     7
     -0.3658560511 a       528     0    27     1     8
     -0.1529909924 a       529     0    27     1     9
      0.4309770667 a       530     0    27     1    10
      0.0504517448 a       531     0    27     1    11
     -0.2983680594 a       532     0    27     1    12
      0.3730220207 a       533     0    27     1    13
      0.2300390906 a       534     0    27     1    14
      0.4546465592 a       535     0    27     1    15
     -0.2611099920 a       536     0    27     1    16
     -0.0366561179 a       537     0    27     1    17
     -0.2448154663 a       538     0    27     1    18
     -0.2844734980 a       539     0    27     1    19
      0.2026994565 a       540     0    27     1    20
      0.1741530248 a       541     0    28     1     1
      0.3223624245 a       542     0    28     1     2
      0.2507112409 a       543     0    28     1     3
     -0.4559203150 a       544     0    28     1     4
     -0.2889110764 a       545     0    28     1     5
      0.1090496045 a       546     0    28     1     6
      0.3490793682 a       547     0    28     1     7
     -0.5262248974 a       548     0    28     1     8
     -0.4832840213 a       549     0    28     1     9
      0.3058311095 a       550     0    28     1    10
     -0.2253244265 a       551     0    28     1    11
     -0.4707415986 a       552     0    28     1    12
     -0.3703016124 a       553     0    28     1    13
     -0.1416352508 a       554     0    28     1    14
      0.4404602749 a       555     0    28     1    15
     -0.4453679854 a       556     0    28     1    16
      0.3697334995 a       557     0    28     1    17
     -0.3009542877 a       558     0    28     1    18
     -0.4079406742 a       559     0    28     1    19
      0.4524570251 a       560     0    28     1    20
      1.3753508421 b       561     1     1
      0.4876587844 b       562     1     2
      1.3904209436 b       563     1     3
     -1.4379293021 b       564     1     4
     -1.0565518189 b       565     1     5
      1.3550802906 b       566     1     6
     -0.5287064421 b       567     1     7
      0.9869226826 b       568     1     8
      0.2784484979 b       569     1     9
     -0.7460003195 b       570     1    10
      1.0253495300 b       571     1    11
     -0.3230003570 b       572     1    12
      0.6295313232 b       573     1    13
     -1.3023113912 b       574     1    14
     -0.7553125261 b       575     1    15
     -1.0720912451 b       576     1    16
     -0.1842067623 b       577     1    17
     -1.5128899563 b       578     1    18
     -1.2261335978 b       579     1    19
      1.1615211991 b       580     1    20
     -0.5577265934 a       581     1     1     2     1
      0.0921572448 a       582     1     1     2     2
     -0.2985445572 a       583     1     1     2     3
      0.5052233946 a       584     1     1     2     4
      0.8419120068 a       585     1     1     2     5
     -0.6466502168 a       586     1     1     2     6
     -0.3647201632 a       587     1     1     2     7
      0.2617882378 a       588     1     1     2     8
     -0.0801732578 a       589     1     1     2     9
      0.5153921312 a       590     1     1     2    10
      0.4680098137 a       591     1     1     2    11
      0.3417156765 a       592     1     1     2    12
     -0.1675111167 a       593     1     1     2    13
     -0.2682393636 a       594     1     1     2    14
     -0.0929040491 a       595     1     1     2    15
     -0.1202037997 a       596     1     1     2    16
     -0.4434818071 a       597     1     1     2    17
      0.4246279216 a       598     1     1     2    18
     -0.4394342222 a       599     1     1     2    19
     -0.5755477595 a       600     1     1     2    20
      0.4553468353 a       601     1     2     2     1
     -0.0444268042 a       602     1     2     2     2
     -0.4478640866 a       603     1     2     2     3
      0.2700856197 a       604     1     2     2     4
     -0.4015698602 a       605     1     2     2     5
     -0.2413466852 a       606     1     2     2     6
     -0.4776335657 a       607     1     2     2     7
      0.4274688834 a       608     1     2     2     8
      0.4715255985 a       609     1     2     2     9
      0.4882992089 a       610     1     2     2    10
      0.3850425799 a       611     1     2     2    11
     -0.1115191726 a       612     1     2     2    12
      0.3162731364 a       613     1     2     2    13
     -0.0684180129 a       614     1     2     2    14
     -0.0189053702 a       615     1     2     2    15
     -0.5911450857 a       616     1     2     2    16
      0.0697302069 a       617     1     2     2    17
     -0.2981593499 a       618     1     2     2    18
      0.4972920594 a       619     1     2     2    19
     -0.1563660084 a       620     1     2     2    20
      0.5277428784 a       621     1     3     2     1
      0.5243877717 a       622     1     3     2     2
      0.5251126594 a       623     1     3     2     3
      0.4081812495 a       624     1     3     2     4
      0.0540070074 a       625     1     3     2     5
      0.3007555269 a       626     1     3     2     6
     -0.4113613892 a       627     1     3     2     7
      0.4473603504 a       628     1     3     2     8
     -0.4663926739 a       629     1     3     2     9
      0.1777745655 a       630     1     3     2    10
      0.2700367482 a       631     1     3     2    11
     -0.4599258954 a       632     1     3     2    12
     -0.3513271416 a       633     1     3     2    13
     -0.0892765195 a       634     1     3     2    14
     -0.0215506007 a       635     1     3     2    15
     -0.1426139982 a       636     1     3     2    16
     -0.1732183417 a       637     1     3     2    17
     -0.5110308696 a       638     1     3     2    18
      0.2473560130 a       639     1     3     2    19
     -0.2058221660 a       640     1     3     2    20
     -0.1779585815 a       641     1     4     2     1
      0.3981510359 a       642     1     4     2     2
      0.3542911261 a       643     1     4     2     3
     -0.2641074511 a       644     1     4     2     4
      0.2734068779 a       645     1     4     2     5
      0.2389401814 a       646     1     4     2     6
      0.4914782874 a       647     1     4     2     7
     -0.5057759516 a       648     1     4     2     8
     -0.5276736356 a       649     1     4     2     9
      0.5787464128 a       650     1     4     2    10
      0.4446145650 a       651     1     4     2    11
     -0.4683435642 a       652     1     4     2    12
     -0.4883043485 a       653     1     4     2    13
      0.4741848591 a       654     1     4     2    14
      0.0262888885 a       655     1     4     2    15
     -0.6405464012 a       656     1     4     2    16
      0.3641584075 a       657     1     4     2    17
      0.1894546566 a       658     1     4     2    18
     -0.3617539202 a       659     1     4     2    19
      0.2428545472 a       660     1     4     2    20
      0.3496938148 a       661     1     5     2     1
     -0.5606383214 a       662     1     5     2     2
      0.1637307400 a       663     1     5     2     3
      0.1092213492 a       664     1     5     2     4
      0.0488429916 a       665     1     5     2     5
      0.1980937335 a       666     1     5     2     6
     -0.1335344405 a       667     1     5     2     7
      0.3293808291 a       668     1     5     2     8
      0.0589272465 a       669     1     5     2     9
     -0.0051889976 a       670     1     5     2    10
      0.6248198340 a       671     1     5     2    11
     -0.5022616886 a       672     1     5     2    12
      0.2476292119 a       673     1     5     2    13
     -0.4020633926 a       674     1     5     2    14
      0.6277299034 a       675     1     5     2    15
     -0.3808687893 a       676     1     5     2    16
     -0.5486954928 a       677     1     5     2    17
     -0.0859456835 a       678     1     5     2    18
      0.2610561308 a       679     1     5     2    19
      0.3559391263 a       680     1     5     2    20
      0.5601472174 a       681     1     6     2     1
     -0.4634334312 a       682     1     6     2     2
      0.5079973054 a       683     1     6     2     3
     -0.4306411513 a       684     1     6     2     4
      0.3609178747 a       685     1     6     2     5
     -0.2514751034 a       686     1     6     2     6
      0.2994829571 a       687     1     6     2     7
     -0.5042943715 a       688     1     6     2     8
      0.4574338730 a       689     1     6     2     9
      0.3423535968 a       690     1     6     2    10
      0.1462770842 a       691     1     6     2    11
     -0.2971240669 a       692     1     6     2    12
     -0.6719806276 a       693     1     6     2    13
     -0.3178345874 a       694     1     6     2    14
     -0.5255728464 a       695     1     6     2    15
     -0.6222836585 a       696     1     6     2    16
      0.3458657634 a       697     1     6     2    17
      0.2633308451 a       698     1     6     2    18
     -0.4961355434 a       699     1     6     2    19
      0.3516752895 a       700     1     6     2    20
     -0.1429596258 a       701     1     7     2     1
     -0.5539689295 a       702     1     7     2     2
      0.3793588210 a       703     1     7     2     3
      0.4862401505 a       704     1     7     2     4
      0.1496669282 a       705     1     7     2     5
     -0.2759708502 a       706     1     7     2     6
     -0.3612827240 a       707     1     7     2     7
     -0.4187572740 a       708     1     7     2     8
      0.4016226002 a       709     1     7     2     9
      0.5064001761 a       710     1     7     2    10
     -0.1842972104 a       711     1     7     2    11
     -0.0672398756 a       712     1     7     2    12
     -0.3279032282 a       713     1     7     2    13
      0.4597179464 a       714     1     7     2    14
     -0.6428888623 a       715     1     7     2    15
     -0.0616241430 a       716     1     7     2    16
      0.4606692260 a       717     1     7     2    17
      0.5650444490 a       718     1     7     2    18
      0.4129221126 a       719     1     7     2    19
      0.5831481564 a       720     1     7     2    20
     -0.0216081195 a       721     1     8     2     1
     -0.5617307526 a       722     1     8     2     2
     -0.1750675121 a       723     1     8     2     3
      0.0480297901 a       724     1     8     2     4
      0.4706454435 a       725     1     8     2     5
      0.0063363348 a       726     1     8     2     6
     -0.2991703496 a       727     1     8     2     7
      0.1228849705 a       728     1     8     2     8
     -0.1497953441 a       729     1     8     2     9
      0.1733053041 a       730     1     8     2    10
     -0.2906704743 a       731     1     8     2    11
     -0.4754940605 a       732     1     8     2    12
     -0.4998150189 a       733     1     8     2    13
      0.2373124549 a       734     1     8     2    14
     -0.3875985325 a       735     1     8     2    15
     -0.0198666780 a       736     1     8     2    16
      0.0712617550 a       737     1     8     2    17
      0.2996314355 a       738     1     8     2    18
      0.4008121741 a       739     1     8     2    19
      0.1620080328 a       740     1     8     2    20
      0.0107953207 a       741     1     9     2     1
     -0.2700646339 a       742     1     9     2     2
     -0.5583591451 a       743     1     9     2     3
      0.4813310325 a       744     1     9     2     4
     -0.0125563529 a       745     1     9     2     5
     -0.2202594496 a       746     1     9     2     6
     -0.3794401459 a       747     1     9     2     7
     -0.2215506380 a       748     1     9     2     8
      0.0618263503 a       749     1     9     2     9
      0.5142869382 a       750     1     9     2    10
     -0.0531463129 a       751     1     9     2    11
      0.4484871454 a       752     1     9     2    12
     -0.6981603786 a       753     1     9     2    13
     -0.5126083561 a       754     1     9     2    14
     -0.3771786658 a       755     1     9     2    15
      0.1846716564 a       756     1     9     2    16
     -0.3374987697 a       757     1     9     2    17
     -0.3747638044 a       758     1     9     2    18
      0.1692014019 a       759     1     9     2    19
     -0.4542622417 a       760     1     9     2    20
      0.3540012914 a       761     1    10     2     1
     -0.1693389528 a       762     1    10     2     2
      0.2788710992 a       763     1    10     2     3
     -0.4431032616 a       764     1    10     2     4
      0.4132245053 a       765     1    10     2     5
      0.5535611437 a       766     1    10     2     6
     -0.4645022795 a       767     1    10     2     7
     -0.4041836007 a       768     1    10     2     8
      0.4401088178 a       769     1    10     2     9
     -0.3786754399 a       770     1    10     2    10
      0.1685182157 a       771     1    10     2    11
      0.1630742602 a       772     1    10     2    12
     -0.2992564170 a       773     1    10     2    13
     -0.2693533891 a       774     1    10     2    14
      0.0451902879 a       775     1    10     2    15
     -0.3538758237 a       776     1    10     2    16
     -0.3522075189 a       777     1    10     2    17
     -0.3027430044 a       778     1    10     2    18
      0.1125167557 a       779     1    10     2    19
     -0.5248130886 a       780     1    10     2    20
      0.4732425283 a       781     1    11     2     1
     -0.0113830131 a       782     1    11     2     2
      0.3256813290 a       783     1    11     2     3
      0.5538115051 a       784     1    11     2     4
     -0.6538101646 a       785     1    11     2     5
      0.4258197019 a       786     1    11     2     6
      0.6408744414 a       787     1    11     2     7
     -0.3167397007 a       788     1    11     2     8
     -0.0680504184 a       789     1    11     2     9
     -0.4049130269 a       790     1    11     2    10
     -0.3691263283 a       791     1    11     2    11
      0.1465655291 a       792     1    11     2    12
     -0.1377167578 a       793     1    11     2    13
     -0.2567946637 a       794     1    11     2    14
      0.5137511616 a       795     1    11     2    15
     -0.3710580331 a       796     1    11     2    16
      0.0390218105 a       797     1    11     2    17
      0.5814352670 a       798     1    11     2    18
      0.0175940781 a       799     1    11     2    19
      0.3248036154 a       800     1    11     2    20
      0.3130505171 a       801     1    12     2     1
     -0.2320185106 a       802     1    12     2     2
     -0.2418605975 a       803     1    12     2     3
      0.4290359829 a       804     1    12     2     4
      0.0236466044 a       805     1    12     2     5
      0.1231516207 a       806     1    12     2     6
     -0.0101797395 a       807     1    12     2     7
     -0.2281970419 a       808     1    12     2     8
      0.5014569165 a       809     1    12     2     9
      0.0428821514 a       810     1    12     2    10
      0.1754701163 a       811     1    12     2    11
     -0.3699190850 a       812     1    12     2    12
     -0.0863291978 a       813     1    12     2    13
      0.4556329875 a       814     1    12     2    14
      0.2212747155 a       815     1    12     2    15
      0.0379728222 a       816     1    12     2    16
     -0.4408357962 a       817     1    12     2    17
     -0.3020986467 a       818     1    12     2    18
      0.4762158410 a       819     1    12     2    19
      0.3394217328 a       820     1    12     2    20
     -0.0270178275 a       821     1    13     2     1
      0.1605487887 a       822     1    13     2     2
      0.1539286570 a       823     1    13     2     3
     -0.0002846742 a       824     1    13     2     4
     -0.1868263222 a       825     1    13     2     5
      0.1636987599 a       826     1    13     2     6
      0.2602862070 a       827     1    13     2     7
     -0.4033842541 a       828     1    13     2     8
     -0.3908651521 a       829     1    13     2     9
      0.0015576296 a       830     1    13     2    10
      0.5563615897 a       831     1    13     2    11
     -0.4506493314 a       832     1    13     2    12
      0.0175245430 a       833     1    13     2    13
     -0.2451533165 a       834     1    13     2    14
      0.1999193989 a       835     1    13     2    15
      0.6582121763 a       836     1    13     2    16
     -0.3552128741 a       837     1    13     2    17
     -0.4045565342 a       838     1    13     2    18
      0.0881835100 a       839     1    13     2    19
     -0.3412198824 a       840     1    13     2    20
     -0.3058267143 a       841     1    14     2     1
      0.1137640966 a       842     1    14     2     2
     -0.0077925615 a       843     1    14     2     3
      0.4965294934 a       844     1    14     2     4
      0.2473152984 a       845     1    14     2     5
     -0.7420471895 a       846     1    14     2     6
      0.2072589432 a       847     1    14     2     7
     -0.3383995289 a       848     1    14     2     8
     -0.5165152065 a       849     1    14     2     9
     -0.0708804594 a       850     1    14     2    10
      0.0153901153 a       851     1    14     2    11
      0.4273062951 a       852     1    14     2    12
      0.0970536244 a       853     1    14     2    13
      0.2591388322 a       854     1    14     2    14
      0.3056018084 a       855     1    14     2    15
      0.3116076372 a       856     1    14     2    16
     -0.4783014690 a       857     1    14     2    17
      0.4246154374 a       858     1    14     2    18
      0.2095765088 a       859     1    14     2    19
      0.3162515479 a       860     1    14     2    20
      0.4753016687 a       861     1    15     2     1
      0.3011792598 a       862     1    15     2     2
      0.5018369068 a       863     1    15     2     3
     -0.3358839428 a       864     1    15     2     4
      0.0164049395 a       865     1    15     2     5
      0.5302051715 a       866     1    15     2     6
     -0.4790797417 a       867     1    15     2     7
     -0.3415673730 a       868     1    15     2     8
      0.4173614752 a       869     1    15     2     9
     -0.5069698652 a       870     1    15     2    10
      0.3253394897 a       871     1    15     2    11
      0.4048971770 a       872     1    15     2    12
      0.5317362051 a       873     1    15     2    13
     -0.5307475618 a       874     1    15     2    14
     -0.0744549375 a       875     1    15     2    15
     -0.0083273960 a       876     1    15     2    16
     -0.0815873124 a       877     1    15     2    17
      0.4702950725 a       878     1    15     2    18
     -0.4030742883 a       879     1    15     2    19
      0.0785822245 a       880     1    15     2    20
      0.4279267003 a       881     1    16     2     1
     -0.0758468254 a       882     1    16     2     2
     -0.4616597479 a       883     1    16     2     3
     -0.3277750707 a       884     1    16     2     4
      0.1502535506 a       885     1    16     2     5
     -0.4984446737 a       886     1    16     2     6
      0.2999068987 a       887     1    16     2     7
     -0.4913174777 a       888     1    16     2     8
      0.4078339579 a       889     1    16     2     9
      0.0296511967 a       890     1    16     2    10
      0.2479399893 a       891     1    16     2    11
     -0.2823276333 a       892     1    16     2    12
      0.2180729164 a       893     1    16     2    13
     -0.2253668121 a       894     1    16     2    14
     -0.5449012478 a       895     1    16     2    15
      0.6037226345 a       896     1    16     2    16
     -0.3514768045 a       897     1    16     2    17
     -0.0083172932 a       898     1    16     2    18
      0.2452603784 a       899     1    16     2    19
      0.0348642290 a       900     1    16     2    20
      0.0522912951 a       901     1    17     2     1
     -0.5725817816 a       902     1    17     2     2
     -0.0815865777 a       903     1    17     2     3
     -0.3769085147 a       904     1    17     2     4
      0.4347368189 a       905     1    17     2     5
     -0.2765526339 a       906     1    17     2     6
      0.2687013514 a       907     1    17     2     7
      0.4361897454 a       908     1    17     2     8
      0.3900960798 a       909     1    17     2     9
      0.0955321892 a       910     1    17     2    10
     -0.6752066498 a       911     1    17     2    11
     -0.1060424792 a       912     1    17     2    12
     -0.1902106178 a       913     1    17     2    13
     -0.4013107019 a       914     1    17     2    14
     -0.2106961480 a       915     1    17     2    15
      0.0488593046 a       916     1    17     2    16
     -0.2740576282 a       917     1    17     2    17
      0.4415245118 a       918     1    17     2    18
      0.5864269777 a       919     1    17     2    19
     -0.2609020727 a       920     1    17     2    20
     -0.2190102453 a       921     1    18     2     1
      0.5379146938 a       922     1    18     2     2
      0.5346225521 a       923     1    18     2     3
      0.2677353042 a       924     1    18     2     4
     -0.3283136527 a       925     1    18     2     5
     -0.1089215673 a       926     1    18     2     6
     -0.1575621656 a       927     1    18     2     7
     -0.3215314811 a       928     1    18     2     8
     -0.3471373022 a       929     1    18     2     9
     -0.2476831034 a       930     1    18     2    10
     -0.2188410024 a       931     1    18     2    11
      0.4171039908 a       932     1    18     2    12
     -0.5357563580 a       933     1    18     2    13
     -0.3970147396 a       934     1    18     2    14
      0.0783984082 a       935     1    18     2    15
     -0.0823046045 a       936     1    18     2    16
      0.4744782439 a       937     1    18     2    17
     -0.3027629353 a       938     1    18     2    18
      0.5291146342 a       939     1    18     2    19
      0.4762363875 a       940     1    18     2    20
      0.4219855677 a       941     1    19     2     1
     -0.3291585797 a       942     1    19     2     2
      0.1986002633 a       943     1    19     2     3
      0.2157722451 a       944     1    19     2     4
      0.4223438605 a       945     1    19     2     5
     -0.0066686064 a       946     1    19     2     6
     -0.1250033724 a       947     1    19     2     7
      0.2420390912 a       948     1    19     2     8
     -0.1131379144 a       949     1    19     2     9
     -0.4488172010 a       950     1    19     2    10
      0.5561865631 a       951     1    19     2    11
      0.3570465200 a       952     1    19     2    12
     -0.0848182573 a       953     1    19     2    13
     -0.4407351021 a       954     1    19     2    14
      0.2043058059 a       955     1    19     2    15
     -0.2047936625 a       956     1    19     2    16
     -0.5719950855 a       957     1    19     2    17
      0.0064382527 a       958     1    19     2    18
     -0.4369616301 a       959     1    19     2    19
      0.3413113856 a       960     1    19     2    20
      0.4370186860 a       961     1    20     2     1
     -0.1834628224 a       962     1    20     2     2
     -0.3415843068 a       963     1    20     2     3
      0.0623093544 a       964     1    20     2     4
      0.3531654493 a       965     1    20     2     5
     -0.3133866251 a       966     1    20     2     6
     -0.4814358413 a       967     1    20     2     7
      0.0866608944 a       968     1    20     2     8
     -0.1616398589 a       969     1    20     2     9
      0.5030602459 a       970     1    20     2    10
     -0.0752684994 a       971     1    20     2    11
      0.4128846145 a       972     1    20     2    12
      0.1154615437 a       973     1    20     2    13
     -0.5030933228 a       974     1    20     2    14
      0.6339158278 a       975     1    20     2    15
     -0.3091369279 a       976     1    20     2    16
      0.3169419351 a       977     1    20     2    17
     -0.2477102591 a       978     1    20     2    18
      0.0949131787 a       979     1    20     2    19
     -0.4793011282 a       980     1    20     2    20
      1.5719014037 b       981     2     1
      0.4909662347 b       982     2     2
      1.2700228185 b       983     2     3
      0.6525734576 b       984     2     4
      0.7556653148 b       985     2     5
     -0.3572333406 b       986     2     6
     -1.4307531559 b       987     2     7
     -0.6857049236 b       988     2     8
     -0.8157734578 b       989     2     9
      0.4943591072 b       990     2    10
      1.1681710207 b       991     2    11
      0.2135068868 b       992     2    12
     -0.3645865666 b       993     2    13
      1.6180889625 b       994     2    14
     -0.6797264290 b       995     2    15
      1.5878392517 b       996     2    16
      1.5914017405 b       997     2    17
     -0.7003284412 b       998     2    18
     -0.3122846085 b       999     2    19
     -0.3706199029 b      1000     2    20
      0.0558720363 a      1001     2     1     3     1
     -0.0014917088 a      1002     2     2     3     1
     -0.0031929699 a      1003     2     3     3     1
      0.0335066898 a      1004     2     4     3     1
     -0.0034214225 a      1005     2     5     3     1
      0.0069980419 a      1006     2     6     3     1
      0.0116104255 a      1007     2     7     3     1
     -0.0214026900 a      1008     2     8     3     1
      0.0010559884 a      1009     2     9     3     1
      0.0403501369 a      1010     2    10     3     1
      0.0020923138 a      1011     2    11     3     1
      0.0012483740 a      1012     2    12     3     1
      0.0083862966 a      1013     2    13     3     1
     -0.0227601892 a      1014     2    14     3     1
     -0.0078989239 a      1015     2    15     3     1
     -0.0206704845 a      1016     2    16     3     1
     -0.0254047135 a      1017     2    17     3     1
      0.0316893437 a      1018     2    18     3     1
      0.0138642525 a      1019     2    19     3     1
      0.0347406385 a      1020     2    20     3     1
     19.6941522643 b      1021     3     1
