     -0.9113550986 a         1     0     1     1     1
     -0.1286593957 a         2     0     1     1     2
      0.3841846378 a         3     0     1     1     3
      0.5898765900 a         4     0     1     1     4
      0.9353030143 a         5     0     1     1     5
     -0.7552675863 a         6     0     1     1     6
      0.8495030260 a         7     0     1     1     7
     -0.7038574518 a         8     0     1     1     8
      0.4290085838 a         9     0     1     1     9
     -0.2934387675 a        10     0     1     1    10
      0.4647155460 a        11     0     1     1    11
     -0.9313056144 a        12     0     1     1    12
      0.8659668031 a        13     0     1     1    13
      0.5287112438 a        14     0     1     1    14
      0.1995802034 a        15     0     1     1    15
     -0.5556049982 a        16     0     2     1     1
     -0.8137840359 a        17     0     2     1     2
     -0.5877156288 a        18     0     2     1     3
     -0.7678847765 a        19     0     2     1     4
     -0.8453334442 a        20     0     2     1     5
      0.6143967150 a        21     0     2     1     6
      0.4928352804 a        22     0     2     1     7
     -0.8054566543 a        23     0     2     1     8
      0.5879974307 a        24     0     2     1     9
     -0.2121183279 a        25     0     2     1    10
     -0.9072475243 a        26     0     2     1    11
      0.6575560700 a        27     0     2     1    12
      0.7837385626 a        28     0     2     1    13
      0.1626270640 a        29     0     2     1    14
     -0.3400986957 a        30     0     2     1    15
     -0.5266579453 a        31     0     3     1     1
     -0.8001229798 a        32     0     3     1     2
      0.7255373916 a        33     0     3     1     3
      0.7805571126 a        34     0     3     1     4
     -0.2616894927 a        35     0     3     1     5
     -0.1035042980 a        36     0     3     1     6
     -0.3890431264 a        37     0     3     1     7
      0.8282574424 a        38     0     3     1     8
     -0.9596883238 a        39     0     3     1     9
     -0.0638578104 a        40     0     3     1    10
      0.7990699994 a        41     0     3     1    11
      1.0012795278 a        42     0     3     1    12
      0.6728539922 a        43     0     3     1    13
      0.9736262993 a        44     0     3     1    14
     -0.0441321460 a        45     0     3     1    15
     -0.9157276204 a        46     0     4     1     1
     -0.2515982454 a        47     0     4     1     2
      0.0943492598 a        48     0     4     1     3
      0.5820956748 a        49     0     4     1     4
      0.0418277985 a        50     0     4     1     5
     -0.4278391574 a        51     0     4     1     6
      0.2761905212 a        52     0     4     1     7
     -0.2837083361 a        53     0     4     1     8
      0.2714059205 a        54     0     4     1     9
     -0.4222336928 a        55     0     4     1    10
     -0.9064451317 a        56     0     4     1    11
     -0.5843815970 a        57     0     4     1    12
      0.4165186244 a        58     0     4     1    13
     -0.6080168875 a        59     0     4     1    14
     -0.0389774827 a        60     0     4     1    15
      0.1209396610 a        61     0     5     1     1
      0.5124563799 a        62     0     5     1     2
      0.6150069049 a        63     0     5     1     3
      0.2699335023 a        64     0     5     1     4
      0.0501822435 a        65     0     5     1     5
     -0.4347723153 a        66     0     5     1     6
     -0.8846618006 a        67     0     5     1     7
      0.7999583493 a        68     0     5     1     8
     -0.0029426362 a        69     0     5     1     9
     -0.2583944906 a        70     0     5     1    10
     -0.5656657269 a        71     0     5     1    11
     -0.4118303058 a        72     0     5     1    12
      0.1194295532 a        73     0     5     1    13
      0.7798714185 a        74     0     5     1    14
     -0.0799316204 a        75     0     5     1    15
      0.8796905795 a        76     0     6     1     1
     -0.8560448203 a        77     0     6     1     2
     -0.8898038257 a        78     0     6     1     3
     -0.5420124288 a        79     0     6     1     4
      0.2842814389 a        80     0     6     1     5
     -0.5617111332 a        81     0     6     1     6
     -0.6030831605 a        82     0     6     1     7
      0.2764951430 a        83     0     6     1     8
     -0.7693267271 a        84     0     6     1     9
      0.5873144908 a        85     0     6     1    10
     -0.2607583372 a        86     0     6     1    11
      0.4929190314 a        87     0     6     1    12
     -0.7493301094 a        88     0     6     1    13
      0.4564488257 a        89     0     6     1    14
      0.6572904922 a        90     0     6     1    15
     -0.7305313872 a        91     0     7     1     1
     -0.8033686121 a        92     0     7     1     2
      0.7845990804 a        93     0     7     1     3
     -0.5859357921 a        94     0     7     1     4
      0.2889204209 a        95     0     7     1     5
      0.3355130234 a        96     0     7     1     6
     -0.3948657313 a        97     0     7     1     7
     -0.4815833512 a        98     0     7     1     8
      0.0722706691 a        99     0     7     1     9
     -0.5138187320 a       100     0     7     1    10
     -0.5911349527 a       101     0     7     1    11
     -0.5002917484 a       102     0     7     1    12
      0.1828305406 a       103     0     7     1    13
     -0.9216685515 a       104     0     7     1    14
      0.7951031560 a       105     0     7     1    15
     -0.0245125370 a       106     0     8     1     1
      0.5416161610 a       107     0     8     1     2
      0.9527452683 a       108     0     8     1     3
     -0.7185777875 a       109     0     8     1     4
      0.5670627632 a       110     0     8     1     5
      0.9720694835 a       111     0     8     1     6
     -0.5773670636 a       112     0     8     1     7
     -0.1250531987 a       113     0     8     1     8
     -0.6335377365 a       114     0     8     1     9
     -0.5484675353 a       115     0     8     1    10
      0.3019632612 a       116     0     8     1    11
     -0.1311510700 a       117     0     8     1    12
     -0.5041174703 a       118     0     8     1    13
      0.7372196925 a       119     0     8     1    14
     -0.5184512623 a       120     0     8     1    15
      0.0091274380 a       121     0     9     1     1
      0.9382716900 a       122     0     9     1     2
     -0.0215465518 a       123     0     9     1     3
      0.5625032094 a       124     0     9     1     4
      0.5508148905 a       125     0     9     1     5
     -0.3771568710 a       126     0     9     1     6
     -0.4425871149 a       127     0     9     1     7
      0.7343180697 a       128     0     9     1     8
      0.0328492880 a       129     0     9     1     9
      0.1238268913 a       130     0     9     1    10
      0.0044335416 a       131     0     9     1    11
     -0.4464340509 a       132     0     9     1    12
      0.9531679038 a       133     0     9     1    13
      0.0114680651 a       134     0     9     1    14
      0.2938976167 a       135     0     9     1    15
     -0.7242155168 a       136     0    10     1     1
     -0.1009210387 a       137     0    10     1     2
      0.8598650843 a       138     0    10     1     3
      0.3825621773 a       139     0    10     1     4
      0.1528389869 a       140     0    10     1     5
     -0.7475766445 a       141     0    10     1     6
     -0.5502331590 a       142     0    10     1     7
      0.7880721720 a       143     0    10     1     8
      0.5729320562 a       144     0    10     1     9
     -0.0393277514 a       145     0    10     1    10
      0.2858055654 a       146     0    10     1    11
      0.2666261221 a       147     0    10     1    12
     -0.0187221828 a       148     0    10     1    13
     -0.2645021950 a       149     0    10     1    14
      0.2085340217 a       150     0    10     1    15
      0.3770909278 a       151     0    11     1     1
     -0.8176422925 a       152     0    11     1     2
     -0.7619639884 a       153     0    11     1     3
     -0.0024290221 a       154     0    11     1     4
      0.8322640167 a       155     0    11     1     5
     -0.8769635594 a       156     0    11     1     6
     -0.0127555990 a       157     0    11     1     7
     -0.4033534380 a       158     0    11     1     8
      0.2836311766 a       159     0    11     1     9
      0.8641174532 a       160     0    11     1    10
     -0.5968695952 a       161     0    11     1    11
     -0.6418948988 a       162     0    11     1    12
      0.1760282590 a       163     0    11     1    13
     -0.5871566568 a       164     0    11     1    14
     -0.4979731277 a       165     0    11     1    15
      0.1638960397 a       166     0    12     1     1
     -0.0082634932 a       167     0    12     1     2
      0.8496005890 a       168     0    12     1     3
      0.3442125617 a       169     0    12     1     4
     -0.7955983938 a       170     0    12     1     5
      0.3137032126 a       171     0    12     1     6
     -0.6433637772 a       172     0    12     1     7
     -0.9668266789 a       173     0    12     1     8
     -0.1168269759 a       174     0    12     1     9
      0.0108440557 a       175     0    12     1    10
      0.8597830828 a       176     0    12     1    11
      0.1580680651 a       177     0    12     1    12
      0.4478824805 a       178     0    12     1    13
      0.4051005362 a       179     0    12     1    14
      0.4394753587 a       180     0    12     1    15
     -0.7727420581 a       181     0    13     1     1
      0.7229495396 a       182     0    13     1     2
      0.2983715718 a       183     0    13     1     3
      0.4768818150 a       184     0    13     1     4
      0.7162988302 a       185     0    13     1     5
      0.5102552499 a       186     0    13     1     6
      0.7915464368 a       187     0    13     1     7
     -0.5458330105 a       188     0    13     1     8
      0.0177963209 a       189     0    13     1     9
      0.6297994488 a       190     0    13     1    10
     -0.7341896407 a       191     0    13     1    11
     -0.6353000958 a       192     0    13     1    12
      0.8058447732 a       193     0    13     1    13
     -0.7391481627 a       194     0    13     1    14
      0.4544534304 a       195     0    13     1    15
      0.7674071963 a       196     0    14     1     1
      0.6917242865 a       197     0    14     1     2
     -0.9050735552 a       198     0    14     1     3
     -0.0522244330 a       199     0    14     1     4
      0.0512917239 a       200     0    14     1     5
     -0.1533082832 a       201     0    14     1     6
      0.8393531183 a       202     0    14     1     7
     -0.6746864901 a       203     0    14     1     8
      0.1184602525 a       204     0    14     1     9
      0.6882051759 a       205     0    14     1    10
     -0.0984176725 a       206     0    14     1    11
     -0.6927421968 a       207     0    14     1    12
     -0.5997123347 a       208     0    14     1    13
      0.1453347837 a       209     0    14     1    14
     -0.5831881178 a       210     0    14     1    15
      0.5020402624 a       211     0    15     1     1
     -0.9336762875 a       212     0    15     1     2
      0.6975446107 a       213     0    15     1     3
     -0.0240292732 a       214     0    15     1     4
      0.2941668402 a       215     0    15     1     5
     -0.5229467484 a       216     0    15     1     6
      0.2593038828 a       217     0    15     1     7
     -0.3826213462 a       218     0    15     1     8
     -0.8151425118 a       219     0    15     1     9
      0.8422646940 a       220     0    15     1    10
     -0.6159765697 a       221     0    15     1    11
     -0.0268558784 a       222     0    15     1    12
      0.4171872946 a       223     0    15     1    13
      0.1230864288 a       224     0    15     1    14
      0.0792861929 a       225     0    15     1    15
     -0.9166053912 a       226     0    16     1     1
     -0.0753109392 a       227     0    16     1     2
     -0.4405175570 a       228     0    16     1     3
      0.5519722532 a       229     0    16     1     4
     -0.2678229480 a       230     0    16     1     5
      0.3581160029 a       231     0    16     1     6
      0.8833715630 a       232     0    16     1     7
      0.6696366929 a       233     0    16     1     8
      0.1155962026 a       234     0    16     1     9
     -0.9849260508 a       235     0    16     1    10
     -0.1772658745 a       236     0    16     1    11
     -0.1632268928 a       237     0    16     1    12
     -0.8161821810 a       238     0    16     1    13
     -0.2953067384 a       239     0    16     1    14
      0.0006483820 a       240     0    16     1    15
     -0.5102946653 a       241     0    17     1     1
      0.7490408677 a       242     0    17     1     2
      0.9030966797 a       243     0    17     1     3
     -0.4233235061 a       244     0    17     1     4
     -0.3199067914 a       245     0    17     1     5
      0.9123569473 a       246     0    17     1     6
      0.8286189844 a       247     0    17     1     7
      0.4754382602 a       248     0    17     1     8
     -0.3781948184 a       249     0    17     1     9
     -0.1399706675 a       250     0    17     1    10
     -0.2229080025 a       251     0    17     1    11
     -0.6313525753 a       252     0    17     1    12
     -0.6597269832 a       253     0    17     1    13
     -0.4378115006 a       254     0    17     1    14
     -0.3020500278 a       255     0    17     1    15
      0.8134902431 a       256     0    18     1     1
     -0.6620755067 a       257     0    18     1     2
     -0.6838278698 a       258     0    18     1     3
      0.1558973088 a       259     0    18     1     4
     -0.0566150477 a       260     0    18     1     5
      0.8047134395 a       261     0    18     1     6
     -0.4914037264 a       262     0    18     1     7
      0.8544164265 a       263     0    18     1     8
      0.7972183483 a       264     0    18     1     9
      0.6844865029 a       265     0    18     1    10
     -0.5333345328 a       266     0    18     1    11
      0.3491529452 a       267     0    18     1    12
      0.3139728657 a       268     0    18     1    13
      0.4689175015 a       269     0    18     1    14
     -0.0015856435 a       270     0    18     1    15
     -0.1571878219 a       271     0    19     1     1
      0.4942327500 a       272     0    19     1     2
     -0.1838818990 a       273     0    19     1     3
     -0.6829114895 a       274     0    19     1     4
      0.8514273628 a       275     0    19     1     5
      0.7055989552 a       276     0    19     1     6
     -0.0487603736 a       277     0    19     1     7
     -0.8305959054 a       278     0    19     1     8
      0.2902684218 a       279     0    19     1     9
     -0.2971671089 a       280     0    19     1    10
     -0.9646504476 a       281     0    19     1    11
      0.0690367777 a       282     0    19     1    12
     -0.7361319138 a       283     0    19     1    13
      0.5706976141 a       284     0    19     1    14
      0.7227139966 a       285     0    19     1    15
     -0.2805482540 a       286     0    20     1     1
     -0.5306422621 a       287     0    20     1     2
      0.0843935629 a       288     0    20     1     3
      0.4201242475 a       289     0    20     1     4
     -0.3702714934 a       290     0    20     1     5
     -0.6981969349 a       291     0    20     1     6
      0.1822278657 a       292     0    20     1     7
     -0.2791451412 a       293     0    20     1     8
      0.7847953425 a       294     0    20     1     9
     -0.1022109249 a       295     0    20     1    10
      0.8153960033 a       296     0    20     1    11
      0.1624587929 a       297     0    20     1    12
     -0.9461322333 a       298     0    20     1    13
      0.9452566507 a       299     0    20     1    14
     -0.4280191609 a       300     0    20     1    15
      0.5324836024 a       301     0    21     1     1
     -0.4119291279 a       302     0    21     1     2
      0.1146762562 a       303     0    21     1     3
     -0.8268709398 a       304     0    21     1     4
      0.9821728395 a       305     0    21     1     5
      0.3031156186 a       306     0    21     1     6
      0.7671193826 a       307     0    21     1     7
      0.3887364687 a       308     0    21     1     8
      0.4681065590 a       309     0    21     1     9
     -0.2283283620 a       310     0    21     1    10
     -0.8819533765 a       311     0    21     1    11
     -0.3911768164 a       312     0    21     1    12
     -0.5006713436 a       313     0    21     1    13
      0.2978798811 a       314     0    21     1    14
      0.7038553761 a       315     0    21     1    15
      0.1744372985 a       316     0    22     1     1
     -0.1757192248 a       317     0    22     1     2
      1.0111460943 a       318     0    22     1     3
     -0.4231322224 a       319     0    22     1     4
      0.9829773985 a       320     0    22     1     5
      0.9819615842 a       321     0    22     1     6
     -0.3675283882 a       322     0    22     1     7
     -0.2268490332 a       323     0    22     1     8
     -0.2347375518 a       324     0    22     1     9
      0.5425590217 a       325     0    22     1    10
     -0.3171790304 a       326     0    22     1    11
     -0.4242708089 a       327     0    22     1    12
      0.2444842012 a       328     0    22     1    13
     -0.4169140753 a       329     0    22     1    14
     -0.2277202748 a       330     0    22     1    15
     -0.6318239329 a       331     0    23     1     1
      0.7481269693 a       332     0    23     1     2
     -0.0430416751 a       333     0    23     1     3
      0.6115075612 a       334     0    23     1     4
     -0.9512768219 a       335     0    23     1     5
      0.0334712626 a       336     0    23     1     6
      0.8073305260 a       337     0    23     1     7
      0.2634636513 a       338     0    23     1     8
     -0.1711523329 a       339     0    23     1     9
      0.0037386003 a       340     0    23     1    10
      0.0066949114 a       341     0    23     1    11
     -0.8974548411 a       342     0    23     1    12
      0.6887515883 a       343     0    23     1    13
      0.4502548743 a       344     0    23     1    14
     -0.9243460172 a       345     0    23     1    15
     -0.1098417291 a       346     0    24     1     1
      0.9737981799 a       347     0    24     1     2
      0.1103496336 a       348     0    24     1     3
     -0.7653318375 a       349     0    24     1     4
     -0.3797679299 a       350     0    24     1     5
      0.5257866511 a       351     0    24     1     6
     -0.2521038757 a       352     0    24     1     7
      0.4226603198 a       353     0    24     1     8
     -0.6324849302 a       354     0    24     1     9
      0.0211676545 a       355     0    24     1    10
     -0.1076043521 a       356     0    24     1    11
      0.1214344531 a       357     0    24     1    12
     -0.6610701252 a       358     0    24     1    13
     -0.2589791136 a       359     0    24     1    14
      0.3797716419 a       360     0    24     1    15
      0.0379937352 a       361     0    25     1     1
      0.2396550015 a       362     0    25     1     2
     -0.8211710756 a       363     0    25     1     3
     -0.5432376403 a       364     0    25     1     4
     -0.1479142019 a       365     0    25     1     5
     -0.5027342361 a       366     0    25     1     6
      0.5154532402 a       367     0    25     1     7
      0.2240771592 a       368     0    25     1     8
     -0.4331188157 a       369     0    25     1     9
     -0.7593868973 a       370     0    25     1    10
     -0.9039945439 a       371     0    25     1    11
      0.2503329243 a       372     0    25     1    12
      0.7434131924 a       373     0    25     1    13
     -0.2451964202 a       374     0    25     1    14
     -0.4233566776 a       375     0    25     1    15
      0.6179570456 a       376     0    26     1     1
     -0.6774763267 a       377     0    26     1     2
      0.1333386682 a       378     0    26     1     3
      0.0818514089 a       379     0    26     1     4
      1.0325269810 a       380     0    26     1     5
     -0.4787296390 a       381     0    26     1     6
      0.5243629880 a       382     0    26     1     7
      0.3779512319 a       383     0    26     1     8
     -0.3040426210 a       384     0    26     1     9
      0.6566651954 a       385     0    26     1    10
     -0.1417184332 a       386     0    26     1    11
     -0.0075154258 a       387     0    26     1    12
      0.7669468033 a       388     0    26     1    13
      0.7724509653 a       389     0    26     1    14
     -0.0638262440 a       390     0    26     1    15
      0.3241418661 a       391     0    27     1     1
      0.9665774899 a       392     0    27     1     2
      0.9389980799 a       393     0    27     1     3
      0.3052965833 a       394     0    27     1     4
      0.3174595578 a       395     0    27     1     5
     -0.8779271775 a       396     0    27     1     6
     -0.6392839677 a       397     0    27     1     7
     -0.2564851639 a       398     0    27     1     8
      0.1501326880 a       399     0    27     1     9
     -0.4196641785 a       400     0    27     1    10
     -0.7219013233 a       401     0    27     1    11
     -0.0834435901 a       402     0    27     1    12
      0.2040174867 a       403     0    27     1    13
      0.3605606658 a       404     0    27     1    14
      0.0415661302 a       405     0    27     1    15
     -0.0382243410 a       406     0    28     1     1
     -0.6732066889 a       407     0    28     1     2
     -0.5656951295 a       408     0    28     1     3
     -0.5299667628 a       409     0    28     1     4
      0.4994309362 a       410     0    28     1     5
     -0.4482449396 a       411     0    28     1     6
      0.6176879851 a       412     0    28     1     7
     -0.4082920646 a       413     0    28     1     8
      0.0846584190 a       414     0    28     1     9
      0.4677413122 a       415     0    28     1    10
     -0.6486972075 a       416     0    28     1    11
     -0.5716337695 a       417     0    28     1    12
      0.6892873684 a       418     0    28     1    13
     -0.9612231478 a       419     0    28     1    14
      0.2760822589 a       420     0    28     1    15
      0.8963097288 a       421     0    29     1     1
     -0.7606992239 a       422     0    29     1     2
     -0.9276918456 a       423     0    29     1     3
     -0.7047318488 a       424     0    29     1     4
      0.4751089862 a       425     0    29     1     5
     -0.1943215779 a       426     0    29     1     6
     -0.4679138809 a       427     0    29     1     7
      0.7374400670 a       428     0    29     1     8
     -0.9132015381 a       429     0    29     1     9
      0.3374193455 a       430     0    29     1    10
     -0.8760646234 a       431     0    29     1    11
      0.3422504127 a       432     0    29     1    12
     -0.2252789705 a       433     0    29     1    13
     -0.8075789012 a       434     0    29     1    14
     -0.6059347439 a       435     0    29     1    15
     -0.0975717585 a       436     0    30     1     1
     -0.5975419330 a       437     0    30     1     2
     -0.0470939939 a       438     0    30     1     3
     -0.7059261659 a       439     0    30     1     4
     -0.6426223391 a       440     0    30     1     5
     -0.1105353859 a       441     0    30     1     6
     -0.5083218678 a       442     0    30     1     7
     -0.1113792023 a       443     0    30     1     8
     -0.7673283287 a       444     0    30     1     9
     -0.3361691262 a       445     0    30     1    10
     -0.4781187696 a       446     0    30     1    11
      0.7925463595 a       447     0    30     1    12
     -0.1398937934 a       448     0    30     1    13
      0.6854306672 a       449     0    30     1    14
      1.0092167530 a       450     0    30     1    15
      0.8566042260 b       451     1     1
     -0.1233711765 b       452     1     2
      0.3584066598 b       453     1     3
     -0.4529645502 b       454     1     4
      0.2378038952 b       455     1     5
     -1.0216503224 b       456     1     6
     -0.6047323375 b       457     1     7
      0.3466503651 b       458     1     8
      1.1150491708 b       459     1     9
     -1.0027565900 b       460     1    10
      0.8760438404 b       461     1    11
     -0.4520137239 b       462     1    12
      0.7570289468 b       463     1    13
     -0.7015416070 b       464     1    14
     -0.9783360266 b       465     1    15
     -0.3219641291 a       466     1     1     2     1
     -0.8379197298 a       467     1     1     2     2
     -0.9520972974 a       468     1     1     2     3
     -0.2039251020 a       469     1     1     2     4
      0.5772545933 a       470     1     1     2     5
      0.2307581221 a       471     1     1     2     6
      0.2045572230 a       472     1     1     2     7
      1.0257120295 a       473     1     1     2     8
     -0.3028800180 a       474     1     1     2     9
      0.6449048680 a       475     1     1     2    10
      0.9544204158 a       476     1     1     2    11
     -0.9336516655 a       477     1     1     2    12
     -0.2258608248 a       478     1     1     2    13
      0.1971665857 a       479     1     1     2    14
      0.3318953782 a       480     1     1     2    15
     -0.3471557542 a       481     1     2     2     1
     -0.4122094147 a       482     1     2     2     2
      0.7445052395 a       483     1     2     2     3
      0.3353568200 a       484     1     2     2     4
      0.8076912812 a       485     1     2     2     5
     -0.5740156725 a       486     1     2     2     6
     -0.6037377936 a       487     1     2     2     7
     -0.5452536538 a       488     1     2     2     8
     -0.0458929132 a       489     1     2     2     9
     -0.9657929829 a       490     1     2     2    10
     -0.2686522288 a       491     1     2     2    11
     -0.2218342958 a       492     1     2     2    12
      0.0218798575 a       493     1     2     2    13
     -0.4485449131 a       494     1     2     2    14
      0.4784014771 a       495     1     2     2    15
     -0.8076708051 a       496     1     3     2     1
     -0.4303941584 a       497     1     3     2     2
     -0.5063723105 a       498     1     3     2     3
     -0.6395907026 a       499     1     3     2     4
      0.3976227060 a       500     1     3     2     5
      0.2590616767 a       501     1     3     2     6
      0.5543608412 a       502     1     3     2     7
     -0.8263051929 a       503     1     3     2     8
      0.7744922992 a       504     1     3     2     9
      0.9204387238 a       505     1     3     2    10
      0.7635470234 a       506     1     3     2    11
     -0.0397852764 a       507     1     3     2    12
     -0.5461690361 a       508     1     3     2    13
     -0.2270721947 a       509     1     3     2    14
     -0.0614728847 a       510     1     3     2    15
     -0.8004158584 a       511     1     4     2     1
      0.3270854625 a       512     1     4     2     2
     -0.7359772041 a       513     1     4     2     3
      0.5685702980 a       514     1     4     2     4
      0.8354950871 a       515     1     4     2     5
     -0.2738593901 a       516     1     4     2     6
     -0.5483729659 a       517     1     4     2     7
     -0.8077062554 a       518     1     4     2     8
      0.6730160772 a       519     1     4     2     9
      0.8866325599 a       520     1     4     2    10
     -0.8039278786 a       521     1     4     2    11
      0.7807068635 a       522     1     4     2    12
     -0.8083026178 a       523     1     4     2    13
     -0.7546575476 a       524     1     4     2    14
     -0.1673098885 a       525     1     4     2    15
     -0.4785194968 a       526     1     5     2     1
      0.5642977750 a       527     1     5     2     2
     -0.8069267194 a       528     1     5     2     3
      0.0793730882 a       529     1     5     2     4
      0.7154899571 a       530     1     5     2     5
     -0.0290100038 a       531     1     5     2     6
     -0.1750000429 a       532     1     5     2     7
      0.2404439535 a       533     1     5     2     8
     -0.3488742868 a       534     1     5     2     9
      0.7789556332 a       535     1     5     2    10
     -0.6710460698 a       536     1     5     2    11
     -0.6260248638 a       537     1     5     2    12
      0.4329987381 a       538     1     5     2    13
     -0.6141669654 a       539     1     5     2    14
     -0.0346383866 a       540     1     5     2    15
      0.5763935521 a       541     1     6     2     1
      0.0585280036 a       542     1     6     2     2
      0.4771405602 a       543     1     6     2     3
      0.4318032903 a       544     1     6     2     4
      0.8473273066 a       545     1     6     2     5
     -0.1671793028 a       546     1     6     2     6
     -0.1311221207 a       547     1     6     2     7
      0.1486498428 a       548     1     6     2     8
      0.5254066378 a       549     1     6     2     9
      0.5443228936 a       550     1     6     2    10
     -0.2661156326 a       551     1     6     2    11
      0.3695867967 a       552     1     6     2    12
     -0.8599581481 a       553     1     6     2    13
     -0.5003619140 a       554     1     6     2    14
      0.4965875508 a       555     1     6     2    15
      0.4330235526 a       556     1     7     2     1
     -0.8030043953 a       557     1     7     2     2
     -0.5362561232 a       558     1     7     2     3
     -0.9151898413 a       559     1     7     2     4
      0.8279573145 a       560     1     7     2     5
      0.2154184584 a       561     1     7     2     6
     -0.8709565279 a       562     1     7     2     7
      0.9041542936 a       563     1     7     2     8
     -0.4513453454 a       564     1     7     2     9
     -0.0964202658 a       565     1     7     2    10
      0.8472365484 a       566     1     7     2    11
     -0.2463150066 a       567     1     7     2    12
     -0.3615525786 a       568     1     7     2    13
      0.1641594133 a       569     1     7     2    14
      0.0433591114 a       570     1     7     2    15
     -0.0244957537 a       571     1     8     2     1
     -0.8465668653 a       572     1     8     2     2
     -0.0800935095 a       573     1     8     2     3
      0.4256542888 a       574     1     8     2     4
      0.0598169080 a       575     1     8     2     5
     -0.3938679972 a       576     1     8     2     6
      0.5865456675 a       577     1     8     2     7
      0.3666679850 a       578     1     8     2     8
      0.8548891193 a       579     1     8     2     9
      0.4691790450 a       580     1     8     2    10
     -0.6275836574 a       581     1     8     2    11
     -0.5047152615 a       582     1     8     2    12
     -0.2540519704 a       583     1     8     2    13
     -0.7720206367 a       584     1     8     2    14
      0.5874776454 a       585     1     8     2    15
      0.4195562220 a       586     1     9     2     1
      0.1042973644 a       587     1     9     2     2
      0.3289212404 a       588     1     9     2     3
      0.9223707545 a       589     1     9     2     4
     -0.0626389905 a       590     1     9     2     5
      0.9994146824 a       591     1     9     2     6
     -0.2906283322 a       592     1     9     2     7
      0.4363254845 a       593     1     9     2     8
     -0.8331187953 a       594     1     9     2     9
     -0.9385388397 a       595     1     9     2    10
     -0.3553780617 a       596     1     9     2    11
     -0.3308196151 a       597     1     9     2    12
     -0.7738126269 a       598     1     9     2    13
     -0.4978205239 a       599     1     9     2    14
      0.1916459464 a       600     1     9     2    15
     -0.1982569649 a       601     1    10     2     1
     -0.1031968385 a       602     1    10     2     2
     -0.5148673604 a       603     1    10     2     3
      0.6044831463 a       604     1    10     2     4
      0.2867902057 a       605     1    10     2     5
      0.8514164530 a       606     1    10     2     6
      0.9933036166 a       607     1    10     2     7
      0.5363244510 a       608     1    10     2     8
     -0.4555857012 a       609     1    10     2     9
     -0.8309773415 a       610     1    10     2    10
      0.7873421247 a       611     1    10     2    11
      0.4398594336 a       612     1    10     2    12
     -0.7580505699 a       613     1    10     2    13
      0.7346168244 a       614     1    10     2    14
      0.0658489994 a       615     1    10     2    15
     -0.0399352657 a       616     1    11     2     1
     -0.9047501639 a       617     1    11     2     2
     -0.1268489070 a       618     1    11     2     3
     -1.0424965269 a       619     1    11     2     4
      0.4144369202 a       620     1    11     2     5
     -0.0211071330 a       621     1    11     2     6
      0.4905198101 a       622     1    11     2     7
      0.5431175527 a       623     1    11     2     8
     -0.1031868391 a       624     1    11     2     9
      0.2642649986 a       625     1    11     2    10
     -0.7831032086 a       626     1    11     2    11
      0.2182188938 a       627     1    11     2    12
      0.1288459444 a       628     1    11     2    13
      0.5907921977 a       629     1    11     2    14
     -0.6989931854 a       630     1    11     2    15
      0.1115829105 a       631     1    12     2     1
      0.6075883694 a       632     1    12     2     2
      0.3854891276 a       633     1    12     2     3
      0.5825652869 a       634     1    12     2     4
      0.9720978737 a       635     1    12     2     5
      0.5759296368 a       636     1    12     2     6
     -0.0238973766 a       637     1    12     2     7
     -0.7733522210 a       638     1    12     2     8
     -0.5272302538 a       639     1    12     2     9
     -0.4929190504 a       640     1    12     2    10
      0.7327426698 a       641     1    12     2    11
      0.5912118790 a       642     1    12     2    12
      0.8084793316 a       643     1    12     2    13
      0.1263689051 a       644     1    12     2    14
      0.6213907835 a       645     1    12     2    15
      0.9174447681 a       646     1    13     2     1
      0.1787178202 a       647     1    13     2     2
      0.6942913188 a       648     1    13     2     3
     -0.8722139003 a       649     1    13     2     4
     -0.5229410269 a       650     1    13     2     5
     -0.2523497274 a       651     1    13     2     6
     -0.7527971661 a       652     1    13     2     7
     -0.2013495939 a       653     1    13     2     8
      0.4496063610 a       654     1    13     2     9
     -0.4267662692 a       655     1    13     2    10
     -0.1834047462 a       656     1    13     2    11
      0.4846468570 a       657     1    13     2    12
      0.3705523591 a       658     1    13     2    13
      0.0285903238 a       659     1    13     2    14
      0.2027754108 a       660     1    13     2    15
     -0.7696682867 a       661     1    14     2     1
     -0.1443241015 a       662     1    14     2     2
     -0.2071281495 a       663     1    14     2     3
      0.7246462149 a       664     1    14     2     4
     -0.8924810053 a       665     1    14     2     5
      0.1374442814 a       666     1    14     2     6
      0.8626537540 a       667     1    14     2     7
      0.4277843645 a       668     1    14     2     8
     -0.3220375585 a       669     1    14     2     9
      0.7389725516 a       670     1    14     2    10
      0.5206679322 a       671     1    14     2    11
      0.5185649497 a       672     1    14     2    12
      0.6986503014 a       673     1    14     2    13
      0.5378689577 a       674     1    14     2    14
      0.1647371067 a       675     1    14     2    15
     -0.1130740553 a       676     1    15     2     1
     -0.1522237196 a       677     1    15     2     2
     -0.3039762035 a       678     1    15     2     3
     -0.5295214417 a       679     1    15     2     4
      0.2699698872 a       680     1    15     2     5
     -0.8717805084 a       681     1    15     2     6
      0.3247630229 a       682     1    15     2     7
      0.5747714803 a       683     1    15     2     8
      0.9149823841 a       684     1    15     2     9
     -0.4419140895 a       685     1    15     2    10
     -0.2040011539 a       686     1    15     2    11
     -0.3846347206 a       687     1    15     2    12
      0.0900129274 a       688     1    15     2    13
     -0.5059469208 a       689     1    15     2    14
     -0.2988032063 a       690     1    15     2    15
     -0.2816787099 b       691     2     1
     -0.9130872900 b       692     2     2
      0.7976379941 b       693     2     3
     -0.2346968197 b       694     2     4
      0.2143818837 b       695     2     5
      0.7267827459 b       696     2     6
      0.0364004889 b       697     2     7
      0.9122645733 b       698     2     8
     -0.1363465395 b       699     2     9
     -0.2101114550 b       700     2    10
      0.2356044965 b       701     2    11
     -0.7515955561 b       702     2    12
     -0.8844495572 b       703     2    13
      0.6204930965 b       704     2    14
     -0.6592596502 b       705     2    15
     -0.7981407949 a       706     2     1     3     1
     -0.7722648558 a       707     2     2     3     1
      0.7283713019 a       708     2     3     3     1
     -0.5485581745 a       709     2     4     3     1
      0.4729944238 a       710     2     5     3     1
      0.3589353168 a       711     2     6     3     1
     -0.4026804476 a       712     2     7     3     1
     -0.1670968810 a       713     2     8     3     1
     -0.4624231443 a       714     2     9     3     1
      0.2383299487 a       715     2    10     3     1
      0.7980485389 a       716     2    11     3     1
      0.2524574171 a       717     2    12     3     1
     -0.1012359875 a       718     2    13     3     1
      0.2026902625 a       719     2    14     3     1
      0.1248481853 a       720     2    15     3     1
     -0.6490007797 b       721     3     1
