     -0.9210291670 a         1     0     1     1     1
     -0.1276759028 a         2     0     1     1     2
      0.4100313501 a         3     0     1     1     3
      0.5910917973 a         4     0     1     1     4
      0.9292035606 a         5     0     1     1     5
     -0.7580947724 a         6     0     1     1     6
      0.8319328995 a         7     0     1     1     7
     -0.7038942574 a         8     0     1     1     8
      0.4268841389 a         9     0     1     1     9
     -0.2966572619 a        10     0     1     1    10
      0.4560492479 a        11     0     1     1    11
     -0.9283603448 a        12     0     1     1    12
      0.8612718745 a        13     0     1     1    13
      0.5396009644 a        14     0     1     1    14
      0.2003583477 a        15     0     1     1    15
     -0.5660366087 a        16     0     2     1     1
     -0.8153738108 a        17     0     2     1     2
     -0.5827371277 a        18     0     2     1     3
     -0.7838707659 a        19     0     2     1     4
     -0.8637370151 a        20     0     2     1     5
      0.6119418029 a        21     0     2     1     6
      0.4696395354 a        22     0     2     1     7
     -0.8050161626 a        23     0     2     1     8
      0.5884379313 a        24     0     2     1     9
     -0.2153008945 a        25     0     2     1    10
     -0.9208508757 a        26     0     2     1    11
      0.6554881360 a        27     0     2     1    12
      0.7900987891 a        28     0     2     1    13
      0.1766126442 a        29     0     2     1    14
     -0.3428936043 a        30     0     2     1    15
     -0.5351741295 a        31     0     3     1     1
     -0.8027212685 a        32     0     3     1     2
      0.7479042997 a        33     0     3     1     3
      0.7823226194 a        34     0     3     1     4
     -0.2690007385 a        35     0     3     1     5
     -0.1036190591 a        36     0     3     1     6
     -0.4065023927 a        37     0     3     1     7
      0.8324573463 a        38     0     3     1     8
     -0.9617923839 a        39     0     3     1     9
     -0.0663872831 a        40     0     3     1    10
      0.7916636131 a        41     0     3     1    11
      1.0018707514 a        42     0     3     1    12
      0.6702015385 a        43     0     3     1    13
      0.9835290691 a        44     0     3     1    14
     -0.0414010580 a        45     0     3     1    15
     -0.9265038648 a        46     0     4     1     1
     -0.2560945828 a        47     0     4     1     2
      0.0935798079 a        48     0     4     1     3
      0.5651905725 a        49     0     4     1     4
      0.0218680665 a        50     0     4     1     5
     -0.4288046786 a        51     0     4     1     6
      0.2523482821 a        52     0     4     1     7
     -0.2798221050 a        53     0     4     1     8
      0.2729486817 a        54     0     4     1     9
     -0.4250331671 a        55     0     4     1    10
     -0.9202570642 a        56     0     4     1    11
     -0.5916782570 a        57     0     4     1    12
      0.4267316009 a        58     0     4     1    13
     -0.5954732281 a        59     0     4     1    14
     -0.0398873074 a        60     0     4     1    15
      0.1187533767 a        61     0     5     1     1
      0.5094693144 a        62     0     5     1     2
      0.6344571566 a        63     0     5     1     3
      0.2722994893 a        64     0     5     1     4
      0.0426805350 a        65     0     5     1     5
     -0.4327197623 a        66     0     5     1     6
     -0.8954534498 a        67     0     5     1     7
      0.8041715058 a        68     0     5     1     8
     -0.0028886222 a        69     0     5     1     9
     -0.2589334346 a        70     0     5     1    10
     -0.5726703981 a        71     0     5     1    11
     -0.4155880454 a        72     0     5     1    12
      0.1181472515 a        73     0     5     1    13
      0.7903476003 a        74     0     5     1    14
     -0.0770313103 a        75     0     5     1    15
      0.8738519278 a        76     0     6     1     1
     -0.8638860956 a        77     0     6     1     2
     -0.8978702893 a        78     0     6     1     3
     -0.5611080315 a        79     0     6     1     4
      0.2620032969 a        80     0     6     1     5
     -0.5595542612 a        81     0     6     1     6
     -0.6232145775 a        82     0     6     1     7
      0.2820831959 a        83     0     6     1     8
     -0.7671304112 a        84     0     6     1     9
      0.5872234360 a        85     0     6     1    10
     -0.2737458113 a        86     0     6     1    11
      0.4828336006 a        87     0     6     1    12
     -0.7347922124 a        88     0     6     1    13
      0.4691769321 a        89     0     6     1    14
      0.6579106190 a        90     0     6     1    15
     -0.7209524708 a        91     0     7     1     1
     -0.8020470551 a        92     0     7     1     2
      0.8089208117 a        93     0     7     1     3
     -0.5825539781 a        94     0     7     1     4
      0.2810923112 a        95     0     7     1     5
      0.3383726932 a        96     0     7     1     6
     -0.3906280273 a        97     0     7     1     7
     -0.4869312760 a        98     0     7     1     8
      0.0729934034 a        99     0     7     1     9
     -0.5103513216 a       100     0     7     1    10
     -0.5978671061 a       101     0     7     1    11
     -0.5016300460 a       102     0     7     1    12
      0.1798176168 a       103     0     7     1    13
     -0.9063519772 a       104     0     7     1    14
      0.7931388018 a       105     0     7     1    15
     -0.0256993026 a       106     0     8     1     1
      0.5345091094 a       107     0     8     1     2
      0.9433029103 a       108     0     8     1     3
     -0.7388186412 a       109     0     8     1     4
      0.5420556465 a       110     0     8     1     5
      0.9779598861 a       111     0     8     1     6
     -0.5912348649 a       112     0     8     1     7
     -0.1215991143 a       113     0     8     1     8
     -0.6305862202 a       114     0     8     1     9
     -0.5470929186 a       115     0     8     1    10
      0.2891344252 a       116     0     8     1    11
     -0.1416849436 a       117     0     8     1    12
     -0.4845228347 a       118     0     8     1    13
      0.7506976858 a       119     0     8     1    14
     -0.5192631249 a       120     0     8     1    15
      0.0391107480 a       121     0     9     1     1
      0.9556993174 a       122     0     9     1     2
      0.0127843517 a       123     0     9     1     3
      0.5682830485 a       124     0     9     1     4
      0.5433705052 a       125     0     9     1     5
     -0.3777893334 a       126     0     9     1     6
     -0.4146037073 a       127     0     9     1     7
      0.7100133184 a       128     0     9     1     8
      0.0330848289 a       129     0     9     1     9
      0.1342929814 a       130     0     9     1    10
     -0.0027999913 a       131     0     9     1    11
     -0.4364911603 a       132     0     9     1    12
      0.9457466503 a       133     0     9     1    13
      0.0387236274 a       134     0     9     1    14
      0.2782045335 a       135     0     9     1    15
     -0.7271719848 a       136     0    10     1     1
     -0.1085005967 a       137     0    10     1     2
      0.8529026205 a       138     0    10     1     3
      0.3637286753 a       139     0    10     1     4
      0.1288985263 a       140     0    10     1     5
     -0.7447430571 a       141     0    10     1     6
     -0.5656188922 a       142     0    10     1     7
      0.7923369376 a       143     0    10     1     8
      0.5766456679 a       144     0    10     1     9
     -0.0382346733 a       145     0    10     1    10
      0.2732135587 a       146     0    10     1    11
      0.2546698708 a       147     0    10     1    12
     -0.0028650801 a       148     0    10     1    13
     -0.2499785389 a       149     0    10     1    14
      0.2076103468 a       150     0    10     1    15
      0.3996258125 a       151     0    11     1     1
     -0.7997200809 a       152     0    11     1     2
     -0.7341565921 a       153     0    11     1     3
      0.0091783376 a       154     0    11     1     4
      0.8363565080 a       155     0    11     1     5
     -0.8779680905 a       156     0    11     1     6
      0.0181976771 a       157     0    11     1     7
     -0.4282278280 a       158     0    11     1     8
      0.2850489648 a       159     0    11     1     9
      0.8760518689 a       160     0    11     1    10
     -0.6039643204 a       161     0    11     1    11
     -0.6280327413 a       162     0    11     1    12
      0.1656176359 a       163     0    11     1    13
     -0.5748273868 a       164     0    11     1    14
     -0.5125113709 a       165     0    11     1    15
      0.1704944312 a       166     0    12     1     1
     -0.0125924226 a       167     0    12     1     2
      0.8453089859 a       168     0    12     1     3
      0.3245972195 a       169     0    12     1     4
     -0.8237004322 a       170     0    12     1     5
      0.3186420705 a       171     0    12     1     6
     -0.6487977902 a       172     0    12     1     7
     -0.9704063846 a       173     0    12     1     8
     -0.1139613720 a       174     0    12     1     9
      0.0152437624 a       175     0    12     1    10
      0.8468695919 a       176     0    12     1    11
      0.1498119016 a       177     0    12     1    12
      0.4674871703 a       178     0    12     1    13
      0.4235946912 a       179     0    12     1    14
      0.4354456196 a       180     0    12     1    15
     -0.7897529086 a       181     0    13     1     1
      0.7180490680 a       182     0    13     1     2
      0.3075279617 a       183     0    13     1     3
      0.4996561219 a       184     0    13     1     4
      0.7394294345 a       185     0    13     1     5
      0.5141683412 a       186     0    13     1     6
      0.7961802577 a       187     0    13     1     7
     -0.5365592199 a       188     0    13     1     8
      0.0206017732 a       189     0    13     1     9
      0.6328503464 a       190     0    13     1    10
     -0.7332899353 a       191     0    13     1    11
     -0.6416091671 a       192     0    13     1    12
      0.7929382835 a       193     0    13     1    13
     -0.7643556540 a       194     0    13     1    14
      0.4664941399 a       195     0    13     1    15
      0.7744175696 a       196     0    14     1     1
      0.6875591734 a       197     0    14     1     2
     -0.9171872164 a       198     0    14     1     3
     -0.0726548133 a       199     0    14     1     4
      0.0230659625 a       200     0    14     1     5
     -0.1457230122 a       201     0    14     1     6
      0.8360960773 a       202     0    14     1     7
     -0.6761849092 a       203     0    14     1     8
      0.1218191090 a       204     0    14     1     9
      0.6934375471 a       205     0    14     1    10
     -0.1115606990 a       206     0    14     1    11
     -0.6980429860 a       207     0    14     1    12
     -0.5735083775 a       208     0    14     1    13
      0.1575875804 a       209     0    14     1    14
     -0.5855588651 a       210     0    14     1    15
      0.4782468188 a       211     0    15     1     1
     -0.9452316336 a       212     0    15     1     2
      0.7068610527 a       213     0    15     1     3
     -0.0008271583 a       214     0    15     1     4
      0.3196671498 a       215     0    15     1     5
     -0.5203039927 a       216     0    15     1     6
      0.2584535758 a       217     0    15     1     7
     -0.3659482866 a       218     0    15     1     8
     -0.8139688497 a       219     0    15     1     9
      0.8434188928 a       220     0    15     1    10
     -0.6116214625 a       221     0    15     1    11
     -0.0394920976 a       222     0    15     1    12
      0.4014650751 a       223     0    15     1    13
      0.0929720552 a       224     0    15     1    14
      0.0958398967 a       225     0    15     1    15
     -0.9319279153 a       226     0    16     1     1
     -0.0943312493 a       227     0    16     1     2
     -0.4817088951 a       228     0    16     1     3
      0.5341970629 a       229     0    16     1     4
     -0.2914103603 a       230     0    16     1     5
      0.3753153723 a       231     0    16     1     6
      0.8591922933 a       232     0    16     1     7
      0.6924153630 a       233     0    16     1     8
      0.1219516945 a       234     0    16     1     9
     -0.9868827243 a       235     0    16     1    10
     -0.1876481005 a       236     0    16     1    11
     -0.1732066913 a       237     0    16     1    12
     -0.7748219321 a       238     0    16     1    13
     -0.3100553445 a       239     0    16     1    14
      0.0166074138 a       240     0    16     1    15
     -0.4914260445 a       241     0    17     1     1
      0.7601473286 a       242     0    17     1     2
      0.9360985016 a       243     0    17     1     3
     -0.4239196674 a       244     0    17     1     4
     -0.3329505682 a       245     0    17     1     5
      0.9133328019 a       246     0    17     1     6
      0.8443814677 a       247     0    17     1     7
      0.4573547306 a       248     0    17     1     8
     -0.3807595131 a       249     0    17     1     9
     -0.1322584741 a       250     0    17     1    10
     -0.2324326789 a       251     0    17     1    11
     -0.6236192421 a       252     0    17     1    12
     -0.6637965451 a       253     0    17     1    13
     -0.4149105068 a       254     0    17     1    14
     -0.3136118201 a       255     0    17     1    15
      0.8125696989 a       256     0    18     1     1
     -0.6687413727 a       257     0    18     1     2
     -0.6975031143 a       258     0    18     1     3
      0.1410437564 a       259     0    18     1     4
     -0.0790107699 a       260     0    18     1     5
      0.8124245407 a       261     0    18     1     6
     -0.5046582885 a       262     0    18     1     7
      0.8579273861 a       263     0    18     1     8
      0.8013728924 a       264     0    18     1     9
      0.6870378008 a       265     0    18     1    10
     -0.5452943618 a       266     0    18     1    11
      0.3435225514 a       267     0    18     1    12
      0.3349440473 a       268     0    18     1    13
      0.4780956179 a       269     0    18     1    14
     -0.0004979338 a       270     0    18     1    15
     -0.1713923505 a       271     0    19     1     1
      0.4866677378 a       272     0    19     1     2
     -0.1858055274 a       273     0    19     1     3
     -0.6960345279 a       274     0    19     1     4
      0.8351006114 a       275     0    19     1     5
      0.7089300735 a       276     0    19     1     6
     -0.0758850172 a       277     0    19     1     7
     -0.8209486735 a       278     0    19     1     8
      0.2919115111 a       279     0    19     1     9
     -0.3005091928 a       280     0    19     1    10
     -0.9767158859 a       281     0    19     1    11
      0.0618335883 a       282     0    19     1    12
     -0.7246386394 a       283     0    19     1    13
      0.5780477717 a       284     0    19     1    14
      0.7284357611 a       285     0    19     1    15
     -0.2790619062 a       286     0    20     1     1
     -0.5106131610 a       287     0    20     1     2
      0.1172912146 a       288     0    20     1     3
      0.4128702330 a       289     0    20     1     4
     -0.3821005720 a       290     0    20     1     5
     -0.7084475255 a       291     0    20     1     6
      0.1745184359 a       292     0    20     1     7
     -0.3046488639 a       293     0    20     1     8
      0.7812122357 a       294     0    20     1     9
     -0.1013030056 a       295     0    20     1    10
      0.8005529199 a       296     0    20     1    11
      0.1830253728 a       297     0    20     1    12
     -0.9572598065 a       298     0    20     1    13
      0.9715855292 a       299     0    20     1    14
     -0.4452820589 a       300     0    20     1    15
      0.5406329571 a       301     0    21     1     1
     -0.4122734405 a       302     0    21     1     2
      0.1485149189 a       303     0    21     1     3
     -0.8167741464 a       304     0    21     1     4
      0.9830654145 a       305     0    21     1     5
      0.3088248362 a       306     0    21     1     6
      0.7791405512 a       307     0    21     1     7
      0.3948356821 a       308     0    21     1     8
      0.4656162190 a       309     0    21     1     9
     -0.2231948730 a       310     0    21     1    10
     -0.8816737353 a       311     0    21     1    11
     -0.3927202627 a       312     0    21     1    12
     -0.5049903004 a       313     0    21     1    13
      0.3017660461 a       314     0    21     1    14
      0.7104514262 a       315     0    21     1    15
      0.1523204921 a       316     0    22     1     1
     -0.1888630751 a       317     0    22     1     2
      1.0159154813 a       318     0    22     1     3
     -0.4231734817 a       319     0    22     1     4
      0.9776088485 a       320     0    22     1     5
      0.9874414516 a       321     0    22     1     6
     -0.4015025380 a       322     0    22     1     7
     -0.2086846975 a       323     0    22     1     8
     -0.2344137724 a       324     0    22     1     9
      0.5367216209 a       325     0    22     1    10
     -0.3246846976 a       326     0    22     1    11
     -0.4315180144 a       327     0    22     1    12
      0.2512404882 a       328     0    22     1    13
     -0.4201246173 a       329     0    22     1    14
     -0.2136022059 a       330     0    22     1    15
     -0.6085003435 a       331     0    23     1     1
      0.7624258813 a       332     0    23     1     2
     -0.0128969958 a       333     0    23     1     3
      0.6152616741 a       334     0    23     1     4
     -0.9593676127 a       335     0    23     1     5
      0.0334826901 a       336     0    23     1     6
      0.8305839439 a       337     0    23     1     7
      0.2446805034 a       338     0    23     1     8
     -0.1710893058 a       339     0    23     1     9
      0.0131944651 a       340     0    23     1    10
     -0.0001991717 a       341     0    23     1    11
     -0.8908215545 a       342     0    23     1    12
      0.6827818482 a       343     0    23     1    13
      0.4744449726 a       344     0    23     1    14
     -0.9387238472 a       345     0    23     1    15
     -0.0964443686 a       346     0    24     1     1
      0.9802185513 a       347     0    24     1     2
      0.1204966235 a       348     0    24     1     3
     -0.7773066191 a       349     0    24     1     4
     -0.3993089355 a       350     0    24     1     5
      0.5267619557 a       351     0    24     1     6
     -0.2457474385 a       352     0    24     1     7
      0.4084617481 a       353     0    24     1     8
     -0.6313845327 a       354     0    24     1     9
      0.0278298909 a       355     0    24     1    10
     -0.1198637526 a       356     0    24     1    11
      0.1227229051 a       357     0    24     1    12
     -0.6550503043 a       358     0    24     1    13
     -0.2362825112 a       359     0    24     1    14
      0.3681954409 a       360     0    24     1    15
      0.0400102224 a       361     0    25     1     1
      0.2399104724 a       362     0    25     1     2
     -0.8220277493 a       363     0    25     1     3
     -0.5616216803 a       364     0    25     1     4
     -0.1686496255 a       365     0    25     1     5
     -0.5037596466 a       366     0    25     1     6
      0.5107313730 a       367     0    25     1     7
      0.2178190237 a       368     0    25     1     8
     -0.4312576557 a       369     0    25     1     9
     -0.7555571378 a       370     0    25     1    10
     -0.9174991610 a       371     0    25     1    11
      0.2454220870 a       372     0    25     1    12
      0.7530118178 a       373     0    25     1    13
     -0.2262049236 a       374     0    25     1    14
     -0.4327935362 a       375     0    25     1    15
      0.6115413720 a       376     0    26     1     1
     -0.6903178981 a       377     0    26     1     2
      0.1331266887 a       378     0    26     1     3
      0.0800652708 a       379     0    26     1     4
      1.0226657887 a       380     0    26     1     5
     -0.4742121620 a       381     0    26     1     6
      0.5072609353 a       382     0    26     1     7
      0.3887972223 a       383     0    26     1     8
     -0.3004508628 a       384     0    26     1     9
      0.6553520027 a       385     0    26     1    10
     -0.1484866470 a       386     0    26     1    11
     -0.0197443835 a       387     0    26     1    12
      0.7744502715 a       388     0    26     1    13
      0.7798025317 a       389     0    26     1    14
     -0.0565372791 a       390     0    26     1    15
      0.3156516769 a       391     0    27     1     1
      0.9535223310 a       392     0    27     1     2
      0.9232231300 a       393     0    27     1     3
      0.2887390073 a       394     0    27     1     4
      0.2958010730 a       395     0    27     1     5
     -0.8709309519 a       396     0    27     1     6
     -0.6602731839 a       397     0    27     1     7
     -0.2428444023 a       398     0    27     1     8
      0.1545201522 a       399     0    27     1     9
     -0.4204448269 a       400     0    27     1    10
     -0.7327761983 a       401     0    27     1    11
     -0.0977190708 a       402     0    27     1    12
      0.2271130610 a       403     0    27     1    13
      0.3653287279 a       404     0    27     1    14
      0.0486933533 a       405     0    27     1    15
     -0.0352750781 a       406     0    28     1     1
     -0.6657608798 a       407     0    28     1     2
     -0.5545292009 a       408     0    28     1     3
     -0.5449278992 a       409     0    28     1     4
      0.4837024729 a       410     0    28     1     5
     -0.4531640443 a       411     0    28     1     6
      0.6136058527 a       412     0    28     1     7
     -0.4235657010 a       413     0    28     1     8
      0.0847850997 a       414     0    28     1     9
      0.4717205232 a       415     0    28     1    10
     -0.6632743765 a       416     0    28     1    11
     -0.5682942298 a       417     0    28     1    12
      0.6902880758 a       418     0    28     1    13
     -0.9392728675 a       419     0    28     1    14
      0.2630703448 a       420     0    28     1    15
      0.9205534187 a       421     0    29     1     1
     -0.7451269652 a       422     0    29     1     2
     -0.9060334290 a       423     0    29     1     3
     -0.6992165280 a       424     0    29     1     4
      0.4735495539 a       425     0    29     1     5
     -0.1945121717 a       426     0    29     1     6
     -0.4404607830 a       427     0    29     1     7
      0.7151812909 a       428     0    29     1     8
     -0.9111595436 a       429     0    29     1     9
      0.3490296778 a       430     0    29     1    10
     -0.8848914174 a       431     0    29     1    11
      0.3522674950 a       432     0    29     1    12
     -0.2324024468 a       433     0    29     1    13
     -0.7900223605 a       434     0    29     1    14
     -0.6219999168 a       435     0    29     1    15
     -0.0904441660 a       436     0    30     1     1
     -0.6052819298 a       437     0    30     1     2
     -0.0458688936 a       438     0    30     1     3
     -0.7058257045 a       439     0    30     1     4
     -0.6551994477 a       440     0    30     1     5
     -0.1074931419 a       441     0    30     1     6
     -0.5122397120 a       442     0    30     1     7
     -0.1153765243 a       443     0    30     1     8
     -0.7618517215 a       444     0    30     1     9
     -0.3355450131 a       445     0    30     1    10
     -0.4858240224 a       446     0    30     1    11
      0.7834910438 a       447     0    30     1    12
     -0.1372653191 a       448     0    30     1    13
      0.7012584734 a       449     0    30     1    14
      1.0094866987 a       450     0    30     1    15
      0.8874133990 b       451     1     1
     -0.1230009687 b       452     1     2
      0.3793833563 b       453     1     3
     -0.4016037962 b       454     1     4
      0.2828027790 b       455     1     5
     -1.0156557259 b       456     1     6
     -0.5952667438 b       457     1     7
      0.3252245452 b       458     1     8
      1.1148018698 b       459     1     9
     -0.9670089279 b       460     1    10
      0.8460121203 b       461     1    11
     -0.4263138861 b       462     1    12
      0.7723251671 b       463     1    13
     -0.6450912587 b       464     1    14
     -0.9544724951 b       465     1    15
     -0.3316906658 a       466     1     1     2     1
     -0.8461974698 a       467     1     1     2     2
     -0.9627218015 a       468     1     1     2     3
     -0.1816894881 a       469     1     1     2     4
      0.5865009791 a       470     1     1     2     5
      0.2265619978 a       471     1     1     2     6
      0.2073897969 a       472     1     1     2     7
      1.0240942136 a       473     1     1     2     8
     -0.3111419221 a       474     1     1     2     9
      0.6482278796 a       475     1     1     2    10
      0.9923866234 a       476     1     1     2    11
     -0.9336552059 a       477     1     1     2    12
     -0.2231944074 a       478     1     1     2    13
      0.2079489558 a       479     1     1     2    14
      0.3292632100 a       480     1     1     2    15
     -0.3357093552 a       481     1     2     2     1
     -0.4427592079 a       482     1     2     2     2
      0.7747064144 a       483     1     2     2     3
      0.3495841312 a       484     1     2     2     4
      0.8140801773 a       485     1     2     2     5
     -0.5817999239 a       486     1     2     2     6
     -0.5893270397 a       487     1     2     2     7
     -0.5445652094 a       488     1     2     2     8
     -0.0406541052 a       489     1     2     2     9
     -0.9706026567 a       490     1     2     2    10
     -0.2600471398 a       491     1     2     2    11
     -0.2212416018 a       492     1     2     2    12
      0.0227279003 a       493     1     2     2    13
     -0.4424196857 a       494     1     2     2    14
      0.4734151127 a       495     1     2     2    15
     -0.8093444090 a       496     1     3     2     1
     -0.4138691671 a       497     1     3     2     2
     -0.5446411921 a       498     1     3     2     3
     -0.6488650178 a       499     1     3     2     4
      0.3851216001 a       500     1     3     2     5
      0.2624055779 a       501     1     3     2     6
      0.5487542330 a       502     1     3     2     7
     -0.8276251687 a       503     1     3     2     8
      0.7853287833 a       504     1     3     2     9
      0.9324267387 a       505     1     3     2    10
      0.7829569881 a       506     1     3     2    11
     -0.0390896173 a       507     1     3     2    12
     -0.5512202749 a       508     1     3     2    13
     -0.2360630369 a       509     1     3     2    14
     -0.0595460359 a       510     1     3     2    15
     -0.8130236770 a       511     1     4     2     1
      0.3091551309 a       512     1     4     2     2
     -0.7269447064 a       513     1     4     2     3
      0.5437708831 a       514     1     4     2     4
      0.8534964213 a       515     1     4     2     5
     -0.2674825874 a       516     1     4     2     6
     -0.5536009215 a       517     1     4     2     7
     -0.8097910714 a       518     1     4     2     8
      0.6712274996 a       519     1     4     2     9
      0.8850410545 a       520     1     4     2    10
     -0.8369184751 a       521     1     4     2    11
      0.7819452614 a       522     1     4     2    12
     -0.8079284852 a       523     1     4     2    13
     -0.7523040586 a       524     1     4     2    14
     -0.1646639960 a       525     1     4     2    15
     -0.4587290782 a       526     1     5     2     1
      0.5920670710 a       527     1     5     2     2
     -0.8608744239 a       528     1     5     2     3
      0.0609163756 a       529     1     5     2     4
      0.7248515702 a       530     1     5     2     5
     -0.0302348766 a       531     1     5     2     6
     -0.1729205580 a       532     1     5     2     7
      0.2391770666 a       533     1     5     2     8
     -0.3235298557 a       534     1     5     2     9
      0.7756335209 a       535     1     5     2    10
     -0.6642729610 a       536     1     5     2    11
     -0.6270034803 a       537     1     5     2    12
      0.4325420844 a       538     1     5     2    13
     -0.6215010608 a       539     1     5     2    14
     -0.0312368576 a       540     1     5     2    15
      0.6185783276 a       541     1     6     2     1
      0.0350924996 a       542     1     6     2     2
      0.4898243764 a       543     1     6     2     3
      0.4219960851 a       544     1     6     2     4
      0.8366230607 a       545     1     6     2     5
     -0.1726258064 a       546     1     6     2     6
     -0.1156325338 a       547     1     6     2     7
      0.1575235876 a       548     1     6     2     8
      0.5467328944 a       549     1     6     2     9
      0.5296157097 a       550     1     6     2    10
     -0.3070581319 a       551     1     6     2    11
      0.3687719111 a       552     1     6     2    12
     -0.8643451431 a       553     1     6     2    13
     -0.5139256636 a       554     1     6     2    14
      0.4938884604 a       555     1     6     2    15
      0.4386493262 a       556     1     7     2     1
     -0.8141428637 a       557     1     7     2     2
     -0.5315020887 a       558     1     7     2     3
     -0.9433454328 a       559     1     7     2     4
      0.8426046510 a       560     1     7     2     5
      0.2229302407 a       561     1     7     2     6
     -0.8741882280 a       562     1     7     2     7
      0.9092534952 a       563     1     7     2     8
     -0.4492680399 a       564     1     7     2     9
     -0.1022801954 a       565     1     7     2    10
      0.8214302310 a       566     1     7     2    11
     -0.2481148769 a       567     1     7     2    12
     -0.3647052074 a       568     1     7     2    13
      0.1615752483 a       569     1     7     2    14
      0.0484622072 a       570     1     7     2    15
     -0.0540806884 a       571     1     8     2     1
     -0.8615024094 a       572     1     8     2     2
     -0.0676450117 a       573     1     8     2     3
      0.4446677228 a       574     1     8     2     4
      0.0689190078 a       575     1     8     2     5
     -0.3970044768 a       576     1     8     2     6
      0.5792456504 a       577     1     8     2     7
      0.3648010573 a       578     1     8     2     8
      0.8493344315 a       579     1     8     2     9
      0.4820974443 a       580     1     8     2    10
     -0.5748183867 a       581     1     8     2    11
     -0.5032680645 a       582     1     8     2    12
     -0.2618549602 a       583     1     8     2    13
     -0.7614112629 a       584     1     8     2    14
      0.5867442515 a       585     1     8     2    15
      0.4278816616 a       586     1     9     2     1
      0.1363292674 a       587     1     9     2     2
      0.2957794964 a       588     1     9     2     3
      0.9451457346 a       589     1     9     2     4
     -0.0537690092 a       590     1     9     2     5
      0.9936914356 a       591     1     9     2     6
     -0.2809679024 a       592     1     9     2     7
      0.4222319934 a       593     1     9     2     8
     -0.8299915711 a       594     1     9     2     9
     -0.9334323811 a       595     1     9     2    10
     -0.3454401259 a       596     1     9     2    11
     -0.3298624963 a       597     1     9     2    12
     -0.7595556139 a       598     1     9     2    13
     -0.4902236465 a       599     1     9     2    14
      0.1888470094 a       600     1     9     2    15
     -0.2215401937 a       601     1    10     2     1
     -0.1314751661 a       602     1    10     2     2
     -0.4910389496 a       603     1    10     2     3
      0.5740258674 a       604     1    10     2     4
      0.2985109068 a       605     1    10     2     5
      0.8622548248 a       606     1    10     2     6
      0.9789819062 a       607     1    10     2     7
      0.5479558160 a       608     1    10     2     8
     -0.4661795868 a       609     1    10     2     9
     -0.8344212226 a       610     1    10     2    10
      0.7662908511 a       611     1    10     2    11
      0.4392567781 a       612     1    10     2    12
     -0.7708862491 a       613     1    10     2    13
      0.7331144078 a       614     1    10     2    14
      0.0711141197 a       615     1    10     2    15
     -0.0688105006 a       616     1    11     2     1
     -0.9059935419 a       617     1    11     2     2
     -0.1394974994 a       618     1    11     2     3
     -1.0410369948 a       619     1    11     2     4
      0.4417898134 a       620     1    11     2     5
     -0.0188967357 a       621     1    11     2     6
      0.4861486336 a       622     1    11     2     7
      0.5345538808 a       623     1    11     2     8
     -0.1232221961 a       624     1    11     2     9
      0.2790520320 a       625     1    11     2    10
     -0.8070179185 a       626     1    11     2    11
      0.2204464119 a       627     1    11     2    12
      0.1413080397 a       628     1    11     2    13
      0.6049055012 a       629     1    11     2    14
     -0.7026841390 a       630     1    11     2    15
      0.1342408223 a       631     1    12     2     1
      0.5897464904 a       632     1    12     2     2
      0.4032265964 a       633     1    12     2     3
      0.5841686500 a       634     1    12     2     4
      0.9412961257 a       635     1    12     2     5
      0.5739002319 a       636     1    12     2     6
     -0.0126610615 a       637     1    12     2     7
     -0.7699835318 a       638     1    12     2     8
     -0.5270882795 a       639     1    12     2     9
     -0.5067891132 a       640     1    12     2    10
      0.6917496066 a       641     1    12     2    11
      0.5921874791 a       642     1    12     2    12
      0.8120805754 a       643     1    12     2    13
      0.1173574925 a       644     1    12     2    14
      0.6182236196 a       645     1    12     2    15
      0.8536014150 a       646     1    13     2     1
      0.2045273832 a       647     1    13     2     2
      0.6706476534 a       648     1    13     2     3
     -0.8865056864 a       649     1    13     2     4
     -0.5008987849 a       650     1    13     2     5
     -0.2396521936 a       651     1    13     2     6
     -0.7846534043 a       652     1    13     2     7
     -0.2044461582 a       653     1    13     2     8
      0.4276664037 a       654     1    13     2     9
     -0.4067737506 a       655     1    13     2    10
     -0.1422039306 a       656     1    13     2    11
      0.4858078381 a       657     1    13     2    12
      0.3651026836 a       658     1    13     2    13
      0.0388239354 a       659     1    13     2    14
      0.2100576258 a       660     1    13     2    15
     -0.7690477497 a       661     1    14     2     1
     -0.1334624398 a       662     1    14     2     2
     -0.1955534344 a       663     1    14     2     3
      0.7089303800 a       664     1    14     2     4
     -0.9120266667 a       665     1    14     2     5
      0.1392559296 a       666     1    14     2     6
      0.8604000952 a       667     1    14     2     7
      0.4279509879 a       668     1    14     2     8
     -0.3106388573 a       669     1    14     2     9
      0.7419605532 a       670     1    14     2    10
      0.5144650184 a       671     1    14     2    11
      0.5194619225 a       672     1    14     2    12
      0.6915004496 a       673     1    14     2    13
      0.5280284697 a       674     1    14     2    14
      0.1653102172 a       675     1    14     2    15
     -0.0817758469 a       676     1    15     2     1
     -0.1643494033 a       677     1    15     2     2
     -0.3007524844 a       678     1    15     2     3
     -0.5481581354 a       679     1    15     2     4
      0.2549970138 a       680     1    15     2     5
     -0.8722871725 a       681     1    15     2     6
      0.3337444112 a       682     1    15     2     7
      0.5876102379 a       683     1    15     2     8
      0.9329315522 a       684     1    15     2     9
     -0.4525006246 a       685     1    15     2    10
     -0.2493298076 a       686     1    15     2    11
     -0.3861194097 a       687     1    15     2    12
      0.0824877838 a       688     1    15     2    13
     -0.5234602017 a       689     1    15     2    14
     -0.2993207068 a       690     1    15     2    15
     -0.2873613957 b       691     2     1
     -0.8815546833 b       692     2     2
      0.7670777709 b       693     2     3
     -0.2069176934 b       694     2     4
      0.2213888597 b       695     2     5
      0.7225617403 b       696     2     6
      0.0400869034 b       697     2     7
      0.9009023495 b       698     2     8
     -0.1384082849 b       699     2     9
     -0.2016878557 b       700     2    10
      0.2722365075 b       701     2    11
     -0.7506698310 b       702     2    12
     -0.8739796541 b       703     2    13
      0.6306854339 b       704     2    14
     -0.6616002455 b       705     2    15
     -0.7971698270 a       706     2     1     3     1
     -0.7826090578 a       707     2     2     3     1
      0.7259708630 a       708     2     3     3     1
     -0.5959813216 a       709     2     4     3     1
      0.5304314872 a       710     2     5     3     1
      0.3494590994 a       711     2     6     3     1
     -0.3763474743 a       712     2     7     3     1
     -0.2003957971 a       713     2     8     3     1
     -0.4421772702 a       714     2     9     3     1
      0.2747283562 a       715     2    10     3     1
      0.8624803623 a       716     2    11     3     1
      0.2715592437 a       717     2    12     3     1
     -0.0723698763 a       718     2    13     3     1
      0.2622466659 a       719     2    14     3     1
      0.0999209571 a       720     2    15     3     1
     -0.6664048396 b       721     3     1
