     -0.0361973710 a         1     0     1     1     1
      0.4397253695 a         2     0     1     1     2
      0.0570594175 a         3     0     1     1     3
     -0.3764804805 a         4     0     1     1     4
     -0.2021517525 a         5     0     1     1     5
      0.2360055932 a         6     0     1     1     6
     -0.1186506490 a         7     0     1     1     7
      0.1890142232 a         8     0     1     1     8
     -0.3523765862 a         9     0     1     1     9
      0.0165916495 a        10     0     1     1    10
     -0.0602233545 a        11     0     1     1    11
      0.0535968343 a        12     0     1     1    12
     -0.3434858478 a        13     0     1     1    13
     -0.1064741384 a        14     0     1     1    14
      0.1882606928 a        15     0     1     1    15
      0.0269510002 a        16     0     1     1    16
      0.1298987681 a        17     0     1     1    17
     -0.3613927833 a        18     0     1     1    18
     -0.2889213709 a        19     0     1     1    19
     -0.0900271948 a        20     0     1     1    20
     -0.2485526334 a        21     0     2     1     1
      0.2321890828 a        22     0     2     1     2
      0.0969117378 a        23     0     2     1     3
     -0.2045982614 a        24     0     2     1     4
     -0.3459259769 a        25     0     2     1     5
     -0.4231988130 a        26     0     2     1     6
      0.1211038566 a        27     0     2     1     7
      0.3691700814 a        28     0     2     1     8
     -0.1113434321 a        29     0     2     1     9
     -0.2107993270 a        30     0     2     1    10
      0.2895281452 a        31     0     2     1    11
     -0.3192435785 a        32     0     2     1    12
      0.0817138151 a        33     0     2     1    13
      0.0346392142 a        34     0     2     1    14
      0.5269567267 a        35     0     2     1    15
     -0.2353179457 a        36     0     2     1    16
      0.2710561920 a        37     0     2     1    17
      0.1652647589 a        38     0     2     1    18
     -0.1532145735 a        39     0     2     1    19
      0.2988646046 a        40     0     2     1    20
     -0.0745855827 a        41     0     3     1     1
     -0.0077490414 a        42     0     3     1     2
      0.3822670298 a        43     0     3     1     3
      0.3760343482 a        44     0     3     1     4
     -0.0292174191 a        45     0     3     1     5
      0.1447228013 a        46     0     3     1     6
      0.4788244413 a        47     0     3     1     7
      0.4268049116 a        48     0     3     1     8
      0.1467449510 a        49     0     3     1     9
      0.1244739625 a        50     0     3     1    10
     -0.4035432953 a        51     0     3     1    11
     -0.3174377544 a        52     0     3     1    12
     -0.1252472471 a        53     0     3     1    13
      0.0821069405 a        54     0     3     1    14
     -0.2228827018 a        55     0     3     1    15
     -0.3580208841 a        56     0     3     1    16
     -0.0703882746 a        57     0     3     1    17
      0.1095754495 a        58     0     3     1    18
      0.1888080082 a        59     0     3     1    19
      0.0240187639 a        60     0     3     1    20
     -0.0143450556 a        61     0     4     1     1
     -0.2985791150 a        62     0     4     1     2
     -0.2685956931 a        63     0     4     1     3
     -0.2603110807 a        64     0     4     1     4
      0.2160193617 a        65     0     4     1     5
     -0.2159082364 a        66     0     4     1     6
      0.3151492242 a        67     0     4     1     7
     -0.2146488233 a        68     0     4     1     8
      0.0455989266 a        69     0     4     1     9
      0.2246038101 a        70     0     4     1    10
     -0.3100796214 a        71     0     4     1    11
     -0.2744016212 a        72     0     4     1    12
      0.3717795713 a        73     0     4     1    13
     -0.4704303776 a        74     0     4     1    14
      0.1377441054 a        75     0     4     1    15
      0.4491850237 a        76     0     4     1    16
     -0.3828683260 a        77     0     4     1    17
     -0.4031822985 a        78     0     4     1    18
     -0.3540786866 a        79     0     4     1    19
      0.2038100222 a        80     0     4     1    20
     -0.0964804225 a        81     0     5     1     1
     -0.1871527339 a        82     0     5     1     2
      0.3405417066 a        83     0     5     1     3
     -0.4278052873 a        84     0     5     1     4
      0.1634521832 a        85     0     5     1     5
     -0.4075917265 a        86     0     5     1     6
      0.1758536426 a        87     0     5     1     7
     -0.1087588931 a        88     0     5     1     8
     -0.4326501854 a        89     0     5     1     9
     -0.3016178762 a        90     0     5     1    10
     -0.0224616205 a        91     0     5     1    11
     -0.2616043880 a        92     0     5     1    12
      0.0041221365 a        93     0     5     1    13
     -0.3723002319 a        94     0     5     1    14
     -0.3752367521 a        95     0     5     1    15
     -0.0600169156 a        96     0     5     1    16
     -0.2519723552 a        97     0     5     1    17
     -0.0704806562 a        98     0     5     1    18
     -0.3883606541 a        99     0     5     1    19
     -0.1474243919 a       100     0     5     1    20
     -0.2391278912 a       101     0     6     1     1
      0.3658451830 a       102     0     6     1     2
     -0.0666176828 a       103     0     6     1     3
      0.3477022478 a       104     0     6     1     4
      0.4509044745 a       105     0     6     1     5
      0.3715117679 a       106     0     6     1     6
     -0.0415233703 a       107     0     6     1     7
      0.1521484704 a       108     0     6     1     8
     -0.1987094164 a       109     0     6     1     9
      0.1227355051 a       110     0     6     1    10
     -0.4489918761 a       111     0     6     1    11
     -0.3709524584 a       112     0     6     1    12
      0.1874566634 a       113     0     6     1    13
      0.4993870150 a       114     0     6     1    14
     -0.5281624730 a       115     0     6     1    15
      0.3970084381 a       116     0     6     1    16
     -0.1419092610 a       117     0     6     1    17
      0.3729290399 a       118     0     6     1    18
     -0.2897352907 a       119     0     6     1    19
     -0.4432233060 a       120     0     6     1    20
     -0.1378241541 a       121     0     7     1     1
     -0.3934338990 a       122     0     7     1     2
     -0.4552210737 a       123     0     7     1     3
     -0.0683286026 a       124     0     7     1     4
      0.2653460897 a       125     0     7     1     5
      0.1009861338 a       126     0     7     1     6
      0.1200832479 a       127     0     7     1     7
      0.4680874893 a       128     0     7     1     8
     -0.1867610580 a       129     0     7     1     9
      0.3185516015 a       130     0     7     1    10
      0.4545326169 a       131     0     7     1    11
     -0.4371362540 a       132     0     7     1    12
     -0.0900752353 a       133     0     7     1    13
      0.1128339708 a       134     0     7     1    14
      0.1849466122 a       135     0     7     1    15
     -0.1542136312 a       136     0     7     1    16
     -0.2717875982 a       137     0     7     1    17
      0.3815134652 a       138     0     7     1    18
      0.2114700126 a       139     0     7     1    19
      0.3682566324 a       140     0     7     1    20
     -0.2882463473 a       141     0     8     1     1
     -0.2546889397 a       142     0     8     1     2
     -0.2672411528 a       143     0     8     1     3
     -0.0159812070 a       144     0     8     1     4
     -0.4482072282 a       145     0     8     1     5
     -0.1105118805 a       146     0     8     1     6
     -0.1116996939 a       147     0     8     1     7
      0.0115874200 a       148     0     8     1     8
     -0.2484901999 a       149     0     8     1     9
      0.2191857634 a       150     0     8     1    10
     -0.3925942902 a       151     0     8     1    11
     -0.1828128777 a       152     0     8     1    12
     -0.3142529474 a       153     0     8     1    13
     -0.3636855141 a       154     0     8     1    14
      0.2007321448 a       155     0     8     1    15
      0.1343869538 a       156     0     8     1    16
      0.2884432969 a       157     0     8     1    17
     -0.3786226231 a       158     0     8     1    18
      0.3838641152 a       159     0     8     1    19
      0.4313160755 a       160     0     8     1    20
      0.3896056971 a       161     0     9     1     1
     -0.0174563839 a       162     0     9     1     2
     -0.2640737537 a       163     0     9     1     3
     -0.1048384032 a       164     0     9     1     4
     -0.0187077605 a       165     0     9     1     5
     -0.3724426337 a       166     0     9     1     6
      0.1699827477 a       167     0     9     1     7
     -0.3571471218 a       168     0     9     1     8
      0.3068487802 a       169     0     9     1     9
      0.4288763523 a       170     0     9     1    10
     -0.1237164514 a       171     0     9     1    11
     -0.2631728118 a       172     0     9     1    12
     -0.4139481986 a       173     0     9     1    13
      0.3505672572 a       174     0     9     1    14
      0.4686068799 a       175     0     9     1    15
     -0.4238165241 a       176     0     9     1    16
      0.4117719761 a       177     0     9     1    17
     -0.3668918272 a       178     0     9     1    18
     -0.3784848372 a       179     0     9     1    19
     -0.0818928336 a       180     0     9     1    20
     -0.2084064311 a       181     0    10     1     1
      0.2841567633 a       182     0    10     1     2
     -0.4625903248 a       183     0    10     1     3
      0.0011909905 a       184     0    10     1     4
      0.3209192161 a       185     0    10     1     5
     -0.0105062353 a       186     0    10     1     6
     -0.0831204039 a       187     0    10     1     7
      0.1135323674 a       188     0    10     1     8
     -0.1726979939 a       189     0    10     1     9
      0.3613891537 a       190     0    10     1    10
     -0.3319217354 a       191     0    10     1    11
     -0.2951978530 a       192     0    10     1    12
      0.2333663126 a       193     0    10     1    13
     -0.3194247750 a       194     0    10     1    14
     -0.0101174245 a       195     0    10     1    15
      0.2771957791 a       196     0    10     1    16
      0.0063279465 a       197     0    10     1    17
      0.2303670230 a       198     0    10     1    18
      0.2127718630 a       199     0    10     1    19
      0.3831951822 a       200     0    10     1    20
     -0.0869417400 a       201     0    11     1     1
     -0.0611408142 a       202     0    11     1     2
      0.1048042477 a       203     0    11     1     3
      0.2690779022 a       204     0    11     1     4
      0.2299503894 a       205     0    11     1     5
     -0.1307378450 a       206     0    11     1     6
      0.1882403678 a       207     0    11     1     7
     -0.4462661559 a       208     0    11     1     8
     -0.2943313335 a       209     0    11     1     9
      0.2224972250 a       210     0    11     1    10
      0.1971707227 a       211     0    11     1    11
     -0.3644260882 a       212     0    11     1    12
     -0.3040157131 a       213     0    11     1    13
     -0.4851001047 a       214     0    11     1    14
      0.4512306079 a       215     0    11     1    15
      0.1069230830 a       216     0    11     1    16
     -0.4743255945 a       217     0    11     1    17
      0.4341297576 a       218     0    11     1    18
     -0.2116510081 a       219     0    11     1    19
     -0.0618289581 a       220     0    11     1    20
      0.3728578897 a       221     0    12     1     1
     -0.1112961036 a       222     0    12     1     2
     -0.2066819750 a       223     0    12     1     3
      0.0658732202 a       224     0    12     1     4
      0.0104144618 a       225     0    12     1     5
     -0.0366195818 a       226     0    12     1     6
     -0.4806470827 a       227     0    12     1     7
      0.0082381628 a       228     0    12     1     8
      0.2580870558 a       229     0    12     1     9
      0.0303501016 a       230     0    12     1    10
     -0.1859525930 a       231     0    12     1    11
      0.2732283924 a       232     0    12     1    12
      0.1698463926 a       233     0    12     1    13
      0.4242944545 a       234     0    12     1    14
      0.2665860027 a       235     0    12     1    15
     -0.2477346215 a       236     0    12     1    16
     -0.2637944364 a       237     0    12     1    17
     -0.1039457348 a       238     0    12     1    18
     -0.3710049343 a       239     0    12     1    19
      0.2712218607 a       240     0    12     1    20
      0.2857068743 a       241     0    13     1     1
      0.0811958160 a       242     0    13     1     2
      0.0969368671 a       243     0    13     1     3
      0.4654221932 a       244     0    13     1     4
     -0.0490032002 a       245     0    13     1     5
      0.4466226718 a       246     0    13     1     6
     -0.1040822661 a       247     0    13     1     7
      0.1844011194 a       248     0    13     1     8
     -0.4520252557 a       249     0    13     1     9
     -0.4416227083 a       250     0    13     1    10
     -0.2128179285 a       251     0    13     1    11
     -0.1555886201 a       252     0    13     1    12
     -0.3703615788 a       253     0    13     1    13
     -0.2616829076 a       254     0    13     1    14
      0.1083236125 a       255     0    13     1    15
     -0.1714490047 a       256     0    13     1    16
     -0.0757382299 a       257     0    13     1    17
     -0.1938344412 a       258     0    13     1    18
      0.2649156708 a       259     0    13     1    19
      0.1594300801 a       260     0    13     1    20
      0.4192446388 a       261     0    14     1     1
      0.4062416418 a       262     0    14     1     2
      0.2954951628 a       263     0    14     1     3
     -0.2220134225 a       264     0    14     1     4
     -0.3891164864 a       265     0    14     1     5
      0.3767800953 a       266     0    14     1     6
      0.2239339606 a       267     0    14     1     7
     -0.4054606343 a       268     0    14     1     8
      0.4128596514 a       269     0    14     1     9
      0.0251447135 a       270     0    14     1    10
      0.0236956471 a       271     0    14     1    11
     -0.4114022811 a       272     0    14     1    12
     -0.1067079572 a       273     0    14     1    13
     -0.5003132965 a       274     0    14     1    14
      0.2488615938 a       275     0    14     1    15
     -0.0154350054 a       276     0    14     1    16
      0.2918732398 a       277     0    14     1    17
      0.2167155292 a       278     0    14     1    18
     -0.0536162172 a       279     0    14     1    19
      0.1381767370 a       280     0    14     1    20
     -0.4327244986 a       281     0    15     1     1
      0.0982262167 a       282     0    15     1     2
      0.0989293556 a       283     0    15     1     3
      0.2779971985 a       284     0    15     1     4
     -0.3209196235 a       285     0    15     1     5
      0.0384428609 a       286     0    15     1     6
      0.2920071440 a       287     0    15     1     7
      0.2202165639 a       288     0    15     1     8
      0.3268969958 a       289     0    15     1     9
      0.4749691928 a       290     0    15     1    10
      0.2678449889 a       291     0    15     1    11
     -0.0174143590 a       292     0    15     1    12
     -0.4097662762 a       293     0    15     1    13
     -0.2780468159 a       294     0    15     1    14
     -0.2574224260 a       295     0    15     1    15
      0.3554092357 a       296     0    15     1    16
      0.3128913035 a       297     0    15     1    17
      0.3573330598 a       298     0    15     1    18
      0.0646902679 a       299     0    15     1    19
      0.2775635466 a       300     0    15     1    20
      0.3796895220 a       301     0    16     1     1
      0.0976058313 a       302     0    16     1     2
      0.3226511432 a       303     0    16     1     3
     -0.4541348336 a       304     0    16     1     4
     -0.2167626928 a       305     0    16     1     5
     -0.0972954265 a       306     0    16     1     6
     -0.4088576478 a       307     0    16     1     7
     -0.1313747593 a       308     0    16     1     8
      0.2120435169 a       309     0    16     1     9
     -0.1728058610 a       310     0    16     1    10
     -0.0464299754 a       311     0    16     1    11
      0.2284497800 a       312     0    16     1    12
      0.2177565740 a       313     0    16     1    13
      0.0394587290 a       314     0    16     1    14
      0.1310131252 a       315     0    16     1    15
     -0.4046384312 a       316     0    16     1    16
     -0.0704247715 a       317     0    16     1    17
     -0.0851947605 a       318     0    16     1    18
      0.3310975579 a       319     0    16     1    19
     -0.4258590078 a       320     0    16     1    20
      0.0696237148 a       321     0    17     1     1
      0.3710900751 a       322     0    17     1     2
      0.2257192460 a       323     0    17     1     3
     -0.1410834945 a       324     0    17     1     4
      0.3341603615 a       325     0    17     1     5
      0.2722157311 a       326     0    17     1     6
      0.2648464144 a       327     0    17     1     7
      0.3150600211 a       328     0    17     1     8
      0.2901817772 a       329     0    17     1     9
      0.0750924554 a       330     0    17     1    10
     -0.0871967762 a       331     0    17     1    11
     -0.0828871026 a       332     0    17     1    12
     -0.1418336908 a       333     0    17     1    13
     -0.2965860503 a       334     0    17     1    14
      0.1508438202 a       335     0    17     1    15
     -0.4177802216 a       336     0    17     1    16
      0.1496887617 a       337     0    17     1    17
      0.2833584020 a       338     0    17     1    18
      0.4669122083 a       339     0    17     1    19
     -0.2107797828 a       340     0    17     1    20
     -0.0881573757 a       341     0    18     1     1
     -0.1709239444 a       342     0    18     1     2
      0.0097790990 a       343     0    18     1     3
     -0.2446384676 a       344     0    18     1     4
     -0.1478874961 a       345     0    18     1     5
     -0.0782111040 a       346     0    18     1     6
     -0.4394732619 a       347     0    18     1     7
      0.3491298489 a       348     0    18     1     8
     -0.1006336539 a       349     0    18     1     9
      0.0906368004 a       350     0    18     1    10
      0.3322016883 a       351     0    18     1    11
      0.0471939273 a       352     0    18     1    12
      0.4403106246 a       353     0    18     1    13
     -0.0772947863 a       354     0    18     1    14
     -0.0943002852 a       355     0    18     1    15
      0.1000244968 a       356     0    18     1    16
     -0.3968344290 a       357     0    18     1    17
     -0.3495710149 a       358     0    18     1    18
      0.3142259507 a       359     0    18     1    19
     -0.2862224444 a       360     0    18     1    20
     -0.3065678914 a       361     0    19     1     1
     -0.3726149142 a       362     0    19     1     2
      0.3879757805 a       363     0    19     1     3
     -0.3390049975 a       364     0    19     1     4
      0.2624051285 a       365     0    19     1     5
      0.1485715567 a       366     0    19     1     6
     -0.0760312146 a       367     0    19     1     7
     -0.1896953619 a       368     0    19     1     8
     -0.1785997762 a       369     0    19     1     9
      0.1461787209 a       370     0    19     1    10
      0.4520684407 a       371     0    19     1    11
      0.1385208946 a       372     0    19     1    12
      0.1200090145 a       373     0    19     1    13
      0.1603680725 a       374     0    19     1    14
      0.0980364072 a       375     0    19     1    15
     -0.3345165043 a       376     0    19     1    16
      0.0681454001 a       377     0    19     1    17
     -0.3835279515 a       378     0    19     1    18
      0.0164259595 a       379     0    19     1    19
      0.0865172108 a       380     0    19     1    20
     -0.3656635329 a       381     0    20     1     1
     -0.0782339529 a       382     0    20     1     2
      0.4814120315 a       383     0    20     1     3
     -0.3059634030 a       384     0    20     1     4
      0.2947893938 a       385     0    20     1     5
     -0.3792625847 a       386     0    20     1     6
      0.1946664234 a       387     0    20     1     7
     -0.3992082507 a       388     0    20     1     8
      0.0635755822 a       389     0    20     1     9
     -0.4313247727 a       390     0    20     1    10
      0.4425912907 a       391     0    20     1    11
     -0.3427136203 a       392     0    20     1    12
     -0.3309596237 a       393     0    20     1    13
     -0.4048259385 a       394     0    20     1    14
     -0.0808712416 a       395     0    20     1    15
      0.4263869380 a       396     0    20     1    16
      0.2252087080 a       397     0    20     1    17
      0.3188603987 a       398     0    20     1    18
     -0.3477595973 a       399     0    20     1    19
     -0.4275960708 a       400     0    20     1    20
      0.3055956138 a       401     0    21     1     1
      0.0462502968 a       402     0    21     1     2
      0.3354477627 a       403     0    21     1     3
     -0.3414672201 a       404     0    21     1     4
      0.3402571221 a       405     0    21     1     5
     -0.0874112530 a       406     0    21     1     6
     -0.3945787482 a       407     0    21     1     7
      0.0370411919 a       408     0    21     1     8
     -0.2085972823 a       409     0    21     1     9
     -0.3186139038 a       410     0    21     1    10
     -0.1352338204 a       411     0    21     1    11
      0.2101175936 a       412     0    21     1    12
     -0.0345211851 a       413     0    21     1    13
      0.0886914011 a       414     0    21     1    14
     -0.2538569456 a       415     0    21     1    15
     -0.3576117745 a       416     0    21     1    16
      0.4439622922 a       417     0    21     1    17
     -0.0523340662 a       418     0    21     1    18
     -0.0117259466 a       419     0    21     1    19
      0.0264181768 a       420     0    21     1    20
      0.4399988215 a       421     0    22     1     1
     -0.4398283160 a       422     0    22     1     2
      0.3639809712 a       423     0    22     1     3
     -0.0127062313 a       424     0    22     1     4
     -0.1248816593 a       425     0    22     1     5
      0.1226990772 a       426     0    22     1     6
      0.4453706695 a       427     0    22     1     7
     -0.0513176195 a       428     0    22     1     8
      0.1894315637 a       429     0    22     1     9
     -0.0153703757 a       430     0    22     1    10
     -0.1750472203 a       431     0    22     1    11
      0.4409488053 a       432     0    22     1    12
     -0.4612324197 a       433     0    22     1    13
     -0.0580037450 a       434     0    22     1    14
     -0.2711926300 a       435     0    22     1    15
      0.1627365335 a       436     0    22     1    16
      0.4196401958 a       437     0    22     1    17
     -0.2597459619 a       438     0    22     1    18
     -0.2947178077 a       439     0    22     1    19
     -0.0979943593 a       440     0    22     1    20
      0.0188709260 a       441     0    23     1     1
     -0.3766354636 a       442     0    23     1     2
      0.0061702054 a       443     0    23     1     3
     -0.2998693411 a       444     0    23     1     4
      0.4442046917 a       445     0    23     1     5
      0.4539180010 a       446     0    23     1     6
      0.0594438539 a       447     0    23     1     7
      0.4659848327 a       448     0    23     1     8
     -0.2078401592 a       449     0    23     1     9
      0.4171205380 a       450     0    23     1    10
     -0.0955773691 a       451     0    23     1    11
     -0.1584254343 a       452     0    23     1    12
      0.3642780725 a       453     0    23     1    13
      0.2292938023 a       454     0    23     1    14
     -0.2144686030 a       455     0    23     1    15
      0.2254439249 a       456     0    23     1    16
      0.2670260971 a       457     0    23     1    17
      0.1052663301 a       458     0    23     1    18
     -0.2433483396 a       459     0    23     1    19
      0.2157427798 a       460     0    23     1    20
      0.2352659858 a       461     0    24     1     1
      0.1011252533 a       462     0    24     1     2
     -0.0568445519 a       463     0    24     1     3
      0.4535935794 a       464     0    24     1     4
      0.2975723510 a       465     0    24     1     5
     -0.3964335430 a       466     0    24     1     6
      0.2347715621 a       467     0    24     1     7
      0.1592748064 a       468     0    24     1     8
     -0.0426324390 a       469     0    24     1     9
     -0.0795230422 a       470     0    24     1    10
      0.2771554466 a       471     0    24     1    11
      0.1980894340 a       472     0    24     1    12
      0.1704741330 a       473     0    24     1    13
     -0.0993845722 a       474     0    24     1    14
     -0.4850789872 a       475     0    24     1    15
     -0.3837807748 a       476     0    24     1    16
      0.1471245582 a       477     0    24     1    17
     -0.1085992028 a       478     0    24     1    18
     -0.3946777570 a       479     0    24     1    19
      0.3796821014 a       480     0    24     1    20
      0.4033515772 a       481     0    25     1     1
      0.4391654131 a       482     0    25     1     2
     -0.2727590519 a       483     0    25     1     3
     -0.3803876978 a       484     0    25     1     4
      0.3791300401 a       485     0    25     1     5
     -0.3804464770 a       486     0    25     1     6
      0.2119225637 a       487     0    25     1     7
     -0.1611212920 a       488     0    25     1     8
     -0.2137402858 a       489     0    25     1     9
      0.3355372874 a       490     0    25     1    10
      0.2656175142 a       491     0    25     1    11
      0.1565980280 a       492     0    25     1    12
     -0.1336176523 a       493     0    25     1    13
      0.1373468787 a       494     0    25     1    14
      0.0718014562 a       495     0    25     1    15
      0.2208043532 a       496     0    25     1    16
      0.0692222711 a       497     0    25     1    17
     -0.2246873940 a       498     0    25     1    18
      0.0509780192 a       499     0    25     1    19
      0.3171874884 a       500     0    25     1    20
      0.0383719034 a       501     0    26     1     1
     -0.1648302952 a       502     0    26     1     2
      0.2014712125 a       503     0    26     1     3
      0.2572647681 a       504     0    26     1     4
     -0.0566845625 a       505     0    26     1     5
      0.2925105819 a       506     0    26     1     6
      0.3330760984 a       507     0    26     1     7
     -0.2949063030 a       508     0    26     1     8
      0.4247898748 a       509     0    26     1     9
      0.1437766374 a       510     0    26     1    10
     -0.1101533962 a       511     0    26     1    11
      0.3190121150 a       512     0    26     1    12
     -0.1687382622 a       513     0    26     1    13
     -0.1197483650 a       514     0    26     1    14
      0.2095882291 a       515     0    26     1    15
     -0.0340187643 a       516     0    26     1    16
      0.3934978064 a       517     0    26     1    17
      0.1475595762 a       518     0    26     1    18
     -0.3316940961 a       519     0    26     1    19
      0.3994977451 a       520     0    26     1    20
     -0.1215880283 a       521     0    27     1     1
      0.1986944724 a       522     0    27     1     2
      0.3444137758 a       523     0    27     1     3
      0.0352019942 a       524     0    27     1     4
      0.2236809516 a       525     0    27     1     5
      0.2878156578 a       526     0    27     1     6
      0.3934015723 a       527     0    27     1     7
     -0.1780212659 a       528     0    27     1     8
      0.5489571189 a       529     0    27     1     9
     -0.2257240074 a       530     0    27     1    10
      0.1925456284 a       531     0    27     1    11
     -0.3046356003 a       532     0    27     1    12
     -0.0668567577 a       533     0    27     1    13
     -0.0290843345 a       534     0    27     1    14
     -0.2342361614 a       535     0    27     1    15
     -0.4691524082 a       536     0    27     1    16
     -0.2363201402 a       537     0    27     1    17
      0.3181000050 a       538     0    27     1    18
      0.2757255538 a       539     0    27     1    19
     -0.0368270507 a       540     0    27     1    20
      0.1726452285 a       541     0    28     1     1
      0.3980788886 a       542     0    28     1     2
     -0.1770427288 a       543     0    28     1     3
      0.1263153575 a       544     0    28     1     4
     -0.2427899114 a       545     0    28     1     5
      0.3804096923 a       546     0    28     1     6
     -0.4063897396 a       547     0    28     1     7
      0.2833356459 a       548     0    28     1     8
     -0.0542138139 a       549     0    28     1     9
      0.4078911087 a       550     0    28     1    10
      0.2793541251 a       551     0    28     1    11
     -0.2361840748 a       552     0    28     1    12
     -0.1924164500 a       553     0    28     1    13
      0.1668712757 a       554     0    28     1    14
      0.4205868779 a       555     0    28     1    15
     -0.0502599486 a       556     0    28     1    16
      0.5110507844 a       557     0    28     1    17
     -0.0904295991 a       558     0    28     1    18
     -0.3898471330 a       559     0    28     1    19
     -0.4206923901 a       560     0    28     1    20
      0.4409137971 a       561     0    29     1     1
      0.2438477030 a       562     0    29     1     2
     -0.2950234797 a       563     0    29     1     3
     -0.0764750668 a       564     0    29     1     4
     -0.1822502166 a       565     0    29     1     5
     -0.1806568290 a       566     0    29     1     6
     -0.2482811975 a       567     0    29     1     7
      0.0654217956 a       568     0    29     1     8
     -0.4719732505 a       569     0    29     1     9
      0.4170126804 a       570     0    29     1    10
     -0.2779826449 a       571     0    29     1    11
      0.4679558230 a       572     0    29     1    12
      0.1852917385 a       573     0    29     1    13
      0.0069625084 a       574     0    29     1    14
      0.0068355703 a       575     0    29     1    15
      0.0720664920 a       576     0    29     1    16
     -0.1979637788 a       577     0    29     1    17
      0.1936988807 a       578     0    29     1    18
     -0.1460658367 a       579     0    29     1    19
     -0.2539925715 a       580     0    29     1    20
     -0.2773204426 a       581     0    30     1     1
      0.3596536133 a       582     0    30     1     2
      0.1512701770 a       583     0    30     1     3
      0.3249804513 a       584     0    30     1     4
      0.4530044864 a       585     0    30     1     5
      0.3400189808 a       586     0    30     1     6
     -0.2931069733 a       587     0    30     1     7
     -0.4358210745 a       588     0    30     1     8
     -0.1004309123 a       589     0    30     1     9
     -0.3300958250 a       590     0    30     1    10
     -0.3916871857 a       591     0    30     1    11
     -0.2377725576 a       592     0    30     1    12
     -0.4726269098 a       593     0    30     1    13
     -0.2330945081 a       594     0    30     1    14
     -0.3176123407 a       595     0    30     1    15
      0.1283871213 a       596     0    30     1    16
     -0.1013845840 a       597     0    30     1    17
      0.2346803202 a       598     0    30     1    18
      0.0426102947 a       599     0    30     1    19
     -0.3701384231 a       600     0    30     1    20
     -0.3830888309 a       601     0    31     1     1
      0.3142696033 a       602     0    31     1     2
     -0.3789145555 a       603     0    31     1     3
     -0.0033096111 a       604     0    31     1     4
     -0.0788754595 a       605     0    31     1     5
     -0.0346190015 a       606     0    31     1     6
      0.0476333382 a       607     0    31     1     7
      0.1935806926 a       608     0    31     1     8
      0.2756667111 a       609     0    31     1     9
     -0.2456581257 a       610     0    31     1    10
     -0.2611029731 a       611     0    31     1    11
     -0.2402622053 a       612     0    31     1    12
      0.4323708253 a       613     0    31     1    13
     -0.3050352010 a       614     0    31     1    14
     -0.0368904464 a       615     0    31     1    15
     -0.1209237121 a       616     0    31     1    16
      0.0972789192 a       617     0    31     1    17
      0.4332378457 a       618     0    31     1    18
      0.1476663338 a       619     0    31     1    19
     -0.0822808957 a       620     0    31     1    20
      1.2862926942 b       621     1     1
      0.7088406546 b       622     1     2
     -1.0452780711 b       623     1     3
      0.0720194793 b       624     1     4
     -0.0674961030 b       625     1     5
      1.4584452622 b       626     1     6
      0.2313617798 b       627     1     7
     -0.6638073610 b       628     1     8
     -0.3688410865 b       629     1     9
      1.0769178523 b       630     1    10
      1.1668014245 b       631     1    11
      1.1519237096 b       632     1    12
      1.4999309827 b       633     1    13
      0.6025838157 b       634     1    14
     -0.8061239079 b       635     1    15
     -0.6532902401 b       636     1    16
      1.1567855505 b       637     1    17
     -0.2090873383 b       638     1    18
      0.3602224861 b       639     1    19
      1.0019622510 b       640     1    20
      0.1055986351 a       641     1     1     2     1
      0.0566411829 a       642     1     1     2     2
     -0.1196803873 a       643     1     1     2     3
     -0.5089835891 a       644     1     1     2     4
     -0.4381554999 a       645     1     1     2     5
      0.1295165306 a       646     1     1     2     6
     -0.0068089493 a       647     1     1     2     7
      0.2712844005 a       648     1     1     2     8
      0.2063710795 a       649     1     1     2     9
      0.5369929846 a       650     1     1     2    10
     -0.6289885598 a       651     1     1     2    11
     -0.2807200493 a       652     1     1     2    12
      0.3098879469 a       653     1     1     2    13
      0.1510148286 a       654     1     1     2    14
     -0.1259886133 a       655     1     1     2    15
     -0.3001326988 a       656     1     1     2    16
      0.1277397189 a       657     1     1     2    17
      0.5433922968 a       658     1     1     2    18
     -0.1799074217 a       659     1     1     2    19
      0.2317073374 a       660     1     1     2    20
      0.2320918755 a       661     1     2     2     1
      0.5488527982 a       662     1     2     2     2
     -0.3788069802 a       663     1     2     2     3
     -0.5728024081 a       664     1     2     2     4
     -0.1180452286 a       665     1     2     2     5
      0.0155575237 a       666     1     2     2     6
     -0.2952189088 a       667     1     2     2     7
     -0.5194131731 a       668     1     2     2     8
      0.1417801087 a       669     1     2     2     9
      0.0201155542 a       670     1     2     2    10
      0.4036333288 a       671     1     2     2    11
     -0.0722435284 a       672     1     2     2    12
     -0.2161347641 a       673     1     2     2    13
     -0.4730809302 a       674     1     2     2    14
      0.3905099176 a       675     1     2     2    15
      0.4707591776 a       676     1     2     2    16
      0.5369055254 a       677     1     2     2    17
      0.1555564286 a       678     1     2     2    18
      0.4563462289 a       679     1     2     2    19
     -0.2567234763 a       680     1     2     2    20
     -0.2175734392 a       681     1     3     2     1
      0.2015339113 a       682     1     3     2     2
      0.4121421328 a       683     1     3     2     3
     -0.1579279352 a       684     1     3     2     4
      0.0334677254 a       685     1     3     2     5
     -0.4924210031 a       686     1     3     2     6
      0.0410577805 a       687     1     3     2     7
     -0.2638711739 a       688     1     3     2     8
     -0.3297839053 a       689     1     3     2     9
      0.4647582943 a       690     1     3     2    10
     -0.3755802542 a       691     1     3     2    11
      0.4323157086 a       692     1     3     2    12
     -0.4899467076 a       693     1     3     2    13
      0.5684485409 a       694     1     3     2    14
      0.4268124311 a       695     1     3     2    15
     -0.5722080984 a       696     1     3     2    16
      0.4341029921 a       697     1     3     2    17
     -0.0475516905 a       698     1     3     2    18
      0.5239673599 a       699     1     3     2    19
      0.5363113527 a       700     1     3     2    20
      0.4529090189 a       701     1     4     2     1
     -0.4518359940 a       702     1     4     2     2
     -0.0405587024 a       703     1     4     2     3
      0.4073650964 a       704     1     4     2     4
      0.1910246571 a       705     1     4     2     5
     -0.0867935560 a       706     1     4     2     6
      0.4514510888 a       707     1     4     2     7
      0.3132651620 a       708     1     4     2     8
      0.5382262492 a       709     1     4     2     9
     -0.5426405756 a       710     1     4     2    10
     -0.0475794242 a       711     1     4     2    11
     -0.1493980844 a       712     1     4     2    12
      0.5255357511 a       713     1     4     2    13
     -0.4654743994 a       714     1     4     2    14
      0.1648596623 a       715     1     4     2    15
      0.1034468845 a       716     1     4     2    16
     -0.2584234435 a       717     1     4     2    17
     -0.1553605606 a       718     1     4     2    18
     -0.2770583158 a       719     1     4     2    19
     -0.4259602649 a       720     1     4     2    20
      0.3491360975 a       721     1     5     2     1
      0.1013507941 a       722     1     5     2     2
     -0.3016656883 a       723     1     5     2     3
     -0.1335281263 a       724     1     5     2     4
     -0.1103367355 a       725     1     5     2     5
      0.5765914475 a       726     1     5     2     6
     -0.4984518841 a       727     1     5     2     7
     -0.4102525986 a       728     1     5     2     8
      0.4173561352 a       729     1     5     2     9
      0.0803773955 a       730     1     5     2    10
     -0.2733061424 a       731     1     5     2    11
     -0.4354733039 a       732     1     5     2    12
     -0.2487289740 a       733     1     5     2    13
      0.1771417038 a       734     1     5     2    14
     -0.2583980285 a       735     1     5     2    15
     -0.6755516294 a       736     1     5     2    16
      0.0297279670 a       737     1     5     2    17
      0.3797436004 a       738     1     5     2    18
     -0.2495331026 a       739     1     5     2    19
     -0.2972677328 a       740     1     5     2    20
      0.3072650864 a       741     1     6     2     1
      0.4018286031 a       742     1     6     2     2
      0.5783843976 a       743     1     6     2     3
     -0.4579768435 a       744     1     6     2     4
     -0.5097505052 a       745     1     6     2     5
     -0.5750153140 a       746     1     6     2     6
     -0.4499204553 a       747     1     6     2     7
     -0.1647555144 a       748     1     6     2     8
      0.4565444154 a       749     1     6     2     9
      0.4327662208 a       750     1     6     2    10
     -0.5831207257 a       751     1     6     2    11
     -0.1556245106 a       752     1     6     2    12
      0.0284423367 a       753     1     6     2    13
     -0.4695489222 a       754     1     6     2    14
      0.5563691635 a       755     1     6     2    15
      0.3834852455 a       756     1     6     2    16
      0.3385614882 a       757     1     6     2    17
     -0.4900798808 a       758     1     6     2    18
     -0.1505184375 a       759     1     6     2    19
      0.1950064156 a       760     1     6     2    20
      0.1202621466 a       761     1     7     2     1
      0.2736565779 a       762     1     7     2     2
     -0.4983869754 a       763     1     7     2     3
     -0.4676186947 a       764     1     7     2     4
      0.4954539797 a       765     1     7     2     5
     -0.1263071037 a       766     1     7     2     6
     -0.2764492806 a       767     1     7     2     7
     -0.0189157056 a       768     1     7     2     8
      0.4125736647 a       769     1     7     2     9
     -0.0193479171 a       770     1     7     2    10
      0.3630843152 a       771     1     7     2    11
     -0.5914819823 a       772     1     7     2    12
     -0.1766049942 a       773     1     7     2    13
      0.4007508190 a       774     1     7     2    14
      0.4358224508 a       775     1     7     2    15
      0.0300348189 a       776     1     7     2    16
      0.1615644234 a       777     1     7     2    17
      0.1296681640 a       778     1     7     2    18
      0.1499528501 a       779     1     7     2    19
      0.1670477206 a       780     1     7     2    20
      0.5330308904 a       781     1     8     2     1
      0.5097778308 a       782     1     8     2     2
      0.5883206995 a       783     1     8     2     3
      0.2942810699 a       784     1     8     2     4
      0.1406351880 a       785     1     8     2     5
     -0.3848436884 a       786     1     8     2     6
     -0.3520706728 a       787     1     8     2     7
      0.3854819737 a       788     1     8     2     8
      0.3601986637 a       789     1     8     2     9
     -0.2964680079 a       790     1     8     2    10
      0.5850283435 a       791     1     8     2    11
     -0.1939410929 a       792     1     8     2    12
      0.5653504470 a       793     1     8     2    13
      0.3482806224 a       794     1     8     2    14
     -0.5803717358 a       795     1     8     2    15
      0.3075210095 a       796     1     8     2    16
      0.4800051139 a       797     1     8     2    17
     -0.4382222641 a       798     1     8     2    18
      0.5412513193 a       799     1     8     2    19
      0.2180659291 a       800     1     8     2    20
      0.4491008687 a       801     1     9     2     1
      0.1918159917 a       802     1     9     2     2
     -0.1283252776 a       803     1     9     2     3
     -0.4675303825 a       804     1     9     2     4
      0.4384920785 a       805     1     9     2     5
      0.4219361860 a       806     1     9     2     6
     -0.3727619279 a       807     1     9     2     7
     -0.3900290508 a       808     1     9     2     8
      0.3628975804 a       809     1     9     2     9
      0.4351223293 a       810     1     9     2    10
      0.1162926247 a       811     1     9     2    11
      0.0485515252 a       812     1     9     2    12
      0.4895419558 a       813     1     9     2    13
      0.3465446104 a       814     1     9     2    14
     -0.2900864576 a       815     1     9     2    15
     -0.2366116646 a       816     1     9     2    16
     -0.2980474817 a       817     1     9     2    17
      0.0933629372 a       818     1     9     2    18
     -0.1887588537 a       819     1     9     2    19
     -0.4003526425 a       820     1     9     2    20
      0.1985673610 a       821     1    10     2     1
      0.2465039096 a       822     1    10     2     2
      0.1339880007 a       823     1    10     2     3
     -0.1141872257 a       824     1    10     2     4
      0.5439143588 a       825     1    10     2     5
     -0.5310906976 a       826     1    10     2     6
     -0.4885158862 a       827     1    10     2     7
      0.5638063550 a       828     1    10     2     8
      0.0221094761 a       829     1    10     2     9
     -0.5821750907 a       830     1    10     2    10
      0.3223129644 a       831     1    10     2    11
      0.1360939345 a       832     1    10     2    12
     -0.1159310209 a       833     1    10     2    13
     -0.1460951089 a       834     1    10     2    14
      0.4832456464 a       835     1    10     2    15
      0.3259880405 a       836     1    10     2    16
      0.3038156549 a       837     1    10     2    17
      0.2985546972 a       838     1    10     2    18
      0.4729631269 a       839     1    10     2    19
     -0.5780697173 a       840     1    10     2    20
     -0.5149352161 a       841     1    11     2     1
      0.1317915894 a       842     1    11     2     2
      0.1011623314 a       843     1    11     2     3
      0.4209280518 a       844     1    11     2     4
     -0.2638315145 a       845     1    11     2     5
     -0.6123638755 a       846     1    11     2     6
      0.3256566315 a       847     1    11     2     7
      0.4317812551 a       848     1    11     2     8
      0.5222694898 a       849     1    11     2     9
      0.2979145948 a       850     1    11     2    10
      0.2366447469 a       851     1    11     2    11
     -0.3489209785 a       852     1    11     2    12
     -0.5146172549 a       853     1    11     2    13
      0.3656680922 a       854     1    11     2    14
      0.0816582999 a       855     1    11     2    15
     -0.1437270672 a       856     1    11     2    16
     -0.4029933501 a       857     1    11     2    17
     -0.5239495454 a       858     1    11     2    18
     -0.4079252961 a       859     1    11     2    19
      0.3151856368 a       860     1    11     2    20
      0.3846174398 a       861     1    12     2     1
      0.3946615634 a       862     1    12     2     2
      0.2016784123 a       863     1    12     2     3
      0.2699434211 a       864     1    12     2     4
     -0.2615333879 a       865     1    12     2     5
      0.0264885326 a       866     1    12     2     6
      0.3503088451 a       867     1    12     2     7
     -0.1525043496 a       868     1    12     2     8
      0.4240574211 a       869     1    12     2     9
     -0.3523987513 a       870     1    12     2    10
     -0.0848549921 a       871     1    12     2    11
      0.6363055273 a       872     1    12     2    12
      0.4573845797 a       873     1    12     2    13
     -0.3597547973 a       874     1    12     2    14
     -0.1207284079 a       875     1    12     2    15
      0.1825071299 a       876     1    12     2    16
      0.3730033762 a       877     1    12     2    17
     -0.6586506878 a       878     1    12     2    18
      0.2427998127 a       879     1    12     2    19
     -0.4483228433 a       880     1    12     2    20
      0.2570290893 a       881     1    13     2     1
     -0.4915287865 a       882     1    13     2     2
     -0.3816658628 a       883     1    13     2     3
      0.4282357230 a       884     1    13     2     4
     -0.3670571634 a       885     1    13     2     5
     -0.2532889601 a       886     1    13     2     6
     -0.4517667075 a       887     1    13     2     7
      0.4307018992 a       888     1    13     2     8
     -0.5072306330 a       889     1    13     2     9
      0.0035275098 a       890     1    13     2    10
     -0.1172299278 a       891     1    13     2    11
      0.2471120533 a       892     1    13     2    12
     -0.1946070206 a       893     1    13     2    13
      0.1480013893 a       894     1    13     2    14
      0.6223472392 a       895     1    13     2    15
      0.2847032287 a       896     1    13     2    16
      0.0855015413 a       897     1    13     2    17
      0.1492926963 a       898     1    13     2    18
      0.1309413219 a       899     1    13     2    19
      0.3150279523 a       900     1    13     2    20
     -0.5339697315 a       901     1    14     2     1
     -0.0236756223 a       902     1    14     2     2
      0.0080561921 a       903     1    14     2     3
      0.3846803795 a       904     1    14     2     4
     -0.5132462666 a       905     1    14     2     5
     -0.1597841214 a       906     1    14     2     6
     -0.3686593743 a       907     1    14     2     7
     -0.2317254406 a       908     1    14     2     8
      0.2201902371 a       909     1    14     2     9
     -0.1382050921 a       910     1    14     2    10
      0.2251629053 a       911     1    14     2    11
     -0.5260811780 a       912     1    14     2    12
      0.5121112344 a       913     1    14     2    13
     -0.2771374304 a       914     1    14     2    14
     -0.5294307049 a       915     1    14     2    15
      0.1594083671 a       916     1    14     2    16
      0.5666408441 a       917     1    14     2    17
      0.6840623065 a       918     1    14     2    18
     -0.3117217644 a       919     1    14     2    19
      0.3337309696 a       920     1    14     2    20
      0.2916484402 a       921     1    15     2     1
     -0.4691720050 a       922     1    15     2     2
      0.5955709345 a       923     1    15     2     3
     -0.1581823286 a       924     1    15     2     4
      0.1670546378 a       925     1    15     2     5
      0.0669997315 a       926     1    15     2     6
     -0.3536234765 a       927     1    15     2     7
     -0.1375925505 a       928     1    15     2     8
      0.2190688256 a       929     1    15     2     9
     -0.2016441046 a       930     1    15     2    10
      0.2587292446 a       931     1    15     2    11
     -0.2711642631 a       932     1    15     2    12
      0.2960141582 a       933     1    15     2    13
     -0.4178312338 a       934     1    15     2    14
     -0.1319056286 a       935     1    15     2    15
     -0.0895850474 a       936     1    15     2    16
     -0.4607892591 a       937     1    15     2    17
     -0.3233736205 a       938     1    15     2    18
      0.4766366277 a       939     1    15     2    19
      0.3151528692 a       940     1    15     2    20
      0.4403278016 a       941     1    16     2     1
     -0.4076552520 a       942     1    16     2     2
      0.4006552253 a       943     1    16     2     3
     -0.3592105389 a       944     1    16     2     4
      0.2336589789 a       945     1    16     2     5
      0.2028458556 a       946     1    16     2     6
      0.3207754784 a       947     1    16     2     7
      0.2810157364 a       948     1    16     2     8
      0.2048440433 a       949     1    16     2     9
     -0.5014998198 a       950     1    16     2    10
     -0.1662307546 a       951     1    16     2    11
     -0.1853746455 a       952     1    16     2    12
     -0.2814150251 a       953     1    16     2    13
      0.3426032708 a       954     1    16     2    14
      0.2210633557 a       955     1    16     2    15
      0.1653559622 a       956     1    16     2    16
      0.5221526821 a       957     1    16     2    17
     -0.1514146773 a       958     1    16     2    18
      0.4708670004 a       959     1    16     2    19
      0.3726622524 a       960     1    16     2    20
      0.3132252508 a       961     1    17     2     1
     -0.1309150886 a       962     1    17     2     2
     -0.6098882065 a       963     1    17     2     3
      0.2836520763 a       964     1    17     2     4
     -0.0125503381 a       965     1    17     2     5
      0.4596627388 a       966     1    17     2     6
      0.0982869474 a       967     1    17     2     7
     -0.5723150374 a       968     1    17     2     8
      0.1693108812 a       969     1    17     2     9
     -0.4413407001 a       970     1    17     2    10
      0.6208145106 a       971     1    17     2    11
     -0.5817700821 a       972     1    17     2    12
      0.1983136235 a       973     1    17     2    13
      0.5312599739 a       974     1    17     2    14
     -0.2508712156 a       975     1    17     2    15
      0.0537610919 a       976     1    17     2    16
      0.0957341267 a       977     1    17     2    17
     -0.0063363621 a       978     1    17     2    18
      0.3533133430 a       979     1    17     2    19
      0.3963736911 a       980     1    17     2    20
     -0.0814073846 a       981     1    18     2     1
      0.5465745855 a       982     1    18     2     2
     -0.2580555933 a       983     1    18     2     3
      0.2502152098 a       984     1    18     2     4
      0.4308701891 a       985     1    18     2     5
      0.0580204922 a       986     1    18     2     6
      0.1710877957 a       987     1    18     2     7
      0.5186835503 a       988     1    18     2     8
      0.2671118451 a       989     1    18     2     9
      0.2389955205 a       990     1    18     2    10
      0.5277278281 a       991     1    18     2    11
      0.2351012988 a       992     1    18     2    12
     -0.2355201276 a       993     1    18     2    13
     -0.1733288857 a       994     1    18     2    14
      0.1584995409 a       995     1    18     2    15
     -0.6375133800 a       996     1    18     2    16
      0.3066192832 a       997     1    18     2    17
      0.3493169673 a       998     1    18     2    18
      0.4121394096 a       999     1    18     2    19
     -0.4013407238 a      1000     1    18     2    20
      0.4153452581 a      1001     1    19     2     1
      0.5529798035 a      1002     1    19     2     2
     -0.3321565267 a      1003     1    19     2     3
      0.4522477225 a      1004     1    19     2     4
      0.5718894283 a      1005     1    19     2     5
     -0.5449861788 a      1006     1    19     2     6
     -0.4200865299 a      1007     1    19     2     7
     -0.3661350715 a      1008     1    19     2     8
      0.4795269972 a      1009     1    19     2     9
      0.3304227778 a      1010     1    19     2    10
      0.2236864346 a      1011     1    19     2    11
      0.0159175789 a      1012     1    19     2    12
      0.0279202349 a      1013     1    19     2    13
     -0.0106305263 a      1014     1    19     2    14
      0.4504916148 a      1015     1    19     2    15
      0.1404514224 a      1016     1    19     2    16
      0.5522437387 a      1017     1    19     2    17
     -0.2287058989 a      1018     1    19     2    18
     -0.1205629938 a      1019     1    19     2    19
     -0.5325189522 a      1020     1    19     2    20
      0.5013657806 a      1021     1    20     2     1
      0.2670375844 a      1022     1    20     2     2
     -0.0054762590 a      1023     1    20     2     3
     -0.1393460468 a      1024     1    20     2     4
     -0.4950417750 a      1025     1    20     2     5
      0.2592011535 a      1026     1    20     2     6
      0.5572923489 a      1027     1    20     2     7
      0.2099764804 a      1028     1    20     2     8
     -0.4362556737 a      1029     1    20     2     9
     -0.3887282778 a      1030     1    20     2    10
      0.0140991603 a      1031     1    20     2    11
      0.6015965189 a      1032     1    20     2    12
      0.5309584856 a      1033     1    20     2    13
      0.4652261933 a      1034     1    20     2    14
     -0.0030210550 a      1035     1    20     2    15
      0.7132481264 a      1036     1    20     2    16
     -0.0920218769 a      1037     1    20     2    17
      0.3283244631 a      1038     1    20     2    18
     -0.5463255244 a      1039     1    20     2    19
     -0.0899949354 a      1040     1    20     2    20
     -0.7277704342 b      1041     2     1
     -0.6206873959 b      1042     2     2
     -1.3080367970 b      1043     2     3
     -1.0826388927 b      1044     2     4
      0.4742470246 b      1045     2     5
     -0.3303571904 b      1046     2     6
     -0.5930260258 b      1047     2     7
      0.6834547799 b      1048     2     8
      1.3925061076 b      1049     2     9
     -0.0857734371 b      1050     2    10
      1.4993413476 b      1051     2    11
     -0.4001820175 b      1052     2    12
      0.7600778586 b      1053     2    13
      0.6496180298 b      1054     2    14
      1.0320843691 b      1055     2    15
      0.5283368739 b      1056     2    16
      0.9075863725 b      1057     2    17
      0.7230534939 b      1058     2    18
      0.6128241840 b      1059     2    19
     -0.5779682186 b      1060     2    20
      0.0225235505 a      1061     2     1     3     1
     -0.0097821629 a      1062     2     2     3     1
     -0.0083808342 a      1063     2     3     3     1
      0.0123896899 a      1064     2     4     3     1
     -0.0041335406 a      1065     2     5     3     1
      0.0047474616 a      1066     2     6     3     1
      0.0101982589 a      1067     2     7     3     1
     -0.0237711067 a      1068     2     8     3     1
     -0.0006717784 a      1069     2     9     3     1
      0.0143584170 a      1070     2    10     3     1
      0.0021407294 a      1071     2    11     3     1
     -0.0078918527 a      1072     2    12     3     1
     -0.0003980600 a      1073     2    13     3     1
      0.0109641609 a      1074     2    14     3     1
      0.0084985061 a      1075     2    15     3     1
      0.0062853849 a      1076     2    16     3     1
      0.0000962424 a      1077     2    17     3     1
      0.0027077429 a      1078     2    18     3     1
     -0.0010507683 a      1079     2    19     3     1
     -0.0046299786 a      1080     2    20     3     1
     19.6573502379 b      1081     3     1
