     -0.0361736518 a         1     0     1     1     1
      0.4395827781 a         2     0     1     1     2
      0.0570235795 a         3     0     1     1     3
     -0.3763175705 a         4     0     1     1     4
     -0.2021070764 a         5     0     1     1     5
      0.2359728550 a         6     0     1     1     6
     -0.1186000656 a         7     0     1     1     7
      0.1891901385 a         8     0     1     1     8
     -0.3522711109 a         9     0     1     1     9
      0.0164885182 a        10     0     1     1    10
     -0.0602397254 a        11     0     1     1    11
      0.0536224745 a        12     0     1     1    12
     -0.3434998223 a        13     0     1     1    13
     -0.1064173176 a        14     0     1     1    14
      0.1883072220 a        15     0     1     1    15
      0.0270676579 a        16     0     1     1    16
      0.1301339614 a        17     0     1     1    17
     -0.3615340885 a        18     0     1     1    18
     -0.2890107473 a        19     0     1     1    19
     -0.0899544567 a        20     0     1     1    20
     -0.2485333190 a        21     0     2     1     1
      0.2319612538 a        22     0     2     1     2
      0.0968535003 a        23     0     2     1     3
     -0.2043692650 a        24     0     2     1     4
     -0.3460322112 a        25     0     2     1     5
     -0.4232563103 a        26     0     2     1     6
      0.1210827711 a        27     0     2     1     7
      0.3693706031 a        28     0     2     1     8
     -0.1114598295 a        29     0     2     1     9
     -0.2109198049 a        30     0     2     1    10
      0.2895505916 a        31     0     2     1    11
     -0.3191966197 a        32     0     2     1    12
      0.0817152585 a        33     0     2     1    13
      0.0347555754 a        34     0     2     1    14
      0.5269739868 a        35     0     2     1    15
     -0.2351791626 a        36     0     2     1    16
      0.2712550241 a        37     0     2     1    17
      0.1652336472 a        38     0     2     1    18
     -0.1533808943 a        39     0     2     1    19
      0.2989494623 a        40     0     2     1    20
     -0.0745669602 a        41     0     3     1     1
     -0.0078419503 a        42     0     3     1     2
      0.3822538531 a        43     0     3     1     3
      0.3761386276 a        44     0     3     1     4
     -0.0291134609 a        45     0     3     1     5
      0.1446999514 a        46     0     3     1     6
      0.4788977644 a        47     0     3     1     7
      0.4269479316 a        48     0     3     1     8
      0.1469416513 a        49     0     3     1     9
      0.1243939391 a        50     0     3     1    10
     -0.4035876035 a        51     0     3     1    11
     -0.3174206596 a        52     0     3     1    12
     -0.1252657808 a        53     0     3     1    13
      0.0821366948 a        54     0     3     1    14
     -0.2228186965 a        55     0     3     1    15
     -0.3579390140 a        56     0     3     1    16
     -0.0701544914 a        57     0     3     1    17
      0.1093994755 a        58     0     3     1    18
      0.1887993021 a        59     0     3     1    19
      0.0240706029 a        60     0     3     1    20
     -0.0143295497 a        61     0     4     1     1
     -0.2987821839 a        62     0     4     1     2
     -0.2686310200 a        63     0     4     1     3
     -0.2601053517 a        64     0     4     1     4
      0.2160060313 a        65     0     4     1     5
     -0.2159624151 a        66     0     4     1     6
      0.3151489280 a        67     0     4     1     7
     -0.2144745294 a        68     0     4     1     8
      0.0456039826 a        69     0     4     1     9
      0.2244772043 a        70     0     4     1    10
     -0.3100857462 a        71     0     4     1    11
     -0.2743634773 a        72     0     4     1    12
      0.3717791482 a        73     0     4     1    13
     -0.4703484926 a        74     0     4     1    14
      0.1377811569 a        75     0     4     1    15
      0.4493077206 a        76     0     4     1    16
     -0.3826395198 a        77     0     4     1    17
     -0.4032701162 a        78     0     4     1    18
     -0.3541306575 a        79     0     4     1    19
      0.2038846168 a        80     0     4     1    20
     -0.0964680580 a        81     0     5     1     1
     -0.1871803944 a        82     0     5     1     2
      0.3405665734 a        83     0     5     1     3
     -0.4277687909 a        84     0     5     1     4
      0.1636967100 a        85     0     5     1     5
     -0.4076010589 a        86     0     5     1     6
      0.1759612932 a        87     0     5     1     7
     -0.1086647084 a        88     0     5     1     8
     -0.4322607648 a        89     0     5     1     9
     -0.3016978912 a        90     0     5     1    10
     -0.0225509570 a        91     0     5     1    11
     -0.2616007439 a        92     0     5     1    12
      0.0041029765 a        93     0     5     1    13
     -0.3723172964 a        94     0     5     1    14
     -0.3751465380 a        95     0     5     1    15
     -0.0599725543 a        96     0     5     1    16
     -0.2517079576 a        97     0     5     1    17
     -0.0707313982 a        98     0     5     1    18
     -0.3882034334 a        99     0     5     1    19
     -0.1473907840 a       100     0     5     1    20
     -0.2391179923 a       101     0     6     1     1
      0.3656889680 a       102     0     6     1     2
     -0.0666176039 a       103     0     6     1     3
      0.3478745738 a       104     0     6     1     4
      0.4510939564 a       105     0     6     1     5
      0.3714666658 a       106     0     6     1     6
     -0.0414900144 a       107     0     6     1     7
      0.1522598704 a       108     0     6     1     8
     -0.1984613937 a       109     0     6     1     9
      0.1225861929 a       110     0     6     1    10
     -0.4490493653 a       111     0     6     1    11
     -0.3709333782 a       112     0     6     1    12
      0.1874587220 a       113     0     6     1    13
      0.4993968904 a       114     0     6     1    14
     -0.5280971982 a       115     0     6     1    15
      0.3971087001 a       116     0     6     1    16
     -0.1416240038 a       117     0     6     1    17
      0.3727287504 a       118     0     6     1    18
     -0.2895613837 a       119     0     6     1    19
     -0.4431548303 a       120     0     6     1    20
     -0.1378108792 a       121     0     7     1     1
     -0.3934214217 a       122     0     7     1     2
     -0.4551480151 a       123     0     7     1     3
     -0.0683153240 a       124     0     7     1     4
      0.2658459854 a       125     0     7     1     5
      0.1009846455 a       126     0     7     1     6
      0.1202351484 a       127     0     7     1     7
      0.4681531484 a       128     0     7     1     8
     -0.1860484881 a       129     0     7     1     9
      0.3183884632 a       130     0     7     1    10
      0.4543904931 a       131     0     7     1    11
     -0.4371426993 a       132     0     7     1    12
     -0.0900892517 a       133     0     7     1    13
      0.1127597125 a       134     0     7     1    14
      0.1850684404 a       135     0     7     1    15
     -0.1541701568 a       136     0     7     1    16
     -0.2714015794 a       137     0     7     1    17
      0.3811351669 a       138     0     7     1    18
      0.2118759070 a       139     0     7     1    19
      0.3683045922 a       140     0     7     1    20
     -0.2882402112 a       141     0     8     1     1
     -0.2548166859 a       142     0     8     1     2
     -0.2672237756 a       143     0     8     1     3
     -0.0158077293 a       144     0     8     1     4
     -0.4477981789 a       145     0     8     1     5
     -0.1105500084 a       146     0     8     1     6
     -0.1116413531 a       147     0     8     1     7
      0.0116387311 a       148     0     8     1     8
     -0.2480048142 a       149     0     8     1     9
      0.2189976061 a       150     0     8     1    10
     -0.3926973601 a       151     0     8     1    11
     -0.1828101415 a       152     0     8     1    12
     -0.3142458726 a       153     0     8     1    13
     -0.3637345011 a       154     0     8     1    14
      0.2008183211 a       155     0     8     1    15
      0.1344745377 a       156     0     8     1    16
      0.2887997447 a       157     0     8     1    17
     -0.3789361125 a       158     0     8     1    18
      0.3842559494 a       159     0     8     1    19
      0.4313960589 a       160     0     8     1    20
      0.3896306127 a       161     0     9     1     1
     -0.0174255800 a       162     0     9     1     2
     -0.2639508255 a       163     0     9     1     3
     -0.1047900545 a       164     0     9     1     4
     -0.0178091725 a       165     0     9     1     5
     -0.3724393871 a       166     0     9     1     6
      0.1701885254 a       167     0     9     1     7
     -0.3570943411 a       168     0     9     1     8
      0.3080106362 a       169     0     9     1     9
      0.4285454651 a       170     0     9     1    10
     -0.1239102042 a       171     0     9     1    11
     -0.2631860515 a       172     0     9     1    12
     -0.4139483279 a       173     0     9     1    13
      0.3504127816 a       174     0     9     1    14
      0.4687602926 a       175     0     9     1    15
     -0.4237377738 a       176     0     9     1    16
      0.4123614237 a       177     0     9     1    17
     -0.3674349647 a       178     0     9     1    18
     -0.3777394201 a       179     0     9     1    19
     -0.0817976198 a       180     0     9     1    20
     -0.2083966996 a       181     0    10     1     1
      0.2840219193 a       182     0    10     1     2
     -0.4625568525 a       183     0    10     1     3
      0.0013489380 a       184     0    10     1     4
      0.3212713339 a       185     0    10     1     5
     -0.0105478890 a       186     0    10     1     6
     -0.0830579253 a       187     0    10     1     7
      0.1136133107 a       188     0    10     1     8
     -0.1722485695 a       189     0    10     1     9
      0.3612064459 a       190     0    10     1    10
     -0.3320197053 a       191     0    10     1    11
     -0.2951919606 a       192     0    10     1    12
      0.2333761524 a       193     0    10     1    13
     -0.3194863067 a       194     0    10     1    14
     -0.0100288342 a       195     0    10     1    15
      0.2773036679 a       196     0    10     1    16
      0.0066738633 a       197     0    10     1    17
      0.2300658689 a       198     0    10     1    18
      0.2131236289 a       199     0    10     1    19
      0.3832703943 a       200     0    10     1    20
     -0.0868871367 a       201     0    11     1     1
     -0.0611577766 a       202     0    11     1     2
      0.1050514074 a       203     0    11     1     3
      0.2692062805 a       204     0    11     1     4
      0.2313799756 a       205     0    11     1     5
     -0.1307544472 a       206     0    11     1     6
      0.1884517229 a       207     0    11     1     7
     -0.4462338477 a       208     0    11     1     8
     -0.2924413775 a       209     0    11     1     9
      0.2216440388 a       210     0    11     1    10
      0.1969307334 a       211     0    11     1    11
     -0.3644259306 a       212     0    11     1    12
     -0.3040316579 a       213     0    11     1    13
     -0.4852518782 a       214     0    11     1    14
      0.4514144584 a       215     0    11     1    15
      0.1070998355 a       216     0    11     1    16
     -0.4732878647 a       217     0    11     1    17
      0.4333817938 a       218     0    11     1    18
     -0.2104038914 a       219     0    11     1    19
     -0.0616236137 a       220     0    11     1    20
      0.3728669175 a       221     0    12     1     1
     -0.1114174669 a       222     0    12     1     2
     -0.2066365849 a       223     0    12     1     3
      0.0660700197 a       224     0    12     1     4
      0.0110661913 a       225     0    12     1     5
     -0.0366564886 a       226     0    12     1     6
     -0.4805557294 a       227     0    12     1     7
      0.0082599869 a       228     0    12     1     8
      0.2588422380 a       229     0    12     1     9
      0.0300983864 a       230     0    12     1    10
     -0.1861036426 a       231     0    12     1    11
      0.2732180078 a       232     0    12     1    12
      0.1698662410 a       233     0    12     1    13
      0.4241541874 a       234     0    12     1    14
      0.2666966972 a       235     0    12     1    15
     -0.2476215312 a       236     0    12     1    16
     -0.2633348042 a       237     0    12     1    17
     -0.1043970301 a       238     0    12     1    18
     -0.3703771194 a       239     0    12     1    19
      0.2713317142 a       240     0    12     1    20
      0.2857713193 a       241     0    13     1     1
      0.0811190752 a       242     0    13     1     2
      0.0973539041 a       243     0    13     1     3
      0.4654574939 a       244     0    13     1     4
     -0.0475930946 a       245     0    13     1     5
      0.4465684515 a       246     0    13     1     6
     -0.1039815403 a       247     0    13     1     7
      0.1843659944 a       248     0    13     1     8
     -0.4498615429 a       249     0    13     1     9
     -0.4429413730 a       250     0    13     1    10
     -0.2130559400 a       251     0    13     1    11
     -0.1555717375 a       252     0    13     1    12
     -0.3704273292 a       253     0    13     1    13
     -0.2617179991 a       254     0    13     1    14
      0.1084767050 a       255     0    13     1    15
     -0.1712114311 a       256     0    13     1    16
     -0.0744489992 a       257     0    13     1    17
     -0.1945886704 a       258     0    13     1    18
      0.2663386759 a       259     0    13     1    19
      0.1597142281 a       260     0    13     1    20
      0.4192450805 a       261     0    14     1     1
      0.4061422450 a       262     0    14     1     2
      0.2954995445 a       263     0    14     1     3
     -0.2218106454 a       264     0    14     1     4
     -0.3884645345 a       265     0    14     1     5
      0.3767519521 a       266     0    14     1     6
      0.2240017184 a       267     0    14     1     7
     -0.4054953473 a       268     0    14     1     8
      0.4135621747 a       269     0    14     1     9
      0.0249200634 a       270     0    14     1    10
      0.0235561594 a       271     0    14     1    11
     -0.4114145155 a       272     0    14     1    12
     -0.1066999676 a       273     0    14     1    13
     -0.5003992086 a       274     0    14     1    14
      0.2489538928 a       275     0    14     1    15
     -0.0153784402 a       276     0    14     1    16
      0.2922946214 a       277     0    14     1    17
      0.2163072352 a       278     0    14     1    18
     -0.0530141295 a       279     0    14     1    19
      0.1382779450 a       280     0    14     1    20
     -0.4327267797 a       281     0    15     1     1
      0.0982638125 a       282     0    15     1     2
      0.0994207170 a       283     0    15     1     3
      0.2775394945 a       284     0    15     1     4
     -0.3206254790 a       285     0    15     1     5
      0.0383825124 a       286     0    15     1     6
      0.2919806417 a       287     0    15     1     7
      0.2201404799 a       288     0    15     1     8
      0.3281183819 a       289     0    15     1     9
      0.4739731213 a       290     0    15     1    10
      0.2676957837 a       291     0    15     1    11
     -0.0173801075 a       292     0    15     1    12
     -0.4099176995 a       293     0    15     1    13
     -0.2777122809 a       294     0    15     1    14
     -0.2573446176 a       295     0    15     1    15
      0.3554390462 a       296     0    15     1    16
      0.3137301576 a       297     0    15     1    17
      0.3570762973 a       298     0    15     1    18
      0.0653145223 a       299     0    15     1    19
      0.2776667903 a       300     0    15     1    20
      0.3796636523 a       301     0    16     1     1
      0.0975568721 a       302     0    16     1     2
      0.3225377931 a       303     0    16     1     3
     -0.4540321466 a       304     0    16     1     4
     -0.2167568348 a       305     0    16     1     5
     -0.0973049845 a       306     0    16     1     6
     -0.4089066281 a       307     0    16     1     7
     -0.1314359843 a       308     0    16     1     8
      0.2119744613 a       309     0    16     1     9
     -0.1728097314 a       310     0    16     1    10
     -0.0464349149 a       311     0    16     1    11
      0.2284599179 a       312     0    16     1    12
      0.2177146615 a       313     0    16     1    13
      0.0397116527 a       314     0    16     1    14
      0.1310218086 a       315     0    16     1    15
     -0.4047593243 a       316     0    16     1    16
     -0.0703666073 a       317     0    16     1    17
     -0.0851750157 a       318     0    16     1    18
      0.3310557154 a       319     0    16     1    19
     -0.4258682167 a       320     0    16     1    20
      0.0696279490 a       321     0    17     1     1
      0.3710329677 a       322     0    17     1     2
      0.2257591941 a       323     0    17     1     3
     -0.1410007908 a       324     0    17     1     4
      0.3345594662 a       325     0    17     1     5
      0.2721893416 a       326     0    17     1     6
      0.2649299937 a       327     0    17     1     7
      0.3150859212 a       328     0    17     1     8
      0.2907128087 a       329     0    17     1     9
      0.0748841987 a       330     0    17     1    10
     -0.0872928218 a       331     0    17     1    11
     -0.0828940314 a       332     0    17     1    12
     -0.1418592809 a       333     0    17     1    13
     -0.2965878415 a       334     0    17     1    14
      0.1509273235 a       335     0    17     1    15
     -0.4177816924 a       336     0    17     1    16
      0.1500230157 a       337     0    17     1    17
      0.2830860370 a       338     0    17     1    18
      0.4672690008 a       339     0    17     1    19
     -0.2107537199 a       340     0    17     1    20
     -0.0881448647 a       341     0    18     1     1
     -0.1709895929 a       342     0    18     1     2
      0.0097913234 a       343     0    18     1     3
     -0.2444786131 a       344     0    18     1     4
     -0.1473044562 a       345     0    18     1     5
     -0.0782306939 a       346     0    18     1     6
     -0.4393882296 a       347     0    18     1     7
      0.3491124894 a       348     0    18     1     8
     -0.0999557942 a       349     0    18     1     9
      0.0904477100 a       350     0    18     1    10
      0.3320611260 a       351     0    18     1    11
      0.0471858454 a       352     0    18     1    12
      0.4403107704 a       353     0    18     1    13
     -0.0774216997 a       354     0    18     1    14
     -0.0942096442 a       355     0    18     1    15
      0.1000917445 a       356     0    18     1    16
     -0.3964564920 a       357     0    18     1    17
     -0.3499568660 a       358     0    18     1    18
      0.3147527588 a       359     0    18     1    19
     -0.2861273441 a       360     0    18     1    20
     -0.3065479886 a       361     0    19     1     1
     -0.3727900044 a       362     0    19     1     2
      0.3879773960 a       363     0    19     1     3
     -0.3387854384 a       364     0    19     1     4
      0.2627257445 a       365     0    19     1     5
      0.1485288632 a       366     0    19     1     6
     -0.0759698323 a       367     0    19     1     7
     -0.1895692559 a       368     0    19     1     8
     -0.1782062236 a       369     0    19     1     9
      0.1459691134 a       370     0    19     1    10
      0.4520052546 a       371     0    19     1    11
      0.1385389880 a       372     0    19     1    12
      0.1200082031 a       373     0    19     1    13
      0.1603492661 a       374     0    19     1    14
      0.0981099380 a       375     0    19     1    15
     -0.3343860691 a       376     0    19     1    16
      0.0685055215 a       377     0    19     1    17
     -0.3838027492 a       378     0    19     1    18
      0.0166714157 a       379     0    19     1    19
      0.0866177581 a       380     0    19     1    20
     -0.3656434005 a       381     0    20     1     1
     -0.0785551264 a       382     0    20     1     2
      0.4813862490 a       383     0    20     1     3
     -0.3056215129 a       384     0    20     1     4
      0.2948201657 a       385     0    20     1     5
     -0.3793393865 a       386     0    20     1     6
      0.1946318320 a       387     0    20     1     7
     -0.3989815962 a       388     0    20     1     8
      0.0636346179 a       389     0    20     1     9
     -0.4316180315 a       390     0    20     1    10
      0.4426318559 a       391     0    20     1    11
     -0.3426583409 a       392     0    20     1    12
     -0.3309474497 a       393     0    20     1    13
     -0.4047296350 a       394     0    20     1    14
     -0.0808517121 a       395     0    20     1    15
      0.4265937809 a       396     0    20     1    16
      0.2255326869 a       397     0    20     1    17
      0.3187703927 a       398     0    20     1    18
     -0.3477874903 a       399     0    20     1    19
     -0.4274738303 a       400     0    20     1    20
      0.3056123061 a       401     0    21     1     1
      0.0462976495 a       402     0    21     1     2
      0.3356010390 a       403     0    21     1     3
     -0.3415301078 a       404     0    21     1     4
      0.3411055729 a       405     0    21     1     5
     -0.0874132937 a       406     0    21     1     6
     -0.3944069445 a       407     0    21     1     7
      0.0370099218 a       408     0    21     1     8
     -0.2074108700 a       409     0    21     1     9
     -0.3191575951 a       410     0    21     1    10
     -0.1353703442 a       411     0    21     1    11
      0.2100830911 a       412     0    21     1    12
     -0.0345962432 a       413     0    21     1    13
      0.0888144289 a       414     0    21     1    14
     -0.2537222189 a       415     0    21     1    15
     -0.3577417901 a       416     0    21     1    16
      0.4445448590 a       417     0    21     1    17
     -0.0528003077 a       418     0    21     1    18
     -0.0110578655 a       419     0    21     1    19
      0.0264242283 a       420     0    21     1    20
      0.4400004699 a       421     0    22     1     1
     -0.4398758008 a       422     0    22     1     2
      0.3639607966 a       423     0    22     1     3
     -0.0126562322 a       424     0    22     1     4
     -0.1248635763 a       425     0    22     1     5
      0.1226871519 a       426     0    22     1     6
      0.4454243380 a       427     0    22     1     7
     -0.0512620803 a       428     0    22     1     8
      0.1895596344 a       429     0    22     1     9
     -0.0153721206 a       430     0    22     1    10
     -0.1750999543 a       431     0    22     1    11
      0.4409660470 a       432     0    22     1    12
     -0.4612738841 a       433     0    22     1    13
     -0.0579400067 a       434     0    22     1    14
     -0.2711274193 a       435     0    22     1    15
      0.1627387634 a       436     0    22     1    16
      0.4197791085 a       437     0    22     1    17
     -0.2598900147 a       438     0    22     1    18
     -0.2947397871 a       439     0    22     1    19
     -0.0979808741 a       440     0    22     1    20
      0.0188983986 a       441     0    23     1     1
     -0.3766115502 a       442     0    23     1     2
      0.0062942446 a       443     0    23     1     3
     -0.2998306412 a       444     0    23     1     4
      0.4450506647 a       445     0    23     1     5
      0.4539170432 a       446     0    23     1     6
      0.0596227779 a       447     0    23     1     7
      0.4660186573 a       448     0    23     1     8
     -0.2067001940 a       449     0    23     1     9
      0.4167415477 a       450     0    23     1    10
     -0.0957605845 a       451     0    23     1    11
     -0.1584378385 a       452     0    23     1    12
      0.3642667831 a       453     0    23     1    13
      0.2291884481 a       454     0    23     1    14
     -0.2143195452 a       455     0    23     1    15
      0.2255126914 a       456     0    23     1    16
      0.2676040520 a       457     0    23     1    17
      0.1047427967 a       458     0    23     1    18
     -0.2426498661 a       459     0    23     1    19
      0.2158344255 a       460     0    23     1    20
      0.2352695727 a       461     0    24     1     1
      0.1010663841 a       462     0    24     1     2
     -0.0568215438 a       463     0    24     1     3
      0.4536878180 a       464     0    24     1     4
      0.2978991098 a       465     0    24     1     5
     -0.3964563665 a       466     0    24     1     6
      0.2348271968 a       467     0    24     1     7
      0.1592894908 a       468     0    24     1     8
     -0.0421669586 a       469     0    24     1     9
     -0.0796687080 a       470     0    24     1    10
      0.2770467422 a       471     0    24     1    11
      0.1980919716 a       472     0    24     1    12
      0.1704694174 a       473     0    24     1    13
     -0.0994240816 a       474     0    24     1    14
     -0.4849925749 a       475     0    24     1    15
     -0.3837232855 a       476     0    24     1    16
      0.1474188470 a       477     0    24     1    17
     -0.1088805239 a       478     0    24     1    18
     -0.3943701508 a       479     0    24     1    19
      0.3797361472 a       480     0    24     1    20
      0.4033470689 a       481     0    25     1     1
      0.4390875464 a       482     0    25     1     2
     -0.2727440069 a       483     0    25     1     3
     -0.3803535672 a       484     0    25     1     4
      0.3791560931 a       485     0    25     1     5
     -0.3804782722 a       486     0    25     1     6
      0.2119216580 a       487     0    25     1     7
     -0.1611217934 a       488     0    25     1     8
     -0.2135448950 a       489     0    25     1     9
      0.3354280760 a       490     0    25     1    10
      0.2655552324 a       491     0    25     1    11
      0.1566043174 a       492     0    25     1    12
     -0.1336416522 a       493     0    25     1    13
      0.1373845770 a       494     0    25     1    14
      0.0718582014 a       495     0    25     1    15
      0.2208414948 a       496     0    25     1    16
      0.0693907741 a       497     0    25     1    17
     -0.2248354992 a       498     0    25     1    18
      0.0510419534 a       499     0    25     1    19
      0.3172046771 a       500     0    25     1    20
      0.0383548841 a       501     0    26     1     1
     -0.1647592700 a       502     0    26     1     2
      0.2014702043 a       503     0    26     1     3
      0.2571496292 a       504     0    26     1     4
     -0.0568209672 a       505     0    26     1     5
      0.2925194578 a       506     0    26     1     6
      0.3331528776 a       507     0    26     1     7
     -0.2948781938 a       508     0    26     1     8
      0.4247944206 a       509     0    26     1     9
      0.1440053935 a       510     0    26     1    10
     -0.1102465226 a       511     0    26     1    11
      0.3190240755 a       512     0    26     1    12
     -0.1687698348 a       513     0    26     1    13
     -0.1197819730 a       514     0    26     1    14
      0.2096565698 a       515     0    26     1    15
     -0.0340406278 a       516     0    26     1    16
      0.3934867055 a       517     0    26     1    17
      0.1474687623 a       518     0    26     1    18
     -0.3317676271 a       519     0    26     1    19
      0.3994614785 a       520     0    26     1    20
     -0.1215824966 a       521     0    27     1     1
      0.1986218257 a       522     0    27     1     2
      0.3444340483 a       523     0    27     1     3
      0.0353297736 a       524     0    27     1     4
      0.2241537304 a       525     0    27     1     5
      0.2877937992 a       526     0    27     1     6
      0.3934809742 a       527     0    27     1     7
     -0.1780158613 a       528     0    27     1     8
      0.5495323472 a       529     0    27     1     9
     -0.2258881977 a       530     0    27     1    10
      0.1924225049 a       531     0    27     1    11
     -0.3046395749 a       532     0    27     1    12
     -0.0668602793 a       533     0    27     1    13
     -0.0291626179 a       534     0    27     1    14
     -0.2341431950 a       535     0    27     1    15
     -0.4690949782 a       536     0    27     1    16
     -0.2359809112 a       537     0    27     1    17
      0.3177525650 a       538     0    27     1    18
      0.2761692678 a       539     0    27     1    19
     -0.0367553495 a       540     0    27     1    20
      0.1726425332 a       541     0    28     1     1
      0.3979244813 a       542     0    28     1     2
     -0.1770367651 a       543     0    28     1     3
      0.1264522737 a       544     0    28     1     4
     -0.2427784714 a       545     0    28     1     5
      0.3803615235 a       546     0    28     1     6
     -0.4064157475 a       547     0    28     1     7
      0.2833780930 a       548     0    28     1     8
     -0.0540630971 a       549     0    28     1     9
      0.4077164384 a       550     0    28     1    10
      0.2793285239 a       551     0    28     1    11
     -0.2361644568 a       552     0    28     1    12
     -0.1924328606 a       553     0    28     1    13
      0.1669063834 a       554     0    28     1    14
      0.4206364181 a       555     0    28     1    15
     -0.0501779279 a       556     0    28     1    16
      0.5112474899 a       557     0    28     1    17
     -0.0905490361 a       558     0    28     1    18
     -0.3898011762 a       559     0    28     1    19
     -0.4206618252 a       560     0    28     1    20
      0.4409521929 a       561     0    29     1     1
      0.2438685309 a       562     0    29     1     2
     -0.2947977290 a       563     0    29     1     3
     -0.0764350956 a       564     0    29     1     4
     -0.1810977464 a       565     0    29     1     5
     -0.1806683887 a       566     0    29     1     6
     -0.2480935106 a       567     0    29     1     7
      0.0654441021 a       568     0    29     1     8
     -0.4703690294 a       569     0    29     1     9
      0.4163408109 a       570     0    29     1    10
     -0.2782140095 a       571     0    29     1    11
      0.4679573028 a       572     0    29     1    12
      0.1852692733 a       573     0    29     1    13
      0.0068673697 a       574     0    29     1    14
      0.0070137629 a       575     0    29     1    15
      0.0721918050 a       576     0    29     1    16
     -0.1971035072 a       577     0    29     1    17
      0.1930562682 a       578     0    29     1    18
     -0.1450346182 a       579     0    29     1    19
     -0.2538403925 a       580     0    29     1    20
     -0.2773683498 a       581     0    30     1     1
      0.3597902378 a       582     0    30     1     2
      0.1512766630 a       583     0    30     1     3
      0.3247019859 a       584     0    30     1     4
      0.4524153355 a       585     0    30     1     5
      0.3400405538 a       586     0    30     1     6
     -0.2930350995 a       587     0    30     1     7
     -0.4357467360 a       588     0    30     1     8
     -0.1008994721 a       589     0    30     1     9
     -0.3295079040 a       590     0    30     1    10
     -0.3917676883 a       591     0    30     1    11
     -0.2377406013 a       592     0    30     1    12
     -0.4726511128 a       593     0    30     1    13
     -0.2331667725 a       594     0    30     1    14
     -0.3175737215 a       595     0    30     1    15
      0.1283615207 a       596     0    30     1    16
     -0.1016237918 a       597     0    30     1    17
      0.2348005276 a       598     0    30     1    18
      0.0422467544 a       599     0    30     1    19
     -0.3702393552 a       600     0    30     1    20
     -0.3830662689 a       601     0    31     1     1
      0.3143546317 a       602     0    31     1     2
     -0.3788537113 a       603     0    31     1     3
     -0.0035258249 a       604     0    31     1     4
     -0.0786614943 a       605     0    31     1     5
     -0.0346235406 a       606     0    31     1     6
      0.0476917569 a       607     0    31     1     7
      0.1934965817 a       608     0    31     1     8
      0.2760142377 a       609     0    31     1     9
     -0.2459621450 a       610     0    31     1    10
     -0.2610565982 a       611     0    31     1    11
     -0.2402604645 a       612     0    31     1    12
      0.4323617406 a       613     0    31     1    13
     -0.3050180247 a       614     0    31     1    14
     -0.0372186736 a       615     0    31     1    15
     -0.1210678724 a       616     0    31     1    16
      0.0972647834 a       617     0    31     1    17
      0.4334331450 a       618     0    31     1    18
      0.1475746600 a       619     0    31     1    19
     -0.0819798246 a       620     0    31     1    20
      1.2862159968 b       621     1     1
      0.7086772701 b       622     1     2
     -1.0454800267 b       623     1     3
      0.0726605248 b       624     1     4
     -0.0681952783 b       625     1     5
      1.4584960886 b       626     1     6
      0.2312243723 b       627     1     7
     -0.6634750892 b       628     1     8
     -0.3699583903 b       629     1     9
      1.0781031326 b       630     1    10
      1.1665895079 b       631     1    11
      1.1519297578 b       632     1    12
      1.4999650334 b       633     1    13
      0.6025334745 b       634     1    14
     -0.8048943688 b       635     1    15
     -0.6528302714 b       636     1    16
      1.1567930116 b       637     1    17
     -0.2098330416 b       638     1    18
      0.3605302268 b       639     1    19
      1.0008345971 b       640     1    20
      0.1057045486 a       641     1     1     2     1
      0.0552800182 a       642     1     1     2     2
     -0.1196893349 a       643     1     1     2     3
     -0.5085898760 a       644     1     1     2     4
     -0.4379586945 a       645     1     1     2     5
      0.1293827760 a       646     1     1     2     6
     -0.0069823963 a       647     1     1     2     7
      0.2711091577 a       648     1     1     2     8
      0.2064003496 a       649     1     1     2     9
      0.5376240101 a       650     1     1     2    10
     -0.6292876751 a       651     1     1     2    11
     -0.2817718594 a       652     1     1     2    12
      0.3104552903 a       653     1     1     2    13
      0.1505469738 a       654     1     1     2    14
     -0.1259990111 a       655     1     1     2    15
     -0.3001116949 a       656     1     1     2    16
      0.1277840461 a       657     1     1     2    17
      0.5428582194 a       658     1     1     2    18
     -0.1786825274 a       659     1     1     2    19
      0.2314925583 a       660     1     1     2    20
      0.2321517090 a       661     1     2     2     1
      0.5479399839 a       662     1     2     2     2
     -0.3788128330 a       663     1     2     2     3
     -0.5724108563 a       664     1     2     2     4
     -0.1179007268 a       665     1     2     2     5
      0.0154527156 a       666     1     2     2     6
     -0.2952802514 a       667     1     2     2     7
     -0.5195925826 a       668     1     2     2     8
      0.1418064361 a       669     1     2     2     9
      0.0204894742 a       670     1     2     2    10
      0.4034580629 a       671     1     2     2    11
     -0.0728588626 a       672     1     2     2    12
     -0.2157381854 a       673     1     2     2    13
     -0.4732589798 a       674     1     2     2    14
      0.3905023528 a       675     1     2     2    15
      0.4707753811 a       676     1     2     2    16
      0.5369397906 a       677     1     2     2    17
      0.1552244093 a       678     1     2     2    18
      0.4572324899 a       679     1     2     2    19
     -0.2568299682 a       680     1     2     2    20
     -0.2175061206 a       681     1     3     2     1
      0.2026607881 a       682     1     3     2     2
      0.4121501941 a       683     1     3     2     3
     -0.1581259564 a       684     1     3     2     4
      0.0333070526 a       685     1     3     2     5
     -0.4922406309 a       686     1     3     2     6
      0.0411969211 a       687     1     3     2     7
     -0.2639229370 a       688     1     3     2     8
     -0.3298115289 a       689     1     3     2     9
      0.4643234195 a       690     1     3     2    10
     -0.3753074109 a       691     1     3     2    11
      0.4331422936 a       692     1     3     2    12
     -0.4904089929 a       693     1     3     2    13
      0.5688898492 a       694     1     3     2    14
      0.4268252526 a       695     1     3     2    15
     -0.5722180194 a       696     1     3     2    16
      0.4340629933 a       697     1     3     2    17
     -0.0470830984 a       698     1     3     2    18
      0.5229051261 a       699     1     3     2    19
      0.5365642087 a       700     1     3     2    20
      0.4524663009 a       701     1     4     2     1
     -0.4518785126 a       702     1     4     2     2
     -0.0405600953 a       703     1     4     2     3
      0.4071307302 a       704     1     4     2     4
      0.1910954954 a       705     1     4     2     5
     -0.0868997367 a       706     1     4     2     6
      0.4514736633 a       707     1     4     2     7
      0.3129022526 a       708     1     4     2     8
      0.5382532663 a       709     1     4     2     9
     -0.5426735543 a       710     1     4     2    10
     -0.0476114286 a       711     1     4     2    11
     -0.1490948965 a       712     1     4     2    12
      0.5256134784 a       713     1     4     2    13
     -0.4654591845 a       714     1     4     2    14
      0.1648640532 a       715     1     4     2    15
      0.1034459895 a       716     1     4     2    16
     -0.2583976738 a       717     1     4     2    17
     -0.1554559505 a       718     1     4     2    18
     -0.2766926544 a       719     1     4     2    19
     -0.4260624204 a       720     1     4     2    20
      0.3501946673 a       721     1     5     2     1
      0.1011430506 a       722     1     5     2     2
     -0.3016641128 a       723     1     5     2     3
     -0.1331653708 a       724     1     5     2     4
     -0.1103632648 a       725     1     5     2     5
      0.5767322981 a       726     1     5     2     6
     -0.4984116616 a       727     1     5     2     7
     -0.4108270583 a       728     1     5     2     8
      0.4173533644 a       729     1     5     2     9
      0.0809072667 a       730     1     5     2    10
     -0.2732372263 a       731     1     5     2    11
     -0.4357670121 a       732     1     5     2    12
     -0.2487112821 a       733     1     5     2    13
      0.1776542773 a       734     1     5     2    14
     -0.2583917386 a       735     1     5     2    15
     -0.6755373473 a       736     1     5     2    16
      0.0297208226 a       737     1     5     2    17
      0.3798147331 a       738     1     5     2    18
     -0.2495520360 a       739     1     5     2    19
     -0.2971339712 a       740     1     5     2    20
      0.3071841859 a       741     1     6     2     1
      0.4005059595 a       742     1     6     2     2
      0.5783756763 a       743     1     6     2     3
     -0.4576610990 a       744     1     6     2     4
     -0.5095383827 a       745     1     6     2     5
     -0.5751914417 a       746     1     6     2     6
     -0.4501229334 a       747     1     6     2     7
     -0.1648038563 a       748     1     6     2     8
      0.4565834893 a       749     1     6     2     9
      0.4332695965 a       750     1     6     2    10
     -0.5834381531 a       751     1     6     2    11
     -0.1566141476 a       752     1     6     2    12
      0.0290575148 a       753     1     6     2    13
     -0.4700638548 a       754     1     6     2    14
      0.5563527775 a       755     1     6     2    15
      0.3835052034 a       756     1     6     2    16
      0.3386137933 a       757     1     6     2    17
     -0.4906403725 a       758     1     6     2    18
     -0.1492179326 a       759     1     6     2    19
      0.1948300243 a       760     1     6     2    20
      0.1203986304 a       761     1     7     2     1
      0.2732930164 a       762     1     7     2     2
     -0.4983879982 a       763     1     7     2     3
     -0.4674196455 a       764     1     7     2     4
      0.4955160024 a       765     1     7     2     5
     -0.1263515549 a       766     1     7     2     6
     -0.2764537437 a       767     1     7     2     7
     -0.0190435210 a       768     1     7     2     8
      0.4126050113 a       769     1     7     2     9
     -0.0192324118 a       770     1     7     2    10
      0.3630223771 a       771     1     7     2    11
     -0.5917041024 a       772     1     7     2    12
     -0.1763217543 a       773     1     7     2    13
      0.4008153394 a       774     1     7     2    14
      0.4358138381 a       775     1     7     2    15
      0.0300422661 a       776     1     7     2    16
      0.1615888482 a       777     1     7     2    17
      0.1295709211 a       778     1     7     2    18
      0.1503663601 a       779     1     7     2    19
      0.1671976344 a       780     1     7     2    20
      0.5332895862 a       781     1     8     2     1
      0.5104996820 a       782     1     8     2     2
      0.5883259938 a       783     1     8     2     3
      0.2942514477 a       784     1     8     2     4
      0.1405063793 a       785     1     8     2     5
     -0.3846915124 a       786     1     8     2     6
     -0.3518799524 a       787     1     8     2     7
      0.3850497977 a       788     1     8     2     8
      0.3601803909 a       789     1     8     2     9
     -0.2965560850 a       790     1     8     2    10
      0.5852626044 a       791     1     8     2    11
     -0.1932972042 a       792     1     8     2    12
      0.5650049696 a       793     1     8     2    13
      0.3488902171 a       794     1     8     2    14
     -0.5803505279 a       795     1     8     2    15
      0.3075108327 a       796     1     8     2    16
      0.4799734864 a       797     1     8     2    17
     -0.4378247882 a       798     1     8     2    18
      0.5404703320 a       799     1     8     2    19
      0.2182141555 a       800     1     8     2    20
      0.4474214278 a       801     1     9     2     1
      0.1931005598 a       802     1     9     2     2
     -0.1283143884 a       803     1     9     2     3
     -0.4684627141 a       804     1     9     2     4
      0.4384237820 a       805     1     9     2     5
      0.4218919760 a       806     1     9     2     6
     -0.3730521385 a       807     1     9     2     7
     -0.3886843023 a       808     1     9     2     8
      0.3628806022 a       809     1     9     2     9
      0.4338605506 a       810     1     9     2    10
      0.1163609572 a       811     1     9     2    11
      0.0494557025 a       812     1     9     2    12
      0.4892015212 a       813     1     9     2    13
      0.3458895161 a       814     1     9     2    14
     -0.2901116054 a       815     1     9     2    15
     -0.2366299245 a       816     1     9     2    16
     -0.2980674305 a       817     1     9     2    17
      0.0935015570 a       818     1     9     2    18
     -0.1893756472 a       819     1     9     2    19
     -0.4002014598 a       820     1     9     2    20
      0.1991573623 a       821     1    10     2     1
      0.2450493360 a       822     1    10     2     2
      0.1339787070 a       823     1    10     2     3
     -0.1135608614 a       824     1    10     2     4
      0.5441020789 a       825     1    10     2     5
     -0.5311876710 a       826     1    10     2     6
     -0.4885628288 a       827     1    10     2     7
      0.5632298583 a       828     1    10     2     8
      0.0221436200 a       829     1    10     2     9
     -0.5813129025 a       830     1    10     2    10
      0.3220646840 a       831     1    10     2    11
      0.1350395661 a       832     1    10     2    12
     -0.1153590722 a       833     1    10     2    13
     -0.1461675292 a       834     1    10     2    14
      0.4832436013 a       835     1    10     2    15
      0.3260116152 a       836     1    10     2    16
      0.3038611252 a       837     1    10     2    17
      0.2980922895 a       838     1    10     2    18
      0.4741780991 a       839     1    10     2    19
     -0.5782417665 a       840     1    10     2    20
     -0.5152509947 a       841     1    11     2     1
      0.1305990427 a       842     1    11     2     2
      0.1011538681 a       843     1    11     2     3
      0.4211919334 a       844     1    11     2     4
     -0.2636334788 a       845     1    11     2     5
     -0.6125823109 a       846     1    11     2     6
      0.3254735461 a       847     1    11     2     7
      0.4319647865 a       848     1    11     2     8
      0.5223084849 a       849     1    11     2     9
      0.2982292313 a       850     1    11     2    10
      0.2363329706 a       851     1    11     2    11
     -0.3498013449 a       852     1    11     2    12
     -0.5140209229 a       853     1    11     2    13
      0.3650903245 a       854     1    11     2    14
      0.0816377889 a       855     1    11     2    15
     -0.1437134980 a       856     1    11     2    16
     -0.4029425962 a       857     1    11     2    17
     -0.5244750003 a       858     1    11     2    18
     -0.4067029901 a       859     1    11     2    19
      0.3150291414 a       860     1    11     2    20
      0.3839906357 a       861     1    12     2     1
      0.3936257472 a       862     1    12     2     2
      0.2016710524 a       863     1    12     2     3
      0.2700125773 a       864     1    12     2     4
     -0.2613400661 a       865     1    12     2     5
      0.0262107645 a       866     1    12     2     6
      0.3500338648 a       867     1    12     2     7
     -0.1520926953 a       868     1    12     2     8
      0.4240936181 a       869     1    12     2     9
     -0.3522115419 a       870     1    12     2    10
     -0.0851912918 a       871     1    12     2    11
      0.6354595261 a       872     1    12     2    12
      0.4579252727 a       873     1    12     2    13
     -0.3605113166 a       874     1    12     2    14
     -0.1207500743 a       875     1    12     2    15
      0.1825114092 a       876     1    12     2    16
      0.3730520483 a       877     1    12     2    17
     -0.6591933375 a       878     1    12     2    18
      0.2439890798 a       879     1    12     2    19
     -0.4485388793 a       880     1    12     2    20
      0.2568427828 a       881     1    13     2     1
     -0.4927645262 a       882     1    13     2     2
     -0.3816747414 a       883     1    13     2     3
      0.4284794043 a       884     1    13     2     4
     -0.3668776171 a       885     1    13     2     5
     -0.2534947900 a       886     1    13     2     6
     -0.4519734379 a       887     1    13     2     7
      0.4310601013 a       888     1    13     2     8
     -0.5071995872 a       889     1    13     2     9
      0.0038596917 a       890     1    13     2    10
     -0.1175624144 a       891     1    13     2    11
      0.2461055152 a       892     1    13     2    12
     -0.1940449243 a       893     1    13     2    13
      0.1473612111 a       894     1    13     2    14
      0.6223245165 a       895     1    13     2    15
      0.2847149568 a       896     1    13     2    16
      0.0855472383 a       897     1    13     2    17
      0.1487423032 a       898     1    13     2    18
      0.1321000192 a       899     1    13     2    19
      0.3148274526 a       900     1    13     2    20
     -0.5345570259 a       901     1    14     2     1
     -0.0242793524 a       902     1    14     2     2
      0.0080515862 a       903     1    14     2     3
      0.3844950997 a       904     1    14     2     4
     -0.5131481425 a       905     1    14     2     5
     -0.1599963647 a       906     1    14     2     6
     -0.3689046742 a       907     1    14     2     7
     -0.2308806186 a       908     1    14     2     8
      0.2202076996 a       909     1    14     2     9
     -0.1382943429 a       910     1    14     2    10
      0.2248951433 a       911     1    14     2    11
     -0.5266998377 a       912     1    14     2    12
      0.5124372661 a       913     1    14     2    13
     -0.2778717583 a       914     1    14     2    14
     -0.5294599310 a       915     1    14     2    15
      0.1594058379 a       916     1    14     2    16
      0.5666699666 a       917     1    14     2    17
      0.6836520811 a       918     1    14     2    18
     -0.3110414905 a       919     1    14     2    19
      0.3335783315 a       920     1    14     2    20
      0.2924511543 a       921     1    15     2     1
     -0.4684817855 a       922     1    15     2     2
      0.5955743120 a       923     1    15     2     3
     -0.1580533814 a       924     1    15     2     4
      0.1668831406 a       925     1    15     2     5
      0.0672000318 a       926     1    15     2     6
     -0.3533052966 a       927     1    15     2     7
     -0.1380432923 a       928     1    15     2     8
      0.2190312698 a       929     1    15     2     9
     -0.2015976853 a       930     1    15     2    10
      0.2590002936 a       931     1    15     2    11
     -0.2706488540 a       932     1    15     2    12
      0.2955431272 a       933     1    15     2    13
     -0.4171323294 a       934     1    15     2    14
     -0.1318792484 a       935     1    15     2    15
     -0.0895936989 a       936     1    15     2    16
     -0.4608344621 a       937     1    15     2    17
     -0.3229104064 a       938     1    15     2    18
      0.4756487732 a       939     1    15     2    19
      0.3152118540 a       940     1    15     2    20
      0.4399875224 a       941     1    16     2     1
     -0.4068045121 a       942     1    16     2     2
      0.4006591530 a       943     1    16     2     3
     -0.3595235272 a       944     1    16     2     4
      0.2335480654 a       945     1    16     2     5
      0.2028378978 a       946     1    16     2     6
      0.3209613334 a       947     1    16     2     7
      0.2813259489 a       948     1    16     2     8
      0.2048398971 a       949     1    16     2     9
     -0.5021099723 a       950     1    16     2    10
     -0.1660630226 a       951     1    16     2    11
     -0.1845887906 a       952     1    16     2    12
     -0.2817162176 a       953     1    16     2    13
      0.3428446668 a       954     1    16     2    14
      0.2210626829 a       955     1    16     2    15
      0.1653371898 a       956     1    16     2    16
      0.5221361498 a       957     1    16     2    17
     -0.1510980270 a       958     1    16     2    18
      0.4701960803 a       959     1    16     2    19
      0.3727855001 a       960     1    16     2    20
      0.3130196272 a       961     1    17     2     1
     -0.1320949108 a       962     1    17     2     2
     -0.6098952042 a       963     1    17     2     3
      0.2839864218 a       964     1    17     2     4
     -0.0123526860 a       965     1    17     2     5
      0.4594796492 a       966     1    17     2     6
      0.0980743134 a       967     1    17     2     7
     -0.5723219588 a       968     1    17     2     8
      0.1693495117 a       969     1    17     2     9
     -0.4409272100 a       970     1    17     2    10
      0.6205288442 a       971     1    17     2    11
     -0.5826784581 a       972     1    17     2    12
      0.1989046011 a       973     1    17     2    13
      0.5307705161 a       974     1    17     2    14
     -0.2508877409 a       975     1    17     2    15
      0.0537779086 a       976     1    17     2    16
      0.0957822745 a       977     1    17     2    17
     -0.0068361134 a       978     1    17     2    18
      0.3545304104 a       979     1    17     2    19
      0.3962583248 a       980     1    17     2    20
     -0.0810174173 a       981     1    18     2     1
      0.5468710668 a       982     1    18     2     2
     -0.2580531226 a       983     1    18     2     3
      0.2503400632 a       984     1    18     2     4
      0.4308311739 a       985     1    18     2     5
      0.0581006246 a       986     1    18     2     6
      0.1712444137 a       987     1    18     2     7
      0.5179398270 a       988     1    18     2     8
      0.2671061591 a       989     1    18     2     9
      0.2391961134 a       990     1    18     2    10
      0.5278771678 a       991     1    18     2    11
      0.2354486460 a       992     1    18     2    12
     -0.2356856228 a       993     1    18     2    13
     -0.1727907019 a       994     1    18     2    14
      0.1585219829 a       995     1    18     2    15
     -0.6375138553 a       996     1    18     2    16
      0.3066085881 a       997     1    18     2    17
      0.3495241547 a       998     1    18     2    18
      0.4119031262 a       999     1    18     2    19
     -0.4013016188 a      1000     1    18     2    20
      0.4145691268 a      1001     1    19     2     1
      0.5527156204 a      1002     1    19     2     2
     -0.3321601513 a      1003     1    19     2     3
      0.4520496055 a      1004     1    19     2     4
      0.5719751338 a      1005     1    19     2     5
     -0.5451150164 a      1006     1    19     2     6
     -0.4202651282 a      1007     1    19     2     7
     -0.3659227745 a      1008     1    19     2     8
      0.4795247458 a      1009     1    19     2     9
      0.3303992995 a      1010     1    19     2    10
      0.2235423016 a      1011     1    19     2    11
      0.0157405835 a      1012     1    19     2    12
      0.0279871214 a      1013     1    19     2    13
     -0.0111761709 a      1014     1    19     2    14
      0.4504924635 a      1015     1    19     2    15
      0.1404476687 a      1016     1    19     2    16
      0.5522545689 a      1017     1    19     2    17
     -0.2289512217 a      1018     1    19     2    18
     -0.1201742479 a      1019     1    19     2    19
     -0.5328219048 a      1020     1    19     2    20
      0.5017133206 a      1021     1    20     2     1
      0.2656882580 a      1022     1    20     2     2
     -0.0054852424 a      1023     1    20     2     3
     -0.1388721009 a      1024     1    20     2     4
     -0.4948611227 a      1025     1    20     2     5
      0.2591005102 a      1026     1    20     2     6
      0.5572145614 a      1027     1    20     2     7
      0.2095420055 a      1028     1    20     2     8
     -0.4362212313 a      1029     1    20     2     9
     -0.3880035432 a      1030     1    20     2    10
      0.0138485062 a      1031     1    20     2    11
      0.6006655870 a      1032     1    20     2    12
      0.5315017844 a      1033     1    20     2    13
      0.4650534252 a      1034     1    20     2    14
     -0.0030243233 a      1035     1    20     2    15
      0.7132693815 a      1036     1    20     2    16
     -0.0919771482 a      1037     1    20     2    17
      0.3278638912 a      1038     1    20     2    18
     -0.5451810176 a      1039     1    20     2    19
     -0.0901817966 a      1040     1    20     2    20
     -0.7279702062 b      1041     2     1
     -0.6221183407 b      1042     2     2
     -1.3080463721 b      1043     2     3
     -1.0823211461 b      1044     2     4
      0.4744777614 b      1045     2     5
     -0.3305747101 b      1046     2     6
     -0.5932629149 b      1047     2     7
      0.6835669363 b      1048     2     8
      1.3925490305 b      1049     2     9
     -0.0853080408 b      1050     2    10
      1.4989787485 b      1051     2    11
     -0.4012786775 b      1052     2    12
      0.7607639283 b      1053     2    13
      0.6489695849 b      1054     2    14
      1.0320621278 b      1055     2    15
      0.5283559834 b      1056     2    16
      0.9076439327 b      1057     2    17
      0.7224288469 b      1058     2    18
      0.6142501947 b      1059     2    19
     -0.5781539335 b      1060     2    20
      0.0078205642 a      1061     2     1     3     1
     -0.0043331668 a      1062     2     2     3     1
     -0.0037657222 a      1063     2     3     3     1
      0.0040322457 a      1064     2     4     3     1
     -0.0068258328 a      1065     2     5     3     1
      0.0061477534 a      1066     2     6     3     1
      0.0049422181 a      1067     2     7     3     1
     -0.0019826375 a      1068     2     8     3     1
     -0.0071823265 a      1069     2     9     3     1
      0.0059419783 a      1070     2    10     3     1
     -0.0004963069 a      1071     2    11     3     1
     -0.0056095351 a      1072     2    12     3     1
     -0.0063010259 a      1073     2    13     3     1
     -0.0020789010 a      1074     2    14     3     1
      0.0053902993 a      1075     2    15     3     1
      0.0014365100 a      1076     2    16     3     1
     -0.0050332786 a      1077     2    17     3     1
      0.0035161067 a      1078     2    18     3     1
     -0.0055300685 a      1079     2    19     3     1
     -0.0068659339 a      1080     2    20     3     1
     19.6530426827 b      1081     3     1
