     -0.8048609858 a         1     0     1     1     1
     -0.5302824516 a         2     0     1     1     2
     -0.5746080495 a         3     0     1     1     3
     -0.1713466957 a         4     0     1     1     4
      0.2215520015 a         5     0     1     1     5
      0.4100482256 a         6     0     1     1     6
      0.8107340762 a         7     0     1     1     7
      0.2428351841 a         8     0     1     1     8
      0.9001286816 a         9     0     1     1     9
      0.1669674409 a        10     0     1     1    10
     -0.0245748866 a        11     0     1     1    11
      0.4894090558 a        12     0     1     1    12
      0.5161001528 a        13     0     1     1    13
      0.7745561443 a        14     0     1     1    14
     -0.7084854369 a        15     0     1     1    15
      0.4784495327 a        16     0     2     1     1
     -0.2808854180 a        17     0     2     1     2
     -0.8903964496 a        18     0     2     1     3
     -0.1635970658 a        19     0     2     1     4
     -0.2595187177 a        20     0     2     1     5
     -0.7707278802 a        21     0     2     1     6
     -0.4578111668 a        22     0     2     1     7
      0.3626201891 a        23     0     2     1     8
     -0.9459498361 a        24     0     2     1     9
     -0.0732258162 a        25     0     2     1    10
      0.0431307878 a        26     0     2     1    11
      0.1530128890 a        27     0     2     1    12
      0.1762818467 a        28     0     2     1    13
      0.5033282211 a        29     0     2     1    14
     -0.3901479579 a        30     0     2     1    15
      0.2842318209 a        31     0     3     1     1
      0.2536511246 a        32     0     3     1     2
      0.5328493545 a        33     0     3     1     3
     -0.8114560823 a        34     0     3     1     4
     -0.7205277859 a        35     0     3     1     5
     -0.9376153752 a        36     0     3     1     6
      0.6348097087 a        37     0     3     1     7
     -0.6862204162 a        38     0     3     1     8
     -0.3447334140 a        39     0     3     1     9
     -0.6045481905 a        40     0     3     1    10
     -0.1182198206 a        41     0     3     1    11
      0.0407734308 a        42     0     3     1    12
     -0.1823482275 a        43     0     3     1    13
     -0.1440935125 a        44     0     3     1    14
      0.9024347600 a        45     0     3     1    15
      0.0520519145 a        46     0     4     1     1
     -0.1332178093 a        47     0     4     1     2
     -0.2759795568 a        48     0     4     1     3
     -0.1503514555 a        49     0     4     1     4
      0.6201234140 a        50     0     4     1     5
      0.3509501676 a        51     0     4     1     6
     -0.9319786643 a        52     0     4     1     7
     -0.9279339484 a        53     0     4     1     8
      0.0907468716 a        54     0     4     1     9
     -0.6043238024 a        55     0     4     1    10
     -0.9276591753 a        56     0     4     1    11
      0.0215969584 a        57     0     4     1    12
     -0.4866672324 a        58     0     4     1    13
      0.7868494347 a        59     0     4     1    14
      0.7047818314 a        60     0     4     1    15
      0.3123151083 a        61     0     5     1     1
      0.7048371047 a        62     0     5     1     2
     -0.6622031202 a        63     0     5     1     3
     -0.1577749530 a        64     0     5     1     4
     -0.8871771039 a        65     0     5     1     5
      0.2315805557 a        66     0     5     1     6
     -0.3085046958 a        67     0     5     1     7
     -0.2593325077 a        68     0     5     1     8
      0.9808511171 a        69     0     5     1     9
      0.2998785954 a        70     0     5     1    10
      0.4731949973 a        71     0     5     1    11
     -0.2515398709 a        72     0     5     1    12
     -0.1903930276 a        73     0     5     1    13
      0.6147450076 a        74     0     5     1    14
     -0.3641854182 a        75     0     5     1    15
      0.9530526883 a        76     0     6     1     1
     -0.5363906199 a        77     0     6     1     2
     -0.1206389742 a        78     0     6     1     3
     -0.6366652215 a        79     0     6     1     4
     -0.0258987455 a        80     0     6     1     5
      0.7783333890 a        81     0     6     1     6
     -0.9659547642 a        82     0     6     1     7
      0.8602115009 a        83     0     6     1     8
     -0.9253519557 a        84     0     6     1     9
     -0.7849850751 a        85     0     6     1    10
      0.2128274771 a        86     0     6     1    11
      0.7937305637 a        87     0     6     1    12
     -0.2317532824 a        88     0     6     1    13
     -0.4014588352 a        89     0     6     1    14
     -0.8050583886 a        90     0     6     1    15
     -0.0211959004 a        91     0     7     1     1
     -0.0730170900 a        92     0     7     1     2
     -0.3386288991 a        93     0     7     1     3
      0.8120559944 a        94     0     7     1     4
     -0.8627113525 a        95     0     7     1     5
     -0.6646864863 a        96     0     7     1     6
     -0.2740130064 a        97     0     7     1     7
      0.9485348024 a        98     0     7     1     8
      0.0531790847 a        99     0     7     1     9
     -0.4203583066 a       100     0     7     1    10
      0.2717790246 a       101     0     7     1    11
      0.6541792782 a       102     0     7     1    12
     -0.0047593224 a       103     0     7     1    13
      0.9581159884 a       104     0     7     1    14
     -0.7452614266 a       105     0     7     1    15
      0.5834783952 a       106     0     8     1     1
     -0.7563400636 a       107     0     8     1     2
     -0.6870675628 a       108     0     8     1     3
     -0.2166424226 a       109     0     8     1     4
     -0.5341854047 a       110     0     8     1     5
      0.6032659350 a       111     0     8     1     6
      0.8550513572 a       112     0     8     1     7
     -1.0105845026 a       113     0     8     1     8
      0.6223446523 a       114     0     8     1     9
      0.2577363766 a       115     0     8     1    10
      0.0143131518 a       116     0     8     1    11
      0.6212758829 a       117     0     8     1    12
     -0.8959433155 a       118     0     8     1    13
     -0.5315389220 a       119     0     8     1    14
      0.0592899547 a       120     0     8     1    15
      0.0921389878 a       121     0     9     1     1
      0.2665832310 a       122     0     9     1     2
     -0.8978140281 a       123     0     9     1     3
      0.3964265940 a       124     0     9     1     4
      0.7369626831 a       125     0     9     1     5
      0.7296428371 a       126     0     9     1     6
     -0.6626750867 a       127     0     9     1     7
     -0.1824884144 a       128     0     9     1     8
      0.3636684139 a       129     0     9     1     9
      0.9349484294 a       130     0     9     1    10
      0.1199706278 a       131     0     9     1    11
      0.2543501969 a       132     0     9     1    12
     -0.3353527676 a       133     0     9     1    13
     -0.4801623751 a       134     0     9     1    14
     -0.8799840879 a       135     0     9     1    15
      0.2626566301 a       136     0    10     1     1
      0.6058793516 a       137     0    10     1     2
      0.4632208140 a       138     0    10     1     3
      0.1655202282 a       139     0    10     1     4
     -0.6687122018 a       140     0    10     1     5
      0.2924425501 a       141     0    10     1     6
     -0.2472387023 a       142     0    10     1     7
     -0.4127080914 a       143     0    10     1     8
     -0.2560008502 a       144     0    10     1     9
      0.6972329370 a       145     0    10     1    10
     -0.0841134474 a       146     0    10     1    11
     -0.6553008660 a       147     0    10     1    12
     -0.2633593289 a       148     0    10     1    13
     -0.5100223714 a       149     0    10     1    14
     -0.6622498518 a       150     0    10     1    15
      0.6921602390 a       151     0    11     1     1
      0.2269928270 a       152     0    11     1     2
     -0.5388050195 a       153     0    11     1     3
      0.2099728756 a       154     0    11     1     4
     -0.8104121904 a       155     0    11     1     5
     -0.5620671220 a       156     0    11     1     6
      0.2847743614 a       157     0    11     1     7
      0.3474770279 a       158     0    11     1     8
      0.8403134643 a       159     0    11     1     9
     -0.3213626696 a       160     0    11     1    10
     -0.2990871105 a       161     0    11     1    11
      0.9580965567 a       162     0    11     1    12
     -0.5035154887 a       163     0    11     1    13
      0.4614319281 a       164     0    11     1    14
     -0.2242636920 a       165     0    11     1    15
      0.7248263868 a       166     0    12     1     1
     -0.2319550186 a       167     0    12     1     2
      0.3283124199 a       168     0    12     1     3
      0.1367659734 a       169     0    12     1     4
      0.0802998821 a       170     0    12     1     5
      0.7817875225 a       171     0    12     1     6
      0.9303985376 a       172     0    12     1     7
     -0.6750908802 a       173     0    12     1     8
      0.6509993632 a       174     0    12     1     9
     -0.0144436683 a       175     0    12     1    10
     -0.5687568992 a       176     0    12     1    11
      0.4520789927 a       177     0    12     1    12
     -0.3385595550 a       178     0    12     1    13
     -0.2791423164 a       179     0    12     1    14
     -0.7695156931 a       180     0    12     1    15
      0.8387471535 a       181     0    13     1     1
     -0.9962321721 a       182     0    13     1     2
      0.6796094334 a       183     0    13     1     3
     -0.3608119657 a       184     0    13     1     4
      0.0444496080 a       185     0    13     1     5
      0.7473096427 a       186     0    13     1     6
      0.1792626730 a       187     0    13     1     7
     -0.2650240370 a       188     0    13     1     8
      0.0802927532 a       189     0    13     1     9
      0.7894703555 a       190     0    13     1    10
     -0.6953471356 a       191     0    13     1    11
      0.0515695355 a       192     0    13     1    12
      0.3278487390 a       193     0    13     1    13
     -0.5135143614 a       194     0    13     1    14
     -0.7024213912 a       195     0    13     1    15
      0.5938028573 a       196     0    14     1     1
     -0.0581025064 a       197     0    14     1     2
     -0.9190740622 a       198     0    14     1     3
      0.7042524716 a       199     0    14     1     4
     -0.2883976439 a       200     0    14     1     5
      0.0109821492 a       201     0    14     1     6
      0.6374520414 a       202     0    14     1     7
     -0.4477570693 a       203     0    14     1     8
     -0.7697053765 a       204     0    14     1     9
     -0.0373288038 a       205     0    14     1    10
     -0.0255782304 a       206     0    14     1    11
     -0.7940448501 a       207     0    14     1    12
     -0.5173358459 a       208     0    14     1    13
     -0.6256682038 a       209     0    14     1    14
     -0.2077794125 a       210     0    14     1    15
     -0.4151803343 a       211     0    15     1     1
      0.6604561635 a       212     0    15     1     2
      0.1789331505 a       213     0    15     1     3
      0.8563874206 a       214     0    15     1     4
      0.3295012450 a       215     0    15     1     5
      0.4743898235 a       216     0    15     1     6
     -0.4447781405 a       217     0    15     1     7
     -0.3960053002 a       218     0    15     1     8
      0.4014306689 a       219     0    15     1     9
      0.5026889151 a       220     0    15     1    10
      0.4358490706 a       221     0    15     1    11
      0.0533675284 a       222     0    15     1    12
     -0.7757580252 a       223     0    15     1    13
     -0.9813474822 a       224     0    15     1    14
     -0.3425059035 a       225     0    15     1    15
     -0.0735879085 a       226     0    16     1     1
     -0.0276111481 a       227     0    16     1     2
      0.8570746852 a       228     0    16     1     3
     -0.7899636658 a       229     0    16     1     4
      0.1751942574 a       230     0    16     1     5
      0.7888409156 a       231     0    16     1     6
      0.8467734294 a       232     0    16     1     7
      0.3512922787 a       233     0    16     1     8
      0.5559796801 a       234     0    16     1     9
      0.7881772515 a       235     0    16     1    10
      0.3160783339 a       236     0    16     1    11
     -0.2719381227 a       237     0    16     1    12
      0.0009683127 a       238     0    16     1    13
      0.3036869832 a       239     0    16     1    14
     -1.0168491740 a       240     0    16     1    15
      0.6220590663 a       241     0    17     1     1
      0.5050195081 a       242     0    17     1     2
     -0.8065026569 a       243     0    17     1     3
      0.0388932589 a       244     0    17     1     4
      0.9423879626 a       245     0    17     1     5
      0.7017392644 a       246     0    17     1     6
     -0.7860563931 a       247     0    17     1     7
      0.3982436973 a       248     0    17     1     8
     -0.5043836315 a       249     0    17     1     9
      0.3632832776 a       250     0    17     1    10
     -0.3073520705 a       251     0    17     1    11
      0.7216761644 a       252     0    17     1    12
     -0.3075917188 a       253     0    17     1    13
     -0.7410868406 a       254     0    17     1    14
     -0.5494679945 a       255     0    17     1    15
     -0.8872094991 a       256     0    18     1     1
     -0.1410573218 a       257     0    18     1     2
      0.1104461583 a       258     0    18     1     3
      0.1378708084 a       259     0    18     1     4
     -0.7653635612 a       260     0    18     1     5
      0.4601149473 a       261     0    18     1     6
      0.7341988521 a       262     0    18     1     7
     -0.0214630058 a       263     0    18     1     8
     -0.3910623929 a       264     0    18     1     9
      0.8697618239 a       265     0    18     1    10
      0.9273646089 a       266     0    18     1    11
      0.2563656974 a       267     0    18     1    12
      0.7431519802 a       268     0    18     1    13
      0.8483574128 a       269     0    18     1    14
     -0.6497056285 a       270     0    18     1    15
     -0.4694823898 a       271     0    19     1     1
     -0.4031017609 a       272     0    19     1     2
      0.8310094686 a       273     0    19     1     3
     -0.4620202419 a       274     0    19     1     4
      0.7981684037 a       275     0    19     1     5
     -0.4727940767 a       276     0    19     1     6
      0.4760515900 a       277     0    19     1     7
     -0.6722496075 a       278     0    19     1     8
      0.0377480739 a       279     0    19     1     9
     -0.8969928679 a       280     0    19     1    10
     -0.7715560490 a       281     0    19     1    11
      0.4466100000 a       282     0    19     1    12
      0.2760886648 a       283     0    19     1    13
      0.9718931633 a       284     0    19     1    14
      0.1715586993 a       285     0    19     1    15
      0.9574792990 a       286     0    20     1     1
      0.8923727540 a       287     0    20     1     2
     -0.4651033226 a       288     0    20     1     3
     -0.4537930463 a       289     0    20     1     4
     -0.7598116156 a       290     0    20     1     5
      0.0226257923 a       291     0    20     1     6
      0.3081241542 a       292     0    20     1     7
     -0.9081209782 a       293     0    20     1     8
      0.0354320598 a       294     0    20     1     9
     -0.0386946011 a       295     0    20     1    10
     -0.9482360514 a       296     0    20     1    11
     -0.4638586265 a       297     0    20     1    12
     -0.0232577944 a       298     0    20     1    13
     -0.4256393805 a       299     0    20     1    14
      0.6228746856 a       300     0    20     1    15
     -0.5911242202 a       301     0    21     1     1
     -0.3738999262 a       302     0    21     1     2
     -0.5184256174 a       303     0    21     1     3
      0.1915126432 a       304     0    21     1     4
      0.8539803228 a       305     0    21     1     5
      0.5440663198 a       306     0    21     1     6
     -0.8268129189 a       307     0    21     1     7
     -0.4639656732 a       308     0    21     1     8
      0.0974885403 a       309     0    21     1     9
     -0.7857688485 a       310     0    21     1    10
     -0.5446493722 a       311     0    21     1    11
      0.1167968579 a       312     0    21     1    12
      0.3921750408 a       313     0    21     1    13
     -0.0452141123 a       314     0    21     1    14
      0.4390093784 a       315     0    21     1    15
      0.0232465665 a       316     0    22     1     1
     -0.3227722230 a       317     0    22     1     2
      0.0586221566 a       318     0    22     1     3
      0.5973366736 a       319     0    22     1     4
     -0.8637647921 a       320     0    22     1     5
     -0.5683074400 a       321     0    22     1     6
      0.6404800914 a       322     0    22     1     7
     -0.7565725256 a       323     0    22     1     8
     -0.9135466641 a       324     0    22     1     9
     -0.8524042904 a       325     0    22     1    10
      0.0272842494 a       326     0    22     1    11
     -0.9807876647 a       327     0    22     1    12
     -0.8193517314 a       328     0    22     1    13
     -0.4138257952 a       329     0    22     1    14
     -0.7478252089 a       330     0    22     1    15
     -0.6200988612 a       331     0    23     1     1
      0.1069216602 a       332     0    23     1     2
      0.9434309833 a       333     0    23     1     3
      0.8027464371 a       334     0    23     1     4
     -0.2682568837 a       335     0    23     1     5
      0.8497266881 a       336     0    23     1     6
      0.3957214632 a       337     0    23     1     7
     -0.2126607059 a       338     0    23     1     8
      0.1428012305 a       339     0    23     1     9
     -0.1385150766 a       340     0    23     1    10
     -0.6035830019 a       341     0    23     1    11
     -0.6858044402 a       342     0    23     1    12
     -0.8311825862 a       343     0    23     1    13
      0.6890061847 a       344     0    23     1    14
     -0.9338580835 a       345     0    23     1    15
      0.6188145180 a       346     0    24     1     1
      0.3635976396 a       347     0    24     1     2
     -0.7683814971 a       348     0    24     1     3
      0.2400587066 a       349     0    24     1     4
     -0.1114982598 a       350     0    24     1     5
      0.3814604266 a       351     0    24     1     6
     -0.1932559491 a       352     0    24     1     7
      0.6673093674 a       353     0    24     1     8
     -0.1053607382 a       354     0    24     1     9
     -0.3238208502 a       355     0    24     1    10
     -0.8522559102 a       356     0    24     1    11
     -0.2816277497 a       357     0    24     1    12
     -0.0863655162 a       358     0    24     1    13
     -0.9457179779 a       359     0    24     1    14
      0.2341617803 a       360     0    24     1    15
     -0.1270029860 a       361     0    25     1     1
      0.2106255482 a       362     0    25     1     2
      0.8687297247 a       363     0    25     1     3
      0.0109298036 a       364     0    25     1     4
      0.3793665228 a       365     0    25     1     5
      0.1296485165 a       366     0    25     1     6
     -0.7500761302 a       367     0    25     1     7
      0.2615380605 a       368     0    25     1     8
      0.3132976773 a       369     0    25     1     9
     -0.1845785419 a       370     0    25     1    10
      0.6223948634 a       371     0    25     1    11
      0.1998872342 a       372     0    25     1    12
      0.1347624833 a       373     0    25     1    13
      0.3534908819 a       374     0    25     1    14
      0.8291101741 a       375     0    25     1    15
     -0.1681453985 a       376     0    26     1     1
     -0.5353195386 a       377     0    26     1     2
      0.1896510688 a       378     0    26     1     3
      0.4724698545 a       379     0    26     1     4
     -0.7739562940 a       380     0    26     1     5
     -0.1507252927 a       381     0    26     1     6
     -0.5560553903 a       382     0    26     1     7
     -0.1783867970 a       383     0    26     1     8
      0.3851964669 a       384     0    26     1     9
      0.4365500528 a       385     0    26     1    10
      0.0750746449 a       386     0    26     1    11
      0.5370873049 a       387     0    26     1    12
      0.6245681710 a       388     0    26     1    13
      0.4198569574 a       389     0    26     1    14
      0.8900882929 a       390     0    26     1    15
     -0.2440586368 a       391     0    27     1     1
      0.9582214977 a       392     0    27     1     2
      0.9289279027 a       393     0    27     1     3
     -0.3781465189 a       394     0    27     1     4
      0.8888833247 a       395     0    27     1     5
     -0.7214227843 a       396     0    27     1     6
     -0.1486614215 a       397     0    27     1     7
      0.1899400711 a       398     0    27     1     8
     -0.2041443402 a       399     0    27     1     9
     -0.9569724978 a       400     0    27     1    10
     -0.0130413289 a       401     0    27     1    11
     -0.0970645223 a       402     0    27     1    12
      0.9881570762 a       403     0    27     1    13
      0.3342587654 a       404     0    27     1    14
     -0.2783928573 a       405     0    27     1    15
     -1.0316111577 b       406     1     1
     -0.8099504914 b       407     1     2
     -0.2415097184 b       408     1     3
      1.0038026824 b       409     1     4
      0.9588386735 b       410     1     5
     -0.2631906679 b       411     1     6
      0.5536272886 b       412     1     7
      0.6234757111 b       413     1     8
      0.1826650253 b       414     1     9
     -0.9666683694 b       415     1    10
      0.2411102171 b       416     1    11
     -0.6658201911 b       417     1    12
     -0.8027663299 b       418     1    13
     -1.0232999782 b       419     1    14
      0.2664509997 b       420     1    15
      0.6434562640 a       421     1     1     2     1
      0.7699565558 a       422     1     1     2     2
     -0.9345361308 a       423     1     1     2     3
      0.6362998033 a       424     1     1     2     4
     -0.4891504362 a       425     1     1     2     5
     -0.9193764919 a       426     1     1     2     6
      0.6336354192 a       427     1     1     2     7
     -0.3853054523 a       428     1     1     2     8
      0.4122785245 a       429     1     1     2     9
     -0.2593363995 a       430     1     1     2    10
     -0.9602349996 a       431     1     1     2    11
     -0.3082967203 a       432     1     1     2    12
      0.4060408805 a       433     1     1     2    13
     -1.0048011469 a       434     1     1     2    14
     -0.0503657298 a       435     1     1     2    15
     -0.1123965315 a       436     1     2     2     1
     -0.5130709090 a       437     1     2     2     2
     -0.0460406230 a       438     1     2     2     3
      0.9865113400 a       439     1     2     2     4
     -0.5573355165 a       440     1     2     2     5
      0.1636681231 a       441     1     2     2     6
      0.3247532476 a       442     1     2     2     7
     -0.2129258514 a       443     1     2     2     8
      0.6203947911 a       444     1     2     2     9
     -0.1351943911 a       445     1     2     2    10
      0.4344437298 a       446     1     2     2    11
      0.9720958868 a       447     1     2     2    12
      0.6577026854 a       448     1     2     2    13
     -0.8861123185 a       449     1     2     2    14
     -0.5293419276 a       450     1     2     2    15
      0.5236458460 a       451     1     3     2     1
     -0.7862745253 a       452     1     3     2     2
      0.4645324635 a       453     1     3     2     3
     -0.3106278294 a       454     1     3     2     4
     -0.3812846182 a       455     1     3     2     5
      0.7560885298 a       456     1     3     2     6
     -0.8627920825 a       457     1     3     2     7
     -0.4029767612 a       458     1     3     2     8
      0.7807248467 a       459     1     3     2     9
      0.4239334711 a       460     1     3     2    10
      0.0352251795 a       461     1     3     2    11
     -0.1077489042 a       462     1     3     2    12
     -0.7026278731 a       463     1     3     2    13
     -0.6733671390 a       464     1     3     2    14
     -0.8389241078 a       465     1     3     2    15
     -0.0407993272 a       466     1     4     2     1
     -0.5453254235 a       467     1     4     2     2
      0.2792565445 a       468     1     4     2     3
     -0.1640415647 a       469     1     4     2     4
      0.3453401066 a       470     1     4     2     5
      0.3396057869 a       471     1     4     2     6
     -0.9083296929 a       472     1     4     2     7
     -0.8691796520 a       473     1     4     2     8
      0.9077382108 a       474     1     4     2     9
      0.7980412786 a       475     1     4     2    10
     -0.5989788592 a       476     1     4     2    11
      0.6111344434 a       477     1     4     2    12
     -0.6131106773 a       478     1     4     2    13
     -0.2550519113 a       479     1     4     2    14
     -0.0886980854 a       480     1     4     2    15
      0.3883597660 a       481     1     5     2     1
      0.7846005070 a       482     1     5     2     2
      0.8875918203 a       483     1     5     2     3
     -0.5980367356 a       484     1     5     2     4
      0.8626063343 a       485     1     5     2     5
     -0.9612231318 a       486     1     5     2     6
     -0.1851219291 a       487     1     5     2     7
      0.8407259257 a       488     1     5     2     8
     -0.8386491722 a       489     1     5     2     9
     -0.9452568566 a       490     1     5     2    10
     -0.1015268419 a       491     1     5     2    11
      0.5260464398 a       492     1     5     2    12
      0.3372866955 a       493     1     5     2    13
     -0.5230239400 a       494     1     5     2    14
      0.1735683098 a       495     1     5     2    15
     -0.8735712399 a       496     1     6     2     1
     -0.8484440782 a       497     1     6     2     2
     -0.7046378710 a       498     1     6     2     3
     -0.9819792639 a       499     1     6     2     4
      0.1514398620 a       500     1     6     2     5
      0.8066348620 a       501     1     6     2     6
      0.7207071249 a       502     1     6     2     7
      0.6842957782 a       503     1     6     2     8
      0.2479940509 a       504     1     6     2     9
     -0.2139450985 a       505     1     6     2    10
      0.7418950445 a       506     1     6     2    11
     -0.5757361342 a       507     1     6     2    12
      0.3701586004 a       508     1     6     2    13
     -0.5155601520 a       509     1     6     2    14
     -0.4422468499 a       510     1     6     2    15
      0.6452644141 a       511     1     7     2     1
     -0.4413988779 a       512     1     7     2     2
      0.3123859535 a       513     1     7     2     3
      0.3402774418 a       514     1     7     2     4
     -0.2438528423 a       515     1     7     2     5
      0.1592550487 a       516     1     7     2     6
     -0.7936291369 a       517     1     7     2     7
      0.3289908708 a       518     1     7     2     8
      0.6349118529 a       519     1     7     2     9
     -0.9389228590 a       520     1     7     2    10
     -0.4471431494 a       521     1     7     2    11
      0.5676180125 a       522     1     7     2    12
      0.9274545896 a       523     1     7     2    13
     -0.8258652867 a       524     1     7     2    14
      0.1092244697 a       525     1     7     2    15
     -0.5255509860 a       526     1     8     2     1
      0.3806708166 a       527     1     8     2     2
     -0.6234129673 a       528     1     8     2     3
     -0.3142895557 a       529     1     8     2     4
      0.8916982578 a       530     1     8     2     5
      0.1230168919 a       531     1     8     2     6
     -0.6182549534 a       532     1     8     2     7
      0.7547355684 a       533     1     8     2     8
      0.4881553590 a       534     1     8     2     9
      0.9678045312 a       535     1     8     2    10
     -0.5669446011 a       536     1     8     2    11
     -0.0162995559 a       537     1     8     2    12
     -0.4231439711 a       538     1     8     2    13
     -0.5427223082 a       539     1     8     2    14
      0.4338055948 a       540     1     8     2    15
      0.2886824347 a       541     1     9     2     1
      0.7306142050 a       542     1     9     2     2
      0.5542493229 a       543     1     9     2     3
     -0.9905274413 a       544     1     9     2     4
     -0.6028712483 a       545     1     9     2     5
      0.2081419920 a       546     1     9     2     6
      0.7482243956 a       547     1     9     2     7
     -0.9549320596 a       548     1     9     2     8
     -0.9107225082 a       549     1     9     2     9
      0.6577160826 a       550     1     9     2    10
     -0.3835368805 a       551     1     9     2    11
     -0.9302773455 a       552     1     9     2    12
     -0.7740179181 a       553     1     9     2    13
     -0.1860415641 a       554     1     9     2    14
      0.9184228451 a       555     1     9     2    15
     -1.0301858331 a       556     1    10     2     1
      0.5840207345 a       557     1    10     2     2
     -0.5432895716 a       558     1    10     2     3
     -0.8069664147 a       559     1    10     2     4
      0.9225537667 a       560     1    10     2     5
      0.8734625356 a       561     1    10     2     6
      0.3055362396 a       562     1    10     2     7
      0.8941271778 a       563     1    10     2     8
     -0.9640562871 a       564     1    10     2     9
     -0.6989955508 a       565     1    10     2    10
      0.8781005067 a       566     1    10     2    11
     -0.3741065401 a       567     1    10     2    12
      0.6360642962 a       568     1    10     2    13
      0.1411388541 a       569     1    10     2    14
     -0.4387677282 a       570     1    10     2    15
      0.6583623084 a       571     1    11     2     1
     -0.1349102888 a       572     1    11     2     2
      0.4177427530 a       573     1    11     2     3
     -0.8381396985 a       574     1    11     2     4
     -0.4883502292 a       575     1    11     2     5
     -0.6922882434 a       576     1    11     2     6
     -0.1181669696 a       577     1    11     2     7
     -0.9704930441 a       578     1    11     2     8
     -0.7732930725 a       579     1    11     2     9
      0.7363465938 a       580     1    11     2    10
     -0.9177033270 a       581     1    11     2    11
      0.1382320759 a       582     1    11     2    12
     -0.4762337700 a       583     1    11     2    13
      0.8517357203 a       584     1    11     2    14
      1.0141977150 a       585     1    11     2    15
     -0.7843347508 a       586     1    12     2     1
     -0.6803751894 a       587     1    12     2     2
      0.5181572603 a       588     1    12     2     3
     -0.1497432219 a       589     1    12     2     4
      0.8119727726 a       590     1    12     2     5
      0.6864388604 a       591     1    12     2     6
      0.6543960586 a       592     1    12     2     7
     -0.2039696827 a       593     1    12     2     8
     -0.5319750357 a       594     1    12     2     9
     -0.1607605850 a       595     1    12     2    10
     -0.1757643596 a       596     1    12     2    11
     -0.7632985697 a       597     1    12     2    12
      0.7084593816 a       598     1    12     2    13
     -0.8182847464 a       599     1    12     2    14
     -0.9651080691 a       600     1    12     2    15
      0.6843271939 a       601     1    13     2     1
      0.0055490441 a       602     1    13     2     2
     -0.7474548424 a       603     1    13     2     3
      0.4396791912 a       604     1    13     2     4
     -0.4791670389 a       605     1    13     2     5
     -0.2965755669 a       606     1    13     2     6
     -0.7171848119 a       607     1    13     2     7
      0.8456093430 a       608     1    13     2     8
      0.8644720766 a       609     1    13     2     9
      0.7537939970 a       610     1    13     2    10
      0.5733080857 a       611     1    13     2    11
     -0.2586763237 a       612     1    13     2    12
      0.4032899200 a       613     1    13     2    13
     -0.1086591311 a       614     1    13     2    14
      0.0019235052 a       615     1    13     2    15
     -0.9138651921 a       616     1    14     2     1
      0.0749185628 a       617     1    14     2     2
     -0.5371869839 a       618     1    14     2     3
      0.8309994894 a       619     1    14     2     4
     -0.2619805469 a       620     1    14     2     5
      0.8779755292 a       621     1    14     2     6
      0.8801873072 a       622     1    14     2     7
      0.8408106840 a       623     1    14     2     8
      0.6266423840 a       624     1    14     2     9
      0.0566702010 a       625     1    14     2    10
      0.3510234802 a       626     1    14     2    11
     -0.6301610238 a       627     1    14     2    12
      0.8540379012 a       628     1    14     2    13
     -0.9427194190 a       629     1    14     2    14
      0.2962632207 a       630     1    14     2    15
      0.4170470987 a       631     1    15     2     1
     -0.8902563362 a       632     1    15     2     2
     -0.4436685327 a       633     1    15     2     3
     -0.1592321221 a       634     1    15     2     4
     -0.0280798799 a       635     1    15     2     5
     -0.1848511274 a       636     1    15     2     6
     -0.3005898250 a       637     1    15     2     7
     -0.8569140509 a       638     1    15     2     8
      0.4052879506 a       639     1    15     2     9
     -0.3615874249 a       640     1    15     2    10
     -0.2989652815 a       641     1    15     2    11
      0.6301447197 a       642     1    15     2    12
      0.5805376545 a       643     1    15     2    13
     -0.4928059318 a       644     1    15     2    14
      0.3688777233 a       645     1    15     2    15
      0.3430325035 b       646     2     1
      0.8431844250 b       647     2     2
     -0.9608568379 b       648     2     3
     -1.0019357832 b       649     2     4
      0.8938000057 b       650     2     5
      0.6684649232 b       651     2     6
     -0.8975974017 b       652     2     7
     -0.6204876799 b       653     2     8
      0.9387310245 b       654     2     9
      0.0654410198 b       655     2    10
     -0.8979249085 b       656     2    11
      0.6591266227 b       657     2    12
      0.3145159003 b       658     2    13
     -0.4913293481 b       659     2    14
      0.3619179286 b       660     2    15
      0.5058489372 a       661     2     1     3     1
     -1.1212804479 a       662     2     2     3     1
      0.2657642632 a       663     2     3     3     1
      0.1733681395 a       664     2     4     3     1
      0.0938005530 a       665     2     5     3     1
      0.0530260615 a       666     2     6     3     1
     -0.2315510393 a       667     2     7     3     1
      0.6569532109 a       668     2     8     3     1
     -0.2536366653 a       669     2     9     3     1
     -0.1496872185 a       670     2    10     3     1
      0.9228704451 a       671     2    11     3     1
     -0.9274128848 a       672     2    12     3     1
      0.3109451045 a       673     2    13     3     1
     -0.7917396778 a       674     2    14     3     1
      0.9824359073 a       675     2    15     3     1
     -0.5245099250 b       676     3     1
