     -0.4737227994 a         1     0     1     1     1
     -0.2690425692 a         2     0     1     1     2
     -0.2556459718 a         3     0     1     1     3
     -0.0814365201 a         4     0     1     1     4
      0.1060817301 a         5     0     1     1     5
      0.2159085862 a         6     0     1     1     6
      0.3793346986 a         7     0     1     1     7
      0.1356143867 a         8     0     1     1     8
      0.4604024621 a         9     0     1     1     9
      0.0844069689 a        10     0     1     1    10
     -0.0196866491 a        11     0     1     1    11
      0.2485544019 a        12     0     1     1    12
      0.2483516847 a        13     0     1     1    13
      0.4125573116 a        14     0     1     1    14
     -0.3263379543 a        15     0     1     1    15
      0.2166609096 a        16     0     1     1    16
     -0.1793485197 a        17     0     1     1    17
     -0.5009362572 a        18     0     1     1    18
     -0.0842757930 a        19     0     1     1    19
     -0.1298400631 a        20     0     1     1    20
     -0.4500109200 a        21     0     2     1     1
     -0.2285972162 a        22     0     2     1     2
      0.1642185222 a        23     0     2     1     3
     -0.4341872639 a        24     0     2     1     4
     -0.0301109585 a        25     0     2     1     5
      0.0172605725 a        26     0     2     1     6
      0.0765765603 a        27     0     2     1     7
      0.1020587676 a        28     0     2     1     8
      0.2647546437 a        29     0     2     1     9
     -0.1904700139 a        30     0     2     1    10
      0.1675114231 a        31     0     2     1    11
      0.1190828488 a        32     0     2     1    12
      0.2572674923 a        33     0     2     1    13
     -0.4249877206 a        34     0     2     1    14
     -0.3314632350 a        35     0     2     1    15
     -0.4227118088 a        36     0     2     1    16
      0.3905889990 a        37     0     2     1    17
     -0.3883058739 a        38     0     2     1    18
     -0.1718777552 a        39     0     2     1    19
     -0.2929526591 a        40     0     2     1    20
     -0.0750057871 a        41     0     3     1     1
      0.0308746060 a        42     0     3     1     2
     -0.0800976260 a        43     0     3     1     3
     -0.0574208198 a        44     0     3     1     4
      0.4354605543 a        45     0     3     1     5
      0.0263111951 a        46     0     3     1     6
     -0.0698392204 a        47     0     3     1     7
     -0.1518985796 a        48     0     3     1     8
     -0.0787212305 a        49     0     3     1     9
      0.2957116224 a        50     0     3     1    10
      0.2103609138 a        51     0     3     1    11
     -0.4597259166 a        52     0     3     1    12
     -0.4402062337 a        53     0     3     1    13
      0.0516028293 a        54     0     3     1    14
     -0.2716127939 a        55     0     3     1    15
     -0.4275533300 a        56     0     3     1    16
      0.0203034809 a        57     0     3     1    17
     -0.2715845503 a        58     0     3     1    18
      0.4052445487 a        59     0     3     1    19
      0.3420349289 a        60     0     3     1    20
      0.1836544370 a        61     0     4     1     1
      0.3459919947 a        62     0     4     1     2
     -0.2926229576 a        63     0     4     1     3
     -0.0749839543 a        64     0     4     1     4
     -0.4274330136 a        65     0     4     1     5
      0.1288783221 a        66     0     4     1     6
     -0.1380841673 a        67     0     4     1     7
     -0.1449385105 a        68     0     4     1     8
      0.5020260815 a        69     0     4     1     9
      0.1474691683 a        70     0     4     1    10
      0.2737260085 a        71     0     4     1    11
     -0.1107859587 a        72     0     4     1    12
     -0.0895722320 a        73     0     4     1    13
      0.3307717849 a        74     0     4     1    14
     -0.1649790601 a        75     0     4     1    15
      0.4346467381 a        76     0     4     1    16
     -0.3401703501 a        77     0     4     1    17
     -0.0709628405 a        78     0     4     1    18
     -0.3247515724 a        79     0     4     1    19
     -0.0141367505 a        80     0     4     1    20
      0.4556468657 a        81     0     5     1     1
     -0.4844506282 a        82     0     5     1     2
      0.3887209955 a        83     0     5     1     3
     -0.4193334153 a        84     0     5     1     4
     -0.3706078878 a        85     0     5     1     5
      0.1060977745 a        86     0     5     1     6
      0.3734973438 a        87     0     5     1     7
     -0.1253783077 a        88     0     5     1     8
     -0.1975212913 a        89     0     5     1     9
     -0.3935931103 a        90     0     5     1    10
     -0.0116319429 a        91     0     5     1    11
     -0.0374632738 a        92     0     5     1    12
     -0.1559161967 a        93     0     5     1    13
      0.4201740373 a        94     0     5     1    14
     -0.3936285464 a        95     0     5     1    15
     -0.2912879756 a        96     0     5     1    16
     -0.1538325020 a        97     0     5     1    17
      0.5360664998 a        98     0     5     1    18
      0.0299389282 a        99     0     5     1    19
     -0.2037620683 a       100     0     5     1    20
      0.1520799978 a       101     0     6     1     1
      0.3405596846 a       102     0     6     1     2
     -0.0015042816 a       103     0     6     1     3
      0.4530226796 a       104     0     6     1     4
     -0.3528153927 a       105     0     6     1     5
      0.3048386993 a       106     0     6     1     6
     -0.3677735492 a       107     0     6     1     7
     -0.3924506743 a       108     0     6     1     8
     -0.1153634266 a       109     0     6     1     9
     -0.2565712188 a       110     0     6     1    10
      0.3488859289 a       111     0     6     1    11
      0.4098160933 a       112     0     6     1    12
     -0.4754457921 a       113     0     6     1    13
      0.3399030847 a       114     0     6     1    14
      0.1268318691 a       115     0     6     1    15
      0.0049828504 a       116     0     6     1    16
      0.3765851025 a       117     0     6     1    17
     -0.5025318778 a       118     0     6     1    18
     -0.2636310984 a       119     0     6     1    19
      0.0154053166 a       120     0     6     1    20
      0.0571148915 a       121     0     7     1     1
      0.1134156761 a       122     0     7     1     2
     -0.4126195326 a       123     0     7     1     3
      0.1783483326 a       124     0     7     1     4
      0.3554208986 a       125     0     7     1     5
      0.3657941907 a       126     0     7     1     6
     -0.3207392471 a       127     0     7     1     7
     -0.0904902044 a       128     0     7     1     8
      0.2068071468 a       129     0     7     1     9
      0.4590480840 a       130     0     7     1    10
      0.0720921050 a       131     0     7     1    11
      0.1182983498 a       132     0     7     1    12
     -0.1546385227 a       133     0     7     1    13
     -0.2466613781 a       134     0     7     1    14
     -0.4212338917 a       135     0     7     1    15
      0.1208626107 a       136     0     7     1    16
      0.3683360725 a       137     0     7     1    17
      0.2691514847 a       138     0     7     1    18
      0.0811096387 a       139     0     7     1    19
     -0.3260524754 a       140     0     7     1    20
      0.1892738878 a       141     0     8     1     1
     -0.1120504175 a       142     0     8     1     2
     -0.1856938928 a       143     0     8     1     3
     -0.1150482509 a       144     0     8     1     4
      0.3385926757 a       145     0     8     1     5
     -0.0503263525 a       146     0     8     1     6
     -0.2882809182 a       147     0     8     1     7
     -0.1458753348 a       148     0     8     1     8
     -0.2474191368 a       149     0     8     1     9
     -0.3092209672 a       150     0     8     1    10
      0.4133328844 a       151     0     8     1    11
      0.1005889091 a       152     0     8     1    12
     -0.2581924207 a       153     0     8     1    13
      0.1063454499 a       154     0     8     1    14
     -0.3711680262 a       155     0     8     1    15
     -0.2584917571 a       156     0     8     1    16
      0.1728080607 a       157     0     8     1    17
      0.2054540631 a       158     0     8     1    18
      0.4408981882 a       159     0     8     1    19
     -0.1520768584 a       160     0     8     1    20
     -0.1760065286 a       161     0     9     1     1
      0.4742611595 a       162     0     9     1     2
     -0.2224589370 a       163     0     9     1     3
      0.2171316345 a       164     0     9     1     4
     -0.1192309204 a       165     0     9     1     5
      0.3785716535 a       166     0     9     1     6
     -0.1014610215 a       167     0     9     1     7
      0.1961858319 a       168     0     9     1     8
      0.0682037422 a       169     0     9     1     9
      0.0436158763 a       170     0     9     1    10
      0.4930843692 a       171     0     9     1    11
      0.4766600072 a       172     0     9     1    12
     -0.3230802283 a       173     0     9     1    13
      0.3415844759 a       174     0     9     1    14
     -0.0060757469 a       175     0     9     1    15
     -0.2665250043 a       176     0     9     1    16
      0.3075325894 a       177     0     9     1    17
     -0.1915197244 a       178     0     9     1    18
     -0.1257363946 a       179     0     9     1    19
     -0.3593825193 a       180     0     9     1    20
      0.4980721758 a       181     0    10     1     1
     -0.4939104145 a       182     0    10     1     2
      0.3112295635 a       183     0    10     1     3
     -0.1705688561 a       184     0    10     1     4
      0.0245725760 a       185     0    10     1     5
      0.4018965444 a       186     0    10     1     6
      0.1000783873 a       187     0    10     1     7
     -0.1474974358 a       188     0    10     1     8
      0.0522803238 a       189     0    10     1     9
      0.3813621998 a       190     0    10     1    10
     -0.4185051136 a       191     0    10     1    11
      0.0422080705 a       192     0    10     1    12
      0.1554231714 a       193     0    10     1    13
     -0.2610286438 a       194     0    10     1    14
     -0.3147945975 a       195     0    10     1    15
      0.2745743146 a       196     0    10     1    16
     -0.0171105312 a       197     0    10     1    17
     -0.5005501785 a       198     0    10     1    18
      0.3538911963 a       199     0    10     1    19
     -0.1344166555 a       200     0    10     1    20
      0.0426348357 a       201     0    11     1     1
      0.3436057053 a       202     0    11     1     2
     -0.2032315800 a       203     0    11     1     3
     -0.3547607837 a       204     0    11     1     4
     -0.0208528088 a       205     0    11     1     5
     -0.0240278093 a       206     0    11     1     6
     -0.3403923339 a       207     0    11     1     7
     -0.2902737008 a       208     0    11     1     8
     -0.3047273374 a       209     0    11     1     9
     -0.0730074951 a       210     0    11     1    10
     -0.2397475087 a       211     0    11     1    11
      0.3266759207 a       212     0    11     1    12
      0.0923140066 a       213     0    11     1    13
      0.4419389330 a       214     0    11     1    14
      0.1547864840 a       215     0    11     1    15
      0.2293861763 a       216     0    11     1    16
     -0.2507498406 a       217     0    11     1    17
     -0.2260312804 a       218     0    11     1    18
      0.2100281880 a       219     0    11     1    19
      0.2483305432 a       220     0    11     1    20
      0.2492680807 a       221     0    12     1     1
      0.0434357240 a       222     0    12     1     2
     -0.3498075193 a       223     0    12     1     3
     -0.4490674208 a       224     0    12     1     4
     -0.1553943635 a       225     0    12     1     5
     -0.0306040421 a       226     0    12     1     6
      0.0019759454 a       227     0    12     1     7
      0.4934773104 a       228     0    12     1     8
     -0.4049088144 a       229     0    12     1     9
      0.0916176971 a       230     0    12     1    10
      0.4982583259 a       231     0    12     1    11
      0.4420780109 a       232     0    12     1    12
      0.1669304966 a       233     0    12     1    13
      0.2913511967 a       234     0    12     1    14
      0.3585407401 a       235     0    12     1    15
      0.1352365693 a       236     0    12     1    16
     -0.1345808243 a       237     0    12     1    17
     -0.0027118661 a       238     0    12     1    18
      0.1652325705 a       239     0    12     1    19
     -0.4766730522 a       240     0    12     1    20
      0.3672345367 a       241     0    13     1     1
      0.2290199399 a       242     0    13     1     2
     -0.3731562401 a       243     0    13     1     3
      0.0139877743 a       244     0    13     1     4
      0.4567268418 a       245     0    13     1     5
      0.3486107259 a       246     0    13     1     6
     -0.3778519997 a       247     0    13     1     7
      0.2324716310 a       248     0    13     1     8
     -0.2392112550 a       249     0    13     1     9
      0.1867801520 a       250     0    13     1    10
     -0.1779827212 a       251     0    13     1    11
      0.3463446809 a       252     0    13     1    12
     -0.1472497823 a       253     0    13     1    13
     -0.3829880483 a       254     0    13     1    14
     -0.2709747404 a       255     0    13     1    15
     -0.4095593722 a       256     0    13     1    16
     -0.0786167799 a       257     0    13     1    17
      0.0899767510 a       258     0    13     1    18
      0.0751562232 a       259     0    13     1    19
     -0.3806812129 a       260     0    13     1    20
      0.2956779019 a       261     0    14     1     1
      0.3819056035 a       262     0    14     1     2
     -0.0099168319 a       263     0    14     1     3
     -0.1884020391 a       264     0    14     1     4
      0.4171187183 a       265     0    14     1     5
      0.4700596726 a       266     0    14     1     6
      0.1370178517 a       267     0    14     1     7
      0.4184120221 a       268     0    14     1     8
      0.4468591047 a       269     0    14     1     9
     -0.2980325828 a       270     0    14     1    10
     -0.2745047753 a       271     0    14     1    11
     -0.2101223586 a       272     0    14     1    12
      0.3941684017 a       273     0    14     1    13
     -0.2463382827 a       274     0    14     1    14
      0.3704788805 a       275     0    14     1    15
     -0.2147627760 a       276     0    14     1    16
      0.2897110723 a       277     0    14     1    17
     -0.3760684128 a       278     0    14     1    18
      0.0340489113 a       279     0    14     1    19
     -0.4316341082 a       280     0    14     1    20
     -0.4579509054 a       281     0    15     1     1
      0.2315946521 a       282     0    15     1     2
      0.1264389697 a       283     0    15     1     3
      0.4596000231 a       284     0    15     1     4
      0.0810433697 a       285     0    15     1     5
      0.4956694059 a       286     0    15     1     6
      0.4187593712 a       287     0    15     1     7
     -0.2463746222 a       288     0    15     1     8
     -0.2352165655 a       289     0    15     1     9
     -0.3654441211 a       290     0    15     1    10
      0.0323583487 a       291     0    15     1    11
      0.1608282471 a       292     0    15     1    12
     -0.4386151933 a       293     0    15     1    13
      0.0188400052 a       294     0    15     1    14
     -0.0160128017 a       295     0    15     1    15
     -0.4407858885 a       296     0    15     1    16
     -0.2676339977 a       297     0    15     1    17
     -0.0101196866 a       298     0    15     1    18
     -0.2029762976 a       299     0    15     1    19
      0.3119407234 a       300     0    15     1    20
     -0.3449629372 a       301     0    16     1     1
     -0.1908249870 a       302     0    16     1     2
     -0.2316403704 a       303     0    16     1     3
      0.0855602184 a       304     0    16     1     4
      0.4148421337 a       305     0    16     1     5
      0.2893763410 a       306     0    16     1     6
     -0.3811507076 a       307     0    16     1     7
     -0.2579845596 a       308     0    16     1     8
      0.0564556290 a       309     0    16     1     9
     -0.3729901247 a       310     0    16     1    10
     -0.3266915439 a       311     0    16     1    11
      0.0686052565 a       312     0    16     1    12
      0.1884971677 a       313     0    16     1    13
     -0.0138506969 a       314     0    16     1    14
      0.2036933104 a       315     0    16     1    15
      0.0116242473 a       316     0    16     1    16
     -0.2173917473 a       317     0    16     1    17
      0.0226263981 a       318     0    16     1    18
      0.2977849355 a       319     0    16     1    19
     -0.4256558638 a       320     0    16     1    20
     -0.3462402407 a       321     0    17     1     1
      0.3040417464 a       322     0    17     1     2
     -0.3310062651 a       323     0    17     1     3
     -0.4078801826 a       324     0    17     1     4
     -0.4034316006 a       325     0    17     1     5
      0.0148469416 a       326     0    17     1     6
     -0.4632589171 a       327     0    17     1     7
     -0.4515849642 a       328     0    17     1     8
     -0.2071333432 a       329     0    17     1     9
     -0.3756569835 a       330     0    17     1    10
     -0.3686985304 a       331     0    17     1    11
      0.0526690339 a       332     0    17     1    12
      0.4610504132 a       333     0    17     1    13
      0.4174343965 a       334     0    17     1    14
     -0.1221538566 a       335     0    17     1    15
      0.4018202667 a       336     0    17     1    16
      0.2564210782 a       337     0    17     1    17
     -0.1196086238 a       338     0    17     1    18
      0.0750231918 a       339     0    17     1    19
     -0.0665817716 a       340     0    17     1    20
     -0.3634843878 a       341     0    18     1     1
     -0.3244858310 a       342     0    18     1     2
     -0.3701192719 a       343     0    18     1     3
      0.3294028347 a       344     0    18     1     4
     -0.4421684776 a       345     0    18     1     5
      0.3194538709 a       346     0    18     1     6
      0.1771643086 a       347     0    18     1     7
     -0.4076028932 a       348     0    18     1     8
      0.1247799703 a       349     0    18     1     9
     -0.0560683106 a       350     0    18     1    10
      0.2496540171 a       351     0    18     1    11
     -0.0812262581 a       352     0    18     1    12
      0.3169894792 a       353     0    18     1    13
     -0.0636529696 a       354     0    18     1    14
     -0.1523678305 a       355     0    18     1    15
     -0.3982959144 a       356     0    18     1    16
     -0.1531850265 a       357     0    18     1    17
     -0.0458655084 a       358     0    18     1    18
     -0.4668176553 a       359     0    18     1    19
      0.1272261087 a       360     0    18     1    20
     -0.0709021289 a       361     0    19     1     1
      0.1075872475 a       362     0    19     1     2
      0.3954444542 a       363     0    19     1     3
      0.0028679950 a       364     0    19     1     4
      0.1875686700 a       365     0    19     1     5
      0.0871877560 a       366     0    19     1     6
     -0.3342351870 a       367     0    19     1     7
      0.1455527127 a       368     0    19     1     8
      0.1644002021 a       369     0    19     1     9
     -0.0883560962 a       370     0    19     1    10
      0.3606057562 a       371     0    19     1    11
      0.1182559050 a       372     0    19     1    12
      0.0654104597 a       373     0    19     1    13
      0.1975057157 a       374     0    19     1    14
      0.3919766931 a       375     0    19     1    15
     -0.0740392422 a       376     0    19     1    16
     -0.3167290330 a       377     0    19     1    17
      0.1266513487 a       378     0    19     1    18
      0.2379863258 a       379     0    19     1    19
     -0.3771981797 a       380     0    19     1    20
     -0.0589971576 a       381     0    20     1     1
     -0.2521603162 a       382     0    20     1     2
     -0.0796269899 a       383     0    20     1     3
      0.1822373382 a       384     0    20     1     4
      0.2098773793 a       385     0    20     1     5
      0.0286826114 a       386     0    20     1     6
      0.2738350105 a       387     0    20     1     7
      0.3500740637 a       388     0    20     1     8
      0.2288470026 a       389     0    20     1     9
      0.4446166199 a       390     0    20     1    10
     -0.1361791767 a       391     0    20     1    11
      0.4847806130 a       392     0    20     1    12
      0.4627076987 a       393     0    20     1    13
     -0.2007041547 a       394     0    20     1    14
      0.4142150208 a       395     0    20     1    15
     -0.2992331186 a       396     0    20     1    16
     -0.0474415092 a       397     0    20     1    17
      0.1050102857 a       398     0    20     1    18
     -0.0973774964 a       399     0    20     1    19
     -0.4735027430 a       400     0    20     1    20
     -0.0223687469 a       401     0    21     1     1
     -0.0160888429 a       402     0    21     1     2
      0.4389990333 a       403     0    21     1     3
      0.1674776124 a       404     0    21     1     4
     -0.1065289176 a       405     0    21     1     5
     -0.5105031704 a       406     0    21     1     6
     -0.3441778432 a       407     0    21     1     7
     -0.1772123131 a       408     0    21     1     8
      0.4923794474 a       409     0    21     1     9
      0.4473575426 a       410     0    21     1    10
     -0.0911346243 a       411     0    21     1    11
      0.1852314195 a       412     0    21     1    12
      0.3014670753 a       413     0    21     1    13
      0.0732673928 a       414     0    21     1    14
     -0.4391953881 a       415     0    21     1    15
      0.0755080472 a       416     0    21     1    16
     -0.3650248398 a       417     0    21     1    17
     -0.4950563905 a       418     0    21     1    18
     -0.4696637654 a       419     0    21     1    19
      0.1265520014 a       420     0    21     1    20
      0.4003935797 a       421     0    22     1     1
      0.4227260922 a       422     0    22     1     2
     -0.4160996406 a       423     0    22     1     3
      0.2933051311 a       424     0    22     1     4
     -0.2384501398 a       425     0    22     1     5
     -0.4697677502 a       426     0    22     1     6
      0.2956632771 a       427     0    22     1     7
     -0.2150744096 a       428     0    22     1     8
      0.2354924678 a       429     0    22     1     9
     -0.1170126562 a       430     0    22     1    10
     -0.5721469923 a       431     0    22     1    11
     -0.1492389175 a       432     0    22     1    12
      0.1973276454 a       433     0    22     1    13
     -0.4876845668 a       434     0    22     1    14
     -0.0266866325 a       435     0    22     1    15
     -0.0301740945 a       436     0    22     1    16
     -0.2835115018 a       437     0    22     1    17
     -0.0206576430 a       438     0    22     1    18
      0.4967818678 a       439     0    22     1    19
     -0.2759805370 a       440     0    22     1    20
      0.0982412128 a       441     0    23     1     1
      0.1603779060 a       442     0    23     1     2
     -0.0948250737 a       443     0    23     1     3
      0.2974710968 a       444     0    23     1     4
     -0.0607115409 a       445     0    23     1     5
      0.2234699264 a       446     0    23     1     6
      0.4627512931 a       447     0    23     1     7
      0.3676269178 a       448     0    23     1     8
     -0.4238554165 a       449     0    23     1     9
     -0.2666170931 a       450     0    23     1    10
      0.3400090896 a       451     0    23     1    11
     -0.4730442506 a       452     0    23     1    12
      0.2316113377 a       453     0    23     1    13
     -0.1624751423 a       454     0    23     1    14
     -0.1740824401 a       455     0    23     1    15
      0.3455955682 a       456     0    23     1    16
     -0.5256295558 a       457     0    23     1    17
     -0.2178217390 a       458     0    23     1    18
      0.3660362495 a       459     0    23     1    19
      0.1956937578 a       460     0    23     1    20
      0.0195513473 a       461     0    24     1     1
     -0.0546284186 a       462     0    24     1     2
     -0.3126026863 a       463     0    24     1     3
     -0.3669918359 a       464     0    24     1     4
     -0.3978614826 a       465     0    24     1     5
     -0.0424502614 a       466     0    24     1     6
     -0.2961952843 a       467     0    24     1     7
      0.1526460502 a       468     0    24     1     8
     -0.0831023147 a       469     0    24     1     9
      0.1686293818 a       470     0    24     1    10
      0.1983753995 a       471     0    24     1    11
     -0.4465763228 a       472     0    24     1    12
     -0.4126090186 a       473     0    24     1    13
      0.4476926186 a       474     0    24     1    14
      0.3554228151 a       475     0    24     1    15
     -0.2706078200 a       476     0    24     1    16
      0.3533646783 a       477     0    24     1    17
     -0.3459392918 a       478     0    24     1    18
     -0.1727873627 a       479     0    24     1    19
     -0.0211504505 a       480     0    24     1    20
      0.2046806302 a       481     0    25     1     1
      0.3754133790 a       482     0    25     1     2
      0.3908297984 a       483     0    25     1     3
     -0.2772168692 a       484     0    25     1     4
      0.4175788003 a       485     0    25     1     5
     -0.5052241967 a       486     0    25     1     6
     -0.0845128731 a       487     0    25     1     7
      0.4653141264 a       488     0    25     1     8
     -0.4534042147 a       489     0    25     1     9
     -0.4601380209 a       490     0    25     1    10
     -0.0602100285 a       491     0    25     1    11
      0.2538737832 a       492     0    25     1    12
      0.1569853711 a       493     0    25     1    13
     -0.3029112501 a       494     0    25     1    14
      0.0908457745 a       495     0    25     1    15
     -0.3941986823 a       496     0    25     1    16
     -0.4845435649 a       497     0    25     1    17
     -0.3981371009 a       498     0    25     1    18
     -0.4942763842 a       499     0    25     1    19
      0.0739217392 a       500     0    25     1    20
      0.4763012124 a       501     0    26     1     1
      0.3546499756 a       502     0    26     1     2
      0.3092203121 a       503     0    26     1     3
      0.1133174417 a       504     0    26     1     4
     -0.1086248570 a       505     0    26     1     5
      0.3874808202 a       506     0    26     1     6
     -0.2804028433 a       507     0    26     1     7
      0.2094892444 a       508     0    26     1     8
     -0.2634458310 a       509     0    26     1     9
     -0.1956696488 a       510     0    26     1    10
      0.3800983351 a       511     0    26     1    11
     -0.3024688514 a       512     0    26     1    12
      0.1544728508 a       513     0    26     1    13
      0.1785818117 a       514     0    26     1    14
     -0.1083449831 a       515     0    26     1    15
      0.0721601256 a       516     0    26     1    16
     -0.4852231851 a       517     0    26     1    17
      0.1939221351 a       518     0    26     1    18
      0.2971805633 a       519     0    26     1    19
     -0.4734048643 a       520     0    26     1    20
     -0.2589384057 a       521     0    27     1     1
      0.2673540272 a       522     0    27     1     2
      0.4180732084 a       523     0    27     1     3
     -0.4437397516 a       524     0    27     1     4
      0.0729461634 a       525     0    27     1     5
     -0.2896558950 a       526     0    27     1     6
      0.1577603012 a       527     0    27     1     7
     -0.3527653167 a       528     0    27     1     8
     -0.1616872318 a       529     0    27     1     9
      0.4287952523 a       530     0    27     1    10
      0.0652764495 a       531     0    27     1    11
     -0.3030719322 a       532     0    27     1    12
      0.3578759582 a       533     0    27     1    13
      0.2382039208 a       534     0    27     1    14
      0.4440439512 a       535     0    27     1    15
     -0.2603597057 a       536     0    27     1    16
     -0.0051123923 a       537     0    27     1    17
     -0.2434087333 a       538     0    27     1    18
     -0.2828484019 a       539     0    27     1    19
      0.2029301891 a       540     0    27     1    20
      0.1746974100 a       541     0    28     1     1
      0.3198903576 a       542     0    28     1     2
      0.2515283270 a       543     0    28     1     3
     -0.4567637412 a       544     0    28     1     4
     -0.2895950230 a       545     0    28     1     5
      0.1096058270 a       546     0    28     1     6
      0.3475648639 a       547     0    28     1     7
     -0.5259016037 a       548     0    28     1     8
     -0.4823685858 a       549     0    28     1     9
      0.3057598397 a       550     0    28     1    10
     -0.2253401910 a       551     0    28     1    11
     -0.4709696290 a       552     0    28     1    12
     -0.3675802396 a       553     0    28     1    13
     -0.1422337837 a       554     0    28     1    14
      0.4400926851 a       555     0    28     1    15
     -0.4473966419 a       556     0    28     1    16
      0.3694158630 a       557     0    28     1    17
     -0.3013698787 a       558     0    28     1    18
     -0.4085660746 a       559     0    28     1    19
      0.4508130144 a       560     0    28     1    20
      1.3791197014 b       561     1     1
      0.4772521790 b       562     1     2
      1.3948036526 b       563     1     3
     -1.4440641989 b       564     1     4
     -1.0618058585 b       565     1     5
      1.3579872334 b       566     1     6
     -0.5412888537 b       567     1     7
      0.9908612417 b       568     1     8
      0.2921959953 b       569     1     9
     -0.7464163306 b       570     1    10
      1.0263348500 b       571     1    11
     -0.3208060883 b       572     1    12
      0.6492828950 b       573     1    13
     -1.3082398993 b       574     1    14
     -0.7586806402 b       575     1    15
     -1.0855372744 b       576     1    16
     -0.1820568630 b       577     1    17
     -1.5154930333 b       578     1    18
     -1.2323890402 b       579     1    19
      1.1492285995 b       580     1    20
     -0.5563939056 a       581     1     1     2     1
      0.0922826037 a       582     1     1     2     2
     -0.2993858384 a       583     1     1     2     3
      0.5034874880 a       584     1     1     2     4
      0.8442314500 a       585     1     1     2     5
     -0.6471860330 a       586     1     1     2     6
     -0.3627029135 a       587     1     1     2     7
      0.2703267001 a       588     1     1     2     8
     -0.0812442495 a       589     1     1     2     9
      0.5176774553 a       590     1     1     2    10
      0.4678034880 a       591     1     1     2    11
      0.3397012356 a       592     1     1     2    12
     -0.1666126212 a       593     1     1     2    13
     -0.2593405097 a       594     1     1     2    14
     -0.0948328600 a       595     1     1     2    15
     -0.1258627769 a       596     1     1     2    16
     -0.4436081091 a       597     1     1     2    17
      0.4184086640 a       598     1     1     2    18
     -0.4444008512 a       599     1     1     2    19
     -0.5763924632 a       600     1     1     2    20
      0.4432730001 a       601     1     2     2     1
     -0.0472722095 a       602     1     2     2     2
     -0.4521110844 a       603     1     2     2     3
      0.2676984294 a       604     1     2     2     4
     -0.4079068930 a       605     1     2     2     5
     -0.2427285402 a       606     1     2     2     6
     -0.4745861844 a       607     1     2     2     7
      0.4435609158 a       608     1     2     2     8
      0.4663886683 a       609     1     2     2     9
      0.4886549691 a       610     1     2     2    10
      0.3844855755 a       611     1     2     2    11
     -0.1190142760 a       612     1     2     2    12
      0.3186558619 a       613     1     2     2    13
     -0.0634189497 a       614     1     2     2    14
     -0.0236904442 a       615     1     2     2    15
     -0.6183378156 a       616     1     2     2    16
      0.0683465368 a       617     1     2     2    17
     -0.3040178582 a       618     1     2     2    18
      0.5075299905 a       619     1     2     2    19
     -0.1569233074 a       620     1     2     2    20
      0.5340544274 a       621     1     3     2     1
      0.5238765045 a       622     1     3     2     2
      0.5241325547 a       623     1     3     2     3
      0.4083126677 a       624     1     3     2     4
      0.0575098664 a       625     1     3     2     5
      0.2986494466 a       626     1     3     2     6
     -0.4102524344 a       627     1     3     2     7
      0.4509842916 a       628     1     3     2     8
     -0.4681246794 a       629     1     3     2     9
      0.1793517775 a       630     1     3     2    10
      0.2695502066 a       631     1     3     2    11
     -0.4615890898 a       632     1     3     2    12
     -0.3537752374 a       633     1     3     2    13
     -0.0872186829 a       634     1     3     2    14
     -0.0201744747 a       635     1     3     2    15
     -0.1422194480 a       636     1     3     2    16
     -0.1731033617 a       637     1     3     2    17
     -0.5090337590 a       638     1     3     2    18
      0.2440533003 a       639     1     3     2    19
     -0.2073784092 a       640     1     3     2    20
     -0.1839836111 a       641     1     4     2     1
      0.3992175859 a       642     1     4     2     2
      0.3570586516 a       643     1     4     2     3
     -0.2656629614 a       644     1     4     2     4
      0.2711751834 a       645     1     4     2     5
      0.2390349357 a       646     1     4     2     6
      0.4890989487 a       647     1     4     2     7
     -0.5075200272 a       648     1     4     2     8
     -0.5256557876 a       649     1     4     2     9
      0.5767592082 a       650     1     4     2    10
      0.4444685790 a       651     1     4     2    11
     -0.4661961003 a       652     1     4     2    12
     -0.4874799262 a       653     1     4     2    13
      0.4723245280 a       654     1     4     2    14
      0.0275933221 a       655     1     4     2    15
     -0.6356013316 a       656     1     4     2    16
      0.3642974540 a       657     1     4     2    17
      0.1839112849 a       658     1     4     2    18
     -0.3636046951 a       659     1     4     2    19
      0.2441358542 a       660     1     4     2    20
      0.3400353914 a       661     1     5     2     1
     -0.5596807607 a       662     1     5     2     2
      0.1689463594 a       663     1     5     2     3
      0.1074755876 a       664     1     5     2     4
      0.0467721025 a       665     1     5     2     5
      0.1934618869 a       666     1     5     2     6
     -0.1369954837 a       667     1     5     2     7
      0.3368448398 a       668     1     5     2     8
      0.0567356201 a       669     1     5     2     9
     -0.0089376629 a       670     1     5     2    10
      0.6204669062 a       671     1     5     2    11
     -0.5041654198 a       672     1     5     2    12
      0.2458005079 a       673     1     5     2    13
     -0.4072616483 a       674     1     5     2    14
      0.6348157949 a       675     1     5     2    15
     -0.3699800139 a       676     1     5     2    16
     -0.5482943143 a       677     1     5     2    17
     -0.0902882403 a       678     1     5     2    18
      0.2592608900 a       679     1     5     2    19
      0.3557887132 a       680     1     5     2    20
      0.5619756498 a       681     1     6     2     1
     -0.4639632358 a       682     1     6     2     2
      0.5063647298 a       683     1     6     2     3
     -0.4295031607 a       684     1     6     2     4
      0.3627287520 a       685     1     6     2     5
     -0.2536821972 a       686     1     6     2     6
      0.3019586039 a       687     1     6     2     7
     -0.4986756271 a       688     1     6     2     8
      0.4549323401 a       689     1     6     2     9
      0.3443414733 a       690     1     6     2    10
      0.1458412815 a       691     1     6     2    11
     -0.3004458644 a       692     1     6     2    12
     -0.6722938053 a       693     1     6     2    13
     -0.3213518166 a       694     1     6     2    14
     -0.5251015473 a       695     1     6     2    15
     -0.6222030922 a       696     1     6     2    16
      0.3451506299 a       697     1     6     2    17
      0.2646917982 a       698     1     6     2    18
     -0.4950696280 a       699     1     6     2    19
      0.3497962404 a       700     1     6     2    20
     -0.1345003318 a       701     1     7     2     1
     -0.5531163479 a       702     1     7     2     2
      0.3819228222 a       703     1     7     2     3
      0.4896611260 a       704     1     7     2     4
      0.1510484987 a       705     1     7     2     5
     -0.2779748991 a       706     1     7     2     6
     -0.3627059912 a       707     1     7     2     7
     -0.4292056608 a       708     1     7     2     8
      0.4028845300 a       709     1     7     2     9
      0.5059360438 a       710     1     7     2    10
     -0.1846095564 a       711     1     7     2    11
     -0.0631157538 a       712     1     7     2    12
     -0.3291736098 a       713     1     7     2    13
      0.4479592966 a       714     1     7     2    14
     -0.6396164294 a       715     1     7     2    15
     -0.0514367412 a       716     1     7     2    16
      0.4607802587 a       717     1     7     2    17
      0.5732905498 a       718     1     7     2    18
      0.4122142931 a       719     1     7     2    19
      0.5836584161 a       720     1     7     2    20
     -0.0175397598 a       721     1     8     2     1
     -0.5623110042 a       722     1     8     2     2
     -0.1779216084 a       723     1     8     2     3
      0.0484214960 a       724     1     8     2     4
      0.4717772976 a       725     1     8     2     5
      0.0076830924 a       726     1     8     2     6
     -0.2960858548 a       727     1     8     2     7
      0.1233449732 a       728     1     8     2     8
     -0.1506666899 a       729     1     8     2     9
      0.1760846539 a       730     1     8     2    10
     -0.2913677183 a       731     1     8     2    11
     -0.4768786193 a       732     1     8     2    12
     -0.4972940428 a       733     1     8     2    13
      0.2376279536 a       734     1     8     2    14
     -0.3907273633 a       735     1     8     2    15
     -0.0206467290 a       736     1     8     2    16
      0.0706102919 a       737     1     8     2    17
      0.2987677760 a       738     1     8     2    18
      0.3983587613 a       739     1     8     2    19
      0.1614864522 a       740     1     8     2    20
      0.0155757270 a       741     1     9     2     1
     -0.2684714117 a       742     1     9     2     2
     -0.5573445106 a       743     1     9     2     3
      0.4849699897 a       744     1     9     2     4
     -0.0066927427 a       745     1     9     2     5
     -0.2172057150 a       746     1     9     2     6
     -0.3810173832 a       747     1     9     2     7
     -0.2218353559 a       748     1     9     2     8
      0.0640179552 a       749     1     9     2     9
      0.5143414002 a       750     1     9     2    10
     -0.0506263462 a       751     1     9     2    11
      0.4519111808 a       752     1     9     2    12
     -0.6959916947 a       753     1     9     2    13
     -0.4956024535 a       754     1     9     2    14
     -0.3847182261 a       755     1     9     2    15
      0.1711630681 a       756     1     9     2    16
     -0.3349441697 a       757     1     9     2    17
     -0.3731289054 a       758     1     9     2    18
      0.1690168209 a       759     1     9     2    19
     -0.4536452107 a       760     1     9     2    20
      0.3543904724 a       761     1    10     2     1
     -0.1684089884 a       762     1    10     2     2
      0.2816676484 a       763     1    10     2     3
     -0.4394625431 a       764     1    10     2     4
      0.4120132495 a       765     1    10     2     5
      0.5563290940 a       766     1    10     2     6
     -0.4657277746 a       767     1    10     2     7
     -0.4116300736 a       768     1    10     2     8
      0.4412943664 a       769     1    10     2     9
     -0.3791444904 a       770     1    10     2    10
      0.1695914731 a       771     1    10     2    11
      0.1667214820 a       772     1    10     2    12
     -0.2966881504 a       773     1    10     2    13
     -0.2723138928 a       774     1    10     2    14
      0.0434146191 a       775     1    10     2    15
     -0.3596459670 a       776     1    10     2    16
     -0.3518209052 a       777     1    10     2    17
     -0.2965510479 a       778     1    10     2    18
      0.1127109640 a       779     1    10     2    19
     -0.5230470639 a       780     1    10     2    20
      0.4741005835 a       781     1    11     2     1
     -0.0106785416 a       782     1    11     2     2
      0.3257897958 a       783     1    11     2     3
      0.5568042335 a       784     1    11     2     4
     -0.6504142949 a       785     1    11     2     5
      0.4255498193 a       786     1    11     2     6
      0.6426883311 a       787     1    11     2     7
     -0.3118329404 a       788     1    11     2     8
     -0.0675755930 a       789     1    11     2     9
     -0.4024574939 a       790     1    11     2    10
     -0.3682645008 a       791     1    11     2    11
      0.1453406824 a       792     1    11     2    12
     -0.1360320384 a       793     1    11     2    13
     -0.2507342779 a       794     1    11     2    14
      0.5120634728 a       795     1    11     2    15
     -0.3711143279 a       796     1    11     2    16
      0.0390655313 a       797     1    11     2    17
      0.5789053737 a       798     1    11     2    18
      0.0143941505 a       799     1    11     2    19
      0.3239985510 a       800     1    11     2    20
      0.3034265920 a       801     1    12     2     1
     -0.2307737808 a       802     1    12     2     2
     -0.2401578559 a       803     1    12     2     3
      0.4180453419 a       804     1    12     2     4
      0.0217323611 a       805     1    12     2     5
      0.1201723790 a       806     1    12     2     6
     -0.0076640072 a       807     1    12     2     7
     -0.2263088915 a       808     1    12     2     8
      0.5031293446 a       809     1    12     2     9
      0.0423625545 a       810     1    12     2    10
      0.1763409652 a       811     1    12     2    11
     -0.3703456754 a       812     1    12     2    12
     -0.0907969361 a       813     1    12     2    13
      0.4554805269 a       814     1    12     2    14
      0.2260044081 a       815     1    12     2    15
      0.0638290354 a       816     1    12     2    16
     -0.4428252495 a       817     1    12     2    17
     -0.3304260584 a       818     1    12     2    18
      0.4779204068 a       819     1    12     2    19
      0.3396281158 a       820     1    12     2    20
     -0.0215529237 a       821     1    13     2     1
      0.1575334531 a       822     1    13     2     2
      0.1455474587 a       823     1    13     2     3
      0.0074097722 a       824     1    13     2     4
     -0.1893127311 a       825     1    13     2     5
      0.1715458535 a       826     1    13     2     6
      0.2647168623 a       827     1    13     2     7
     -0.4098465572 a       828     1    13     2     8
     -0.3936430763 a       829     1    13     2     9
      0.0031026347 a       830     1    13     2    10
      0.5564040871 a       831     1    13     2    11
     -0.4543713990 a       832     1    13     2    12
      0.0241452219 a       833     1    13     2    13
     -0.2403493332 a       834     1    13     2    14
      0.1897751452 a       835     1    13     2    15
      0.6324026434 a       836     1    13     2    16
     -0.3548267330 a       837     1    13     2    17
     -0.3787654402 a       838     1    13     2    18
      0.1034617744 a       839     1    13     2    19
     -0.3409179556 a       840     1    13     2    20
     -0.3135542467 a       841     1    14     2     1
      0.1141179663 a       842     1    14     2     2
     -0.0065158121 a       843     1    14     2     3
      0.4969372034 a       844     1    14     2     4
      0.2440984508 a       845     1    14     2     5
     -0.7396280093 a       846     1    14     2     6
      0.2056889519 a       847     1    14     2     7
     -0.3391911587 a       848     1    14     2     8
     -0.5150892864 a       849     1    14     2     9
     -0.0729573485 a       850     1    14     2    10
      0.0159689049 a       851     1    14     2    11
      0.4285584729 a       852     1    14     2    12
      0.0997542341 a       853     1    14     2    13
      0.2623788729 a       854     1    14     2    14
      0.3030600231 a       855     1    14     2    15
      0.3049271883 a       856     1    14     2    16
     -0.4775461827 a       857     1    14     2    17
      0.4239785537 a       858     1    14     2    18
      0.2133856788 a       859     1    14     2    19
      0.3179985886 a       860     1    14     2    20
      0.4703686728 a       861     1    15     2     1
      0.3005166659 a       862     1    15     2     2
      0.5014481833 a       863     1    15     2     3
     -0.3370312556 a       864     1    15     2     4
      0.0118074631 a       865     1    15     2     5
      0.5329949803 a       866     1    15     2     6
     -0.4815849289 a       867     1    15     2     7
     -0.3410304855 a       868     1    15     2     8
      0.4144671978 a       869     1    15     2     9
     -0.5096393442 a       870     1    15     2    10
      0.3211792516 a       871     1    15     2    11
      0.4020866130 a       872     1    15     2    12
      0.5351850779 a       873     1    15     2    13
     -0.5358733787 a       874     1    15     2    14
     -0.0746764860 a       875     1    15     2    15
     -0.0194041124 a       876     1    15     2    16
     -0.0811339831 a       877     1    15     2    17
      0.4818151289 a       878     1    15     2    18
     -0.4035266406 a       879     1    15     2    19
      0.0788145653 a       880     1    15     2    20
      0.4221365471 a       881     1    16     2     1
     -0.0749878457 a       882     1    16     2     2
     -0.4599904479 a       883     1    16     2     3
     -0.3329348970 a       884     1    16     2     4
      0.1484726744 a       885     1    16     2     5
     -0.4956282669 a       886     1    16     2     6
      0.2968169653 a       887     1    16     2     7
     -0.4908453796 a       888     1    16     2     8
      0.4113798168 a       889     1    16     2     9
      0.0277873380 a       890     1    16     2    10
      0.2474132426 a       891     1    16     2    11
     -0.2796762007 a       892     1    16     2    12
      0.2194196306 a       893     1    16     2    13
     -0.2118038886 a       894     1    16     2    14
     -0.5463987036 a       895     1    16     2    15
      0.6039472056 a       896     1    16     2    16
     -0.3504647574 a       897     1    16     2    17
     -0.0208819379 a       898     1    16     2    18
      0.2376968173 a       899     1    16     2    19
      0.0367852906 a       900     1    16     2    20
      0.0625055579 a       901     1    17     2     1
     -0.5744653806 a       902     1    17     2     2
     -0.0842557004 a       903     1    17     2     3
     -0.3738312057 a       904     1    17     2     4
      0.4340041380 a       905     1    17     2     5
     -0.2672653021 a       906     1    17     2     6
      0.2657637780 a       907     1    17     2     7
      0.4207664668 a       908     1    17     2     8
      0.3929671108 a       909     1    17     2     9
      0.0966315904 a       910     1    17     2    10
     -0.6714036268 a       911     1    17     2    11
     -0.1000411927 a       912     1    17     2    12
     -0.1893960693 a       913     1    17     2    13
     -0.3987048997 a       914     1    17     2    14
     -0.2163790837 a       915     1    17     2    15
      0.0308603818 a       916     1    17     2    16
     -0.2733332962 a       917     1    17     2    17
      0.4526894284 a       918     1    17     2    18
      0.5826603509 a       919     1    17     2    19
     -0.2595025282 a       920     1    17     2    20
     -0.2218219121 a       921     1    18     2     1
      0.5384792073 a       922     1    18     2     2
      0.5358789941 a       923     1    18     2     3
      0.2655950614 a       924     1    18     2     4
     -0.3311778855 a       925     1    18     2     5
     -0.1080131361 a       926     1    18     2     6
     -0.1594982152 a       927     1    18     2     7
     -0.3269243389 a       928     1    18     2     8
     -0.3452325980 a       929     1    18     2     9
     -0.2495312859 a       930     1    18     2    10
     -0.2185134602 a       931     1    18     2    11
      0.4200372746 a       932     1    18     2    12
     -0.5348986051 a       933     1    18     2    13
     -0.4002971462 a       934     1    18     2    14
      0.0781619334 a       935     1    18     2    15
     -0.0803482339 a       936     1    18     2    16
      0.4745360487 a       937     1    18     2    17
     -0.3058303251 a       938     1    18     2    18
      0.5294349009 a       939     1    18     2    19
      0.4778813993 a       940     1    18     2    20
      0.4163659540 a       941     1    19     2     1
     -0.3304418152 a       942     1    19     2     2
      0.1964869965 a       943     1    19     2     3
      0.2163042015 a       944     1    19     2     4
      0.4166958396 a       945     1    19     2     5
     -0.0009753706 a       946     1    19     2     6
     -0.1256019985 a       947     1    19     2     7
      0.2359281148 a       948     1    19     2     8
     -0.1120396085 a       949     1    19     2     9
     -0.4500972717 a       950     1    19     2    10
      0.5567548547 a       951     1    19     2    11
      0.3583107792 a       952     1    19     2    12
     -0.0803869866 a       953     1    19     2    13
     -0.4387541029 a       954     1    19     2    14
      0.1993512676 a       955     1    19     2    15
     -0.2166556263 a       956     1    19     2    16
     -0.5719030944 a       957     1    19     2    17
      0.0098064779 a       958     1    19     2    18
     -0.4318544372 a       959     1    19     2    19
      0.3433415634 a       960     1    19     2    20
      0.4498149770 a       961     1    20     2     1
     -0.1844816191 a       962     1    20     2     2
     -0.3434813128 a       963     1    20     2     3
      0.0614094425 a       964     1    20     2     4
      0.3555395923 a       965     1    20     2     5
     -0.3139647206 a       966     1    20     2     6
     -0.4808942646 a       967     1    20     2     7
      0.0798722051 a       968     1    20     2     8
     -0.1628559574 a       969     1    20     2     9
      0.5054863034 a       970     1    20     2    10
     -0.0745005735 a       971     1    20     2    11
      0.4137709854 a       972     1    20     2    12
      0.1103792074 a       973     1    20     2    13
     -0.5107860588 a       974     1    20     2    14
      0.6379178632 a       975     1    20     2    15
     -0.3044754628 a       976     1    20     2    16
      0.3152244523 a       977     1    20     2    17
     -0.2446268491 a       978     1    20     2    18
      0.0893322871 a       979     1    20     2    19
     -0.4809866620 a       980     1    20     2    20
      1.5765618585 b       981     2     1
      0.4911782812 b       982     2     2
      1.2694801021 b       983     2     3
      0.6510743879 b       984     2     4
      0.7594727371 b       985     2     5
     -0.3597582490 b       986     2     6
     -1.4291436091 b       987     2     7
     -0.6786783948 b       988     2     8
     -0.8171923460 b       989     2     9
      0.4964035310 b       990     2    10
      1.1677430176 b       991     2    11
      0.2114273447 b       992     2    12
     -0.3663951053 b       993     2    13
      1.6225640870 b       994     2    14
     -0.6788220401 b       995     2    15
      1.5895909021 b       996     2    16
      1.5912547532 b       997     2    17
     -0.7043139065 b       998     2    18
     -0.3166929851 b       999     2    19
     -0.3723062739 b      1000     2    20
      0.0284319512 a      1001     2     1     3     1
     -0.0060131682 a      1002     2     2     3     1
     -0.0065413881 a      1003     2     3     3     1
      0.0226151946 a      1004     2     4     3     1
     -0.0087798684 a      1005     2     5     3     1
      0.0099632876 a      1006     2     6     3     1
      0.0024836923 a      1007     2     7     3     1
     -0.0121145786 a      1008     2     8     3     1
     -0.0026010046 a      1009     2     9     3     1
      0.0161726187 a      1010     2    10     3     1
     -0.0015546895 a      1011     2    11     3     1
     -0.0014728634 a      1012     2    12     3     1
      0.0094060046 a      1013     2    13     3     1
     -0.0162452127 a      1014     2    14     3     1
     -0.0076188660 a      1015     2    15     3     1
     -0.0199083478 a      1016     2    16     3     1
     -0.0064391493 a      1017     2    17     3     1
      0.0267456486 a      1018     2    18     3     1
      0.0145239917 a      1019     2    19     3     1
     -0.0027594758 a      1020     2    20     3     1
     19.6781147586 b      1021     3     1
