     -0.9232502206 a         1     0     1     1     1
     -0.1372926986 a         2     0     1     1     2
      0.4130499588 a         3     0     1     1     3
      0.5874523190 a         4     0     1     1     4
      0.9232984625 a         5     0     1     1     5
     -0.7647275912 a         6     0     1     1     6
      0.8234622540 a         7     0     1     1     7
     -0.7015263033 a         8     0     1     1     8
      0.4284832284 a         9     0     1     1     9
     -0.3010429885 a        10     0     1     1    10
      0.4504985053 a        11     0     1     1    11
     -0.9387435438 a        12     0     1     1    12
      0.8611406615 a        13     0     1     1    13
      0.5466473472 a        14     0     1     1    14
      0.2069604611 a        15     0     1     1    15
     -0.5675831097 a        16     0     2     1     1
     -0.8247686939 a        17     0     2     1     2
     -0.5924806032 a        18     0     2     1     3
     -0.7973482030 a        19     0     2     1     4
     -0.8756822587 a        20     0     2     1     5
      0.6047469700 a        21     0     2     1     6
      0.4583961843 a        22     0     2     1     7
     -0.8044594913 a        23     0     2     1     8
      0.5908526368 a        24     0     2     1     9
     -0.2206968718 a        25     0     2     1    10
     -0.9285475741 a        26     0     2     1    11
      0.6428666270 a        27     0     2     1    12
      0.7967810911 a        28     0     2     1    13
      0.1861809857 a        29     0     2     1    14
     -0.3393691137 a        30     0     2     1    15
     -0.5354585981 a        31     0     3     1     1
     -0.8118827327 a        32     0     3     1     2
      0.7503162384 a        33     0     3     1     3
      0.7788501799 a        34     0     3     1     4
     -0.2764108069 a        35     0     3     1     5
     -0.1088546431 a        36     0     3     1     6
     -0.4130263635 a        37     0     3     1     7
      0.8357475238 a        38     0     3     1     8
     -0.9603894156 a        39     0     3     1     9
     -0.0697715137 a        40     0     3     1    10
      0.7866749075 a        41     0     3     1    11
      0.9913063679 a        42     0     3     1    12
      0.6705526719 a        43     0     3     1    13
      0.9914273186 a        44     0     3     1    14
     -0.0353268971 a        45     0     3     1    15
     -0.9263270760 a        46     0     4     1     1
     -0.2646587243 a        47     0     4     1     2
      0.0814980236 a        48     0     4     1     3
      0.5505153981 a        49     0     4     1     4
      0.0077638499 a        50     0     4     1     5
     -0.4352255416 a        51     0     4     1     6
      0.2425749070 a        52     0     4     1     7
     -0.2788841493 a        53     0     4     1     8
      0.2754662729 a        54     0     4     1     9
     -0.4295916257 a        55     0     4     1    10
     -0.9281785927 a        56     0     4     1    11
     -0.6057494659 a        57     0     4     1    12
      0.4350631956 a        58     0     4     1    13
     -0.5847183184 a        59     0     4     1    14
     -0.0371161697 a        60     0     4     1    15
      0.1237098061 a        61     0     5     1     1
      0.5041330160 a        62     0     5     1     2
      0.6378903518 a        63     0     5     1     3
      0.2684553582 a        64     0     5     1     4
      0.0327574222 a        65     0     5     1     5
     -0.4366292072 a        66     0     5     1     6
     -0.8955254498 a        67     0     5     1     7
      0.8059506131 a        68     0     5     1     8
     -0.0014864771 a        69     0     5     1     9
     -0.2599952177 a        70     0     5     1    10
     -0.5772113116 a        71     0     5     1    11
     -0.4253973192 a        72     0     5     1    12
      0.1188539052 a        73     0     5     1    13
      0.8005402793 a        74     0     5     1    14
     -0.0736304764 a        75     0     5     1    15
      0.8784612907 a        76     0     6     1     1
     -0.8697952859 a        77     0     6     1     2
     -0.9124048922 a        78     0     6     1     3
     -0.5779288124 a        79     0     6     1     4
      0.2442740760 a        80     0     6     1     5
     -0.5637678673 a        81     0     6     1     6
     -0.6291592480 a        82     0     6     1     7
      0.2829401850 a        83     0     6     1     8
     -0.7651928519 a        84     0     6     1     9
      0.5851161757 a        85     0     6     1    10
     -0.2813669618 a        86     0     6     1    11
      0.4696206789 a        87     0     6     1    12
     -0.7239655481 a        88     0     6     1    13
      0.4822741538 a        89     0     6     1    14
      0.6586243426 a        90     0     6     1    15
     -0.7086932593 a        91     0     7     1     1
     -0.8015693215 a        92     0     7     1     2
      0.8165356779 a        93     0     7     1     3
     -0.5879172454 a        94     0     7     1     4
      0.2675942712 a        95     0     7     1     5
      0.3345021210 a        96     0     7     1     6
     -0.3805844678 a        97     0     7     1     7
     -0.4903594015 a        98     0     7     1     8
      0.0733945026 a        99     0     7     1     9
     -0.5084336743 a       100     0     7     1    10
     -0.6018613780 a       101     0     7     1    11
     -0.5079939792 a       102     0     7     1    12
      0.1807837584 a       103     0     7     1    13
     -0.8924810938 a       104     0     7     1    14
      0.7919252480 a       105     0     7     1    15
     -0.0179719233 a       106     0     8     1     1
      0.5316099493 a       107     0     8     1     2
      0.9263738476 a       108     0     8     1     3
     -0.7582418355 a       109     0     8     1     4
      0.5204096638 a       110     0     8     1     5
      0.9763562837 a       111     0     8     1     6
     -0.5945128716 a       112     0     8     1     7
     -0.1203959584 a       113     0     8     1     8
     -0.6290844653 a       114     0     8     1     9
     -0.5478769713 a       115     0     8     1    10
      0.2816517635 a       116     0     8     1    11
     -0.1541657767 a       117     0     8     1    12
     -0.4692248852 a       118     0     8     1    13
      0.7654566425 a       119     0     8     1    14
     -0.5207834513 a       120     0     8     1    15
      0.0596832024 a       121     0     9     1     1
      0.9650732189 a       122     0     9     1     2
      0.0239712824 a       123     0     9     1     3
      0.5601045783 a       124     0     9     1     4
      0.5266101058 a       125     0     9     1     5
     -0.3834036060 a       126     0     9     1     6
     -0.3934476103 a       127     0     9     1     7
      0.6993435853 a       128     0     9     1     8
      0.0317164323 a       129     0     9     1     9
      0.1392559463 a       130     0     9     1    10
     -0.0061337563 a       131     0     9     1    11
     -0.4368370173 a       132     0     9     1    12
      0.9487500416 a       133     0     9     1    13
      0.0567290082 a       134     0     9     1    14
      0.2699665084 a       135     0     9     1    15
     -0.7185384297 a       136     0    10     1     1
     -0.1109945380 a       137     0    10     1     2
      0.8412372019 a       138     0    10     1     3
      0.3461676265 a       139     0    10     1     4
      0.1080545535 a       140     0    10     1     5
     -0.7485085156 a       141     0    10     1     6
     -0.5663115331 a       142     0    10     1     7
      0.7907477082 a       143     0    10     1     8
      0.5783444139 a       144     0    10     1     9
     -0.0383735777 a       145     0    10     1    10
      0.2655386100 a       146     0    10     1    11
      0.2431211568 a       147     0    10     1    12
      0.0080336074 a       148     0    10     1    13
     -0.2338226537 a       149     0    10     1    14
      0.2055118561 a       150     0    10     1    15
      0.4079265186 a       151     0    11     1     1
     -0.7914949174 a       152     0    11     1     2
     -0.7220787891 a       153     0    11     1     3
      0.0092789430 a       154     0    11     1     4
      0.8334824771 a       155     0    11     1     5
     -0.8846167539 a       156     0    11     1     6
      0.0356790991 a       157     0    11     1     7
     -0.4393694971 a       158     0    11     1     8
      0.2829176769 a       159     0    11     1     9
      0.8800071672 a       160     0    11     1    10
     -0.6054905122 a       161     0    11     1    11
     -0.6267684822 a       162     0    11     1    12
      0.1661662180 a       163     0    11     1    13
     -0.5699641084 a       164     0    11     1    14
     -0.5179624338 a       165     0    11     1    15
      0.1834309909 a       166     0    12     1     1
     -0.0117240392 a       167     0    12     1     2
      0.8313137530 a       168     0    12     1     3
      0.3033395767 a       169     0    12     1     4
     -0.8498195938 a       170     0    12     1     5
      0.3170031076 a       171     0    12     1     6
     -0.6466025391 a       172     0    12     1     7
     -0.9725018651 a       173     0    12     1     8
     -0.1133329796 a       174     0    12     1     9
      0.0166781620 a       175     0    12     1    10
      0.8392098808 a       176     0    12     1    11
      0.1399996629 a       177     0    12     1    12
      0.4840834838 a       178     0    12     1    13
      0.4421082020 a       179     0    12     1    14
      0.4309996385 a       180     0    12     1    15
     -0.8051697577 a       181     0    13     1     1
      0.7202624428 a       182     0    13     1     2
      0.3357359262 a       183     0    13     1     3
      0.5236408524 a       184     0    13     1     4
      0.7622813583 a       185     0    13     1     5
      0.5087700647 a       186     0    13     1     6
      0.8052406631 a       187     0    13     1     7
     -0.5435800290 a       188     0    13     1     8
      0.0179591006 a       189     0    13     1     9
      0.6357848051 a       190     0    13     1    10
     -0.7299771565 a       191     0    13     1    11
     -0.6409696174 a       192     0    13     1    12
      0.7760059949 a       193     0    13     1    13
     -0.7799013677 a       194     0    13     1    14
      0.4722914948 a       195     0    13     1    15
      0.7825526171 a       196     0    14     1     1
      0.6859068266 a       197     0    14     1     2
     -0.9433961705 a       198     0    14     1     3
     -0.0956723095 a       199     0    14     1     4
     -0.0018895296 a       200     0    14     1     5
     -0.1439968365 a       201     0    14     1     6
      0.8312574902 a       202     0    14     1     7
     -0.6705114645 a       203     0    14     1     8
      0.1232445725 a       204     0    14     1     9
      0.6931328982 a       205     0    14     1    10
     -0.1184138712 a       206     0    14     1    11
     -0.7104700162 a       207     0    14     1    12
     -0.5490113235 a       208     0    14     1    13
      0.1700503293 a       209     0    14     1    14
     -0.5873250857 a       210     0    14     1    15
      0.4591969786 a       211     0    15     1     1
     -0.9436737561 a       212     0    15     1     2
      0.7426555944 a       213     0    15     1     3
      0.0275214906 a       214     0    15     1     4
      0.3464209068 a       215     0    15     1     5
     -0.5257696037 a       216     0    15     1     6
      0.2679556776 a       217     0    15     1     7
     -0.3733306955 a       218     0    15     1     8
     -0.8176208641 a       219     0    15     1     9
      0.8477079983 a       220     0    15     1    10
     -0.6064888687 a       221     0    15     1    11
     -0.0388559073 a       222     0    15     1    12
      0.3782165186 a       223     0    15     1    13
      0.0753669961 a       224     0    15     1    14
      0.1030805951 a       225     0    15     1    15
     -0.9416569186 a       226     0    16     1     1
     -0.1079668053 a       227     0    16     1     2
     -0.5289348048 a       228     0    16     1     3
      0.5170379964 a       229     0    16     1     4
     -0.3048386789 a       230     0    16     1     5
      0.3832623145 a       231     0    16     1     6
      0.8334589816 a       232     0    16     1     7
      0.7155995441 a       233     0    16     1     8
      0.1264254584 a       234     0    16     1     9
     -0.9935583031 a       235     0    16     1    10
     -0.1922397899 a       236     0    16     1    11
     -0.1932970567 a       237     0    16     1    12
     -0.7429442342 a       238     0    16     1    13
     -0.3147354931 a       239     0    16     1    14
      0.0261804371 a       240     0    16     1    15
     -0.4713815117 a       241     0    17     1     1
      0.7721568409 a       242     0    17     1     2
      0.9558865763 a       243     0    17     1     3
     -0.4324188267 a       244     0    17     1     4
     -0.3509802952 a       245     0    17     1     5
      0.9073345781 a       246     0    17     1     6
      0.8616847347 a       247     0    17     1     7
      0.4440561747 a       248     0    17     1     8
     -0.3858874852 a       249     0    17     1     9
     -0.1283253782 a       250     0    17     1    10
     -0.2386074748 a       251     0    17     1    11
     -0.6182790026 a       252     0    17     1    12
     -0.6619046860 a       253     0    17     1    13
     -0.3951155497 a       254     0    17     1    14
     -0.3217551724 a       255     0    17     1    15
      0.8173899475 a       256     0    18     1     1
     -0.6728537753 a       257     0    18     1     2
     -0.7171577868 a       258     0    18     1     3
      0.1252833081 a       259     0    18     1     4
     -0.0970056984 a       260     0    18     1     5
      0.8133828259 a       261     0    18     1     6
     -0.5118538148 a       262     0    18     1     7
      0.8629446518 a       263     0    18     1     8
      0.8028452805 a       264     0    18     1     9
      0.6859415509 a       265     0    18     1    10
     -0.5511197091 a       266     0    18     1    11
      0.3322437246 a       267     0    18     1    12
      0.3521446218 a       268     0    18     1    13
      0.4883047259 a       269     0    18     1    14
     -0.0000244769 a       270     0    18     1    15
     -0.1753282327 a       271     0    19     1     1
      0.4751047437 a       272     0    19     1     2
     -0.2022395292 a       273     0    19     1     3
     -0.7082960977 a       274     0    19     1     4
      0.8232247925 a       275     0    19     1     5
      0.7062889425 a       276     0    19     1     6
     -0.0913167211 a       277     0    19     1     7
     -0.8130641098 a       278     0    19     1     8
      0.2952350389 a       279     0    19     1     9
     -0.3057609690 a       280     0    19     1    10
     -0.9836842152 a       281     0    19     1    11
      0.0459625675 a       282     0    19     1    12
     -0.7141257455 a       283     0    19     1    13
      0.5848947068 a       284     0    19     1    14
      0.7355497642 a       285     0    19     1    15
     -0.2788498222 a       286     0    20     1     1
     -0.5122644786 a       287     0    20     1     2
      0.1205062055 a       288     0    20     1     3
      0.4018524198 a       289     0    20     1     4
     -0.3908036390 a       290     0    20     1     5
     -0.7184227253 a       291     0    20     1     6
      0.1667170770 a       292     0    20     1     7
     -0.3121150398 a       293     0    20     1     8
      0.7805485655 a       294     0    20     1     9
     -0.1055017808 a       295     0    20     1    10
      0.7918494663 a       296     0    20     1    11
      0.1822359531 a       297     0    20     1    12
     -0.9552267462 a       298     0    20     1    13
      0.9822135886 a       299     0    20     1    14
     -0.4449942615 a       300     0    20     1    15
      0.5521936457 a       301     0    21     1     1
     -0.4056272837 a       302     0    21     1     2
      0.1754490870 a       303     0    21     1     3
     -0.8134748522 a       304     0    21     1     4
      0.9769891717 a       305     0    21     1     5
      0.3043218247 a       306     0    21     1     6
      0.7944249586 a       307     0    21     1     7
      0.3932862140 a       308     0    21     1     8
      0.4591595089 a       309     0    21     1     9
     -0.2208688156 a       310     0    21     1    10
     -0.8833352859 a       311     0    21     1    11
     -0.3915440558 a       312     0    21     1    12
     -0.5053232184 a       313     0    21     1    13
      0.3103429567 a       314     0    21     1    14
      0.7122406009 a       315     0    21     1    15
      0.1407582450 a       316     0    22     1     1
     -0.2074788107 a       317     0    22     1     2
      0.9991491404 a       318     0    22     1     3
     -0.4271470927 a       319     0    22     1     4
      0.9736832006 a       320     0    22     1     5
      0.9873612048 a       321     0    22     1     6
     -0.4246219177 a       322     0    22     1     7
     -0.1936032492 a       323     0    22     1     8
     -0.2290489627 a       324     0    22     1     9
      0.5300295265 a       325     0    22     1    10
     -0.3295683582 a       326     0    22     1    11
     -0.4507596543 a       327     0    22     1    12
      0.2581462703 a       328     0    22     1    13
     -0.4203054513 a       329     0    22     1    14
     -0.2004453547 a       330     0    22     1    15
     -0.5916493781 a       331     0    23     1     1
      0.7696526491 a       332     0    23     1     2
     -0.0029824290 a       333     0    23     1     3
      0.6081584124 a       334     0    23     1     4
     -0.9739924549 a       335     0    23     1     5
      0.0285469217 a       336     0    23     1     6
      0.8488053816 a       337     0    23     1     7
      0.2368584318 a       338     0    23     1     8
     -0.1725760225 a       339     0    23     1     9
      0.0174146146 a       340     0    23     1    10
     -0.0032960758 a       341     0    23     1    11
     -0.8931785335 a       342     0    23     1    12
      0.6851247213 a       343     0    23     1    13
      0.4905992793 a       344     0    23     1    14
     -0.9454272695 a       345     0    23     1    15
     -0.0815158683 a       346     0    24     1     1
      0.9848010698 a       347     0    24     1     2
      0.1179514588 a       348     0    24     1     3
     -0.7930240535 a       349     0    24     1     4
     -0.4191983803 a       350     0    24     1     5
      0.5226311185 a       351     0    24     1     6
     -0.2362185640 a       352     0    24     1     7
      0.4006053849 a       353     0    24     1     8
     -0.6313459741 a       354     0    24     1     9
      0.0307389964 a       355     0    24     1    10
     -0.1261710242 a       356     0    24     1    11
      0.1181459556 a       357     0    24     1    12
     -0.6476302907 a       358     0    24     1    13
     -0.2177544688 a       359     0    24     1    14
      0.3609805656 a       360     0    24     1    15
      0.0515104035 a       361     0    25     1     1
      0.2430589392 a       362     0    25     1     2
     -0.8242021226 a       363     0    25     1     3
     -0.5766657516 a       364     0    25     1     4
     -0.1857399301 a       365     0    25     1     5
     -0.5095640410 a       366     0    25     1     6
      0.5175351048 a       367     0    25     1     7
      0.2093088120 a       368     0    25     1     8
     -0.4306875616 a       369     0    25     1     9
     -0.7537054340 a       370     0    25     1    10
     -0.9241961684 a       371     0    25     1    11
      0.2401872187 a       372     0    25     1    12
      0.7575908860 a       373     0    25     1    13
     -0.2082612272 a       374     0    25     1    14
     -0.4396429033 a       375     0    25     1    15
      0.6151765635 a       376     0    26     1     1
     -0.6994178902 a       377     0    26     1     2
      0.1225012946 a       378     0    26     1     3
      0.0729305598 a       379     0    26     1     4
      1.0108958708 a       380     0    26     1     5
     -0.4757112065 a       381     0    26     1     6
      0.5038841190 a       382     0    26     1     7
      0.3923600110 a       383     0    26     1     8
     -0.2946336769 a       384     0    26     1     9
      0.6544893893 a       385     0    26     1    10
     -0.1523211967 a       386     0    26     1    11
     -0.0339204057 a       387     0    26     1    12
      0.7778354691 a       388     0    26     1    13
      0.7899818571 a       389     0    26     1    14
     -0.0540586123 a       390     0    26     1    15
      0.3173554406 a       391     0    27     1     1
      0.9455258634 a       392     0    27     1     2
      0.9000283770 a       393     0    27     1     3
      0.2723983026 a       394     0    27     1     4
      0.2779128387 a       395     0    27     1     5
     -0.8705330987 a       396     0    27     1     6
     -0.6704407888 a       397     0    27     1     7
     -0.2341681690 a       398     0    27     1     8
      0.1581464038 a       399     0    27     1     9
     -0.4230002272 a       400     0    27     1    10
     -0.7388731379 a       401     0    27     1    11
     -0.1140587907 a       402     0    27     1    12
      0.2439523780 a       403     0    27     1    13
      0.3744584303 a       404     0    27     1    14
      0.0518276279 a       405     0    27     1    15
     -0.0257375216 a       406     0    28     1     1
     -0.6626712589 a       407     0    28     1     2
     -0.5523841892 a       408     0    28     1     3
     -0.5589008139 a       409     0    28     1     4
      0.4701449008 a       410     0    28     1     5
     -0.4612634485 a       411     0    28     1     6
      0.6182285010 a       412     0    28     1     7
     -0.4347909092 a       413     0    28     1     8
      0.0845465997 a       414     0    28     1     9
      0.4722874185 a       415     0    28     1    10
     -0.6713356259 a       416     0    28     1    11
     -0.5705100417 a       417     0    28     1    12
      0.6921099760 a       418     0    28     1    13
     -0.9228056126 a       419     0    28     1    14
      0.2571608880 a       420     0    28     1    15
      0.9324663943 a       421     0    29     1     1
     -0.7378629380 a       422     0    29     1     2
     -0.9007704033 a       423     0    29     1     3
     -0.7045819422 a       424     0    29     1     4
      0.4648460827 a       425     0    29     1     5
     -0.2001790643 a       426     0    29     1     6
     -0.4227311539 a       427     0    29     1     7
      0.7054069406 a       428     0    29     1     8
     -0.9119255931 a       429     0    29     1     9
      0.3533536720 a       430     0    29     1    10
     -0.8875331893 a       431     0    29     1    11
      0.3502701432 a       432     0    29     1    12
     -0.2301189347 a       433     0    29     1    13
     -0.7803485783 a       434     0    29     1    14
     -0.6290237586 a       435     0    29     1    15
     -0.0775899114 a       436     0    30     1     1
     -0.6070476960 a       437     0    30     1     2
     -0.0503938247 a       438     0    30     1     3
     -0.7138747743 a       439     0    30     1     4
     -0.6710996029 a       440     0    30     1     5
     -0.1112374387 a       441     0    30     1     6
     -0.5031743555 a       442     0    30     1     7
     -0.1247974509 a       443     0    30     1     8
     -0.7549246208 a       444     0    30     1     9
     -0.3331312681 a       445     0    30     1    10
     -0.4890369318 a       446     0    30     1    11
      0.7760978925 a       447     0    30     1    12
     -0.1384099821 a       448     0    30     1    13
      0.7170644325 a       449     0    30     1    14
      1.0039238703 a       450     0    30     1    15
      0.9033003208 b       451     1     1
     -0.0734288605 b       452     1     2
      0.4262310822 b       453     1     3
     -0.3474928359 b       454     1     4
      0.3187615777 b       455     1     5
     -1.0159382394 b       456     1     6
     -0.6291046349 b       457     1     7
      0.2907394885 b       458     1     8
      1.0856795239 b       459     1     9
     -0.9578505787 b       460     1    10
      0.8010646260 b       461     1    11
     -0.3434279708 b       462     1    12
      0.8132841007 b       463     1    13
     -0.6225964480 b       464     1    14
     -0.9606118609 b       465     1    15
     -0.3407974017 a       466     1     1     2     1
     -0.8532782351 a       467     1     1     2     2
     -0.9563616843 a       468     1     1     2     3
     -0.1653488043 a       469     1     1     2     4
      0.5963693736 a       470     1     1     2     5
      0.2220823851 a       471     1     1     2     6
      0.2090843372 a       472     1     1     2     7
      0.9969589427 a       473     1     1     2     8
     -0.3185362808 a       474     1     1     2     9
      0.6585803660 a       475     1     1     2    10
      1.0082692195 a       476     1     1     2    11
     -0.9343426360 a       477     1     1     2    12
     -0.2073446909 a       478     1     1     2    13
      0.2139354825 a       479     1     1     2    14
      0.3333476560 a       480     1     1     2    15
     -0.3355432847 a       481     1     2     2     1
     -0.4726581631 a       482     1     2     2     2
      0.8215050312 a       483     1     2     2     3
      0.3721519258 a       484     1     2     2     4
      0.8213532625 a       485     1     2     2     5
     -0.5876312355 a       486     1     2     2     6
     -0.5804616269 a       487     1     2     2     7
     -0.5518015489 a       488     1     2     2     8
     -0.0382252604 a       489     1     2     2     9
     -0.9648816583 a       490     1     2     2    10
     -0.2593138097 a       491     1     2     2    11
     -0.2199733304 a       492     1     2     2    12
      0.0264859711 a       493     1     2     2    13
     -0.4373484857 a       494     1     2     2    14
      0.4724564088 a       495     1     2     2    15
     -0.8388010663 a       496     1     3     2     1
     -0.4112915301 a       497     1     3     2     2
     -0.5698274291 a       498     1     3     2     3
     -0.6716413748 a       499     1     3     2     4
      0.3875644434 a       500     1     3     2     5
      0.2662643036 a       501     1     3     2     6
      0.5381428179 a       502     1     3     2     7
     -0.8381036775 a       503     1     3     2     8
      0.7827793942 a       504     1     3     2     9
      0.9392357107 a       505     1     3     2    10
      0.8216438217 a       506     1     3     2    11
     -0.0380647089 a       507     1     3     2    12
     -0.5508870519 a       508     1     3     2    13
     -0.2370411204 a       509     1     3     2    14
     -0.0562952017 a       510     1     3     2    15
     -0.8112504329 a       511     1     4     2     1
      0.3145822127 a       512     1     4     2     2
     -0.7262899148 a       513     1     4     2     3
      0.5380363937 a       514     1     4     2     4
      0.8736733326 a       515     1     4     2     5
     -0.2641012610 a       516     1     4     2     6
     -0.5511983822 a       517     1     4     2     7
     -0.8002854859 a       518     1     4     2     8
      0.6765923760 a       519     1     4     2     9
      0.8861379744 a       520     1     4     2    10
     -0.8664851885 a       521     1     4     2    11
      0.7824385535 a       522     1     4     2    12
     -0.8135925266 a       523     1     4     2    13
     -0.7507160165 a       524     1     4     2    14
     -0.1658808202 a       525     1     4     2    15
     -0.4647020318 a       526     1     5     2     1
      0.6042068301 a       527     1     5     2     2
     -0.9018700073 a       528     1     5     2     3
      0.0295459093 a       529     1     5     2     4
      0.7310754092 a       530     1     5     2     5
     -0.0272567091 a       531     1     5     2     6
     -0.1758141421 a       532     1     5     2     7
      0.2313035711 a       533     1     5     2     8
     -0.3161291636 a       534     1     5     2     9
      0.7708700795 a       535     1     5     2    10
     -0.6592913474 a       536     1     5     2    11
     -0.6272344262 a       537     1     5     2    12
      0.4366075739 a       538     1     5     2    13
     -0.6230015808 a       539     1     5     2    14
     -0.0265520225 a       540     1     5     2    15
      0.6404176724 a       541     1     6     2     1
      0.0219237687 a       542     1     6     2     2
      0.5037937071 a       543     1     6     2     3
      0.4228627857 a       544     1     6     2     4
      0.8224580240 a       545     1     6     2     5
     -0.1740892086 a       546     1     6     2     6
     -0.1073170954 a       547     1     6     2     7
      0.1872753736 a       548     1     6     2     8
      0.5601309758 a       549     1     6     2     9
      0.5175638281 a       550     1     6     2    10
     -0.3393473170 a       551     1     6     2    11
      0.3694677099 a       552     1     6     2    12
     -0.8819068366 a       553     1     6     2    13
     -0.5207875429 a       554     1     6     2    14
      0.4873925047 a       555     1     6     2    15
      0.4382319250 a       556     1     7     2     1
     -0.8104428411 a       557     1     7     2     2
     -0.5317718896 a       558     1     7     2     3
     -0.9602812279 a       559     1     7     2     4
      0.8519016033 a       560     1     7     2     5
      0.2289201565 a       561     1     7     2     6
     -0.8757069668 a       562     1     7     2     7
      0.9313162661 a       563     1     7     2     8
     -0.4470144012 a       564     1     7     2     9
     -0.1084602748 a       565     1     7     2    10
      0.7960704145 a       566     1     7     2    11
     -0.2488498479 a       567     1     7     2    12
     -0.3780477603 a       568     1     7     2    13
      0.1630281838 a       569     1     7     2    14
      0.0477653447 a       570     1     7     2    15
     -0.0707145034 a       571     1     8     2     1
     -0.8898453252 a       572     1     8     2     2
     -0.0438629020 a       573     1     8     2     3
      0.4566333758 a       574     1     8     2     4
      0.0672820602 a       575     1     8     2     5
     -0.4017163595 a       576     1     8     2     6
      0.5773538405 a       577     1     8     2     7
      0.3524267653 a       578     1     8     2     8
      0.8459330636 a       579     1     8     2     9
      0.4885846733 a       580     1     8     2    10
     -0.5431607418 a       581     1     8     2    11
     -0.5018560918 a       582     1     8     2    12
     -0.2592475226 a       583     1     8     2    13
     -0.7588952504 a       584     1     8     2    14
      0.5880211958 a       585     1     8     2    15
      0.4561134296 a       586     1     9     2     1
      0.1517298677 a       587     1     9     2     2
      0.2645017463 a       588     1     9     2     3
      0.9628233832 a       589     1     9     2     4
     -0.0552219099 a       590     1     9     2     5
      0.9866162348 a       591     1     9     2     6
     -0.2675850293 a       592     1     9     2     7
      0.3816908812 a       593     1     9     2     8
     -0.8244859559 a       594     1     9     2     9
     -0.9291913793 a       595     1     9     2    10
     -0.3478470059 a       596     1     9     2    11
     -0.3306635617 a       597     1     9     2    12
     -0.7290934181 a       598     1     9     2    13
     -0.4942134384 a       599     1     9     2    14
      0.1945151936 a       600     1     9     2    15
     -0.2547465982 a       601     1    10     2     1
     -0.1375483005 a       602     1    10     2     2
     -0.4660637148 a       603     1    10     2     3
      0.5524224556 a       604     1    10     2     4
      0.3146239369 a       605     1    10     2     5
      0.8716335261 a       606     1    10     2     6
      0.9662149961 a       607     1    10     2     7
      0.5827145226 a       608     1    10     2     8
     -0.4728137903 a       609     1    10     2     9
     -0.8365051446 a       610     1    10     2    10
      0.7604406663 a       611     1    10     2    11
      0.4397262091 a       612     1    10     2    12
     -0.7971311227 a       613     1    10     2    13
      0.7406526840 a       614     1    10     2    14
      0.0682851842 a       615     1    10     2    15
     -0.0361221775 a       616     1    11     2     1
     -0.8861152587 a       617     1    11     2     2
     -0.1681795031 a       618     1    11     2     3
     -1.0164650132 a       619     1    11     2     4
      0.4645955413 a       620     1    11     2     5
     -0.0261760064 a       621     1    11     2     6
      0.5053121095 a       622     1    11     2     7
      0.5036221732 a       623     1    11     2     8
     -0.1122465908 a       624     1    11     2     9
      0.2866424406 a       625     1    11     2    10
     -0.8376077924 a       626     1    11     2    11
      0.2206168866 a       627     1    11     2    12
      0.1653780415 a       628     1    11     2    13
      0.5981785308 a       629     1    11     2    14
     -0.7016118660 a       630     1    11     2    15
      0.1354560537 a       631     1    12     2     1
      0.5893489023 a       632     1    12     2     2
      0.4223091700 a       633     1    12     2     3
      0.5918247515 a       634     1    12     2     4
      0.9390357353 a       635     1    12     2     5
      0.5755864219 a       636     1    12     2     6
     -0.0148018003 a       637     1    12     2     7
     -0.7577396159 a       638     1    12     2     8
     -0.5316938853 a       639     1    12     2     9
     -0.5053006992 a       640     1    12     2    10
      0.6798570903 a       641     1    12     2    11
      0.5925855625 a       642     1    12     2    12
      0.8046885134 a       643     1    12     2    13
      0.1192629709 a       644     1    12     2    14
      0.6145815578 a       645     1    12     2    15
      0.7913257545 a       646     1    13     2     1
      0.2176290336 a       647     1    13     2     2
      0.6530691478 a       648     1    13     2     3
     -0.9180201866 a       649     1    13     2     4
     -0.4717992733 a       650     1    13     2     5
     -0.2300145258 a       651     1    13     2     6
     -0.8099812411 a       652     1    13     2     7
     -0.2257388467 a       653     1    13     2     8
      0.4081872495 a       654     1    13     2     9
     -0.3908169029 a       655     1    13     2    10
     -0.0867929552 a       656     1    13     2    11
      0.4860834550 a       657     1    13     2    12
      0.3707546230 a       658     1    13     2    13
      0.0516925797 a       659     1    13     2    14
      0.2181772466 a       660     1    13     2    15
     -0.7639992929 a       661     1    14     2     1
     -0.1370397942 a       662     1    14     2     2
     -0.1960433872 a       663     1    14     2     3
      0.6996755909 a       664     1    14     2     4
     -0.9449905473 a       665     1    14     2     5
      0.1401642323 a       666     1    14     2     6
      0.8592339771 a       667     1    14     2     7
      0.4516908074 a       668     1    14     2     8
     -0.3040587839 a       669     1    14     2     9
      0.7333411121 a       670     1    14     2    10
      0.5279470613 a       671     1    14     2    11
      0.5206965457 a       672     1    14     2    12
      0.6766669882 a       673     1    14     2    13
      0.5187692509 a       674     1    14     2    14
      0.1603647257 a       675     1    14     2    15
     -0.0824147987 a       676     1    15     2     1
     -0.1680761226 a       677     1    15     2     2
     -0.2933866533 a       678     1    15     2     3
     -0.5587149168 a       679     1    15     2     4
      0.2471919363 a       680     1    15     2     5
     -0.8688463453 a       681     1    15     2     6
      0.3314150936 a       682     1    15     2     7
      0.6240709212 a       683     1    15     2     8
      0.9383796216 a       684     1    15     2     9
     -0.4613251322 a       685     1    15     2    10
     -0.2650664213 a       686     1    15     2    11
     -0.3857147501 a       687     1    15     2    12
      0.0576902080 a       688     1    15     2    13
     -0.5282880259 a       689     1    15     2    14
     -0.3056519097 a       690     1    15     2    15
     -0.2841191756 b       691     2     1
     -0.8672478221 b       692     2     2
      0.7439870856 b       693     2     3
     -0.1930412320 b       694     2     4
      0.2282876841 b       695     2     5
      0.7177012991 b       696     2     6
      0.0449652919 b       697     2     7
      0.8577377666 b       698     2     8
     -0.1413188088 b       699     2     9
     -0.1908518807 b       700     2    10
      0.2910856142 b       701     2    11
     -0.7515451927 b       702     2    12
     -0.8445375952 b       703     2    13
      0.6323695796 b       704     2    14
     -0.6548023075 b       705     2    15
     -0.7645479082 a       706     2     1     3     1
     -0.7921736854 a       707     2     2     3     1
      0.7529788771 a       708     2     3     3     1
     -0.6551800309 a       709     2     4     3     1
      0.6431582069 a       710     2     5     3     1
      0.3413652941 a       711     2     6     3     1
     -0.3899467945 a       712     2     7     3     1
     -0.2955130954 a       713     2     8     3     1
     -0.4184413381 a       714     2     9     3     1
      0.2771245972 a       715     2    10     3     1
      0.9480681661 a       716     2    11     3     1
      0.2872209461 a       717     2    12     3     1
      0.0083686558 a       718     2    13     3     1
      0.2777593953 a       719     2    14     3     1
      0.1219220862 a       720     2    15     3     1
     -0.6832458537 b       721     3     1
