     -0.0362754603 a         1     0     1     1     1
      0.4393066903 a         2     0     1     1     2
      0.0564897454 a         3     0     1     1     3
     -0.3759947019 a         4     0     1     1     4
     -0.2033527231 a         5     0     1     1     5
      0.2359026259 a         6     0     1     1     6
     -0.1193243773 a         7     0     1     1     7
      0.1888905931 a         8     0     1     1     8
     -0.3551523208 a         9     0     1     1     9
      0.0169608520 a        10     0     1     1    10
     -0.0599766686 a        11     0     1     1    11
      0.0538063470 a        12     0     1     1    12
     -0.3428194252 a        13     0     1     1    13
     -0.1070040544 a        14     0     1     1    14
      0.1879456701 a        15     0     1     1    15
      0.0267589274 a        16     0     1     1    16
      0.1289451342 a        17     0     1     1    17
     -0.3599841479 a        18     0     1     1    18
     -0.2897424338 a        19     0     1     1    19
     -0.0903557955 a        20     0     1     1    20
     -0.2486322622 a        21     0     2     1     1
      0.2321683581 a        22     0     2     1     2
      0.0967439300 a        23     0     2     1     3
     -0.2046096358 a        24     0     2     1     4
     -0.3458748419 a        25     0     2     1     5
     -0.4232407295 a        26     0     2     1     6
      0.1207860780 a        27     0     2     1     7
      0.3689341392 a        28     0     2     1     8
     -0.1122305784 a        29     0     2     1     9
     -0.2108305313 a        30     0     2     1    10
      0.2895809148 a        31     0     2     1    11
     -0.3189712737 a        32     0     2     1    12
      0.0822162416 a        33     0     2     1    13
      0.0338440071 a        34     0     2     1    14
      0.5266960128 a        35     0     2     1    15
     -0.2356986094 a        36     0     2     1    16
      0.2706566215 a        37     0     2     1    17
      0.1660688821 a        38     0     2     1    18
     -0.1529589271 a        39     0     2     1    19
      0.2984679084 a        40     0     2     1    20
     -0.0746795045 a        41     0     3     1     1
     -0.0082536959 a        42     0     3     1     2
      0.3816879935 a        43     0     3     1     3
      0.3766433995 a        44     0     3     1     4
     -0.0305749948 a        45     0     3     1     5
      0.1445853152 a        46     0     3     1     6
      0.4781513344 a        47     0     3     1     7
      0.4268756774 a        48     0     3     1     8
      0.1437755680 a        49     0     3     1     9
      0.1248147394 a        50     0     3     1    10
     -0.4032415080 a        51     0     3     1    11
     -0.3172063526 a        52     0     3     1    12
     -0.1246127273 a        53     0     3     1    13
      0.0816146556 a        54     0     3     1    14
     -0.2231989659 a        55     0     3     1    15
     -0.3579990053 a        56     0     3     1    16
     -0.0713250524 a        57     0     3     1    17
      0.1111092339 a        58     0     3     1    18
      0.1877599064 a        59     0     3     1    19
      0.0237574014 a        60     0     3     1    20
     -0.0144606779 a        61     0     4     1     1
     -0.2985992735 a        62     0     4     1     2
     -0.2688040942 a        63     0     4     1     3
     -0.2604200282 a        64     0     4     1     4
      0.2156153520 a        65     0     4     1     5
     -0.2159771910 a        66     0     4     1     6
      0.3148159152 a        67     0     4     1     7
     -0.2147591581 a        68     0     4     1     8
      0.0442907661 a        69     0     4     1     9
      0.2246963375 a        70     0     4     1    10
     -0.3099362651 a        71     0     4     1    11
     -0.2741142351 a        72     0     4     1    12
      0.3721876410 a        73     0     4     1    13
     -0.4709681929 a        74     0     4     1    14
      0.1374336689 a        75     0     4     1    15
      0.4488452312 a        76     0     4     1    16
     -0.3833170217 a        77     0     4     1    17
     -0.4020428225 a        78     0     4     1    18
     -0.3543488371 a        79     0     4     1    19
      0.2033878314 a        80     0     4     1    20
     -0.0965777784 a        81     0     5     1     1
     -0.1878640874 a        82     0     5     1     2
      0.3399603204 a        83     0     5     1     3
     -0.4268777080 a        84     0     5     1     4
      0.1618648284 a        85     0     5     1     5
     -0.4077865971 a        86     0     5     1     6
      0.1752428763 a        87     0     5     1     7
     -0.1082352978 a        88     0     5     1     8
     -0.4359113794 a        89     0     5     1     9
     -0.3011953902 a        90     0     5     1    10
     -0.0220842470 a        91     0     5     1    11
     -0.2613265884 a        92     0     5     1    12
      0.0047015084 a        93     0     5     1    13
     -0.3729042288 a        94     0     5     1    14
     -0.3755320500 a        95     0     5     1    15
     -0.0595002034 a        96     0     5     1    16
     -0.2528401790 a        97     0     5     1    17
     -0.0688475964 a        98     0     5     1    18
     -0.3897474037 a        99     0     5     1    19
     -0.1475142953 a       100     0     5     1    20
     -0.2392810821 a       101     0     6     1     1
      0.3657436625 a       102     0     6     1     2
     -0.0669644124 a       103     0     6     1     3
      0.3476251784 a       104     0     6     1     4
      0.4495202326 a       105     0     6     1     5
      0.3714039506 a       106     0     6     1     6
     -0.0418902988 a       107     0     6     1     7
      0.1523953493 a       108     0     6     1     8
     -0.2009458661 a       109     0     6     1     9
      0.1232054021 a       110     0     6     1    10
     -0.4486695980 a       111     0     6     1    11
     -0.3706484484 a       112     0     6     1    12
      0.1876913492 a       113     0     6     1    13
      0.4992676846 a       114     0     6     1    14
     -0.5285145173 a       115     0     6     1    15
      0.3969048717 a       116     0     6     1    16
     -0.1424745163 a       117     0     6     1    17
      0.3746221063 a       118     0     6     1    18
     -0.2911207997 a       119     0     6     1    19
     -0.4436133098 a       120     0     6     1    20
     -0.1378947931 a       121     0     7     1     1
     -0.3945496053 a       122     0     7     1     2
     -0.4558133312 a       123     0     7     1     3
     -0.0668727609 a       124     0     7     1     4
      0.2633008713 a       125     0     7     1     5
      0.1007104707 a       126     0     7     1     6
      0.1195583816 a       127     0     7     1     7
      0.4693075439 a       128     0     7     1     8
     -0.1906872784 a       129     0     7     1     9
      0.3192595879 a       130     0     7     1    10
      0.4550164600 a       131     0     7     1    11
     -0.4367845817 a       132     0     7     1    12
     -0.0895086187 a       133     0     7     1    13
      0.1119096264 a       134     0     7     1    14
      0.1846492422 a       135     0     7     1    15
     -0.1530008856 a       136     0     7     1    16
     -0.2726622247 a       137     0     7     1    17
      0.3832478513 a       138     0     7     1    18
      0.2096066624 a       139     0     7     1    19
      0.3684106546 a       140     0     7     1    20
     -0.2884154688 a       141     0     8     1     1
     -0.2550646566 a       142     0     8     1     2
     -0.2677942083 a       143     0     8     1     3
     -0.0157134995 a       144     0     8     1     4
     -0.4506185602 a       145     0     8     1     5
     -0.1106719221 a       146     0     8     1     6
     -0.1121429548 a       147     0     8     1     7
      0.0123362005 a       148     0     8     1     8
     -0.2517572634 a       149     0     8     1     9
      0.2200699660 a       150     0     8     1    10
     -0.3920726129 a       151     0     8     1    11
     -0.1824708909 a       152     0     8     1    12
     -0.3141401374 a       153     0     8     1    13
     -0.3635379275 a       154     0     8     1    14
      0.2003593497 a       155     0     8     1    15
      0.1347285754 a       156     0     8     1    16
      0.2878145104 a       157     0     8     1    17
     -0.3764449547 a       158     0     8     1    18
      0.3813207563 a       159     0     8     1    19
      0.4310634609 a       160     0     8     1    20
      0.3895939722 a       161     0     9     1     1
     -0.0191058843 a       162     0     9     1     2
     -0.2646177764 a       163     0     9     1     3
     -0.1028138743 a       164     0     9     1     4
     -0.0213635001 a       165     0     9     1     5
     -0.3728144382 a       166     0     9     1     6
      0.1695898266 a       167     0     9     1     7
     -0.3551188486 a       168     0     9     1     8
      0.3022017274 a       169     0     9     1     9
      0.4299010698 a       170     0     9     1    10
     -0.1231223328 a       171     0     9     1    11
     -0.2627647102 a       172     0     9     1    12
     -0.4134584568 a       173     0     9     1    13
      0.3494180465 a       174     0     9     1    14
      0.4682843899 a       175     0     9     1    15
     -0.4218983807 a       176     0     9     1    16
      0.4108911468 a       177     0     9     1    17
     -0.3651974547 a       178     0     9     1    18
     -0.3808466516 a       179     0     9     1    19
     -0.0814232988 a       180     0     9     1    20
     -0.2085902822 a       181     0    10     1     1
      0.2841504552 a       182     0    10     1     2
     -0.4630551907 a       183     0    10     1     3
      0.0009876163 a       184     0    10     1     4
      0.3187168614 a       185     0    10     1     5
     -0.0106134689 a       186     0    10     1     6
     -0.0835157344 a       187     0    10     1     7
      0.1139512912 a       188     0    10     1     8
     -0.1758177581 a       189     0    10     1     9
      0.3622461508 a       190     0    10     1    10
     -0.3314759617 a       191     0    10     1    11
     -0.2948852644 a       192     0    10     1    12
      0.2334964738 a       193     0    10     1    13
     -0.3192399188 a       194     0    10     1    14
     -0.0105043121 a       195     0    10     1    15
      0.2771106511 a       196     0    10     1    16
      0.0054845820 a       197     0    10     1    17
      0.2325917725 a       198     0    10     1    18
      0.2104992958 a       199     0    10     1    19
      0.3827219644 a       200     0    10     1    20
     -0.0867830718 a       201     0    11     1     1
     -0.0625391100 a       202     0    11     1     2
      0.1051202531 a       203     0    11     1     3
      0.2699384017 a       204     0    11     1     4
      0.2265456075 a       205     0    11     1     5
     -0.1309999690 a       206     0    11     1     6
      0.1884178840 a       207     0    11     1     7
     -0.4438359490 a       208     0    11     1     8
     -0.2997186204 a       209     0    11     1     9
      0.2243676511 a       210     0    11     1    10
      0.1977775517 a       211     0    11     1    11
     -0.3640330521 a       212     0    11     1    12
     -0.3035510399 a       213     0    11     1    13
     -0.4865715694 a       214     0    11     1    14
      0.4505148302 a       215     0    11     1    15
      0.1082465296 a       216     0    11     1    16
     -0.4763534558 a       217     0    11     1    17
      0.4357043658 a       218     0    11     1    18
     -0.2139685900 a       219     0    11     1    19
     -0.0616121987 a       220     0    11     1    20
      0.3726731124 a       221     0    12     1     1
     -0.1117550529 a       222     0    12     1     2
     -0.2074274970 a       223     0    12     1     3
      0.0662988731 a       224     0    12     1     4
      0.0070615410 a       225     0    12     1     5
     -0.0367922937 a       226     0    12     1     6
     -0.4811596059 a       227     0    12     1     7
      0.0093346635 a       228     0    12     1     8
      0.2537430042 a       229     0    12     1     9
      0.0316425308 a       230     0    12     1    10
     -0.1852626907 a       231     0    12     1    11
      0.2735937580 a       232     0    12     1    12
      0.1698892164 a       233     0    12     1    13
      0.4246649970 a       234     0    12     1    14
      0.2661874634 a       235     0    12     1    15
     -0.2471832696 a       236     0    12     1    16
     -0.2646834656 a       237     0    12     1    17
     -0.1012556406 a       238     0    12     1    18
     -0.3745846300 a       239     0    12     1    19
      0.2709869930 a       240     0    12     1    20
      0.2860649994 a       241     0    13     1     1
      0.0813954203 a       242     0    13     1     2
      0.0982955840 a       243     0    13     1     3
      0.4636102116 a       244     0    13     1     4
     -0.0528219196 a       245     0    13     1     5
      0.4467985854 a       246     0    13     1     6
     -0.1031702347 a       247     0    13     1     7
      0.1861776780 a       248     0    13     1     8
     -0.4577317532 a       249     0    13     1     9
     -0.4384223344 a       250     0    13     1    10
     -0.2123624260 a       251     0    13     1    11
     -0.1553537712 a       252     0    13     1    12
     -0.3699037153 a       253     0    13     1    13
     -0.2633165666 a       254     0    13     1    14
      0.1072452999 a       255     0    13     1    15
     -0.1719640274 a       256     0    13     1    16
     -0.0798433504 a       257     0    13     1    17
     -0.1922722761 a       258     0    13     1    18
      0.2627911519 a       259     0    13     1    19
      0.1586224216 a       260     0    13     1    20
      0.4191134260 a       261     0    14     1     1
      0.4049811526 a       262     0    14     1     2
      0.2947406102 a       263     0    14     1     3
     -0.2206310475 a       264     0    14     1     4
     -0.3920534630 a       265     0    14     1     5
      0.3765002665 a       266     0    14     1     6
      0.2234163047 a       267     0    14     1     7
     -0.4038059133 a       268     0    14     1     8
      0.4092301522 a       269     0    14     1     9
      0.0260900661 a       270     0    14     1    10
      0.0244280475 a       271     0    14     1    11
     -0.4110132535 a       272     0    14     1    12
     -0.1066611603 a       273     0    14     1    13
     -0.5001809533 a       274     0    14     1    14
      0.2485317539 a       275     0    14     1    15
     -0.0140333136 a       276     0    14     1    16
      0.2917743120 a       277     0    14     1    17
      0.2187510243 a       278     0    14     1    18
     -0.0569002648 a       279     0    14     1    19
      0.1384790758 a       280     0    14     1    20
     -0.4323237582 a       281     0    15     1     1
      0.0981447245 a       282     0    15     1     2
      0.1013512912 a       283     0    15     1     3
      0.2767117919 a       284     0    15     1     4
     -0.3206286661 a       285     0    15     1     5
      0.0385705864 a       286     0    15     1     6
      0.2935211377 a       287     0    15     1     7
      0.2224264000 a       288     0    15     1     8
      0.3260589292 a       289     0    15     1     9
      0.4769314408 a       290     0    15     1    10
      0.2677791996 a       291     0    15     1    11
     -0.0170321743 a       292     0    15     1    12
     -0.4088939110 a       293     0    15     1    13
     -0.2821287270 a       294     0    15     1    14
     -0.2582725875 a       295     0    15     1    15
      0.3560929634 a       296     0    15     1    16
      0.3102882763 a       297     0    15     1    17
      0.3566241519 a       298     0    15     1    18
      0.0667224065 a       299     0    15     1    19
      0.2772882409 a       300     0    15     1    20
      0.3796207519 a       301     0    16     1     1
      0.0959299929 a       302     0    16     1     2
      0.3221378366 a       303     0    16     1     3
     -0.4523164002 a       304     0    16     1     4
     -0.2183738975 a       305     0    16     1     5
     -0.0976442174 a       306     0    16     1     6
     -0.4093243572 a       307     0    16     1     7
     -0.1300131888 a       308     0    16     1     8
      0.2103577212 a       309     0    16     1     9
     -0.1724103912 a       310     0    16     1    10
     -0.0459649002 a       311     0    16     1    11
      0.2288330166 a       312     0    16     1    12
      0.2178123923 a       313     0    16     1    13
      0.0391839366 a       314     0    16     1    14
      0.1308121113 a       315     0    16     1    15
     -0.4028870297 a       316     0    16     1    16
     -0.0696202288 a       317     0    16     1    17
     -0.0842352895 a       318     0    16     1    18
      0.3293167872 a       319     0    16     1    19
     -0.4252111884 a       320     0    16     1    20
      0.0694517422 a       321     0    17     1     1
      0.3700161405 a       322     0    17     1     2
      0.2253212281 a       323     0    17     1     3
     -0.1402114503 a       324     0    17     1     4
      0.3322883814 a       325     0    17     1     5
      0.2719222890 a       326     0    17     1     6
      0.2644962314 a       327     0    17     1     7
      0.3163772312 a       328     0    17     1     8
      0.2871232405 a       329     0    17     1     9
      0.0759407147 a       330     0    17     1    10
     -0.0866953610 a       331     0    17     1    11
     -0.0824661948 a       332     0    17     1    12
     -0.1413242501 a       333     0    17     1    13
     -0.2973608392 a       334     0    17     1    14
      0.1504319412 a       335     0    17     1    15
     -0.4164954423 a       336     0    17     1    16
      0.1493559529 a       337     0    17     1    17
      0.2850846405 a       338     0    17     1    18
      0.4652619463 a       339     0    17     1    19
     -0.2106348061 a       340     0    17     1    20
     -0.0882950424 a       341     0    18     1     1
     -0.1711660246 a       342     0    18     1     2
      0.0090985952 a       343     0    18     1     3
     -0.2442223484 a       344     0    18     1     4
     -0.1507894824 a       345     0    18     1     5
     -0.0783104143 a       346     0    18     1     6
     -0.4399621607 a       347     0    18     1     7
      0.3498054023 a       348     0    18     1     8
     -0.1043288888 a       349     0    18     1     9
      0.0915947596 a       350     0    18     1    10
      0.3327737073 a       351     0    18     1    11
      0.0475261620 a       352     0    18     1    12
      0.4403040875 a       353     0    18     1    13
     -0.0768536273 a       354     0    18     1    14
     -0.0945584673 a       355     0    18     1    15
      0.1003990152 a       356     0    18     1    16
     -0.3977960168 a       357     0    18     1    17
     -0.3473122059 a       358     0    18     1    18
      0.3112305112 a       359     0    18     1    19
     -0.2864438637 a       360     0    18     1    20
     -0.3067136105 a       361     0    19     1     1
     -0.3727763168 a       362     0    19     1     2
      0.3875688727 a       363     0    19     1     3
     -0.3387408172 a       364     0    19     1     4
      0.2608888218 a       365     0    19     1     5
      0.1484704450 a       366     0    19     1     6
     -0.0765345991 a       367     0    19     1     7
     -0.1893037080 a       368     0    19     1     8
     -0.1814560095 a       369     0    19     1     9
      0.1468005476 a       370     0    19     1    10
      0.4524084508 a       371     0    19     1    11
      0.1388887371 a       372     0    19     1    12
      0.1205606223 a       373     0    19     1    13
      0.1595962693 a       374     0    19     1    14
      0.0976586974 a       375     0    19     1    15
     -0.3344469149 a       376     0    19     1    16
      0.0672540108 a       377     0    19     1    17
     -0.3817264124 a       378     0    19     1    18
      0.0150497300 a       379     0    19     1    19
      0.0861635207 a       380     0    19     1    20
     -0.3658573174 a       381     0    20     1     1
     -0.0780785122 a       382     0    20     1     2
      0.4814457954 a       383     0    20     1     3
     -0.3065646460 a       384     0    20     1     4
      0.2937537080 a       385     0    20     1     5
     -0.3793461963 a       386     0    20     1     6
      0.1942104987 a       387     0    20     1     7
     -0.3992182817 a       388     0    20     1     8
      0.0612205170 a       389     0    20     1     9
     -0.4306450012 a       390     0    20     1    10
      0.4426830709 a       391     0    20     1    11
     -0.3423173908 a       392     0    20     1    12
     -0.3302537248 a       393     0    20     1    13
     -0.4057276534 a       394     0    20     1    14
     -0.0814633616 a       395     0    20     1    15
      0.4257087001 a       396     0    20     1    16
      0.2241704509 a       397     0    20     1    17
      0.3205051534 a       398     0    20     1    18
     -0.3480459334 a       399     0    20     1    19
     -0.4281338397 a       400     0    20     1    20
      0.3055514426 a       401     0    21     1     1
      0.0439462042 a       402     0    21     1     2
      0.3352231402 a       403     0    21     1     3
     -0.3387167228 a       404     0    21     1     4
      0.3384987559 a       405     0    21     1     5
     -0.0878482979 a       406     0    21     1     6
     -0.3946991423 a       407     0    21     1     7
      0.0403470188 a       408     0    21     1     8
     -0.2135431863 a       409     0    21     1     9
     -0.3162242853 a       410     0    21     1    10
     -0.1346875580 a       411     0    21     1    11
      0.2108961886 a       412     0    21     1    12
     -0.0327589456 a       413     0    21     1    13
      0.0842264437 a       414     0    21     1    14
     -0.2542634749 a       415     0    21     1    15
     -0.3540771748 a       416     0    21     1    16
      0.4430785534 a       417     0    21     1    17
     -0.0508436536 a       418     0    21     1    18
     -0.0124205348 a       419     0    21     1    19
      0.0271360618 a       420     0    21     1    20
      0.4399031185 a       421     0    22     1     1
     -0.4410715223 a       422     0    22     1     2
      0.3641855524 a       423     0    22     1     3
     -0.0113379251 a       424     0    22     1     4
     -0.1233087906 a       425     0    22     1     5
      0.1224272375 a       426     0    22     1     6
      0.4451047299 a       427     0    22     1     7
     -0.0503946628 a       428     0    22     1     8
      0.1899809280 a       429     0    22     1     9
     -0.0163504924 a       430     0    22     1    10
     -0.1749338593 a       431     0    22     1    11
      0.4412967599 a       432     0    22     1    12
     -0.4601993865 a       433     0    22     1    13
     -0.0604832882 a       434     0    22     1    14
     -0.2714682761 a       435     0    22     1    15
      0.1638996869 a       436     0    22     1    16
      0.4204636748 a       437     0    22     1    17
     -0.2597800789 a       438     0    22     1    18
     -0.2930558120 a       439     0    22     1    19
     -0.0975655049 a       440     0    22     1    20
      0.0188380029 a       441     0    23     1     1
     -0.3780013876 a       442     0    23     1     2
      0.0056270106 a       443     0    23     1     3
     -0.2980740191 a       444     0    23     1     4
      0.4414187169 a       445     0    23     1     5
      0.4535987469 a       446     0    23     1     6
      0.0590583869 a       447     0    23     1     7
      0.4679222418 a       448     0    23     1     8
     -0.2129149997 a       449     0    23     1     9
      0.4185567771 a       450     0    23     1    10
     -0.0950054243 a       451     0    23     1    11
     -0.1579777495 a       452     0    23     1    12
      0.3649150058 a       453     0    23     1    13
      0.2278971196 a       454     0    23     1    14
     -0.2148221727 a       455     0    23     1    15
      0.2271787264 a       456     0    23     1    16
      0.2657473072 a       457     0    23     1    17
      0.1072141962 a       458     0    23     1    18
     -0.2456812029 a       459     0    23     1    19
      0.2159797320 a       460     0    23     1    20
      0.2351187222 a       461     0    24     1     1
      0.1005111163 a       462     0    24     1     2
     -0.0573951454 a       463     0    24     1     3
      0.4539853367 a       464     0    24     1     4
      0.2950596068 a       465     0    24     1     5
     -0.3966407383 a       466     0    24     1     6
      0.2343213988 a       467     0    24     1     7
      0.1599952826 a       468     0    24     1     8
     -0.0460904742 a       469     0    24     1     9
     -0.0787158372 a       470     0    24     1    10
      0.2776704845 a       471     0    24     1    11
      0.1983437065 a       472     0    24     1    12
      0.1705026232 a       473     0    24     1    13
     -0.0989430981 a       474     0    24     1    14
     -0.4854485649 a       475     0    24     1    15
     -0.3834025624 a       476     0    24     1    16
      0.1465500841 a       477     0    24     1    17
     -0.1066376379 a       478     0    24     1    18
     -0.3972468831 a       479     0    24     1    19
      0.3795469758 a       480     0    24     1    20
      0.4031897200 a       481     0    25     1     1
      0.4387148448 a       482     0    25     1     2
     -0.2730393262 a       483     0    25     1     3
     -0.3804288060 a       484     0    25     1     4
      0.3776364658 a       485     0    25     1     5
     -0.3806188977 a       486     0    25     1     6
      0.2116856027 a       487     0    25     1     7
     -0.1605296730 a       488     0    25     1     8
     -0.2161523481 a       489     0    25     1     9
      0.3362427194 a       490     0    25     1    10
      0.2659750548 a       491     0    25     1    11
      0.1568464741 a       492     0    25     1    12
     -0.1333663435 a       493     0    25     1    13
      0.1371018769 a       494     0    25     1    14
      0.0714072943 a       495     0    25     1    15
      0.2209862120 a       496     0    25     1    16
      0.0690736626 a       497     0    25     1    17
     -0.2231853146 a       498     0    25     1    18
      0.0494479770 a       499     0    25     1    19
      0.3169573155 a       500     0    25     1    20
      0.0382900428 a       501     0    26     1     1
     -0.1661592866 a       502     0    26     1     2
      0.2014682559 a       503     0    26     1     3
      0.2587068550 a       504     0    26     1     4
     -0.0553860260 a       505     0    26     1     5
      0.2921761283 a       506     0    26     1     6
      0.3327932611 a       507     0    26     1     7
     -0.2942751745 a       508     0    26     1     8
      0.4255781645 a       509     0    26     1     9
      0.1423699957 a       510     0    26     1    10
     -0.1100217581 a       511     0    26     1    11
      0.3191960570 a       512     0    26     1    12
     -0.1683282671 a       513     0    26     1    13
     -0.1208143796 a       514     0    26     1    14
      0.2094346724 a       515     0    26     1    15
     -0.0328623452 a       516     0    26     1    16
      0.3946639854 a       517     0    26     1    17
      0.1473678839 a       518     0    26     1    18
     -0.3307545260 a       519     0    26     1    19
      0.4000801105 a       520     0    26     1    20
     -0.1217222213 a       521     0    27     1     1
      0.1979221495 a       522     0    27     1     2
      0.3438978681 a       523     0    27     1     3
      0.0361122642 a       524     0    27     1     4
      0.2217183977 a       525     0    27     1     5
      0.2876089226 a       526     0    27     1     6
      0.3929764713 a       527     0    27     1     7
     -0.1768809150 a       528     0    27     1     8
      0.5459888135 a       529     0    27     1     9
     -0.2250168202 a       530     0    27     1    10
      0.1930629617 a       531     0    27     1    11
     -0.3042658131 a       532     0    27     1    12
     -0.0665283134 a       533     0    27     1    13
     -0.0296435496 a       534     0    27     1    14
     -0.2345501691 a       535     0    27     1    15
     -0.4682180288 a       536     0    27     1    16
     -0.2366535150 a       537     0    27     1    17
      0.3198831152 a       538     0    27     1    18
      0.2735747797 a       539     0    27     1    19
     -0.0367917963 a       540     0    27     1    20
      0.1724195724 a       541     0    28     1     1
      0.3977625884 a       542     0    28     1     2
     -0.1772042044 a       543     0    28     1     3
      0.1259055228 a       544     0    28     1     4
     -0.2446246943 a       545     0    28     1     5
      0.3802321026 a       546     0    28     1     6
     -0.4066993627 a       547     0    28     1     7
      0.2840418649 a       548     0    28     1     8
     -0.0573771547 a       549     0    28     1     9
      0.4088476098 a       550     0    28     1    10
      0.2797440314 a       551     0    28     1    11
     -0.2358923898 a       552     0    28     1    12
     -0.1918843603 a       553     0    28     1    13
      0.1664257444 a       554     0    28     1    14
      0.4200009516 a       555     0    28     1    15
     -0.0503616434 a       556     0    28     1    16
      0.5105563781 a       557     0    28     1    17
     -0.0883950569 a       558     0    28     1    18
     -0.3913981995 a       559     0    28     1    19
     -0.4211266203 a       560     0    28     1    20
      0.4409905775 a       561     0    29     1     1
      0.2423349201 a       562     0    29     1     2
     -0.2948608572 a       563     0    29     1     3
     -0.0750672969 a       564     0    29     1     4
     -0.1852479315 a       565     0    29     1     5
     -0.1809996375 a       566     0    29     1     6
     -0.2482287878 a       567     0    29     1     7
      0.0679825704 a       568     0    29     1     8
     -0.4771296123 a       569     0    29     1     9
      0.4187149840 a       570     0    29     1    10
     -0.2773980712 a       571     0    29     1    11
      0.4684424890 a       572     0    29     1    12
      0.1858748120 a       573     0    29     1    13
      0.0050722738 a       574     0    29     1    14
      0.0062060270 a       575     0    29     1    15
      0.0738635403 a       576     0    29     1    16
     -0.1997377352 a       577     0    29     1    17
      0.1953628253 a       578     0    29     1    18
     -0.1481124454 a       579     0    29     1    19
     -0.2537052060 a       580     0    29     1    20
     -0.2773863423 a       581     0    30     1     1
      0.3581875891 a       582     0    30     1     2
      0.1517967716 a       583     0    30     1     3
      0.3260917365 a       584     0    30     1     4
      0.4562293705 a       585     0    30     1     5
      0.3395682661 a       586     0    30     1     6
     -0.2932124529 a       587     0    30     1     7
     -0.4360248913 a       588     0    30     1     8
     -0.0959669938 a       589     0    30     1     9
     -0.3335624295 a       590     0    30     1    10
     -0.3918409029 a       591     0    30     1    11
     -0.2378338102 a       592     0    30     1    12
     -0.4730587646 a       593     0    30     1    13
     -0.2327606369 a       594     0    30     1    14
     -0.3176718391 a       595     0    30     1    15
      0.1292216176 a       596     0    30     1    16
     -0.0987193806 a       597     0    30     1    17
      0.2328765877 a       598     0    30     1    18
      0.0450951982 a       599     0    30     1    19
     -0.3690737823 a       600     0    30     1    20
     -0.3832665678 a       601     0    31     1     1
      0.3134622561 a       602     0    31     1     2
     -0.3793757962 a       603     0    31     1     3
     -0.0028386953 a       604     0    31     1     4
     -0.0797752412 a       605     0    31     1     5
     -0.0349247991 a       606     0    31     1     6
      0.0480385545 a       607     0    31     1     7
      0.1942307758 a       608     0    31     1     8
      0.2751321851 a       609     0    31     1     9
     -0.2442808100 a       610     0    31     1    10
     -0.2609257667 a       611     0    31     1    11
     -0.2405460386 a       612     0    31     1    12
      0.4319458036 a       613     0    31     1    13
     -0.3046646744 a       614     0    31     1    14
     -0.0366568386 a       615     0    31     1    15
     -0.1205250483 a       616     0    31     1    16
      0.0978702329 a       617     0    31     1    17
      0.4337530760 a       618     0    31     1    18
      0.1481343726 a       619     0    31     1    19
     -0.0824203017 a       620     0    31     1    20
      1.2870557368 b       621     1     1
      0.7106106092 b       622     1     2
     -1.0438190966 b       623     1     3
      0.0712183838 b       624     1     4
     -0.0644716936 b       625     1     5
      1.4593739949 b       626     1     6
      0.2298727572 b       627     1     7
     -0.6655690882 b       628     1     8
     -0.3679777709 b       629     1     9
      1.0718075779 b       630     1    10
      1.1662778445 b       631     1    11
      1.1528943578 b       632     1    12
      1.5016180336 b       633     1    13
      0.6009982222 b       634     1    14
     -0.8070440070 b       635     1    15
     -0.6541444127 b       636     1    16
      1.1550394895 b       637     1    17
     -0.2112562235 b       638     1    18
      0.3582862807 b       639     1    19
      1.0028617305 b       640     1    20
      0.1069904438 a       641     1     1     2     1
      0.0573759536 a       642     1     1     2     2
     -0.1196749743 a       643     1     1     2     3
     -0.5096980569 a       644     1     1     2     4
     -0.4396481593 a       645     1     1     2     5
      0.1294359048 a       646     1     1     2     6
     -0.0064069717 a       647     1     1     2     7
      0.2725081264 a       648     1     1     2     8
      0.2058937307 a       649     1     1     2     9
      0.5361071327 a       650     1     1     2    10
     -0.6314213353 a       651     1     1     2    11
     -0.2798094545 a       652     1     1     2    12
      0.3085367138 a       653     1     1     2    13
      0.1508337657 a       654     1     1     2    14
     -0.1260573612 a       655     1     1     2    15
     -0.3002338393 a       656     1     1     2    16
      0.1279021639 a       657     1     1     2    17
      0.5431886497 a       658     1     1     2    18
     -0.1786019318 a       659     1     1     2    19
      0.2318594939 a       660     1     1     2    20
      0.2310726965 a       661     1     2     2     1
      0.5500279336 a       662     1     2     2     2
     -0.3787952332 a       663     1     2     2     3
     -0.5732007819 a       664     1     2     2     4
     -0.1189304694 a       665     1     2     2     5
      0.0152145423 a       666     1     2     2     6
     -0.2954532275 a       667     1     2     2     7
     -0.5187016341 a       668     1     2     2     8
      0.1415418151 a       669     1     2     2     9
      0.0188508169 a       670     1     2     2    10
      0.4019450444 a       671     1     2     2    11
     -0.0711636308 a       672     1     2     2    12
     -0.2170962061 a       673     1     2     2    13
     -0.4731976930 a       674     1     2     2    14
      0.3904775042 a       675     1     2     2    15
      0.4706775987 a       676     1     2     2    16
      0.5370242111 a       677     1     2     2    17
      0.1556866856 a       678     1     2     2    18
      0.4574226584 a       679     1     2     2    19
     -0.2564779189 a       680     1     2     2    20
     -0.2164004761 a       681     1     3     2     1
      0.2002423026 a       682     1     3     2     2
      0.4121140845 a       683     1     3     2     3
     -0.1560553558 a       684     1     3     2     4
      0.0347571254 a       685     1     3     2     5
     -0.4923395428 a       686     1     3     2     6
      0.0411820391 a       687     1     3     2     7
     -0.2637176258 a       688     1     3     2     8
     -0.3293735469 a       689     1     3     2     9
      0.4651601292 a       690     1     3     2    10
     -0.3736704354 a       691     1     3     2    11
      0.4319126943 a       692     1     3     2    12
     -0.4891565988 a       693     1     3     2    13
      0.5703220742 a       694     1     3     2    14
      0.4268530398 a       695     1     3     2    15
     -0.5721198342 a       696     1     3     2    16
      0.4340000270 a       697     1     3     2    17
     -0.0476268568 a       698     1     3     2    18
      0.5230827282 a       699     1     3     2    19
      0.5355563889 a       700     1     3     2    20
      0.4547463997 a       701     1     4     2     1
     -0.4530594432 a       702     1     4     2     2
     -0.0405575687 a       703     1     4     2     3
      0.4061086515 a       704     1     4     2     4
      0.1905750496 a       705     1     4     2     5
     -0.0872353356 a       706     1     4     2     6
      0.4509585608 a       707     1     4     2     7
      0.3071582581 a       708     1     4     2     8
      0.5384479728 a       709     1     4     2     9
     -0.5390334181 a       710     1     4     2    10
     -0.0479172851 a       711     1     4     2    11
     -0.1500320004 a       712     1     4     2    12
      0.5252308797 a       713     1     4     2    13
     -0.4622910761 a       714     1     4     2    14
      0.1650678508 a       715     1     4     2    15
      0.1034827044 a       716     1     4     2    16
     -0.2584496419 a       717     1     4     2    17
     -0.1553171505 a       718     1     4     2    18
     -0.2774368527 a       719     1     4     2    19
     -0.4265046967 a       720     1     4     2    20
      0.3475193455 a       721     1     5     2     1
      0.1013958931 a       722     1     5     2     2
     -0.3016805986 a       723     1     5     2     3
     -0.1323875674 a       724     1     5     2     4
     -0.1099980628 a       725     1     5     2     5
      0.5764210686 a       726     1     5     2     6
     -0.4989690188 a       727     1     5     2     7
     -0.4062820965 a       728     1     5     2     8
      0.4173282358 a       729     1     5     2     9
      0.0775908567 a       730     1     5     2    10
     -0.2732420066 a       731     1     5     2    11
     -0.4343010605 a       732     1     5     2    12
     -0.2490733125 a       733     1     5     2    13
      0.1771502906 a       734     1     5     2    14
     -0.2584799047 a       735     1     5     2    15
     -0.6755905819 a       736     1     5     2    16
      0.0297448022 a       737     1     5     2    17
      0.3796833629 a       738     1     5     2    18
     -0.2486009678 a       739     1     5     2    19
     -0.2981298477 a       740     1     5     2    20
      0.3087946264 a       741     1     6     2     1
      0.4022084805 a       742     1     6     2     2
      0.5783915624 a       743     1     6     2     3
     -0.4588487850 a       744     1     6     2     4
     -0.5112978328 a       745     1     6     2     5
     -0.5749852214 a       746     1     6     2     6
     -0.4495830425 a       747     1     6     2     7
     -0.1654666856 a       748     1     6     2     8
      0.4561019805 a       749     1     6     2     9
      0.4329446449 a       750     1     6     2    10
     -0.5855971523 a       751     1     6     2    11
     -0.1548476259 a       752     1     6     2    12
      0.0269584090 a       753     1     6     2    13
     -0.4696616088 a       754     1     6     2    14
      0.5563661392 a       755     1     6     2    15
      0.3834025153 a       756     1     6     2    16
      0.3387198712 a       757     1     6     2    17
     -0.4902129831 a       758     1     6     2    18
     -0.1494327972 a       759     1     6     2    19
      0.1948315391 a       760     1     6     2    20
      0.1215340982 a       761     1     7     2     1
      0.2730334273 a       762     1     7     2     2
     -0.4984022394 a       763     1     7     2     3
     -0.4673242457 a       764     1     7     2     4
      0.4951292955 a       765     1     7     2     5
     -0.1260357563 a       766     1     7     2     6
     -0.2763196177 a       767     1     7     2     7
     -0.0197937233 a       768     1     7     2     8
      0.4124969737 a       769     1     7     2     9
     -0.0183929687 a       770     1     7     2    10
      0.3624936547 a       771     1     7     2    11
     -0.5913222993 a       772     1     7     2    12
     -0.1775432593 a       773     1     7     2    13
      0.4014895669 a       774     1     7     2    14
      0.4359207516 a       775     1     7     2    15
      0.0300577009 a       776     1     7     2    16
      0.1615966543 a       777     1     7     2    17
      0.1296153896 a       778     1     7     2    18
      0.1499415653 a       779     1     7     2    19
      0.1657821507 a       780     1     7     2    20
      0.5308694418 a       781     1     8     2     1
      0.5104289103 a       782     1     8     2     2
      0.5883150751 a       783     1     8     2     3
      0.2937941299 a       784     1     8     2     4
      0.1417008308 a       785     1     8     2     5
     -0.3850710926 a       786     1     8     2     6
     -0.3526390597 a       787     1     8     2     7
      0.3878673417 a       788     1     8     2     8
      0.3605401365 a       789     1     8     2     9
     -0.2977483327 a       790     1     8     2    10
      0.5865724753 a       791     1     8     2    11
     -0.1941493487 a       792     1     8     2    12
      0.5660077763 a       793     1     8     2    13
      0.3476358219 a       794     1     8     2    14
     -0.5803765657 a       795     1     8     2    15
      0.3075847835 a       796     1     8     2    16
      0.4798764356 a       797     1     8     2    17
     -0.4381603036 a       798     1     8     2    18
      0.5406078799 a       799     1     8     2    19
      0.2179956041 a       800     1     8     2    20
      0.4550415282 a       801     1     9     2     1
      0.1886610043 a       802     1     9     2     2
     -0.1283498903 a       803     1     9     2     3
     -0.4638655588 a       804     1     9     2     4
      0.4392511005 a       805     1     9     2     5
      0.4223644637 a       806     1     9     2     6
     -0.3719549864 a       807     1     9     2     7
     -0.3946258400 a       808     1     9     2     8
      0.3631175881 a       809     1     9     2     9
      0.4387715056 a       810     1     9     2    10
      0.1175303187 a       811     1     9     2    11
      0.0474364237 a       812     1     9     2    12
      0.4905817388 a       813     1     9     2    13
      0.3503736309 a       814     1     9     2    14
     -0.2900252996 a       815     1     9     2    15
     -0.2365648505 a       816     1     9     2    16
     -0.2981004495 a       817     1     9     2    17
      0.0932245496 a       818     1     9     2    18
     -0.1892764463 a       819     1     9     2    19
     -0.4005712989 a       820     1     9     2    20
      0.1979631929 a       821     1    10     2     1
      0.2480520513 a       822     1    10     2     2
      0.1339956169 a       823     1    10     2     3
     -0.1155223758 a       824     1    10     2     4
      0.5425442870 a       825     1    10     2     5
     -0.5313132076 a       826     1    10     2     6
     -0.4885245793 a       827     1    10     2     7
      0.5659532462 a       828     1    10     2     8
      0.0216724270 a       829     1    10     2     9
     -0.5838592457 a       830     1    10     2    10
      0.3200107486 a       831     1    10     2    11
      0.1371519832 a       832     1    10     2    12
     -0.1173189682 a       833     1    10     2    13
     -0.1471972864 a       834     1    10     2    14
      0.4831798358 a       835     1    10     2    15
      0.3258840243 a       836     1    10     2    16
      0.3039614786 a       837     1    10     2    17
      0.2983949360 a       838     1    10     2    18
      0.4741776414 a       839     1    10     2    19
     -0.5778392655 a       840     1    10     2    20
     -0.5139049939 a       841     1    11     2     1
      0.1325410703 a       842     1    11     2     2
      0.1011758191 a       843     1    11     2     3
      0.4196993984 a       844     1    11     2     4
     -0.2652931851 a       845     1    11     2     5
     -0.6122713619 a       846     1    11     2     6
      0.3259267678 a       847     1    11     2     7
      0.4310708266 a       848     1    11     2     8
      0.5218561857 a       849     1    11     2     9
      0.2979721857 a       850     1    11     2    10
      0.2343110996 a       851     1    11     2    11
     -0.3481977818 a       852     1    11     2    12
     -0.5159848787 a       853     1    11     2    13
      0.3649729527 a       854     1    11     2    14
      0.0816500975 a       855     1    11     2    15
     -0.1437957921 a       856     1    11     2    16
     -0.4028492551 a       857     1    11     2    17
     -0.5240290730 a       858     1    11     2    18
     -0.4069519637 a       859     1    11     2    19
      0.3151231419 a       860     1    11     2    20
      0.3873551325 a       861     1    12     2     1
      0.3943707262 a       862     1    12     2     2
      0.2016887546 a       863     1    12     2     3
      0.2694034997 a       864     1    12     2     4
     -0.2630141697 a       865     1    12     2     5
      0.0266873393 a       866     1    12     2     6
      0.3509979332 a       867     1    12     2     7
     -0.1548420035 a       868     1    12     2     8
      0.4236090527 a       869     1    12     2     9
     -0.3507654792 a       870     1    12     2    10
     -0.0870035949 a       871     1    12     2    11
      0.6363460761 a       872     1    12     2    12
      0.4563988539 a       873     1    12     2    13
     -0.3595108892 a       874     1    12     2    14
     -0.1207090152 a       875     1    12     2    15
      0.1824260112 a       876     1    12     2    16
      0.3731167263 a       877     1    12     2    17
     -0.6587631556 a       878     1    12     2    18
      0.2436184101 a       879     1    12     2    19
     -0.4482451260 a       880     1    12     2    20
      0.2569980629 a       881     1    13     2     1
     -0.4903945524 a       882     1    13     2     2
     -0.3816412400 a       883     1    13     2     3
      0.4268578667 a       884     1    13     2     4
     -0.3685299482 a       885     1    13     2     5
     -0.2530058253 a       886     1    13     2     6
     -0.4513370535 a       887     1    13     2     7
      0.4304432614 a       888     1    13     2     8
     -0.5077748029 a       889     1    13     2     9
      0.0034797341 a       890     1    13     2    10
     -0.1194789958 a       891     1    13     2    11
      0.2474854005 a       892     1    13     2    12
     -0.1956234078 a       893     1    13     2    13
      0.1457352108 a       894     1    13     2    14
      0.6222919402 a       895     1    13     2    15
      0.2846181122 a       896     1    13     2    16
      0.0856484860 a       897     1    13     2    17
      0.1492137839 a       898     1    13     2    18
      0.1316674936 a       899     1    13     2    19
      0.3158241275 a       900     1    13     2    20
     -0.5322536820 a       901     1    14     2     1
     -0.0240374804 a       902     1    14     2     2
      0.0080742644 a       903     1    14     2     3
      0.3842943850 a       904     1    14     2     4
     -0.5142846785 a       905     1    14     2     5
     -0.1591528913 a       906     1    14     2     6
     -0.3678921207 a       907     1    14     2     7
     -0.2333363856 a       908     1    14     2     8
      0.2197225596 a       909     1    14     2     9
     -0.1365195636 a       910     1    14     2    10
      0.2239019425 a       911     1    14     2    11
     -0.5267568169 a       912     1    14     2    12
      0.5118020983 a       913     1    14     2    13
     -0.2788100336 a       914     1    14     2    14
     -0.5294582172 a       915     1    14     2    15
      0.1593626597 a       916     1    14     2    16
      0.5666946364 a       917     1    14     2    17
      0.6839088569 a       918     1    14     2    18
     -0.3116510343 a       919     1    14     2    19
      0.3344335323 a       920     1    14     2    20
      0.2886677416 a       921     1    15     2     1
     -0.4682694458 a       922     1    15     2     2
      0.5955716014 a       923     1    15     2     3
     -0.1578884880 a       924     1    15     2     4
      0.1682204821 a       925     1    15     2     5
      0.0666753335 a       926     1    15     2     6
     -0.3540653647 a       927     1    15     2     7
     -0.1346807979 a       928     1    15     2     8
      0.2193758974 a       929     1    15     2     9
     -0.2035515924 a       930     1    15     2    10
      0.2604799034 a       931     1    15     2    11
     -0.2713080623 a       932     1    15     2    12
      0.2971055608 a       933     1    15     2    13
     -0.4185646318 a       934     1    15     2    14
     -0.1319739454 a       935     1    15     2    15
     -0.0895519933 a       936     1    15     2    16
     -0.4608865971 a       937     1    15     2    17
     -0.3232197607 a       938     1    15     2    18
      0.4760710115 a       939     1    15     2    19
      0.3158538465 a       940     1    15     2    20
      0.4386360041 a       941     1    16     2     1
     -0.4078143068 a       942     1    16     2     2
      0.4006675234 a       943     1    16     2     3
     -0.3597630247 a       944     1    16     2     4
      0.2344838872 a       945     1    16     2     5
      0.2029506537 a       946     1    16     2     6
      0.3201767216 a       947     1    16     2     7
      0.2775288797 a       948     1    16     2     8
      0.2052225168 a       949     1    16     2     9
     -0.4995260001 a       950     1    16     2    10
     -0.1647093548 a       951     1    16     2    11
     -0.1862151488 a       952     1    16     2    12
     -0.2806734000 a       953     1    16     2    13
      0.3423554786 a       954     1    16     2    14
      0.2211953077 a       955     1    16     2    15
      0.1654503231 a       956     1    16     2    16
      0.5220278049 a       957     1    16     2    17
     -0.1510234067 a       958     1    16     2    18
      0.4696546219 a       959     1    16     2    19
      0.3725397857 a       960     1    16     2    20
      0.3154085380 a       961     1    17     2     1
     -0.1308533617 a       962     1    17     2     2
     -0.6098891564 a       963     1    17     2     3
      0.2835482039 a       964     1    17     2     4
     -0.0138657632 a       965     1    17     2     5
      0.4596801515 a       966     1    17     2     6
      0.0986529384 a       967     1    17     2     7
     -0.5725627012 a       968     1    17     2     8
      0.1689393164 a       969     1    17     2     9
     -0.4413310453 a       970     1    17     2    10
      0.6185246487 a       971     1    17     2    11
     -0.5808292869 a       972     1    17     2    12
      0.1967983995 a       973     1    17     2    13
      0.5319985399 a       974     1    17     2    14
     -0.2508744815 a       975     1    17     2    15
      0.0536899378 a       976     1    17     2    16
      0.0958789399 a       977     1    17     2    17
     -0.0064508041 a       978     1    17     2    18
      0.3545735967 a       979     1    17     2    19
      0.3957756120 a       980     1    17     2    20
     -0.0804695850 a       981     1    18     2     1
      0.5455607766 a       982     1    18     2     2
     -0.2580807567 a       983     1    18     2     3
      0.2508342554 a       984     1    18     2     4
      0.4312859355 a       985     1    18     2     5
      0.0574273634 a       986     1    18     2     6
      0.1709043244 a       987     1    18     2     7
      0.5184181060 a       988     1    18     2     8
      0.2674252312 a       989     1    18     2     9
      0.2389037963 a       990     1    18     2    10
      0.5283457478 a       991     1    18     2    11
      0.2352302525 a       992     1    18     2    12
     -0.2353411058 a       993     1    18     2    13
     -0.1703089511 a       994     1    18     2    14
      0.1585606184 a       995     1    18     2    15
     -0.6375005938 a       996     1    18     2    16
      0.3065887371 a       997     1    18     2    17
      0.3492946302 a       998     1    18     2    18
      0.4123913190 a       999     1    18     2    19
     -0.4023668369 a      1000     1    18     2    20
      0.4158581676 a      1001     1    19     2     1
      0.5534902301 a      1002     1    19     2     2
     -0.3321345636 a      1003     1    19     2     3
      0.4507466149 a      1004     1    19     2     4
      0.5712269544 a      1005     1    19     2     5
     -0.5451421276 a      1006     1    19     2     6
     -0.4198622060 a      1007     1    19     2     7
     -0.3688843800 a      1008     1    19     2     8
      0.4794008346 a      1009     1    19     2     9
      0.3316457060 a      1010     1    19     2    10
      0.2229278056 a      1011     1    19     2    11
      0.0155025665 a      1012     1    19     2    12
      0.0281497981 a      1013     1    19     2    13
     -0.0111099631 a      1014     1    19     2    14
      0.4504939222 a      1015     1    19     2    15
      0.1404095724 a      1016     1    19     2    16
      0.5522657719 a      1017     1    19     2    17
     -0.2286104737 a      1018     1    19     2    18
     -0.1205407715 a      1019     1    19     2    19
     -0.5313907133 a      1020     1    19     2    20
      0.5007314704 a      1021     1    20     2     1
      0.2684514819 a      1022     1    20     2     2
     -0.0054632805 a      1023     1    20     2     3
     -0.1411340334 a      1024     1    20     2     4
     -0.4963748030 a      1025     1    20     2     5
      0.2590814713 a      1026     1    20     2     6
      0.5571664709 a      1027     1    20     2     7
      0.2107917911 a      1028     1    20     2     8
     -0.4366456320 a      1029     1    20     2     9
     -0.3896803450 a      1030     1    20     2    10
      0.0119125272 a      1031     1    20     2    11
      0.6024446070 a      1032     1    20     2    12
      0.5296224365 a      1033     1    20     2    13
      0.4638764635 a      1034     1    20     2    14
     -0.0030497349 a      1035     1    20     2    15
      0.7131657330 a      1036     1    20     2    16
     -0.0918976674 a      1037     1    20     2    17
      0.3282085254 a      1038     1    20     2    18
     -0.5453541107 a      1039     1    20     2    19
     -0.0898933265 a      1040     1    20     2    20
     -0.7262554619 b      1041     2     1
     -0.6201963911 b      1042     2     2
     -1.3080254383 b      1043     2     3
     -1.0837418900 b      1044     2     4
      0.4725309113 b      1045     2     5
     -0.3302438695 b      1046     2     6
     -0.5926469655 b      1047     2     7
      0.6825857722 b      1048     2     8
      1.3919993900 b      1049     2     9
     -0.0855572835 b      1050     2    10
      1.4966102268 b      1051     2    11
     -0.3993660142 b      1052     2    12
      0.7584768637 b      1053     2    13
      0.6491008641 b      1054     2    14
      1.0320799708 b      1055     2    15
      0.5282490315 b      1056     2    16
      0.9077624885 b      1057     2    17
      0.7229361043 b      1058     2    18
      0.6140006267 b      1059     2    19
     -0.5781260278 b      1060     2    20
      0.0262368738 a      1061     2     1     3     1
     -0.0143746301 a      1062     2     2     3     1
     -0.0091677464 a      1063     2     3     3     1
      0.0164615996 a      1064     2     4     3     1
      0.0022713215 a      1065     2     5     3     1
      0.0002232036 a      1066     2     6     3     1
      0.0045231821 a      1067     2     7     3     1
     -0.0306300162 a      1068     2     8     3     1
      0.0109599858 a      1069     2     9     3     1
      0.0130608727 a      1070     2    10     3     1
      0.0024398157 a      1071     2    11     3     1
     -0.0009898511 a      1072     2    12     3     1
     -0.0034012765 a      1073     2    13     3     1
      0.0221400762 a      1074     2    14     3     1
      0.0121195961 a      1075     2    15     3     1
      0.0043009398 a      1076     2    16     3     1
     -0.0019988032 a      1077     2    17     3     1
      0.0011028746 a      1078     2    18     3     1
      0.0045247425 a      1079     2    19     3     1
     -0.0122210626 a      1080     2    20     3     1
     19.6570530093 b      1081     3     1
