     -0.0361750094 a         1     0     1     1     1
      0.4396040001 a         2     0     1     1     2
      0.0570307592 a         3     0     1     1     3
     -0.3763704950 a         4     0     1     1     4
     -0.2020805404 a         5     0     1     1     5
      0.2359794577 a         6     0     1     1     6
     -0.1185852422 a         7     0     1     1     7
      0.1891699309 a         8     0     1     1     8
     -0.3522426862 a         9     0     1     1     9
      0.0164873618 a        10     0     1     1    10
     -0.0602328088 a        11     0     1     1    11
      0.0536117255 a        12     0     1     1    12
     -0.3435068595 a        13     0     1     1    13
     -0.1064261664 a        14     0     1     1    14
      0.1882922466 a        15     0     1     1    15
      0.0270454437 a        16     0     1     1    16
      0.1301108931 a        17     0     1     1    17
     -0.3615420443 a        18     0     1     1    18
     -0.2890043782 a        19     0     1     1    19
     -0.0899686733 a        20     0     1     1    20
     -0.2485291263 a        21     0     2     1     1
      0.2319846625 a        22     0     2     1     2
      0.0968438630 a        23     0     2     1     3
     -0.2044017795 a        24     0     2     1     4
     -0.3459676446 a        25     0     2     1     5
     -0.4232479280 a        26     0     2     1     6
      0.1210992860 a        27     0     2     1     7
      0.3693309661 a        28     0     2     1     8
     -0.1114107422 a        29     0     2     1     9
     -0.2109189834 a        30     0     2     1    10
      0.2895550022 a        31     0     2     1    11
     -0.3192143745 a        32     0     2     1    12
      0.0817090608 a        33     0     2     1    13
      0.0347222112 a        34     0     2     1    14
      0.5269562229 a        35     0     2     1    15
     -0.2351977794 a        36     0     2     1    16
      0.2712328346 a        37     0     2     1    17
      0.1652105186 a        38     0     2     1    18
     -0.1533584289 a        39     0     2     1    19
      0.2989436159 a        40     0     2     1    20
     -0.0745679867 a        41     0     3     1     1
     -0.0078272809 a        42     0     3     1     2
      0.3822642580 a        43     0     3     1     3
      0.3760954457 a        44     0     3     1     4
     -0.0290991669 a        45     0     3     1     5
      0.1447047152 a        46     0     3     1     6
      0.4789127577 a        47     0     3     1     7
      0.4269405748 a        48     0     3     1     8
      0.1469586175 a        49     0     3     1     9
      0.1243918744 a        50     0     3     1    10
     -0.4035794772 a        51     0     3     1    11
     -0.3174264215 a        52     0     3     1    12
     -0.1252712717 a        53     0     3     1    13
      0.0821328690 a        54     0     3     1    14
     -0.2228318839 a        55     0     3     1    15
     -0.3579542878 a        56     0     3     1    16
     -0.0701747627 a        57     0     3     1    17
      0.1093945890 a        58     0     3     1    18
      0.1887996178 a        59     0     3     1    19
      0.0240595383 a        60     0     3     1    20
     -0.0143247339 a        61     0     4     1     1
     -0.2987627205 a        62     0     4     1     2
     -0.2686378776 a        63     0     4     1     3
     -0.2601292281 a        64     0     4     1     4
      0.2160661950 a        65     0     4     1     5
     -0.2159550268 a        66     0     4     1     6
      0.3151689178 a        67     0     4     1     7
     -0.2145021976 a        68     0     4     1     8
      0.0456478472 a        69     0     4     1     9
      0.2244784659 a        70     0     4     1    10
     -0.3100805233 a        71     0     4     1    11
     -0.2743775663 a        72     0     4     1    12
      0.3717745970 a        73     0     4     1    13
     -0.4703814825 a        74     0     4     1    14
      0.1377652936 a        75     0     4     1    15
      0.4492953966 a        76     0     4     1    16
     -0.3826591449 a        77     0     4     1    17
     -0.4032931580 a        78     0     4     1    18
     -0.3541106471 a        79     0     4     1    19
      0.2038809984 a        80     0     4     1    20
     -0.0964694804 a        81     0     5     1     1
     -0.1871768429 a        82     0     5     1     2
      0.3405803543 a        83     0     5     1     3
     -0.4277951723 a        84     0     5     1     4
      0.1636824627 a        85     0     5     1     5
     -0.4075994736 a        86     0     5     1     6
      0.1759739244 a        87     0     5     1     7
     -0.1086538078 a        88     0     5     1     8
     -0.4322726051 a        89     0     5     1     9
     -0.3016955241 a        90     0     5     1    10
     -0.0225410607 a        91     0     5     1    11
     -0.2615986597 a        92     0     5     1    12
      0.0041001246 a        93     0     5     1    13
     -0.3723143622 a        94     0     5     1    14
     -0.3751575164 a        95     0     5     1    15
     -0.0599773577 a        96     0     5     1    16
     -0.2517271861 a        97     0     5     1    17
     -0.0707284154 a        98     0     5     1    18
     -0.3882178201 a        99     0     5     1    19
     -0.1473964974 a       100     0     5     1    20
     -0.2391138854 a       101     0     6     1     1
      0.3657040465 a       102     0     6     1     2
     -0.0666194010 a       103     0     6     1     3
      0.3478612815 a       104     0     6     1     4
      0.4511303904 a       105     0     6     1     5
      0.3714718773 a       106     0     6     1     6
     -0.0414678170 a       107     0     6     1     7
      0.1522515376 a       108     0     6     1     8
     -0.1984388320 a       109     0     6     1     9
      0.1225941217 a       110     0     6     1    10
     -0.4490438064 a       111     0     6     1    11
     -0.3709401824 a       112     0     6     1    12
      0.1874557382 a       113     0     6     1    13
      0.4993690496 a       114     0     6     1    14
     -0.5281089362 a       115     0     6     1    15
      0.3971046167 a       116     0     6     1    16
     -0.1416442483 a       117     0     6     1    17
      0.3727126824 a       118     0     6     1    18
     -0.2895541191 a       119     0     6     1    19
     -0.4431565256 a       120     0     6     1    20
     -0.1378153036 a       121     0     7     1     1
     -0.3934274065 a       122     0     7     1     2
     -0.4551302931 a       123     0     7     1     3
     -0.0683334797 a       124     0     7     1     4
      0.2657751794 a       125     0     7     1     5
      0.1009830404 a       126     0     7     1     6
      0.1202420971 a       127     0     7     1     7
      0.4681800117 a       128     0     7     1     8
     -0.1861168260 a       129     0     7     1     9
      0.3184107865 a       130     0     7     1    10
      0.4544035926 a       131     0     7     1    11
     -0.4371324541 a       132     0     7     1    12
     -0.0900897921 a       133     0     7     1    13
      0.1127697548 a       134     0     7     1    14
      0.1850567604 a       135     0     7     1    15
     -0.1541673427 a       136     0     7     1    16
     -0.2714322771 a       137     0     7     1    17
      0.3811545339 a       138     0     7     1    18
      0.2118287976 a       139     0     7     1    19
      0.3683023628 a       140     0     7     1    20
     -0.2882383211 a       141     0     8     1     1
     -0.2547997242 a       142     0     8     1     2
     -0.2672204771 a       143     0     8     1     3
     -0.0158209209 a       144     0     8     1     4
     -0.4477986635 a       145     0     8     1     5
     -0.1105466788 a       146     0     8     1     6
     -0.1116202261 a       147     0     8     1     7
      0.0116434431 a       148     0     8     1     8
     -0.2480125013 a       149     0     8     1     9
      0.2190190425 a       150     0     8     1    10
     -0.3926927794 a       151     0     8     1    11
     -0.1828097812 a       152     0     8     1    12
     -0.3142491985 a       153     0     8     1    13
     -0.3637563556 a       154     0     8     1    14
      0.2008100274 a       155     0     8     1    15
      0.1344736716 a       156     0     8     1    16
      0.2887693853 a       157     0     8     1    17
     -0.3789396088 a       158     0     8     1    18
      0.3842414202 a       159     0     8     1    19
      0.4313930130 a       160     0     8     1    20
      0.3896186672 a       161     0     9     1     1
     -0.0174352175 a       162     0     9     1     2
     -0.2639248737 a       163     0     9     1     3
     -0.1048229730 a       164     0     9     1     4
     -0.0179879796 a       165     0     9     1     5
     -0.3724447008 a       166     0     9     1     6
      0.1701836657 a       167     0     9     1     7
     -0.3570540598 a       168     0     9     1     8
      0.3078431023 a       169     0     9     1     9
      0.4286084205 a       170     0     9     1    10
     -0.1238924205 a       171     0     9     1    11
     -0.2631660452 a       172     0     9     1    12
     -0.4139491622 a       173     0     9     1    13
      0.3504387043 a       174     0     9     1    14
      0.4687449067 a       175     0     9     1    15
     -0.4237345621 a       176     0     9     1    16
      0.4123000750 a       177     0     9     1    17
     -0.3673809397 a       178     0     9     1    18
     -0.3778528585 a       179     0     9     1    19
     -0.0818022412 a       180     0     9     1    20
     -0.2083928757 a       181     0    10     1     1
      0.2840331704 a       182     0    10     1     2
     -0.4625570724 a       183     0    10     1     3
      0.0013441720 a       184     0    10     1     4
      0.3212982482 a       185     0    10     1     5
     -0.0105436095 a       186     0    10     1     6
     -0.0830326758 a       187     0    10     1     7
      0.1136168985 a       188     0    10     1     8
     -0.1722373275 a       189     0    10     1     9
      0.3612177609 a       190     0    10     1    10
     -0.3320124909 a       191     0    10     1    11
     -0.2951958865 a       192     0    10     1    12
      0.2333737484 a       193     0    10     1    13
     -0.3195100432 a       194     0    10     1    14
     -0.0100391066 a       195     0    10     1    15
      0.2773040896 a       196     0    10     1    16
      0.0066551596 a       197     0    10     1    17
      0.2300528245 a       198     0    10     1    18
      0.2131263699 a       199     0    10     1    19
      0.3832701555 a       200     0    10     1    20
     -0.0869106422 a       201     0    11     1     1
     -0.0611677738 a       202     0    11     1     2
      0.1051038000 a       203     0    11     1     3
      0.2691353151 a       204     0    11     1     4
      0.2310793083 a       205     0    11     1     5
     -0.1307606129 a       206     0    11     1     6
      0.1884524528 a       207     0    11     1     7
     -0.4461626298 a       208     0    11     1     8
     -0.2927223027 a       209     0    11     1     9
      0.2217887722 a       210     0    11     1    10
      0.1969528667 a       211     0    11     1    11
     -0.3643964634 a       212     0    11     1    12
     -0.3040234277 a       213     0    11     1    13
     -0.4852339339 a       214     0    11     1    14
      0.4513972729 a       215     0    11     1    15
      0.1071094265 a       216     0    11     1    16
     -0.4733850156 a       217     0    11     1    17
      0.4334600190 a       218     0    11     1    18
     -0.2105837021 a       219     0    11     1    19
     -0.0616294649 a       220     0    11     1    20
      0.3728670191 a       221     0    12     1     1
     -0.1113982458 a       222     0    12     1     2
     -0.2066323452 a       223     0    12     1     3
      0.0660558036 a       224     0    12     1     4
      0.0110436753 a       225     0    12     1     5
     -0.0366537257 a       226     0    12     1     6
     -0.4805341609 a       227     0    12     1     7
      0.0082712539 a       228     0    12     1     8
      0.2588133631 a       229     0    12     1     9
      0.0301302521 a       230     0    12     1    10
     -0.1860980762 a       231     0    12     1    11
      0.2732209510 a       232     0    12     1    12
      0.1698615987 a       233     0    12     1    13
      0.4241381580 a       234     0    12     1    14
      0.2666889733 a       235     0    12     1    15
     -0.2476230448 a       236     0    12     1    16
     -0.2633734714 a       237     0    12     1    17
     -0.1043916090 a       238     0    12     1    18
     -0.3704052750 a       239     0    12     1    19
      0.2713263992 a       240     0    12     1    20
      0.2857473140 a       241     0    13     1     1
      0.0810968562 a       242     0    13     1     2
      0.0974178154 a       243     0    13     1     3
      0.4654032422 a       244     0    13     1     4
     -0.0478527953 a       245     0    13     1     5
      0.4465666481 a       246     0    13     1     6
     -0.1039495131 a       247     0    13     1     7
      0.1844659765 a       248     0    13     1     8
     -0.4501237159 a       249     0    13     1     9
     -0.4427423711 a       250     0    13     1    10
     -0.2130380984 a       251     0    13     1    11
     -0.1555474511 a       252     0    13     1    12
     -0.3703952611 a       253     0    13     1    13
     -0.2617602040 a       254     0    13     1    14
      0.1084680553 a       255     0    13     1    15
     -0.1711692510 a       256     0    13     1    16
     -0.0745247824 a       257     0    13     1    17
     -0.1945573381 a       258     0    13     1    18
      0.2662027139 a       259     0    13     1    19
      0.1597259156 a       260     0    13     1    20
      0.4192419623 a       261     0    14     1     1
      0.4061726113 a       262     0    14     1     2
      0.2955076015 a       263     0    14     1     3
     -0.2218404010 a       264     0    14     1     4
     -0.3885275180 a       265     0    14     1     5
      0.3767533775 a       266     0    14     1     6
      0.2240130782 a       267     0    14     1     7
     -0.4054888424 a       268     0    14     1     8
      0.4135078313 a       269     0    14     1     9
      0.0249659967 a       270     0    14     1    10
      0.0235552966 a       271     0    14     1    11
     -0.4114055785 a       272     0    14     1    12
     -0.1067058064 a       273     0    14     1    13
     -0.5004140401 a       274     0    14     1    14
      0.2489501726 a       275     0    14     1    15
     -0.0153837393 a       276     0    14     1    16
      0.2922367073 a       277     0    14     1    17
      0.2163271203 a       278     0    14     1    18
     -0.0530682040 a       279     0    14     1    19
      0.1382673876 a       280     0    14     1    20
     -0.4327251838 a       281     0    15     1     1
      0.0982117169 a       282     0    15     1     2
      0.0994310592 a       283     0    15     1     3
      0.2776387646 a       284     0    15     1     4
     -0.3205973313 a       285     0    15     1     5
      0.0383868306 a       286     0    15     1     6
      0.2920161573 a       287     0    15     1     7
      0.2201963140 a       288     0    15     1     8
      0.3280696405 a       289     0    15     1     9
      0.4740866715 a       290     0    15     1    10
      0.2676943065 a       291     0    15     1    11
     -0.0173753588 a       292     0    15     1    12
     -0.4098615973 a       293     0    15     1    13
     -0.2778467729 a       294     0    15     1    14
     -0.2573381193 a       295     0    15     1    15
      0.3555258971 a       296     0    15     1    16
      0.3137339981 a       297     0    15     1    17
      0.3569895479 a       298     0    15     1    18
      0.0653697807 a       299     0    15     1    19
      0.2777173419 a       300     0    15     1    20
      0.3796613624 a       301     0    16     1     1
      0.0975839760 a       302     0    16     1     2
      0.3225582230 a       303     0    16     1     3
     -0.4540626550 a       304     0    16     1     4
     -0.2168360157 a       305     0    16     1     5
     -0.0973068772 a       306     0    16     1     6
     -0.4089055772 a       307     0    16     1     7
     -0.1314252906 a       308     0    16     1     8
      0.2119252092 a       309     0    16     1     9
     -0.1727717222 a       310     0    16     1    10
     -0.0464451692 a       311     0    16     1    11
      0.2284790717 a       312     0    16     1    12
      0.2177130525 a       313     0    16     1    13
      0.0396911359 a       314     0    16     1    14
      0.1310265239 a       315     0    16     1    15
     -0.4047548704 a       316     0    16     1    16
     -0.0704158510 a       317     0    16     1    17
     -0.0851561435 a       318     0    16     1    18
      0.3309974881 a       319     0    16     1    19
     -0.4258731709 a       320     0    16     1    20
      0.0696300988 a       321     0    17     1     1
      0.3710312692 a       322     0    17     1     2
      0.2257559009 a       323     0    17     1     3
     -0.1409880700 a       324     0    17     1     4
      0.3345313881 a       325     0    17     1     5
      0.2721893026 a       326     0    17     1     6
      0.2649394596 a       327     0    17     1     7
      0.3150997649 a       328     0    17     1     8
      0.2906588368 a       329     0    17     1     9
      0.0749059047 a       330     0    17     1    10
     -0.0872815872 a       331     0    17     1    11
     -0.0828872522 a       332     0    17     1    12
     -0.1418559581 a       333     0    17     1    13
     -0.2965980439 a       334     0    17     1    14
      0.1509149434 a       335     0    17     1    15
     -0.4177746836 a       336     0    17     1    16
      0.1499943514 a       337     0    17     1    17
      0.2830929563 a       338     0    17     1    18
      0.4672344611 a       339     0    17     1    19
     -0.2107502049 a       340     0    17     1    20
     -0.0881429928 a       341     0    18     1     1
     -0.1709763159 a       342     0    18     1     2
      0.0097886798 a       343     0    18     1     3
     -0.2444789806 a       344     0    18     1     4
     -0.1473170826 a       345     0    18     1     5
     -0.0782283809 a       346     0    18     1     6
     -0.4393778796 a       347     0    18     1     7
      0.3491132093 a       348     0    18     1     8
     -0.0999775205 a       349     0    18     1     9
      0.0904612158 a       350     0    18     1    10
      0.3320645850 a       351     0    18     1    11
      0.0471904435 a       352     0    18     1    12
      0.4403084162 a       353     0    18     1    13
     -0.0774325116 a       354     0    18     1    14
     -0.0942138785 a       355     0    18     1    15
      0.1000916237 a       356     0    18     1    16
     -0.3964828740 a       357     0    18     1    17
     -0.3499520281 a       358     0    18     1    18
      0.3147304244 a       359     0    18     1    19
     -0.2861304062 a       360     0    18     1    20
     -0.3065500225 a       361     0    19     1     1
     -0.3727646421 a       362     0    19     1     2
      0.3879927819 a       363     0    19     1     3
     -0.3388504408 a       364     0    19     1     4
      0.2627209007 a       365     0    19     1     5
      0.1485337847 a       366     0    19     1     6
     -0.0759457218 a       367     0    19     1     7
     -0.1895704739 a       368     0    19     1     8
     -0.1782019324 a       369     0    19     1     9
      0.1459869013 a       370     0    19     1    10
      0.4520129809 a       371     0    19     1    11
      0.1385345146 a       372     0    19     1    12
      0.1199998986 a       373     0    19     1    13
      0.1603410245 a       374     0    19     1    14
      0.0980936697 a       375     0    19     1    15
     -0.3344024074 a       376     0    19     1    16
      0.0684726068 a       377     0    19     1    17
     -0.3838011206 a       378     0    19     1    18
      0.0166590934 a       379     0    19     1    19
      0.0866070155 a       380     0    19     1    20
     -0.3656395344 a       381     0    20     1     1
     -0.0785278553 a       382     0    20     1     2
      0.4813848497 a       383     0    20     1     3
     -0.3056789069 a       384     0    20     1     4
      0.2949073231 a       385     0    20     1     5
     -0.3793309333 a       386     0    20     1     6
      0.1946601737 a       387     0    20     1     7
     -0.3990193367 a       388     0    20     1     8
      0.0637087039 a       389     0    20     1     9
     -0.4316250024 a       390     0    20     1    10
      0.4426344858 a       391     0    20     1    11
     -0.3426781283 a       392     0    20     1    12
     -0.3309562643 a       393     0    20     1    13
     -0.4047608437 a       394     0    20     1    14
     -0.0808724883 a       395     0    20     1    15
      0.4265722660 a       396     0    20     1    16
      0.2255223657 a       397     0    20     1    17
      0.3187376511 a       398     0    20     1    18
     -0.3477449554 a       399     0    20     1    19
     -0.4274772641 a       400     0    20     1    20
      0.3056047763 a       401     0    21     1     1
      0.0462681248 a       402     0    21     1     2
      0.3356064440 a       403     0    21     1     3
     -0.3415234852 a       404     0    21     1     4
      0.3409494837 a       405     0    21     1     5
     -0.0874203608 a       406     0    21     1     6
     -0.3944102023 a       407     0    21     1     7
      0.0370556982 a       408     0    21     1     8
     -0.2076016078 a       409     0    21     1     9
     -0.3190766053 a       410     0    21     1    10
     -0.1353459257 a       411     0    21     1    11
      0.2101022874 a       412     0    21     1    12
     -0.0345817355 a       413     0    21     1    13
      0.0888077195 a       414     0    21     1    14
     -0.2537455916 a       415     0    21     1    15
     -0.3577064697 a       416     0    21     1    16
      0.4444888660 a       417     0    21     1    17
     -0.0527650141 a       418     0    21     1    18
     -0.0111701385 a       419     0    21     1    19
      0.0264373586 a       420     0    21     1    20
      0.4400020462 a       421     0    22     1     1
     -0.4398560399 a       422     0    22     1     2
      0.3639779673 a       423     0    22     1     3
     -0.0127053891 a       424     0    22     1     4
     -0.1248136246 a       425     0    22     1     5
      0.1226918907 a       426     0    22     1     6
      0.4454489408 a       427     0    22     1     7
     -0.0512596846 a       428     0    22     1     8
      0.1896192974 a       429     0    22     1     9
     -0.0153906466 a       430     0    22     1    10
     -0.1750970587 a       431     0    22     1    11
      0.4409621726 a       432     0    22     1    12
     -0.4612817236 a       433     0    22     1    13
     -0.0579410375 a       434     0    22     1    14
     -0.2711362881 a       435     0    22     1    15
      0.1627239573 a       436     0    22     1    16
      0.4197728536 a       437     0    22     1    17
     -0.2599034829 a       438     0    22     1    18
     -0.2947056672 a       439     0    22     1    19
     -0.0979894723 a       440     0    22     1    20
      0.0188875104 a       441     0    23     1     1
     -0.3766231023 a       442     0    23     1     2
      0.0063188346 a       443     0    23     1     3
     -0.2998586262 a       444     0    23     1     4
      0.4448905746 a       445     0    23     1     5
      0.4539124099 a       446     0    23     1     6
      0.0596229440 a       447     0    23     1     7
      0.4660606528 a       448     0    23     1     8
     -0.2068566577 a       449     0    23     1     9
      0.4168057178 a       450     0    23     1    10
     -0.0957424320 a       451     0    23     1    11
     -0.1584193169 a       452     0    23     1    12
      0.3642685781 a       453     0    23     1    13
      0.2292050740 a       454     0    23     1    14
     -0.2143353916 a       455     0    23     1    15
      0.2255207864 a       456     0    23     1    16
      0.2675484775 a       457     0    23     1    17
      0.1047888246 a       458     0    23     1    18
     -0.2427511291 a       459     0    23     1    19
      0.2158335221 a       460     0    23     1    20
      0.2352715337 a       461     0    24     1     1
      0.1010714286 a       462     0    24     1     2
     -0.0568125945 a       463     0    24     1     3
      0.4536855943 a       464     0    24     1     4
      0.2978933860 a       465     0    24     1     5
     -0.3964550402 a       466     0    24     1     6
      0.2348447853 a       467     0    24     1     7
      0.1593049024 a       468     0    24     1     8
     -0.0421791626 a       469     0    24     1     9
     -0.0796548798 a       470     0    24     1    10
      0.2770512393 a       471     0    24     1    11
      0.1980970644 a       472     0    24     1    12
      0.1704691650 a       473     0    24     1    13
     -0.0994415384 a       474     0    24     1    14
     -0.4849978666 a       475     0    24     1    15
     -0.3837169045 a       476     0    24     1    16
      0.1474002458 a       477     0    24     1    17
     -0.1088839434 a       478     0    24     1    18
     -0.3943796281 a       479     0    24     1    19
      0.3797385057 a       480     0    24     1    20
      0.4033540991 a       481     0    25     1     1
      0.4390865483 a       482     0    25     1     2
     -0.2727394316 a       483     0    25     1     3
     -0.3803431344 a       484     0    25     1     4
      0.3792157332 a       485     0    25     1     5
     -0.3804751158 a       486     0    25     1     6
      0.2119508495 a       487     0    25     1     7
     -0.1611042778 a       488     0    25     1     8
     -0.2135064753 a       489     0    25     1     9
      0.3354246446 a       490     0    25     1    10
      0.2655595470 a       491     0    25     1    11
      0.1566034785 a       492     0    25     1    12
     -0.1336388231 a       493     0    25     1    13
      0.1373533963 a       494     0    25     1    14
      0.0718518481 a       495     0    25     1    15
      0.2208543761 a       496     0    25     1    16
      0.0693983950 a       497     0    25     1    17
     -0.2248619032 a       498     0    25     1    18
      0.0510755940 a       499     0    25     1    19
      0.3172163906 a       500     0    25     1    20
      0.0383612590 a       501     0    26     1     1
     -0.1647607607 a       502     0    26     1     2
      0.2014787518 a       503     0    26     1     3
      0.2571633189 a       504     0    26     1     4
     -0.0567494789 a       505     0    26     1     5
      0.2925219455 a       506     0    26     1     6
      0.3331678074 a       507     0    26     1     7
     -0.2948678077 a       508     0    26     1     8
      0.4248629730 a       509     0    26     1     9
      0.1439610677 a       510     0    26     1    10
     -0.1102454998 a       511     0    26     1    11
      0.3190253549 a       512     0    26     1    12
     -0.1687735184 a       513     0    26     1    13
     -0.1197782570 a       514     0    26     1    14
      0.2096579190 a       515     0    26     1    15
     -0.0340445441 a       516     0    26     1    16
      0.3935026691 a       517     0    26     1    17
      0.1474466381 a       518     0    26     1    18
     -0.3317171730 a       519     0    26     1    19
      0.3994627671 a       520     0    26     1    20
     -0.1215839488 a       521     0    27     1     1
      0.1986390753 a       522     0    27     1     2
      0.3444495265 a       523     0    27     1     3
      0.0352971067 a       524     0    27     1     4
      0.2241229288 a       525     0    27     1     5
      0.2877954846 a       526     0    27     1     6
      0.3935003544 a       527     0    27     1     7
     -0.1779978384 a       528     0    27     1     8
      0.5495094767 a       529     0    27     1     9
     -0.2258638717 a       530     0    27     1    10
      0.1924272694 a       531     0    27     1    11
     -0.3046335514 a       532     0    27     1    12
     -0.0668653876 a       533     0    27     1    13
     -0.0291685072 a       534     0    27     1    14
     -0.2341501589 a       535     0    27     1    15
     -0.4690977691 a       536     0    27     1    16
     -0.2360138743 a       537     0    27     1    17
      0.3177611752 a       538     0    27     1    18
      0.2761427848 a       539     0    27     1    19
     -0.0367606605 a       540     0    27     1    20
      0.1726503610 a       541     0    28     1     1
      0.3979301694 a       542     0    28     1     2
     -0.1770258923 a       543     0    28     1     3
      0.1264409638 a       544     0    28     1     4
     -0.2426854476 a       545     0    28     1     5
      0.3803664462 a       546     0    28     1     6
     -0.4063765049 a       547     0    28     1     7
      0.2833911713 a       548     0    28     1     8
     -0.0539868730 a       549     0    28     1     9
      0.4077006535 a       550     0    28     1    10
      0.2793322595 a       551     0    28     1    11
     -0.2361697244 a       552     0    28     1    12
     -0.1924330602 a       553     0    28     1    13
      0.1668762440 a       554     0    28     1    14
      0.4206280759 a       555     0    28     1    15
     -0.0501716151 a       556     0    28     1    16
      0.5112623871 a       557     0    28     1    17
     -0.0905872459 a       558     0    28     1    18
     -0.3897452409 a       559     0    28     1    19
     -0.4206515004 a       560     0    28     1    20
      0.4409354883 a       561     0    29     1     1
      0.2438524922 a       562     0    29     1     2
     -0.2947611517 a       563     0    29     1     3
     -0.0764646414 a       564     0    29     1     4
     -0.1813200903 a       565     0    29     1     5
     -0.1806734322 a       566     0    29     1     6
     -0.2480896551 a       567     0    29     1     7
      0.0655069289 a       568     0    29     1     8
     -0.4705912131 a       569     0    29     1     9
      0.4164527818 a       570     0    29     1    10
     -0.2781950684 a       571     0    29     1    11
      0.4679818448 a       572     0    29     1    12
      0.1852787347 a       573     0    29     1    13
      0.0068741635 a       574     0    29     1    14
      0.0070001709 a       575     0    29     1    15
      0.0722085213 a       576     0    29     1    16
     -0.1971774034 a       577     0    29     1    17
      0.1931084886 a       578     0    29     1    18
     -0.1451670355 a       579     0    29     1    19
     -0.2538388841 a       580     0    29     1    20
     -0.2773542524 a       581     0    30     1     1
      0.3597854161 a       582     0    30     1     2
      0.1512767450 a       583     0    30     1     3
      0.3247612477 a       584     0    30     1     4
      0.4525531169 a       585     0    30     1     5
      0.3400442928 a       586     0    30     1     6
     -0.2930286999 a       587     0    30     1     7
     -0.4357506630 a       588     0    30     1     8
     -0.1007657315 a       589     0    30     1     9
     -0.3296013227 a       590     0    30     1    10
     -0.3917764657 a       591     0    30     1    11
     -0.2377406521 a       592     0    30     1    12
     -0.4726562320 a       593     0    30     1    13
     -0.2331572084 a       594     0    30     1    14
     -0.3175590283 a       595     0    30     1    15
      0.1283507746 a       596     0    30     1    16
     -0.1015822033 a       597     0    30     1    17
      0.2347576268 a       598     0    30     1    18
      0.0423471282 a       599     0    30     1    19
     -0.3702351365 a       600     0    30     1    20
     -0.3830742253 a       601     0    31     1     1
      0.3142815647 a       602     0    31     1     2
     -0.3788460747 a       603     0    31     1     3
     -0.0034505807 a       604     0    31     1     4
     -0.0787751234 a       605     0    31     1     5
     -0.0346327948 a       606     0    31     1     6
      0.0475885133 a       607     0    31     1     7
      0.1933740906 a       608     0    31     1     8
      0.2759889685 a       609     0    31     1     9
     -0.2459701108 a       610     0    31     1    10
     -0.2610655729 a       611     0    31     1    11
     -0.2402564162 a       612     0    31     1    12
      0.4323567663 a       613     0    31     1    13
     -0.3050657406 a       614     0    31     1    14
     -0.0371927677 a       615     0    31     1    15
     -0.1210530438 a       616     0    31     1    16
      0.0972509758 a       617     0    31     1    17
      0.4333582775 a       618     0    31     1    18
      0.1474981091 a       619     0    31     1    19
     -0.0819782046 a       620     0    31     1    20
      1.2862384195 b       621     1     1
      0.7089226793 b       622     1     2
     -1.0455026945 b       623     1     3
      0.0724014754 b       624     1     4
     -0.0678483005 b       625     1     5
      1.4585266605 b       626     1     6
      0.2315802912 b       627     1     7
     -0.6630233485 b       628     1     8
     -0.3699375390 b       629     1     9
      1.0781381567 b       630     1    10
      1.1666322691 b       631     1    11
      1.1519234320 b       632     1    12
      1.4999820610 b       633     1    13
      0.6027298822 b       634     1    14
     -0.8049935097 b       635     1    15
     -0.6528858679 b       636     1    16
      1.1568293050 b       637     1    17
     -0.2095404558 b       638     1    18
      0.3607673960 b       639     1    19
      1.0008248150 b       640     1    20
      0.1057063156 a       641     1     1     2     1
      0.0559503256 a       642     1     1     2     2
     -0.1196875293 a       643     1     1     2     3
     -0.5084675856 a       644     1     1     2     4
     -0.4379592463 a       645     1     1     2     5
      0.1294230145 a       646     1     1     2     6
     -0.0072251640 a       647     1     1     2     7
      0.2712634781 a       648     1     1     2     8
      0.2064010057 a       649     1     1     2     9
      0.5372377846 a       650     1     1     2    10
     -0.6292505565 a       651     1     1     2    11
     -0.2819387960 a       652     1     1     2    12
      0.3103592023 a       653     1     1     2    13
      0.1505035111 a       654     1     1     2    14
     -0.1259996924 a       655     1     1     2    15
     -0.3001145061 a       656     1     1     2    16
      0.1277834957 a       657     1     1     2    17
      0.5429406795 a       658     1     1     2    18
     -0.1787148288 a       659     1     1     2    19
      0.2316893344 a       660     1     1     2    20
      0.2322540324 a       661     1     2     2     1
      0.5483347153 a       662     1     2     2     2
     -0.3788120885 a       663     1     2     2     3
     -0.5723322226 a       664     1     2     2     4
     -0.1179064566 a       665     1     2     2     5
      0.0154845084 a       666     1     2     2     6
     -0.2954195808 a       667     1     2     2     7
     -0.5195282098 a       668     1     2     2     8
      0.1418058618 a       669     1     2     2     9
      0.0202949611 a       670     1     2     2    10
      0.4034817123 a       671     1     2     2    11
     -0.0729912105 a       672     1     2     2    12
     -0.2158119020 a       673     1     2     2    13
     -0.4732583778 a       674     1     2     2    14
      0.3905018146 a       675     1     2     2    15
      0.4707736255 a       676     1     2     2    16
      0.5369394174 a       677     1     2     2    17
      0.1552830135 a       678     1     2     2    18
      0.4571778948 a       679     1     2     2    19
     -0.2567120164 a       680     1     2     2    20
     -0.2175742981 a       681     1     3     2     1
      0.2021450459 a       682     1     3     2     2
      0.4121490141 a       683     1     3     2     3
     -0.1582739898 a       684     1     3     2     4
      0.0333105697 a       685     1     3     2     5
     -0.4922832182 a       686     1     3     2     6
      0.0413858811 a       687     1     3     2     7
     -0.2640310675 a       688     1     3     2     8
     -0.3298103233 a       689     1     3     2     9
      0.4645943497 a       690     1     3     2    10
     -0.3753380256 a       691     1     3     2    11
      0.4333191998 a       692     1     3     2    12
     -0.4903267412 a       693     1     3     2    13
      0.5689302089 a       694     1     3     2    14
      0.4268245270 a       695     1     3     2    15
     -0.5722164118 a       696     1     3     2    16
      0.4340674050 a       697     1     3     2    17
     -0.0471629156 a       698     1     3     2    18
      0.5229373658 a       699     1     3     2    19
      0.5364182506 a       700     1     3     2    20
      0.4526673533 a       701     1     4     2     1
     -0.4518909263 a       702     1     4     2     2
     -0.0405606908 a       703     1     4     2     3
      0.4072445358 a       704     1     4     2     4
      0.1910905485 a       705     1     4     2     5
     -0.0869253603 a       706     1     4     2     6
      0.4514685795 a       707     1     4     2     7
      0.3129075335 a       708     1     4     2     8
      0.5382605181 a       709     1     4     2     9
     -0.5426081805 a       710     1     4     2    10
     -0.0476065307 a       711     1     4     2    11
     -0.1491618783 a       712     1     4     2    12
      0.5256440584 a       713     1     4     2    13
     -0.4654254892 a       714     1     4     2    14
      0.1648627148 a       715     1     4     2    15
      0.1034464000 a       716     1     4     2    16
     -0.2583942468 a       717     1     4     2    17
     -0.1554244070 a       718     1     4     2    18
     -0.2766805339 a       719     1     4     2    19
     -0.4260389215 a       720     1     4     2    20
      0.3500640201 a       721     1     5     2     1
      0.1011705522 a       722     1     5     2     2
     -0.3016639687 a       723     1     5     2     3
     -0.1332147185 a       724     1     5     2     4
     -0.1103585946 a       725     1     5     2     5
      0.5767014044 a       726     1     5     2     6
     -0.4983977906 a       727     1     5     2     7
     -0.4107942881 a       728     1     5     2     8
      0.4173553777 a       729     1     5     2     9
      0.0808350434 a       730     1     5     2    10
     -0.2732390025 a       731     1     5     2    11
     -0.4357242785 a       732     1     5     2    12
     -0.2487097481 a       733     1     5     2    13
      0.1776702549 a       734     1     5     2    14
     -0.2583951090 a       735     1     5     2    15
     -0.6755389555 a       736     1     5     2    16
      0.0297262178 a       737     1     5     2    17
      0.3798034292 a       738     1     5     2    18
     -0.2495528069 a       739     1     5     2    19
     -0.2971173650 a       740     1     5     2    20
      0.3072654775 a       741     1     6     2     1
      0.4011621818 a       742     1     6     2     2
      0.5783772227 a       743     1     6     2     3
     -0.4575071621 a       744     1     6     2     4
     -0.5095410637 a       745     1     6     2     5
     -0.5751386259 a       746     1     6     2     6
     -0.4503661836 a       747     1     6     2     7
     -0.1646915964 a       748     1     6     2     8
      0.4565817697 a       749     1     6     2     9
      0.4329375177 a       750     1     6     2    10
     -0.5833989043 a       751     1     6     2    11
     -0.1568140004 a       752     1     6     2    12
      0.0289491830 a       753     1     6     2    13
     -0.4700918916 a       754     1     6     2    14
      0.5563539024 a       755     1     6     2    15
      0.3835027668 a       756     1     6     2    16
      0.3386117122 a       757     1     6     2    17
     -0.4905495466 a       758     1     6     2    18
     -0.1492656475 a       759     1     6     2    19
      0.1950210712 a       760     1     6     2    20
      0.1204674662 a       761     1     7     2     1
      0.2734455469 a       762     1     7     2     2
     -0.4983877406 a       763     1     7     2     3
     -0.4673927862 a       764     1     7     2     4
      0.4955143359 a       765     1     7     2     5
     -0.1263331020 a       766     1     7     2     6
     -0.2765218781 a       767     1     7     2     7
     -0.0190597134 a       768     1     7     2     8
      0.4126003901 a       769     1     7     2     9
     -0.0192544017 a       770     1     7     2    10
      0.3630331695 a       771     1     7     2    11
     -0.5917527379 a       772     1     7     2    12
     -0.1763777400 a       773     1     7     2    13
      0.4008522844 a       774     1     7     2    14
      0.4358145024 a       775     1     7     2    15
      0.0300420063 a       776     1     7     2    16
      0.1615891732 a       777     1     7     2    17
      0.1295849108 a       778     1     7     2    18
      0.1503249138 a       779     1     7     2    19
      0.1672516736 a       780     1     7     2    20
      0.5333151493 a       781     1     8     2     1
      0.5100550478 a       782     1     8     2     2
      0.5883246397 a       783     1     8     2     3
      0.2941502529 a       784     1     8     2     4
      0.1404976851 a       785     1     8     2     5
     -0.3847442011 a       786     1     8     2     6
     -0.3516915739 a       787     1     8     2     7
      0.3850025415 a       788     1     8     2     8
      0.3601838227 a       789     1     8     2     9
     -0.2963229031 a       790     1     8     2    10
      0.5852352918 a       791     1     8     2    11
     -0.1931739701 a       792     1     8     2    12
      0.5650688784 a       793     1     8     2    13
      0.3489286737 a       794     1     8     2    14
     -0.5803540533 a       795     1     8     2    15
      0.3075122800 a       796     1     8     2    16
      0.4799770230 a       797     1     8     2    17
     -0.4378788544 a       798     1     8     2    18
      0.5404707784 a       799     1     8     2    19
      0.2181028659 a       800     1     8     2    20
      0.4476312926 a       801     1     9     2     1
      0.1926789988 a       802     1     9     2     2
     -0.1283163605 a       803     1     9     2     3
     -0.4684417285 a       804     1     9     2     4
      0.4384158127 a       805     1     9     2     5
      0.4219411621 a       806     1     9     2     6
     -0.3728957789 a       807     1     9     2     7
     -0.3889042650 a       808     1     9     2     8
      0.3628666066 a       809     1     9     2     9
      0.4341979180 a       810     1     9     2    10
      0.1163456459 a       811     1     9     2    11
      0.0494257859 a       812     1     9     2    12
      0.4892220825 a       813     1     9     2    13
      0.3459219536 a       814     1     9     2    14
     -0.2901013850 a       815     1     9     2    15
     -0.2366268689 a       816     1     9     2    16
     -0.2980789341 a       817     1     9     2    17
      0.0934808332 a       818     1     9     2    18
     -0.1894089059 a       819     1     9     2    19
     -0.4003736170 a       820     1     9     2    20
      0.1991549236 a       821     1    10     2     1
      0.2456735192 a       822     1    10     2     2
      0.1339803966 a       823     1    10     2     3
     -0.1134682483 a       824     1    10     2     4
      0.5441011357 a       825     1    10     2     5
     -0.5311603687 a       826     1    10     2     6
     -0.4887894548 a       827     1    10     2     7
      0.5633841632 a       828     1    10     2     8
      0.0221449973 a       829     1    10     2     9
     -0.5816752784 a       830     1    10     2    10
      0.3220981987 a       831     1    10     2    11
      0.1348974164 a       832     1    10     2    12
     -0.1154507117 a       833     1    10     2    13
     -0.1461969968 a       834     1    10     2    14
      0.4832415269 a       835     1    10     2    15
      0.3260087563 a       836     1    10     2    16
      0.3038625686 a       837     1    10     2    17
      0.2981648873 a       838     1    10     2    18
      0.4741380505 a       839     1    10     2    19
     -0.5780495271 a       840     1    10     2    20
     -0.5151386510 a       841     1    11     2     1
      0.1312054202 a       842     1    11     2     2
      0.1011552010 a       843     1    11     2     3
      0.4213451700 a       844     1    11     2     4
     -0.2636387250 a       845     1    11     2     5
     -0.6125174249 a       846     1    11     2     6
      0.3252498486 a       847     1    11     2     7
      0.4320528330 a       848     1    11     2     8
      0.5223042339 a       849     1    11     2     9
      0.2979421876 a       850     1    11     2    10
      0.2363700314 a       851     1    11     2    11
     -0.3500017696 a       852     1    11     2    12
     -0.5141366654 a       853     1    11     2    13
      0.3650658894 a       854     1    11     2    14
      0.0816400283 a       855     1    11     2    15
     -0.1437152402 a       856     1    11     2    16
     -0.4029468867 a       857     1    11     2    17
     -0.5243886578 a       858     1    11     2    18
     -0.4067661269 a       859     1    11     2    19
      0.3152000333 a       860     1    11     2    20
      0.3840596101 a       861     1    12     2     1
      0.3941977413 a       862     1    12     2     2
      0.2016725337 a       863     1    12     2     3
      0.2701758910 a       864     1    12     2     4
     -0.2613414826 a       865     1    12     2     5
      0.0262715507 a       866     1    12     2     6
      0.3498073512 a       867     1    12     2     7
     -0.1520007741 a       868     1    12     2     8
      0.4240896076 a       869     1    12     2     9
     -0.3525014190 a       870     1    12     2    10
     -0.0851565234 a       871     1    12     2    11
      0.6352666764 a       872     1    12     2    12
      0.4578343300 a       873     1    12     2    13
     -0.3605529829 a       874     1    12     2    14
     -0.1207471247 a       875     1    12     2    15
      0.1825100795 a       876     1    12     2    16
      0.3730459579 a       877     1    12     2    17
     -0.6591093000 a       878     1    12     2    18
      0.2439639891 a       879     1    12     2    19
     -0.4483826784 a       880     1    12     2    20
      0.2568851121 a       881     1    13     2     1
     -0.4921286941 a       882     1    13     2     2
     -0.3816731156 a       883     1    13     2     3
      0.4286249494 a       884     1    13     2     4
     -0.3668802814 a       885     1    13     2     5
     -0.2534229001 a       886     1    13     2     6
     -0.4522089945 a       887     1    13     2     7
      0.4311674084 a       888     1    13     2     8
     -0.5072052914 a       889     1    13     2     9
      0.0035372578 a       890     1    13     2    10
     -0.1175253550 a       891     1    13     2    11
      0.2459065114 a       892     1    13     2    12
     -0.1941642464 a       893     1    13     2    13
      0.1472986138 a       894     1    13     2    14
      0.6223271965 a       895     1    13     2    15
      0.2847131207 a       896     1    13     2    16
      0.0855400334 a       897     1    13     2    17
      0.1488298682 a       898     1    13     2    18
      0.1320488932 a       899     1    13     2    19
      0.3149935266 a       900     1    13     2    20
     -0.5345850428 a       901     1    14     2     1
     -0.0238638182 a       902     1    14     2     2
      0.0080528023 a       903     1    14     2     3
      0.3846264463 a       904     1    14     2     4
     -0.5131456209 a       905     1    14     2     5
     -0.1599373980 a       906     1    14     2     6
     -0.3690680602 a       907     1    14     2     7
     -0.2308208018 a       908     1    14     2     8
      0.2202004647 a       909     1    14     2     9
     -0.1385042105 a       910     1    14     2    10
      0.2249193996 a       911     1    14     2    11
     -0.5268461729 a       912     1    14     2    12
      0.5123633694 a       913     1    14     2    13
     -0.2779442146 a       914     1    14     2    14
     -0.5294555774 a       915     1    14     2    15
      0.1594051627 a       916     1    14     2    16
      0.5666605136 a       917     1    14     2    17
      0.6837124597 a       918     1    14     2    18
     -0.3110482776 a       919     1    14     2    19
      0.3336714661 a       920     1    14     2    20
      0.2922547569 a       921     1    15     2     1
     -0.4689031864 a       922     1    15     2     2
      0.5955738750 a       923     1    15     2     3
     -0.1582312164 a       924     1    15     2     4
      0.1668918127 a       925     1    15     2     5
      0.0671395419 a       926     1    15     2     6
     -0.3531550542 a       927     1    15     2     7
     -0.1380612709 a       928     1    15     2     8
      0.2190381763 a       929     1    15     2     9
     -0.2014482473 a       930     1    15     2    10
      0.2589700925 a       931     1    15     2    11
     -0.2704399705 a       932     1    15     2    12
      0.2956366516 a       933     1    15     2    13
     -0.4171309875 a       934     1    15     2    14
     -0.1318837975 a       935     1    15     2    15
     -0.0895928476 a       936     1    15     2    16
     -0.4608281615 a       937     1    15     2    17
     -0.3229912209 a       938     1    15     2    18
      0.4757086728 a       939     1    15     2    19
      0.3150999180 a       940     1    15     2    20
      0.4401583213 a       941     1    16     2     1
     -0.4072714714 a       942     1    16     2     2
      0.4006573971 a       943     1    16     2     3
     -0.3595347071 a       944     1    16     2     4
      0.2335424427 a       945     1    16     2     5
      0.2028375247 a       946     1    16     2     6
      0.3211229701 a       947     1    16     2     7
      0.2811601536 a       948     1    16     2     8
      0.2048353074 a       949     1    16     2     9
     -0.5017601733 a       950     1    16     2    10
     -0.1660832701 a       951     1    16     2    11
     -0.1845463302 a       952     1    16     2    12
     -0.2816766694 a       953     1    16     2    13
      0.3429075887 a       954     1    16     2    14
      0.2210659489 a       955     1    16     2    15
      0.1653401009 a       956     1    16     2    16
      0.5221331055 a       957     1    16     2    17
     -0.1511356676 a       958     1    16     2    18
      0.4701827279 a       959     1    16     2    19
      0.3726473885 a       960     1    16     2    20
      0.3131334451 a       961     1    17     2     1
     -0.1315191483 a       962     1    17     2     2
     -0.6098939748 a       963     1    17     2     3
      0.2841247028 a       964     1    17     2     4
     -0.0123582851 a       965     1    17     2     5
      0.4595358304 a       966     1    17     2     6
      0.0978631808 a       967     1    17     2     7
     -0.5722425301 a       968     1    17     2     8
      0.1693458436 a       969     1    17     2     9
     -0.4412043364 a       970     1    17     2    10
      0.6205642838 a       971     1    17     2    11
     -0.5828675390 a       972     1    17     2    12
      0.1987937984 a       973     1    17     2    13
      0.5307693452 a       974     1    17     2    14
     -0.2508861286 a       975     1    17     2    15
      0.0537759721 a       976     1    17     2    16
      0.0957796639 a       977     1    17     2    17
     -0.0067560010 a       978     1    17     2    18
      0.3544675904 a       979     1    17     2    19
      0.3964258051 a       980     1    17     2    20
     -0.0810020688 a       981     1    18     2     1
      0.5466330175 a       982     1    18     2     2
     -0.2580539943 a       983     1    18     2     3
      0.2502980299 a       984     1    18     2     4
      0.4308291046 a       985     1    18     2     5
      0.0580487005 a       986     1    18     2     6
      0.1713490517 a       987     1    18     2     7
      0.5179490463 a       988     1    18     2     8
      0.2671141735 a       989     1    18     2     9
      0.2392824873 a       990     1    18     2    10
      0.5278631383 a       991     1    18     2    11
      0.2355285082 a       992     1    18     2    12
     -0.2356220028 a       993     1    18     2    13
     -0.1727587608 a       994     1    18     2    14
      0.1585182921 a       995     1    18     2    15
     -0.6375135915 a       996     1    18     2    16
      0.3066151076 a       997     1    18     2    17
      0.3495009116 a       998     1    18     2    18
      0.4119200681 a       999     1    18     2    19
     -0.4013505776 a      1000     1    18     2    20
      0.4146445746 a      1001     1    19     2     1
      0.5528800476 a      1002     1    19     2     2
     -0.3321597333 a      1003     1    19     2     3
      0.4521374056 a      1004     1    19     2     4
      0.5719702557 a      1005     1    19     2     5
     -0.5451027730 a      1006     1    19     2     6
     -0.4203299639 a      1007     1    19     2     7
     -0.3658525331 a      1008     1    19     2     8
      0.4795292228 a      1009     1    19     2     9
      0.3302870429 a      1010     1    19     2    10
      0.2235523878 a      1011     1    19     2    11
      0.0156617970 a      1012     1    19     2    12
      0.0279907105 a      1013     1    19     2    13
     -0.0112133301 a      1014     1    19     2    14
      0.4504929639 a      1015     1    19     2    15
      0.1404473584 a      1016     1    19     2    16
      0.5522518327 a      1017     1    19     2    17
     -0.2289081973 a      1018     1    19     2    18
     -0.1201532285 a      1019     1    19     2    19
     -0.5327757099 a      1020     1    19     2    20
      0.5017540953 a      1021     1    20     2     1
      0.2662722305 a      1022     1    20     2     2
     -0.0054837432 a      1023     1    20     2     3
     -0.1387635548 a      1024     1    20     2     4
     -0.4948641566 a      1025     1    20     2     5
      0.2591275782 a      1026     1    20     2     6
      0.5570020209 a      1027     1    20     2     7
      0.2096800029 a      1028     1    20     2     8
     -0.4362200843 a      1029     1    20     2     9
     -0.3883250809 a      1030     1    20     2    10
      0.0138810668 a      1031     1    20     2    11
      0.6005152291 a      1032     1    20     2    12
      0.5314122624 a      1033     1    20     2    13
      0.4650313819 a      1034     1    20     2    14
     -0.0030263866 a      1035     1    20     2    15
      0.7132668430 a      1036     1    20     2    16
     -0.0919762923 a      1037     1    20     2    17
      0.3279377888 a      1038     1    20     2    18
     -0.5452197800 a      1039     1    20     2    19
     -0.0900000346 a      1040     1    20     2    20
     -0.7278772596 b      1041     2     1
     -0.6213911440 b      1042     2     2
     -1.3080446818 b      1043     2     3
     -1.0821471651 b      1044     2     4
      0.4744741646 b      1045     2     5
     -0.3305078393 b      1046     2     6
     -0.5935319460 b      1047     2     7
      0.6836859615 b      1048     2     8
      1.3925454636 b      1049     2     9
     -0.0856716975 b      1050     2    10
      1.4990223791 b      1051     2    11
     -0.4015060288 b      1052     2    12
      0.7606357923 b      1053     2    13
      0.6489327344 b      1054     2    14
      1.0320641125 b      1055     2    15
      0.5283535070 b      1056     2    16
      0.9076400303 b      1057     2    17
      0.7225301601 b      1058     2    18
      0.6141903181 b      1059     2    19
     -0.5779474275 b      1060     2    20
      0.0177235827 a      1061     2     1     3     1
     -0.0091818234 a      1062     2     2     3     1
     -0.0057610587 a      1063     2     3     3     1
      0.0071955389 a      1064     2     4     3     1
     -0.0070669795 a      1065     2     5     3     1
      0.0064309767 a      1066     2     6     3     1
      0.0062086316 a      1067     2     7     3     1
     -0.0115101940 a      1068     2     8     3     1
     -0.0048278034 a      1069     2     9     3     1
      0.0101371360 a      1070     2    10     3     1
      0.0009872889 a      1071     2    11     3     1
     -0.0069450681 a      1072     2    12     3     1
     -0.0038591053 a      1073     2    13     3     1
      0.0066264682 a      1074     2    14     3     1
      0.0068854788 a      1075     2    15     3     1
      0.0035986974 a      1076     2    16     3     1
     -0.0029746272 a      1077     2    17     3     1
      0.0032951136 a      1078     2    18     3     1
     -0.0033916791 a      1079     2    19     3     1
     -0.0057828237 a      1080     2    20     3     1
     19.6549992162 b      1081     3     1
