     -0.0361703218 a         1     0     1     1     1
      0.4395817007 a         2     0     1     1     2
      0.0570134668 a         3     0     1     1     3
     -0.3762995896 a         4     0     1     1     4
     -0.2021010293 a         5     0     1     1     5
      0.2359733194 a         6     0     1     1     6
     -0.1186043022 a         7     0     1     1     7
      0.1891768425 a         8     0     1     1     8
     -0.3522686172 a         9     0     1     1     9
      0.0164844419 a        10     0     1     1    10
     -0.0602405481 a        11     0     1     1    11
      0.0536231165 a        12     0     1     1    12
     -0.3434996797 a        13     0     1     1    13
     -0.1064126375 a        14     0     1     1    14
      0.1883057367 a        15     0     1     1    15
      0.0270656887 a        16     0     1     1    16
      0.1301331940 a        17     0     1     1    17
     -0.3615349878 a        18     0     1     1    18
     -0.2890082065 a        19     0     1     1    19
     -0.0899504827 a        20     0     1     1    20
     -0.2485306218 a        21     0     2     1     1
      0.2319603141 a        22     0     2     1     2
      0.0968482136 a        23     0     2     1     3
     -0.2043548107 a        24     0     2     1     4
     -0.3460294128 a        25     0     2     1     5
     -0.4232555550 a        26     0     2     1     6
      0.1210798571 a        27     0     2     1     7
      0.3693656948 a        28     0     2     1     8
     -0.1114567138 a        29     0     2     1     9
     -0.2109253453 a        30     0     2     1    10
      0.2895497048 a        31     0     2     1    11
     -0.3191948879 a        32     0     2     1    12
      0.0817152371 a        33     0     2     1    13
      0.0347662551 a        34     0     2     1    14
      0.5269754750 a        35     0     2     1    15
     -0.2351803409 a        36     0     2     1    16
      0.2712552685 a        37     0     2     1    17
      0.1652329560 a        38     0     2     1    18
     -0.1533794307 a        39     0     2     1    19
      0.2989513613 a        40     0     2     1    20
     -0.0745638393 a        41     0     3     1     1
     -0.0078428028 a        42     0     3     1     2
      0.3822442504 a        43     0     3     1     3
      0.3761556303 a        44     0     3     1     4
     -0.0291065487 a        45     0     3     1     5
      0.1447004968 a        46     0     3     1     6
      0.4788941551 a        47     0     3     1     7
      0.4269361353 a        48     0     3     1     8
      0.1469448707 a        49     0     3     1     9
      0.1243899752 a        50     0     3     1    10
     -0.4035884026 a        51     0     3     1    11
     -0.3174201339 a        52     0     3     1    12
     -0.1252656308 a        53     0     3     1    13
      0.0821402832 a        54     0     3     1    14
     -0.2228199466 a        55     0     3     1    15
     -0.3579404844 a        56     0     3     1    16
     -0.0701548649 a        57     0     3     1    17
      0.1093982384 a        58     0     3     1    18
      0.1888021781 a        59     0     3     1    19
      0.0240744301 a        60     0     3     1    20
     -0.0143269009 a        61     0     4     1     1
     -0.2987830835 a        62     0     4     1     2
     -0.2686355586 a        63     0     4     1     3
     -0.2600920023 a        64     0     4     1     4
      0.2160085097 a        65     0     4     1     5
     -0.2159616332 a        66     0     4     1     6
      0.3151467469 a        67     0     4     1     7
     -0.2144771336 a        68     0     4     1     8
      0.0456071466 a        69     0     4     1     9
      0.2244714169 a        70     0     4     1    10
     -0.3100865591 a        71     0     4     1    11
     -0.2743615606 a        72     0     4     1    12
      0.3717790918 a        73     0     4     1    13
     -0.4703376893 a        74     0     4     1    14
      0.1377830153 a        75     0     4     1    15
      0.4493073067 a        76     0     4     1    16
     -0.3826388380 a        77     0     4     1    17
     -0.4032710656 a        78     0     4     1    18
     -0.3541295243 a        79     0     4     1    19
      0.2038865259 a        80     0     4     1    20
     -0.0964652719 a        81     0     5     1     1
     -0.1871809822 a        82     0     5     1     2
      0.3405579822 a        83     0     5     1     3
     -0.4277530699 a        84     0     5     1     4
      0.1637048942 a        85     0     5     1     5
     -0.4076003843 a        86     0     5     1     6
      0.1759587086 a        87     0     5     1     7
     -0.1086733411 a        88     0     5     1     8
     -0.4322565393 a        89     0     5     1     9
     -0.3017015490 a        90     0     5     1    10
     -0.0225516205 a        91     0     5     1    11
     -0.2616001943 a        92     0     5     1    12
      0.0041032010 a        93     0     5     1    13
     -0.3723155426 a        94     0     5     1    14
     -0.3751471686 a        95     0     5     1    15
     -0.0599730593 a        96     0     5     1    16
     -0.2517076286 a        97     0     5     1    17
     -0.0707333473 a        98     0     5     1    18
     -0.3882003723 a        99     0     5     1    19
     -0.1473872386 a       100     0     5     1    20
     -0.2391154342 a       101     0     6     1     1
      0.3656877028 a       102     0     6     1     2
     -0.0666211311 a       103     0     6     1     3
      0.3478870751 a       104     0     6     1     4
      0.4510967607 a       105     0     6     1     5
      0.3714675205 a       106     0     6     1     6
     -0.0414915040 a       107     0     6     1     7
      0.1522606785 a       108     0     6     1     8
     -0.1984583628 a       109     0     6     1     9
      0.1225799797 a       110     0     6     1    10
     -0.4490498549 a       111     0     6     1    11
     -0.3709313391 a       112     0     6     1    12
      0.1874587538 a       113     0     6     1    13
      0.4994068148 a       114     0     6     1    14
     -0.5280946907 a       115     0     6     1    15
      0.3971096091 a       116     0     6     1    16
     -0.1416225852 a       117     0     6     1    17
      0.3727268804 a       118     0     6     1    18
     -0.2895607979 a       119     0     6     1    19
     -0.4431529596 a       120     0     6     1    20
     -0.1378076441 a       121     0     7     1     1
     -0.3934222230 a       122     0     7     1     2
     -0.4551576626 a       123     0     7     1     3
     -0.0682955354 a       124     0     7     1     4
      0.2658590211 a       125     0     7     1     5
      0.1009857256 a       126     0     7     1     6
      0.1202317415 a       127     0     7     1     7
      0.4681459438 a       128     0     7     1     8
     -0.1860406510 a       129     0     7     1     9
      0.3183833236 a       130     0     7     1    10
      0.4543896999 a       131     0     7     1    11
     -0.4371419859 a       132     0     7     1    12
     -0.0900887546 a       133     0     7     1    13
      0.1127593478 a       134     0     7     1    14
      0.1850690620 a       135     0     7     1    15
     -0.1541701861 a       136     0     7     1    16
     -0.2714005572 a       137     0     7     1    17
      0.3811319983 a       138     0     7     1    18
      0.2118805692 a       139     0     7     1    19
      0.3683079751 a       140     0     7     1    20
     -0.2882373300 a       141     0     8     1     1
     -0.2548189524 a       142     0     8     1     2
     -0.2672276052 a       143     0     8     1     3
     -0.0157927056 a       144     0     8     1     4
     -0.4477925322 a       145     0     8     1     5
     -0.1105489036 a       146     0     8     1     6
     -0.1116433124 a       147     0     8     1     7
      0.0116413670 a       148     0     8     1     8
     -0.2480006589 a       149     0     8     1     9
      0.2189899068 a       150     0     8     1    10
     -0.3926975048 a       151     0     8     1    11
     -0.1828082357 a       152     0     8     1    12
     -0.3142455596 a       153     0     8     1    13
     -0.3637259339 a       154     0     8     1    14
      0.2008217127 a       155     0     8     1    15
      0.1344766130 a       156     0     8     1    16
      0.2888020378 a       157     0     8     1    17
     -0.3789397636 a       158     0     8     1    18
      0.3842568399 a       159     0     8     1    19
      0.4313980539 a       160     0     8     1    20
      0.3896354827 a       161     0     9     1     1
     -0.0174275950 a       162     0     9     1     2
     -0.2639650319 a       163     0     9     1     3
     -0.1047577771 a       164     0     9     1     4
     -0.0177845107 a       165     0     9     1     5
     -0.3724374192 a       166     0     9     1     6
      0.1701806164 a       167     0     9     1     7
     -0.3571038831 a       168     0     9     1     8
      0.3080270269 a       169     0     9     1     9
      0.4285354368 a       170     0     9     1    10
     -0.1239116006 a       171     0     9     1    11
     -0.2631854736 a       172     0     9     1    12
     -0.4139471960 a       173     0     9     1    13
      0.3504093287 a       174     0     9     1    14
      0.4687632408 a       175     0     9     1    15
     -0.4237384328 a       176     0     9     1    16
      0.4123629856 a       177     0     9     1    17
     -0.3674402772 a       178     0     9     1    18
     -0.3777301760 a       179     0     9     1    19
     -0.0817946125 a       180     0     9     1    20
     -0.2083943429 a       181     0    10     1     1
      0.2840206101 a       182     0    10     1     2
     -0.4625593978 a       183     0    10     1     3
      0.0013603888 a       184     0    10     1     4
      0.3212728638 a       185     0    10     1     5
     -0.0105470418 a       186     0    10     1     6
     -0.0830589387 a       187     0    10     1     7
      0.1136163991 a       188     0    10     1     8
     -0.1722469197 a       189     0    10     1     9
      0.3612004858 a       190     0    10     1    10
     -0.3320199658 a       191     0    10     1    11
     -0.2951895747 a       192     0    10     1    12
      0.2333761655 a       193     0    10     1    13
     -0.3194761260 a       194     0    10     1    14
     -0.0100259591 a       195     0    10     1    15
      0.2773052270 a       196     0    10     1    16
      0.0066753765 a       197     0    10     1    17
      0.2300639552 a       198     0    10     1    18
      0.2131230891 a       199     0    10     1    19
      0.3832721261 a       200     0    10     1    20
     -0.0868802973 a       201     0    11     1     1
     -0.0611582374 a       202     0    11     1     2
      0.1050344548 a       203     0    11     1     3
      0.2692476737 a       204     0    11     1     4
      0.2314217605 a       205     0    11     1     5
     -0.1307508154 a       206     0    11     1     6
      0.1884393487 a       207     0    11     1     7
     -0.4462464092 a       208     0    11     1     8
     -0.2924056723 a       209     0    11     1     9
      0.2216256713 a       210     0    11     1    10
      0.1969266499 a       211     0    11     1    11
     -0.3644267361 a       212     0    11     1    12
     -0.3040307520 a       213     0    11     1    13
     -0.4852597754 a       214     0    11     1    14
      0.4514201881 a       215     0    11     1    15
      0.1070949487 a       216     0    11     1    16
     -0.4732866167 a       217     0    11     1    17
      0.4333791183 a       218     0    11     1    18
     -0.2103819331 a       219     0    11     1    19
     -0.0616242323 a       220     0    11     1    20
      0.3728700388 a       221     0    12     1     1
     -0.1114203548 a       222     0    12     1     2
     -0.2066406954 a       223     0    12     1     3
      0.0660875693 a       224     0    12     1     4
      0.0110731412 a       225     0    12     1     5
     -0.0366551520 a       226     0    12     1     6
     -0.4805585735 a       227     0    12     1     7
      0.0082634640 a       228     0    12     1     8
      0.2588462115 a       229     0    12     1     9
      0.0300897113 a       230     0    12     1    10
     -0.1861035487 a       231     0    12     1    11
      0.2732200262 a       232     0    12     1    12
      0.1698667125 a       233     0    12     1    13
      0.4241627519 a       234     0    12     1    14
      0.2667009022 a       235     0    12     1    15
     -0.2476189867 a       236     0    12     1    16
     -0.2633323999 a       237     0    12     1    17
     -0.1044015066 a       238     0    12     1    18
     -0.3703766805 a       239     0    12     1    19
      0.2713336063 a       240     0    12     1    20
      0.2857770971 a       241     0    13     1     1
      0.0811238696 a       242     0    13     1     2
      0.0973443783 a       243     0    13     1     3
      0.4654865248 a       244     0    13     1     4
     -0.0475510841 a       245     0    13     1     5
      0.4465725312 a       246     0    13     1     6
     -0.1039913585 a       247     0    13     1     7
      0.1843565244 a       248     0    13     1     8
     -0.4498169380 a       249     0    13     1     9
     -0.4429606667 a       250     0    13     1    10
     -0.2130625843 a       251     0    13     1    11
     -0.1555737474 a       252     0    13     1    12
     -0.3704280445 a       253     0    13     1    13
     -0.2617292079 a       254     0    13     1    14
      0.1084817729 a       255     0    13     1    15
     -0.1712212886 a       256     0    13     1    16
     -0.0744496712 a       257     0    13     1    17
     -0.1945819497 a       258     0    13     1    18
      0.2663689540 a       259     0    13     1    19
      0.1597085944 a       260     0    13     1    20
      0.4192491143 a       261     0    14     1     1
      0.4061376126 a       262     0    14     1     2
      0.2954932157 a       263     0    14     1     3
     -0.2217871034 a       264     0    14     1     4
     -0.3884497655 a       265     0    14     1     5
      0.3767537046 a       266     0    14     1     6
      0.2239972720 a       267     0    14     1     7
     -0.4054930401 a       268     0    14     1     8
      0.4135712140 a       269     0    14     1     9
      0.0249083463 a       270     0    14     1    10
      0.0235564188 a       271     0    14     1    11
     -0.4114135443 a       272     0    14     1    12
     -0.1066989253 a       273     0    14     1    13
     -0.5003941137 a       274     0    14     1    14
      0.2489589028 a       275     0    14     1    15
     -0.0153749969 a       276     0    14     1    16
      0.2922986227 a       277     0    14     1    17
      0.2162994896 a       278     0    14     1    18
     -0.0530106606 a       279     0    14     1    19
      0.1382803344 a       280     0    14     1    20
     -0.4327247348 a       281     0    15     1     1
      0.0982731173 a       282     0    15     1     2
      0.0994279667 a       283     0    15     1     3
      0.2775350816 a       284     0    15     1     4
     -0.3206097204 a       285     0    15     1     5
      0.0383851395 a       286     0    15     1     6
      0.2919826859 a       287     0    15     1     7
      0.2201493817 a       288     0    15     1     8
      0.3281498238 a       289     0    15     1     9
      0.4739624758 a       290     0    15     1    10
      0.2676900557 a       291     0    15     1    11
     -0.0173801851 a       292     0    15     1    12
     -0.4099202536 a       293     0    15     1    13
     -0.2777172542 a       294     0    15     1    14
     -0.2573408227 a       295     0    15     1    15
      0.3554303812 a       296     0    15     1    16
      0.3137291057 a       297     0    15     1    17
      0.3570902680 a       298     0    15     1    18
      0.0653347480 a       299     0    15     1    19
      0.2776584391 a       300     0    15     1    20
      0.3796672777 a       301     0    16     1     1
      0.0975523842 a       302     0    16     1     2
      0.3225309828 a       303     0    16     1     3
     -0.4540133962 a       304     0    16     1     4
     -0.2167384662 a       305     0    16     1     5
     -0.0973036859 a       306     0    16     1     6
     -0.4089087046 a       307     0    16     1     7
     -0.1314349340 a       308     0    16     1     8
      0.2119887841 a       309     0    16     1     9
     -0.1728204785 a       310     0    16     1    10
     -0.0464348739 a       311     0    16     1    11
      0.2284591732 a       312     0    16     1    12
      0.2177157923 a       313     0    16     1    13
      0.0397103584 a       314     0    16     1    14
      0.1310246591 a       315     0    16     1    15
     -0.4047556117 a       316     0    16     1    16
     -0.0703611011 a       317     0    16     1    17
     -0.0851838064 a       318     0    16     1    18
      0.3310634452 a       319     0    16     1    19
     -0.4258651834 a       320     0    16     1    20
      0.0696295522 a       321     0    17     1     1
      0.3710338096 a       322     0    17     1     2
      0.2257608877 a       323     0    17     1     3
     -0.1410002419 a       324     0    17     1     4
      0.3345576129 a       325     0    17     1     5
      0.2721900613 a       326     0    17     1     6
      0.2649338613 a       327     0    17     1     7
      0.3150951238 a       328     0    17     1     8
      0.2907162584 a       329     0    17     1     9
      0.0748799687 a       330     0    17     1    10
     -0.0872930787 a       331     0    17     1    11
     -0.0828917504 a       332     0    17     1    12
     -0.1418600961 a       333     0    17     1    13
     -0.2965790309 a       334     0    17     1    14
      0.1509301306 a       335     0    17     1    15
     -0.4177801380 a       336     0    17     1    16
      0.1500248988 a       337     0    17     1    17
      0.2830857937 a       338     0    17     1    18
      0.4672675613 a       339     0    17     1    19
     -0.2107536614 a       340     0    17     1    20
     -0.0881417727 a       341     0    18     1     1
     -0.1709924504 a       342     0    18     1     2
      0.0097839556 a       343     0    18     1     3
     -0.2444577827 a       344     0    18     1     4
     -0.1472941094 a       345     0    18     1     5
     -0.0782294121 a       346     0    18     1     6
     -0.4393942982 a       347     0    18     1     7
      0.3491099244 a       348     0    18     1     8
     -0.0999497590 a       349     0    18     1     9
      0.0904398566 a       350     0    18     1    10
      0.3320606187 a       351     0    18     1    11
      0.0471867965 a       352     0    18     1    12
      0.4403113474 a       353     0    18     1    13
     -0.0774161523 a       354     0    18     1    14
     -0.0942063448 a       355     0    18     1    15
      0.1000922499 a       356     0    18     1    16
     -0.3964559816 a       357     0    18     1    17
     -0.3499612876 a       358     0    18     1    18
      0.3147551458 a       359     0    18     1    19
     -0.2861255243 a       360     0    18     1    20
     -0.3065442725 a       361     0    19     1     1
     -0.3727929698 a       362     0    19     1     2
      0.3879696572 a       363     0    19     1     3
     -0.3387648262 a       364     0    19     1     4
      0.2627352549 a       365     0    19     1     5
      0.1485298899 a       366     0    19     1     6
     -0.0759743944 a       367     0    19     1     7
     -0.1895756813 a       368     0    19     1     8
     -0.1782007308 a       369     0    19     1     9
      0.1459606142 a       370     0    19     1    10
      0.4520046317 a       371     0    19     1    11
      0.1385396865 a       372     0    19     1    12
      0.1200088338 a       373     0    19     1    13
      0.1603556322 a       374     0    19     1    14
      0.0981118328 a       375     0    19     1    15
     -0.3343850902 a       376     0    19     1    16
      0.0685073178 a       377     0    19     1    17
     -0.3838069884 a       378     0    19     1    18
      0.0166743145 a       379     0    19     1    19
      0.0866210751 a       380     0    19     1    20
     -0.3656404730 a       381     0    20     1     1
     -0.0785579972 a       382     0    20     1     2
      0.4813834626 a       383     0    20     1     3
     -0.3056076068 a       384     0    20     1     4
      0.2948246820 a       385     0    20     1     5
     -0.3793384250 a       386     0    20     1     6
      0.1946307024 a       387     0    20     1     7
     -0.3989800732 a       388     0    20     1     8
      0.0636411361 a       389     0    20     1     9
     -0.4316263038 a       390     0    20     1    10
      0.4426312231 a       391     0    20     1    11
     -0.3426574689 a       392     0    20     1    12
     -0.3309468470 a       393     0    20     1    13
     -0.4047183099 a       394     0    20     1    14
     -0.0808479650 a       395     0    20     1    15
      0.4265956212 a       396     0    20     1    16
      0.2255356730 a       397     0    20     1    17
      0.3187659879 a       398     0    20     1    18
     -0.3477853773 a       399     0    20     1    19
     -0.4274722388 a       400     0    20     1    20
      0.3056133514 a       401     0    21     1     1
      0.0463029251 a       402     0    21     1     2
      0.3356021732 a       403     0    21     1     3
     -0.3415357555 a       404     0    21     1     4
      0.3411122068 a       405     0    21     1     5
     -0.0874120343 a       406     0    21     1     6
     -0.3943990316 a       407     0    21     1     7
      0.0370156830 a       408     0    21     1     8
     -0.2073958444 a       409     0    21     1     9
     -0.3191595634 a       410     0    21     1    10
     -0.1353719109 a       411     0    21     1    11
      0.2100834410 a       412     0    21     1    12
     -0.0345980101 a       413     0    21     1    13
      0.0888123434 a       414     0    21     1    14
     -0.2537211210 a       415     0    21     1    15
     -0.3577435445 a       416     0    21     1    16
      0.4445456895 a       417     0    21     1    17
     -0.0527978449 a       418     0    21     1    18
     -0.0110515030 a       419     0    21     1    19
      0.0264222624 a       420     0    21     1    20
      0.4400021913 a       421     0    22     1     1
     -0.4398770081 a       422     0    22     1     2
      0.3639598821 a       423     0    22     1     3
     -0.0126495261 a       424     0    22     1     4
     -0.1248618478 a       425     0    22     1     5
      0.1226877304 a       426     0    22     1     6
      0.4454249037 a       427     0    22     1     7
     -0.0512618271 a       428     0    22     1     8
      0.1895607255 a       429     0    22     1     9
     -0.0153760155 a       430     0    22     1    10
     -0.1751002331 a       431     0    22     1    11
      0.4409661906 a       432     0    22     1    12
     -0.4612735297 a       433     0    22     1    13
     -0.0579342384 a       434     0    22     1    14
     -0.2711260797 a       435     0    22     1    15
      0.1627417340 a       436     0    22     1    16
      0.4197819666 a       437     0    22     1    17
     -0.2598931179 a       438     0    22     1    18
     -0.2947403870 a       439     0    22     1    19
     -0.0979782886 a       440     0    22     1    20
      0.0189025932 a       441     0    23     1     1
     -0.3766127475 a       442     0    23     1     2
      0.0062821944 a       443     0    23     1     3
     -0.2998037947 a       444     0    23     1     4
      0.4450719196 a       445     0    23     1     5
      0.4539186953 a       446     0    23     1     6
      0.0596171154 a       447     0    23     1     7
      0.4660104559 a       448     0    23     1     8
     -0.2066848620 a       449     0    23     1     9
      0.4167331330 a       450     0    23     1    10
     -0.0957621206 a       451     0    23     1    11
     -0.1584371519 a       452     0    23     1    12
      0.3642674313 a       453     0    23     1    13
      0.2291854652 a       454     0    23     1    14
     -0.2143174362 a       455     0    23     1    15
      0.2255117832 a       456     0    23     1    16
      0.2676052578 a       457     0    23     1    17
      0.1047388568 a       458     0    23     1    18
     -0.2426405923 a       459     0    23     1    19
      0.2158370478 a       460     0    23     1    20
      0.2352713479 a       461     0    24     1     1
      0.1010652861 a       462     0    24     1     2
     -0.0568230847 a       463     0    24     1     3
      0.4536954356 a       464     0    24     1     4
      0.2979008643 a       465     0    24     1     5
     -0.3964557082 a       466     0    24     1     6
      0.2348285334 a       467     0    24     1     7
      0.1592963903 a       468     0    24     1     8
     -0.0421643106 a       469     0    24     1     9
     -0.0796733117 a       470     0    24     1    10
      0.2770468538 a       471     0    24     1    11
      0.1980940860 a       472     0    24     1    12
      0.1704695140 a       473     0    24     1    13
     -0.0994164260 a       474     0    24     1    14
     -0.4849900231 a       475     0    24     1    15
     -0.3837208964 a       476     0    24     1    16
      0.1474214602 a       477     0    24     1    17
     -0.1088830450 a       478     0    24     1    18
     -0.3943704431 a       479     0    24     1    19
      0.3797376834 a       480     0    24     1    20
      0.4033468257 a       481     0    25     1     1
      0.4390874690 a       482     0    25     1     2
     -0.2727355311 a       483     0    25     1     3
     -0.3803644378 a       484     0    25     1     4
      0.3791403389 a       485     0    25     1     5
     -0.3804786086 a       486     0    25     1     6
      0.2119299907 a       487     0    25     1     7
     -0.1611021108 a       488     0    25     1     8
     -0.2135519427 a       489     0    25     1     9
      0.3354269351 a       490     0    25     1    10
      0.2655560967 a       491     0    25     1    11
      0.1566079674 a       492     0    25     1    12
     -0.1336423132 a       493     0    25     1    13
      0.1374002156 a       494     0    25     1    14
      0.0718613438 a       495     0    25     1    15
      0.2208466687 a       496     0    25     1    16
      0.0693948865 a       497     0    25     1    17
     -0.2248354489 a       498     0    25     1    18
      0.0510339597 a       499     0    25     1    19
      0.3172047316 a       500     0    25     1    20
      0.0383560575 a       501     0    26     1     1
     -0.1647604061 a       502     0    26     1     2
      0.2014682662 a       503     0    26     1     3
      0.2571554330 a       504     0    26     1     4
     -0.0568227739 a       505     0    26     1     5
      0.2925195070 a       506     0    26     1     6
      0.3331539925 a       507     0    26     1     7
     -0.2948751963 a       508     0    26     1     8
      0.4247908194 a       509     0    26     1     9
      0.1440046634 a       510     0    26     1    10
     -0.1102459466 a       511     0    26     1    11
      0.3190258998 a       512     0    26     1    12
     -0.1687692077 a       513     0    26     1    13
     -0.1197763850 a       514     0    26     1    14
      0.2096569659 a       515     0    26     1    15
     -0.0340369747 a       516     0    26     1    16
      0.3934894207 a       517     0    26     1    17
      0.1474658547 a       518     0    26     1    18
     -0.3317712152 a       519     0    26     1    19
      0.3994651811 a       520     0    26     1    20
     -0.1215797109 a       521     0    27     1     1
      0.1986189934 a       522     0    27     1     2
      0.3444298015 a       523     0    27     1     3
      0.0353447201 a       524     0    27     1     4
      0.2241606817 a       525     0    27     1     5
      0.2877947801 a       526     0    27     1     6
      0.3934792319 a       527     0    27     1     7
     -0.1780141976 a       528     0    27     1     8
      0.5495361347 a       529     0    27     1     9
     -0.2258954361 a       530     0    27     1    10
      0.1924226193 a       531     0    27     1    11
     -0.3046383200 a       532     0    27     1    12
     -0.0668596405 a       533     0    27     1    13
     -0.0291568609 a       534     0    27     1    14
     -0.2341403335 a       535     0    27     1    15
     -0.4690917837 a       536     0    27     1    16
     -0.2359778131 a       537     0    27     1    17
      0.3177475894 a       538     0    27     1    18
      0.2761701527 a       539     0    27     1    19
     -0.0367526541 a       540     0    27     1    20
      0.1726415007 a       541     0    28     1     1
      0.3979249983 a       542     0    28     1     2
     -0.1770221240 a       543     0    28     1     3
      0.1264318402 a       544     0    28     1     4
     -0.2428028415 a       545     0    28     1     5
      0.3803609828 a       546     0    28     1     6
     -0.4064031785 a       547     0    28     1     7
      0.2834064127 a       548     0    28     1     8
     -0.0540729674 a       549     0    28     1     9
      0.4077160240 a       550     0    28     1    10
      0.2793294889 a       551     0    28     1    11
     -0.2361604099 a       552     0    28     1    12
     -0.1924338154 a       553     0    28     1    13
      0.1669273027 a       554     0    28     1    14
      0.4206410811 a       555     0    28     1    15
     -0.0501707542 a       556     0    28     1    16
      0.5112528086 a       557     0    28     1    17
     -0.0905483720 a       558     0    28     1    18
     -0.3898128186 a       559     0    28     1    19
     -0.4206629051 a       560     0    28     1    20
      0.4409578882 a       561     0    29     1     1
      0.2438685451 a       562     0    29     1     2
     -0.2948106894 a       563     0    29     1     3
     -0.0764022432 a       564     0    29     1     4
     -0.1810658908 a       565     0    29     1     5
     -0.1806655372 a       566     0    29     1     6
     -0.2481017607 a       567     0    29     1     7
      0.0654368777 a       568     0    29     1     8
     -0.4703406998 a       569     0    29     1     9
      0.4163265828 a       570     0    29     1    10
     -0.2782172756 a       571     0    29     1    11
      0.4679579185 a       572     0    29     1    12
      0.1852698392 a       573     0    29     1    13
      0.0068625320 a       574     0    29     1    14
      0.0070185569 a       575     0    29     1    15
      0.0721886288 a       576     0    29     1    16
     -0.1971021096 a       577     0    29     1    17
      0.1930542016 a       578     0    29     1    18
     -0.1450175467 a       579     0    29     1    19
     -0.2538401258 a       580     0    29     1    20
     -0.2773665074 a       581     0    30     1     1
      0.3597876881 a       582     0    30     1     2
      0.1512708448 a       583     0    30     1     3
      0.3247152157 a       584     0    30     1     4
      0.4524150690 a       585     0    30     1     5
      0.3400406689 a       586     0    30     1     6
     -0.2930384660 a       587     0    30     1     7
     -0.4357443355 a       588     0    30     1     8
     -0.1009048696 a       589     0    30     1     9
     -0.3295098758 a       590     0    30     1    10
     -0.3917665846 a       591     0    30     1    11
     -0.2377379147 a       592     0    30     1    12
     -0.4726495435 a       593     0    30     1    13
     -0.2331603343 a       594     0    30     1    14
     -0.3175724885 a       595     0    30     1    15
      0.1283652166 a       596     0    30     1    16
     -0.1016209521 a       597     0    30     1    17
      0.2347967482 a       598     0    30     1    18
      0.0422408071 a       599     0    30     1    19
     -0.3702349687 a       600     0    30     1    20
     -0.3830565108 a       601     0    31     1     1
      0.3143927033 a       602     0    31     1     2
     -0.3788278144 a       603     0    31     1     3
     -0.0035790033 a       604     0    31     1     4
     -0.0786381087 a       605     0    31     1     5
     -0.0346141836 a       606     0    31     1     6
      0.0477297020 a       607     0    31     1     7
      0.1935231665 a       608     0    31     1     8
      0.2760708727 a       609     0    31     1     9
     -0.2459693293 a       610     0    31     1    10
     -0.2610600810 a       611     0    31     1    11
     -0.2402571305 a       612     0    31     1    12
      0.4323578543 a       613     0    31     1    13
     -0.3050478244 a       614     0    31     1    14
     -0.0372264540 a       615     0    31     1    15
     -0.1210609491 a       616     0    31     1    16
      0.0972746368 a       617     0    31     1    17
      0.4334546341 a       618     0    31     1    18
      0.1476158440 a       619     0    31     1    19
     -0.0819714464 a       620     0    31     1    20
      1.2861829147 b       621     1     1
      0.7085389268 b       622     1     2
     -1.0455859680 b       623     1     3
      0.0728713354 b       624     1     4
     -0.0682650320 b       625     1     5
      1.4584629000 b       626     1     6
      0.2310810380 b       627     1     7
     -0.6635831732 b       628     1     8
     -0.3701545482 b       629     1     9
      1.0781271959 b       630     1    10
      1.1666013182 b       631     1    11
      1.1519172508 b       632     1    12
      1.4999803308 b       633     1    13
      0.6026353496 b       634     1    14
     -0.8048667285 b       635     1    15
     -0.6528566207 b       636     1    16
      1.1567572351 b       637     1    17
     -0.2099137714 b       638     1    18
      0.3603868269 b       639     1    19
      1.0008068119 b       640     1    20
      0.1055523376 a       641     1     1     2     1
      0.0551281577 a       642     1     1     2     2
     -0.1196891864 a       643     1     1     2     3
     -0.5085269209 a       644     1     1     2     4
     -0.4379559418 a       645     1     1     2     5
      0.1293862041 a       646     1     1     2     6
     -0.0070066607 a       647     1     1     2     7
      0.2711554440 a       648     1     1     2     8
      0.2063990774 a       649     1     1     2     9
      0.5374918258 a       650     1     1     2    10
     -0.6293044908 a       651     1     1     2    11
     -0.2817734550 a       652     1     1     2    12
      0.3104616599 a       653     1     1     2    13
      0.1504722201 a       654     1     1     2    14
     -0.1260024428 a       655     1     1     2    15
     -0.3001119420 a       656     1     1     2    16
      0.1277806313 a       657     1     1     2    17
      0.5428580255 a       658     1     1     2    18
     -0.1787531458 a       659     1     1     2    19
      0.2314604595 a       660     1     1     2    20
      0.2320506727 a       661     1     2     2     1
      0.5478478596 a       662     1     2     2     2
     -0.3788127016 a       663     1     2     2     3
     -0.5723697773 a       664     1     2     2     4
     -0.1178979094 a       665     1     2     2     5
      0.0154507243 a       666     1     2     2     6
     -0.2952964970 a       667     1     2     2     7
     -0.5195638692 a       668     1     2     2     8
      0.1418065269 a       669     1     2     2     9
      0.0204048035 a       670     1     2     2    10
      0.4034477004 a       671     1     2     2    11
     -0.0728599988 a       672     1     2     2    12
     -0.2157253272 a       673     1     2     2    13
     -0.4733021664 a       674     1     2     2    14
      0.3905003125 a       675     1     2     2    15
      0.4707751690 a       676     1     2     2    16
      0.5369385958 a       677     1     2     2    17
      0.1552238033 a       678     1     2     2    18
      0.4571988230 a       679     1     2     2    19
     -0.2568447575 a       680     1     2     2    20
     -0.2173665731 a       681     1     3     2     1
      0.2027826392 a       682     1     3     2     2
      0.4121500132 a       683     1     3     2     3
     -0.1581753622 a       684     1     3     2     4
      0.0333047377 a       685     1     3     2     5
     -0.4922413104 a       686     1     3     2     6
      0.0412204595 a       687     1     3     2     7
     -0.2639645347 a       688     1     3     2     8
     -0.3298111638 a       689     1     3     2     9
      0.4644434897 a       690     1     3     2    10
     -0.3752935521 a       691     1     3     2    11
      0.4331372058 a       692     1     3     2    12
     -0.4904133734 a       693     1     3     2    13
      0.5689545780 a       694     1     3     2    14
      0.4268285668 a       695     1     3     2    15
     -0.5722177185 a       696     1     3     2    16
      0.4340652657 a       697     1     3     2    17
     -0.0470829686 a       698     1     3     2    18
      0.5229604295 a       699     1     3     2    19
      0.5365882757 a       700     1     3     2    20
      0.4524448386 a       701     1     4     2     1
     -0.4518902736 a       702     1     4     2     2
     -0.0405599996 a       703     1     4     2     3
      0.4071324837 a       704     1     4     2     4
      0.1910988701 a       705     1     4     2     5
     -0.0868895175 a       706     1     4     2     6
      0.4514570803 a       707     1     4     2     7
      0.3129074350 a       708     1     4     2     8
      0.5382509303 a       709     1     4     2     9
     -0.5426746444 a       710     1     4     2    10
     -0.0476131414 a       711     1     4     2    11
     -0.1490869661 a       712     1     4     2    12
      0.5256009550 a       713     1     4     2    13
     -0.4654718789 a       714     1     4     2    14
      0.1648649081 a       715     1     4     2    15
      0.1034460709 a       716     1     4     2    16
     -0.2584004546 a       717     1     4     2    17
     -0.1554585846 a       718     1     4     2    18
     -0.2766882241 a       719     1     4     2    19
     -0.4260754843 a       720     1     4     2    20
      0.3502166625 a       721     1     5     2     1
      0.1011470697 a       722     1     5     2     2
     -0.3016642173 a       723     1     5     2     3
     -0.1331650450 a       724     1     5     2     4
     -0.1103651753 a       725     1     5     2     5
      0.5767275634 a       726     1     5     2     6
     -0.4983977773 a       727     1     5     2     7
     -0.4108287260 a       728     1     5     2     8
      0.4173542397 a       729     1     5     2     9
      0.0809138011 a       730     1     5     2    10
     -0.2732365932 a       731     1     5     2    11
     -0.4357757476 a       732     1     5     2    12
     -0.2487011732 a       733     1     5     2    13
      0.1776572227 a       734     1     5     2    14
     -0.2583915886 a       735     1     5     2    15
     -0.6755374009 a       736     1     5     2    16
      0.0297217496 a       737     1     5     2    17
      0.3798167203 a       738     1     5     2    18
     -0.2495547699 a       739     1     5     2    19
     -0.2971319736 a       740     1     5     2    20
      0.3070279132 a       741     1     6     2     1
      0.4003493130 a       742     1     6     2     2
      0.5783758135 a       743     1     6     2     3
     -0.4575961182 a       744     1     6     2     4
     -0.5095359802 a       745     1     6     2     5
     -0.5751873981 a       746     1     6     2     6
     -0.4501473283 a       747     1     6     2     7
     -0.1647556237 a       748     1     6     2     8
      0.4565819883 a       749     1     6     2     9
      0.4331336052 a       750     1     6     2    10
     -0.5834554279 a       751     1     6     2    11
     -0.1566150729 a       752     1     6     2    12
      0.0290626022 a       753     1     6     2    13
     -0.4701434637 a       754     1     6     2    14
      0.5563493754 a       755     1     6     2    15
      0.3835049513 a       756     1     6     2    16
      0.3386101754 a       757     1     6     2    17
     -0.4906395811 a       758     1     6     2    18
     -0.1492919851 a       759     1     6     2    19
      0.1947944702 a       760     1     6     2    20
      0.1203707449 a       761     1     7     2     1
      0.2732540865 a       762     1     7     2     2
     -0.4983880431 a       763     1     7     2     3
     -0.4674020964 a       764     1     7     2     4
      0.4955160902 a       765     1     7     2     5
     -0.1263496745 a       766     1     7     2     6
     -0.2764547383 a       767     1     7     2     7
     -0.0190328296 a       768     1     7     2     8
      0.4126041946 a       769     1     7     2     9
     -0.0192607002 a       770     1     7     2    10
      0.3630184780 a       771     1     7     2    11
     -0.5917062660 a       772     1     7     2    12
     -0.1763196533 a       773     1     7     2    13
      0.4007926421 a       774     1     7     2    14
      0.4358136689 a       775     1     7     2    15
      0.0300422321 a       776     1     7     2    16
      0.1615880941 a       777     1     7     2    17
      0.1295728665 a       778     1     7     2    18
      0.1503436039 a       779     1     7     2    19
      0.1671815734 a       780     1     7     2    20
      0.5333836673 a       781     1     8     2     1
      0.5106105111 a       782     1     8     2     2
      0.5883259418 a       783     1     8     2     3
      0.2942024990 a       784     1     8     2     4
      0.1405078136 a       785     1     8     2     5
     -0.3846939012 a       786     1     8     2     6
     -0.3518716153 a       787     1     8     2     7
      0.3850163082 a       788     1     8     2     8
      0.3601806711 a       789     1     8     2     9
     -0.2964649846 a       790     1     8     2    10
      0.5852745893 a       791     1     8     2    11
     -0.1932894263 a       792     1     8     2    12
      0.5650021118 a       793     1     8     2    13
      0.3489469281 a       794     1     8     2    14
     -0.5803477693 a       795     1     8     2    15
      0.3075110175 a       796     1     8     2    16
      0.4799762900 a       797     1     8     2    17
     -0.4378278843 a       798     1     8     2    18
      0.5405268130 a       799     1     8     2    19
      0.2182318335 a       800     1     8     2    20
      0.4474641841 a       801     1     9     2     1
      0.1931901209 a       802     1     9     2     2
     -0.1283142446 a       803     1     9     2     3
     -0.4684986006 a       804     1     9     2     4
      0.4384236587 a       805     1     9     2     5
      0.4218813751 a       806     1     9     2     6
     -0.3730470801 a       807     1     9     2     7
     -0.3887044086 a       808     1     9     2     8
      0.3628847253 a       809     1     9     2     9
      0.4338918097 a       810     1     9     2    10
      0.1163696982 a       811     1     9     2    11
      0.0494683857 a       812     1     9     2    12
      0.4892055920 a       813     1     9     2    13
      0.3459405270 a       814     1     9     2    14
     -0.2901119954 a       815     1     9     2    15
     -0.2366299385 a       816     1     9     2    16
     -0.2980629077 a       817     1     9     2    17
      0.0934981118 a       818     1     9     2    18
     -0.1893302049 a       819     1     9     2    19
     -0.4001604833 a       820     1     9     2    20
      0.1990295238 a       821     1    10     2     1
      0.2449042189 a       822     1    10     2     2
      0.1339787502 a       823     1    10     2     3
     -0.1134992954 a       824     1    10     2     4
      0.5441038851 a       825     1    10     2     5
     -0.5311827434 a       826     1    10     2     6
     -0.4885801319 a       827     1    10     2     7
      0.5632719318 a       828     1    10     2     8
      0.0221416372 a       829     1    10     2     9
     -0.5814243865 a       830     1    10     2    10
      0.3220490629 a       831     1    10     2    11
      0.1350324321 a       832     1    10     2    12
     -0.1153535970 a       833     1    10     2    13
     -0.1462417772 a       834     1    10     2    14
      0.4832410908 a       835     1    10     2    15
      0.3260114183 a       836     1    10     2    16
      0.3038572615 a       837     1    10     2    17
      0.2980940142 a       838     1    10     2    18
      0.4741097610 a       839     1    10     2    19
     -0.5782774592 a       840     1    10     2    20
     -0.5154039610 a       841     1    11     2     1
      0.1304555422 a       842     1    11     2     2
      0.1011540544 a       843     1    11     2     3
      0.4212514319 a       844     1    11     2     4
     -0.2636307690 a       845     1    11     2     5
     -0.6125796302 a       846     1    11     2     6
      0.3254474777 a       847     1    11     2     7
      0.4320095554 a       848     1    11     2     8
      0.5223075777 a       849     1    11     2     9
      0.2980984942 a       850     1    11     2    10
      0.2363169968 a       851     1    11     2    11
     -0.3497996061 a       852     1    11     2    12
     -0.5140149294 a       853     1    11     2    13
      0.3650184434 a       854     1    11     2    14
      0.0816343380 a       855     1    11     2    15
     -0.1437137432 a       856     1    11     2    16
     -0.4029454649 a       857     1    11     2    17
     -0.5244753322 a       858     1    11     2    18
     -0.4067691092 a       859     1    11     2    19
      0.3150001350 a       860     1    11     2    20
      0.3838412205 a       861     1    12     2     1
      0.3934866364 a       862     1    12     2     2
      0.2016712426 a       863     1    12     2     3
      0.2700679125 a       864     1    12     2     4
     -0.2613375897 a       865     1    12     2     5
      0.0262166815 a       866     1    12     2     6
      0.3500062166 a       867     1    12     2     7
     -0.1520481105 a       868     1    12     2     8
      0.4240924963 a       869     1    12     2     9
     -0.3523404940 a       870     1    12     2    10
     -0.0852068753 a       871     1    12     2    11
      0.6354649274 a       872     1    12     2    12
      0.4579225534 a       873     1    12     2    13
     -0.3605821819 a       874     1    12     2    14
     -0.1207536138 a       875     1    12     2    15
      0.1825111753 a       876     1    12     2    16
      0.3730486129 a       877     1    12     2    17
     -0.6591943634 a       878     1    12     2    18
      0.2439200490 a       879     1    12     2    19
     -0.4485702568 a       880     1    12     2    20
      0.2566893295 a       881     1    13     2     1
     -0.4929166836 a       882     1    13     2     2
     -0.3816746072 a       883     1    13     2     3
      0.4285424967 a       884     1    13     2     4
     -0.3668765375 a       885     1    13     2     5
     -0.2534927516 a       886     1    13     2     6
     -0.4519954177 a       887     1    13     2     7
      0.4311077917 a       888     1    13     2     8
     -0.5072004699 a       889     1    13     2     9
      0.0037225136 a       890     1    13     2    10
     -0.1175791254 a       891     1    13     2    11
      0.2461049326 a       892     1    13     2    12
     -0.1940404665 a       893     1    13     2    13
      0.1472828169 a       894     1    13     2    14
      0.6223206990 a       895     1    13     2    15
      0.2847146622 a       896     1    13     2    16
      0.0855441699 a       897     1    13     2    17
      0.1487439143 a       898     1    13     2    18
      0.1320244283 a       899     1    13     2    19
      0.3147956849 a       900     1    13     2    20
     -0.5346759188 a       901     1    14     2     1
     -0.0243709957 a       902     1    14     2     2
      0.0080517840 a       903     1    14     2     3
      0.3845305599 a       904     1    14     2     4
     -0.5131477759 a       905     1    14     2     5
     -0.1599967692 a       906     1    14     2     6
     -0.3689239187 a       907     1    14     2     7
     -0.2308462678 a       908     1    14     2     8
      0.2202083771 a       909     1    14     2     9
     -0.1384035964 a       910     1    14     2    10
      0.2248844504 a       911     1    14     2    11
     -0.5266903470 a       912     1    14     2    12
      0.5124355264 a       913     1    14     2    13
     -0.2779202878 a       914     1    14     2    14
     -0.5294636767 a       915     1    14     2    15
      0.1594055869 a       916     1    14     2    16
      0.5666688114 a       917     1    14     2    17
      0.6836514521 a       918     1    14     2    18
     -0.3110924659 a       919     1    14     2    19
      0.3335652257 a       920     1    14     2    20
      0.2925835105 a       921     1    15     2     1
     -0.4683764304 a       922     1    15     2     2
      0.5955740984 a       923     1    15     2     3
     -0.1580941370 a       924     1    15     2     4
      0.1668800254 a       925     1    15     2     5
      0.0671980250 a       926     1    15     2     6
     -0.3532798709 a       927     1    15     2     7
     -0.1380798082 a       928     1    15     2     8
      0.2190316982 a       929     1    15     2     9
     -0.2014838749 a       930     1    15     2    10
      0.2590125141 a       931     1    15     2    11
     -0.2706595722 a       932     1    15     2    12
      0.2955419265 a       933     1    15     2    13
     -0.4170794895 a       934     1    15     2    14
     -0.1318761048 a       935     1    15     2    15
     -0.0895934902 a       936     1    15     2    16
     -0.4608326663 a       937     1    15     2    17
     -0.3229082853 a       938     1    15     2    18
      0.4757001274 a       939     1    15     2    19
      0.3152348775 a       940     1    15     2    20
      0.4400630609 a       941     1    16     2     1
     -0.4067042660 a       942     1    16     2     2
      0.4006591865 a       943     1    16     2     3
     -0.3595643647 a       944     1    16     2     4
      0.2335479564 a       945     1    16     2     5
      0.2028343528 a       946     1    16     2     6
      0.3209675937 a       947     1    16     2     7
      0.2812987036 a       948     1    16     2     8
      0.2048414419 a       949     1    16     2     9
     -0.5020377883 a       950     1    16     2    10
     -0.1660524482 a       951     1    16     2    11
     -0.1845796484 a       952     1    16     2    12
     -0.2817181051 a       953     1    16     2    13
      0.3428924304 a       954     1    16     2    14
      0.2210646428 a       955     1    16     2    15
      0.1653372990 a       956     1    16     2    16
      0.5221390661 a       957     1    16     2    17
     -0.1510997513 a       958     1    16     2    18
      0.4702497570 a       959     1    16     2    19
      0.3728111160 a       960     1    16     2    20
      0.3128684423 a       961     1    17     2     1
     -0.1322272698 a       962     1    17     2     2
     -0.6098949843 a       963     1    17     2     3
      0.2840417586 a       964     1    17     2     4
     -0.0123487500 a       965     1    17     2     5
      0.4594802220 a       966     1    17     2     6
      0.0980474811 a       967     1    17     2     7
     -0.5722794038 a       968     1    17     2     8
      0.1693492775 a       969     1    17     2     9
     -0.4410575052 a       970     1    17     2    10
      0.6205138261 a       971     1    17     2    11
     -0.5826738465 a       972     1    17     2    12
      0.1989147480 a       973     1    17     2    13
      0.5307072194 a       974     1    17     2    14
     -0.2508911174 a       975     1    17     2    15
      0.0537776393 a       976     1    17     2    16
      0.0957803277 a       977     1    17     2    17
     -0.0068381200 a       978     1    17     2    18
      0.3544717294 a       979     1    17     2    19
      0.3962332040 a       980     1    17     2    20
     -0.0809468196 a       981     1    18     2     1
      0.5469172812 a       982     1    18     2     2
     -0.2580532411 a       983     1    18     2     3
      0.2503207122 a       984     1    18     2     4
      0.4308313554 a       985     1    18     2     5
      0.0581054321 a       986     1    18     2     6
      0.1712531963 a       987     1    18     2     7
      0.5179211341 a       988     1    18     2     8
      0.2671049549 a       989     1    18     2     9
      0.2392642453 a       990     1    18     2    10
      0.5278826797 a       991     1    18     2    11
      0.2354422885 a       992     1    18     2    12
     -0.2356900426 a       993     1    18     2    13
     -0.1727668148 a       994     1    18     2    14
      0.1585244127 a       995     1    18     2    15
     -0.6375136898 a       996     1    18     2    16
      0.3066077865 a       997     1    18     2    17
      0.3495236116 a       998     1    18     2    18
      0.4119307513 a       999     1    18     2    19
     -0.4012994303 a      1000     1    18     2    20
      0.4145057132 a      1001     1    19     2     1
      0.5526663466 a      1002     1    19     2     2
     -0.3321600309 a      1003     1    19     2     3
      0.4520652704 a      1004     1    19     2     4
      0.5719777967 a      1005     1    19     2     5
     -0.5451083103 a      1006     1    19     2     6
     -0.4202848392 a      1007     1    19     2     7
     -0.3659069138 a      1008     1    19     2     8
      0.4795230482 a      1009     1    19     2     9
      0.3303548528 a      1010     1    19     2    10
      0.2235366070 a      1011     1    19     2    11
      0.0157489963 a      1012     1    19     2    12
      0.0279756173 a      1013     1    19     2    13
     -0.0112003686 a      1014     1    19     2    14
      0.4504911928 a      1015     1    19     2    15
      0.1404476416 a      1016     1    19     2    16
      0.5522520293 a      1017     1    19     2    17
     -0.2289537860 a      1018     1    19     2    18
     -0.1201953239 a      1019     1    19     2    19
     -0.5328373900 a      1020     1    19     2    20
      0.5015798830 a      1021     1    20     2     1
      0.2655534706 a      1022     1    20     2     2
     -0.0054851388 a      1023     1    20     2     3
     -0.1388166598 a      1024     1    20     2     4
     -0.4948583343 a      1025     1    20     2     5
      0.2591048529 a      1026     1    20     2     6
      0.5571927297 a      1027     1    20     2     7
      0.2095829710 a      1028     1    20     2     8
     -0.4362230346 a      1029     1    20     2     9
     -0.3881169305 a      1030     1    20     2    10
      0.0138336951 a      1031     1    20     2    11
      0.6006651495 a      1032     1    20     2    12
      0.5315055188 a      1033     1    20     2    13
      0.4649839515 a      1034     1    20     2    14
     -0.0030269135 a      1035     1    20     2    15
      0.7132691833 a      1036     1    20     2    16
     -0.0919804891 a      1037     1    20     2    17
      0.3278641250 a      1038     1    20     2    18
     -0.5452442330 a      1039     1    20     2    19
     -0.0902161887 a      1040     1    20     2    20
     -0.7281472614 b      1041     2     1
     -0.6222912923 b      1042     2     2
     -1.3080461958 b      1043     2     3
     -1.0822497280 b      1044     2     4
      0.4744804223 b      1045     2     5
     -0.3305710128 b      1046     2     6
     -0.5932910372 b      1047     2     7
      0.6836208133 b      1048     2     8
      1.3925476293 b      1049     2     9
     -0.0854621218 b      1050     2    10
      1.4989595945 b      1051     2    11
     -0.4012782102 b      1052     2    12
      0.7607700664 b      1053     2    13
      0.6488817964 b      1054     2    14
      1.0320581501 b      1055     2    15
      0.5283556864 b      1056     2    16
      0.9076402000 b      1057     2    17
      0.7224293690 b      1058     2    18
      0.6141679881 b      1059     2    19
     -0.5781919477 b      1060     2    20
      0.0056073190 a      1061     2     1     3     1
     -0.0046518755 a      1062     2     2     3     1
     -0.0031180017 a      1063     2     3     3     1
      0.0014015638 a      1064     2     4     3     1
     -0.0063926615 a      1065     2     5     3     1
      0.0051158917 a      1066     2     6     3     1
      0.0044626499 a      1067     2     7     3     1
      0.0013673549 a      1068     2     8     3     1
     -0.0078643253 a      1069     2     9     3     1
      0.0044789135 a      1070     2    10     3     1
     -0.0010789169 a      1071     2    11     3     1
     -0.0040153293 a      1072     2    12     3     1
     -0.0068662656 a      1073     2    13     3     1
     -0.0050020494 a      1074     2    14     3     1
      0.0050566808 a      1075     2    15     3     1
      0.0007739900 a      1076     2    16     3     1
     -0.0056771974 a      1077     2    17     3     1
      0.0037008738 a      1078     2    18     3     1
     -0.0053505531 a      1079     2    19     3     1
     -0.0072422782 a      1080     2    20     3     1
     19.6524036511 b      1081     3     1
