     -0.9230340880 a         1     0     1     1     1
     -0.1321877901 a         2     0     1     1     2
      0.4161891271 a         3     0     1     1     3
      0.5886477782 a         4     0     1     1     4
      0.9245035661 a         5     0     1     1     5
     -0.7615066422 a         6     0     1     1     6
      0.8268853973 a         7     0     1     1     7
     -0.7026903786 a         8     0     1     1     8
      0.4270026498 a         9     0     1     1     9
     -0.2991526682 a        10     0     1     1    10
      0.4519072683 a        11     0     1     1    11
     -0.9323491008 a        12     0     1     1    12
      0.8616330208 a        13     0     1     1    13
      0.5447195610 a        14     0     1     1    14
      0.2044542181 a        15     0     1     1    15
     -0.5673534263 a        16     0     2     1     1
     -0.8197860638 a        17     0     2     1     2
     -0.5845451152 a        18     0     2     1     3
     -0.7928233797 a        19     0     2     1     4
     -0.8727518095 a        20     0     2     1     5
      0.6081454603 a        21     0     2     1     6
      0.4629202343 a        22     0     2     1     7
     -0.8051871069 a        23     0     2     1     8
      0.5891300042 a        24     0     2     1     9
     -0.2182416681 a        25     0     2     1    10
     -0.9264721639 a        26     0     2     1    11
      0.6502161844 a        27     0     2     1    12
      0.7948229485 a        28     0     2     1    13
      0.1834990226 a        29     0     2     1    14
     -0.3408186025 a        30     0     2     1    15
     -0.5356983741 a        31     0     3     1     1
     -0.8069378102 a        32     0     3     1     2
      0.7536411363 a        33     0     3     1     3
      0.7801965313 a        34     0     3     1     4
     -0.2745237216 a        35     0     3     1     5
     -0.1059900123 a        36     0     3     1     6
     -0.4102464273 a        37     0     3     1     7
      0.8341674944 a        38     0     3     1     8
     -0.9617231483 a        39     0     3     1     9
     -0.0681896476 a        40     0     3     1    10
      0.7879609435 a        41     0     3     1    11
      0.9978422698 a        42     0     3     1    12
      0.6707217443 a        43     0     3     1    13
      0.9891232678 a        44     0     3     1    14
     -0.0376935706 a        45     0     3     1    15
     -0.9266064670 a        46     0     4     1     1
     -0.2600520948 a        47     0     4     1     2
      0.0903986303 a        48     0     4     1     3
      0.5557732427 a        49     0     4     1     4
      0.0116824248 a        50     0     4     1     5
     -0.4319360111 a        51     0     4     1     6
      0.2465960535 a        52     0     4     1     7
     -0.2798729647 a        53     0     4     1     8
      0.2738187515 a        54     0     4     1     9
     -0.4273853210 a        55     0     4     1    10
     -0.9259425142 a        56     0     4     1    11
     -0.5977829367 a        57     0     4     1    12
      0.4324053333 a        58     0     4     1    13
     -0.5880365924 a        59     0     4     1    14
     -0.0382626752 a        60     0     4     1    15
      0.1220520062 a        61     0     5     1     1
      0.5076453864 a        62     0     5     1     2
      0.6406715347 a        63     0     5     1     3
      0.2703323999 a        64     0     5     1     4
      0.0359379487 a        65     0     5     1     5
     -0.4340629192 a        66     0     5     1     6
     -0.8948789371 a        67     0     5     1     7
      0.8047022425 a        68     0     5     1     8
     -0.0025632559 a        69     0     5     1     9
     -0.2591364289 a        70     0     5     1    10
     -0.5759328353 a        71     0     5     1    11
     -0.4193271136 a        72     0     5     1    12
      0.1185316618 a        73     0     5     1    13
      0.7973305283 a        74     0     5     1    14
     -0.0751146406 a        75     0     5     1    15
      0.8769573065 a        76     0     6     1     1
     -0.8663716622 a        77     0     6     1     2
     -0.9025667050 a        78     0     6     1     3
     -0.5713620514 a        79     0     6     1     4
      0.2499480002 a        80     0     6     1     5
     -0.5610643960 a        81     0     6     1     6
     -0.6262935095 a        82     0     6     1     7
      0.2815993282 a        83     0     6     1     8
     -0.7663855802 a        84     0     6     1     9
      0.5865822758 a        85     0     6     1    10
     -0.2790560101 a        86     0     6     1    11
      0.4773309142 a        87     0     6     1    12
     -0.7278378237 a        88     0     6     1    13
      0.4777446902 a        89     0     6     1    14
      0.6582336439 a        90     0     6     1    15
     -0.7123013536 a        91     0     7     1     1
     -0.8001401517 a        92     0     7     1     2
      0.8177753686 a        93     0     7     1     3
     -0.5850774716 a        94     0     7     1     4
      0.2724375297 a        95     0     7     1     5
      0.3372986119 a        96     0     7     1     6
     -0.3831199748 a        97     0     7     1     7
     -0.4901086978 a        98     0     7     1     8
      0.0729841156 a        99     0     7     1     9
     -0.5083942928 a       100     0     7     1    10
     -0.6006229260 a       101     0     7     1    11
     -0.5033970012 a       102     0     7     1    12
      0.1798463876 a       103     0     7     1    13
     -0.8968928945 a       104     0     7     1    14
      0.7919235675 a       105     0     7     1    15
     -0.0200774012 a       106     0     8     1     1
      0.5340166575 a       107     0     8     1     2
      0.9375750438 a       108     0     8     1     3
     -0.7501538320 a       109     0     8     1     4
      0.5278105771 a       110     0     8     1     5
      0.9783842031 a       111     0     8     1     6
     -0.5920140196 a       112     0     8     1     7
     -0.1225773676 a       113     0     8     1     8
     -0.6298697761 a       114     0     8     1     9
     -0.5466581770 a       115     0     8     1    10
      0.2840275641 a       116     0     8     1    11
     -0.1464310543 a       117     0     8     1    12
     -0.4750791891 a       118     0     8     1    13
      0.7599346960 a       119     0     8     1    14
     -0.5204829221 a       120     0     8     1    15
      0.0542997694 a       121     0     9     1     1
      0.9637192901 a       122     0     9     1     2
      0.0239799752 a       123     0     9     1     3
      0.5643607920 a       124     0     9     1     4
      0.5328223417 a       125     0     9     1     5
     -0.3798383754 a       126     0     9     1     6
     -0.3989821294 a       127     0     9     1     7
      0.7013969487 a       128     0     9     1     8
      0.0323561825 a       129     0     9     1     9
      0.1387027111 a       130     0     9     1    10
     -0.0050948464 a       131     0     9     1    11
     -0.4345143694 a       132     0     9     1    12
      0.9463283462 a       133     0     9     1    13
      0.0513058200 a       134     0     9     1    14
      0.2719859445 a       135     0     9     1    15
     -0.7214109017 a       136     0    10     1     1
     -0.1090733573 a       137     0    10     1     2
      0.8501317184 a       138     0    10     1     3
      0.3533348499 a       139     0    10     1     4
      0.1152037705 a       140     0    10     1     5
     -0.7459323015 a       141     0    10     1     6
     -0.5653058554 a       142     0    10     1     7
      0.7901810272 a       143     0    10     1     8
      0.5773713029 a       144     0    10     1     9
     -0.0375918553 a       145     0    10     1    10
      0.2680103833 a       146     0    10     1    11
      0.2500736646 a       147     0    10     1    12
      0.0039422369 a       148     0    10     1    13
     -0.2395573451 a       149     0    10     1    14
      0.2061343753 a       150     0    10     1    15
      0.4061240558 a       151     0    11     1     1
     -0.7940145173 a       152     0    11     1     2
     -0.7274548374 a       153     0    11     1     3
      0.0097382033 a       154     0    11     1     4
      0.8347735769 a       155     0    11     1     5
     -0.8803757702 a       156     0    11     1     6
      0.0300268002 a       157     0    11     1     7
     -0.4351113693 a       158     0    11     1     8
      0.2850930272 a       159     0    11     1     9
      0.8793631692 a       160     0    11     1    10
     -0.6051205267 a       161     0    11     1    11
     -0.6280477387 a       162     0    11     1    12
      0.1653364328 a       163     0    11     1    13
     -0.5713088834 a       164     0    11     1    14
     -0.5162378674 a       165     0    11     1    15
      0.1798453459 a       166     0    12     1     1
     -0.0107055742 a       167     0    12     1     2
      0.8420638406 a       168     0    12     1     3
      0.3124922211 a       169     0    12     1     4
     -0.8405748756 a       170     0    12     1     5
      0.3190399232 a       171     0    12     1     6
     -0.6456169894 a       172     0    12     1     7
     -0.9739970677 a       173     0    12     1     8
     -0.1137295172 a       174     0    12     1     9
      0.0173057548 a       175     0    12     1    10
      0.8417396970 a       176     0    12     1    11
      0.1468963562 a       177     0    12     1    12
      0.4773827083 a       178     0    12     1    13
      0.4352443502 a       179     0    12     1    14
      0.4322348012 a       180     0    12     1    15
     -0.8022874037 a       181     0    13     1     1
      0.7152729127 a       182     0    13     1     2
      0.3149904117 a       183     0    13     1     3
      0.5134121816 a       184     0    13     1     4
      0.7547703614 a       185     0    13     1     5
      0.5122466905 a       186     0    13     1     6
      0.7975864342 a       187     0    13     1     7
     -0.5348296018 a       188     0    13     1     8
      0.0213655367 a       189     0    13     1     9
      0.6334245791 a       190     0    13     1    10
     -0.7308822536 a       191     0    13     1    11
     -0.6484644923 a       192     0    13     1    12
      0.7838440245 a       193     0    13     1    13
     -0.7753767328 a       194     0    13     1    14
      0.4723711175 a       195     0    13     1    15
      0.7814765132 a       196     0    14     1     1
      0.6885628434 a       197     0    14     1     2
     -0.9277206182 a       198     0    14     1     3
     -0.0855900277 a       199     0    14     1     4
      0.0067297003 a       200     0    14     1     5
     -0.1429453022 a       201     0    14     1     6
      0.8358185334 a       202     0    14     1     7
     -0.6758432437 a       203     0    14     1     8
      0.1227635146 a       204     0    14     1     9
      0.6947460058 a       205     0    14     1    10
     -0.1162980811 a       206     0    14     1    11
     -0.7017912356 a       207     0    14     1    12
     -0.5587825771 a       208     0    14     1    13
      0.1648596178 a       209     0    14     1    14
     -0.5872867725 a       210     0    14     1    15
      0.4625262147 a       211     0    15     1     1
     -0.9495829971 a       212     0    15     1     2
      0.7176092737 a       213     0    15     1     3
      0.0151511057 a       214     0    15     1     4
      0.3375505800 a       215     0    15     1     5
     -0.5227350860 a       216     0    15     1     6
      0.2589460398 a       217     0    15     1     7
     -0.3631293752 a       218     0    15     1     8
     -0.8140682140 a       219     0    15     1     9
      0.8442490713 a       220     0    15     1    10
     -0.6078309530 a       221     0    15     1    11
     -0.0476417283 a       222     0    15     1    12
      0.3888802986 a       223     0    15     1    13
      0.0805642539 a       224     0    15     1    14
      0.1030781232 a       225     0    15     1    15
     -0.9366890210 a       226     0    16     1     1
     -0.1008438731 a       227     0    16     1     2
     -0.5080595970 a       228     0    16     1     3
      0.5247466399 a       229     0    16     1     4
     -0.3007973995 a       230     0    16     1     5
      0.3827639429 a       231     0    16     1     6
      0.8450434948 a       232     0    16     1     7
      0.7043989887 a       233     0    16     1     8
      0.1254004644 a       234     0    16     1     9
     -0.9899836578 a       235     0    16     1    10
     -0.1909916690 a       236     0    16     1    11
     -0.1819456241 a       237     0    16     1    12
     -0.7544815067 a       238     0    16     1    13
     -0.3152654460 a       239     0    16     1    14
      0.0226080621 a       240     0    16     1    15
     -0.4779911739 a       241     0    17     1     1
      0.7687885856 a       242     0    17     1     2
      0.9520020787 a       243     0    17     1     3
     -0.4281835633 a       244     0    17     1     4
     -0.3443769512 a       245     0    17     1     5
      0.9110631431 a       246     0    17     1     6
      0.8567921465 a       247     0    17     1     7
      0.4478290292 a       248     0    17     1     8
     -0.3837973306 a       249     0    17     1     9
     -0.1288237394 a       250     0    17     1    10
     -0.2363267521 a       251     0    17     1    11
     -0.6185359265 a       252     0    17     1    12
     -0.6635307490 a       253     0    17     1    13
     -0.4021455818 a       254     0    17     1    14
     -0.3190473460 a       255     0    17     1    15
      0.8159243767 a       256     0    18     1     1
     -0.6701330427 a       257     0    18     1     2
     -0.7070123321 a       258     0    18     1     3
      0.1321508684 a       259     0    18     1     4
     -0.0907861984 a       260     0    18     1     5
      0.8149377113 a       261     0    18     1     6
     -0.5084247427 a       262     0    18     1     7
      0.8594444490 a       263     0    18     1     8
      0.8027272476 a       264     0    18     1     9
      0.6871431985 a       265     0    18     1    10
     -0.5493330237 a       266     0    18     1    11
      0.3392116256 a       267     0    18     1    12
      0.3459253691 a       268     0    18     1    13
      0.4833923220 a       269     0    18     1    14
     -0.0001693795 a       270     0    18     1    15
     -0.1739146169 a       271     0    19     1     1
      0.4812073020 a       272     0    19     1     2
     -0.1912683619 a       273     0    19     1     3
     -0.7035177558 a       274     0    19     1     4
      0.8264385700 a       275     0    19     1     5
      0.7084024466 a       276     0    19     1     6
     -0.0848473807 a       277     0    19     1     7
     -0.8171033090 a       278     0    19     1     8
      0.2934027911 a       279     0    19     1     9
     -0.3031347642 a       280     0    19     1    10
     -0.9818881407 a       281     0    19     1    11
      0.0551725178 a       282     0    19     1    12
     -0.7177770275 a       283     0    19     1    13
      0.5826198072 a       284     0    19     1    14
      0.7327569592 a       285     0    19     1    15
     -0.2790473260 a       286     0    20     1     1
     -0.5096449325 a       287     0    20     1     2
      0.1232678143 a       288     0    20     1     3
      0.4051536286 a       289     0    20     1     4
     -0.3896538599 a       290     0    20     1     5
     -0.7142804322 a       291     0    20     1     6
      0.1702578671 a       292     0    20     1     7
     -0.3103013911 a       293     0    20     1     8
      0.7802111199 a       294     0    20     1     9
     -0.1032481339 a       295     0    20     1    10
      0.7940790231 a       296     0    20     1    11
      0.1850653163 a       297     0    20     1    12
     -0.9560183363 a       298     0    20     1    13
      0.9799498486 a       299     0    20     1    14
     -0.4457331842 a       300     0    20     1    15
      0.5493186232 a       301     0    21     1     1
     -0.4062937426 a       302     0    21     1     2
      0.1693707726 a       303     0    21     1     3
     -0.8129726576 a       304     0    21     1     4
      0.9795344895 a       305     0    21     1     5
      0.3079671315 a       306     0    21     1     6
      0.7912349506 a       307     0    21     1     7
      0.3932629793 a       308     0    21     1     8
      0.4619737906 a       309     0    21     1     9
     -0.2206783568 a       310     0    21     1    10
     -0.8824229565 a       311     0    21     1    11
     -0.3900501093 a       312     0    21     1    12
     -0.5066167149 a       313     0    21     1    13
      0.3068979180 a       314     0    21     1    14
      0.7115560702 a       315     0    21     1    15
      0.1447201467 a       316     0    22     1     1
     -0.1984795517 a       317     0    22     1     2
      1.0100571591 a       318     0    22     1     3
     -0.4255194092 a       319     0    22     1     4
      0.9739427685 a       320     0    22     1     5
      0.9884063750 a       321     0    22     1     6
     -0.4155611242 a       322     0    22     1     7
     -0.2000736155 a       323     0    22     1     8
     -0.2319417726 a       324     0    22     1     9
      0.5328965792 a       325     0    22     1    10
     -0.3286031936 a       326     0    22     1    11
     -0.4402102753 a       327     0    22     1    12
      0.2561922741 a       328     0    22     1    13
     -0.4201378195 a       329     0    22     1    14
     -0.2054320031 a       330     0    22     1    15
     -0.5960465038 a       331     0    23     1     1
      0.7689655200 a       332     0    23     1     2
     -0.0029333338 a       333     0    23     1     3
      0.6118363329 a       334     0    23     1     4
     -0.9686563737 a       335     0    23     1     5
      0.0317828114 a       336     0    23     1     6
      0.8440611471 a       337     0    23     1     7
      0.2381324067 a       338     0    23     1     8
     -0.1718784607 a       339     0    23     1     9
      0.0170004428 a       340     0    23     1    10
     -0.0023642730 a       341     0    23     1    11
     -0.8901818957 a       342     0    23     1    12
      0.6832161360 a       343     0    23     1    13
      0.4856537619 a       344     0    23     1    14
     -0.9439109939 a       345     0    23     1    15
     -0.0860858737 a       346     0    24     1     1
      0.9843494558 a       347     0    24     1     2
      0.1226209902 a       348     0    24     1     3
     -0.7864703793 a       349     0    24     1     4
     -0.4121863513 a       350     0    24     1     5
      0.5253490710 a       351     0    24     1     6
     -0.2385787265 a       352     0    24     1     7
      0.4019284242 a       353     0    24     1     8
     -0.6315027121 a       354     0    24     1     9
      0.0305370449 a       355     0    24     1    10
     -0.1240912730 a       356     0    24     1    11
      0.1220672209 a       357     0    24     1    12
     -0.6507121532 a       358     0    24     1    13
     -0.2241087302 a       359     0    24     1    14
      0.3630934247 a       360     0    24     1    15
      0.0473201048 a       361     0    25     1     1
      0.2424713094 a       362     0    25     1     2
     -0.8207847769 a       363     0    25     1     3
     -0.5709570377 a       364     0    25     1     4
     -0.1800091478 a       365     0    25     1     5
     -0.5065577040 a       366     0    25     1     6
      0.5151162634 a       367     0    25     1     7
      0.2117829920 a       368     0    25     1     8
     -0.4312466737 a       369     0    25     1     9
     -0.7538043151 a       370     0    25     1    10
     -0.9221226907 a       371     0    25     1    11
      0.2437381786 a       372     0    25     1    12
      0.7560901342 a       373     0    25     1    13
     -0.2141974098 a       374     0    25     1    14
     -0.4374356394 a       375     0    25     1    15
      0.6136883465 a       376     0    26     1     1
     -0.6950643476 a       377     0    26     1     2
      0.1295827597 a       378     0    26     1     3
      0.0759793011 a       379     0    26     1     4
      1.0149982402 a       380     0    26     1     5
     -0.4742340038 a       381     0    26     1     6
      0.5048821265 a       382     0    26     1     7
      0.3907237493 a       383     0    26     1     8
     -0.2974474838 a       384     0    26     1     9
      0.6550752729 a       385     0    26     1    10
     -0.1512631121 a       386     0    26     1    11
     -0.0268178285 a       387     0    26     1    12
      0.7769889224 a       388     0    26     1    13
      0.7867870487 a       389     0    26     1    14
     -0.0550731363 a       390     0    26     1    15
      0.3174272953 a       391     0    27     1     1
      0.9500614000 a       392     0    27     1     2
      0.9134040601 a       393     0    27     1     3
      0.2794725387 a       394     0    27     1     4
      0.2839428468 a       395     0    27     1     5
     -0.8692563389 a       396     0    27     1     6
     -0.6654576510 a       397     0    27     1     7
     -0.2391002501 a       398     0    27     1     8
      0.1565629534 a       399     0    27     1     9
     -0.4211557471 a       400     0    27     1    10
     -0.7370841628 a       401     0    27     1    11
     -0.1047346719 a       402     0    27     1    12
      0.2376599720 a       403     0    27     1    13
      0.3707563369 a       404     0    27     1    14
      0.0504615723 a       405     0    27     1    15
     -0.0291696318 a       406     0    28     1     1
     -0.6627231409 a       407     0    28     1     2
     -0.5501137055 a       408     0    28     1     3
     -0.5538930765 a       409     0    28     1     4
      0.4740179425 a       410     0    28     1     5
     -0.4577080411 a       411     0    28     1     6
      0.6166965420 a       412     0    28     1     7
     -0.4314011810 a       413     0    28     1     8
      0.0841594341 a       414     0    28     1     9
      0.4727238736 a       415     0    28     1    10
     -0.6689754799 a       416     0    28     1    11
     -0.5677803148 a       417     0    28     1    12
      0.6914347203 a       418     0    28     1    13
     -0.9274907586 a       419     0    28     1    14
      0.2588171769 a       420     0    28     1    15
      0.9296391404 a       421     0    29     1     1
     -0.7396319394 a       422     0    29     1     2
     -0.9022990844 a       423     0    29     1     3
     -0.7019081914 a       424     0    29     1     4
      0.4682594396 a       425     0    29     1     5
     -0.1964153899 a       426     0    29     1     6
     -0.4283111287 a       427     0    29     1     7
      0.7085544972 a       428     0    29     1     8
     -0.9105790921 a       429     0    29     1     9
      0.3526852522 a       430     0    29     1    10
     -0.8868083325 a       431     0    29     1    11
      0.3511856052 a       432     0    29     1    12
     -0.2316595253 a       433     0    29     1    13
     -0.7831405891 a       434     0    29     1    14
     -0.6270558946 a       435     0    29     1    15
     -0.0828480585 a       436     0    30     1     1
     -0.6067396951 a       437     0    30     1     2
     -0.0483145628 a       438     0    30     1     3
     -0.7107898668 a       439     0    30     1     4
     -0.6649938207 a       440     0    30     1     5
     -0.1089747370 a       441     0    30     1     6
     -0.5082139596 a       442     0    30     1     7
     -0.1205494641 a       443     0    30     1     8
     -0.7577562544 a       444     0    30     1     9
     -0.3341495358 a       445     0    30     1    10
     -0.4879769532 a       446     0    30     1    11
      0.7783758353 a       447     0    30     1    12
     -0.1374490291 a       448     0    30     1    13
      0.7122678095 a       449     0    30     1    14
      1.0061646110 a       450     0    30     1    15
      0.9055377090 b       451     1     1
     -0.1012077705 b       452     1     2
      0.4053703483 b       453     1     3
     -0.3678184322 b       454     1     4
      0.3060935748 b       455     1     5
     -1.0156439674 b       456     1     6
     -0.6046056220 b       457     1     7
      0.2992322750 b       458     1     8
      1.1072579716 b       459     1     9
     -0.9564938162 b       460     1    10
      0.8164195025 b       461     1    11
     -0.3811783578 b       462     1    12
      0.7875954451 b       463     1    13
     -0.6208593943 b       464     1    14
     -0.9563149996 b       465     1    15
     -0.3445556785 a       466     1     1     2     1
     -0.8503173024 a       467     1     1     2     2
     -0.9606283641 a       468     1     1     2     3
     -0.1716579933 a       469     1     1     2     4
      0.5926272718 a       470     1     1     2     5
      0.2247370036 a       471     1     1     2     6
      0.2047896603 a       472     1     1     2     7
      1.0133495399 a       473     1     1     2     8
     -0.3184136300 a       474     1     1     2     9
      0.6529139333 a       475     1     1     2    10
      1.0106025159 a       476     1     1     2    11
     -0.9342317860 a       477     1     1     2    12
     -0.2181732954 a       478     1     1     2    13
      0.2132390793 a       479     1     1     2    14
      0.3314399171 a       480     1     1     2    15
     -0.3406605920 a       481     1     2     2     1
     -0.4634361691 a       482     1     2     2     2
      0.8048073607 a       483     1     2     2     3
      0.3609883199 a       484     1     2     2     4
      0.8219385498 a       485     1     2     2     5
     -0.5852516685 a       486     1     2     2     6
     -0.5860691914 a       487     1     2     2     7
     -0.5498026140 a       488     1     2     2     8
     -0.0406436398 a       489     1     2     2     9
     -0.9667706680 a       490     1     2     2    10
     -0.2551346696 a       491     1     2     2    11
     -0.2201268560 a       492     1     2     2    12
      0.0238665555 a       493     1     2     2    13
     -0.4378790878 a       494     1     2     2    14
      0.4729653745 a       495     1     2     2    15
     -0.8284259506 a       496     1     3     2     1
     -0.4099864818 a       497     1     3     2     2
     -0.5610711105 a       498     1     3     2     3
     -0.6629863375 a       499     1     3     2     4
      0.3864717357 a       500     1     3     2     5
      0.2655171415 a       501     1     3     2     6
      0.5410718469 a       502     1     3     2     7
     -0.8304796593 a       503     1     3     2     8
      0.7837650656 a       504     1     3     2     9
      0.9380015595 a       505     1     3     2    10
      0.8114279780 a       506     1     3     2    11
     -0.0386749629 a       507     1     3     2    12
     -0.5533090810 a       508     1     3     2    13
     -0.2369022125 a       509     1     3     2    14
     -0.0578306743 a       510     1     3     2    15
     -0.8065005517 a       511     1     4     2     1
      0.3099897800 a       512     1     4     2     2
     -0.7271227323 a       513     1     4     2     3
      0.5391160939 a       514     1     4     2     4
      0.8620331429 a       515     1     4     2     5
     -0.2655446851 a       516     1     4     2     6
     -0.5506067182 a       517     1     4     2     7
     -0.8065585607 a       518     1     4     2     8
      0.6755771531 a       519     1     4     2     9
      0.8842733002 a       520     1     4     2    10
     -0.8627785453 a       521     1     4     2    11
      0.7823237572 a       522     1     4     2    12
     -0.8084264029 a       523     1     4     2    13
     -0.7520473274 a       524     1     4     2    14
     -0.1651304795 a       525     1     4     2    15
     -0.4580508934 a       526     1     5     2     1
      0.6018309198 a       527     1     5     2     2
     -0.8896193543 a       528     1     5     2     3
      0.0438109634 a       529     1     5     2     4
      0.7281568975 a       530     1     5     2     5
     -0.0293116401 a       531     1     5     2     6
     -0.1729962415 a       532     1     5     2     7
      0.2381134335 a       533     1     5     2     8
     -0.3165940191 a       534     1     5     2     9
      0.7716117920 a       535     1     5     2    10
     -0.6612191870 a       536     1     5     2    11
     -0.6272695355 a       537     1     5     2    12
      0.4328937568 a       538     1     5     2    13
     -0.6244949769 a       539     1     5     2    14
     -0.0293836734 a       540     1     5     2    15
      0.6375699379 a       541     1     6     2     1
      0.0228755452 a       542     1     6     2     2
      0.5015975261 a       543     1     6     2     3
      0.4209725822 a       544     1     6     2     4
      0.8293082807 a       545     1     6     2     5
     -0.1748708855 a       546     1     6     2     6
     -0.1077710091 a       547     1     6     2     7
      0.1684399957 a       548     1     6     2     8
      0.5566906611 a       549     1     6     2     9
      0.5234384794 a       550     1     6     2    10
     -0.3324155124 a       551     1     6     2    11
      0.3695887800 a       552     1     6     2    12
     -0.8705397277 a       553     1     6     2    13
     -0.5187303320 a       554     1     6     2    14
      0.4904027069 a       555     1     6     2    15
      0.4431686695 a       556     1     7     2     1
     -0.8157497549 a       557     1     7     2     2
     -0.5296580105 a       558     1     7     2     3
     -0.9547829387 a       559     1     7     2     4
      0.8479981648 a       560     1     7     2     5
      0.2260636521 a       561     1     7     2     6
     -0.8727663111 a       562     1     7     2     7
      0.9176095639 a       563     1     7     2     8
     -0.4467319256 a       564     1     7     2     9
     -0.1055665999 a       565     1     7     2    10
      0.8003597524 a       566     1     7     2    11
     -0.2483977204 a       567     1     7     2    12
     -0.3689319207 a       568     1     7     2    13
      0.1619513207 a       569     1     7     2    14
      0.0483725801 a       570     1     7     2    15
     -0.0736393186 a       571     1     8     2     1
     -0.8792906719 a       572     1     8     2     2
     -0.0511173632 a       573     1     8     2     3
      0.4513622567 a       574     1     8     2     4
      0.0729961538 a       575     1     8     2     5
     -0.3991791594 a       576     1     8     2     6
      0.5747898719 a       577     1     8     2     7
      0.3590027639 a       578     1     8     2     8
      0.8445709310 a       579     1     8     2     9
      0.4876167644 a       580     1     8     2    10
     -0.5459981685 a       581     1     8     2    11
     -0.5023038547 a       582     1     8     2    12
     -0.2634032743 a       583     1     8     2    13
     -0.7575524558 a       584     1     8     2    14
      0.5877117343 a       585     1     8     2    15
      0.4372802731 a       586     1     9     2     1
      0.1509874156 a       587     1     9     2     2
      0.2741947447 a       588     1     9     2     3
      0.9562219811 a       589     1     9     2     4
     -0.0518777077 a       590     1     9     2     5
      0.9904064820 a       591     1     9     2     6
     -0.2768313888 a       592     1     9     2     7
      0.4042946415 a       593     1     9     2     8
     -0.8281541155 a       594     1     9     2     9
     -0.9313465169 a       595     1     9     2    10
     -0.3376568748 a       596     1     9     2    11
     -0.3306170938 a       597     1     9     2    12
     -0.7461454268 a       598     1     9     2    13
     -0.4914886286 a       599     1     9     2    14
      0.1917643882 a       600     1     9     2    15
     -0.2323442378 a       601     1    10     2     1
     -0.1396177245 a       602     1    10     2     2
     -0.4761548928 a       603     1    10     2     3
      0.5605665368 a       604     1    10     2     4
      0.3045827239 a       605     1    10     2     5
      0.8669361774 a       606     1    10     2     6
      0.9754361338 a       607     1    10     2     7
      0.5634970128 a       608     1    10     2     8
     -0.4682536672 a       609     1    10     2     9
     -0.8363052526 a       610     1    10     2    10
      0.7508573400 a       611     1    10     2    11
      0.4397783721 a       612     1    10     2    12
     -0.7818879218 a       613     1    10     2    13
      0.7359615331 a       614     1    10     2    14
      0.0696098004 a       615     1    10     2    15
     -0.0574052417 a       616     1    11     2     1
     -0.8927700412 a       617     1    11     2     2
     -0.1577266140 a       618     1    11     2     3
     -1.0295662091 a       619     1    11     2     4
      0.4559693036 a       620     1    11     2     5
     -0.0210179207 a       621     1    11     2     6
      0.4919998455 a       622     1    11     2     7
      0.5198343992 a       623     1    11     2     8
     -0.1204388250 a       624     1    11     2     9
      0.2836451768 a       625     1    11     2    10
     -0.8197217611 a       626     1    11     2    11
      0.2203238145 a       627     1    11     2    12
      0.1537364860 a       628     1    11     2    13
      0.6031374994 a       629     1    11     2    14
     -0.7017954889 a       630     1    11     2    15
      0.1407564080 a       631     1    12     2     1
      0.5878434418 a       632     1    12     2     2
      0.4145773087 a       633     1    12     2     3
      0.5892832955 a       634     1    12     2     4
      0.9336308179 a       635     1    12     2     5
      0.5746867698 a       636     1    12     2     6
     -0.0121175645 a       637     1    12     2     7
     -0.7650934744 a       638     1    12     2     8
     -0.5289800176 a       639     1    12     2     9
     -0.5074739235 a       640     1    12     2    10
      0.6761739488 a       641     1    12     2    11
      0.5924199158 a       642     1    12     2    12
      0.8107735276 a       643     1    12     2    13
      0.1175616369 a       644     1    12     2    14
      0.6163749812 a       645     1    12     2    15
      0.8156978557 a       646     1    13     2     1
      0.2170761495 a       647     1    13     2     2
      0.6552815074 a       648     1    13     2     3
     -0.9028762831 a       649     1    13     2     4
     -0.4863512608 a       650     1    13     2     5
     -0.2331653167 a       651     1    13     2     6
     -0.8006581639 a       652     1    13     2     7
     -0.2096204218 a       653     1    13     2     8
      0.4156125737 a       654     1    13     2     9
     -0.3985386487 a       655     1    13     2    10
     -0.1079908850 a       656     1    13     2    11
      0.4854977128 a       657     1    13     2    12
      0.3646317470 a       658     1    13     2    13
      0.0455594184 a       659     1    13     2    14
      0.2141294962 a       660     1    13     2    15
     -0.7663724478 a       661     1    14     2     1
     -0.1352397302 a       662     1    14     2     2
     -0.1916301646 a       663     1    14     2     3
      0.7015694376 a       664     1    14     2     4
     -0.9270588568 a       665     1    14     2     5
      0.1396086098 a       666     1    14     2     6
      0.8604498927 a       667     1    14     2     7
      0.4364897014 a       668     1    14     2     8
     -0.3056324776 a       669     1    14     2     9
      0.7405146389 a       670     1    14     2    10
      0.5239310223 a       671     1    14     2    11
      0.5205789196 a       672     1    14     2    12
      0.6850368387 a       673     1    14     2    13
      0.5227388900 a       674     1    14     2    14
      0.1629785107 a       675     1    14     2    15
     -0.0749024988 a       676     1    15     2     1
     -0.1700486848 a       677     1    15     2     2
     -0.2940551511 a       678     1    15     2     3
     -0.5555980637 a       679     1    15     2     4
      0.2495189416 a       680     1    15     2     5
     -0.8710868936 a       681     1    15     2     6
      0.3359603431 a       682     1    15     2     7
      0.6030634553 a       683     1    15     2     8
      0.9383480875 a       684     1    15     2     9
     -0.4563861504 a       685     1    15     2    10
     -0.2673826563 a       686     1    15     2    11
     -0.3856373181 a       687     1    15     2    12
      0.0726303935 a       688     1    15     2    13
     -0.5275102937 a       689     1    15     2    14
     -0.3026196488 a       690     1    15     2    15
     -0.2923089713 b       691     2     1
     -0.8671053432 b       692     2     2
      0.7483615065 b       693     2     3
     -0.1965930292 b       694     2     4
      0.2257582832 b       695     2     5
      0.7206618289 b       696     2     6
      0.0393642965 b       697     2     7
      0.8838214319 b       698     2     8
     -0.1416968482 b       699     2     9
     -0.1970011306 b       700     2    10
      0.2922053985 b       701     2    11
     -0.7516000838 b       702     2    12
     -0.8625530233 b       703     2    13
      0.6324248839 b       704     2    14
     -0.6582311894 b       705     2    15
     -0.7973627909 a       706     2     1     3     1
     -0.7970043393 a       707     2     2     3     1
      0.7412785115 a       708     2     3     3     1
     -0.6251831472 a       709     2     4     3     1
      0.5838149305 a       710     2     5     3     1
      0.3419039575 a       711     2     6     3     1
     -0.3727581935 a       712     2     7     3     1
     -0.2409600094 a       713     2     8     3     1
     -0.4226494863 a       714     2     9     3     1
      0.2780116307 a       715     2    10     3     1
      0.9204958272 a       716     2    11     3     1
      0.2809943265 a       717     2    12     3     1
     -0.0363967972 a       718     2    13     3     1
      0.2671598828 a       719     2    14     3     1
      0.1113443143 a       720     2    15     3     1
     -0.6775692215 b       721     3     1
