     -0.0362336511 a         1     0     1     1     1
      0.4397549101 a         2     0     1     1     2
      0.0567014689 a         3     0     1     1     3
     -0.3758751024 a         4     0     1     1     4
     -0.2024144984 a         5     0     1     1     5
      0.2359205718 a         6     0     1     1     6
     -0.1187881529 a         7     0     1     1     7
      0.1890439043 a         8     0     1     1     8
     -0.3534094841 a         9     0     1     1     9
      0.0167445624 a        10     0     1     1    10
     -0.0601799046 a        11     0     1     1    11
      0.0539116356 a        12     0     1     1    12
     -0.3433728665 a        13     0     1     1    13
     -0.1070735709 a        14     0     1     1    14
      0.1881023810 a        15     0     1     1    15
      0.0270435339 a        16     0     1     1    16
      0.1295047999 a        17     0     1     1    17
     -0.3607905520 a        18     0     1     1    18
     -0.2890182854 a        19     0     1     1    19
     -0.0901255375 a        20     0     1     1    20
     -0.2485773261 a        21     0     2     1     1
      0.2323458769 a        22     0     2     1     2
      0.0967030810 a        23     0     2     1     3
     -0.2042182281 a        24     0     2     1     4
     -0.3457498737 a        25     0     2     1     5
     -0.4232534692 a        26     0     2     1     6
      0.1210938313 a        27     0     2     1     7
      0.3691198868 a        28     0     2     1     8
     -0.1117015900 a        29     0     2     1     9
     -0.2108231705 a        30     0     2     1    10
      0.2895260317 a        31     0     2     1    11
     -0.3189702025 a        32     0     2     1    12
      0.0817601662 a        33     0     2     1    13
      0.0341733364 a        34     0     2     1    14
      0.5268378488 a        35     0     2     1    15
     -0.2353526940 a        36     0     2     1    16
      0.2708178804 a        37     0     2     1    17
      0.1656755156 a        38     0     2     1    18
     -0.1530135950 a        39     0     2     1    19
      0.2987435544 a        40     0     2     1    20
     -0.0746135100 a        41     0     3     1     1
     -0.0076666745 a        42     0     3     1     2
      0.3818658977 a        43     0     3     1     3
      0.3766334726 a        44     0     3     1     4
     -0.0295597833 a        45     0     3     1     5
      0.1446483714 a        46     0     3     1     6
      0.4786574442 a        47     0     3     1     7
      0.4268096566 a        48     0     3     1     8
      0.1456244077 a        49     0     3     1     9
      0.1245691975 a        50     0     3     1    10
     -0.4034837673 a        51     0     3     1    11
     -0.3171403519 a        52     0     3     1    12
     -0.1251915068 a        53     0     3     1    13
      0.0816924736 a        54     0     3     1    14
     -0.2230193359 a        55     0     3     1    15
     -0.3580091888 a        56     0     3     1    16
     -0.0707986551 a        57     0     3     1    17
      0.1102611104 a        58     0     3     1    18
      0.1885746520 a        59     0     3     1    19
      0.0238840602 a        60     0     3     1    20
     -0.0143671190 a        61     0     4     1     1
     -0.2983180604 a        62     0     4     1     2
     -0.2688937375 a        63     0     4     1     3
     -0.2599992724 a        64     0     4     1     4
      0.2158831897 a        65     0     4     1     5
     -0.2159495243 a        66     0     4     1     6
      0.3150921812 a        67     0     4     1     7
     -0.2147540316 a        68     0     4     1     8
      0.0448749917 a        69     0     4     1     9
      0.2246352727 a        70     0     4     1    10
     -0.3100335315 a        71     0     4     1    11
     -0.2741512668 a        72     0     4     1    12
      0.3717421721 a        73     0     4     1    13
     -0.4705837259 a        74     0     4     1    14
      0.1376198024 a        75     0     4     1    15
      0.4489779427 a        76     0     4     1    16
     -0.3832283245 a        77     0     4     1    17
     -0.4025127424 a        78     0     4     1    18
     -0.3542437484 a        79     0     4     1    19
      0.2035978203 a        80     0     4     1    20
     -0.0964964986 a        81     0     5     1     1
     -0.1870377258 a        82     0     5     1     2
      0.3400692668 a        83     0     5     1     3
     -0.4271990296 a        84     0     5     1     4
      0.1629320816 a        85     0     5     1     5
     -0.4076530311 a        86     0     5     1     6
      0.1756201827 a        87     0     5     1     7
     -0.1087842172 a        88     0     5     1     8
     -0.4339218322 a        89     0     5     1     9
     -0.3015925799 a        90     0     5     1    10
     -0.0223683737 a        91     0     5     1    11
     -0.2613493345 a        92     0     5     1    12
      0.0040688714 a        93     0     5     1    13
     -0.3723532874 a        94     0     5     1    14
     -0.3753296979 a        95     0     5     1    15
     -0.0601144694 a        96     0     5     1    16
     -0.2523766598 a        97     0     5     1    17
     -0.0696786230 a        98     0     5     1    18
     -0.3888572085 a        99     0     5     1    19
     -0.1476022231 a       100     0     5     1    20
     -0.2391472550 a       101     0     6     1     1
      0.3661823392 a       102     0     6     1     2
     -0.0670739054 a       103     0     6     1     3
      0.3479544481 a       104     0     6     1     4
      0.4501374711 a       105     0     6     1     5
      0.3714842675 a       106     0     6     1     6
     -0.0416992885 a       107     0     6     1     7
      0.1520190364 a       108     0     6     1     8
     -0.2001163577 a       109     0     6     1     9
      0.1228968706 a       110     0     6     1    10
     -0.4488499815 a       111     0     6     1    11
     -0.3707550100 a       112     0     6     1    12
      0.1872964520 a       113     0     6     1    13
      0.4997859749 a       114     0     6     1    14
     -0.5282880679 a       115     0     6     1    15
      0.3966063619 a       116     0     6     1    16
     -0.1424370966 a       117     0     6     1    17
      0.3740111441 a       118     0     6     1    18
     -0.2906071315 a       119     0     6     1    19
     -0.4435419047 a       120     0     6     1    20
     -0.1378381582 a       121     0     7     1     1
     -0.3933697135 a       122     0     7     1     2
     -0.4558042383 a       123     0     7     1     3
     -0.0676397763 a       124     0     7     1     4
      0.2644870472 a       125     0     7     1     5
      0.1009215643 a       126     0     7     1     6
      0.1197187492 a       127     0     7     1     7
      0.4680381828 a       128     0     7     1     8
     -0.1883193075 a       129     0     7     1     9
      0.3185252378 a       130     0     7     1    10
      0.4546778700 a       131     0     7     1    11
     -0.4369172449 a       132     0     7     1    12
     -0.0902834296 a       133     0     7     1    13
      0.1133088507 a       134     0     7     1    14
      0.1848986982 a       135     0     7     1    15
     -0.1544260399 a       136     0     7     1    16
     -0.2721789192 a       137     0     7     1    17
      0.3824774349 a       138     0     7     1    18
      0.2105760845 a       139     0     7     1    19
      0.3680455324 a       140     0     7     1    20
     -0.2882593601 a       141     0     8     1     1
     -0.2544287555 a       142     0     8     1     2
     -0.2678688194 a       143     0     8     1     3
     -0.0156117057 a       144     0     8     1     4
     -0.4495639557 a       145     0     8     1     5
     -0.1105502012 a       146     0     8     1     6
     -0.1120262309 a       147     0     8     1     7
      0.0115360199 a       148     0     8     1     8
     -0.2505252037 a       149     0     8     1     9
      0.2194394086 a       150     0     8     1    10
     -0.3923591296 a       151     0     8     1    11
     -0.1826524586 a       152     0     8     1    12
     -0.3144838860 a       153     0     8     1    13
     -0.3628327833 a       154     0     8     1    14
      0.2006193908 a       155     0     8     1    15
      0.1339725847 a       156     0     8     1    16
      0.2878576105 a       157     0     8     1    17
     -0.3772119826 a       158     0     8     1    18
      0.3823392072 a       159     0     8     1    19
      0.4309747352 a       160     0     8     1    20
      0.3895784506 a       161     0     9     1     1
     -0.0175382619 a       162     0     9     1     2
     -0.2647413395 a       163     0     9     1     3
     -0.1041085739 a       164     0     9     1     4
     -0.0200545178 a       165     0     9     1     5
     -0.3725280184 a       166     0     9     1     6
      0.1694378530 a       167     0     9     1     7
     -0.3572183832 a       168     0     9     1     8
      0.3050198851 a       169     0     9     1     9
      0.4287720130 a       170     0     9     1    10
     -0.1235189288 a       171     0     9     1    11
     -0.2630110709 a       172     0     9     1    12
     -0.4143692677 a       173     0     9     1    13
      0.3518696243 a       174     0     9     1    14
      0.4686113974 a       175     0     9     1    15
     -0.4241795824 a       176     0     9     1    16
      0.4114518676 a       177     0     9     1    17
     -0.3657954247 a       178     0     9     1    18
     -0.3798840132 a       179     0     9     1    19
     -0.0821030490 a       180     0     9     1    20
     -0.2084354982 a       181     0    10     1     1
      0.2846335255 a       182     0    10     1     2
     -0.4631570293 a       183     0    10     1     3
      0.0013031583 a       184     0    10     1     4
      0.3196203071 a       185     0    10     1     5
     -0.0105127606 a       186     0    10     1     6
     -0.0833763708 a       187     0    10     1     7
      0.1133379406 a       188     0    10     1     8
     -0.1747112019 a       189     0    10     1     9
      0.3617163252 a       190     0    10     1    10
     -0.3317028048 a       191     0    10     1    11
     -0.2950262521 a       192     0    10     1    12
      0.2330981678 a       193     0    10     1    13
     -0.3186149146 a       194     0    10     1    14
     -0.0102723425 a       195     0    10     1    15
      0.2765593524 a       196     0    10     1    16
      0.0055641801 a       197     0    10     1    17
      0.2318273864 a       198     0    10     1    18
      0.2113304515 a       199     0    10     1    19
      0.3827495779 a       200     0    10     1    20
     -0.0869938534 a       201     0    11     1     1
     -0.0611031653 a       202     0    11     1     2
      0.1040118364 a       203     0    11     1     3
      0.2696393186 a       204     0    11     1     4
      0.2276215594 a       205     0    11     1     5
     -0.1307550404 a       206     0    11     1     6
      0.1875049456 a       207     0    11     1     7
     -0.4464851971 a       208     0    11     1     8
     -0.2970564622 a       209     0    11     1     9
      0.2228466623 a       210     0    11     1    10
      0.1974456389 a       211     0    11     1    11
     -0.3642690294 a       212     0    11     1    12
     -0.3046544506 a       213     0    11     1    13
     -0.4830330717 a       214     0    11     1    14
      0.4512193587 a       215     0    11     1    15
      0.1059486275 a       216     0    11     1    16
     -0.4751946189 a       217     0    11     1    17
      0.4356724611 a       218     0    11     1    18
     -0.2138781718 a       219     0    11     1    19
     -0.0622465536 a       220     0    11     1    20
      0.3728404922 a       221     0    12     1     1
     -0.1110203985 a       222     0    12     1     2
     -0.2074374274 a       223     0    12     1     3
      0.0662583044 a       224     0    12     1     4
      0.0085487938 a       225     0    12     1     5
     -0.0366572368 a       226     0    12     1     6
     -0.4810859959 a       227     0    12     1     7
      0.0082152309 a       228     0    12     1     8
      0.2554806886 a       229     0    12     1     9
      0.0307121583 a       230     0    12     1    10
     -0.1856363791 a       231     0    12     1    11
      0.2733753441 a       232     0    12     1    12
      0.1695389096 a       233     0    12     1    13
      0.4255228003 a       234     0    12     1    14
      0.2664554267 a       235     0    12     1    15
     -0.2482479111 a       236     0    12     1    16
     -0.2645199781 a       237     0    12     1    17
     -0.1022117958 a       238     0    12     1    18
     -0.3730885973 a       239     0    12     1    19
      0.2708227139 a       240     0    12     1    20
      0.2856425024 a       241     0    13     1     1
      0.0818016091 a       242     0    13     1     2
      0.0961657191 a       243     0    13     1     3
      0.4655830039 a       244     0    13     1     4
     -0.0517520611 a       245     0    13     1     5
      0.4467961772 a       246     0    13     1     6
     -0.1047864644 a       247     0    13     1     7
      0.1838206137 a       248     0    13     1     8
     -0.4553804000 a       249     0    13     1     9
     -0.4404026873 a       250     0    13     1    10
     -0.2125235446 a       251     0    13     1    11
     -0.1553767983 a       252     0    13     1    12
     -0.3710595810 a       253     0    13     1    13
     -0.2599704107 a       254     0    13     1    14
      0.1082211129 a       255     0    13     1    15
     -0.1731680958 a       256     0    13     1    16
     -0.0776349067 a       257     0    13     1    17
     -0.1920011312 a       258     0    13     1    18
      0.2624236313 a       259     0    13     1    19
      0.1586414085 a       260     0    13     1    20
      0.4192690608 a       261     0    14     1     1
      0.4059870851 a       262     0    14     1     2
      0.2947283812 a       263     0    14     1     3
     -0.2210603197 a       264     0    14     1     4
     -0.3906614736 a       265     0    14     1     5
      0.3766714778 a       266     0    14     1     6
      0.2234319803 a       267     0    14     1     7
     -0.4051416239 a       268     0    14     1     8
      0.4107441849 a       269     0    14     1     9
      0.0252119199 a       270     0    14     1    10
      0.0239886404 a       271     0    14     1    11
     -0.4112802133 a       272     0    14     1    12
     -0.1068694241 a       273     0    14     1    13
     -0.4992639806 a       274     0    14     1    14
      0.2488446603 a       275     0    14     1    15
     -0.0153494815 a       276     0    14     1    16
      0.2917111812 a       277     0    14     1    17
      0.2180281078 a       278     0    14     1    18
     -0.0554195684 a       279     0    14     1    19
      0.1380806919 a       280     0    14     1    20
     -0.4327323703 a       281     0    15     1     1
      0.0987959945 a       282     0    15     1     2
      0.0984991653 a       283     0    15     1     3
      0.2785994856 a       284     0    15     1     4
     -0.3218133732 a       285     0    15     1     5
      0.0386426813 a       286     0    15     1     6
      0.2914778049 a       287     0    15     1     7
      0.2196311349 a       288     0    15     1     8
      0.3257079783 a       289     0    15     1     9
      0.4754770243 a       290     0    15     1    10
      0.2678984560 a       291     0    15     1    11
     -0.0171125653 a       292     0    15     1    12
     -0.4103791555 a       293     0    15     1    13
     -0.2774687730 a       294     0    15     1    14
     -0.2573675880 a       295     0    15     1    15
      0.3541610025 a       296     0    15     1    16
      0.3115678684 a       297     0    15     1    17
      0.3580791201 a       298     0    15     1    18
      0.0640073270 a       299     0    15     1    19
      0.2770025549 a       300     0    15     1    20
      0.3797480454 a       301     0    16     1     1
      0.0969585015 a       302     0    16     1     2
      0.3220057109 a       303     0    16     1     3
     -0.4528930200 a       304     0    16     1     4
     -0.2176967831 a       305     0    16     1     5
     -0.0974494930 a       306     0    16     1     6
     -0.4092895839 a       307     0    16     1     7
     -0.1309589104 a       308     0    16     1     8
      0.2107751803 a       309     0    16     1     9
     -0.1728921561 a       310     0    16     1    10
     -0.0462628342 a       311     0    16     1    11
      0.2285183986 a       312     0    16     1    12
      0.2178058632 a       313     0    16     1    13
      0.0399421877 a       314     0    16     1    14
      0.1311231496 a       315     0    16     1    15
     -0.4039959689 a       316     0    16     1    16
     -0.0701017200 a       317     0    16     1    17
     -0.0845313537 a       318     0    16     1    18
      0.3300368659 a       319     0    16     1    19
     -0.4256921906 a       320     0    16     1    20
      0.0695882367 a       321     0    17     1     1
      0.3711385716 a       322     0    17     1     2
      0.2250898134 a       323     0    17     1     3
     -0.1405225582 a       324     0    17     1     4
      0.3327945127 a       325     0    17     1     5
      0.2721567731 a       326     0    17     1     6
      0.2645022118 a       327     0    17     1     7
      0.3151646898 a       328     0    17     1     8
      0.2881698619 a       329     0    17     1     9
      0.0754132599 a       330     0    17     1    10
     -0.0869492945 a       331     0    17     1    11
     -0.0826907153 a       332     0    17     1    12
     -0.1420008239 a       333     0    17     1    13
     -0.2959040319 a       334     0    17     1    14
      0.1507602403 a       335     0    17     1    15
     -0.4179645987 a       336     0    17     1    16
      0.1491632013 a       337     0    17     1    17
      0.2846304200 a       338     0    17     1    18
      0.4655090718 a       339     0    17     1    19
     -0.2110301456 a       340     0    17     1    20
     -0.0881966224 a       341     0    18     1     1
     -0.1707436455 a       342     0    18     1     2
      0.0091354478 a       343     0    18     1     3
     -0.2443429053 a       344     0    18     1     4
     -0.1497625037 a       345     0    18     1     5
     -0.0782407859 a       346     0    18     1     6
     -0.4399070813 a       347     0    18     1     7
      0.3490981768 a       348     0    18     1     8
     -0.1030263383 a       349     0    18     1     9
      0.0909646820 a       350     0    18     1    10
      0.3324825016 a       351     0    18     1    11
      0.0473293616 a       352     0    18     1    12
      0.4401018388 a       353     0    18     1    13
     -0.0762217435 a       354     0    18     1    14
     -0.0943825685 a       355     0    18     1    15
      0.0997037198 a       356     0    18     1    16
     -0.3975774422 a       357     0    18     1    17
     -0.3480764918 a       358     0    18     1    18
      0.3123019100 a       359     0    18     1    19
     -0.2865518277 a       360     0    18     1    20
     -0.3065826702 a       361     0    19     1     1
     -0.3723684822 a       362     0    19     1     2
      0.3874321746 a       363     0    19     1     3
     -0.3384502648 a       364     0    19     1     4
      0.2616453675 a       365     0    19     1     5
      0.1485262708 a       366     0    19     1     6
     -0.0762750380 a       367     0    19     1     7
     -0.1897087439 a       368     0    19     1     8
     -0.1801606570 a       369     0    19     1     9
      0.1463307282 a       370     0    19     1    10
      0.4522043342 a       371     0    19     1    11
      0.1387823064 a       372     0    19     1    12
      0.1199666566 a       373     0    19     1    13
      0.1603978972 a       374     0    19     1    14
      0.0979032207 a       375     0    19     1    15
     -0.3347164485 a       376     0    19     1    16
      0.0676202385 a       377     0    19     1    17
     -0.3824516444 a       378     0    19     1    18
      0.0156105827 a       379     0    19     1    19
      0.0862840689 a       380     0    19     1    20
     -0.3656639275 a       381     0    20     1     1
     -0.0778731932 a       382     0    20     1     2
      0.4809624650 a       383     0    20     1     3
     -0.3055841873 a       384     0    20     1     4
      0.2941725786 a       385     0    20     1     5
     -0.3793058978 a       386     0    20     1     6
      0.1944876240 a       387     0    20     1     7
     -0.3992845431 a       388     0    20     1     8
      0.0622223765 a       389     0    20     1     9
     -0.4310151762 a       390     0    20     1    10
      0.4426206745 a       391     0    20     1    11
     -0.3424201718 a       392     0    20     1    12
     -0.3309567842 a       393     0    20     1    13
     -0.4049333505 a       394     0    20     1    14
     -0.0810274755 a       395     0    20     1    15
      0.4261987487 a       396     0    20     1    16
      0.2246207445 a       397     0    20     1    17
      0.3198337270 a       398     0    20     1    18
     -0.3483828772 a       399     0    20     1    19
     -0.4277824308 a       400     0    20     1    20
      0.3055415687 a       401     0    21     1     1
      0.0460471092 a       402     0    21     1     2
      0.3346485805 a       403     0    21     1     3
     -0.3402528963 a       404     0    21     1     4
      0.3384901856 a       405     0    21     1     5
     -0.0874754260 a       406     0    21     1     6
     -0.3950624816 a       407     0    21     1     7
      0.0376046138 a       408     0    21     1     8
     -0.2116055233 a       409     0    21     1     9
     -0.3176628268 a       410     0    21     1    10
     -0.1349475645 a       411     0    21     1    11
      0.2105094350 a       412     0    21     1    12
     -0.0344090196 a       413     0    21     1    13
      0.0885312293 a       414     0    21     1    14
     -0.2539433227 a       415     0    21     1    15
     -0.3574766909 a       416     0    21     1    16
      0.4430848561 a       417     0    21     1    17
     -0.0508497900 a       418     0    21     1    18
     -0.0131962962 a       419     0    21     1    19
      0.0261999193 a       420     0    21     1    20
      0.4400573345 a       421     0    22     1     1
     -0.4399179093 a       422     0    22     1     2
      0.3636592170 a       423     0    22     1     3
     -0.0116657660 a       424     0    22     1     4
     -0.1240955706 a       425     0    22     1     5
      0.1226286231 a       426     0    22     1     6
      0.4453177623 a       427     0    22     1     7
     -0.0511391126 a       428     0    22     1     8
      0.1895924579 a       429     0    22     1     9
     -0.0159945094 a       430     0    22     1    10
     -0.1750384108 a       431     0    22     1    11
      0.4411977530 a       432     0    22     1    12
     -0.4610816451 a       433     0    22     1    13
     -0.0589398567 a       434     0    22     1    14
     -0.2712133313 a       435     0    22     1    15
      0.1630233117 a       436     0    22     1    16
      0.4198970951 a       437     0    22     1    17
     -0.2596254163 a       438     0    22     1    18
     -0.2940487526 a       439     0    22     1    19
     -0.0979209956 a       440     0    22     1    20
      0.0188302128 a       441     0    23     1     1
     -0.3766253091 a       442     0    23     1     2
      0.0054790799 a       443     0    23     1     3
     -0.2991902656 a       444     0    23     1     4
      0.4426956714 a       445     0    23     1     5
      0.4538545957 a       446     0    23     1     6
      0.0589205441 a       447     0    23     1     7
      0.4659668007 a       448     0    23     1     8
     -0.2100203622 a       449     0    23     1     9
      0.4173346257 a       450     0    23     1    10
     -0.0953744393 a       451     0    23     1    11
     -0.1582113459 a       452     0    23     1    12
      0.3639552575 a       453     0    23     1    13
      0.2302979763 a       454     0    23     1    14
     -0.2145059912 a       455     0    23     1    15
      0.2250873118 a       456     0    23     1    16
      0.2664497290 a       457     0    23     1    17
      0.1065088267 a       458     0    23     1    18
     -0.2448339585 a       459     0    23     1    19
      0.2154580053 a       460     0    23     1    20
      0.2352600678 a       461     0    24     1     1
      0.1012700836 a       462     0    24     1     2
     -0.0574003887 a       463     0    24     1     3
      0.4539617132 a       464     0    24     1     4
      0.2964934599 a       465     0    24     1     5
     -0.3964827408 a       466     0    24     1     6
      0.2344697198 a       467     0    24     1     7
      0.1592092054 a       468     0    24     1     8
     -0.0442847462 a       469     0    24     1     9
     -0.0793772730 a       470     0    24     1    10
      0.2773388371 a       471     0    24     1    11
      0.1982178444 a       472     0    24     1    12
      0.1702298780 a       473     0    24     1    13
     -0.0985823547 a       474     0    24     1    14
     -0.4851524659 a       475     0    24     1    15
     -0.3841060884 a       476     0    24     1    16
      0.1467310006 a       477     0    24     1    17
     -0.1075307161 a       478     0    24     1    18
     -0.3959325300 a       479     0    24     1    19
      0.3794301537 a       480     0    24     1    20
      0.4033494764 a       481     0    25     1     1
      0.4393771365 a       482     0    25     1     2
     -0.2732373478 a       483     0    25     1     3
     -0.3801390925 a       484     0    25     1     4
      0.3783401081 a       485     0    25     1     5
     -0.3804679587 a       486     0    25     1     6
      0.2117589658 a       487     0    25     1     7
     -0.1611793163 a       488     0    25     1     8
     -0.2152219903 a       489     0    25     1     9
      0.3358145040 a       490     0    25     1    10
      0.2657926627 a       491     0    25     1    11
      0.1567263420 a       492     0    25     1    12
     -0.1337465089 a       493     0    25     1    13
      0.1376376808 a       494     0    25     1    14
      0.0716861617 a       495     0    25     1    15
      0.2205059185 a       496     0    25     1    16
      0.0688134236 a       497     0    25     1    17
     -0.2237719668 a       498     0    25     1    18
      0.0499969383 a       499     0    25     1    19
      0.3169371962 a       500     0    25     1    20
      0.0384527513 a       501     0    26     1     1
     -0.1649132502 a       502     0    26     1     2
      0.2012355393 a       503     0    26     1     3
      0.2580766339 a       504     0    26     1     4
     -0.0556451314 a       505     0    26     1     5
      0.2924416197 a       506     0    26     1     6
      0.3329990000 a       507     0    26     1     7
     -0.2950486142 a       508     0    26     1     8
      0.4255668561 a       509     0    26     1     9
      0.1427599429 a       510     0    26     1    10
     -0.1101977422 a       511     0    26     1    11
      0.3191268986 a       512     0    26     1    12
     -0.1688627493 a       513     0    26     1    13
     -0.1199360293 a       514     0    26     1    14
      0.2096713647 a       515     0    26     1    15
     -0.0338992039 a       516     0    26     1    16
      0.3940501141 a       517     0    26     1    17
      0.1473660497 a       518     0    26     1    18
     -0.3309746548 a       519     0    26     1    19
      0.3995806392 a       520     0    26     1    20
     -0.1215723017 a       521     0    27     1     1
      0.1987675159 a       522     0    27     1     2
      0.3437692952 a       523     0    27     1     3
      0.0358889784 a       524     0    27     1     4
      0.2226129411 a       525     0    27     1     5
      0.2877636939 a       526     0    27     1     6
      0.3930594184 a       527     0    27     1     7
     -0.1779231209 a       528     0    27     1     8
      0.5471862998 a       529     0    27     1     9
     -0.2256585754 a       530     0    27     1    10
      0.1927603148 a       531     0    27     1    11
     -0.3044678310 a       532     0    27     1    12
     -0.0669818338 a       533     0    27     1    13
     -0.0285719283 a       534     0    27     1    14
     -0.2342934108 a       535     0    27     1    15
     -0.4692941689 a       536     0    27     1    16
     -0.2366708597 a       537     0    27     1    17
      0.3192663097 a       538     0    27     1    18
      0.2744591231 a       539     0    27     1    19
     -0.0370351285 a       540     0    27     1    20
      0.1726514884 a       541     0    28     1     1
      0.3983952060 a       542     0    28     1     2
     -0.1775845421 a       543     0    28     1     3
      0.1265732173 a       544     0    28     1     4
     -0.2437691728 a       545     0    28     1     5
      0.3803937427 a       546     0    28     1     6
     -0.4065430878 a       547     0    28     1     7
      0.2833637715 a       548     0    28     1     8
     -0.0560775870 a       549     0    28     1     9
      0.4083192173 a       550     0    28     1    10
      0.2795432091 a       551     0    28     1    11
     -0.2360105288 a       552     0    28     1    12
     -0.1924966603 a       553     0    28     1    13
      0.1670840874 a       554     0    28     1    14
      0.4204184605 a       555     0    28     1    15
     -0.0506051733 a       556     0    28     1    16
      0.5104947571 a       557     0    28     1    17
     -0.0892644936 a       558     0    28     1    18
     -0.3910032347 a       559     0    28     1    19
     -0.4209756515 a       560     0    28     1    20
      0.4408732235 a       561     0    29     1     1
      0.2438990432 a       562     0    29     1     2
     -0.2958236465 a       563     0    29     1     3
     -0.0758384773 a       564     0    29     1     4
     -0.1843492220 a       565     0    29     1     5
     -0.1806876914 a       566     0    29     1     6
     -0.2490130629 a       567     0    29     1     7
      0.0651876853 a       568     0    29     1     8
     -0.4745051905 a       569     0    29     1     9
      0.4172164034 a       570     0    29     1    10
     -0.2777297798 a       571     0    29     1    11
      0.4681317391 a       572     0    29     1    12
      0.1846582056 a       573     0    29     1    13
      0.0089047772 a       574     0    29     1    14
      0.0068430776 a       575     0    29     1    15
      0.0712240610 a       576     0    29     1    16
     -0.1987383871 a       577     0    29     1    17
      0.1951862227 a       578     0    29     1    18
     -0.1481456384 a       579     0    29     1    19
     -0.2544094759 a       580     0    29     1    20
     -0.2771816764 a       581     0    30     1     1
      0.3594807589 a       582     0    30     1     2
      0.1513499089 a       583     0    30     1     3
      0.3255827856 a       584     0    30     1     4
      0.4551780000 a       585     0    30     1     5
      0.3399340287 a       586     0    30     1     6
     -0.2931301231 a       587     0    30     1     7
     -0.4364518596 a       588     0    30     1     8
     -0.0976247219 a       589     0    30     1     9
     -0.3322335269 a       590     0    30     1    10
     -0.3919093802 a       591     0    30     1    11
     -0.2378598601 a       592     0    30     1    12
     -0.4731420177 a       593     0    30     1    13
     -0.2324411384 a       594     0    30     1    14
     -0.3173432387 a       595     0    30     1    15
      0.1283319492 a       596     0    30     1    16
     -0.0999832302 a       597     0    30     1    17
      0.2335240167 a       598     0    30     1    18
      0.0441869549 a       599     0    30     1    19
     -0.3698426781 a       600     0    30     1    20
     -0.3831169204 a       601     0    31     1     1
      0.3141080377 a       602     0    31     1     2
     -0.3786651255 a       603     0    31     1     3
     -0.0033715866 a       604     0    31     1     4
     -0.0790647631 a       605     0    31     1     5
     -0.0346765779 a       606     0    31     1     6
      0.0484060367 a       607     0    31     1     7
      0.1939045531 a       608     0    31     1     8
      0.2755276406 a       609     0    31     1     9
     -0.2453037447 a       610     0    31     1    10
     -0.2609105252 a       611     0    31     1    11
     -0.2405984527 a       612     0    31     1    12
      0.4324575571 a       613     0    31     1    13
     -0.3053366428 a       614     0    31     1    14
     -0.0366570937 a       615     0    31     1    15
     -0.1207181182 a       616     0    31     1    16
      0.0975368945 a       617     0    31     1    17
      0.4332970181 a       618     0    31     1    18
      0.1480910773 a       619     0    31     1    19
     -0.0826615754 a       620     0    31     1    20
      1.2863990631 b       621     1     1
      0.7091730560 b       622     1     2
     -1.0460744655 b       623     1     3
      0.0723888408 b       624     1     4
     -0.0659501924 b       625     1     5
      1.4585942746 b       626     1     6
      0.2286724876 b       627     1     7
     -0.6650122041 b       628     1     8
     -0.3674333142 b       629     1     9
      1.0751516773 b       630     1    10
      1.1660079358 b       631     1    11
      1.1531399776 b       632     1    12
      1.4995509081 b       633     1    13
      0.6035915044 b       634     1    14
     -0.8068835908 b       635     1    15
     -0.6539415952 b       636     1    16
      1.1563810639 b       637     1    17
     -0.2098889722 b       638     1    18
      0.3595345499 b       639     1    19
      1.0034440482 b       640     1    20
      0.1058496672 a       641     1     1     2     1
      0.0575079173 a       642     1     1     2     2
     -0.1196639158 a       643     1     1     2     3
     -0.5085004270 a       644     1     1     2     4
     -0.4396720989 a       645     1     1     2     5
      0.1302505595 a       646     1     1     2     6
     -0.0069494773 a       647     1     1     2     7
      0.2715404045 a       648     1     1     2     8
      0.2060924694 a       649     1     1     2     9
      0.5359956854 a       650     1     1     2    10
     -0.6305130380 a       651     1     1     2    11
     -0.2793823081 a       652     1     1     2    12
      0.3096489040 a       653     1     1     2    13
      0.1499001154 a       654     1     1     2    14
     -0.1259605455 a       655     1     1     2    15
     -0.3002174198 a       656     1     1     2    16
      0.1277862167 a       657     1     1     2    17
      0.5434944476 a       658     1     1     2    18
     -0.1794662176 a       659     1     1     2    19
      0.2308970038 a       660     1     1     2    20
      0.2314813846 a       661     1     2     2     1
      0.5497901221 a       662     1     2     2     2
     -0.3787927227 a       663     1     2     2     3
     -0.5725816707 a       664     1     2     2     4
     -0.1190277051 a       665     1     2     2     5
      0.0159835247 a       666     1     2     2     6
     -0.2952511424 a       667     1     2     2     7
     -0.5189038678 a       668     1     2     2     8
      0.1415789023 a       669     1     2     2     9
      0.0193017147 a       670     1     2     2    10
      0.4027234249 a       671     1     2     2    11
     -0.0715951884 a       672     1     2     2    12
     -0.2162828018 a       673     1     2     2    13
     -0.4745742860 a       674     1     2     2    14
      0.3905152146 a       675     1     2     2    15
      0.4707025707 a       676     1     2     2    16
      0.5369221043 a       677     1     2     2    17
      0.1558919636 a       678     1     2     2    18
      0.4566185449 a       679     1     2     2    19
     -0.2570992376 a       680     1     2     2    20
     -0.2167290746 a       681     1     3     2     1
      0.2007536351 a       682     1     3     2     2
      0.4121178072 a       683     1     3     2     3
     -0.1579170750 a       684     1     3     2     4
      0.0347131033 a       685     1     3     2     5
     -0.4928919914 a       686     1     3     2     6
      0.0416870285 a       687     1     3     2     7
     -0.2635493435 a       688     1     3     2     8
     -0.3296092628 a       689     1     3     2     9
      0.4656756982 a       690     1     3     2    10
     -0.3742250969 a       691     1     3     2    11
      0.4309176025 a       692     1     3     2    12
     -0.4898286600 a       693     1     3     2    13
      0.5690850293 a       694     1     3     2    14
      0.4267745845 a       695     1     3     2    15
     -0.5721306499 a       696     1     3     2    16
      0.4340574685 a       697     1     3     2    17
     -0.0475645110 a       698     1     3     2    18
      0.5235237301 a       699     1     3     2    19
      0.5367674317 a       700     1     3     2    20
      0.4536800529 a       701     1     4     2     1
     -0.4527254890 a       702     1     4     2     2
     -0.0405620051 a       703     1     4     2     3
      0.4072483228 a       704     1     4     2     4
      0.1906461056 a       705     1     4     2     5
     -0.0868970146 a       706     1     4     2     6
      0.4509264044 a       707     1     4     2     7
      0.3103020572 a       708     1     4     2     8
      0.5384044479 a       709     1     4     2     9
     -0.5408692554 a       710     1     4     2    10
     -0.0477188679 a       711     1     4     2    11
     -0.1495997074 a       712     1     4     2    12
      0.5253952112 a       713     1     4     2    13
     -0.4649254947 a       714     1     4     2    14
      0.1649521808 a       715     1     4     2    15
      0.1034574809 a       716     1     4     2    16
     -0.2584561146 a       717     1     4     2    17
     -0.1555119893 a       718     1     4     2    18
     -0.2774783184 a       719     1     4     2    19
     -0.4265549699 a       720     1     4     2    20
      0.3472636523 a       721     1     5     2     1
      0.1022670003 a       722     1     5     2     2
     -0.3016617725 a       723     1     5     2     3
     -0.1337960232 a       724     1     5     2     4
     -0.1101744869 a       725     1     5     2     5
      0.5765940983 a       726     1     5     2     6
     -0.4984822703 a       727     1     5     2     7
     -0.4088578982 a       728     1     5     2     8
      0.4172344341 a       729     1     5     2     9
      0.0794605592 a       730     1     5     2    10
     -0.2730743844 a       731     1     5     2    11
     -0.4356328123 a       732     1     5     2    12
     -0.2487427324 a       733     1     5     2    13
      0.1754592796 a       734     1     5     2    14
     -0.2584425040 a       735     1     5     2    15
     -0.6755668808 a       736     1     5     2    16
      0.0297059137 a       737     1     5     2    17
      0.3800704568 a       738     1     5     2    18
     -0.2494354569 a       739     1     5     2    19
     -0.2972384573 a       740     1     5     2    20
      0.3080977486 a       741     1     6     2     1
      0.4023545863 a       742     1     6     2     2
      0.5783982707 a       743     1     6     2     3
     -0.4574612513 a       744     1     6     2     4
     -0.5113155675 a       745     1     6     2     5
     -0.5742261795 a       746     1     6     2     6
     -0.4500815188 a       747     1     6     2     7
     -0.1652425403 a       748     1     6     2     8
      0.4562910080 a       749     1     6     2     9
      0.4322456777 a       750     1     6     2    10
     -0.5846804542 a       751     1     6     2    11
     -0.1543284419 a       752     1     6     2    12
      0.0280729991 a       753     1     6     2    13
     -0.4703471389 a       754     1     6     2    14
      0.5564188408 a       755     1     6     2    15
      0.3834094445 a       756     1     6     2    16
      0.3386057884 a       757     1     6     2    17
     -0.4900216149 a       758     1     6     2    18
     -0.1501655499 a       759     1     6     2    19
      0.1939092463 a       760     1     6     2    20
      0.1214921609 a       761     1     7     2     1
      0.2734663305 a       762     1     7     2     2
     -0.4983959973 a       763     1     7     2     3
     -0.4673690389 a       764     1     7     2     4
      0.4950852979 a       765     1     7     2     5
     -0.1260198107 a       766     1     7     2     6
     -0.2763261958 a       767     1     7     2     7
     -0.0197688523 a       768     1     7     2     8
      0.4125273374 a       769     1     7     2     9
     -0.0188639873 a       770     1     7     2    10
      0.3627908258 a       771     1     7     2    11
     -0.5914910341 a       772     1     7     2    12
     -0.1771336138 a       773     1     7     2    13
      0.4006761812 a       774     1     7     2    14
      0.4358689625 a       775     1     7     2    15
      0.0300325024 a       776     1     7     2    16
      0.1615570888 a       777     1     7     2    17
      0.1297055116 a       778     1     7     2    18
      0.1497745980 a       779     1     7     2    19
      0.1659113065 a       780     1     7     2    20
      0.5315873490 a       781     1     8     2     1
      0.5101308032 a       782     1     8     2     2
      0.5883104399 a       783     1     8     2     3
      0.2932196678 a       784     1     8     2     4
      0.1417147854 a       785     1     8     2     5
     -0.3855335760 a       786     1     8     2     6
     -0.3522177416 a       787     1     8     2     7
      0.3869106801 a       788     1     8     2     8
      0.3603986415 a       789     1     8     2     9
     -0.2969452104 a       790     1     8     2    10
      0.5860429771 a       791     1     8     2    11
     -0.1946307274 a       792     1     8     2    12
      0.5653327567 a       793     1     8     2    13
      0.3478865675 a       794     1     8     2    14
     -0.5804206706 a       795     1     8     2    15
      0.3075725387 a       796     1     8     2    16
      0.4799611548 a       797     1     8     2    17
     -0.4383289375 a       798     1     8     2    18
      0.5409037193 a       799     1     8     2    19
      0.2184478830 a       800     1     8     2    20
      0.4525647143 a       801     1     9     2     1
      0.1897111708 a       802     1     9     2     2
     -0.1283454035 a       803     1     9     2     3
     -0.4664021144 a       804     1     9     2     4
      0.4392615303 a       805     1     9     2     5
      0.4218673987 a       806     1     9     2     6
     -0.3720976268 a       807     1     9     2     7
     -0.3920085239 a       808     1     9     2     8
      0.3630231712 a       809     1     9     2     9
      0.4374527392 a       810     1     9     2    10
      0.1170051199 a       811     1     9     2    11
      0.0476164492 a       812     1     9     2    12
      0.4898357451 a       813     1     9     2    13
      0.3495808861 a       814     1     9     2    14
     -0.2900612313 a       815     1     9     2    15
     -0.2365557528 a       816     1     9     2    16
     -0.2980369217 a       817     1     9     2    17
      0.0931187279 a       818     1     9     2    18
     -0.1888382369 a       819     1     9     2    19
     -0.3998893132 a       820     1     9     2    20
      0.1981081281 a       821     1    10     2     1
      0.2476501977 a       822     1    10     2     2
      0.1340032295 a       823     1    10     2     3
     -0.1138783617 a       824     1    10     2     4
      0.5424864963 a       825     1    10     2     5
     -0.5304825042 a       826     1    10     2     6
     -0.4886437267 a       827     1    10     2     7
      0.5642814207 a       828     1    10     2     8
      0.0218437936 a       829     1    10     2     9
     -0.5832950096 a       830     1    10     2    10
      0.3209643983 a       831     1    10     2    11
      0.1371380536 a       832     1    10     2    12
     -0.1162487909 a       833     1    10     2    13
     -0.1478665808 a       834     1    10     2    14
      0.4832696854 a       835     1    10     2    15
      0.3259028653 a       836     1    10     2    16
      0.3038396342 a       837     1    10     2    17
      0.2988048900 a       838     1    10     2    18
      0.4732983231 a       839     1    10     2    19
     -0.5789480286 a       840     1    10     2    20
     -0.5144047727 a       841     1    11     2     1
      0.1324988188 a       842     1    11     2     2
      0.1011782041 a       843     1    11     2     3
      0.4211867784 a       844     1    11     2     4
     -0.2652871849 a       845     1    11     2     5
     -0.6116358395 a       846     1    11     2     6
      0.3254183554 a       847     1    11     2     7
      0.4315324736 a       848     1    11     2     8
      0.5220386455 a       849     1    11     2     9
      0.2971089935 a       850     1    11     2    10
      0.2351347441 a       851     1    11     2    11
     -0.3475435935 a       852     1    11     2    12
     -0.5149892934 a       853     1    11     2    13
      0.3649008561 a       854     1    11     2    14
      0.0816966209 a       855     1    11     2    15
     -0.1437966699 a       856     1    11     2    16
     -0.4029443146 a       857     1    11     2    17
     -0.5239390589 a       858     1    11     2    18
     -0.4075761507 a       859     1    11     2    19
      0.3142213245 a       860     1    11     2    20
      0.3862318882 a       861     1    12     2     1
      0.3945462311 a       862     1    12     2     2
      0.2016915273 a       863     1    12     2     3
      0.2707662262 a       864     1    12     2     4
     -0.2629600542 a       865     1    12     2     5
      0.0272115922 a       866     1    12     2     6
      0.3501807389 a       867     1    12     2     7
     -0.1537543727 a       868     1    12     2     8
      0.4238562969 a       869     1    12     2     9
     -0.3522977547 a       870     1    12     2    10
     -0.0863459994 a       871     1    12     2    11
      0.6375015880 a       872     1    12     2    12
      0.4571639467 a       873     1    12     2    13
     -0.3592208225 a       874     1    12     2    14
     -0.1206604384 a       875     1    12     2    15
      0.1824299495 a       876     1    12     2    16
      0.3730509549 a       877     1    12     2    17
     -0.6587527736 a       878     1    12     2    18
      0.2432217652 a       879     1    12     2    19
     -0.4491890669 a       880     1    12     2    20
      0.2577610046 a       881     1    13     2     1
     -0.4910216074 a       882     1    13     2     2
     -0.3816450246 a       883     1    13     2     3
      0.4287872158 a       884     1    13     2     4
     -0.3684761758 a       885     1    13     2     5
     -0.2525454346 a       886     1    13     2     6
     -0.4520236525 a       887     1    13     2     7
      0.4304285770 a       888     1    13     2     8
     -0.5074885438 a       889     1    13     2     9
      0.0027364278 a       890     1    13     2    10
     -0.1188275962 a       891     1    13     2    11
      0.2486548446 a       892     1    13     2    12
     -0.1948698653 a       893     1    13     2    13
      0.1480322593 a       894     1    13     2    14
      0.6223825795 a       895     1    13     2    15
      0.2846270626 a       896     1    13     2    16
      0.0855681784 a       897     1    13     2    17
      0.1492235692 a       898     1    13     2    18
      0.1314825473 a       899     1    13     2    19
      0.3143361011 a       900     1    13     2    20
     -0.5321417812 a       901     1    14     2     1
     -0.0241795127 a       902     1    14     2     2
      0.0080682284 a       903     1    14     2     3
      0.3854437804 a       904     1    14     2     4
     -0.5141450803 a       905     1    14     2     5
     -0.1592552178 a       906     1    14     2     6
     -0.3688767794 a       907     1    14     2     7
     -0.2327950945 a       908     1    14     2     8
      0.2200474863 a       909     1    14     2     9
     -0.1380592989 a       910     1    14     2    10
      0.2240192259 a       911     1    14     2    11
     -0.5249467950 a       912     1    14     2    12
      0.5119015280 a       913     1    14     2    13
     -0.2753716412 a       914     1    14     2    14
     -0.5293851546 a       915     1    14     2    15
      0.1593601883 a       916     1    14     2    16
      0.5666952842 a       917     1    14     2    17
      0.6837063627 a       918     1    14     2    18
     -0.3113330086 a       919     1    14     2    19
      0.3332572796 a       920     1    14     2    20
      0.2896779532 a       921     1    15     2     1
     -0.4688172301 a       922     1    15     2     2
      0.5955666601 a       923     1    15     2     3
     -0.1587185125 a       924     1    15     2     4
      0.1681873927 a       925     1    15     2     5
      0.0663314167 a       926     1    15     2     6
     -0.3534832376 a       927     1    15     2     7
     -0.1360701098 a       928     1    15     2     8
      0.2192035112 a       929     1    15     2     9
     -0.2020968936 a       930     1    15     2    10
      0.2599158905 a       931     1    15     2    11
     -0.2721321914 a       932     1    15     2    12
      0.2964316883 a       933     1    15     2    13
     -0.4183565296 a       934     1    15     2    14
     -0.1319775192 a       935     1    15     2    15
     -0.0895452865 a       936     1    15     2    16
     -0.4608286071 a       937     1    15     2    17
     -0.3232134103 a       938     1    15     2    18
      0.4764369538 a       939     1    15     2    19
      0.3163365338 a       940     1    15     2    20
      0.4401986485 a       941     1    16     2     1
     -0.4083472782 a       942     1    16     2     2
      0.4006477670 a       943     1    16     2     3
     -0.3598093046 a       944     1    16     2     4
      0.2345194893 a       945     1    16     2     5
      0.2023734263 a       946     1    16     2     6
      0.3206286227 a       947     1    16     2     7
      0.2797795357 a       948     1    16     2     8
      0.2050831454 a       949     1    16     2     9
     -0.5003685848 a       950     1    16     2    10
     -0.1653288089 a       951     1    16     2    11
     -0.1862018580 a       952     1    16     2    12
     -0.2814089146 a       953     1    16     2    13
      0.3435335068 a       954     1    16     2    14
      0.2210766233 a       955     1    16     2    15
      0.1654200565 a       956     1    16     2    16
      0.5221152122 a       957     1    16     2    17
     -0.1515287305 a       958     1    16     2    18
      0.4704372537 a       959     1    16     2    19
      0.3729475385 a       960     1    16     2    20
      0.3140708936 a       961     1    17     2     1
     -0.1303133046 a       962     1    17     2     2
     -0.6098774032 a       963     1    17     2     3
      0.2841694065 a       964     1    17     2     4
     -0.0139352787 a       965     1    17     2     5
      0.4604043253 a       966     1    17     2     6
      0.0982834208 a       967     1    17     2     7
     -0.5724773345 a       968     1    17     2     8
      0.1690614995 a       969     1    17     2     9
     -0.4419074014 a       970     1    17     2    10
      0.6194368327 a       971     1    17     2    11
     -0.5807038890 a       972     1    17     2    12
      0.1979205208 a       973     1    17     2    13
      0.5304253604 a       974     1    17     2    14
     -0.2508344356 a       975     1    17     2    15
      0.0536929305 a       976     1    17     2    16
      0.0957707483 a       977     1    17     2    17
     -0.0062158197 a       978     1    17     2    18
      0.3536409362 a       979     1    17     2    19
      0.3953125232 a       980     1    17     2    20
     -0.0820699112 a       981     1    18     2     1
      0.5464013144 a       982     1    18     2     2
     -0.2580658220 a       983     1    18     2     3
      0.2502274387 a       984     1    18     2     4
      0.4312253064 a       985     1    18     2     5
      0.0576886778 a       986     1    18     2     6
      0.1713424593 a       987     1    18     2     7
      0.5184838607 a       988     1    18     2     8
      0.2672158521 a       989     1    18     2     9
      0.2394611885 a       990     1    18     2    10
      0.5283761161 a       991     1    18     2    11
      0.2341965562 a       992     1    18     2    12
     -0.2352234243 a       993     1    18     2    13
     -0.1741022501 a       994     1    18     2    14
      0.1584973843 a       995     1    18     2    15
     -0.6374998143 a       996     1    18     2    16
      0.3065784794 a       997     1    18     2    17
      0.3495501852 a       998     1    18     2    18
      0.4119045196 a       999     1    18     2    19
     -0.4010566661 a      1000     1    18     2    20
      0.4157807425 a      1001     1    19     2     1
      0.5527685156 a      1002     1    19     2     2
     -0.3321459084 a      1003     1    19     2     3
      0.4523538127 a      1004     1    19     2     4
      0.5713440056 a      1005     1    19     2     5
     -0.5448475901 a      1006     1    19     2     6
     -0.4203461900 a      1007     1    19     2     7
     -0.3669025904 a      1008     1    19     2     8
      0.4795298879 a      1009     1    19     2     9
      0.3306073370 a      1010     1    19     2    10
      0.2230540339 a      1011     1    19     2    11
      0.0165583976 a      1012     1    19     2    12
      0.0281314806 a      1013     1    19     2    13
     -0.0100879031 a      1014     1    19     2    14
      0.4505211232 a      1015     1    19     2    15
      0.1404250733 a      1016     1    19     2    16
      0.5522727659 a      1017     1    19     2    17
     -0.2288713010 a      1018     1    19     2    18
     -0.1203273859 a      1019     1    19     2    19
     -0.5323331400 a      1020     1    19     2    20
      0.5009174925 a      1021     1    20     2     1
      0.2681211056 a      1022     1    20     2     2
     -0.0054600050 a      1023     1    20     2     3
     -0.1393648296 a      1024     1    20     2     4
     -0.4963874372 a      1025     1    20     2     5
      0.2597613900 a      1026     1    20     2     6
      0.5569224958 a      1027     1    20     2     7
      0.2102039177 a      1028     1    20     2     8
     -0.4364704186 a      1029     1    20     2     9
     -0.3897779888 a      1030     1    20     2    10
      0.0127448458 a      1031     1    20     2    11
      0.6028080373 a      1032     1    20     2    12
      0.5305675261 a      1033     1    20     2    13
      0.4637547093 a      1034     1    20     2    14
     -0.0029895939 a      1035     1    20     2    15
      0.7131742115 a      1036     1    20     2    16
     -0.0919950004 a      1037     1    20     2    17
      0.3284147335 a      1038     1    20     2    18
     -0.5460367287 a      1039     1    20     2    19
     -0.0909586104 a      1040     1    20     2    20
     -0.7269530527 b      1041     2     1
     -0.6200676215 b      1042     2     2
     -1.3080193247 b      1043     2     3
     -1.0821354662 b      1044     2     4
      0.4725285736 b      1045     2     5
     -0.3294742361 b      1046     2     6
     -0.5932763144 b      1047     2     7
      0.6829140338 b      1048     2     8
      1.3922273380 b      1049     2     9
     -0.0864622850 b      1050     2    10
      1.4975751802 b      1051     2    11
     -0.3986224563 b      1052     2    12
      0.7596750685 b      1053     2    13
      0.6488600830 b      1054     2    14
      1.0321394671 b      1055     2    15
      0.5282531667 b      1056     2    16
      0.9076439969 b      1057     2    17
      0.7230873353 b      1058     2    18
      0.6132653127 b      1059     2    19
     -0.5791459934 b      1060     2    20
      0.0247208497 a      1061     2     1     3     1
     -0.0130427942 a      1062     2     2     3     1
     -0.0102219896 a      1063     2     3     3     1
      0.0131355480 a      1064     2     4     3     1
     -0.0021413759 a      1065     2     5     3     1
      0.0043071640 a      1066     2     6     3     1
      0.0043786183 a      1067     2     7     3     1
     -0.0264190137 a      1068     2     8     3     1
      0.0074016236 a      1069     2     9     3     1
      0.0132501098 a      1070     2    10     3     1
     -0.0031017503 a      1071     2    11     3     1
     -0.0019627960 a      1072     2    12     3     1
     -0.0033539629 a      1073     2    13     3     1
      0.0182963495 a      1074     2    14     3     1
      0.0120422099 a      1075     2    15     3     1
      0.0065848871 a      1076     2    16     3     1
      0.0013126849 a      1077     2    17     3     1
     -0.0074531239 a      1078     2    18     3     1
      0.0008021491 a      1079     2    19     3     1
     -0.0104960079 a      1080     2    20     3     1
     19.6587972935 b      1081     3     1
