     -0.8073541823 a         1     0     1     1     1
     -0.5296530076 a         2     0     1     1     2
     -0.5725437893 a         3     0     1     1     3
     -0.1716061918 a         4     0     1     1     4
      0.2250713588 a         5     0     1     1     5
      0.4068458136 a         6     0     1     1     6
      0.8149057233 a         7     0     1     1     7
      0.2386419043 a         8     0     1     1     8
      0.9041488850 a         9     0     1     1     9
      0.1647205969 a        10     0     1     1    10
     -0.0195693940 a        11     0     1     1    11
      0.4843565545 a        12     0     1     1    12
      0.5159956540 a        13     0     1     1    13
      0.7691847254 a        14     0     1     1    14
     -0.7042733371 a        15     0     1     1    15
      0.4760011189 a        16     0     2     1     1
     -0.2805850052 a        17     0     2     1     2
     -0.8928350401 a        18     0     2     1     3
     -0.1657410608 a        19     0     2     1     4
     -0.2537155318 a        20     0     2     1     5
     -0.7735621417 a        21     0     2     1     6
     -0.4550654368 a        22     0     2     1     7
      0.3574804201 a        23     0     2     1     8
     -0.9414786134 a        24     0     2     1     9
     -0.0744150067 a        25     0     2     1    10
      0.0502109694 a        26     0     2     1    11
      0.1488186448 a        27     0     2     1    12
      0.1743660019 a        28     0     2     1    13
      0.4970011485 a        29     0     2     1    14
     -0.3846252813 a        30     0     2     1    15
      0.2814590095 a        31     0     3     1     1
      0.2534396536 a        32     0     3     1     2
      0.5348145560 a        33     0     3     1     3
     -0.8116011139 a        34     0     3     1     4
     -0.7170201045 a        35     0     3     1     5
     -0.9419385501 a        36     0     3     1     6
      0.6388623751 a        37     0     3     1     7
     -0.6899767964 a        38     0     3     1     8
     -0.3397693115 a        39     0     3     1     9
     -0.6066807303 a        40     0     3     1    10
     -0.1133633671 a        41     0     3     1    11
      0.0348312263 a        42     0     3     1    12
     -0.1813088767 a        43     0     3     1    13
     -0.1490764807 a        44     0     3     1    14
      0.9053048479 a        45     0     3     1    15
      0.0494360046 a        46     0     4     1     1
     -0.1337728627 a        47     0     4     1     2
     -0.2801501282 a        48     0     4     1     3
     -0.1532467826 a        49     0     4     1     4
      0.6263155369 a        50     0     4     1     5
      0.3467711167 a        51     0     4     1     6
     -0.9302780332 a        52     0     4     1     7
     -0.9331691030 a        53     0     4     1     8
      0.0952720462 a        54     0     4     1     9
     -0.6050294209 a        55     0     4     1    10
     -0.9197619190 a        56     0     4     1    11
      0.0169029157 a        57     0     4     1    12
     -0.4882589558 a        58     0     4     1    13
      0.7802734156 a        59     0     4     1    14
      0.7095162215 a        60     0     4     1    15
      0.3093892315 a        61     0     5     1     1
      0.7035570686 a        62     0     5     1     2
     -0.6598434642 a        63     0     5     1     3
     -0.1577356211 a        64     0     5     1     4
     -0.8846660944 a        65     0     5     1     5
      0.2250937473 a        66     0     5     1     6
     -0.3052629512 a        67     0     5     1     7
     -0.2621983707 a        68     0     5     1     8
      0.9859298231 a        69     0     5     1     9
      0.2977658162 a        70     0     5     1    10
      0.4768574665 a        71     0     5     1    11
     -0.2591018097 a        72     0     5     1    12
     -0.1877536351 a        73     0     5     1    13
      0.6102367512 a        74     0     5     1    14
     -0.3633115826 a        75     0     5     1    15
      0.9493281429 a        76     0     6     1     1
     -0.5372606027 a        77     0     6     1     2
     -0.1277243739 a        78     0     6     1     3
     -0.6408239472 a        79     0     6     1     4
     -0.0191392434 a        80     0     6     1     5
      0.7738531391 a        81     0     6     1     6
     -0.9668692854 a        82     0     6     1     7
      0.8535766772 a        83     0     6     1     8
     -0.9226698462 a        84     0     6     1     9
     -0.7848712434 a        85     0     6     1    10
      0.2214291492 a        86     0     6     1    11
      0.7891992513 a        87     0     6     1    12
     -0.2341083243 a        88     0     6     1    13
     -0.4082434122 a        89     0     6     1    14
     -0.7997879174 a        90     0     6     1    15
     -0.0246316610 a        91     0     7     1     1
     -0.0747290454 a        92     0     7     1     2
     -0.3350093234 a        93     0     7     1     3
      0.8128739582 a        94     0     7     1     4
     -0.8619946348 a        95     0     7     1     5
     -0.6729916269 a        96     0     7     1     6
     -0.2717355193 a        97     0     7     1     7
      0.9466813247 a        98     0     7     1     8
      0.0582867022 a        99     0     7     1     9
     -0.4223329168 a       100     0     7     1    10
      0.2736025782 a       101     0     7     1    11
      0.6438200230 a       102     0     7     1    12
     -0.0003863084 a       103     0     7     1    13
      0.9538823483 a       104     0     7     1    14
     -0.7466799513 a       105     0     7     1    15
      0.5778760477 a       106     0     8     1     1
     -0.7557236098 a       107     0     8     1     2
     -0.6962080918 a       108     0     8     1     3
     -0.2218011570 a       109     0     8     1     4
     -0.5280755518 a       110     0     8     1     5
      0.6012126637 a       111     0     8     1     6
      0.8501420489 a       112     0     8     1     7
     -1.0187762085 a       113     0     8     1     8
      0.6186876854 a       114     0     8     1     9
      0.2584021133 a       115     0     8     1    10
      0.0235108226 a       116     0     8     1    11
      0.6181694757 a       117     0     8     1    12
     -0.9004621630 a       118     0     8     1    13
     -0.5391920855 a       119     0     8     1    14
      0.0664885749 a       120     0     8     1    15
      0.0835914746 a       121     0     9     1     1
      0.2697975162 a       122     0     9     1     2
     -0.9080210269 a       123     0     9     1     3
      0.3909033752 a       124     0     9     1     4
      0.7410473790 a       125     0     9     1     5
      0.7315138558 a       126     0     9     1     6
     -0.6719818951 a       127     0     9     1     7
     -0.1937052366 a       128     0     9     1     8
      0.3508013563 a       129     0     9     1     9
      0.9360539940 a       130     0     9     1    10
      0.1299695440 a       131     0     9     1    11
      0.2526488181 a       132     0     9     1    12
     -0.3434474396 a       133     0     9     1    13
     -0.4901409981 a       134     0     9     1    14
     -0.8694039689 a       135     0     9     1    15
      0.2589716679 a       136     0    10     1     1
      0.6033691465 a       137     0    10     1     2
      0.4664502670 a       138     0    10     1     3
      0.1668373123 a       139     0    10     1     4
     -0.6690279181 a       140     0    10     1     5
      0.2819334036 a       141     0    10     1     6
     -0.2465666091 a       142     0    10     1     7
     -0.4133638418 a       143     0    10     1     8
     -0.2506461643 a       144     0    10     1     9
      0.6952212091 a       145     0    10     1    10
     -0.0828833074 a       146     0    10     1    11
     -0.6678901056 a       147     0    10     1    12
     -0.2579927272 a       148     0    10     1    13
     -0.5141003919 a       149     0    10     1    14
     -0.6657234193 a       150     0    10     1    15
      0.6837653041 a       151     0    11     1     1
      0.2301718661 a       152     0    11     1     2
     -0.5417234752 a       153     0    11     1     3
      0.2094146684 a       154     0    11     1     4
     -0.8116831540 a       155     0    11     1     5
     -0.5629096123 a       156     0    11     1     6
      0.2753211293 a       157     0    11     1     7
      0.3396586134 a       158     0    11     1     8
      0.8256966122 a       159     0    11     1     9
     -0.3220489919 a       160     0    11     1    10
     -0.2933258611 a       161     0    11     1    11
      0.9508768809 a       162     0    11     1    12
     -0.5065307108 a       163     0    11     1    13
      0.4529344672 a       164     0    11     1    14
     -0.2195499874 a       165     0    11     1    15
      0.7193587046 a       166     0    12     1     1
     -0.2334499167 a       167     0    12     1     2
      0.3384670235 a       168     0    12     1     3
      0.1413680436 a       169     0    12     1     4
      0.0754877601 a       170     0    12     1     5
      0.7698919845 a       171     0    12     1     6
      0.9320760089 a       172     0    12     1     7
     -0.6736039721 a       173     0    12     1     8
      0.6550921717 a       174     0    12     1     9
     -0.0171499608 a       175     0    12     1    10
     -0.5725132374 a       176     0    12     1    11
      0.4347927175 a       177     0    12     1    12
     -0.3302075744 a       178     0    12     1    13
     -0.2828636993 a       179     0    12     1    14
     -0.7757047863 a       180     0    12     1    15
      0.8357822723 a       181     0    13     1     1
     -0.9938253985 a       182     0    13     1     2
      0.6908442675 a       183     0    13     1     3
     -0.3529620829 a       184     0    13     1     4
      0.0351037785 a       185     0    13     1     5
      0.7412656930 a       186     0    13     1     6
      0.1765368867 a       187     0    13     1     7
     -0.2613318894 a       188     0    13     1     8
      0.0717884495 a       189     0    13     1     9
      0.7845334207 a       190     0    13     1    10
     -0.7003685072 a       191     0    13     1    11
      0.0378400131 a       192     0    13     1    12
      0.3361687377 a       193     0    13     1    13
     -0.5117726640 a       194     0    13     1    14
     -0.7088412013 a       195     0    13     1    15
      0.5866579076 a       196     0    14     1     1
     -0.0543925344 a       197     0    14     1     2
     -0.8951710530 a       198     0    14     1     3
      0.7125728553 a       199     0    14     1     4
     -0.2966877764 a       200     0    14     1     5
      0.0097605728 a       201     0    14     1     6
      0.6491699000 a       202     0    14     1     7
     -0.4471152096 a       203     0    14     1     8
     -0.7706072599 a       204     0    14     1     9
     -0.0415405342 a       205     0    14     1    10
     -0.0371477589 a       206     0    14     1    11
     -0.8031656449 a       207     0    14     1    12
     -0.5082910933 a       208     0    14     1    13
     -0.6260079893 a       209     0    14     1    14
     -0.2081239986 a       210     0    14     1    15
     -0.4149920100 a       211     0    15     1     1
      0.6618759102 a       212     0    15     1     2
      0.1915853587 a       213     0    15     1     3
      0.8641387207 a       214     0    15     1     4
      0.3204735415 a       215     0    15     1     5
      0.4695276051 a       216     0    15     1     6
     -0.4441329299 a       217     0    15     1     7
     -0.3894672452 a       218     0    15     1     8
      0.3971406412 a       219     0    15     1     9
      0.4979221859 a       220     0    15     1    10
      0.4285524284 a       221     0    15     1    11
      0.0423642656 a       222     0    15     1    12
     -0.7664068969 a       223     0    15     1    13
     -0.9757861932 a       224     0    15     1    14
     -0.3500288131 a       225     0    15     1    15
     -0.0805183689 a       226     0    16     1     1
     -0.0192281075 a       227     0    16     1     2
      0.8870438537 a       228     0    16     1     3
     -0.7807330568 a       229     0    16     1     4
      0.1681053160 a       230     0    16     1     5
      0.8006276228 a       231     0    16     1     6
      0.8659509411 a       232     0    16     1     7
      0.3488631727 a       233     0    16     1     8
      0.5502192241 a       234     0    16     1     9
      0.7833466918 a       235     0    16     1    10
      0.3011270856 a       236     0    16     1    11
     -0.2678469879 a       237     0    16     1    12
      0.0078990911 a       238     0    16     1    13
      0.3063694092 a       239     0    16     1    14
     -1.0076550461 a       240     0    16     1    15
      0.6149927881 a       241     0    17     1     1
      0.5056715145 a       242     0    17     1     2
     -0.8210865561 a       243     0    17     1     3
      0.0328359428 a       244     0    17     1     4
      0.9450987187 a       245     0    17     1     5
      0.6991222476 a       246     0    17     1     6
     -0.7999820985 a       247     0    17     1     7
      0.3899338376 a       248     0    17     1     8
     -0.5144845422 a       249     0    17     1     9
      0.3659301931 a       250     0    17     1    10
     -0.2965749685 a       251     0    17     1    11
      0.7151809808 a       252     0    17     1    12
     -0.3165162872 a       253     0    17     1    13
     -0.7524974304 a       254     0    17     1    14
     -0.5435850544 a       255     0    17     1    15
     -0.8873727516 a       256     0    18     1     1
     -0.1420721414 a       257     0    18     1     2
      0.1107445878 a       258     0    18     1     3
      0.1389998338 a       259     0    18     1     4
     -0.7621276875 a       260     0    18     1     5
      0.4505998661 a       261     0    18     1     6
      0.7349537151 a       262     0    18     1     7
     -0.0212886472 a       263     0    18     1     8
     -0.3811008704 a       264     0    18     1     9
      0.8675596834 a       265     0    18     1    10
      0.9313950833 a       266     0    18     1    11
      0.2426713983 a       267     0    18     1    12
      0.7465286794 a       268     0    18     1    13
      0.8423899619 a       269     0    18     1    14
     -0.6509671854 a       270     0    18     1    15
     -0.4761026901 a       271     0    19     1     1
     -0.4022312247 a       272     0    19     1     2
      0.8270867251 a       273     0    19     1     3
     -0.4628931435 a       274     0    19     1     4
      0.7964767795 a       275     0    19     1     5
     -0.4807344126 a       276     0    19     1     6
      0.4677132729 a       277     0    19     1     7
     -0.6756029760 a       278     0    19     1     8
      0.0324179564 a       279     0    19     1     9
     -0.8973679832 a       280     0    19     1    10
     -0.7656806976 a       281     0    19     1    11
      0.4324082677 a       282     0    19     1    12
      0.2734481418 a       283     0    19     1    13
      0.9624012853 a       284     0    19     1    14
      0.1710944617 a       285     0    19     1    15
      0.9556344632 a       286     0    20     1     1
      0.8882432191 a       287     0    20     1     2
     -0.4688670214 a       288     0    20     1     3
     -0.4548676087 a       289     0    20     1     4
     -0.7565787372 a       290     0    20     1     5
      0.0102280732 a       291     0    20     1     6
      0.3052365391 a       292     0    20     1     7
     -0.9087221027 a       293     0    20     1     8
      0.0440862416 a       294     0    20     1     9
     -0.0393776996 a       295     0    20     1    10
     -0.9431448496 a       296     0    20     1    11
     -0.4772589316 a       297     0    20     1    12
     -0.0194512858 a       298     0    20     1    13
     -0.4310692708 a       299     0    20     1    14
      0.6187772682 a       300     0    20     1    15
     -0.5967953208 a       301     0    21     1     1
     -0.3732985458 a       302     0    21     1     2
     -0.5144414591 a       303     0    21     1     3
      0.1916128738 a       304     0    21     1     4
      0.8553350123 a       305     0    21     1     5
      0.5401569167 a       306     0    21     1     6
     -0.8232203449 a       307     0    21     1     7
     -0.4692958644 a       308     0    21     1     8
      0.0978516360 a       309     0    21     1     9
     -0.7877925615 a       310     0    21     1    10
     -0.5411748261 a       311     0    21     1    11
      0.1105434539 a       312     0    21     1    12
      0.3934797079 a       313     0    21     1    13
     -0.0509518026 a       314     0    21     1    14
      0.4429235858 a       315     0    21     1    15
      0.0158199690 a       316     0    22     1     1
     -0.3211763469 a       317     0    22     1     2
      0.0481120674 a       318     0    22     1     3
      0.5911775898 a       319     0    22     1     4
     -0.8572958108 a       320     0    22     1     5
     -0.5674601147 a       321     0    22     1     6
      0.6340648710 a       322     0    22     1     7
     -0.7676668941 a       323     0    22     1     8
     -0.9208317302 a       324     0    22     1     9
     -0.8509595233 a       325     0    22     1    10
      0.0378202836 a       326     0    22     1    11
     -0.9810547336 a       327     0    22     1    12
     -0.8262614604 a       328     0    22     1    13
     -0.4234807097 a       329     0    22     1    14
     -0.7376879881 a       330     0    22     1    15
     -0.6230467335 a       331     0    23     1     1
      0.1032033600 a       332     0    23     1     2
      0.9420057056 a       333     0    23     1     3
      0.8022919842 a       334     0    23     1     4
     -0.2666896542 a       335     0    23     1     5
      0.8377177211 a       336     0    23     1     6
      0.3933823457 a       337     0    23     1     7
     -0.2136505644 a       338     0    23     1     8
      0.1494374234 a       339     0    23     1     9
     -0.1393511152 a       340     0    23     1    10
     -0.6007251365 a       341     0    23     1    11
     -0.6990713095 a       342     0    23     1    12
     -0.8259762749 a       343     0    23     1    13
      0.6839433368 a       344     0    23     1    14
     -0.9377314875 a       345     0    23     1    15
      0.6189909220 a       346     0    24     1     1
      0.3602859313 a       347     0    24     1     2
     -0.7676975977 a       348     0    24     1     3
      0.2390935784 a       349     0    24     1     4
     -0.1041877454 a       350     0    24     1     5
      0.3729429525 a       351     0    24     1     6
     -0.1862496858 a       352     0    24     1     7
      0.6655558625 a       353     0    24     1     8
     -0.0921184264 a       354     0    24     1     9
     -0.3259779869 a       355     0    24     1    10
     -0.8482188566 a       356     0    24     1    11
     -0.2877554654 a       357     0    24     1    12
     -0.0801936270 a       358     0    24     1    13
     -0.9470121077 a       359     0    24     1    14
      0.2339249056 a       360     0    24     1    15
     -0.1339733343 a       361     0    25     1     1
      0.2125161928 a       362     0    25     1     2
      0.8819782577 a       363     0    25     1     3
      0.0153519175 a       364     0    25     1     4
      0.3762548949 a       365     0    25     1     5
      0.1259647102 a       366     0    25     1     6
     -0.7430066962 a       367     0    25     1     7
      0.2584422704 a       368     0    25     1     8
      0.3127288261 a       369     0    25     1     9
     -0.1881146460 a       370     0    25     1    10
      0.6186445562 a       371     0    25     1    11
      0.1906553389 a       372     0    25     1    12
      0.1406538681 a       373     0    25     1    13
      0.3495464504 a       374     0    25     1    14
      0.8305937506 a       375     0    25     1    15
     -0.1734793526 a       376     0    26     1     1
     -0.5377776755 a       377     0    26     1     2
      0.1948725440 a       378     0    26     1     3
      0.4752524086 a       379     0    26     1     4
     -0.7776304214 a       380     0    26     1     5
     -0.1629690118 a       381     0    26     1     6
     -0.5591373049 a       382     0    26     1     7
     -0.1776699306 a       383     0    26     1     8
      0.3878758093 a       384     0    26     1     9
      0.4353086174 a       385     0    26     1    10
      0.0722198194 a       386     0    26     1    11
      0.5195099519 a       387     0    26     1    12
      0.6321016839 a       388     0    26     1    13
      0.4151068810 a       389     0    26     1    14
      0.8833961101 a       390     0    26     1    15
     -0.2506766569 a       391     0    27     1     1
      0.9628416759 a       392     0    27     1     2
      0.9566355627 a       393     0    27     1     3
     -0.3685568466 a       394     0    27     1     4
      0.8789053349 a       395     0    27     1     5
     -0.7170098716 a       396     0    27     1     6
     -0.1354029718 a       397     0    27     1     7
      0.1904551193 a       398     0    27     1     8
     -0.2084481260 a       399     0    27     1     9
     -0.9607703055 a       400     0    27     1    10
     -0.0283695094 a       401     0    27     1    11
     -0.1006274679 a       402     0    27     1    12
      0.9979342578 a       403     0    27     1    13
      0.3371395216 a       404     0    27     1    14
     -0.2764708211 a       405     0    27     1    15
     -1.0650930650 b       406     1     1
     -0.8250029838 b       407     1     2
     -0.1559561524 b       408     1     3
      0.9991883265 b       409     1     4
      0.9708200668 b       410     1     5
     -0.2922707432 b       411     1     6
      0.5671335431 b       412     1     7
      0.5952817051 b       413     1     8
      0.2368253332 b       414     1     9
     -0.9511009961 b       415     1    10
      0.2495783814 b       416     1    11
     -0.6698781587 b       417     1    12
     -0.7953756559 b       418     1    13
     -1.0380276799 b       419     1    14
      0.2463913101 b       420     1    15
      0.6452070956 a       421     1     1     2     1
      0.7516515825 a       422     1     1     2     2
     -0.9352364798 a       423     1     1     2     3
      0.6362075846 a       424     1     1     2     4
     -0.4805860885 a       425     1     1     2     5
     -0.9365175431 a       426     1     1     2     6
      0.6342557586 a       427     1     1     2     7
     -0.3874684040 a       428     1     1     2     8
      0.4305757157 a       429     1     1     2     9
     -0.2555077946 a       430     1     1     2    10
     -0.9595443458 a       431     1     1     2    11
     -0.3091144698 a       432     1     1     2    12
      0.4053674508 a       433     1     1     2    13
     -1.0161234101 a       434     1     1     2    14
     -0.0432391509 a       435     1     1     2    15
     -0.1161841101 a       436     1     2     2     1
     -0.5191616598 a       437     1     2     2     2
     -0.0476925033 a       438     1     2     2     3
      0.9866141193 a       439     1     2     2     4
     -0.5513551880 a       440     1     2     2     5
      0.1561976268 a       441     1     2     2     6
      0.3266434263 a       442     1     2     2     7
     -0.2150788282 a       443     1     2     2     8
      0.6461802780 a       444     1     2     2     9
     -0.1297124222 a       445     1     2     2    10
      0.4346310874 a       446     1     2     2    11
      0.9725787377 a       447     1     2     2    12
      0.6581179763 a       448     1     2     2    13
     -0.9074198572 a       449     1     2     2    14
     -0.5234517670 a       450     1     2     2    15
      0.5175684773 a       451     1     3     2     1
     -0.7191253633 a       452     1     3     2     2
      0.4622687304 a       453     1     3     2     3
     -0.3105293278 a       454     1     3     2     4
     -0.3862117828 a       455     1     3     2     5
      0.7729311580 a       456     1     3     2     6
     -0.8600471532 a       457     1     3     2     7
     -0.4074260544 a       458     1     3     2     8
      0.8339630563 a       459     1     3     2     9
      0.4404108525 a       460     1     3     2    10
      0.0336701731 a       461     1     3     2    11
     -0.0979227819 a       462     1     3     2    12
     -0.7026568098 a       463     1     3     2    13
     -0.6486762284 a       464     1     3     2    14
     -0.8574957169 a       465     1     3     2    15
     -0.0360123228 a       466     1     4     2     1
     -0.5213231421 a       467     1     4     2     2
      0.2808199643 a       468     1     4     2     3
     -0.1643141825 a       469     1     4     2     4
      0.3368881862 a       470     1     4     2     5
      0.3537881944 a       471     1     4     2     6
     -0.9101947756 a       472     1     4     2     7
     -0.8666879890 a       473     1     4     2     8
      0.8958972153 a       474     1     4     2     9
      0.7971728341 a       475     1     4     2    10
     -0.5991510866 a       476     1     4     2    11
      0.6116863681 a       477     1     4     2    12
     -0.6137239397 a       478     1     4     2    13
     -0.2241109836 a       479     1     4     2    14
     -0.1000186702 a       480     1     4     2    15
      0.3816533518 a       481     1     5     2     1
      0.7894179881 a       482     1     5     2     2
      0.8879908511 a       483     1     5     2     3
     -0.5976795177 a       484     1     5     2     4
      0.8555636435 a       485     1     5     2     5
     -0.9462342724 a       486     1     5     2     6
     -0.1849474201 a       487     1     5     2     7
      0.8428837611 a       488     1     5     2     8
     -0.8547516434 a       489     1     5     2     9
     -0.9490545557 a       490     1     5     2    10
     -0.1024909930 a       491     1     5     2    11
      0.5331772566 a       492     1     5     2    12
      0.3382288786 a       493     1     5     2    13
     -0.5044987775 a       494     1     5     2    14
      0.1562214011 a       495     1     5     2    15
     -0.8633882708 a       496     1     6     2     1
     -0.8595240895 a       497     1     6     2     2
     -0.7023783907 a       498     1     6     2     3
     -0.9819613306 a       499     1     6     2     4
      0.1538309412 a       500     1     6     2     5
      0.8041268854 a       501     1     6     2     6
      0.7196128028 a       502     1     6     2     7
      0.6853693205 a       503     1     6     2     8
      0.2696119940 a       504     1     6     2     9
     -0.2065421585 a       505     1     6     2    10
      0.7426318952 a       506     1     6     2    11
     -0.5773002541 a       507     1     6     2    12
      0.3693526960 a       508     1     6     2    13
     -0.5162826230 a       509     1     6     2    14
     -0.4414137497 a       510     1     6     2    15
      0.6492360993 a       511     1     7     2     1
     -0.4120004012 a       512     1     7     2     2
      0.3145530960 a       513     1     7     2     3
      0.3396997450 a       514     1     7     2     4
     -0.2522529584 a       515     1     7     2     5
      0.1776584366 a       516     1     7     2     6
     -0.7930051772 a       517     1     7     2     7
      0.3306257718 a       518     1     7     2     8
      0.6365198410 a       519     1     7     2     9
     -0.9368026285 a       520     1     7     2    10
     -0.4480483295 a       521     1     7     2    11
      0.5741221824 a       522     1     7     2    12
      0.9261543519 a       523     1     7     2    13
     -0.8048300907 a       524     1     7     2    14
      0.0942912168 a       525     1     7     2    15
     -0.5342753598 a       526     1     8     2     1
      0.3717883726 a       527     1     8     2     2
     -0.6238540666 a       528     1     8     2     3
     -0.3136098665 a       529     1     8     2     4
      0.8868718635 a       530     1     8     2     5
      0.1337099018 a       531     1     8     2     6
     -0.6181880684 a       532     1     8     2     7
      0.7579884336 a       533     1     8     2     8
      0.4649012907 a       534     1     8     2     9
      0.9588344291 a       535     1     8     2    10
     -0.5664225320 a       536     1     8     2    11
     -0.0176714382 a       537     1     8     2    12
     -0.4206229007 a       538     1     8     2    13
     -0.5594755411 a       539     1     8     2    14
      0.4349777273 a       540     1     8     2    15
      0.2907729209 a       541     1     9     2     1
      0.7736300656 a       542     1     9     2     2
      0.5540381338 a       543     1     9     2     3
     -0.9908699685 a       544     1     9     2     4
     -0.6074657303 a       545     1     9     2     5
      0.2166821289 a       546     1     9     2     6
      0.7480592081 a       547     1     9     2     7
     -0.9566515829 a       548     1     9     2     8
     -0.8920008871 a       549     1     9     2     9
      0.6650550646 a       550     1     9     2    10
     -0.3846498276 a       551     1     9     2    11
     -0.9243231125 a       552     1     9     2    12
     -0.7755162632 a       553     1     9     2    13
     -0.1479602251 a       554     1     9     2    14
      0.9026406371 a       555     1     9     2    15
     -1.0387709565 a       556     1    10     2     1
      0.5833804042 a       557     1    10     2     2
     -0.5468667588 a       558     1    10     2     3
     -0.8065483125 a       559     1    10     2     4
      0.9299062008 a       560     1    10     2     5
      0.8614563551 a       561     1    10     2     6
      0.3077387259 a       562     1    10     2     7
      0.8894705709 a       563     1    10     2     8
     -0.9354337717 a       564     1    10     2     9
     -0.6928340501 a       565     1    10     2    10
      0.8777442950 a       566     1    10     2    11
     -0.3725104342 a       567     1    10     2    12
      0.6361112923 a       568     1    10     2    13
      0.1246720645 a       569     1    10     2    14
     -0.4324572756 a       570     1    10     2    15
      0.6504089229 a       571     1    11     2     1
     -0.1373470714 a       572     1    11     2     2
      0.4173038309 a       573     1    11     2     3
     -0.8377898354 a       574     1    11     2     4
     -0.4914283475 a       575     1    11     2     5
     -0.6837997714 a       576     1    11     2     6
     -0.1167248315 a       577     1    11     2     7
     -0.9696241376 a       578     1    11     2     8
     -0.7858665101 a       579     1    11     2     9
      0.7300188034 a       580     1    11     2    10
     -0.9182224935 a       581     1    11     2    11
      0.1414295104 a       582     1    11     2    12
     -0.4749109955 a       583     1    11     2    13
      0.8395492294 a       584     1    11     2    14
      1.0110568420 a       585     1    11     2    15
     -0.7852805006 a       586     1    12     2     1
     -0.7001117240 a       587     1    12     2     2
      0.5158108866 a       588     1    12     2     3
     -0.1497715785 a       589     1    12     2     4
      0.8199092377 a       590     1    12     2     5
      0.6669484901 a       591     1    12     2     6
      0.6548011963 a       592     1    12     2     7
     -0.2071266615 a       593     1    12     2     8
     -0.5262873860 a       594     1    12     2     9
     -0.1599392274 a       595     1    12     2    10
     -0.1754474723 a       596     1    12     2    11
     -0.7635847240 a       597     1    12     2    12
      0.7070657738 a       598     1    12     2    13
     -0.8218454541 a       599     1    12     2    14
     -0.9571035317 a       600     1    12     2    15
      0.6780789829 a       601     1    13     2     1
      0.0321966361 a       602     1    13     2     2
     -0.7502405762 a       603     1    13     2     3
      0.4397196830 a       604     1    13     2     4
     -0.4759544847 a       605     1    13     2     5
     -0.3010054802 a       606     1    13     2     6
     -0.7145833981 a       607     1    13     2     7
      0.8406681912 a       608     1    13     2     8
      0.8937939855 a       609     1    13     2     9
      0.7600209217 a       610     1    13     2    10
      0.5728333501 a       611     1    13     2    11
     -0.2568771154 a       612     1    13     2    12
      0.4032238662 a       613     1    13     2    13
     -0.1175745379 a       614     1    13     2    14
      0.0072594918 a       615     1    13     2    15
     -0.9175199585 a       616     1    14     2     1
      0.0703256429 a       617     1    14     2     2
     -0.5395603129 a       618     1    14     2     3
      0.8303844237 a       619     1    14     2     4
     -0.2554328402 a       620     1    14     2     5
      0.8664856436 a       621     1    14     2     6
      0.8833423658 a       622     1    14     2     7
      0.8372304872 a       623     1    14     2     8
      0.6475204851 a       624     1    14     2     9
      0.0623467395 a       625     1    14     2    10
      0.3506854529 a       626     1    14     2    11
     -0.6248971921 a       627     1    14     2    12
      0.8515566027 a       628     1    14     2    13
     -0.9611682481 a       629     1    14     2    14
      0.3022423770 a       630     1    14     2    15
      0.4063807691 a       631     1    15     2     1
     -0.8801159891 a       632     1    15     2     2
     -0.4462236932 a       633     1    15     2     3
     -0.1587494670 a       634     1    15     2     4
     -0.0297688336 a       635     1    15     2     5
     -0.1828032567 a       636     1    15     2     6
     -0.3003746749 a       637     1    15     2     7
     -0.8571916178 a       638     1    15     2     8
      0.3875338648 a       639     1    15     2     9
     -0.3676079750 a       640     1    15     2    10
     -0.2987831352 a       641     1    15     2    11
      0.6261539690 a       642     1    15     2    12
      0.5820989288 a       643     1    15     2    13
     -0.5074613930 a       644     1    15     2    14
      0.3772088948 a       645     1    15     2    15
      0.3492932452 b       646     2     1
      0.8567916775 b       647     2     2
     -0.9574303374 b       648     2     3
     -1.0020746729 b       649     2     4
      0.8824161752 b       650     2     5
      0.6876024114 b       651     2     6
     -0.8999064445 b       652     2     7
     -0.6161018498 b       653     2     8
      0.9126992745 b       654     2     9
      0.0605931649 b       655     2    10
     -0.8979200648 b       656     2    11
      0.6591491583 b       657     2    12
      0.3141163435 b       658     2    13
     -0.4644372724 b       659     2    14
      0.3503899578 b       660     2    15
      0.4909269993 a       661     2     1     3     1
     -1.1643261456 a       662     2     2     3     1
      0.2459758090 a       663     2     3     3     1
      0.1851459666 a       664     2     4     3     1
      0.1214435570 a       665     2     5     3     1
     -0.0341489025 a       666     2     6     3     1
     -0.2216273008 a       667     2     7     3     1
      0.6724082354 a       668     2     8     3     1
     -0.3282611722 a       669     2     9     3     1
     -0.1673380200 a       670     2    10     3     1
      0.9346750864 a       671     2    11     3     1
     -0.9315103093 a       672     2    12     3     1
      0.3215188948 a       673     2    13     3     1
     -0.8075093212 a       674     2    14     3     1
      0.9764466560 a       675     2    15     3     1
     -0.5364114926 b       676     3     1
