     -0.8086358245 a         1     0     1     1     1
     -0.5303316265 a         2     0     1     1     2
     -0.5725881238 a         3     0     1     1     3
     -0.1720808575 a         4     0     1     1     4
      0.2270353855 a         5     0     1     1     5
      0.4059268698 a         6     0     1     1     6
      0.8155024235 a         7     0     1     1     7
      0.2363119343 a         8     0     1     1     8
      0.9061057914 a         9     0     1     1     9
      0.1642494434 a        10     0     1     1    10
     -0.0176098074 a        11     0     1     1    11
      0.4825465185 a        12     0     1     1    12
      0.5163145257 a        13     0     1     1    13
      0.7667428106 a        14     0     1     1    14
     -0.7028419450 a        15     0     1     1    15
      0.4748628834 a        16     0     2     1     1
     -0.2813926088 a        17     0     2     1     2
     -0.8943318066 a        18     0     2     1     3
     -0.1665371558 a        19     0     2     1     4
     -0.2513580405 a        20     0     2     1     5
     -0.7747380256 a        21     0     2     1     6
     -0.4552549918 a        22     0     2     1     7
      0.3554425150 a        23     0     2     1     8
     -0.9389470778 a        24     0     2     1     9
     -0.0749081631 a        25     0     2     1    10
      0.0527689957 a        26     0     2     1    11
      0.1463321974 a        27     0     2     1    12
      0.1746713578 a        28     0     2     1    13
      0.4944086412 a        29     0     2     1    14
     -0.3831139172 a        30     0     2     1    15
      0.2801105002 a        31     0     3     1     1
      0.2524118309 a        32     0     3     1     2
      0.5347062307 a        33     0     3     1     3
     -0.8120964123 a        34     0     3     1     4
     -0.7148316563 a        35     0     3     1     5
     -0.9430703339 a        36     0     3     1     6
      0.6395355252 a        37     0     3     1     7
     -0.6922649738 a        38     0     3     1     8
     -0.3373138241 a        39     0     3     1     9
     -0.6070024274 a        40     0     3     1    10
     -0.1114863423 a        41     0     3     1    11
      0.0329783903 a        42     0     3     1    12
     -0.1805356322 a        43     0     3     1    13
     -0.1515123311 a        44     0     3     1    14
      0.9063142941 a        45     0     3     1    15
      0.0484136863 a        46     0     4     1     1
     -0.1349456838 a        47     0     4     1     2
     -0.2822930792 a        48     0     4     1     3
     -0.1543230890 a        49     0     4     1     4
      0.6288526146 a        50     0     4     1     5
      0.3449921333 a        51     0     4     1     6
     -0.9307179198 a        52     0     4     1     7
     -0.9351868675 a        53     0     4     1     8
      0.0980374094 a        54     0     4     1     9
     -0.6053914814 a        55     0     4     1    10
     -0.9168525846 a        56     0     4     1    11
      0.0142475895 a        57     0     4     1    12
     -0.4876176562 a        58     0     4     1    13
      0.7774089018 a        59     0     4     1    14
      0.7107110834 a        60     0     4     1    15
      0.3081926000 a        61     0     5     1     1
      0.7022407546 a        62     0     5     1     2
     -0.6595789867 a        63     0     5     1     3
     -0.1583330330 a        64     0     5     1     4
     -0.8825736004 a        65     0     5     1     5
      0.2234411006 a        66     0     5     1     6
     -0.3044706260 a        67     0     5     1     7
     -0.2643480399 a        68     0     5     1     8
      0.9884931145 a        69     0     5     1     9
      0.2975138263 a        70     0     5     1    10
      0.4781790182 a        71     0     5     1    11
     -0.2609286622 a        72     0     5     1    12
     -0.1865097408 a        73     0     5     1    13
      0.6077902634 a        74     0     5     1    14
     -0.3626689411 a        75     0     5     1    15
      0.9482610259 a        76     0     6     1     1
     -0.5384454525 a        77     0     6     1     2
     -0.1309141012 a        78     0     6     1     3
     -0.6423318735 a        79     0     6     1     4
     -0.0162498903 a        80     0     6     1     5
      0.7719792222 a        81     0     6     1     6
     -0.9678403349 a        82     0     6     1     7
      0.8511119320 a        83     0     6     1     8
     -0.9200540920 a        84     0     6     1     9
     -0.7851556529 a        85     0     6     1    10
      0.2246477827 a        86     0     6     1    11
      0.7867284396 a        87     0     6     1    12
     -0.2335662779 a        88     0     6     1    13
     -0.4113150061 a        89     0     6     1    14
     -0.7981223874 a        90     0     6     1    15
     -0.0257691346 a        91     0     7     1     1
     -0.0760303843 a        92     0     7     1     2
     -0.3341193119 a        93     0     7     1     3
      0.8122925718 a        94     0     7     1     4
     -0.8602284926 a        95     0     7     1     5
     -0.6748042008 a        96     0     7     1     6
     -0.2708338800 a        97     0     7     1     7
      0.9446561918 a        98     0     7     1     8
      0.0610544253 a        99     0     7     1     9
     -0.4223273463 a       100     0     7     1    10
      0.2741507841 a       101     0     7     1    11
      0.6418156834 a       102     0     7     1    12
      0.0012066172 a       103     0     7     1    13
      0.9514653619 a       104     0     7     1    14
     -0.7464739038 a       105     0     7     1    15
      0.5766237994 a       106     0     8     1     1
     -0.7559704939 a       107     0     8     1     2
     -0.7000527814 a       108     0     8     1     3
     -0.2236176826 a       109     0     8     1     4
     -0.5253624535 a       110     0     8     1     5
      0.6005663060 a       111     0     8     1     6
      0.8483794675 a       112     0     8     1     7
     -1.0213938525 a       113     0     8     1     8
      0.6193043458 a       114     0     8     1     9
      0.2578867989 a       115     0     8     1    10
      0.0271232058 a       116     0     8     1    11
      0.6165792283 a       117     0     8     1    12
     -0.9007163111 a       118     0     8     1    13
     -0.5425806354 a       119     0     8     1    14
      0.0693708763 a       120     0     8     1    15
      0.0816618786 a       121     0     9     1     1
      0.2710548912 a       122     0     9     1     2
     -0.9120909220 a       123     0     9     1     3
      0.3890621421 a       124     0     9     1     4
      0.7428894980 a       125     0     9     1     5
      0.7329503506 a       126     0     9     1     6
     -0.6743486178 a       127     0     9     1     7
     -0.1970912396 a       128     0     9     1     8
      0.3482314397 a       129     0     9     1     9
      0.9352091785 a       130     0     9     1    10
      0.1340856998 a       131     0     9     1    11
      0.2520616422 a       132     0     9     1    12
     -0.3452821213 a       133     0     9     1    13
     -0.4942720843 a       134     0     9     1    14
     -0.8643564915 a       135     0     9     1    15
      0.2579206443 a       136     0    10     1     1
      0.6017924564 a       137     0    10     1     2
      0.4673594052 a       138     0    10     1     3
      0.1664124416 a       139     0    10     1     4
     -0.6675391647 a       140     0    10     1     5
      0.2794315096 a       141     0    10     1     6
     -0.2459516875 a       142     0    10     1     7
     -0.4148642236 a       143     0    10     1     8
     -0.2475551417 a       144     0    10     1     9
      0.6951885943 a       145     0    10     1    10
     -0.0826794889 a       146     0    10     1    11
     -0.6703405001 a       147     0    10     1    12
     -0.2560405171 a       148     0    10     1    13
     -0.5163449249 a       149     0    10     1    14
     -0.6661765002 a       150     0    10     1    15
      0.6816010730 a       151     0    11     1     1
      0.2322074539 a       152     0    11     1     2
     -0.5423468545 a       153     0    11     1     3
      0.2094065688 a       154     0    11     1     4
     -0.8117487509 a       155     0    11     1     5
     -0.5611620669 a       156     0    11     1     6
      0.2736182268 a       157     0    11     1     7
      0.3369990651 a       158     0    11     1     8
      0.8214284924 a       159     0    11     1     9
     -0.3231679627 a       160     0    11     1    10
     -0.2913099175 a       161     0    11     1    11
      0.9495910074 a       162     0    11     1    12
     -0.5071778788 a       163     0    11     1    13
      0.4495101292 a       164     0    11     1    14
     -0.2157147736 a       165     0    11     1    15
      0.7178137531 a       166     0    12     1     1
     -0.2345038237 a       167     0    12     1     2
      0.3418034833 a       168     0    12     1     3
      0.1415658745 a       169     0    12     1     4
      0.0759523576 a       170     0    12     1     5
      0.7676035017 a       171     0    12     1     6
      0.9334430409 a       172     0    12     1     7
     -0.6747442560 a       173     0    12     1     8
      0.6577698052 a       174     0    12     1     9
     -0.0168426258 a       175     0    12     1    10
     -0.5741879040 a       176     0    12     1    11
      0.4322872792 a       177     0    12     1    12
     -0.3280370470 a       178     0    12     1    13
     -0.2849701699 a       179     0    12     1    14
     -0.7766125785 a       180     0    12     1    15
      0.8352915987 a       181     0    13     1     1
     -0.9910724776 a       182     0    13     1     2
      0.6963094435 a       183     0    13     1     3
     -0.3499435941 a       184     0    13     1     4
      0.0322111687 a       185     0    13     1     5
      0.7423077106 a       186     0    13     1     6
      0.1778284590 a       187     0    13     1     7
     -0.2604946457 a       188     0    13     1     8
      0.0680695740 a       189     0    13     1     9
      0.7826842298 a       190     0    13     1    10
     -0.7036739160 a       191     0    13     1    11
      0.0361555481 a       192     0    13     1    12
      0.3388493100 a       193     0    13     1    13
     -0.5107408839 a       194     0    13     1    14
     -0.7084227760 a       195     0    13     1    15
      0.5839992223 a       196     0    14     1     1
     -0.0529974844 a       197     0    14     1     2
     -0.8875796969 a       198     0    14     1     3
      0.7132652340 a       199     0    14     1     4
     -0.2967512270 a       200     0    14     1     5
      0.0126534984 a       201     0    14     1     6
      0.6542001926 a       202     0    14     1     7
     -0.4497062609 a       203     0    14     1     8
     -0.7710436368 a       204     0    14     1     9
     -0.0409443940 a       205     0    14     1    10
     -0.0409771127 a       206     0    14     1    11
     -0.8001365952 a       207     0    14     1    12
     -0.5078303681 a       208     0    14     1    13
     -0.6271387425 a       209     0    14     1    14
     -0.2056197957 a       210     0    14     1    15
     -0.4143343098 a       211     0    15     1     1
      0.6640774649 a       212     0    15     1     2
      0.1974307059 a       213     0    15     1     3
      0.8670022430 a       214     0    15     1     4
      0.3176965863 a       215     0    15     1     5
      0.4706609238 a       216     0    15     1     6
     -0.4418383437 a       217     0    15     1     7
     -0.3875525059 a       218     0    15     1     8
      0.3947571459 a       219     0    15     1     9
      0.4963695457 a       220     0    15     1    10
      0.4243270907 a       221     0    15     1    11
      0.0416244156 a       222     0    15     1    12
     -0.7634262645 a       223     0    15     1    13
     -0.9729902719 a       224     0    15     1    14
     -0.3503939876 a       225     0    15     1    15
     -0.0837685661 a       226     0    16     1     1
     -0.0157009831 a       227     0    16     1     2
      0.8960463887 a       228     0    16     1     3
     -0.7800248217 a       229     0    16     1     4
      0.1684895258 a       230     0    16     1     5
      0.8088800548 a       231     0    16     1     6
      0.8733799929 a       232     0    16     1     7
      0.3443324932 a       233     0    16     1     8
      0.5464743434 a       234     0    16     1     9
      0.7840207495 a       235     0    16     1    10
      0.2970311124 a       236     0    16     1    11
     -0.2591432373 a       237     0    16     1    12
      0.0063283325 a       238     0    16     1    13
      0.3057529084 a       239     0    16     1    14
     -1.0005159337 a       240     0    16     1    15
      0.6133103197 a       241     0    17     1     1
      0.5064664945 a       242     0    17     1     2
     -0.8260172443 a       243     0    17     1     3
      0.0313768320 a       244     0    17     1     4
      0.9458244667 a       245     0    17     1     5
      0.6989352319 a       246     0    17     1     6
     -0.8038620476 a       247     0    17     1     7
      0.3879075379 a       248     0    17     1     8
     -0.5164898331 a       249     0    17     1     9
      0.3653746108 a       250     0    17     1    10
     -0.2927630954 a       251     0    17     1    11
      0.7121978276 a       252     0    17     1    12
     -0.3183588598 a       253     0    17     1    13
     -0.7566416998 a       254     0    17     1    14
     -0.5404752635 a       255     0    17     1    15
     -0.8876940352 a       256     0    18     1     1
     -0.1451385281 a       257     0    18     1     2
      0.1087815190 a       258     0    18     1     3
      0.1385856679 a       259     0    18     1     4
     -0.7603301434 a       260     0    18     1     5
      0.4452317234 a       261     0    18     1     6
      0.7327526317 a       262     0    18     1     7
     -0.0216451544 a       263     0    18     1     8
     -0.3755344839 a       264     0    18     1     9
      0.8677627538 a       265     0    18     1    10
      0.9329060847 a       266     0    18     1    11
      0.2359877424 a       267     0    18     1    12
      0.7486545030 a       268     0    18     1    13
      0.8391575394 a       269     0    18     1    14
     -0.6536528434 a       270     0    18     1    15
     -0.4777929534 a       271     0    19     1     1
     -0.4013059057 a       272     0    19     1     2
      0.8263784597 a       273     0    19     1     3
     -0.4632212016 a       274     0    19     1     4
      0.7966388563 a       275     0    19     1     5
     -0.4814133745 a       276     0    19     1     6
      0.4665684832 a       277     0    19     1     7
     -0.6771290898 a       278     0    19     1     8
      0.0317465643 a       279     0    19     1     9
     -0.8980679519 a       280     0    19     1    10
     -0.7640426314 a       281     0    19     1    11
      0.4290070239 a       282     0    19     1    12
      0.2728797172 a       283     0    19     1    13
      0.9589057984 a       284     0    19     1    14
      0.1728400994 a       285     0    19     1    15
      0.9551263768 a       286     0    20     1     1
      0.8849564336 a       287     0    20     1     2
     -0.4713617051 a       288     0    20     1     3
     -0.4556725681 a       289     0    20     1     4
     -0.7546707550 a       290     0    20     1     5
      0.0046725108 a       291     0    20     1     6
      0.3028962651 a       292     0    20     1     7
     -0.9092292331 a       293     0    20     1     8
      0.0491262211 a       294     0    20     1     9
     -0.0391472476 a       295     0    20     1    10
     -0.9414084821 a       296     0    20     1    11
     -0.4831484990 a       297     0    20     1    12
     -0.0168497576 a       298     0    20     1    13
     -0.4339876802 a       299     0    20     1    14
      0.6158912882 a       300     0    20     1    15
     -0.5985725893 a       301     0    21     1     1
     -0.3733389829 a       302     0    21     1     2
     -0.5133060362 a       303     0    21     1     3
      0.1906797246 a       304     0    21     1     4
      0.8575437170 a       305     0    21     1     5
      0.5407131940 a       306     0    21     1     6
     -0.8211866626 a       307     0    21     1     7
     -0.4727489420 a       308     0    21     1     8
      0.0988803365 a       309     0    21     1     9
     -0.7880857856 a       310     0    21     1    10
     -0.5395303659 a       311     0    21     1    11
      0.1110135535 a       312     0    21     1    12
      0.3936019762 a       313     0    21     1    13
     -0.0540400066 a       314     0    21     1    14
      0.4461242082 a       315     0    21     1    15
      0.0139878451 a       316     0    22     1     1
     -0.3210452282 a       317     0    22     1     2
      0.0436832963 a       318     0    22     1     3
      0.5889003043 a       319     0    22     1     4
     -0.8544220606 a       320     0    22     1     5
     -0.5668903391 a       321     0    22     1     6
      0.6320634023 a       322     0    22     1     7
     -0.7713357222 a       323     0    22     1     8
     -0.9213146134 a       324     0    22     1     9
     -0.8513103178 a       325     0    22     1    10
      0.0424328200 a       326     0    22     1    11
     -0.9814120122 a       327     0    22     1    12
     -0.8276620183 a       328     0    22     1    13
     -0.4278378586 a       329     0    22     1    14
     -0.7333330261 a       330     0    22     1    15
     -0.6236359531 a       331     0    23     1     1
      0.1004812339 a       332     0    23     1     2
      0.9404712835 a       333     0    23     1     3
      0.8013557265 a       334     0    23     1     4
     -0.2649095885 a       335     0    23     1     5
      0.8331927632 a       336     0    23     1     6
      0.3918227199 a       337     0    23     1     7
     -0.2146657694 a       338     0    23     1     8
      0.1537185352 a       339     0    23     1     9
     -0.1390039890 a       340     0    23     1    10
     -0.5997425149 a       341     0    23     1    11
     -0.7035225825 a       342     0    23     1    12
     -0.8233842372 a       343     0    23     1    13
      0.6808903568 a       344     0    23     1    14
     -0.9395840519 a       345     0    23     1    15
      0.6190791931 a       346     0    24     1     1
      0.3565104890 a       347     0    24     1     2
     -0.7692493423 a       348     0    24     1     3
      0.2375306398 a       349     0    24     1     4
     -0.1002220769 a       350     0    24     1     5
      0.3685731630 a       351     0    24     1     6
     -0.1856301793 a       352     0    24     1     7
      0.6637040688 a       353     0    24     1     8
     -0.0853042325 a       354     0    24     1     9
     -0.3256791906 a       355     0    24     1    10
     -0.8460114200 a       356     0    24     1    11
     -0.2903017648 a       357     0    24     1    12
     -0.0773035872 a       358     0    24     1    13
     -0.9492126630 a       359     0    24     1    14
      0.2324669117 a       360     0    24     1    15
     -0.1361750130 a       361     0    25     1     1
      0.2127595220 a       362     0    25     1     2
      0.8858962383 a       363     0    25     1     3
      0.0151871807 a       364     0    25     1     4
      0.3775959522 a       365     0    25     1     5
      0.1270700703 a       366     0    25     1     6
     -0.7398488197 a       367     0    25     1     7
      0.2551815329 a       368     0    25     1     8
      0.3132861429 a       369     0    25     1     9
     -0.1879914964 a       370     0    25     1    10
      0.6175793207 a       371     0    25     1    11
      0.1917202652 a       372     0    25     1    12
      0.1413946718 a       373     0    25     1    13
      0.3468563275 a       374     0    25     1    14
      0.8331036188 a       375     0    25     1    15
     -0.1747305598 a       376     0    26     1     1
     -0.5394926616 a       377     0    26     1     2
      0.1957833101 a       378     0    26     1     3
      0.4751297218 a       379     0    26     1     4
     -0.7772501614 a       380     0    26     1     5
     -0.1664472036 a       381     0    26     1     6
     -0.5603710911 a       382     0    26     1     7
     -0.1783260345 a       383     0    26     1     8
      0.3905894228 a       384     0    26     1     9
      0.4359041025 a       385     0    26     1    10
      0.0709448531 a       386     0    26     1    11
      0.5151092431 a       387     0    26     1    12
      0.6345022886 a       388     0    26     1    13
      0.4120928940 a       389     0    26     1    14
      0.8812643529 a       390     0    26     1    15
     -0.2534723834 a       391     0    27     1     1
      0.9657709968 a       392     0    27     1     2
      0.9657774301 a       393     0    27     1     3
     -0.3671634180 a       394     0    27     1     4
      0.8781114829 a       395     0    27     1     5
     -0.7105415056 a       396     0    27     1     6
     -0.1291388689 a       397     0    27     1     7
      0.1873830862 a       398     0    27     1     8
     -0.2114795471 a       399     0    27     1     9
     -0.9600784573 a       400     0    27     1    10
     -0.0333902915 a       401     0    27     1    11
     -0.0944676524 a       402     0    27     1    12
      0.9977915383 a       403     0    27     1    13
      0.3369596815 a       404     0    27     1    14
     -0.2715978666 a       405     0    27     1    15
     -1.0693664282 b       406     1     1
     -0.8308032810 b       407     1     2
     -0.1246032213 b       408     1     3
      0.9975198737 b       409     1     4
      0.9734115296 b       410     1     5
     -0.3019642363 b       411     1     6
      0.5665777301 b       412     1     7
      0.5936864830 b       413     1     8
      0.2630492114 b       414     1     9
     -0.9443164942 b       415     1    10
      0.2479088196 b       416     1    11
     -0.6734861969 b       417     1    12
     -0.7953950140 b       418     1    13
     -1.0428570609 b       419     1    14
      0.2377227580 b       420     1    15
      0.6455425403 a       421     1     1     2     1
      0.7431511140 a       422     1     1     2     2
     -0.9348822326 a       423     1     1     2     3
      0.6360797707 a       424     1     1     2     4
     -0.4771929930 a       425     1     1     2     5
     -0.9452546015 a       426     1     1     2     6
      0.6348076821 a       427     1     1     2     7
     -0.3883354572 a       428     1     1     2     8
      0.4346669655 a       429     1     1     2     9
     -0.2566357346 a       430     1     1     2    10
     -0.9592933436 a       431     1     1     2    11
     -0.3073260968 a       432     1     1     2    12
      0.4055549073 a       433     1     1     2    13
     -1.0178988490 a       434     1     1     2    14
     -0.0428851099 a       435     1     1     2    15
     -0.1184152619 a       436     1     2     2     1
     -0.5233076236 a       437     1     2     2     2
     -0.0475597449 a       438     1     2     2     3
      0.9866397832 a       439     1     2     2     4
     -0.5489493739 a       440     1     2     2     5
      0.1522872497 a       441     1     2     2     6
      0.3278570147 a       442     1     2     2     7
     -0.2159448662 a       443     1     2     2     8
      0.6520639688 a       444     1     2     2     9
     -0.1303892918 a       445     1     2     2    10
      0.4344912413 a       446     1     2     2    11
      0.9764297359 a       447     1     2     2    12
      0.6589585712 a       448     1     2     2    13
     -0.9109058769 a       449     1     2     2    14
     -0.5236700672 a       450     1     2     2    15
      0.5146732286 a       451     1     3     2     1
     -0.7058772526 a       452     1     3     2     2
      0.4622766726 a       453     1     3     2     3
     -0.3104964600 a       454     1     3     2     4
     -0.3885287303 a       455     1     3     2     5
      0.7821156023 a       456     1     3     2     6
     -0.8584568567 a       457     1     3     2     7
     -0.4079103915 a       458     1     3     2     8
      0.8406790265 a       459     1     3     2     9
      0.4406591412 a       460     1     3     2    10
      0.0328546821 a       461     1     3     2    11
     -0.0909502545 a       462     1     3     2    12
     -0.7019457415 a       463     1     3     2    13
     -0.6430363411 a       464     1     3     2    14
     -0.8647389024 a       465     1     3     2    15
     -0.0336129527 a       466     1     4     2     1
     -0.5101682142 a       467     1     4     2     2
      0.2804605913 a       468     1     4     2     3
     -0.1645451875 a       469     1     4     2     4
      0.3333386894 a       470     1     4     2     5
      0.3606194204 a       471     1     4     2     6
     -0.9113117869 a       472     1     4     2     7
     -0.8655553466 a       473     1     4     2     8
      0.8931378865 a       474     1     4     2     9
      0.7982524819 a       475     1     4     2    10
     -0.5991724052 a       476     1     4     2    11
      0.6081873618 a       477     1     4     2    12
     -0.6148279157 a       478     1     4     2    13
     -0.2180341117 a       479     1     4     2    14
     -0.1014233970 a       480     1     4     2    15
      0.3795985378 a       481     1     5     2     1
      0.7872752624 a       482     1     5     2     2
      0.8874350585 a       483     1     5     2     3
     -0.5973899589 a       484     1     5     2     4
      0.8532102981 a       485     1     5     2     5
     -0.9384694298 a       486     1     5     2     6
     -0.1849270043 a       487     1     5     2     7
      0.8436321696 a       488     1     5     2     8
     -0.8600353832 a       489     1     5     2     9
     -0.9484896975 a       490     1     5     2    10
     -0.1024887954 a       491     1     5     2    11
      0.5339285008 a       492     1     5     2    12
      0.3380247532 a       493     1     5     2    13
     -0.5058859275 a       494     1     5     2    14
      0.1534603695 a       495     1     5     2    15
     -0.8594279748 a       496     1     6     2     1
     -0.8616699563 a       497     1     6     2     2
     -0.7013618224 a       498     1     6     2     3
     -0.9820394649 a       499     1     6     2     4
      0.1547048771 a       500     1     6     2     5
      0.8010200583 a       501     1     6     2     6
      0.7191415901 a       502     1     6     2     7
      0.6859930982 a       503     1     6     2     8
      0.2736493551 a       504     1     6     2     9
     -0.2071230429 a       505     1     6     2    10
      0.7427222682 a       506     1     6     2    11
     -0.5785445882 a       507     1     6     2    12
      0.3690709287 a       508     1     6     2    13
     -0.5174596049 a       509     1     6     2    14
     -0.4410032104 a       510     1     6     2    15
      0.6493484007 a       511     1     7     2     1
     -0.4040442074 a       512     1     7     2     2
      0.3149332055 a       513     1     7     2     3
      0.3393716470 a       514     1     7     2     4
     -0.2558106281 a       515     1     7     2     5
      0.1860597554 a       516     1     7     2     6
     -0.7928759147 a       517     1     7     2     7
      0.3318107400 a       518     1     7     2     8
      0.6336008190 a       519     1     7     2     9
     -0.9366983483 a       520     1     7     2    10
     -0.4485278969 a       521     1     7     2    11
      0.5758221201 a       522     1     7     2    12
      0.9251605660 a       523     1     7     2    13
     -0.8009647340 a       524     1     7     2    14
      0.0894319836 a       525     1     7     2    15
     -0.5387088964 a       526     1     8     2     1
      0.3700209507 a       527     1     8     2     2
     -0.6249613330 a       528     1     8     2     3
     -0.3132629860 a       529     1     8     2     4
      0.8852106005 a       530     1     8     2     5
      0.1392875471 a       531     1     8     2     6
     -0.6178988210 a       532     1     8     2     7
      0.7586365377 a       533     1     8     2     8
      0.4595866577 a       534     1     8     2     9
      0.9585959874 a       535     1     8     2    10
     -0.5661728334 a       536     1     8     2    11
     -0.0178074061 a       537     1     8     2    12
     -0.4200775795 a       538     1     8     2    13
     -0.5648245279 a       539     1     8     2    14
      0.4358329361 a       540     1     8     2    15
      0.2927568105 a       541     1     9     2     1
      0.7857767751 a       542     1     9     2     2
      0.5541767044 a       543     1     9     2     3
     -0.9910747004 a       544     1     9     2     4
     -0.6095571865 a       545     1     9     2     5
      0.2213235460 a       546     1     9     2     6
      0.7478202224 a       547     1     9     2     7
     -0.9562794716 a       548     1     9     2     8
     -0.8903579655 a       549     1     9     2     9
      0.6652834389 a       550     1     9     2    10
     -0.3850688388 a       551     1     9     2    11
     -0.9233395332 a       552     1     9     2    12
     -0.7761115644 a       553     1     9     2    13
     -0.1394422467 a       554     1     9     2    14
      0.8983339285 a       555     1     9     2    15
     -1.0423057536 a       556     1    10     2     1
      0.5814523775 a       557     1    10     2     2
     -0.5474223482 a       558     1    10     2     3
     -0.8062660801 a       559     1    10     2     4
      0.9328454650 a       560     1    10     2     5
      0.8564984446 a       561     1    10     2     6
      0.3090573334 a       562     1    10     2     7
      0.8875046149 a       563     1    10     2     8
     -0.9261488659 a       564     1    10     2     9
     -0.6921325323 a       565     1    10     2    10
      0.8775181969 a       566     1    10     2    11
     -0.3682486884 a       567     1    10     2    12
      0.6369383774 a       568     1    10     2    13
      0.1230062292 a       569     1    10     2    14
     -0.4323876150 a       570     1    10     2    15
      0.6464772107 a       571     1    11     2     1
     -0.1428940783 a       572     1    11     2     2
      0.4168706796 a       573     1    11     2     3
     -0.8375165676 a       574     1    11     2     4
     -0.4923510996 a       575     1    11     2     5
     -0.6793010872 a       576     1    11     2     6
     -0.1159734963 a       577     1    11     2     7
     -0.9692282927 a       578     1    11     2     8
     -0.7912103654 a       579     1    11     2     9
      0.7289625265 a       580     1    11     2    10
     -0.9183142584 a       581     1    11     2    11
      0.1438504472 a       582     1    11     2    12
     -0.4743477457 a       583     1    11     2    13
      0.8340575481 a       584     1    11     2    14
      1.0100509686 a       585     1    11     2    15
     -0.7857666612 a       586     1    12     2     1
     -0.7055801204 a       587     1    12     2     2
      0.5152967962 a       588     1    12     2     3
     -0.1497415625 a       589     1    12     2     4
      0.8230948474 a       590     1    12     2     5
      0.6575824588 a       591     1    12     2     6
      0.6550420821 a       592     1    12     2     7
     -0.2087524133 a       593     1    12     2     8
     -0.5223374379 a       594     1    12     2     9
     -0.1596975741 a       595     1    12     2    10
     -0.1752317653 a       596     1    12     2    11
     -0.7628753814 a       597     1    12     2    12
      0.7067149460 a       598     1    12     2    13
     -0.8205247252 a       599     1    12     2    14
     -0.9557543969 a       600     1    12     2    15
      0.6748527679 a       601     1    13     2     1
      0.0333408419 a       602     1    13     2     2
     -0.7500462801 a       603     1    13     2     3
      0.4398193135 a       604     1    13     2     4
     -0.4747728377 a       605     1    13     2     5
     -0.3020986773 a       606     1    13     2     6
     -0.7130710640 a       607     1    13     2     7
      0.8391591705 a       608     1    13     2     8
      0.9002370997 a       609     1    13     2     9
      0.7595360168 a       610     1    13     2    10
      0.5725321734 a       611     1    13     2    11
     -0.2522169884 a       612     1    13     2    12
      0.4041765899 a       613     1    13     2    13
     -0.1172604700 a       614     1    13     2    14
      0.0065462947 a       615     1    13     2    15
     -0.9203611723 a       616     1    14     2     1
      0.0689884785 a       617     1    14     2     2
     -0.5393086520 a       618     1    14     2     3
      0.8301463201 a       619     1    14     2     4
     -0.2531035382 a       620     1    14     2     5
      0.8606090510 a       621     1    14     2     6
      0.8847403022 a       622     1    14     2     7
      0.8362385977 a       623     1    14     2     8
      0.6531335766 a       624     1    14     2     9
      0.0620284680 a       625     1    14     2    10
      0.3502597606 a       626     1    14     2    11
     -0.6194094174 a       627     1    14     2    12
      0.8514502714 a       628     1    14     2    13
     -0.9615934166 a       629     1    14     2    14
      0.3004530723 a       630     1    14     2    15
      0.4013562759 a       631     1    15     2     1
     -0.8693785902 a       632     1    15     2     2
     -0.4478911966 a       633     1    15     2     3
     -0.1585188212 a       634     1    15     2     4
     -0.0305982614 a       635     1    15     2     5
     -0.1794243111 a       636     1    15     2     6
     -0.3000473799 a       637     1    15     2     7
     -0.8583128448 a       638     1    15     2     8
      0.3900455415 a       639     1    15     2     9
     -0.3650591317 a       640     1    15     2    10
     -0.2988212629 a       641     1    15     2    11
      0.6264491846 a       642     1    15     2    12
      0.5824181647 a       643     1    15     2    13
     -0.5049644178 a       644     1    15     2    14
      0.3783135870 a       645     1    15     2    15
      0.3520702206 b       646     2     1
      0.8639491619 b       647     2     2
     -0.9572455486 b       648     2     3
     -1.0021916586 b       649     2     4
      0.8777480975 b       650     2     5
      0.6965083892 b       651     2     6
     -0.9012990310 b       652     2     7
     -0.6142038712 b       653     2     8
      0.9048937690 b       654     2     9
      0.0611010406 b       655     2    10
     -0.8978292868 b       656     2    11
      0.6547446776 b       657     2    12
      0.3128750829 b       658     2    13
     -0.4601110489 b       659     2    14
      0.3492422385 b       660     2    15
      0.4840341896 a       661     2     1     3     1
     -1.1714716005 a       662     2     2     3     1
      0.2424007664 a       663     2     3     3     1
      0.1895366525 a       664     2     4     3     1
      0.1334959398 a       665     2     5     3     1
     -0.0640282979 a       666     2     6     3     1
     -0.2180453538 a       667     2     7     3     1
      0.6786501037 a       668     2     8     3     1
     -0.3430541019 a       669     2     9     3     1
     -0.1625239972 a       670     2    10     3     1
      0.9392594441 a       671     2    11     3     1
     -0.9340019257 a       672     2    12     3     1
      0.3245302771 a       673     2    13     3     1
     -0.8121549233 a       674     2    14     3     1
      0.9733270525 a       675     2    15     3     1
     -0.5410149129 b       676     3     1
