     -0.0359850193 a         1     0     1     1     1
      0.4392420793 a         2     0     1     1     2
      0.0556657238 a         3     0     1     1     3
     -0.3774635552 a         4     0     1     1     4
     -0.2054526597 a         5     0     1     1     5
      0.2358078997 a         6     0     1     1     6
     -0.1200238026 a         7     0     1     1     7
      0.1876131232 a         8     0     1     1     8
     -0.3585638728 a         9     0     1     1     9
      0.0181095524 a        10     0     1     1    10
     -0.0604144494 a        11     0     1     1    11
      0.0538889127 a        12     0     1     1    12
     -0.3418329517 a        13     0     1     1    13
     -0.1049517313 a        14     0     1     1    14
      0.1885986369 a        15     0     1     1    15
      0.0276321935 a        16     0     1     1    16
      0.1281633996 a        17     0     1     1    17
     -0.3588568843 a        18     0     1     1    18
     -0.2911111774 a        19     0     1     1    19
     -0.0916249923 a        20     0     1     1    20
     -0.2481805940 a        21     0     2     1     1
      0.2319494659 a        22     0     2     1     2
      0.0966270536 a        23     0     2     1     3
     -0.2056530631 a        24     0     2     1     4
     -0.3440606731 a        25     0     2     1     5
     -0.4234863115 a        26     0     2     1     6
      0.1213707561 a        27     0     2     1     7
      0.3690563152 a        28     0     2     1     8
     -0.1084269939 a        29     0     2     1     9
     -0.2103405937 a        30     0     2     1    10
      0.2880841078 a        31     0     2     1    11
     -0.3186573918 a        32     0     2     1    12
      0.0832979219 a        33     0     2     1    13
      0.0324761213 a        34     0     2     1    14
      0.5284272426 a        35     0     2     1    15
     -0.2320215102 a        36     0     2     1    16
      0.2727012739 a        37     0     2     1    17
      0.1651113422 a        38     0     2     1    18
     -0.1511366457 a        39     0     2     1    19
      0.2974863898 a        40     0     2     1    20
     -0.0744083548 a        41     0     3     1     1
     -0.0084993292 a        42     0     3     1     2
      0.3807664360 a        43     0     3     1     3
      0.3757324003 a        44     0     3     1     4
     -0.0333462369 a        45     0     3     1     5
      0.1444666917 a        46     0     3     1     6
      0.4772779674 a        47     0     3     1     7
      0.4261671643 a        48     0     3     1     8
      0.1398947460 a        49     0     3     1     9
      0.1255802459 a        50     0     3     1    10
     -0.4032225652 a        51     0     3     1    11
     -0.3170662435 a        52     0     3     1    12
     -0.1235571456 a        53     0     3     1    13
      0.0838621557 a        54     0     3     1    14
     -0.2227254096 a        55     0     3     1    15
     -0.3566603053 a        56     0     3     1    16
     -0.0722118812 a        57     0     3     1    17
      0.1126768152 a        58     0     3     1    18
      0.1858875888 a        59     0     3     1    19
      0.0225303266 a        60     0     3     1    20
     -0.0140534458 a        61     0     4     1     1
     -0.2985432029 a        62     0     4     1     2
     -0.2692028628 a        63     0     4     1     3
     -0.2614092403 a        64     0     4     1     4
      0.2163996850 a        65     0     4     1     5
     -0.2161189779 a        66     0     4     1     6
      0.3153122306 a        67     0     4     1     7
     -0.2141999687 a        68     0     4     1     8
      0.0478595278 a        69     0     4     1     9
      0.2251998183 a        70     0     4     1    10
     -0.3110404568 a        71     0     4     1    11
     -0.2737491300 a        72     0     4     1    12
      0.3732597045 a        73     0     4     1    13
     -0.4718818287 a        74     0     4     1    14
      0.1391055300 a        75     0     4     1    15
      0.4527889425 a        76     0     4     1    16
     -0.3815373174 a        77     0     4     1    17
     -0.4022554849 a        78     0     4     1    18
     -0.3534749650 a        79     0     4     1    19
      0.2021495027 a        80     0     4     1    20
     -0.0963516289 a        81     0     5     1     1
     -0.1883823307 a        82     0     5     1     2
      0.3386843616 a        83     0     5     1     3
     -0.4267137714 a        84     0     5     1     4
      0.1576324272 a        85     0     5     1     5
     -0.4079638586 a        86     0     5     1     6
      0.1738937113 a        87     0     5     1     7
     -0.1081507781 a        88     0     5     1     8
     -0.4412317251 a        89     0     5     1     9
     -0.3010331694 a        90     0     5     1    10
     -0.0212754192 a        91     0     5     1    11
     -0.2611082336 a        92     0     5     1    12
      0.0057290173 a        93     0     5     1    13
     -0.3700932160 a        94     0     5     1    14
     -0.3754371336 a        95     0     5     1    15
     -0.0576919179 a        96     0     5     1    16
     -0.2541876174 a        97     0     5     1    17
     -0.0664868602 a        98     0     5     1    18
     -0.3928883782 a        99     0     5     1    19
     -0.1485972282 a       100     0     5     1    20
     -0.2390395287 a       101     0     6     1     1
      0.3663100793 a       102     0     6     1     2
     -0.0682011565 a       103     0     6     1     3
      0.3470430182 a       104     0     6     1     4
      0.4473174555 a       105     0     6     1     5
      0.3714686183 a       106     0     6     1     6
     -0.0419087299 a       107     0     6     1     7
      0.1537147654 a       108     0     6     1     8
     -0.1997830991 a       109     0     6     1     9
      0.1241564388 a       110     0     6     1    10
     -0.4488462878 a       111     0     6     1    11
     -0.3702488742 a       112     0     6     1    12
      0.1887474587 a       113     0     6     1    13
      0.4995838467 a       114     0     6     1    14
     -0.5271205335 a       115     0     6     1    15
      0.4008538794 a       116     0     6     1    16
     -0.1418805476 a       117     0     6     1    17
      0.3762424786 a       118     0     6     1    18
     -0.2930179398 a       119     0     6     1    19
     -0.4452746220 a       120     0     6     1    20
     -0.1377299248 a       121     0     7     1     1
     -0.3954453222 a       122     0     7     1     2
     -0.4577655649 a       123     0     7     1     3
     -0.0655069368 a       124     0     7     1     4
      0.2568754598 a       125     0     7     1     5
      0.1003947617 a       126     0     7     1     6
      0.1172600155 a       127     0     7     1     7
      0.4695251998 a       128     0     7     1     8
     -0.1984404325 a       129     0     7     1     9
      0.3184578825 a       130     0     7     1    10
      0.4567722505 a       131     0     7     1    11
     -0.4365804420 a       132     0     7     1    12
     -0.0887889284 a       133     0     7     1    13
      0.1163930545 a       134     0     7     1    14
      0.1842051736 a       135     0     7     1    15
     -0.1512023540 a       136     0     7     1    16
     -0.2749200794 a       137     0     7     1    17
      0.3864110849 a       138     0     7     1    18
      0.2043792131 a       139     0     7     1    19
      0.3675339827 a       140     0     7     1    20
     -0.2883468143 a       141     0     8     1     1
     -0.2544664238 a       142     0     8     1     2
     -0.2701090457 a       143     0     8     1     3
     -0.0152770374 a       144     0     8     1     4
     -0.4562544309 a       145     0     8     1     5
     -0.1104504615 a       146     0     8     1     6
     -0.1128578439 a       147     0     8     1     7
      0.0149237272 a       148     0     8     1     8
     -0.2539108411 a       149     0     8     1     9
      0.2217420827 a       150     0     8     1    10
     -0.3912694357 a       151     0     8     1    11
     -0.1820713115 a       152     0     8     1    12
     -0.3127196544 a       153     0     8     1    13
     -0.3622308916 a       154     0     8     1    14
      0.2015771459 a       155     0     8     1    15
      0.1392176593 a       156     0     8     1    16
      0.2872217912 a       157     0     8     1    17
     -0.3729106786 a       158     0     8     1    18
      0.3763065663 a       159     0     8     1    19
      0.4290443613 a       160     0     8     1    20
      0.3897270633 a       161     0     9     1     1
     -0.0207594048 a       162     0     9     1     2
     -0.2674347634 a       163     0     9     1     3
     -0.1001286902 a       164     0     9     1     4
     -0.0297582100 a       165     0     9     1     5
     -0.3734096433 a       166     0     9     1     6
      0.1658971490 a       167     0     9     1     7
     -0.3559046582 a       168     0     9     1     8
      0.2929131000 a       169     0     9     1     9
      0.4272093539 a       170     0     9     1    10
     -0.1205536829 a       171     0     9     1    11
     -0.2627757005 a       172     0     9     1    12
     -0.4135452327 a       173     0     9     1    13
      0.3569576171 a       174     0     9     1    14
      0.4673672468 a       175     0     9     1    15
     -0.4203788983 a       176     0     9     1    16
      0.4079154162 a       177     0     9     1    17
     -0.3620811992 a       178     0     9     1    18
     -0.3882870992 a       179     0     9     1    19
     -0.0818742586 a       180     0     9     1    20
     -0.2085122998 a       181     0    10     1     1
      0.2858567607 a       182     0    10     1     2
     -0.4650316392 a       183     0    10     1     3
     -0.0000636731 a       184     0    10     1     4
      0.3134629993 a       185     0    10     1     5
     -0.0103426626 a       186     0    10     1     6
     -0.0840674209 a       187     0    10     1     7
      0.1149044550 a       188     0    10     1     8
     -0.1776389005 a       189     0    10     1     9
      0.3639310434 a       190     0    10     1    10
     -0.3310244448 a       191     0    10     1    11
     -0.2944665347 a       192     0    10     1    12
      0.2341477568 a       193     0    10     1    13
     -0.3172776096 a       194     0    10     1    14
     -0.0094238668 a       195     0    10     1    15
      0.2800385261 a       196     0    10     1    16
      0.0044337908 a       197     0    10     1    17
      0.2360173617 a       198     0    10     1    18
      0.2056946827 a       199     0    10     1    19
      0.3805339267 a       200     0    10     1    20
     -0.0870889154 a       201     0    11     1     1
     -0.0644463130 a       202     0    11     1     2
      0.1043570626 a       203     0    11     1     3
      0.2717157871 a       204     0    11     1     4
      0.2215108398 a       205     0    11     1     5
     -0.1318097424 a       206     0    11     1     6
      0.1846257759 a       207     0    11     1     7
     -0.4476104232 a       208     0    11     1     8
     -0.3049060790 a       209     0    11     1     9
      0.2175628150 a       210     0    11     1    10
      0.2019515230 a       211     0    11     1    11
     -0.3648418322 a       212     0    11     1    12
     -0.3053062115 a       213     0    11     1    13
     -0.4760365791 a       214     0    11     1    14
      0.4471089759 a       215     0    11     1    15
      0.1056910428 a       216     0    11     1    16
     -0.4807595802 a       217     0    11     1    17
      0.4360344595 a       218     0    11     1    18
     -0.2178605385 a       219     0    11     1    19
     -0.0610891859 a       220     0    11     1    20
      0.3725235637 a       221     0    12     1     1
     -0.1101534204 a       222     0    12     1     2
     -0.2107883427 a       223     0    12     1     3
      0.0666481147 a       224     0    12     1     4
     -0.0029126171 a       225     0    12     1     5
     -0.0363703071 a       226     0    12     1     6
     -0.4826281339 a       227     0    12     1     7
      0.0120589640 a       228     0    12     1     8
      0.2468304010 a       229     0    12     1     9
      0.0346335412 a       230     0    12     1    10
     -0.1836780859 a       231     0    12     1    11
      0.2739688429 a       232     0    12     1    12
      0.1712412325 a       233     0    12     1    13
      0.4275047448 a       234     0    12     1    14
      0.2671577600 a       235     0    12     1    15
     -0.2434389827 a       236     0    12     1    16
     -0.2673251300 a       237     0    12     1    17
     -0.0954057596 a       238     0    12     1    18
     -0.3835705521 a       239     0    12     1    19
      0.2683971711 a       240     0    12     1    20
      0.2846252639 a       241     0    13     1     1
      0.0830035420 a       242     0    13     1     2
      0.1019528987 a       243     0    13     1     3
      0.4611593302 a       244     0    13     1     4
     -0.0537571533 a       245     0    13     1     5
      0.4466833590 a       246     0    13     1     6
     -0.1045623029 a       247     0    13     1     7
      0.1804564120 a       248     0    13     1     8
     -0.4620102885 a       249     0    13     1     9
     -0.4457803903 a       250     0    13     1    10
     -0.2057610682 a       251     0    13     1    11
     -0.1567620254 a       252     0    13     1    12
     -0.3731423504 a       253     0    13     1    13
     -0.2545157323 a       254     0    13     1    14
      0.0995652532 a       255     0    13     1    15
     -0.1839880670 a       256     0    13     1    16
     -0.0887256186 a       257     0    13     1    17
     -0.1924165124 a       258     0    13     1    18
      0.2642104891 a       259     0    13     1    19
      0.1594973231 a       260     0    13     1    20
      0.4190847935 a       261     0    14     1     1
      0.4034610676 a       262     0    14     1     2
      0.2916298968 a       263     0    14     1     3
     -0.2169691747 a       264     0    14     1     4
     -0.3994844986 a       265     0    14     1     5
      0.3766654363 a       266     0    14     1     6
      0.2222835122 a       267     0    14     1     7
     -0.3974075766 a       268     0    14     1     8
      0.4053209969 a       269     0    14     1     9
      0.0280479382 a       270     0    14     1    10
      0.0261614282 a       271     0    14     1    11
     -0.4106809171 a       272     0    14     1    12
     -0.1035382084 a       273     0    14     1    13
     -0.5003014723 a       274     0    14     1    14
      0.2500041198 a       275     0    14     1    15
     -0.0063448422 a       276     0    14     1    16
      0.2917153328 a       277     0    14     1    17
      0.2230136369 a       278     0    14     1    18
     -0.0631607912 a       279     0    14     1    19
      0.1368041269 a       280     0    14     1    20
     -0.4335650649 a       281     0    15     1     1
      0.1001651045 a       282     0    15     1     2
      0.1094162767 a       283     0    15     1     3
      0.2737454017 a       284     0    15     1     4
     -0.3105647285 a       285     0    15     1     5
      0.0386396415 a       286     0    15     1     6
      0.2963704275 a       287     0    15     1     7
      0.2200993424 a       288     0    15     1     8
      0.3339199671 a       289     0    15     1     9
      0.4688713835 a       290     0    15     1    10
      0.2728750825 a       291     0    15     1    11
     -0.0181665657 a       292     0    15     1    12
     -0.4106779957 a       293     0    15     1    13
     -0.2831869714 a       294     0    15     1    14
     -0.2655119784 a       295     0    15     1    15
      0.3455758773 a       296     0    15     1    16
      0.3043166763 a       297     0    15     1    17
      0.3526893550 a       298     0    15     1    18
      0.0793615936 a       299     0    15     1    19
      0.2792230318 a       300     0    15     1    20
      0.3800901137 a       301     0    16     1     1
      0.0894727416 a       302     0    16     1     2
      0.3205751448 a       303     0    16     1     3
     -0.4449542874 a       304     0    16     1     4
     -0.2156899334 a       305     0    16     1     5
     -0.0980077682 a       306     0    16     1     6
     -0.4092837196 a       307     0    16     1     7
     -0.1210322002 a       308     0    16     1     8
      0.2174685142 a       309     0    16     1     9
     -0.1743350060 a       310     0    16     1    10
     -0.0449775837 a       311     0    16     1    11
      0.2291737904 a       312     0    16     1    12
      0.2222790853 a       313     0    16     1    13
      0.0351586278 a       314     0    16     1    14
      0.1326492942 a       315     0    16     1    15
     -0.3908803836 a       316     0    16     1    16
     -0.0639996159 a       317     0    16     1    17
     -0.0852627414 a       318     0    16     1    18
      0.3322288374 a       319     0    16     1    19
     -0.4250700516 a       320     0    16     1    20
      0.0698835466 a       321     0    17     1     1
      0.3675346935 a       322     0    17     1     2
      0.2241043167 a       323     0    17     1     3
     -0.1379096358 a       324     0    17     1     4
      0.3311490708 a       325     0    17     1     5
      0.2716199804 a       326     0    17     1     6
      0.2638992334 a       327     0    17     1     7
      0.3191657661 a       328     0    17     1     8
      0.2890671640 a       329     0    17     1     9
      0.0739491394 a       330     0    17     1    10
     -0.0855147946 a       331     0    17     1    11
     -0.0822368059 a       332     0    17     1    12
     -0.1402529804 a       333     0    17     1    13
     -0.2962446564 a       334     0    17     1    14
      0.1511172044 a       335     0    17     1    15
     -0.4111317748 a       336     0    17     1    16
      0.1513334609 a       337     0    17     1    17
      0.2859336008 a       338     0    17     1    18
      0.4646208947 a       339     0    17     1    19
     -0.2112625243 a       340     0    17     1    20
     -0.0883180418 a       341     0    18     1     1
     -0.1689780124 a       342     0    18     1     2
      0.0054826608 a       343     0    18     1     3
     -0.2445226708 a       344     0    18     1     4
     -0.1596487857 a       345     0    18     1     5
     -0.0778490773 a       346     0    18     1     6
     -0.4425345544 a       347     0    18     1     7
      0.3487392727 a       348     0    18     1     8
     -0.1092858364 a       349     0    18     1     9
      0.0927667339 a       350     0    18     1    10
      0.3341032799 a       351     0    18     1    11
      0.0476883554 a       352     0    18     1    12
      0.4397688969 a       353     0    18     1    13
     -0.0702343585 a       354     0    18     1    14
     -0.0940634482 a       355     0    18     1    15
      0.1012842967 a       356     0    18     1    16
     -0.4010332138 a       357     0    18     1    17
     -0.3426060957 a       358     0    18     1    18
      0.3019044691 a       359     0    18     1    19
     -0.2887341426 a       360     0    18     1    20
     -0.3066252453 a       361     0    19     1     1
     -0.3726597552 a       362     0    19     1     2
      0.3864678776 a       363     0    19     1     3
     -0.3394637122 a       364     0    19     1     4
      0.2567746232 a       365     0    19     1     5
      0.1485336417 a       366     0    19     1     6
     -0.0768230151 a       367     0    19     1     7
     -0.1871699280 a       368     0    19     1     8
     -0.1841904289 a       369     0    19     1     9
      0.1488361808 a       370     0    19     1    10
      0.4525819889 a       371     0    19     1    11
      0.1392030966 a       372     0    19     1    12
      0.1223678513 a       373     0    19     1    13
      0.1597943832 a       374     0    19     1    14
      0.0987125742 a       375     0    19     1    15
     -0.3309701622 a       376     0    19     1    16
      0.0668437257 a       377     0    19     1    17
     -0.3791066566 a       378     0    19     1    18
      0.0120809784 a       379     0    19     1    19
      0.0843381400 a       380     0    19     1    20
     -0.3650398345 a       381     0    20     1     1
     -0.0797243817 a       382     0    20     1     2
      0.4821485425 a       383     0    20     1     3
     -0.3078031665 a       384     0    20     1     4
      0.2963256751 a       385     0    20     1     5
     -0.3796288247 a       386     0    20     1     6
      0.1951523943 a       387     0    20     1     7
     -0.3977534445 a       388     0    20     1     8
      0.0660629169 a       389     0    20     1     9
     -0.4299222998 a       390     0    20     1    10
      0.4406005591 a       391     0    20     1    11
     -0.3420372137 a       392     0    20     1    12
     -0.3284597879 a       393     0    20     1    13
     -0.4088237502 a       394     0    20     1    14
     -0.0795039795 a       395     0    20     1    15
      0.4303878641 a       396     0    20     1    16
      0.2267533370 a       397     0    20     1    17
      0.3191615432 a       398     0    20     1    18
     -0.3451992532 a       399     0    20     1    19
     -0.4287998655 a       400     0    20     1    20
      0.3059395284 a       401     0    21     1     1
      0.0371537454 a       402     0    21     1     2
      0.3364306373 a       403     0    21     1     3
     -0.3320022075 a       404     0    21     1     4
      0.3411705809 a       405     0    21     1     5
     -0.0889490829 a       406     0    21     1     6
     -0.3935921708 a       407     0    21     1     7
      0.0494051572 a       408     0    21     1     8
     -0.2116220085 a       409     0    21     1     9
     -0.3197255804 a       410     0    21     1    10
     -0.1320442217 a       411     0    21     1    11
      0.2111988311 a       412     0    21     1    12
     -0.0289582837 a       413     0    21     1    13
      0.0788350103 a       414     0    21     1    14
     -0.2540942536 a       415     0    21     1    15
     -0.3447173309 a       416     0    21     1    16
      0.4467557143 a       417     0    21     1    17
     -0.0517085330 a       418     0    21     1    18
     -0.0065961555 a       419     0    21     1    19
      0.0284121265 a       420     0    21     1    20
      0.4400070389 a       421     0    22     1     1
     -0.4447807506 a       422     0    22     1     2
      0.3654475947 a       423     0    22     1     3
     -0.0100538897 a       424     0    22     1     4
     -0.1220657169 a       425     0    22     1     5
      0.1220165386 a       426     0    22     1     6
      0.4462603546 a       427     0    22     1     7
     -0.0442027397 a       428     0    22     1     8
      0.1918764731 a       429     0    22     1     9
     -0.0161368171 a       430     0    22     1    10
     -0.1747025075 a       431     0    22     1    11
      0.4415149494 a       432     0    22     1    12
     -0.4563075746 a       433     0    22     1    13
     -0.0650640603 a       434     0    22     1    14
     -0.2707543473 a       435     0    22     1    15
      0.1706559015 a       436     0    22     1    16
      0.4236159420 a       437     0    22     1    17
     -0.2597045432 a       438     0    22     1    18
     -0.2896883637 a       439     0    22     1    19
     -0.0980524707 a       440     0    22     1    20
      0.0188820020 a       441     0    23     1     1
     -0.3789122245 a       442     0    23     1     2
      0.0031175856 a       443     0    23     1     3
     -0.2958766256 a       444     0    23     1     4
      0.4332384748 a       445     0    23     1     5
      0.4531713687 a       446     0    23     1     6
      0.0559541989 a       447     0    23     1     7
      0.4676327420 a       448     0    23     1     8
     -0.2230495583 a       449     0    23     1     9
      0.4172712117 a       450     0    23     1    10
     -0.0924298269 a       451     0    23     1    11
     -0.1578688679 a       452     0    23     1    12
      0.3651060794 a       453     0    23     1    13
      0.2344476224 a       454     0    23     1    14
     -0.2158356382 a       455     0    23     1    15
      0.2281497350 a       456     0    23     1    16
      0.2619843790 a       457     0    23     1    17
      0.1107374155 a       458     0    23     1    18
     -0.2527161637 a       459     0    23     1    19
      0.2152733690 a       460     0    23     1    20
      0.2349989865 a       461     0    24     1     1
      0.1002912886 a       462     0    24     1     2
     -0.0604397572 a       463     0    24     1     3
      0.4550047630 a       464     0    24     1     4
      0.2876653688 a       465     0    24     1     5
     -0.3966694331 a       466     0    24     1     6
      0.2323067519 a       467     0    24     1     7
      0.1605950892 a       468     0    24     1     8
     -0.0526599170 a       469     0    24     1     9
     -0.0775911179 a       470     0    24     1    10
      0.2792053905 a       471     0    24     1    11
      0.1986387853 a       472     0    24     1    12
      0.1710246138 a       473     0    24     1    13
     -0.0944918370 a       474     0    24     1    14
     -0.4852921338 a       475     0    24     1    15
     -0.3809422813 a       476     0    24     1    16
      0.1452465976 a       477     0    24     1    17
     -0.1029284870 a       478     0    24     1    18
     -0.4040174105 a       479     0    24     1    19
      0.3779277225 a       480     0    24     1    20
      0.4033538196 a       481     0    25     1     1
      0.4374925711 a       482     0    25     1     2
     -0.2744529741 a       483     0    25     1     3
     -0.3796157258 a       484     0    25     1     4
      0.3759459256 a       485     0    25     1     5
     -0.3807984403 a       486     0    25     1     6
      0.2112865562 a       487     0    25     1     7
     -0.1589698192 a       488     0    25     1     8
     -0.2159428088 a       489     0    25     1     9
      0.3365790316 a       490     0    25     1    10
      0.2662942324 a       491     0    25     1    11
      0.1573673908 a       492     0    25     1    12
     -0.1323104440 a       493     0    25     1    13
      0.1374509926 a       494     0    25     1    14
      0.0721791055 a       495     0    25     1    15
      0.2254740873 a       496     0    25     1    16
      0.0710840299 a       497     0    25     1    17
     -0.2219856821 a       498     0    25     1    18
      0.0479801312 a       499     0    25     1    19
      0.3158582344 a       500     0    25     1    20
      0.0384514853 a       501     0    26     1     1
     -0.1684913767 a       502     0    26     1     2
      0.2006328726 a       503     0    26     1     3
      0.2596783772 a       504     0    26     1     4
     -0.0574775971 a       505     0    26     1     5
      0.2918016481 a       506     0    26     1     6
      0.3317035845 a       507     0    26     1     7
     -0.2926897583 a       508     0    26     1     8
      0.4235289618 a       509     0    26     1     9
      0.1416126908 a       510     0    26     1    10
     -0.1094323101 a       511     0    26     1    11
      0.3194204753 a       512     0    26     1    12
     -0.1667206909 a       513     0    26     1    13
     -0.1196237139 a       514     0    26     1    14
      0.2094569888 a       515     0    26     1    15
     -0.0292646323 a       516     0    26     1    16
      0.3960788020 a       517     0    26     1    17
      0.1484085882 a       518     0    26     1    18
     -0.3322133903 a       519     0    26     1    19
      0.3994213870 a       520     0    26     1    20
     -0.1218400545 a       521     0    27     1     1
      0.1974908105 a       522     0    27     1     2
      0.3414411601 a       523     0    27     1     3
      0.0374133217 a       524     0    27     1     4
      0.2143487935 a       525     0    27     1     5
      0.2877360290 a       526     0    27     1     6
      0.3918555562 a       527     0    27     1     7
     -0.1730865484 a       528     0    27     1     8
      0.5404009523 a       529     0    27     1     9
     -0.2228768449 a       530     0    27     1    10
      0.1945121844 a       531     0    27     1    11
     -0.3039160913 a       532     0    27     1    12
     -0.0644155687 a       533     0    27     1    13
     -0.0284638106 a       534     0    27     1    14
     -0.2338280549 a       535     0    27     1    15
     -0.4635614632 a       536     0    27     1    16
     -0.2375780218 a       537     0    27     1    17
      0.3241763675 a       538     0    27     1    18
      0.2673881072 a       539     0    27     1    19
     -0.0386738404 a       540     0    27     1    20
      0.1726808063 a       541     0    28     1     1
      0.3956220842 a       542     0    28     1     2
     -0.1782402470 a       543     0    28     1     3
      0.1261932361 a       544     0    28     1     4
     -0.2462114021 a       545     0    28     1     5
      0.3799390621 a       546     0    28     1     6
     -0.4068838103 a       547     0    28     1     7
      0.2861052282 a       548     0    28     1     8
     -0.0579423902 a       549     0    28     1     9
      0.4096751280 a       550     0    28     1    10
      0.2799750426 a       551     0    28     1    11
     -0.2355511666 a       552     0    28     1    12
     -0.1905052523 a       553     0    28     1    13
      0.1662537666 a       554     0    28     1    14
      0.4206258363 a       555     0    28     1    15
     -0.0457639041 a       556     0    28     1    16
      0.5131110054 a       557     0    28     1    17
     -0.0872754354 a       558     0    28     1    18
     -0.3925160142 a       559     0    28     1    19
     -0.4221873872 a       560     0    28     1    20
      0.4408025462 a       561     0    29     1     1
      0.2420507212 a       562     0    29     1     2
     -0.2964843633 a       563     0    29     1     3
     -0.0738856712 a       564     0    29     1     4
     -0.1923862126 a       565     0    29     1     5
     -0.1814776076 a       566     0    29     1     6
     -0.2521244915 a       567     0    29     1     7
      0.0642908873 a       568     0    29     1     8
     -0.4851964993 a       569     0    29     1     9
      0.4143851493 a       570     0    29     1    10
     -0.2736425125 a       571     0    29     1    11
      0.4679485151 a       572     0    29     1    12
      0.1843356027 a       573     0    29     1    13
      0.0157049341 a       574     0    29     1    14
      0.0032627534 a       575     0    29     1    15
      0.0710357671 a       576     0    29     1    16
     -0.2056943153 a       577     0    29     1    17
      0.1975175357 a       578     0    29     1    18
     -0.1545737124 a       579     0    29     1    19
     -0.2540015946 a       580     0    29     1    20
     -0.2769846813 a       581     0    30     1     1
      0.3554871332 a       582     0    30     1     2
      0.1505575949 a       583     0    30     1     3
      0.3264715160 a       584     0    30     1     4
      0.4556767697 a       585     0    30     1     5
      0.3389456431 a       586     0    30     1     6
     -0.2959596333 a       587     0    30     1     7
     -0.4391755172 a       588     0    30     1     8
     -0.0941392392 a       589     0    30     1     9
     -0.3377802676 a       590     0    30     1    10
     -0.3917107537 a       591     0    30     1    11
     -0.2379115329 a       592     0    30     1    12
     -0.4737734948 a       593     0    30     1    13
     -0.2272141905 a       594     0    30     1    14
     -0.3179637769 a       595     0    30     1    15
      0.1309742620 a       596     0    30     1    16
     -0.0960899189 a       597     0    30     1    17
      0.2316437743 a       598     0    30     1    18
      0.0435604224 a       599     0    30     1    19
     -0.3692527853 a       600     0    30     1    20
     -0.3834376924 a       601     0    31     1     1
      0.3119106514 a       602     0    31     1     2
     -0.3815959575 a       603     0    31     1     3
     -0.0046166668 a       604     0    31     1     4
     -0.0798703563 a       605     0    31     1     5
     -0.0351272428 a       606     0    31     1     6
      0.0480127024 a       607     0    31     1     7
      0.1946855462 a       608     0    31     1     8
      0.2731726958 a       609     0    31     1     9
     -0.2437364873 a       610     0    31     1    10
     -0.2617444669 a       611     0    31     1    11
     -0.2407023185 a       612     0    31     1    12
      0.4312822804 a       613     0    31     1    13
     -0.3022185412 a       614     0    31     1    14
     -0.0365618050 a       615     0    31     1    15
     -0.1211544134 a       616     0    31     1    16
      0.1012944796 a       617     0    31     1    17
      0.4335039333 a       618     0    31     1    18
      0.1505120926 a       619     0    31     1    19
     -0.0824281161 a       620     0    31     1    20
      1.2882481798 b       621     1     1
      0.7142584377 b       622     1     2
     -1.0369930816 b       623     1     3
      0.0785729852 b       624     1     4
     -0.0623824701 b       625     1     5
      1.4594557682 b       626     1     6
      0.2277639421 b       627     1     7
     -0.6718006483 b       628     1     8
     -0.3597475922 b       629     1     9
      1.0667185479 b       630     1    10
      1.1685570258 b       631     1    11
      1.1532726772 b       632     1    12
      1.5018053766 b       633     1    13
      0.5988915127 b       634     1    14
     -0.8075450634 b       635     1    15
     -0.6533364773 b       636     1    16
      1.1434795636 b       637     1    17
     -0.2124040311 b       638     1    18
      0.3501220224 b       639     1    19
      1.0034804344 b       640     1    20
      0.1108302658 a       641     1     1     2     1
      0.0552048717 a       642     1     1     2     2
     -0.1195037454 a       643     1     1     2     3
     -0.5064155971 a       644     1     1     2     4
     -0.4406542177 a       645     1     1     2     5
      0.1301943671 a       646     1     1     2     6
     -0.0042211118 a       647     1     1     2     7
      0.2724636085 a       648     1     1     2     8
      0.2083166450 a       649     1     1     2     9
      0.5371181424 a       650     1     1     2    10
     -0.6304132753 a       651     1     1     2    11
     -0.2774277912 a       652     1     1     2    12
      0.3023910496 a       653     1     1     2    13
      0.1530157521 a       654     1     1     2    14
     -0.1258050478 a       655     1     1     2    15
     -0.3004476684 a       656     1     1     2    16
      0.1303516585 a       657     1     1     2    17
      0.5413188777 a       658     1     1     2    18
     -0.1777578429 a       659     1     1     2    19
      0.2340578657 a       660     1     1     2    20
      0.2335889968 a       661     1     2     2     1
      0.5470050455 a       662     1     2     2     2
     -0.3787033300 a       663     1     2     2     3
     -0.5702699236 a       664     1     2     2     4
     -0.1197385832 a       665     1     2     2     5
      0.0156870446 a       666     1     2     2     6
     -0.2940540501 a       667     1     2     2     7
     -0.5221938563 a       668     1     2     2     8
      0.1433700000 a       669     1     2     2     9
      0.0209943931 a       670     1     2     2    10
      0.4023123230 a       671     1     2     2    11
     -0.0696256082 a       672     1     2     2    12
     -0.2217190783 a       673     1     2     2    13
     -0.4708674422 a       674     1     2     2    14
      0.3908354930 a       675     1     2     2    15
      0.4705482798 a       676     1     2     2    16
      0.5384745047 a       677     1     2     2    17
      0.1543620840 a       678     1     2     2    18
      0.4575037559 a       679     1     2     2    19
     -0.2559673176 a       680     1     2     2    20
     -0.2071338820 a       681     1     3     2     1
      0.1957195868 a       682     1     3     2     2
      0.4119059915 a       683     1     3     2     3
     -0.1514918795 a       684     1     3     2     4
      0.0370469494 a       685     1     3     2     5
     -0.4943371486 a       686     1     3     2     6
      0.0388642091 a       687     1     3     2     7
     -0.2648962682 a       688     1     3     2     8
     -0.3311257524 a       689     1     3     2     9
      0.4681047023 a       690     1     3     2    10
     -0.3747474545 a       691     1     3     2    11
      0.4296983126 a       692     1     3     2    12
     -0.4853260782 a       693     1     3     2    13
      0.5774119063 a       694     1     3     2    14
      0.4266943092 a       695     1     3     2    15
     -0.5719549789 a       696     1     3     2    16
      0.4320281669 a       697     1     3     2    17
     -0.0472946042 a       698     1     3     2    18
      0.5239516041 a       699     1     3     2    19
      0.5326673257 a       700     1     3     2    20
      0.4537801952 a       701     1     4     2     1
     -0.4449963547 a       702     1     4     2     2
     -0.0405017272 a       703     1     4     2     3
      0.4070613520 a       704     1     4     2     4
      0.1852630098 a       705     1     4     2     5
     -0.0910143975 a       706     1     4     2     6
      0.4585157381 a       707     1     4     2     7
      0.2936932586 a       708     1     4     2     8
      0.5375714810 a       709     1     4     2     9
     -0.5323426334 a       710     1     4     2    10
     -0.0480138523 a       711     1     4     2    11
     -0.1533741962 a       712     1     4     2    12
      0.5226278414 a       713     1     4     2    13
     -0.4544121307 a       714     1     4     2    14
      0.1649812454 a       715     1     4     2    15
      0.1036867654 a       716     1     4     2    16
     -0.2605617594 a       717     1     4     2    17
     -0.1523099374 a       718     1     4     2    18
     -0.2813173486 a       719     1     4     2    19
     -0.4284553084 a       720     1     4     2    20
      0.3379733557 a       721     1     5     2     1
      0.0959719138 a       722     1     5     2     2
     -0.3017086937 a       723     1     5     2     3
     -0.1332105804 a       724     1     5     2     4
     -0.1079569960 a       725     1     5     2     5
      0.5765233476 a       726     1     5     2     6
     -0.5035298118 a       727     1     5     2     7
     -0.4010604563 a       728     1     5     2     8
      0.4179752804 a       729     1     5     2     9
      0.0697280808 a       730     1     5     2    10
     -0.2729416161 a       731     1     5     2    11
     -0.4305985374 a       732     1     5     2    12
     -0.2492940977 a       733     1     5     2    13
      0.1720937843 a       734     1     5     2    14
     -0.2582521189 a       735     1     5     2    15
     -0.6757585691 a       736     1     5     2    16
      0.0304112651 a       737     1     5     2    17
      0.3778792520 a       738     1     5     2    18
     -0.2478539941 a       739     1     5     2    19
     -0.2996273948 a       740     1     5     2    20
      0.3067298471 a       741     1     6     2     1
      0.4031976103 a       742     1     6     2     2
      0.5785994181 a       743     1     6     2     3
     -0.4579118700 a       744     1     6     2     4
     -0.5132602919 a       745     1     6     2     5
     -0.5743238651 a       746     1     6     2     6
     -0.4465622024 a       747     1     6     2     7
     -0.1664250078 a       748     1     6     2     8
      0.4585738074 a       749     1     6     2     9
      0.4325629854 a       750     1     6     2    10
     -0.5845429066 a       751     1     6     2    11
     -0.1524921621 a       752     1     6     2    12
      0.0203506704 a       753     1     6     2    13
     -0.4706339528 a       754     1     6     2    14
      0.5566116536 a       755     1     6     2    15
      0.3832042375 a       756     1     6     2    16
      0.3408452701 a       757     1     6     2    17
     -0.4913384094 a       758     1     6     2    18
     -0.1494838065 a       759     1     6     2    19
      0.1971000157 a       760     1     6     2    20
      0.1207882784 a       761     1     7     2     1
      0.2725652257 a       762     1     7     2     2
     -0.4983482874 a       763     1     7     2     3
     -0.4669451194 a       764     1     7     2     4
      0.4942876741 a       765     1     7     2     5
     -0.1261482285 a       766     1     7     2     6
     -0.2747499169 a       767     1     7     2     7
     -0.0244297989 a       768     1     7     2     8
      0.4136480912 a       769     1     7     2     9
     -0.0190493921 a       770     1     7     2    10
      0.3628201107 a       771     1     7     2    11
     -0.5907213867 a       772     1     7     2    12
     -0.1801116976 a       773     1     7     2    13
      0.4046709231 a       774     1     7     2    14
      0.4360999420 a       775     1     7     2    15
      0.0300370554 a       776     1     7     2    16
      0.1617163339 a       777     1     7     2    17
      0.1302384594 a       778     1     7     2    18
      0.1511890298 a       779     1     7     2    19
      0.1638450796 a       780     1     7     2    20
      0.5252754704 a       781     1     8     2     1
      0.5159413991 a       782     1     8     2     2
      0.5882192734 a       783     1     8     2     3
      0.2910897700 a       784     1     8     2     4
      0.1417176814 a       785     1     8     2     5
     -0.3880177907 a       786     1     8     2     6
     -0.3531138384 a       787     1     8     2     7
      0.3877103081 a       788     1     8     2     8
      0.3585220368 a       789     1     8     2     9
     -0.3011753777 a       790     1     8     2    10
      0.5861078799 a       791     1     8     2    11
     -0.1967055928 a       792     1     8     2    12
      0.5685833491 a       793     1     8     2    13
      0.3442231285 a       794     1     8     2    14
     -0.5807874130 a       795     1     8     2    15
      0.3077653077 a       796     1     8     2    16
      0.4769813591 a       797     1     8     2    17
     -0.4361203549 a       798     1     8     2    18
      0.5394268416 a       799     1     8     2    19
      0.2165892013 a       800     1     8     2    20
      0.4706968888 a       801     1     9     2     1
      0.1837124484 a       802     1     9     2     2
     -0.1285136121 a       803     1     9     2     3
     -0.4606614770 a       804     1     9     2     4
      0.4433141412 a       805     1     9     2     5
      0.4252966971 a       806     1     9     2     6
     -0.3759667634 a       807     1     9     2     7
     -0.3919113328 a       808     1     9     2     8
      0.3625710803 a       809     1     9     2     9
      0.4454972586 a       810     1     9     2    10
      0.1164074384 a       811     1     9     2    11
      0.0462062322 a       812     1     9     2    12
      0.4957057379 a       813     1     9     2    13
      0.3562803313 a       814     1     9     2    14
     -0.2899542534 a       815     1     9     2    15
     -0.2365108038 a       816     1     9     2    16
     -0.2971639349 a       817     1     9     2    17
      0.0912435713 a       818     1     9     2    18
     -0.1865859761 a       819     1     9     2    19
     -0.4004663976 a       820     1     9     2    20
      0.1940570429 a       821     1    10     2     1
      0.2486588847 a       822     1    10     2     2
      0.1341823362 a       823     1    10     2     3
     -0.1162998734 a       824     1    10     2     4
      0.5406516754 a       825     1    10     2     5
     -0.5309989961 a       826     1    10     2     6
     -0.4860796845 a       827     1    10     2     7
      0.5638878450 a       828     1    10     2     8
      0.0240058139 a       829     1    10     2     9
     -0.5852955083 a       830     1    10     2    10
      0.3213622503 a       831     1    10     2    11
      0.1400493024 a       832     1    10     2    12
     -0.1235524724 a       833     1    10     2    13
     -0.1492152683 a       834     1    10     2    14
      0.4834647883 a       835     1    10     2    15
      0.3256852300 a       836     1    10     2    16
      0.3056355843 a       837     1    10     2    17
      0.2976822830 a       838     1    10     2    18
      0.4740620688 a       839     1    10     2    19
     -0.5760925978 a       840     1    10     2    20
     -0.5127616695 a       841     1    11     2     1
      0.1325838297 a       842     1    11     2     2
      0.1013664876 a       843     1    11     2     3
      0.4206165343 a       844     1    11     2     4
     -0.2670335628 a       845     1    11     2     5
     -0.6104298727 a       846     1    11     2     6
      0.3287310942 a       847     1    11     2     7
      0.4296406632 a       848     1    11     2     8
      0.5243325843 a       849     1    11     2     9
      0.2997557954 a       850     1    11     2    10
      0.2351063615 a       851     1    11     2    11
     -0.3462940743 a       852     1    11     2    12
     -0.5214020073 a       853     1    11     2    13
      0.3657646503 a       854     1    11     2    14
      0.0819411786 a       855     1    11     2    15
     -0.1439643756 a       856     1    11     2    16
     -0.4004572669 a       857     1    11     2    17
     -0.5250080248 a       858     1    11     2    18
     -0.4061816595 a       859     1    11     2    19
      0.3171826585 a       860     1    11     2    20
      0.3926642360 a       861     1    12     2     1
      0.3951462261 a       862     1    12     2     2
      0.2018688954 a       863     1    12     2     3
      0.2713972313 a       864     1    12     2     4
     -0.2644515949 a       865     1    12     2     5
      0.0282951471 a       866     1    12     2     6
      0.3541239024 a       867     1    12     2     7
     -0.1549774270 a       868     1    12     2     8
      0.4255105784 a       869     1    12     2     9
     -0.3472571847 a       870     1    12     2    10
     -0.0860660731 a       871     1    12     2    11
      0.6375994167 a       872     1    12     2    12
      0.4518607544 a       873     1    12     2    13
     -0.3562570213 a       874     1    12     2    14
     -0.1205868138 a       875     1    12     2    15
      0.1822711956 a       876     1    12     2    16
      0.3755005663 a       877     1    12     2    17
     -0.6599070422 a       878     1    12     2    18
      0.2442951818 a       879     1    12     2    19
     -0.4450105123 a       880     1    12     2    20
      0.2555241263 a       881     1    13     2     1
     -0.4906674918 a       882     1    13     2     2
     -0.3814350164 a       883     1    13     2     3
      0.4263736133 a       884     1    13     2     4
     -0.3694751684 a       885     1    13     2     5
     -0.2494804697 a       886     1    13     2     6
     -0.4498681855 a       887     1    13     2     7
      0.4317964569 a       888     1    13     2     8
     -0.5051588995 a       889     1    13     2     9
      0.0039993402 a       890     1    13     2    10
     -0.1184761051 a       891     1    13     2    11
      0.2500263769 a       892     1    13     2    12
     -0.1999873981 a       893     1    13     2    13
      0.1422547903 a       894     1    13     2    14
      0.6226253529 a       895     1    13     2    15
      0.2843994852 a       896     1    13     2    16
      0.0888189229 a       897     1    13     2    17
      0.1475913033 a       898     1    13     2    18
      0.1326083462 a       899     1    13     2    19
      0.3189863153 a       900     1    13     2    20
     -0.5284998693 a       901     1    14     2     1
     -0.0259078283 a       902     1    14     2     2
      0.0081991081 a       903     1    14     2     3
      0.3824062352 a       904     1    14     2     4
     -0.5142010455 a       905     1    14     2     5
     -0.1536192248 a       906     1    14     2     6
     -0.3675332739 a       907     1    14     2     7
     -0.2314200562 a       908     1    14     2     8
      0.2217707084 a       909     1    14     2     9
     -0.1326853487 a       910     1    14     2    10
      0.2244543268 a       911     1    14     2    11
     -0.5251532711 a       912     1    14     2    12
      0.5114642810 a       913     1    14     2    13
     -0.2793336542 a       914     1    14     2    14
     -0.5291550083 a       915     1    14     2    15
      0.1592357764 a       916     1    14     2    16
      0.5701932911 a       917     1    14     2    17
      0.6824822836 a       918     1    14     2    18
     -0.3092461116 a       919     1    14     2    19
      0.3363853513 a       920     1    14     2    20
      0.2851594040 a       921     1    15     2     1
     -0.4685662921 a       922     1    15     2     2
      0.5954273482 a       923     1    15     2     3
     -0.1593543337 a       924     1    15     2     4
      0.1694950499 a       925     1    15     2     5
      0.0651855729 a       926     1    15     2     6
     -0.3566113192 a       927     1    15     2     7
     -0.1316003086 a       928     1    15     2     8
      0.2173157476 a       929     1    15     2     9
     -0.2069126299 a       930     1    15     2    10
      0.2599734597 a       931     1    15     2    11
     -0.2721957862 a       932     1    15     2    12
      0.3014303668 a       933     1    15     2    13
     -0.4218799972 a       934     1    15     2    14
     -0.1322112717 a       935     1    15     2    15
     -0.0894550408 a       936     1    15     2    16
     -0.4628286642 a       937     1    15     2    17
     -0.3223745779 a       938     1    15     2    18
      0.4749118374 a       939     1    15     2    19
      0.3149278114 a       940     1    15     2    20
      0.4327507631 a       941     1    16     2     1
     -0.4035169011 a       942     1    16     2     2
      0.4005892744 a       943     1    16     2     3
     -0.3647854020 a       944     1    16     2     4
      0.2331107879 a       945     1    16     2     5
      0.2034337107 a       946     1    16     2     6
      0.3211204363 a       947     1    16     2     7
      0.2722216211 a       948     1    16     2     8
      0.2039093071 a       949     1    16     2     9
     -0.4982006406 a       950     1    16     2    10
     -0.1654606565 a       951     1    16     2    11
     -0.1885582617 a       952     1    16     2    12
     -0.2766801806 a       953     1    16     2    13
      0.3410462732 a       954     1    16     2    14
      0.2211510218 a       955     1    16     2    15
      0.1656565154 a       956     1    16     2    16
      0.5202360669 a       957     1    16     2    17
     -0.1483056927 a       958     1    16     2    18
      0.4682613251 a       959     1    16     2    19
      0.3701399687 a       960     1    16     2    20
      0.3232034661 a       961     1    17     2     1
     -0.1348412061 a       962     1    17     2     2
     -0.6097520701 a       963     1    17     2     3
      0.2881317002 a       964     1    17     2     4
     -0.0143599978 a       965     1    17     2     5
      0.4610713748 a       966     1    17     2     6
      0.1006554487 a       967     1    17     2     7
     -0.5743502492 a       968     1    17     2     8
      0.1715716080 a       969     1    17     2     9
     -0.4384086121 a       970     1    17     2    10
      0.6192177881 a       971     1    17     2    11
     -0.5788577065 a       972     1    17     2    12
      0.1912794379 a       973     1    17     2    13
      0.5381750758 a       974     1    17     2    14
     -0.2505468996 a       975     1    17     2    15
      0.0535038975 a       976     1    17     2    16
      0.0983747673 a       977     1    17     2    17
     -0.0082674086 a       978     1    17     2    18
      0.3567338511 a       979     1    17     2    19
      0.3967133288 a       980     1    17     2    20
     -0.0819297175 a       981     1    18     2     1
      0.5461584496 a       982     1    18     2     2
     -0.2581450372 a       983     1    18     2     3
      0.2510471683 a       984     1    18     2     4
      0.4294426667 a       985     1    18     2     5
      0.0539185694 a       986     1    18     2     6
      0.1725226117 a       987     1    18     2     7
      0.5143040778 a       988     1    18     2     8
      0.2660247841 a       989     1    18     2     9
      0.2395493576 a       990     1    18     2    10
      0.5281327413 a       991     1    18     2    11
      0.2341125844 a       992     1    18     2    12
     -0.2347649263 a       993     1    18     2    13
     -0.1672411938 a       994     1    18     2    14
      0.1584260847 a       995     1    18     2    15
     -0.6374044688 a       996     1    18     2    16
      0.3045155719 a       997     1    18     2    17
      0.3511380829 a       998     1    18     2    18
      0.4102659356 a       999     1    18     2    19
     -0.4045272882 a      1000     1    18     2    20
      0.4230850690 a      1001     1    19     2     1
      0.5590939394 a      1002     1    19     2     2
     -0.3320647311 a      1003     1    19     2     3
      0.4520011613 a      1004     1    19     2     4
      0.5695598422 a      1005     1    19     2     5
     -0.5461558688 a      1006     1    19     2     6
     -0.4162441489 a      1007     1    19     2     7
     -0.3704146676 a      1008     1    19     2     8
      0.4789807791 a      1009     1    19     2     9
      0.3374472223 a      1010     1    19     2    10
      0.2231913096 a      1011     1    19     2    11
      0.0136873991 a      1012     1    19     2    12
      0.0264847323 a      1013     1    19     2    13
     -0.0094805381 a      1014     1    19     2    14
      0.4502063777 a      1015     1    19     2    15
      0.1404849499 a      1016     1    19     2    16
      0.5521320422 a      1017     1    19     2    17
     -0.2286968832 a      1018     1    19     2    18
     -0.1221116362 a      1019     1    19     2    19
     -0.5282343553 a      1020     1    19     2    20
      0.4926735732 a      1021     1    20     2     1
      0.2737492349 a      1022     1    20     2     2
     -0.0052556242 a      1023     1    20     2     3
     -0.1432490337 a      1024     1    20     2     4
     -0.4984767246 a      1025     1    20     2     5
      0.2581359332 a      1026     1    20     2     6
      0.5601359851 a      1027     1    20     2     7
      0.2111892367 a      1028     1    20     2     8
     -0.4347618047 a      1029     1    20     2     9
     -0.3942201948 a      1030     1    20     2    10
      0.0132348005 a      1031     1    20     2    11
      0.6046165377 a      1032     1    20     2    12
      0.5231162172 a      1033     1    20     2    13
      0.4586447938 a      1034     1    20     2    14
     -0.0030474470 a      1035     1    20     2    15
      0.7129965772 a      1036     1    20     2    16
     -0.0909066603 a      1037     1    20     2    17
      0.3277987597 a      1038     1    20     2    18
     -0.5460031518 a      1039     1    20     2    19
     -0.0874002258 a      1040     1    20     2    20
     -0.7270876329 b      1041     2     1
     -0.6202863034 b      1042     2     2
     -1.3077970548 b      1043     2     3
     -1.0828412558 b      1044     2     4
      0.4705703283 b      1045     2     5
     -0.3284044560 b      1046     2     6
     -0.5896399047 b      1047     2     7
      0.6813454464 b      1048     2     8
      1.3949100194 b      1049     2     9
     -0.0849341450 b      1050     2    10
      1.4976850339 b      1051     2    11
     -0.3967749078 b      1052     2    12
      0.7517935412 b      1053     2    13
      0.6485860562 b      1054     2    14
      1.0324261486 b      1055     2    15
      0.5280279044 b      1056     2    16
      0.9105471782 b      1057     2    17
      0.7215926440 b      1058     2    18
      0.6145309789 b      1059     2    19
     -0.5756891215 b      1060     2    20
      0.0303477501 a      1061     2     1     3     1
     -0.0177524369 a      1062     2     2     3     1
     -0.0061034579 a      1063     2     3     3     1
      0.0124126332 a      1064     2     4     3     1
      0.0179711859 a      1065     2     5     3     1
      0.0188088517 a      1066     2     6     3     1
     -0.0005016199 a      1067     2     7     3     1
     -0.0192885322 a      1068     2     8     3     1
      0.0204988920 a      1069     2     9     3     1
      0.0200334051 a      1070     2    10     3     1
      0.0000268985 a      1071     2    11     3     1
      0.0001709174 a      1072     2    12     3     1
      0.0087634659 a      1073     2    13     3     1
      0.0210771045 a      1074     2    14     3     1
      0.0226715157 a      1075     2    15     3     1
     -0.0016508698 a      1076     2    16     3     1
      0.0219580593 a      1077     2    17     3     1
     -0.0032067200 a      1078     2    18     3     1
      0.0068070732 a      1079     2    19     3     1
     -0.0043944141 a      1080     2    20     3     1
     19.6486118037 b      1081     3     1
