     -0.0362719824 a         1     0     1     1     1
      0.4369952926 a         2     0     1     1     2
      0.0507037215 a         3     0     1     1     3
     -0.3733696197 a         4     0     1     1     4
     -0.2047027593 a         5     0     1     1     5
      0.2355601070 a         6     0     1     1     6
     -0.1228328811 a         7     0     1     1     7
      0.1883742603 a         8     0     1     1     8
     -0.3609301965 a         9     0     1     1     9
      0.0157110863 a        10     0     1     1    10
     -0.0590731607 a        11     0     1     1    11
      0.0562648525 a        12     0     1     1    12
     -0.3418216296 a        13     0     1     1    13
     -0.0983740406 a        14     0     1     1    14
      0.1890785855 a        15     0     1     1    15
      0.0273368929 a        16     0     1     1    16
      0.1289607664 a        17     0     1     1    17
     -0.3582150566 a        18     0     1     1    18
     -0.2919644573 a        19     0     1     1    19
     -0.0907503757 a        20     0     1     1    20
     -0.2479100014 a        21     0     2     1     1
      0.2309055668 a        22     0     2     1     2
      0.0934610895 a        23     0     2     1     3
     -0.2022749439 a        24     0     2     1     4
     -0.3403247099 a        25     0     2     1     5
     -0.4237974799 a        26     0     2     1     6
      0.1207266957 a        27     0     2     1     7
      0.3713824744 a        28     0     2     1     8
     -0.1028773939 a        29     0     2     1     9
     -0.2128347296 a        30     0     2     1    10
      0.2878959568 a        31     0     2     1    11
     -0.3159479098 a        32     0     2     1    12
      0.0835503148 a        33     0     2     1    13
      0.0329921958 a        34     0     2     1    14
      0.5313403227 a        35     0     2     1    15
     -0.2297837025 a        36     0     2     1    16
      0.2747197514 a        37     0     2     1    17
      0.1643989354 a        38     0     2     1    18
     -0.1492544770 a        39     0     2     1    19
      0.2984339627 a        40     0     2     1    20
     -0.0746486598 a        41     0     3     1     1
     -0.0106976973 a        42     0     3     1     2
      0.3760763054 a        43     0     3     1     3
      0.3797626610 a        44     0     3     1     4
     -0.0324112000 a        45     0     3     1     5
      0.1442603739 a        46     0     3     1     6
      0.4745611847 a        47     0     3     1     7
      0.4269096558 a        48     0     3     1     8
      0.1379019936 a        49     0     3     1     9
      0.1230990973 a        50     0     3     1    10
     -0.4016532957 a        51     0     3     1    11
     -0.3148344205 a        52     0     3     1    12
     -0.1236138508 a        53     0     3     1    13
      0.0901211733 a        54     0     3     1    14
     -0.2224594688 a        55     0     3     1    15
     -0.3566867487 a        56     0     3     1    16
     -0.0714414946 a        57     0     3     1    17
      0.1132283967 a        58     0     3     1    18
      0.1852524734 a        59     0     3     1    19
      0.0232894247 a        60     0     3     1    20
     -0.0138750451 a        61     0     4     1     1
     -0.2995552170 a        62     0     4     1     2
     -0.2725407330 a        63     0     4     1     3
     -0.2582209138 a        64     0     4     1     4
      0.2196523781 a        65     0     4     1     5
     -0.2163463003 a        66     0     4     1     6
      0.3145515215 a        67     0     4     1     7
     -0.2121824339 a        68     0     4     1     8
      0.0531235991 a        69     0     4     1     9
      0.2228754457 a        70     0     4     1    10
     -0.3107516290 a        71     0     4     1    11
     -0.2711509278 a        72     0     4     1    12
      0.3731754972 a        73     0     4     1    13
     -0.4709258088 a        74     0     4     1    14
      0.1416194908 a        75     0     4     1    15
      0.4546664520 a        76     0     4     1    16
     -0.3796804280 a        77     0     4     1    17
     -0.4026870143 a        78     0     4     1    18
     -0.3521755712 a        79     0     4     1    19
      0.2028528837 a        80     0     4     1    20
     -0.0964785774 a        81     0     5     1     1
     -0.1903668850 a        82     0     5     1     2
      0.3347022154 a        83     0     5     1     3
     -0.4231275865 a        84     0     5     1     4
      0.1589107897 a        85     0     5     1     5
     -0.4081112630 a        86     0     5     1     6
      0.1715912782 a        87     0     5     1     7
     -0.1074322621 a        88     0     5     1     8
     -0.4424295368 a        89     0     5     1     9
     -0.3035547239 a        90     0     5     1    10
     -0.0194451628 a        91     0     5     1    11
     -0.2592036875 a        92     0     5     1    12
      0.0055186470 a        93     0     5     1    13
     -0.3647870853 a        94     0     5     1    14
     -0.3755502176 a        95     0     5     1    15
     -0.0572972884 a        96     0     5     1    16
     -0.2533893445 a        97     0     5     1    17
     -0.0661888990 a        98     0     5     1    18
     -0.3930392685 a        99     0     5     1    19
     -0.1480584027 a       100     0     5     1    20
     -0.2390863316 a       101     0     6     1     1
      0.3657396208 a       102     0     6     1     2
     -0.0717275595 a       103     0     6     1     3
      0.3495267105 a       104     0     6     1     4
      0.4487736282 a       105     0     6     1     5
      0.3714486632 a       106     0     6     1     6
     -0.0428778596 a       107     0     6     1     7
      0.1549393303 a       108     0     6     1     8
     -0.1965438665 a       109     0     6     1     9
      0.1228303859 a       110     0     6     1    10
     -0.4476996740 a       111     0     6     1    11
     -0.3680078935 a       112     0     6     1    12
      0.1880317581 a       113     0     6     1    13
      0.5013083913 a       114     0     6     1    14
     -0.5256112408 a       115     0     6     1    15
      0.4016922683 a       116     0     6     1    16
     -0.1408115539 a       117     0     6     1    17
      0.3766014124 a       118     0     6     1    18
     -0.2932955306 a       119     0     6     1    19
     -0.4451567200 a       120     0     6     1    20
     -0.1377072686 a       121     0     7     1     1
     -0.3972876785 a       122     0     7     1     2
     -0.4612274433 a       123     0     7     1     3
     -0.0624319312 a       124     0     7     1     4
      0.2582525368 a       125     0     7     1     5
      0.1002614670 a       126     0     7     1     6
      0.1154591233 a       127     0     7     1     7
      0.4706497003 a       128     0     7     1     8
     -0.1993842719 a       129     0     7     1     9
      0.3156686808 a       130     0     7     1    10
      0.4590213222 a       131     0     7     1    11
     -0.4348773864 a       132     0     7     1    12
     -0.0891753260 a       133     0     7     1    13
      0.1208286647 a       134     0     7     1    14
      0.1836533936 a       135     0     7     1    15
     -0.1502196428 a       136     0     7     1    16
     -0.2739161655 a       137     0     7     1    17
      0.3866181006 a       138     0     7     1    18
      0.2043318994 a       139     0     7     1    19
      0.3678934935 a       140     0     7     1    20
     -0.2886340036 a       141     0     8     1     1
     -0.2544196543 a       142     0     8     1     2
     -0.2740089404 a       143     0     8     1     3
     -0.0135255338 a       144     0     8     1     4
     -0.4572059624 a       145     0     8     1     5
     -0.1102355037 a       146     0     8     1     6
     -0.1140328104 a       147     0     8     1     7
      0.0154787623 a       148     0     8     1     8
     -0.2534585149 a       149     0     8     1     9
      0.2218361346 a       150     0     8     1    10
     -0.3892268683 a       151     0     8     1    11
     -0.1800700731 a       152     0     8     1    12
     -0.3140499288 a       153     0     8     1    13
     -0.3597788549 a       154     0     8     1    14
      0.2020914284 a       155     0     8     1    15
      0.1390461733 a       156     0     8     1    16
      0.2873326127 a       157     0     8     1    17
     -0.3715176202 a       158     0     8     1    18
      0.3740595949 a       159     0     8     1    19
      0.4284797363 a       160     0     8     1    20
      0.3899784790 a       161     0     9     1     1
     -0.0223652748 a       162     0     9     1     2
     -0.2703479856 a       163     0     9     1     3
     -0.0979817524 a       164     0     9     1     4
     -0.0290670441 a       165     0     9     1     5
     -0.3735455499 a       166     0     9     1     6
      0.1648121609 a       167     0     9     1     7
     -0.3537549406 a       168     0     9     1     8
      0.2911066858 a       169     0     9     1     9
      0.4241084359 a       170     0     9     1    10
     -0.1176651236 a       171     0     9     1    11
     -0.2613453568 a       172     0     9     1    12
     -0.4140716595 a       173     0     9     1    13
      0.3603812236 a       174     0     9     1    14
      0.4661651867 a       175     0     9     1    15
     -0.4184910272 a       176     0     9     1    16
      0.4089758802 a       177     0     9     1    17
     -0.3614787017 a       178     0     9     1    18
     -0.3890712987 a       179     0     9     1    19
     -0.0816776357 a       180     0     9     1    20
     -0.2087658829 a       181     0    10     1     1
      0.2858563379 a       182     0    10     1     2
     -0.4688460795 a       183     0    10     1     3
      0.0018899818 a       184     0    10     1     4
      0.3136442351 a       185     0    10     1     5
     -0.0102124713 a       186     0    10     1     6
     -0.0853926755 a       187     0    10     1     7
      0.1152951740 a       188     0    10     1     8
     -0.1763530559 a       189     0    10     1     9
      0.3632283297 a       190     0    10     1    10
     -0.3293422998 a       191     0    10     1    11
     -0.2923945333 a       192     0    10     1    12
      0.2328854019 a       193     0    10     1    13
     -0.3145845424 a       194     0    10     1    14
     -0.0086261084 a       195     0    10     1    15
      0.2796182497 a       196     0    10     1    16
      0.0046755334 a       197     0    10     1    17
      0.2369820338 a       198     0    10     1    18
      0.2042378574 a       199     0    10     1    19
      0.3803267256 a       200     0    10     1    20
     -0.0867331878 a       201     0    11     1     1
     -0.0649506144 a       202     0    11     1     2
      0.1021340043 a       203     0    11     1     3
      0.2717449779 a       204     0    11     1     4
      0.2220045717 a       205     0    11     1     5
     -0.1319370119 a       206     0    11     1     6
      0.1846022340 a       207     0    11     1     7
     -0.4440886281 a       208     0    11     1     8
     -0.3046699555 a       209     0    11     1     9
      0.2126630389 a       210     0    11     1    10
      0.2048056328 a       211     0    11     1    11
     -0.3633353445 a       212     0    11     1    12
     -0.3068491093 a       213     0    11     1    13
     -0.4715454074 a       214     0    11     1    14
      0.4464509736 a       215     0    11     1    15
      0.1070160983 a       216     0    11     1    16
     -0.4781804693 a       217     0    11     1    17
      0.4369796252 a       218     0    11     1    18
     -0.2212742716 a       219     0    11     1    19
     -0.0613825705 a       220     0    11     1    20
      0.3719000977 a       221     0    12     1     1
     -0.1088643802 a       222     0    12     1     2
     -0.2153371966 a       223     0    12     1     3
      0.0674291443 a       224     0    12     1     4
     -0.0066132559 a       225     0    12     1     5
     -0.0358903278 a       226     0    12     1     6
     -0.4843998721 a       227     0    12     1     7
      0.0114631930 a       228     0    12     1     8
      0.2432825297 a       229     0    12     1     9
      0.0360379908 a       230     0    12     1    10
     -0.1808651876 a       231     0    12     1    11
      0.2758927980 a       232     0    12     1    12
      0.1690975174 a       233     0    12     1    13
      0.4316148490 a       234     0    12     1    14
      0.2666890901 a       235     0    12     1    15
     -0.2457396069 a       236     0    12     1    16
     -0.2688378808 a       237     0    12     1    17
     -0.0926977641 a       238     0    12     1    18
     -0.3882143900 a       239     0    12     1    19
      0.2672673810 a       240     0    12     1    20
      0.2844700792 a       241     0    13     1     1
      0.0849221198 a       242     0    13     1     2
      0.1001526212 a       243     0    13     1     3
      0.4593810524 a       244     0    13     1     4
     -0.0549289011 a       245     0    13     1     5
      0.4466283078 a       246     0    13     1     6
     -0.1043753301 a       247     0    13     1     7
      0.1837940097 a       248     0    13     1     8
     -0.4602786770 a       249     0    13     1     9
     -0.4510009090 a       250     0    13     1    10
     -0.2049729462 a       251     0    13     1    11
     -0.1544325483 a       252     0    13     1    12
     -0.3758637045 a       253     0    13     1    13
     -0.2480537098 a       254     0    13     1    14
      0.1016621069 a       255     0    13     1    15
     -0.1864965648 a       256     0    13     1    16
     -0.0850237983 a       257     0    13     1    17
     -0.1908184496 a       258     0    13     1    18
      0.2563514833 a       259     0    13     1    19
      0.1583076174 a       260     0    13     1    20
      0.4186065348 a       261     0    14     1     1
      0.4044748195 a       262     0    14     1     2
      0.2874912417 a       263     0    14     1     3
     -0.2163114458 a       264     0    14     1     4
     -0.4043649334 a       265     0    14     1     5
      0.3772288196 a       266     0    14     1     6
      0.2211979156 a       267     0    14     1     7
     -0.3969797258 a       268     0    14     1     8
      0.4018964761 a       269     0    14     1     9
      0.0306470524 a       270     0    14     1    10
      0.0291129756 a       271     0    14     1    11
     -0.4089219039 a       272     0    14     1    12
     -0.1053136761 a       273     0    14     1    13
     -0.4978358163 a       274     0    14     1    14
      0.2495496307 a       275     0    14     1    15
     -0.0071804004 a       276     0    14     1    16
      0.2904375371 a       277     0    14     1    17
      0.2260652221 a       278     0    14     1    18
     -0.0683223260 a       279     0    14     1    19
      0.1352057679 a       280     0    14     1    20
     -0.4332384846 a       281     0    15     1     1
      0.1013656644 a       282     0    15     1     2
      0.1096927535 a       283     0    15     1     3
      0.2738982239 a       284     0    15     1     4
     -0.3071941402 a       285     0    15     1     5
      0.0383181046 a       286     0    15     1     6
      0.2982413838 a       287     0    15     1     7
      0.2271150555 a       288     0    15     1     8
      0.3436214730 a       289     0    15     1     9
      0.4637067879 a       290     0    15     1    10
      0.2703901534 a       291     0    15     1    11
     -0.0147625685 a       292     0    15     1    12
     -0.4111502514 a       293     0    15     1    13
     -0.2844444415 a       294     0    15     1    14
     -0.2596026616 a       295     0    15     1    15
      0.3468609398 a       296     0    15     1    16
      0.3101574275 a       297     0    15     1    17
      0.3520741815 a       298     0    15     1    18
      0.0760769947 a       299     0    15     1    19
      0.2787916847 a       300     0    15     1    20
      0.3805481299 a       301     0    16     1     1
      0.0858131965 a       302     0    16     1     2
      0.3188902341 a       303     0    16     1     3
     -0.4417359493 a       304     0    16     1     4
     -0.2137979240 a       305     0    16     1     5
     -0.0981623969 a       306     0    16     1     6
     -0.4077763043 a       307     0    16     1     7
     -0.1170623571 a       308     0    16     1     8
      0.2254194738 a       309     0    16     1     9
     -0.1741029261 a       310     0    16     1    10
     -0.0432371286 a       311     0    16     1    11
      0.2303727998 a       312     0    16     1    12
      0.2228495499 a       313     0    16     1    13
      0.0313061930 a       314     0    16     1    14
      0.1337857541 a       315     0    16     1    15
     -0.3836694881 a       316     0    16     1    16
     -0.0594896113 a       317     0    16     1    17
     -0.0861171116 a       318     0    16     1    18
      0.3337245342 a       319     0    16     1    19
     -0.4258542845 a       320     0    16     1    20
      0.0698317728 a       321     0    17     1     1
      0.3661336996 a       322     0    17     1     2
      0.2207254688 a       323     0    17     1     3
     -0.1363033090 a       324     0    17     1     4
      0.3324201208 a       325     0    17     1     5
      0.2715545165 a       326     0    17     1     6
      0.2629830094 a       327     0    17     1     7
      0.3197649590 a       328     0    17     1     8
      0.2922601506 a       329     0    17     1     9
      0.0718591912 a       330     0    17     1    10
     -0.0834799841 a       331     0    17     1    11
     -0.0808053196 a       332     0    17     1    12
     -0.1410834712 a       333     0    17     1    13
     -0.2927397620 a       334     0    17     1    14
      0.1515864537 a       335     0    17     1    15
     -0.4097319416 a       336     0    17     1    16
      0.1528489605 a       337     0    17     1    17
      0.2861865372 a       338     0    17     1    18
      0.4640099792 a       339     0    17     1    19
     -0.2114517111 a       340     0    17     1    20
     -0.0886724092 a       341     0    18     1     1
     -0.1680781175 a       342     0    18     1     2
      0.0020593374 a       343     0    18     1     3
     -0.2433367126 a       344     0    18     1     4
     -0.1615536546 a       345     0    18     1     5
     -0.0774530371 a       346     0    18     1     6
     -0.4438308514 a       347     0    18     1     7
      0.3491940942 a       348     0    18     1     8
     -0.1100704401 a       349     0    18     1     9
      0.0934922586 a       350     0    18     1    10
      0.3361617128 a       351     0    18     1    11
      0.0497296913 a       352     0    18     1    12
      0.4386803002 a       353     0    18     1    13
     -0.0677278174 a       354     0    18     1    14
     -0.0936560538 a       355     0    18     1    15
      0.1008708900 a       356     0    18     1    16
     -0.4020211927 a       357     0    18     1    17
     -0.3408128930 a       358     0    18     1    18
      0.2993000672 a       359     0    18     1    19
     -0.2898357079 a       360     0    18     1    20
     -0.3068270938 a       361     0    19     1     1
     -0.3730404936 a       362     0    19     1     2
      0.3821056314 a       363     0    19     1     3
     -0.3360400263 a       364     0    19     1     4
      0.2572354180 a       365     0    19     1     5
      0.1485936960 a       366     0    19     1     6
     -0.0785080961 a       367     0    19     1     7
     -0.1850813776 a       368     0    19     1     8
     -0.1845958217 a       369     0    19     1     9
      0.1479863760 a       370     0    19     1    10
      0.4544071602 a       371     0    19     1    11
      0.1418046918 a       372     0    19     1    12
      0.1220120397 a       373     0    19     1    13
      0.1625633586 a       374     0    19     1    14
      0.0997144936 a       375     0    19     1    15
     -0.3303703309 a       376     0    19     1    16
      0.0668615197 a       377     0    19     1    17
     -0.3777614463 a       378     0    19     1    18
      0.0114044195 a       379     0    19     1    19
      0.0845335562 a       380     0    19     1    20
     -0.3643738105 a       381     0    20     1     1
     -0.0798961623 a       382     0    20     1     2
      0.4780825633 a       383     0    20     1     3
     -0.3033340929 a       384     0    20     1     4
      0.3016109951 a       385     0    20     1     5
     -0.3798296247 a       386     0    20     1     6
      0.1948306419 a       387     0    20     1     7
     -0.3932464113 a       388     0    20     1     8
      0.0715432692 a       389     0    20     1     9
     -0.4317619007 a       390     0    20     1    10
      0.4399329426 a       391     0    20     1    11
     -0.3383449359 a       392     0    20     1    12
     -0.3277256528 a       393     0    20     1    13
     -0.4107069406 a       394     0    20     1    14
     -0.0753574453 a       395     0    20     1    15
      0.4334684404 a       396     0    20     1    16
      0.2279383993 a       397     0    20     1    17
      0.3184143621 a       398     0    20     1    18
     -0.3423405746 a       399     0    20     1    19
     -0.4274120476 a       400     0    20     1    20
      0.3069074294 a       401     0    21     1     1
      0.0336310778 a       402     0    21     1     2
      0.3341495728 a       403     0    21     1     3
     -0.3269699784 a       404     0    21     1     4
      0.3472813551 a       405     0    21     1     5
     -0.0892369202 a       406     0    21     1     6
     -0.3930443379 a       407     0    21     1     7
      0.0570091588 a       408     0    21     1     8
     -0.2047030929 a       409     0    21     1     9
     -0.3239983544 a       410     0    21     1    10
     -0.1310248020 a       411     0    21     1    11
      0.2138278204 a       412     0    21     1    12
     -0.0267948282 a       413     0    21     1    13
      0.0758150542 a       414     0    21     1    14
     -0.2518894363 a       415     0    21     1    15
     -0.3377636440 a       416     0    21     1    16
      0.4511994683 a       417     0    21     1    17
     -0.0520003750 a       418     0    21     1    18
     -0.0018814643 a       419     0    21     1    19
      0.0294670984 a       420     0    21     1    20
      0.4396592863 a       421     0    22     1     1
     -0.4470345267 a       422     0    22     1     2
      0.3625094223 a       423     0    22     1     3
     -0.0050825006 a       424     0    22     1     4
     -0.1179538891 a       425     0    22     1     5
      0.1219156701 a       426     0    22     1     6
      0.4450968289 a       427     0    22     1     7
     -0.0404085201 a       428     0    22     1     8
      0.1939886599 a       429     0    22     1     9
     -0.0180925021 a       430     0    22     1    10
     -0.1728481489 a       431     0    22     1    11
      0.4440035065 a       432     0    22     1    12
     -0.4554392212 a       433     0    22     1    13
     -0.0639138524 a       434     0    22     1    14
     -0.2703734828 a       435     0    22     1    15
      0.1733412423 a       436     0    22     1    16
      0.4256159282 a       437     0    22     1    17
     -0.2601952822 a       438     0    22     1    18
     -0.2854171140 a       439     0    22     1    19
     -0.0972874775 a       440     0    22     1    20
      0.0191045996 a       441     0    23     1     1
     -0.3796446211 a       442     0    23     1     2
     -0.0003704294 a       443     0    23     1     3
     -0.2930454582 a       444     0    23     1     4
      0.4329979711 a       445     0    23     1     5
      0.4531632214 a       446     0    23     1     6
      0.0546730216 a       447     0    23     1     7
      0.4707252641 a       448     0    23     1     8
     -0.2266337691 a       449     0    23     1     9
      0.4154788381 a       450     0    23     1    10
     -0.0899623163 a       451     0    23     1    11
     -0.1559345707 a       452     0    23     1    12
      0.3650919020 a       453     0    23     1    13
      0.2369556440 a       454     0    23     1    14
     -0.2162033882 a       455     0    23     1    15
      0.2298556198 a       456     0    23     1    16
      0.2620807451 a       457     0    23     1    17
      0.1122696030 a       458     0    23     1    18
     -0.2545203784 a       459     0    23     1    19
      0.2154703492 a       460     0    23     1    20
      0.2347168639 a       461     0    24     1     1
      0.0998650186 a       462     0    24     1     2
     -0.0643562161 a       463     0    24     1     3
      0.4567500758 a       464     0    24     1     4
      0.2866668245 a       465     0    24     1     5
     -0.3966079138 a       466     0    24     1     6
      0.2308819336 a       467     0    24     1     7
      0.1606308843 a       468     0    24     1     8
     -0.0534089436 a       469     0    24     1     9
     -0.0779431943 a       470     0    24     1    10
      0.2810699200 a       471     0    24     1    11
      0.2003515054 a       472     0    24     1    12
      0.1697401682 a       473     0    24     1    13
     -0.0910933758 a       474     0    24     1    14
     -0.4851654123 a       475     0    24     1    15
     -0.3812623427 a       476     0    24     1    16
      0.1454879777 a       477     0    24     1    17
     -0.1021162154 a       478     0    24     1    18
     -0.4065198232 a       479     0    24     1    19
      0.3776243946 a       480     0    24     1    20
      0.4034737213 a       481     0    25     1     1
      0.4366528114 a       482     0    25     1     2
     -0.2786195757 a       483     0    25     1     3
     -0.3767026570 a       484     0    25     1     4
      0.3773120738 a       485     0    25     1     5
     -0.3808551443 a       486     0    25     1     6
      0.2102415944 a       487     0    25     1     7
     -0.1580793354 a       488     0    25     1     8
     -0.2112985144 a       489     0    25     1     9
      0.3358381541 a       490     0    25     1    10
      0.2664583649 a       491     0    25     1    11
      0.1596968252 a       492     0    25     1    12
     -0.1327787970 a       493     0    25     1    13
      0.1381416309 a       494     0    25     1    14
      0.0746936806 a       495     0    25     1    15
      0.2270732775 a       496     0    25     1    16
      0.0721858622 a       497     0    25     1    17
     -0.2225009488 a       498     0    25     1    18
      0.0469635343 a       499     0    25     1    19
      0.3161618583 a       500     0    25     1    20
      0.0381953578 a       501     0    26     1     1
     -0.1710679631 a       502     0    26     1     2
      0.1983400117 a       503     0    26     1     3
      0.2628137961 a       504     0    26     1     4
     -0.0534759651 a       505     0    26     1     5
      0.2914769312 a       506     0    26     1     6
      0.3304116403 a       507     0    26     1     7
     -0.2929921312 a       508     0    26     1     8
      0.4263422722 a       509     0    26     1     9
      0.1385744616 a       510     0    26     1    10
     -0.1074486552 a       511     0    26     1    11
      0.3205313639 a       512     0    26     1    12
     -0.1672598214 a       513     0    26     1    13
     -0.1159803679 a       514     0    26     1    14
      0.2085177353 a       515     0    26     1    15
     -0.0277712585 a       516     0    26     1    16
      0.3984613160 a       517     0    26     1    17
      0.1462742330 a       518     0    26     1    18
     -0.3289260769 a       519     0    26     1    19
      0.3998982923 a       520     0    26     1    20
     -0.1221508204 a       521     0    27     1     1
      0.1974031969 a       522     0    27     1     2
      0.3377140747 a       523     0    27     1     3
      0.0396010554 a       524     0    27     1     4
      0.2133908180 a       525     0    27     1     5
      0.2879727111 a       526     0    27     1     6
      0.3906712965 a       527     0    27     1     7
     -0.1720633240 a       528     0    27     1     8
      0.5399436147 a       529     0    27     1     9
     -0.2224868332 a       530     0    27     1    10
      0.1969019382 a       531     0    27     1    11
     -0.3020539601 a       532     0    27     1    12
     -0.0654518775 a       533     0    27     1    13
     -0.0263380462 a       534     0    27     1    14
     -0.2338645216 a       535     0    27     1    15
     -0.4631763325 a       536     0    27     1    16
     -0.2375684772 a       537     0    27     1    17
      0.3255708382 a       538     0    27     1    18
      0.2657759812 a       539     0    27     1    19
     -0.0392514100 a       540     0    27     1    20
      0.1731583360 a       541     0    28     1     1
      0.3950688808 a       542     0    28     1     2
     -0.1829103322 a       543     0    28     1     3
      0.1301002657 a       544     0    28     1     4
     -0.2428041695 a       545     0    28     1     5
      0.3798832159 a       546     0    28     1     6
     -0.4078473445 a       547     0    28     1     7
      0.2878917596 a       548     0    28     1     8
     -0.0525703009 a       549     0    28     1     9
      0.4082922385 a       550     0    28     1    10
      0.2799812403 a       551     0    28     1    11
     -0.2327858391 a       552     0    28     1    12
     -0.1907912089 a       553     0    28     1    13
      0.1661037818 a       554     0    28     1    14
      0.4238429539 a       555     0    28     1    15
     -0.0432793901 a       556     0    28     1    16
      0.5142164613 a       557     0    28     1    17
     -0.0881272347 a       558     0    28     1    18
     -0.3922262150 a       559     0    28     1    19
     -0.4213580781 a       560     0    28     1    20
      0.4411396699 a       561     0    29     1     1
      0.2423621892 a       562     0    29     1     2
     -0.2997136183 a       563     0    29     1     3
     -0.0722001310 a       564     0    29     1     4
     -0.1932971393 a       565     0    29     1     5
     -0.1815061247 a       566     0    29     1     6
     -0.2526954355 a       567     0    29     1     7
      0.0687573876 a       568     0    29     1     8
     -0.4892797253 a       569     0    29     1     9
      0.4118214979 a       570     0    29     1    10
     -0.2708864569 a       571     0    29     1    11
      0.4701335619 a       572     0    29     1    12
      0.1836179421 a       573     0    29     1    13
      0.0184832663 a       574     0    29     1    14
      0.0030552633 a       575     0    29     1    15
      0.0726724859 a       576     0    29     1    16
     -0.2050846625 a       577     0    29     1    17
      0.1995464978 a       578     0    29     1    18
     -0.1586269292 a       579     0    29     1    19
     -0.2542769974 a       580     0    29     1    20
     -0.2772531807 a       581     0    30     1     1
      0.3510972295 a       582     0    30     1     2
      0.1498625417 a       583     0    30     1     3
      0.3268813400 a       584     0    30     1     4
      0.4615971590 a       585     0    30     1     5
      0.3380965371 a       586     0    30     1     6
     -0.2971160402 a       587     0    30     1     7
     -0.4443343145 a       588     0    30     1     8
     -0.0873215660 a       589     0    30     1     9
     -0.3445401414 a       590     0    30     1    10
     -0.3891088998 a       591     0    30     1    11
     -0.2385084915 a       592     0    30     1    12
     -0.4765032559 a       593     0    30     1    13
     -0.2190856537 a       594     0    30     1    14
     -0.3210705804 a       595     0    30     1    15
      0.1314418463 a       596     0    30     1    16
     -0.0912051824 a       597     0    30     1    17
      0.2261432488 a       598     0    30     1    18
      0.0479501484 a       599     0    30     1    19
     -0.3690514565 a       600     0    30     1    20
     -0.3834414250 a       601     0    31     1     1
      0.3101848334 a       602     0    31     1     2
     -0.3816733798 a       603     0    31     1     3
     -0.0025954218 a       604     0    31     1     4
     -0.0808155253 a       605     0    31     1     5
     -0.0352421278 a       606     0    31     1     6
      0.0478757365 a       607     0    31     1     7
      0.1942030252 a       608     0    31     1     8
      0.2688166785 a       609     0    31     1     9
     -0.2449983965 a       610     0    31     1    10
     -0.2623025025 a       611     0    31     1    11
     -0.2419233897 a       612     0    31     1    12
      0.4317880869 a       613     0    31     1    13
     -0.3013192792 a       614     0    31     1    14
     -0.0371612132 a       615     0    31     1    15
     -0.1207642812 a       616     0    31     1    16
      0.1024817854 a       617     0    31     1    17
      0.4337283445 a       618     0    31     1    18
      0.1501425789 a       619     0    31     1    19
     -0.0823608215 a       620     0    31     1    20
      1.2883716894 b       621     1     1
      0.7171843745 b       622     1     2
     -1.0373339942 b       623     1     3
      0.0718147480 b       624     1     4
     -0.0608461493 b       625     1     5
      1.4593655129 b       626     1     6
      0.2268652496 b       627     1     7
     -0.6713638862 b       628     1     8
     -0.3495359238 b       629     1     9
      1.0680833069 b       630     1    10
      1.1740511875 b       631     1    11
      1.1562448188 b       632     1    12
      1.4996216317 b       633     1    13
      0.6018316868 b       634     1    14
     -0.8080918377 b       635     1    15
     -0.6537808308 b       636     1    16
      1.1382158178 b       637     1    17
     -0.2125600744 b       638     1    18
      0.3503350037 b       639     1    19
      1.0034100000 b       640     1    20
      0.1108869317 a       641     1     1     2     1
      0.0555133367 a       642     1     1     2     2
     -0.1193787161 a       643     1     1     2     3
     -0.5053060859 a       644     1     1     2     4
     -0.4388143666 a       645     1     1     2     5
      0.1280405565 a       646     1     1     2     6
     -0.0041178559 a       647     1     1     2     7
      0.2742362670 a       648     1     1     2     8
      0.2063782155 a       649     1     1     2     9
      0.5380809307 a       650     1     1     2    10
     -0.6304534723 a       651     1     1     2    11
     -0.2760384919 a       652     1     1     2    12
      0.3000125387 a       653     1     1     2    13
      0.1505452040 a       654     1     1     2    14
     -0.1284842363 a       655     1     1     2    15
     -0.2980543722 a       656     1     1     2    16
      0.1318291458 a       657     1     1     2    17
      0.5410244717 a       658     1     1     2    18
     -0.1774774708 a       659     1     1     2    19
      0.2350095097 a       660     1     1     2    20
      0.2336670471 a       661     1     2     2     1
      0.5456445556 a       662     1     2     2     2
     -0.3786628133 a       663     1     2     2     3
     -0.5681516951 a       664     1     2     2     4
     -0.1183891301 a       665     1     2     2     5
      0.0165409905 a       666     1     2     2     6
     -0.2940664460 a       667     1     2     2     7
     -0.5240178105 a       668     1     2     2     8
      0.1426080409 a       669     1     2     2     9
      0.0235212064 a       670     1     2     2    10
      0.4019570963 a       671     1     2     2    11
     -0.0693323715 a       672     1     2     2    12
     -0.2221305527 a       673     1     2     2    13
     -0.4717111830 a       674     1     2     2    14
      0.3893835812 a       675     1     2     2    15
      0.4720970950 a       676     1     2     2    16
      0.5397266003 a       677     1     2     2    17
      0.1537208824 a       678     1     2     2    18
      0.4573406563 a       679     1     2     2    19
     -0.2552267969 a       680     1     2     2    20
     -0.2012640299 a       681     1     3     2     1
      0.1945408418 a       682     1     3     2     2
      0.4117217809 a       683     1     3     2     3
     -0.1500416332 a       684     1     3     2     4
      0.0369597304 a       685     1     3     2     5
     -0.4924202377 a       686     1     3     2     6
      0.0382746692 a       687     1     3     2     7
     -0.2666115933 a       688     1     3     2     8
     -0.3296267568 a       689     1     3     2     9
      0.4681314869 a       690     1     3     2    10
     -0.3747854158 a       691     1     3     2    11
      0.4281149856 a       692     1     3     2    12
     -0.4824873534 a       693     1     3     2    13
      0.5791102539 a       694     1     3     2    14
      0.4287026199 a       695     1     3     2    15
     -0.5737875783 a       696     1     3     2    16
      0.4310120067 a       697     1     3     2    17
     -0.0477190283 a       698     1     3     2    18
      0.5240532955 a       699     1     3     2    19
      0.5317131781 a       700     1     3     2    20
      0.4412207469 a       701     1     4     2     1
     -0.4442299825 a       702     1     4     2     2
     -0.0404879628 a       703     1     4     2     3
      0.4038694104 a       704     1     4     2     4
      0.1826137957 a       705     1     4     2     5
     -0.0892946821 a       706     1     4     2     6
      0.4610183576 a       707     1     4     2     7
      0.2839294113 a       708     1     4     2     8
      0.5399709704 a       709     1     4     2     9
     -0.5286508509 a       710     1     4     2    10
     -0.0477390913 a       711     1     4     2    11
     -0.1534625837 a       712     1     4     2    12
      0.5255686048 a       713     1     4     2    13
     -0.4535080860 a       714     1     4     2    14
      0.1673442506 a       715     1     4     2    15
      0.1034361224 a       716     1     4     2    16
     -0.2609263282 a       717     1     4     2    17
     -0.1518728330 a       718     1     4     2    18
     -0.2791375206 a       719     1     4     2    19
     -0.4293561111 a       720     1     4     2    20
      0.3448520071 a       721     1     5     2     1
      0.0940151432 a       722     1     5     2     2
     -0.3017968184 a       723     1     5     2     3
     -0.1278950321 a       724     1     5     2     4
     -0.1078762437 a       725     1     5     2     5
      0.5754445884 a       726     1     5     2     6
     -0.5037880738 a       727     1     5     2     7
     -0.4044462029 a       728     1     5     2     8
      0.4163419669 a       729     1     5     2     9
      0.0683787013 a       730     1     5     2    10
     -0.2738876086 a       731     1     5     2    11
     -0.4321708687 a       732     1     5     2    12
     -0.2526032647 a       733     1     5     2    13
      0.1742236346 a       734     1     5     2    14
     -0.2589009853 a       735     1     5     2    15
     -0.6753922868 a       736     1     5     2    16
      0.0303235401 a       737     1     5     2    17
      0.3771503471 a       738     1     5     2    18
     -0.2522877632 a       739     1     5     2    19
     -0.3011711997 a       740     1     5     2    20
      0.3059868912 a       741     1     6     2     1
      0.4025845509 a       742     1     6     2     2
      0.5787239543 a       743     1     6     2     3
     -0.4564074364 a       744     1     6     2     4
     -0.5117180474 a       745     1     6     2     5
     -0.5762076516 a       746     1     6     2     6
     -0.4460165559 a       747     1     6     2     7
     -0.1672877714 a       748     1     6     2     8
      0.4567880034 a       749     1     6     2     9
      0.4342905487 a       750     1     6     2    10
     -0.5846085146 a       751     1     6     2    11
     -0.1512267965 a       752     1     6     2    12
      0.0184308604 a       753     1     6     2    13
     -0.4724331162 a       754     1     6     2    14
      0.5542563800 a       755     1     6     2    15
      0.3856078620 a       756     1     6     2    16
      0.3422921266 a       757     1     6     2    17
     -0.4916003121 a       758     1     6     2    18
     -0.1489717705 a       759     1     6     2    19
      0.1973598098 a       760     1     6     2    20
      0.1222149088 a       761     1     7     2     1
      0.2720104377 a       762     1     7     2     2
     -0.4984094379 a       763     1     7     2     3
     -0.4655913682 a       764     1     7     2     4
      0.4944212617 a       765     1     7     2     5
     -0.1255092673 a       766     1     7     2     6
     -0.2740145394 a       767     1     7     2     7
     -0.0279176392 a       768     1     7     2     8
      0.4125266261 a       769     1     7     2     9
     -0.0192326146 a       770     1     7     2    10
      0.3631177860 a       771     1     7     2    11
     -0.5906880093 a       772     1     7     2    12
     -0.1783485882 a       773     1     7     2    13
      0.4023171434 a       774     1     7     2    14
      0.4360400027 a       775     1     7     2    15
      0.0306363825 a       776     1     7     2    16
      0.1619625031 a       777     1     7     2    17
      0.1304402194 a       778     1     7     2    18
      0.1503024901 a       779     1     7     2    19
      0.1633261152 a       780     1     7     2    20
      0.5265852273 a       781     1     8     2     1
      0.5165895603 a       782     1     8     2     2
      0.5880609962 a       783     1     8     2     3
      0.2893658604 a       784     1     8     2     4
      0.1412007360 a       785     1     8     2     5
     -0.3849105666 a       786     1     8     2     6
     -0.3531712489 a       787     1     8     2     7
      0.3893722974 a       788     1     8     2     8
      0.3597339710 a       789     1     8     2     9
     -0.3009230316 a       790     1     8     2    10
      0.5867983356 a       791     1     8     2    11
     -0.1976380581 a       792     1     8     2    12
      0.5741763490 a       793     1     8     2    13
      0.3414413746 a       794     1     8     2    14
     -0.5788270984 a       795     1     8     2    15
      0.3060871633 a       796     1     8     2    16
      0.4761372270 a       797     1     8     2    17
     -0.4354300027 a       798     1     8     2    18
      0.5405953838 a       799     1     8     2    19
      0.2171788579 a       800     1     8     2    20
      0.4712511749 a       801     1     9     2     1
      0.1834900285 a       802     1     9     2     2
     -0.1284736257 a       803     1     9     2     3
     -0.4624541534 a       804     1     9     2     4
      0.4432201026 a       805     1     9     2     5
      0.4256712114 a       806     1     9     2     6
     -0.3768053168 a       807     1     9     2     7
     -0.3881991519 a       808     1     9     2     8
      0.3643216499 a       809     1     9     2     9
      0.4455084419 a       810     1     9     2    10
      0.1162549547 a       811     1     9     2    11
      0.0460015471 a       812     1     9     2    12
      0.4951786197 a       813     1     9     2    13
      0.3581952019 a       814     1     9     2    14
     -0.2897057533 a       815     1     9     2    15
     -0.2375335513 a       816     1     9     2    16
     -0.2975135012 a       817     1     9     2    17
      0.0908951513 a       818     1     9     2    18
     -0.1856065483 a       819     1     9     2    19
     -0.4017317864 a       820     1     9     2    20
      0.1944090826 a       821     1    10     2     1
      0.2493242240 a       822     1    10     2     2
      0.1342460594 a       823     1    10     2     3
     -0.1139615054 a       824     1    10     2     4
      0.5420747263 a       825     1    10     2     5
     -0.5327217412 a       826     1    10     2     6
     -0.4853594036 a       827     1    10     2     7
      0.5630146353 a       828     1    10     2     8
      0.0220804784 a       829     1    10     2     9
     -0.5840441035 a       830     1    10     2    10
      0.3210439222 a       831     1    10     2    11
      0.1406181070 a       832     1    10     2    12
     -0.1254010354 a       833     1    10     2    13
     -0.1515080856 a       834     1    10     2    14
      0.4811107190 a       835     1    10     2    15
      0.3278818947 a       836     1    10     2    16
      0.3069419918 a       837     1    10     2    17
      0.2972405289 a       838     1    10     2    18
      0.4738717839 a       839     1    10     2    19
     -0.5756323607 a       840     1    10     2    20
     -0.5111140204 a       841     1    11     2     1
      0.1311588686 a       842     1    11     2     2
      0.1014705007 a       843     1    11     2     3
      0.4205860097 a       844     1    11     2     4
     -0.2651316032 a       845     1    11     2     5
     -0.6102400139 a       846     1    11     2     6
      0.3289298213 a       847     1    11     2     7
      0.4299716111 a       848     1    11     2     8
      0.5228782534 a       849     1    11     2     9
      0.3030968787 a       850     1    11     2    10
      0.2354045494 a       851     1    11     2    11
     -0.3447816482 a       852     1    11     2    12
     -0.5209098217 a       853     1    11     2    13
      0.3639191856 a       854     1    11     2    14
      0.0797282225 a       855     1    11     2    15
     -0.1417464190 a       856     1    11     2    16
     -0.3987834727 a       857     1    11     2    17
     -0.5251189503 a       858     1    11     2    18
     -0.4040942033 a       859     1    11     2    19
      0.3176913423 a       860     1    11     2    20
      0.3913049728 a       861     1    12     2     1
      0.3936465836 a       862     1    12     2     2
      0.2020726897 a       863     1    12     2     3
      0.2728703485 a       864     1    12     2     4
     -0.2634139532 a       865     1    12     2     5
      0.0244576780 a       866     1    12     2     6
      0.3546132861 a       867     1    12     2     7
     -0.1548702627 a       868     1    12     2     8
      0.4237328871 a       869     1    12     2     9
     -0.3443772868 a       870     1    12     2    10
     -0.0861269098 a       871     1    12     2    11
      0.6392989802 a       872     1    12     2    12
      0.4477663375 a       873     1    12     2    13
     -0.3543403427 a       874     1    12     2    14
     -0.1226850809 a       875     1    12     2    15
      0.1843686946 a       876     1    12     2    16
      0.3765004546 a       877     1    12     2    17
     -0.6599124296 a       878     1    12     2    18
      0.2450957726 a       879     1    12     2    19
     -0.4452302046 a       880     1    12     2    20
      0.2546688661 a       881     1    13     2     1
     -0.4916613883 a       882     1    13     2     2
     -0.3812251077 a       883     1    13     2     3
      0.4274741240 a       884     1    13     2     4
     -0.3681513887 a       885     1    13     2     5
     -0.2519534243 a       886     1    13     2     6
     -0.4497913621 a       887     1    13     2     7
      0.4321665262 a       888     1    13     2     8
     -0.5071381088 a       889     1    13     2     9
      0.0048272529 a       890     1    13     2    10
     -0.1185194299 a       891     1    13     2    11
      0.2519271130 a       892     1    13     2    12
     -0.2042469571 a       893     1    13     2    13
      0.1428474694 a       894     1    13     2    14
      0.6198714947 a       895     1    13     2    15
      0.2866920489 a       896     1    13     2    16
      0.0903624726 a       897     1    13     2    17
      0.1476963538 a       898     1    13     2    18
      0.1324637058 a       899     1    13     2    19
      0.3199834735 a       900     1    13     2    20
     -0.5282256468 a       901     1    14     2     1
     -0.0278207574 a       902     1    14     2     2
      0.0084289052 a       903     1    14     2     3
      0.3817525878 a       904     1    14     2     4
     -0.5137330105 a       905     1    14     2     5
     -0.1565709737 a       906     1    14     2     6
     -0.3677297189 a       907     1    14     2     7
     -0.2291961598 a       908     1    14     2     8
      0.2200903932 a       909     1    14     2     9
     -0.1315692157 a       910     1    14     2    10
      0.2246673994 a       911     1    14     2    11
     -0.5229476592 a       912     1    14     2    12
      0.5067692917 a       913     1    14     2    13
     -0.2769138576 a       914     1    14     2    14
     -0.5312509808 a       915     1    14     2    15
      0.1607459492 a       916     1    14     2    16
      0.5711614395 a       917     1    14     2    17
      0.6829450915 a       918     1    14     2    18
     -0.3099691856 a       919     1    14     2    19
      0.3364703329 a       920     1    14     2    20
      0.2843418582 a       921     1    15     2     1
     -0.4658339908 a       922     1    15     2     2
      0.5953166770 a       923     1    15     2     3
     -0.1606242569 a       924     1    15     2     4
      0.1685440295 a       925     1    15     2     5
      0.0662389984 a       926     1    15     2     6
     -0.3571907496 a       927     1    15     2     7
     -0.1296435892 a       928     1    15     2     8
      0.2183618762 a       929     1    15     2     9
     -0.2105879936 a       930     1    15     2    10
      0.2597675011 a       931     1    15     2    11
     -0.2734015227 a       932     1    15     2    12
      0.3020303093 a       933     1    15     2    13
     -0.4227690091 a       934     1    15     2    14
     -0.1309200655 a       935     1    15     2    15
     -0.0911632941 a       936     1    15     2    16
     -0.4639702756 a       937     1    15     2    17
     -0.3224540846 a       938     1    15     2    18
      0.4735874029 a       939     1    15     2    19
      0.3155919474 a       940     1    15     2    20
      0.4322174423 a       941     1    16     2     1
     -0.4040756018 a       942     1    16     2     2
      0.4004806693 a       943     1    16     2     3
     -0.3679086953 a       944     1    16     2     4
      0.2316146508 a       945     1    16     2     5
      0.2073354298 a       946     1    16     2     6
      0.3216626943 a       947     1    16     2     7
      0.2696404716 a       948     1    16     2     8
      0.2057427601 a       949     1    16     2     9
     -0.4967651829 a       950     1    16     2    10
     -0.1649339437 a       951     1    16     2    11
     -0.1893261623 a       952     1    16     2    12
     -0.2719899897 a       953     1    16     2    13
      0.3419466836 a       954     1    16     2    14
      0.2233584685 a       955     1    16     2    15
      0.1640360735 a       956     1    16     2    16
      0.5194442354 a       957     1    16     2    17
     -0.1479955415 a       958     1    16     2    18
      0.4697776034 a       959     1    16     2    19
      0.3692151965 a       960     1    16     2    20
      0.3277004521 a       961     1    17     2     1
     -0.1375434870 a       962     1    17     2     2
     -0.6096807705 a       963     1    17     2     3
      0.2908543560 a       964     1    17     2     4
     -0.0123300563 a       965     1    17     2     5
      0.4604793818 a       966     1    17     2     6
      0.1009732331 a       967     1    17     2     7
     -0.5751033034 a       968     1    17     2     8
      0.1696990923 a       969     1    17     2     9
     -0.4354788078 a       970     1    17     2    10
      0.6192608084 a       971     1    17     2    11
     -0.5778476350 a       972     1    17     2    12
      0.1905165345 a       973     1    17     2    13
      0.5380834134 a       974     1    17     2    14
     -0.2527420808 a       975     1    17     2    15
      0.0557101358 a       976     1    17     2    16
      0.0998706576 a       977     1    17     2    17
     -0.0085068290 a       978     1    17     2    18
      0.3575161894 a       979     1    17     2    19
      0.3967855365 a       980     1    17     2    20
     -0.0820227945 a       981     1    18     2     1
      0.5461824887 a       982     1    18     2     2
     -0.2582567596 a       983     1    18     2     3
      0.2516159809 a       984     1    18     2     4
      0.4284784758 a       985     1    18     2     5
      0.0544078599 a       986     1    18     2     6
      0.1732139164 a       987     1    18     2     7
      0.5109790709 a       988     1    18     2     8
      0.2670832969 a       989     1    18     2     9
      0.2399636791 a       990     1    18     2    10
      0.5276876020 a       991     1    18     2    11
      0.2326884251 a       992     1    18     2    12
     -0.2335516563 a       993     1    18     2    13
     -0.1644018411 a       994     1    18     2    14
      0.1600616027 a       995     1    18     2    15
     -0.6383149734 a       996     1    18     2    16
      0.3037676619 a       997     1    18     2    17
      0.3508811192 a       998     1    18     2    18
      0.4109614985 a       999     1    18     2    19
     -0.4050476294 a      1000     1    18     2    20
      0.4150193365 a      1001     1    19     2     1
      0.5586654607 a      1002     1    19     2     2
     -0.3318639002 a      1003     1    19     2     3
      0.4501692923 a      1004     1    19     2     4
      0.5694089078 a      1005     1    19     2     5
     -0.5468988097 a      1006     1    19     2     6
     -0.4161015584 a      1007     1    19     2     7
     -0.3699370717 a      1008     1    19     2     8
      0.4803439756 a      1009     1    19     2     9
      0.3410671033 a      1010     1    19     2    10
      0.2232532451 a      1011     1    19     2    11
      0.0153372043 a      1012     1    19     2    12
      0.0257525577 a      1013     1    19     2    13
     -0.0075369971 a      1014     1    19     2    14
      0.4503704855 a      1015     1    19     2    15
      0.1408615041 a      1016     1    19     2    16
      0.5525533360 a      1017     1    19     2    17
     -0.2282461765 a      1018     1    19     2    18
     -0.1186818751 a      1019     1    19     2    19
     -0.5268622327 a      1020     1    19     2    20
      0.4900682639 a      1021     1    20     2     1
      0.2750561295 a      1022     1    20     2     2
     -0.0051751612 a      1023     1    20     2     3
     -0.1428792462 a      1024     1    20     2     4
     -0.4973843613 a      1025     1    20     2     5
      0.2568889495 a      1026     1    20     2     6
      0.5609987944 a      1027     1    20     2     7
      0.2107961511 a      1028     1    20     2     8
     -0.4363502454 a      1029     1    20     2     9
     -0.3931423543 a      1030     1    20     2    10
      0.0133374380 a      1031     1    20     2    11
      0.6055515386 a      1032     1    20     2    12
      0.5224746949 a      1033     1    20     2    13
      0.4548111464 a      1034     1    20     2    14
     -0.0050225090 a      1035     1    20     2    15
      0.7150302446 a      1036     1    20     2    16
     -0.0897172837 a      1037     1    20     2    17
      0.3277903163 a      1038     1    20     2    18
     -0.5455032441 a      1039     1    20     2    19
     -0.0869529760 a      1040     1    20     2    20
     -0.7270655557 b      1041     2     1
     -0.6213261656 b      1042     2     2
     -1.3076486793 b      1043     2     3
     -1.0817416470 b      1044     2     4
      0.4723998969 b      1045     2     5
     -0.3300762663 b      1046     2     6
     -0.5892749916 b      1047     2     7
      0.6814595504 b      1048     2     8
      1.3928379644 b      1049     2     9
     -0.0827843015 b      1050     2    10
      1.4977294852 b      1051     2    11
     -0.3951347457 b      1052     2    12
      0.7500128443 b      1053     2    13
      0.6465846128 b      1054     2    14
      1.0297115535 b      1055     2    15
      0.5307012496 b      1056     2    16
      0.9122879440 b      1057     2    17
      0.7214290189 b      1058     2    18
      0.6154151742 b      1059     2    19
     -0.5752058236 b      1060     2    20
      0.0280594712 a      1061     2     1     3     1
     -0.0184788749 a      1062     2     2     3     1
     -0.0017720540 a      1063     2     3     3     1
      0.0135987250 a      1064     2     4     3     1
      0.0262049897 a      1065     2     5     3     1
      0.0144935219 a      1066     2     6     3     1
     -0.0013949269 a      1067     2     7     3     1
     -0.0223849834 a      1068     2     8     3     1
      0.0321046638 a      1069     2     9     3     1
      0.0186525974 a      1070     2    10     3     1
     -0.0044722281 a      1071     2    11     3     1
      0.0001264440 a      1072     2    12     3     1
      0.0084444907 a      1073     2    13     3     1
      0.0226165429 a      1074     2    14     3     1
      0.0278819853 a      1075     2    15     3     1
      0.0042480156 a      1076     2    16     3     1
      0.0200002151 a      1077     2    17     3     1
     -0.0065972634 a      1078     2    18     3     1
      0.0100908874 a      1079     2    19     3     1
     -0.0063795875 a      1080     2    20     3     1
     19.6454271560 b      1081     3     1
