     -0.4742667749 a         1     0     1     1     1
     -0.2683956022 a         2     0     1     1     2
     -0.2565284059 a         3     0     1     1     3
     -0.0809855668 a         4     0     1     1     4
      0.1069613425 a         5     0     1     1     5
      0.2163343134 a         6     0     1     1     6
      0.3793554000 a         7     0     1     1     7
      0.1355540594 a         8     0     1     1     8
      0.4591191233 a         9     0     1     1     9
      0.0858580028 a        10     0     1     1    10
     -0.0209973080 a        11     0     1     1    11
      0.2479485713 a        12     0     1     1    12
      0.2486201905 a        13     0     1     1    13
      0.4130276647 a        14     0     1     1    14
     -0.3245108750 a        15     0     1     1    15
      0.2180496177 a        16     0     1     1    16
     -0.1806199202 a        17     0     1     1    17
     -0.5011863577 a        18     0     1     1    18
     -0.0840978012 a        19     0     1     1    19
     -0.1293157346 a        20     0     1     1    20
     -0.4505201080 a        21     0     2     1     1
     -0.2272271123 a        22     0     2     1     2
      0.1630409316 a        23     0     2     1     3
     -0.4339227341 a        24     0     2     1     4
     -0.0294512014 a        25     0     2     1     5
      0.0179553403 a        26     0     2     1     6
      0.0772457205 a        27     0     2     1     7
      0.1026040489 a        28     0     2     1     8
      0.2641928442 a        29     0     2     1     9
     -0.1889842422 a        30     0     2     1    10
      0.1663264589 a        31     0     2     1    11
      0.1191174533 a        32     0     2     1    12
      0.2573023829 a        33     0     2     1    13
     -0.4245812562 a        34     0     2     1    14
     -0.3303054474 a        35     0     2     1    15
     -0.4207950697 a        36     0     2     1    16
      0.3901462326 a        37     0     2     1    17
     -0.3885754771 a        38     0     2     1    18
     -0.1717665954 a        39     0     2     1    19
     -0.2925094117 a        40     0     2     1    20
     -0.0756121192 a        41     0     3     1     1
      0.0314550192 a        42     0     3     1     2
     -0.0810609419 a        43     0     3     1     3
     -0.0570860779 a        44     0     3     1     4
      0.4363855632 a        45     0     3     1     5
      0.0268027505 a        46     0     3     1     6
     -0.0697679442 a        47     0     3     1     7
     -0.1517455753 a        48     0     3     1     8
     -0.0796247422 a        49     0     3     1     9
      0.2973473132 a        50     0     3     1    10
      0.2087976208 a        51     0     3     1    11
     -0.4602372443 a        52     0     3     1    12
     -0.4397552252 a        53     0     3     1    13
      0.0520941859 a        54     0     3     1    14
     -0.2699439774 a        55     0     3     1    15
     -0.4257623320 a        56     0     3     1    16
      0.0193935570 a        57     0     3     1    17
     -0.2717745006 a        58     0     3     1    18
      0.4054155713 a        59     0     3     1    19
      0.3426473074 a        60     0     3     1    20
      0.1830720937 a        61     0     4     1     1
      0.3473283446 a        62     0     4     1     2
     -0.2938952152 a        63     0     4     1     3
     -0.0749150428 a        64     0     4     1     4
     -0.4266999797 a        65     0     4     1     5
      0.1297765588 a        66     0     4     1     6
     -0.1373829762 a        67     0     4     1     7
     -0.1441274422 a        68     0     4     1     8
      0.5020854799 a        69     0     4     1     9
      0.1491589467 a        70     0     4     1    10
      0.2724009882 a        71     0     4     1    11
     -0.1106080654 a        72     0     4     1    12
     -0.0892346917 a        73     0     4     1    13
      0.3312040939 a        74     0     4     1    14
     -0.1638558578 a        75     0     4     1    15
      0.4372042735 a        76     0     4     1    16
     -0.3400797447 a        77     0     4     1    17
     -0.0711644079 a        78     0     4     1    18
     -0.3246186420 a        79     0     4     1    19
     -0.0135724798 a        80     0     4     1    20
      0.4550829967 a        81     0     5     1     1
     -0.4841716932 a        82     0     5     1     2
      0.3877853045 a        83     0     5     1     3
     -0.4191849947 a        84     0     5     1     4
     -0.3696656651 a        85     0     5     1     5
      0.1068057884 a        86     0     5     1     6
      0.3741723335 a        87     0     5     1     7
     -0.1249155755 a        88     0     5     1     8
     -0.1977186207 a        89     0     5     1     9
     -0.3917959795 a        90     0     5     1    10
     -0.0129798125 a        91     0     5     1    11
     -0.0378619650 a        92     0     5     1    12
     -0.1553296886 a        93     0     5     1    13
      0.4206314216 a        94     0     5     1    14
     -0.3917841820 a        95     0     5     1    15
     -0.2891297612 a        96     0     5     1    16
     -0.1539247123 a        97     0     5     1    17
      0.5359709516 a        98     0     5     1    18
      0.0300880239 a        99     0     5     1    19
     -0.2031044850 a       100     0     5     1    20
      0.1515307855 a       101     0     6     1     1
      0.3409550896 a       102     0     6     1     2
     -0.0026733122 a       103     0     6     1     3
      0.4527400556 a       104     0     6     1     4
     -0.3521266797 a       105     0     6     1     5
      0.3061962986 a       106     0     6     1     6
     -0.3670665985 a       107     0     6     1     7
     -0.3914888453 a       108     0     6     1     8
     -0.1143545534 a       109     0     6     1     9
     -0.2546702773 a       110     0     6     1    10
      0.3473331280 a       111     0     6     1    11
      0.4099396631 a       112     0     6     1    12
     -0.4742573379 a       113     0     6     1    13
      0.3403927012 a       114     0     6     1    14
      0.1282874265 a       115     0     6     1    15
      0.0085524673 a       116     0     6     1    16
      0.3773532987 a       117     0     6     1    17
     -0.5025581165 a       118     0     6     1    18
     -0.2634305300 a       119     0     6     1    19
      0.0160877894 a       120     0     6     1    20
      0.0567244530 a       121     0     7     1     1
      0.1129272806 a       122     0     7     1     2
     -0.4133200148 a       123     0     7     1     3
      0.1783821386 a       124     0     7     1     4
      0.3563708449 a       125     0     7     1     5
      0.3667312954 a       126     0     7     1     6
     -0.3194188039 a       127     0     7     1     7
     -0.0899956961 a       128     0     7     1     8
      0.2069299402 a       129     0     7     1     9
      0.4608783084 a       130     0     7     1    10
      0.0711894301 a       131     0     7     1    11
      0.1177190093 a       132     0     7     1    12
     -0.1540827004 a       133     0     7     1    13
     -0.2463290488 a       134     0     7     1    14
     -0.4186569637 a       135     0     7     1    15
      0.1229923074 a       136     0     7     1    16
      0.3686239090 a       137     0     7     1    17
      0.2690866364 a       138     0     7     1    18
      0.0812623168 a       139     0     7     1    19
     -0.3254369863 a       140     0     7     1    20
      0.1890780754 a       141     0     8     1     1
     -0.1139809196 a       142     0     8     1     2
     -0.1864334334 a       143     0     8     1     3
     -0.1156470414 a       144     0     8     1     4
      0.3388379231 a       145     0     8     1     5
     -0.0483705477 a       146     0     8     1     6
     -0.2873031962 a       147     0     8     1     7
     -0.1451985760 a       148     0     8     1     8
     -0.2457825368 a       149     0     8     1     9
     -0.3073667881 a       150     0     8     1    10
      0.4115880631 a       151     0     8     1    11
      0.1001903003 a       152     0     8     1    12
     -0.2558037845 a       153     0     8     1    13
      0.1070023816 a       154     0     8     1    14
     -0.3689059536 a       155     0     8     1    15
     -0.2541173055 a       156     0     8     1    16
      0.1738428893 a       157     0     8     1    17
      0.2056117251 a       158     0     8     1    18
      0.4412581253 a       159     0     8     1    19
     -0.1514390363 a       160     0     8     1    20
     -0.1754968619 a       161     0     9     1     1
      0.4691520038 a       162     0     9     1     2
     -0.2226168532 a       163     0     9     1     3
      0.2162603868 a       164     0     9     1     4
     -0.1199170950 a       165     0     9     1     5
      0.3812956865 a       166     0     9     1     6
     -0.0993905479 a       167     0     9     1     7
      0.1963397056 a       168     0     9     1     8
      0.0703291579 a       169     0     9     1     9
      0.0452340631 a       170     0     9     1    10
      0.4914021320 a       171     0     9     1    11
      0.4753967440 a       172     0     9     1    12
     -0.3190097387 a       173     0     9     1    13
      0.3427491763 a       174     0     9     1    14
     -0.0027523717 a       175     0     9     1    15
     -0.2613869287 a       176     0     9     1    16
      0.3089086736 a       177     0     9     1    17
     -0.1912214951 a       178     0     9     1    18
     -0.1250684237 a       179     0     9     1    19
     -0.3588907145 a       180     0     9     1    20
      0.4978602324 a       181     0    10     1     1
     -0.4951529142 a       182     0    10     1     2
      0.3107147456 a       183     0    10     1     3
     -0.1705846846 a       184     0    10     1     4
      0.0254212253 a       185     0    10     1     5
      0.4029794035 a       186     0    10     1     6
      0.1016620998 a       187     0    10     1     7
     -0.1470546895 a       188     0    10     1     8
      0.0523081740 a       189     0    10     1     9
      0.3830886085 a       190     0    10     1    10
     -0.4192045663 a       191     0    10     1    11
      0.0414135642 a       192     0    10     1    12
      0.1560761245 a       193     0    10     1    13
     -0.2607023347 a       194     0    10     1    14
     -0.3119167644 a       195     0    10     1    15
      0.2766679891 a       196     0    10     1    16
     -0.0168185370 a       197     0    10     1    17
     -0.5005827172 a       198     0    10     1    18
      0.3540562474 a       199     0    10     1    19
     -0.1339067876 a       200     0    10     1    20
      0.0437441661 a       201     0    11     1     1
      0.3387778920 a       202     0    11     1     2
     -0.2034659591 a       203     0    11     1     3
     -0.3544095419 a       204     0    11     1     4
     -0.0206950825 a       205     0    11     1     5
     -0.0216716927 a       206     0    11     1     6
     -0.3335159353 a       207     0    11     1     7
     -0.2896492405 a       208     0    11     1     8
     -0.3054708626 a       209     0    11     1     9
     -0.0714764151 a       210     0    11     1    10
     -0.2379663039 a       211     0    11     1    11
      0.3252772905 a       212     0    11     1    12
      0.0890022800 a       213     0    11     1    13
      0.4419275835 a       214     0    11     1    14
      0.1602731002 a       215     0    11     1    15
      0.2310955003 a       216     0    11     1    16
     -0.2507931545 a       217     0    11     1    17
     -0.2266060876 a       218     0    11     1    18
      0.2107663166 a       219     0    11     1    19
      0.2481675735 a       220     0    11     1    20
      0.2493657161 a       221     0    12     1     1
      0.0408540123 a       222     0    12     1     2
     -0.3495119697 a       223     0    12     1     3
     -0.4490690996 a       224     0    12     1     4
     -0.1541564283 a       225     0    12     1     5
     -0.0296571862 a       226     0    12     1     6
      0.0036729975 a       227     0    12     1     7
      0.4931677759 a       228     0    12     1     8
     -0.4055150141 a       229     0    12     1     9
      0.0929971960 a       230     0    12     1    10
      0.4984938776 a       231     0    12     1    11
      0.4404152269 a       232     0    12     1    12
      0.1665950000 a       233     0    12     1    13
      0.2910344827 a       234     0    12     1    14
      0.3633516356 a       235     0    12     1    15
      0.1360181067 a       236     0    12     1    16
     -0.1351555271 a       237     0    12     1    17
     -0.0029459182 a       238     0    12     1    18
      0.1653919896 a       239     0    12     1    19
     -0.4762931687 a       240     0    12     1    20
      0.3682746238 a       241     0    13     1     1
      0.2257227547 a       242     0    13     1     2
     -0.3738671667 a       243     0    13     1     3
      0.0166433544 a       244     0    13     1     4
      0.4589696336 a       245     0    13     1     5
      0.3490039325 a       246     0    13     1     6
     -0.3671764064 a       247     0    13     1     7
      0.2338483997 a       248     0    13     1     8
     -0.2463049125 a       249     0    13     1     9
      0.1878542212 a       250     0    13     1    10
     -0.1726333948 a       251     0    13     1    11
      0.3454417398 a       252     0    13     1    12
     -0.1647656834 a       253     0    13     1    13
     -0.3861792036 a       254     0    13     1    14
     -0.2639739353 a       255     0    13     1    15
     -0.4152317748 a       256     0    13     1    16
     -0.0836146372 a       257     0    13     1    17
      0.0879720064 a       258     0    13     1    18
      0.0754350637 a       259     0    13     1    19
     -0.3820755198 a       260     0    13     1    20
      0.2955945715 a       261     0    14     1     1
      0.3793446937 a       262     0    14     1     2
     -0.0087271229 a       263     0    14     1     3
     -0.1883929546 a       264     0    14     1     4
      0.4187635025 a       265     0    14     1     5
      0.4700305476 a       266     0    14     1     6
      0.1369643526 a       267     0    14     1     7
      0.4168603139 a       268     0    14     1     8
      0.4464314231 a       269     0    14     1     9
     -0.2969821064 a       270     0    14     1    10
     -0.2744532486 a       271     0    14     1    11
     -0.2120408046 a       272     0    14     1    12
      0.3925338475 a       273     0    14     1    13
     -0.2478774634 a       274     0    14     1    14
      0.3764545001 a       275     0    14     1    15
     -0.2163092986 a       276     0    14     1    16
      0.2876507672 a       277     0    14     1    17
     -0.3766260439 a       278     0    14     1    18
      0.0341488586 a       279     0    14     1    19
     -0.4310776971 a       280     0    14     1    20
     -0.4572942359 a       281     0    15     1     1
      0.2320523042 a       282     0    15     1     2
      0.1248122119 a       283     0    15     1     3
      0.4624833890 a       284     0    15     1     4
      0.0843180429 a       285     0    15     1     5
      0.4958089876 a       286     0    15     1     6
      0.4301889079 a       287     0    15     1     7
     -0.2440120925 a       288     0    15     1     8
     -0.2413181321 a       289     0    15     1     9
     -0.3637985261 a       290     0    15     1    10
      0.0389637325 a       291     0    15     1    11
      0.1610174957 a       292     0    15     1    12
     -0.4582978851 a       293     0    15     1    13
      0.0152900799 a       294     0    15     1    14
     -0.0085838524 a       295     0    15     1    15
     -0.4463967489 a       296     0    15     1    16
     -0.2709934250 a       297     0    15     1    17
     -0.0121556524 a       298     0    15     1    18
     -0.2030373047 a       299     0    15     1    19
      0.3107442105 a       300     0    15     1    20
     -0.3451749574 a       301     0    16     1     1
     -0.1914189876 a       302     0    16     1     2
     -0.2308929307 a       303     0    16     1     3
      0.0856594060 a       304     0    16     1     4
      0.4157983810 a       305     0    16     1     5
      0.2892844219 a       306     0    16     1     6
     -0.3809111341 a       307     0    16     1     7
     -0.2590913130 a       308     0    16     1     8
      0.0582978513 a       309     0    16     1     9
     -0.3712473891 a       310     0    16     1    10
     -0.3275918994 a       311     0    16     1    11
      0.0674678456 a       312     0    16     1    12
      0.1866522052 a       313     0    16     1    13
     -0.0152226309 a       314     0    16     1    14
      0.2087100527 a       315     0    16     1    15
      0.0100639320 a       316     0    16     1    16
     -0.2184112744 a       317     0    16     1    17
      0.0219739773 a       318     0    16     1    18
      0.2983212061 a       319     0    16     1    19
     -0.4245976481 a       320     0    16     1    20
     -0.3460176484 a       321     0    17     1     1
      0.2997404439 a       322     0    17     1     2
     -0.3309259850 a       323     0    17     1     3
     -0.4081282711 a       324     0    17     1     4
     -0.4036098317 a       325     0    17     1     5
      0.0167442035 a       326     0    17     1     6
     -0.4643373774 a       327     0    17     1     7
     -0.4515166445 a       328     0    17     1     8
     -0.2076572087 a       329     0    17     1     9
     -0.3748241427 a       330     0    17     1    10
     -0.3710957264 a       331     0    17     1    11
      0.0516449320 a       332     0    17     1    12
      0.4629210886 a       333     0    17     1    13
      0.4182741694 a       334     0    17     1    14
     -0.1225960146 a       335     0    17     1    15
      0.4050881492 a       336     0    17     1    16
      0.2554358179 a       337     0    17     1    17
     -0.1190590320 a       338     0    17     1    18
      0.0755148224 a       339     0    17     1    19
     -0.0662937213 a       340     0    17     1    20
     -0.3640651173 a       341     0    18     1     1
     -0.3184702543 a       342     0    18     1     2
     -0.3713776707 a       343     0    18     1     3
      0.3304039426 a       344     0    18     1     4
     -0.4395916375 a       345     0    18     1     5
      0.3192837346 a       346     0    18     1     6
      0.1797867803 a       347     0    18     1     7
     -0.4058957202 a       348     0    18     1     8
      0.1241558735 a       349     0    18     1     9
     -0.0529445805 a       350     0    18     1    10
      0.2506343539 a       351     0    18     1    11
     -0.0803173022 a       352     0    18     1    12
      0.3114896150 a       353     0    18     1    13
     -0.0641368369 a       354     0    18     1    14
     -0.1525601100 a       355     0    18     1    15
     -0.3986272726 a       356     0    18     1    16
     -0.1537546031 a       357     0    18     1    17
     -0.0465437904 a       358     0    18     1    18
     -0.4664210135 a       359     0    18     1    19
      0.1276526206 a       360     0    18     1    20
     -0.0708772154 a       361     0    19     1     1
      0.1047934849 a       362     0    19     1     2
      0.3949849157 a       363     0    19     1     3
      0.0027668013 a       364     0    19     1     4
      0.1874953953 a       365     0    19     1     5
      0.0886412895 a       366     0    19     1     6
     -0.3359936287 a       367     0    19     1     7
      0.1458356829 a       368     0    19     1     8
      0.1637852267 a       369     0    19     1     9
     -0.0874406302 a       370     0    19     1    10
      0.3573948175 a       371     0    19     1    11
      0.1176710553 a       372     0    19     1    12
      0.0658822774 a       373     0    19     1    13
      0.1977911802 a       374     0    19     1    14
      0.3915281415 a       375     0    19     1    15
     -0.0711698325 a       376     0    19     1    16
     -0.3178387562 a       377     0    19     1    17
      0.1268711244 a       378     0    19     1    18
      0.2381012746 a       379     0    19     1    19
     -0.3768040057 a       380     0    19     1    20
     -0.0595912153 a       381     0    20     1     1
     -0.2496834006 a       382     0    20     1     2
     -0.0808762140 a       383     0    20     1     3
      0.1824242031 a       384     0    20     1     4
      0.2112451187 a       385     0    20     1     5
      0.0294929076 a       386     0    20     1     6
      0.2754054562 a       387     0    20     1     7
      0.3513483807 a       388     0    20     1     8
      0.2299864353 a       389     0    20     1     9
      0.4473582621 a       390     0    20     1    10
     -0.1367693477 a       391     0    20     1    11
      0.4852507870 a       392     0    20     1    12
      0.4620716446 a       393     0    20     1    13
     -0.2005936369 a       394     0    20     1    14
      0.4156669934 a       395     0    20     1    15
     -0.2968587488 a       396     0    20     1    16
     -0.0467724769 a       397     0    20     1    17
      0.1048765804 a       398     0    20     1    18
     -0.0971737109 a       399     0    20     1    19
     -0.4727420045 a       400     0    20     1    20
     -0.0225454901 a       401     0    21     1     1
     -0.0169720336 a       402     0    21     1     2
      0.4383987577 a       403     0    21     1     3
      0.1673328088 a       404     0    21     1     4
     -0.1055407877 a       405     0    21     1     5
     -0.5090869833 a       406     0    21     1     6
     -0.3420043127 a       407     0    21     1     7
     -0.1765573723 a       408     0    21     1     8
      0.4929399190 a       409     0    21     1     9
      0.4489136580 a       410     0    21     1    10
     -0.0911671263 a       411     0    21     1    11
      0.1844755015 a       412     0    21     1    12
      0.3019864890 a       413     0    21     1    13
      0.0737641206 a       414     0    21     1    14
     -0.4356898173 a       415     0    21     1    15
      0.0781062394 a       416     0    21     1    16
     -0.3635493075 a       417     0    21     1    17
     -0.4951577411 a       418     0    21     1    18
     -0.4695079600 a       419     0    21     1    19
      0.1272350381 a       420     0    21     1    20
      0.4004567200 a       421     0    22     1     1
      0.4194354426 a       422     0    22     1     2
     -0.4162544792 a       423     0    22     1     3
      0.2921580459 a       424     0    22     1     4
     -0.2390202433 a       425     0    22     1     5
     -0.4678991361 a       426     0    22     1     6
      0.2950917765 a       427     0    22     1     7
     -0.2152173733 a       428     0    22     1     8
      0.2381347242 a       429     0    22     1     9
     -0.1156052864 a       430     0    22     1    10
     -0.5750752105 a       431     0    22     1    11
     -0.1502143255 a       432     0    22     1    12
      0.2030511256 a       433     0    22     1    13
     -0.4864339277 a       434     0    22     1    14
     -0.0248242453 a       435     0    22     1    15
     -0.0250868349 a       436     0    22     1    16
     -0.2820254589 a       437     0    22     1    17
     -0.0202522964 a       438     0    22     1    18
      0.4973058166 a       439     0    22     1    19
     -0.2752121011 a       440     0    22     1    20
      0.0979624654 a       441     0    23     1     1
      0.1601240578 a       442     0    23     1     2
     -0.0953691480 a       443     0    23     1     3
      0.2974439971 a       444     0    23     1     4
     -0.0595795242 a       445     0    23     1     5
      0.2243633789 a       446     0    23     1     6
      0.4643235635 a       447     0    23     1     7
      0.3681478207 a       448     0    23     1     8
     -0.4229952815 a       449     0    23     1     9
     -0.2641994433 a       450     0    23     1    10
      0.3394768121 a       451     0    23     1    11
     -0.4734204615 a       452     0    23     1    12
      0.2320538138 a       453     0    23     1    13
     -0.1624316201 a       454     0    23     1    14
     -0.1711488570 a       455     0    23     1    15
      0.3476870506 a       456     0    23     1    16
     -0.5255847027 a       457     0    23     1    17
     -0.2179007085 a       458     0    23     1    18
      0.3663135508 a       459     0    23     1    19
      0.1962742213 a       460     0    23     1    20
      0.0186927807 a       461     0    24     1     1
     -0.0518256228 a       462     0    24     1     2
     -0.3130683635 a       463     0    24     1     3
     -0.3666897729 a       464     0    24     1     4
     -0.3955926514 a       465     0    24     1     5
     -0.0434777166 a       466     0    24     1     6
     -0.2982373457 a       467     0    24     1     7
      0.1529263798 a       468     0    24     1     8
     -0.0841186120 a       469     0    24     1     9
      0.1708668065 a       470     0    24     1    10
      0.1965455792 a       471     0    24     1    11
     -0.4461509039 a       472     0    24     1    12
     -0.4152850069 a       473     0    24     1    13
      0.4468203598 a       474     0    24     1    14
      0.3548710564 a       475     0    24     1    15
     -0.2705525981 a       476     0    24     1    16
      0.3505137009 a       477     0    24     1    17
     -0.3463959129 a       478     0    24     1    18
     -0.1726344308 a       479     0    24     1    19
     -0.0207492543 a       480     0    24     1    20
      0.2047828787 a       481     0    25     1     1
      0.3734029791 a       482     0    25     1     2
      0.3914131538 a       483     0    25     1     3
     -0.2770189194 a       484     0    25     1     4
      0.4195635885 a       485     0    25     1     5
     -0.5043399694 a       486     0    25     1     6
     -0.0814831987 a       487     0    25     1     7
      0.4652498287 a       488     0    25     1     8
     -0.4546175186 a       489     0    25     1     9
     -0.4588198825 a       490     0    25     1    10
     -0.0584282852 a       491     0    25     1    11
      0.2516820163 a       492     0    25     1    12
      0.1552046631 a       493     0    25     1    13
     -0.3030918962 a       494     0    25     1    14
      0.0964181756 a       495     0    25     1    15
     -0.3942775396 a       496     0    25     1    16
     -0.4845996893 a       497     0    25     1    17
     -0.3985140724 a       498     0    25     1    18
     -0.4938360793 a       499     0    25     1    19
      0.0743987389 a       500     0    25     1    20
      0.4764956127 a       501     0    26     1     1
      0.3509767696 a       502     0    26     1     2
      0.3095716490 a       503     0    26     1     3
      0.1131632836 a       504     0    26     1     4
     -0.1079985347 a       505     0    26     1     5
      0.3882004000 a       506     0    26     1     6
     -0.2797129837 a       507     0    26     1     7
      0.2085565147 a       508     0    26     1     8
     -0.2626750224 a       509     0    26     1     9
     -0.1933469747 a       510     0    26     1    10
      0.3786908600 a       511     0    26     1    11
     -0.3037710036 a       512     0    26     1    12
      0.1553873583 a       513     0    26     1    13
      0.1777850668 a       514     0    26     1    14
     -0.1031148873 a       515     0    26     1    15
      0.0732226730 a       516     0    26     1    16
     -0.4872474152 a       517     0    26     1    17
      0.1936812718 a       518     0    26     1    18
      0.2975366255 a       519     0    26     1    19
     -0.4730050925 a       520     0    26     1    20
     -0.2589958591 a       521     0    27     1     1
      0.2625455126 a       522     0    27     1     2
      0.4189585110 a       523     0    27     1     3
     -0.4437204174 a       524     0    27     1     4
      0.0725945218 a       525     0    27     1     5
     -0.2905060665 a       526     0    27     1     6
      0.1543303141 a       527     0    27     1     7
     -0.3556419570 a       528     0    27     1     8
     -0.1608543963 a       529     0    27     1     9
      0.4306231796 a       530     0    27     1    10
      0.0596272419 a       531     0    27     1    11
     -0.3043911390 a       532     0    27     1    12
      0.3564545945 a       533     0    27     1    13
      0.2355904239 a       534     0    27     1    14
      0.4498577251 a       535     0    27     1    15
     -0.2624107260 a       536     0    27     1    16
     -0.0104979275 a       537     0    27     1    17
     -0.2442933980 a       538     0    27     1    18
     -0.2825390146 a       539     0    27     1    19
      0.2036687913 a       540     0    27     1    20
      0.1744083519 a       541     0    28     1     1
      0.3204093928 a       542     0    28     1     2
      0.2511445339 a       543     0    28     1     3
     -0.4566909069 a       544     0    28     1     4
     -0.2896023518 a       545     0    28     1     5
      0.1090779649 a       546     0    28     1     6
      0.3486168613 a       547     0    28     1     7
     -0.5258072720 a       548     0    28     1     8
     -0.4828461961 a       549     0    28     1     9
      0.3061346172 a       550     0    28     1    10
     -0.2249991059 a       551     0    28     1    11
     -0.4707388510 a       552     0    28     1    12
     -0.3685438980 a       553     0    28     1    13
     -0.1422144678 a       554     0    28     1    14
      0.4402369750 a       555     0    28     1    15
     -0.4465668842 a       556     0    28     1    16
      0.3694618330 a       557     0    28     1    17
     -0.3010856231 a       558     0    28     1    18
     -0.4085659484 a       559     0    28     1    19
      0.4510525529 a       560     0    28     1    20
      1.3773504351 b       561     1     1
      0.4784873943 b       562     1     2
      1.3931190888 b       563     1     3
     -1.4437970498 b       564     1     4
     -1.0617199392 b       565     1     5
      1.3544053772 b       566     1     6
     -0.5349077438 b       567     1     7
      0.9908172384 b       568     1     8
      0.2869595932 b       569     1     9
     -0.7442708601 b       570     1    10
      1.0275448802 b       571     1    11
     -0.3209511722 b       572     1    12
      0.6436717422 b       573     1    13
     -1.3073072430 b       574     1    14
     -0.7581881174 b       575     1    15
     -1.0792710488 b       576     1    16
     -0.1830913760 b       577     1    17
     -1.5132877502 b       578     1    18
     -1.2317136797 b       579     1    19
      1.1510780565 b       580     1    20
     -0.5550807017 a       581     1     1     2     1
      0.0927569929 a       582     1     1     2     2
     -0.2984763484 a       583     1     1     2     3
      0.5032131781 a       584     1     1     2     4
      0.8428566536 a       585     1     1     2     5
     -0.6465596861 a       586     1     1     2     6
     -0.3645252665 a       587     1     1     2     7
      0.2668474803 a       588     1     1     2     8
     -0.0801712529 a       589     1     1     2     9
      0.5153931514 a       590     1     1     2    10
      0.4665581688 a       591     1     1     2    11
      0.3411984738 a       592     1     1     2    12
     -0.1675481987 a       593     1     1     2    13
     -0.2612681733 a       594     1     1     2    14
     -0.0956070339 a       595     1     1     2    15
     -0.1242423326 a       596     1     1     2    16
     -0.4425777154 a       597     1     1     2    17
      0.4195430854 a       598     1     1     2    18
     -0.4432193823 a       599     1     1     2    19
     -0.5756092788 a       600     1     1     2    20
      0.4456291847 a       601     1     2     2     1
     -0.0471385560 a       602     1     2     2     2
     -0.4515352190 a       603     1     2     2     3
      0.2685216882 a       604     1     2     2     4
     -0.4056884344 a       605     1     2     2     5
     -0.2406823632 a       606     1     2     2     6
     -0.4763675297 a       607     1     2     2     7
      0.4377969786 a       608     1     2     2     8
      0.4686872698 a       609     1     2     2     9
      0.4878067609 a       610     1     2     2    10
      0.3847168477 a       611     1     2     2    11
     -0.1170649223 a       612     1     2     2    12
      0.3181204129 a       613     1     2     2    13
     -0.0653861813 a       614     1     2     2    14
     -0.0242322378 a       615     1     2     2    15
     -0.6132516812 a       616     1     2     2    16
      0.0692404481 a       617     1     2     2    17
     -0.2971179211 a       618     1     2     2    18
      0.5032673753 a       619     1     2     2    19
     -0.1564807192 a       620     1     2     2    20
      0.5347431019 a       621     1     3     2     1
      0.5245428397 a       622     1     3     2     2
      0.5251930830 a       623     1     3     2     3
      0.4077898147 a       624     1     3     2     4
      0.0556629957 a       625     1     3     2     5
      0.2992359416 a       626     1     3     2     6
     -0.4119729510 a       627     1     3     2     7
      0.4491886247 a       628     1     3     2     8
     -0.4670939309 a       629     1     3     2     9
      0.1770256104 a       630     1     3     2    10
      0.2682715887 a       631     1     3     2    11
     -0.4601198932 a       632     1     3     2    12
     -0.3541096944 a       633     1     3     2    13
     -0.0877417574 a       634     1     3     2    14
     -0.0214077102 a       635     1     3     2    15
     -0.1421670531 a       636     1     3     2    16
     -0.1720976521 a       637     1     3     2    17
     -0.5093832341 a       638     1     3     2    18
      0.2454419028 a       639     1     3     2    19
     -0.2065736130 a       640     1     3     2    20
     -0.1848149088 a       641     1     4     2     1
      0.3982679517 a       642     1     4     2     2
      0.3554818803 a       643     1     4     2     3
     -0.2645779521 a       644     1     4     2     4
      0.2724638055 a       645     1     4     2     5
      0.2388428311 a       646     1     4     2     6
      0.4909217444 a       647     1     4     2     7
     -0.5053751415 a       648     1     4     2     8
     -0.5268158185 a       649     1     4     2     9
      0.5791863293 a       650     1     4     2    10
      0.4455624027 a       651     1     4     2    11
     -0.4679607080 a       652     1     4     2    12
     -0.4866421606 a       653     1     4     2    13
      0.4727678055 a       654     1     4     2    14
      0.0283553103 a       655     1     4     2    15
     -0.6368905711 a       656     1     4     2    16
      0.3632207584 a       657     1     4     2    17
      0.1851558139 a       658     1     4     2    18
     -0.3637275226 a       659     1     4     2    19
      0.2433302646 a       660     1     4     2    20
      0.3397478058 a       661     1     5     2     1
     -0.5613110212 a       662     1     5     2     2
      0.1654219155 a       663     1     5     2     3
      0.1086012510 a       664     1     5     2     4
      0.0481278952 a       665     1     5     2     5
      0.1951772809 a       666     1     5     2     6
     -0.1354620078 a       667     1     5     2     7
      0.3365810507 a       668     1     5     2     8
      0.0565878042 a       669     1     5     2     9
     -0.0065855248 a       670     1     5     2    10
      0.6220574942 a       671     1     5     2    11
     -0.5055726620 a       672     1     5     2    12
      0.2485245664 a       673     1     5     2    13
     -0.4065376371 a       674     1     5     2    14
      0.6324963731 a       675     1     5     2    15
     -0.3760358802 a       676     1     5     2    16
     -0.5492540427 a       677     1     5     2    17
     -0.0858021554 a       678     1     5     2    18
      0.2581304474 a       679     1     5     2    19
      0.3551400757 a       680     1     5     2    20
      0.5636677327 a       681     1     6     2     1
     -0.4635951647 a       682     1     6     2     2
      0.5074646847 a       683     1     6     2     3
     -0.4299008776 a       684     1     6     2     4
      0.3619281839 a       685     1     6     2     5
     -0.2523317994 a       686     1     6     2     6
      0.3002345694 a       687     1     6     2     7
     -0.5021553284 a       688     1     6     2     8
      0.4565725886 a       689     1     6     2     9
      0.3420846343 a       690     1     6     2    10
      0.1450093384 a       691     1     6     2    11
     -0.2982367836 a       692     1     6     2    12
     -0.6727029624 a       693     1     6     2    13
     -0.3201353679 a       694     1     6     2    14
     -0.5268521193 a       695     1     6     2    15
     -0.6233493051 a       696     1     6     2    16
      0.3463069148 a       697     1     6     2    17
      0.2660222436 a       698     1     6     2    18
     -0.4957603226 a       699     1     6     2    19
      0.3506127600 a       700     1     6     2    20
     -0.1365888113 a       701     1     7     2     1
     -0.5535243144 a       702     1     7     2     2
      0.3817240276 a       703     1     7     2     3
      0.4896872796 a       704     1     7     2     4
      0.1500451052 a       705     1     7     2     5
     -0.2775638986 a       706     1     7     2     6
     -0.3613867893 a       707     1     7     2     7
     -0.4249102545 a       708     1     7     2     8
      0.4019714739 a       709     1     7     2     9
      0.5069989011 a       710     1     7     2    10
     -0.1845707997 a       711     1     7     2    11
     -0.0643751183 a       712     1     7     2    12
     -0.3276748754 a       713     1     7     2    13
      0.4505549974 a       714     1     7     2    14
     -0.6401067600 a       715     1     7     2    15
     -0.0558827497 a       716     1     7     2    16
      0.4601600954 a       717     1     7     2    17
      0.5706059005 a       718     1     7     2    18
      0.4128765201 a       719     1     7     2    19
      0.5832895595 a       720     1     7     2    20
     -0.0174188086 a       721     1     8     2     1
     -0.5614742495 a       722     1     8     2     2
     -0.1757402503 a       723     1     8     2     3
      0.0478999962 a       724     1     8     2     4
      0.4704211627 a       725     1     8     2     5
      0.0077570642 a       726     1     8     2     6
     -0.2979717529 a       727     1     8     2     7
      0.1227335863 a       728     1     8     2     8
     -0.1498980878 a       729     1     8     2     9
      0.1741216308 a       730     1     8     2    10
     -0.2928593145 a       731     1     8     2    11
     -0.4761294887 a       732     1     8     2    12
     -0.4980166532 a       733     1     8     2    13
      0.2376242677 a       734     1     8     2    14
     -0.3910350917 a       735     1     8     2    15
     -0.0203263807 a       736     1     8     2    16
      0.0715503085 a       737     1     8     2    17
      0.2983711970 a       738     1     8     2    18
      0.3983129823 a       739     1     8     2    19
      0.1621310457 a       740     1     8     2    20
      0.0155408699 a       741     1     9     2     1
     -0.2678583007 a       742     1     9     2     2
     -0.5553521680 a       743     1     9     2     3
      0.4834214533 a       744     1     9     2     4
     -0.0091150507 a       745     1     9     2     5
     -0.2209776593 a       746     1     9     2     6
     -0.3812425152 a       747     1     9     2     7
     -0.2219355581 a       748     1     9     2     8
      0.0628614226 a       749     1     9     2     9
      0.5133307021 a       750     1     9     2    10
     -0.0516399406 a       751     1     9     2    11
      0.4510158194 a       752     1     9     2    12
     -0.6993066255 a       753     1     9     2    13
     -0.5001210827 a       754     1     9     2    14
     -0.3799469213 a       755     1     9     2    15
      0.1813425538 a       756     1     9     2    16
     -0.3350250630 a       757     1     9     2    17
     -0.3787000257 a       758     1     9     2    18
      0.1711073184 a       759     1     9     2    19
     -0.4536171047 a       760     1     9     2    20
      0.3531182744 a       761     1    10     2     1
     -0.1684304929 a       762     1    10     2     2
      0.2812271951 a       763     1    10     2     3
     -0.4400407358 a       764     1    10     2     4
      0.4125166615 a       765     1    10     2     5
      0.5552617444 a       766     1    10     2     6
     -0.4642233692 a       767     1    10     2     7
     -0.4090066783 a       768     1    10     2     8
      0.4403645161 a       769     1    10     2     9
     -0.3776112773 a       770     1    10     2    10
      0.1701249515 a       771     1    10     2    11
      0.1655196128 a       772     1    10     2    12
     -0.2962648263 a       773     1    10     2    13
     -0.2713839239 a       774     1    10     2    14
      0.0443022012 a       775     1    10     2    15
     -0.3587532112 a       776     1    10     2    16
     -0.3526781479 a       777     1    10     2    17
     -0.2999857314 a       778     1    10     2    18
      0.1122208628 a       779     1    10     2    19
     -0.5235985347 a       780     1    10     2    20
      0.4754316157 a       781     1    11     2     1
     -0.0101791256 a       782     1    11     2     2
      0.3260759326 a       783     1    11     2     3
      0.5560655462 a       784     1    11     2     4
     -0.6520411439 a       785     1    11     2     5
      0.4267735485 a       786     1    11     2     6
      0.6413484510 a       787     1    11     2     7
     -0.3150708423 a       788     1    11     2     8
     -0.0668285023 a       789     1    11     2     9
     -0.4043014260 a       790     1    11     2    10
     -0.3690457996 a       791     1    11     2    11
      0.1471262114 a       792     1    11     2    12
     -0.1365466556 a       793     1    11     2    13
     -0.2522035704 a       794     1    11     2    14
      0.5111744364 a       795     1    11     2    15
     -0.3712651188 a       796     1    11     2    16
      0.0398816315 a       797     1    11     2    17
      0.5778984670 a       798     1    11     2    18
      0.0152370181 a       799     1    11     2    19
      0.3246605323 a       800     1    11     2    20
      0.3047424588 a       801     1    12     2     1
     -0.2313558417 a       802     1    12     2     2
     -0.2413625845 a       803     1    12     2     3
      0.4205602956 a       804     1    12     2     4
      0.0234389840 a       805     1    12     2     5
      0.1215599068 a       806     1    12     2     6
     -0.0070157275 a       807     1    12     2     7
     -0.2281951440 a       808     1    12     2     8
      0.5028464821 a       809     1    12     2     9
      0.0436480747 a       810     1    12     2    10
      0.1772379254 a       811     1    12     2    11
     -0.3705935403 a       812     1    12     2    12
     -0.0884984728 a       813     1    12     2    13
      0.4557761176 a       814     1    12     2    14
      0.2242851151 a       815     1    12     2    15
      0.0579018621 a       816     1    12     2    16
     -0.4429592943 a       817     1    12     2    17
     -0.3224168300 a       818     1    12     2    18
      0.4767888754 a       819     1    12     2    19
      0.3393444452 a       820     1    12     2    20
     -0.0222995491 a       821     1    13     2     1
      0.1588115800 a       822     1    13     2     2
      0.1479040317 a       823     1    13     2     3
      0.0040231610 a       824     1    13     2     4
     -0.1892854681 a       825     1    13     2     5
      0.1697417220 a       826     1    13     2     6
      0.2628190754 a       827     1    13     2     7
     -0.4102667710 a       828     1    13     2     8
     -0.3929293952 a       829     1    13     2     9
      0.0014282929 a       830     1    13     2    10
      0.5559365287 a       831     1    13     2    11
     -0.4534468597 a       832     1    13     2    12
      0.0210079946 a       833     1    13     2    13
     -0.2426489657 a       834     1    13     2    14
      0.1925105102 a       835     1    13     2    15
      0.6399927920 a       836     1    13     2    16
     -0.3542138459 a       837     1    13     2    17
     -0.3847971463 a       838     1    13     2    18
      0.0998683055 a       839     1    13     2    19
     -0.3405480475 a       840     1    13     2    20
     -0.3140100930 a       841     1    14     2     1
      0.1133740241 a       842     1    14     2     2
     -0.0079056158 a       843     1    14     2     3
      0.4973031802 a       844     1    14     2     4
      0.2455383854 a       845     1    14     2     5
     -0.7401256093 a       846     1    14     2     6
      0.2073580051 a       847     1    14     2     7
     -0.3385098872 a       848     1    14     2     8
     -0.5162067397 a       849     1    14     2     9
     -0.0705941844 a       850     1    14     2    10
      0.0173122706 a       851     1    14     2    11
      0.4270789875 a       852     1    14     2    12
      0.0999367044 a       853     1    14     2    13
      0.2616623876 a       854     1    14     2    14
      0.3045510493 a       855     1    14     2    15
      0.3058039946 a       856     1    14     2    16
     -0.4786416720 a       857     1    14     2    17
      0.4244598042 a       858     1    14     2    18
      0.2122850783 a       859     1    14     2    19
      0.3171960208 a       860     1    14     2    20
      0.4686017278 a       861     1    15     2     1
      0.2996958069 a       862     1    15     2     2
      0.4992449207 a       863     1    15     2     3
     -0.3379340932 a       864     1    15     2     4
      0.0133371265 a       865     1    15     2     5
      0.5325161768 a       866     1    15     2     6
     -0.4808521505 a       867     1    15     2     7
     -0.3379776883 a       868     1    15     2     8
      0.4146615743 a       869     1    15     2     9
     -0.5081800217 a       870     1    15     2    10
      0.3222076337 a       871     1    15     2    11
      0.4010157141 a       872     1    15     2    12
      0.5352506380 a       873     1    15     2    13
     -0.5345530764 a       874     1    15     2    14
     -0.0746380836 a       875     1    15     2    15
     -0.0190572815 a       876     1    15     2    16
     -0.0818735991 a       877     1    15     2    17
      0.4793931741 a       878     1    15     2    18
     -0.4051582327 a       879     1    15     2    19
      0.0783096513 a       880     1    15     2    20
      0.4216264760 a       881     1    16     2     1
     -0.0758416307 a       882     1    16     2     2
     -0.4622466005 a       883     1    16     2     3
     -0.3311672828 a       884     1    16     2     4
      0.1489581168 a       885     1    16     2     5
     -0.4965740461 a       886     1    16     2     6
      0.2985464361 a       887     1    16     2     7
     -0.4906452233 a       888     1    16     2     8
      0.4094808954 a       889     1    16     2     9
      0.0300268947 a       890     1    16     2    10
      0.2485526687 a       891     1    16     2    11
     -0.2818692093 a       892     1    16     2    12
      0.2195533659 a       893     1    16     2    13
     -0.2161529352 a       894     1    16     2    14
     -0.5444909365 a       895     1    16     2    15
      0.6058020807 a       896     1    16     2    16
     -0.3516739254 a       897     1    16     2    17
     -0.0183078228 a       898     1    16     2    18
      0.2408435584 a       899     1    16     2    19
      0.0360198596 a       900     1    16     2    20
      0.0610347781 a       901     1    17     2     1
     -0.5727127068 a       902     1    17     2     2
     -0.0817198854 a       903     1    17     2     3
     -0.3749138851 a       904     1    17     2     4
      0.4342667197 a       905     1    17     2     5
     -0.2726594430 a       906     1    17     2     6
      0.2664502641 a       907     1    17     2     7
      0.4260086884 a       908     1    17     2     8
      0.3917338770 a       909     1    17     2     9
      0.0963675081 a       910     1    17     2    10
     -0.6721039368 a       911     1    17     2    11
     -0.1009687759 a       912     1    17     2    12
     -0.1916700055 a       913     1    17     2    13
     -0.3984359539 a       914     1    17     2    14
     -0.2124998891 a       915     1    17     2    15
      0.0406540586 a       916     1    17     2    16
     -0.2736533925 a       917     1    17     2    17
      0.4440192865 a       918     1    17     2    18
      0.5853189777 a       919     1    17     2    19
     -0.2596800545 a       920     1    17     2    20
     -0.2233145562 a       921     1    18     2     1
      0.5380702568 a       922     1    18     2     2
      0.5355476912 a       923     1    18     2     3
      0.2663473995 a       924     1    18     2     4
     -0.3296792791 a       925     1    18     2     5
     -0.1092308255 a       926     1    18     2     6
     -0.1577009028 a       927     1    18     2     7
     -0.3230198979 a       928     1    18     2     8
     -0.3466491903 a       929     1    18     2     9
     -0.2472297750 a       930     1    18     2    10
     -0.2175069067 a       931     1    18     2    11
      0.4181043896 a       932     1    18     2    12
     -0.5346552287 a       933     1    18     2    13
     -0.3991196124 a       934     1    18     2    14
      0.0797718523 a       935     1    18     2    15
     -0.0810302228 a       936     1    18     2    16
      0.4734730643 a       937     1    18     2    17
     -0.3057592563 a       938     1    18     2    18
      0.5292570475 a       939     1    18     2    19
      0.4770677123 a       940     1    18     2    20
      0.4154713816 a       941     1    19     2     1
     -0.3307590689 a       942     1    19     2     2
      0.1958426664 a       943     1    19     2     3
      0.2167391254 a       944     1    19     2     4
      0.4185321115 a       945     1    19     2     5
     -0.0020798493 a       946     1    19     2     6
     -0.1241603715 a       947     1    19     2     7
      0.2375925744 a       948     1    19     2     8
     -0.1131873369 a       949     1    19     2     9
     -0.4478329577 a       950     1    19     2    10
      0.5578118024 a       951     1    19     2    11
      0.3566223834 a       952     1    19     2    12
     -0.0804935141 a       953     1    19     2    13
     -0.4396329487 a       954     1    19     2    14
      0.2014711006 a       955     1    19     2    15
     -0.2138068691 a       956     1    19     2    16
     -0.5729247312 a       957     1    19     2    17
      0.0097442582 a       958     1    19     2    18
     -0.4332041155 a       959     1    19     2    19
      0.3425505652 a       960     1    19     2    20
      0.4499396168 a       961     1    20     2     1
     -0.1831432531 a       962     1    20     2     2
     -0.3419633321 a       963     1    20     2     3
      0.0607962644 a       964     1    20     2     4
      0.3548590546 a       965     1    20     2     5
     -0.3148077569 a       966     1    20     2     6
     -0.4819679161 a       967     1    20     2     7
      0.0803650186 a       968     1    20     2     8
     -0.1615942614 a       969     1    20     2     9
      0.5030867312 a       970     1    20     2    10
     -0.0756948819 a       971     1    20     2    11
      0.4155436652 a       972     1    20     2    12
      0.1105409420 a       973     1    20     2    13
     -0.5088527957 a       974     1    20     2    14
      0.6360661849 a       975     1    20     2    15
     -0.3025678158 a       976     1    20     2    16
      0.3162516101 a       977     1    20     2    17
     -0.2483927471 a       978     1    20     2    18
      0.0908307475 a       979     1    20     2    19
     -0.4801976468 a       980     1    20     2    20
      1.5779104209 b       981     2     1
      0.4916635334 b       982     2     2
      1.2702394533 b       983     2     3
      0.6507471115 b       984     2     4
      0.7577124826 b       985     2     5
     -0.3588252319 b       986     2     6
     -1.4309674930 b       987     2     7
     -0.6818149756 b       988     2     8
     -0.8159479469 b       989     2     9
      0.4937845454 b       990     2    10
      1.1665947521 b       991     2    11
      0.2133835110 b       992     2    12
     -0.3669742281 b       993     2    13
      1.6217375929 b       994     2    14
     -0.6803534406 b       995     2    15
      1.5891029369 b       996     2    16
      1.5924184237 b       997     2    17
     -0.7034990108 b       998     2    18
     -0.3150342014 b       999     2    19
     -0.3713960610 b      1000     2    20
      0.0463830874 a      1001     2     1     3     1
     -0.0025376411 a      1002     2     2     3     1
     -0.0073665997 a      1003     2     3     3     1
      0.0272212170 a      1004     2     4     3     1
     -0.0032216097 a      1005     2     5     3     1
      0.0101764114 a      1006     2     6     3     1
      0.0133321678 a      1007     2     7     3     1
     -0.0193475750 a      1008     2     8     3     1
     -0.0015598609 a      1009     2     9     3     1
      0.0211148723 a      1010     2    10     3     1
      0.0014069799 a      1011     2    11     3     1
      0.0008208051 a      1012     2    12     3     1
      0.0097972237 a      1013     2    13     3     1
     -0.0194011854 a      1014     2    14     3     1
     -0.0086586305 a      1015     2    15     3     1
     -0.0233168613 a      1016     2    16     3     1
     -0.0098276780 a      1017     2    17     3     1
      0.0318621644 a      1018     2    18     3     1
      0.0155965292 a      1019     2    19     3     1
      0.0104168219 a      1020     2    20     3     1
     19.6904826846 b      1021     3     1
