     -0.4737112591 a         1     0     1     1     1
     -0.2692670350 a         2     0     1     1     2
     -0.2555292735 a         3     0     1     1     3
     -0.0814371497 a         4     0     1     1     4
      0.1059402837 a         5     0     1     1     5
      0.2158384527 a         6     0     1     1     6
      0.3796976800 a         7     0     1     1     7
      0.1354897680 a         8     0     1     1     8
      0.4604048309 a         9     0     1     1     9
      0.0843312161 a        10     0     1     1    10
     -0.0194002426 a        11     0     1     1    11
      0.2487122093 a        12     0     1     1    12
      0.2482918054 a        13     0     1     1    13
      0.4126695909 a        14     0     1     1    14
     -0.3259122158 a        15     0     1     1    15
      0.2168457325 a        16     0     1     1    16
     -0.1793636340 a        17     0     1     1    17
     -0.5011831694 a        18     0     1     1    18
     -0.0842913503 a        19     0     1     1    19
     -0.1297188311 a        20     0     1     1    20
     -0.4500202982 a        21     0     2     1     1
     -0.2287426235 a        22     0     2     1     2
      0.1643244507 a        23     0     2     1     3
     -0.4342554885 a        24     0     2     1     4
     -0.0301249327 a        25     0     2     1     5
      0.0171664684 a        26     0     2     1     6
      0.0769536907 a        27     0     2     1     7
      0.1018442185 a        28     0     2     1     8
      0.2648828312 a        29     0     2     1     9
     -0.1905243622 a        30     0     2     1    10
      0.1680635694 a        31     0     2     1    11
      0.1191660310 a        32     0     2     1    12
      0.2573339595 a        33     0     2     1    13
     -0.4249157413 a        34     0     2     1    14
     -0.3306384660 a        35     0     2     1    15
     -0.4225763300 a        36     0     2     1    16
      0.3906385223 a        37     0     2     1    17
     -0.3885890659 a        38     0     2     1    18
     -0.1718864138 a        39     0     2     1    19
     -0.2928289683 a        40     0     2     1    20
     -0.0749752339 a        41     0     3     1     1
      0.0306919444 a        42     0     3     1     2
     -0.0799945465 a        43     0     3     1     3
     -0.0574030818 a        44     0     3     1     4
      0.4353062092 a        45     0     3     1     5
      0.0262312590 a        46     0     3     1     6
     -0.0695167181 a        47     0     3     1     7
     -0.1520490831 a        48     0     3     1     8
     -0.0787649918 a        49     0     3     1     9
      0.2956009412 a        50     0     3     1    10
      0.2106711740 a        51     0     3     1    11
     -0.4595732347 a        52     0     3     1    12
     -0.4403613296 a        53     0     3     1    13
      0.0516997516 a        54     0     3     1    14
     -0.2712210564 a        55     0     3     1    15
     -0.4274178274 a        56     0     3     1    16
      0.0202542431 a        57     0     3     1    17
     -0.2718425729 a        58     0     3     1    18
      0.4052296133 a        59     0     3     1    19
      0.3421646040 a        60     0     3     1    20
      0.1836596174 a        61     0     4     1     1
      0.3459739651 a        62     0     4     1     2
     -0.2925421441 a        63     0     4     1     3
     -0.0750378221 a        64     0     4     1     4
     -0.4274362122 a        65     0     4     1     5
      0.1287627968 a        66     0     4     1     6
     -0.1377485992 a        67     0     4     1     7
     -0.1451785778 a        68     0     4     1     8
      0.5021035194 a        69     0     4     1     9
      0.1473803778 a        70     0     4     1    10
      0.2743876661 a        71     0     4     1    11
     -0.1106867492 a        72     0     4     1    12
     -0.0896678713 a        73     0     4     1    13
      0.3307987400 a        74     0     4     1    14
     -0.1641630906 a        75     0     4     1    15
      0.4346681700 a        76     0     4     1    16
     -0.3401336449 a        77     0     4     1    17
     -0.0712721315 a        78     0     4     1    18
     -0.3247681184 a        79     0     4     1    19
     -0.0140048850 a        80     0     4     1    20
      0.4556999448 a        81     0     5     1     1
     -0.4845184356 a        82     0     5     1     2
      0.3888013765 a        83     0     5     1     3
     -0.4192722046 a        84     0     5     1     4
     -0.3707434163 a        85     0     5     1     5
      0.1059559883 a        86     0     5     1     6
      0.3735221301 a        87     0     5     1     7
     -0.1255884355 a        88     0     5     1     8
     -0.1977112162 a        89     0     5     1     9
     -0.3937409754 a        90     0     5     1    10
     -0.0114417290 a        91     0     5     1    11
     -0.0373316338 a        92     0     5     1    12
     -0.1562884435 a        93     0     5     1    13
      0.4202214247 a        94     0     5     1    14
     -0.3934825545 a        95     0     5     1    15
     -0.2912956536 a        96     0     5     1    16
     -0.1541025467 a        97     0     5     1    17
      0.5357946217 a        98     0     5     1    18
      0.0299429972 a        99     0     5     1    19
     -0.2036257759 a       100     0     5     1    20
      0.1520751229 a       101     0     6     1     1
      0.3409753893 a       102     0     6     1     2
     -0.0014650722 a       103     0     6     1     3
      0.4530282792 a       104     0     6     1     4
     -0.3527142818 a       105     0     6     1     5
      0.3046206136 a       106     0     6     1     6
     -0.3677184841 a       107     0     6     1     7
     -0.3927213978 a       108     0     6     1     8
     -0.1154645440 a       109     0     6     1     9
     -0.2566909738 a       110     0     6     1    10
      0.3496967687 a       111     0     6     1    11
      0.4099880327 a       112     0     6     1    12
     -0.4760155038 a       113     0     6     1    13
      0.3397994513 a       114     0     6     1    14
      0.1273940352 a       115     0     6     1    15
      0.0046791049 a       116     0     6     1    16
      0.3764410279 a       117     0     6     1    17
     -0.5028787511 a       118     0     6     1    18
     -0.2636548387 a       119     0     6     1    19
      0.0155500411 a       120     0     6     1    20
      0.0571669384 a       121     0     7     1     1
      0.1135525472 a       122     0     7     1     2
     -0.4125676285 a       123     0     7     1     3
      0.1784588860 a       124     0     7     1     4
      0.3553335785 a       125     0     7     1     5
      0.3655527014 a       126     0     7     1     6
     -0.3211234342 a       127     0     7     1     7
     -0.0907353069 a       128     0     7     1     8
      0.2064421599 a       129     0     7     1     9
      0.4588914812 a       130     0     7     1    10
      0.0720320846 a       131     0     7     1    11
      0.1184399134 a       132     0     7     1    12
     -0.1553024513 a       133     0     7     1    13
     -0.2466648515 a       134     0     7     1    14
     -0.4214768960 a       135     0     7     1    15
      0.1206954961 a       136     0     7     1    16
      0.3678026003 a       137     0     7     1    17
      0.2688445396 a       138     0     7     1    18
      0.0811418902 a       139     0     7     1    19
     -0.3258974628 a       140     0     7     1    20
      0.1892175152 a       141     0     8     1     1
     -0.1109355447 a       142     0     8     1     2
     -0.1857119675 a       143     0     8     1     3
     -0.1150013248 a       144     0     8     1     4
      0.3388417308 a       145     0     8     1     5
     -0.0507006648 a       146     0     8     1     6
     -0.2887589162 a       147     0     8     1     7
     -0.1461560913 a       148     0     8     1     8
     -0.2476425978 a       149     0     8     1     9
     -0.3093312333 a       150     0     8     1    10
      0.4141426974 a       151     0     8     1    11
      0.1009114564 a       152     0     8     1    12
     -0.2592825290 a       153     0     8     1    13
      0.1060743824 a       154     0     8     1    14
     -0.3710763412 a       155     0     8     1    15
     -0.2591867529 a       156     0     8     1    16
      0.1724668394 a       157     0     8     1    17
      0.2050933309 a       158     0     8     1    18
      0.4408577679 a       159     0     8     1    19
     -0.1519155093 a       160     0     8     1    20
     -0.1761249408 a       161     0     9     1     1
      0.4761467000 a       162     0     9     1     2
     -0.2225462855 a       163     0     9     1     3
      0.2171750923 a       164     0     9     1     4
     -0.1188759376 a       165     0     9     1     5
      0.3780369333 a       166     0     9     1     6
     -0.1025883930 a       167     0     9     1     7
      0.1958970374 a       168     0     9     1     8
      0.0679990974 a       169     0     9     1     9
      0.0435316178 a       170     0     9     1    10
      0.4936781047 a       171     0     9     1    11
      0.4771653261 a       172     0     9     1    12
     -0.3245887817 a       173     0     9     1    13
      0.3411530234 a       174     0     9     1    14
     -0.0065029079 a       175     0     9     1    15
     -0.2675838439 a       176     0     9     1    16
      0.3070305882 a       177     0     9     1    17
     -0.1918727768 a       178     0     9     1    18
     -0.1257867287 a       179     0     9     1    19
     -0.3591975448 a       180     0     9     1    20
      0.4981142828 a       181     0    10     1     1
     -0.4936146535 a       182     0    10     1     2
      0.3112742879 a       183     0    10     1     3
     -0.1704137917 a       184     0    10     1     4
      0.0245819887 a       185     0    10     1     5
      0.4015700035 a       186     0    10     1     6
      0.0994262585 a       187     0    10     1     7
     -0.1477950271 a       188     0    10     1     8
      0.0517788597 a       189     0    10     1     9
      0.3812160300 a       190     0    10     1    10
     -0.4186515239 a       191     0    10     1    11
      0.0423545429 a       192     0    10     1    12
      0.1545363782 a       193     0    10     1    13
     -0.2610891892 a       194     0    10     1    14
     -0.3152244864 a       195     0    10     1    15
      0.2742649667 a       196     0    10     1    16
     -0.0179145143 a       197     0    10     1    17
     -0.5008845399 a       198     0    10     1    18
      0.3539340793 a       199     0    10     1    19
     -0.1342532668 a       200     0    10     1    20
      0.0426489099 a       201     0    11     1     1
      0.3449763080 a       202     0    11     1     2
     -0.2035134957 a       203     0    11     1     3
     -0.3553946759 a       204     0    11     1     4
     -0.0213477082 a       205     0    11     1     5
     -0.0244066063 a       206     0    11     1     6
     -0.3423969680 a       207     0    11     1     7
     -0.2907076372 a       208     0    11     1     8
     -0.3033822638 a       209     0    11     1     9
     -0.0732098374 a       210     0    11     1    10
     -0.2408317038 a       211     0    11     1    11
      0.3273769065 a       212     0    11     1    12
      0.0929475608 a       213     0    11     1    13
      0.4417509454 a       214     0    11     1    14
      0.1544997474 a       215     0    11     1    15
      0.2292032483 a       216     0    11     1    16
     -0.2499347994 a       217     0    11     1    17
     -0.2263307690 a       218     0    11     1    18
      0.2097632298 a       219     0    11     1    19
      0.2485339503 a       220     0    11     1    20
      0.2492523028 a       221     0    12     1     1
      0.0441337041 a       222     0    12     1     2
     -0.3498676754 a       223     0    12     1     3
     -0.4489355932 a       224     0    12     1     4
     -0.1554512943 a       225     0    12     1     5
     -0.0309891575 a       226     0    12     1     6
      0.0010239100 a       227     0    12     1     7
      0.4933867623 a       228     0    12     1     8
     -0.4053663771 a       229     0    12     1     9
      0.0914932430 a       230     0    12     1    10
      0.4974886191 a       231     0    12     1    11
      0.4423847581 a       232     0    12     1    12
      0.1658127688 a       233     0    12     1    13
      0.2913176833 a       234     0    12     1    14
      0.3574409926 a       235     0    12     1    15
      0.1349854589 a       236     0    12     1    16
     -0.1351685532 a       237     0    12     1    17
     -0.0030868162 a       238     0    12     1    18
      0.1652960070 a       239     0    12     1    19
     -0.4764510329 a       240     0    12     1    20
      0.3674264053 a       241     0    13     1     1
      0.2294371991 a       242     0    13     1     2
     -0.3737532473 a       243     0    13     1     3
      0.0121709471 a       244     0    13     1     4
      0.4549488982 a       245     0    13     1     5
      0.3486960571 a       246     0    13     1     6
     -0.3802900707 a       247     0    13     1     7
      0.2320308452 a       248     0    13     1     8
     -0.2351270902 a       249     0    13     1     9
      0.1864698617 a       250     0    13     1    10
     -0.1808812328 a       251     0    13     1    11
      0.3473961050 a       252     0    13     1    12
     -0.1425300453 a       253     0    13     1    13
     -0.3826081450 a       254     0    13     1    14
     -0.2704022030 a       255     0    13     1    15
     -0.4077967858 a       256     0    13     1    16
     -0.0744925309 a       257     0    13     1    17
      0.0898425153 a       258     0    13     1    18
      0.0743550739 a       259     0    13     1    19
     -0.3804827454 a       260     0    13     1    20
      0.2956042376 a       261     0    14     1     1
      0.3827702465 a       262     0    14     1     2
     -0.0101828423 a       263     0    14     1     3
     -0.1884166679 a       264     0    14     1     4
      0.4165666020 a       265     0    14     1     5
      0.4700327282 a       266     0    14     1     6
      0.1368739381 a       267     0    14     1     7
      0.4190786591 a       268     0    14     1     8
      0.4468662318 a       269     0    14     1     9
     -0.2981163358 a       270     0    14     1    10
     -0.2758229483 a       271     0    14     1    11
     -0.2096570840 a       272     0    14     1    12
      0.3933777716 a       273     0    14     1    13
     -0.2460539912 a       274     0    14     1    14
      0.3688130339 a       275     0    14     1    15
     -0.2144554002 a       276     0    14     1    16
      0.2910186803 a       277     0    14     1    17
     -0.3763186250 a       278     0    14     1    18
      0.0341312124 a       279     0    14     1    19
     -0.4313701234 a       280     0    14     1    20
     -0.4576044472 a       281     0    15     1     1
      0.2309459855 a       282     0    15     1     2
      0.1259779780 a       283     0    15     1     3
      0.4577789778 a       284     0    15     1     4
      0.0789285397 a       285     0    15     1     5
      0.4957314734 a       286     0    15     1     6
      0.4157656120 a       287     0    15     1     7
     -0.2471860085 a       288     0    15     1     8
     -0.2314046023 a       289     0    15     1     9
     -0.3658186500 a       290     0    15     1    10
      0.0285385737 a       291     0    15     1    11
      0.1615856377 a       292     0    15     1    12
     -0.4333199974 a       293     0    15     1    13
      0.0193235366 a       294     0    15     1    14
     -0.0157256160 a       295     0    15     1    15
     -0.4388695477 a       296     0    15     1    16
     -0.2644730991 a       297     0    15     1    17
     -0.0102499438 a       298     0    15     1    18
     -0.2036058120 a       299     0    15     1    19
      0.3120374793 a       300     0    15     1    20
     -0.3449933175 a       301     0    16     1     1
     -0.1902791251 a       302     0    16     1     2
     -0.2319270221 a       303     0    16     1     3
      0.0854235552 a       304     0    16     1     4
      0.4140318223 a       305     0    16     1     5
      0.2894955198 a       306     0    16     1     6
     -0.3813137649 a       307     0    16     1     7
     -0.2572504201 a       308     0    16     1     8
      0.0567006510 a       309     0    16     1     9
     -0.3730300389 a       310     0    16     1    10
     -0.3284083335 a       311     0    16     1    11
      0.0689317952 a       312     0    16     1    12
      0.1883454073 a       313     0    16     1    13
     -0.0134268575 a       314     0    16     1    14
      0.2020754288 a       315     0    16     1    15
      0.0120799935 a       316     0    16     1    16
     -0.2155294796 a       317     0    16     1    17
      0.0224456182 a       318     0    16     1    18
      0.2979074689 a       319     0    16     1    19
     -0.4254613280 a       320     0    16     1    20
     -0.3464257897 a       321     0    17     1     1
      0.3058288792 a       322     0    17     1     2
     -0.3310657555 a       323     0    17     1     3
     -0.4076785517 a       324     0    17     1     4
     -0.4029401415 a       325     0    17     1     5
      0.0145379747 a       326     0    17     1     6
     -0.4632687309 a       327     0    17     1     7
     -0.4516344778 a       328     0    17     1     8
     -0.2076489303 a       329     0    17     1     9
     -0.3756583719 a       330     0    17     1    10
     -0.3674575469 a       331     0    17     1    11
      0.0530616482 a       332     0    17     1    12
      0.4595282643 a       333     0    17     1    13
      0.4170809390 a       334     0    17     1    14
     -0.1222456615 a       335     0    17     1    15
      0.4008113530 a       336     0    17     1    16
      0.2562113422 a       337     0    17     1    17
     -0.1198681544 a       338     0    17     1    18
      0.0749745502 a       339     0    17     1    19
     -0.0664736331 a       340     0    17     1    20
     -0.3632404814 a       341     0    18     1     1
     -0.3239392986 a       342     0    18     1     2
     -0.3702733137 a       343     0    18     1     3
      0.3288799849 a       344     0    18     1     4
     -0.4426320679 a       345     0    18     1     5
      0.3194105287 a       346     0    18     1     6
      0.1779719313 a       347     0    18     1     7
     -0.4078304421 a       348     0    18     1     8
      0.1262926674 a       349     0    18     1     9
     -0.0564568582 a       350     0    18     1    10
      0.2496758764 a       351     0    18     1    11
     -0.0808158717 a       352     0    18     1    12
      0.3176176041 a       353     0    18     1    13
     -0.0634345353 a       354     0    18     1    14
     -0.1511846059 a       355     0    18     1    15
     -0.3974996842 a       356     0    18     1    16
     -0.1520402351 a       357     0    18     1    17
     -0.0461621231 a       358     0    18     1    18
     -0.4669727277 a       359     0    18     1    19
      0.1273549738 a       360     0    18     1    20
     -0.0709867818 a       361     0    19     1     1
      0.1087651529 a       362     0    19     1     2
      0.3954294939 a       363     0    19     1     3
      0.0030332266 a       364     0    19     1     4
      0.1878181812 a       365     0    19     1     5
      0.0867723256 a       366     0    19     1     6
     -0.3347137235 a       367     0    19     1     7
      0.1452219066 a       368     0    19     1     8
      0.1638643850 a       369     0    19     1     9
     -0.0884257840 a       370     0    19     1    10
      0.3610442768 a       371     0    19     1    11
      0.1185117060 a       372     0    19     1    12
      0.0641938716 a       373     0    19     1    13
      0.1972984379 a       374     0    19     1    14
      0.3917162999 a       375     0    19     1    15
     -0.0747202613 a       376     0    19     1    16
     -0.3173878199 a       377     0    19     1    17
      0.1262867833 a       378     0    19     1    18
      0.2380596022 a       379     0    19     1    19
     -0.3769934979 a       380     0    19     1    20
     -0.0588537044 a       381     0    20     1     1
     -0.2518406638 a       382     0    20     1     2
     -0.0796611826 a       383     0    20     1     3
      0.1821325380 a       384     0    20     1     4
      0.2096777605 a       385     0    20     1     5
      0.0284763380 a       386     0    20     1     6
      0.2737790772 a       387     0    20     1     7
      0.3497425538 a       388     0    20     1     8
      0.2290460344 a       389     0    20     1     9
      0.4443217608 a       390     0    20     1    10
     -0.1361037450 a       391     0    20     1    11
      0.4850400458 a       392     0    20     1    12
      0.4622776736 a       393     0    20     1    13
     -0.2007124297 a       394     0    20     1    14
      0.4144342249 a       395     0    20     1    15
     -0.2992602902 a       396     0    20     1    16
     -0.0475592559 a       397     0    20     1    17
      0.1046468206 a       398     0    20     1    18
     -0.0973990677 a       399     0    20     1    19
     -0.4733726808 a       400     0    20     1    20
     -0.0223615466 a       401     0    21     1     1
     -0.0156738622 a       402     0    21     1     2
      0.4390560637 a       403     0    21     1     3
      0.1676064460 a       404     0    21     1     4
     -0.1064730498 a       405     0    21     1     5
     -0.5108509813 a       406     0    21     1     6
     -0.3448896684 a       407     0    21     1     7
     -0.1774852338 a       408     0    21     1     8
      0.4919412072 a       409     0    21     1     9
      0.4472358422 a       410     0    21     1    10
     -0.0911458787 a       411     0    21     1    11
      0.1854022385 a       412     0    21     1    12
      0.3006421067 a       413     0    21     1    13
      0.0731807509 a       414     0    21     1    14
     -0.4395774891 a       415     0    21     1    15
      0.0751777393 a       416     0    21     1    16
     -0.3657898968 a       417     0    21     1    17
     -0.4953499179 a       418     0    21     1    18
     -0.4696141278 a       419     0    21     1    19
      0.1267354945 a       420     0    21     1    20
      0.4002820384 a       421     0    22     1     1
      0.4243618467 a       422     0    22     1     2
     -0.4161291759 a       423     0    22     1     3
      0.2935556170 a       424     0    22     1     4
     -0.2379344463 a       425     0    22     1     5
     -0.4701892940 a       426     0    22     1     6
      0.2954031513 a       427     0    22     1     7
     -0.2151812889 a       428     0    22     1     8
      0.2348890452 a       429     0    22     1     9
     -0.1170761793 a       430     0    22     1    10
     -0.5710445303 a       431     0    22     1    11
     -0.1488674904 a       432     0    22     1    12
      0.1953626032 a       433     0    22     1    13
     -0.4880717793 a       434     0    22     1    14
     -0.0269306101 a       435     0    22     1    15
     -0.0311853780 a       436     0    22     1    16
     -0.2841662351 a       437     0    22     1    17
     -0.0209783090 a       438     0    22     1    18
      0.4967990433 a       439     0    22     1    19
     -0.2758119239 a       440     0    22     1    20
      0.0983274980 a       441     0    23     1     1
      0.1610951989 a       442     0    23     1     2
     -0.0948858833 a       443     0    23     1     3
      0.2974675360 a       444     0    23     1     4
     -0.0608132714 a       445     0    23     1     5
      0.2231899360 a       446     0    23     1     6
      0.4623207497 a       447     0    23     1     7
      0.3674119598 a       448     0    23     1     8
     -0.4238728618 a       449     0    23     1     9
     -0.2668546955 a       450     0    23     1    10
      0.3398889154 a       451     0    23     1    11
     -0.4727321554 a       452     0    23     1    12
      0.2307662555 a       453     0    23     1    13
     -0.1625366098 a       454     0    23     1    14
     -0.1744166420 a       455     0    23     1    15
      0.3453703488 a       456     0    23     1    16
     -0.5258456959 a       457     0    23     1    17
     -0.2181716362 a       458     0    23     1    18
      0.3660204517 a       459     0    23     1    19
      0.1958607097 a       460     0    23     1    20
      0.0197712145 a       461     0    24     1     1
     -0.0545672640 a       462     0    24     1     2
     -0.3126899435 a       463     0    24     1     3
     -0.3672864173 a       464     0    24     1     4
     -0.3982379225 a       465     0    24     1     5
     -0.0425525755 a       466     0    24     1     6
     -0.2959614626 a       467     0    24     1     7
      0.1523702917 a       468     0    24     1     8
     -0.0822273661 a       469     0    24     1     9
      0.1682741701 a       470     0    24     1    10
      0.1983856976 a       471     0    24     1    11
     -0.4463715372 a       472     0    24     1    12
     -0.4123377139 a       473     0    24     1    13
      0.4477724951 a       474     0    24     1    14
      0.3561629916 a       475     0    24     1    15
     -0.2701840013 a       476     0    24     1    16
      0.3537902680 a       477     0    24     1    17
     -0.3462294511 a       478     0    24     1    18
     -0.1728903190 a       479     0    24     1    19
     -0.0210311436 a       480     0    24     1    20
      0.2046945503 a       481     0    25     1     1
      0.3759488617 a       482     0    25     1     2
      0.3907800592 a       483     0    25     1     3
     -0.2772237895 a       484     0    25     1     4
      0.4172586581 a       485     0    25     1     5
     -0.5055249179 a       486     0    25     1     6
     -0.0855863457 a       487     0    25     1     7
      0.4652568092 a       488     0    25     1     8
     -0.4533986428 a       489     0    25     1     9
     -0.4602612905 a       490     0    25     1    10
     -0.0612017320 a       491     0    25     1    11
      0.2541968844 a       492     0    25     1    12
      0.1566356478 a       493     0    25     1    13
     -0.3028698138 a       494     0    25     1    14
      0.0899206400 a       495     0    25     1    15
     -0.3942074925 a       496     0    25     1    16
     -0.4847347628 a       497     0    25     1    17
     -0.3983755321 a       498     0    25     1    18
     -0.4942900486 a       499     0    25     1    19
      0.0741359708 a       500     0    25     1    20
      0.4763028347 a       501     0    26     1     1
      0.3562264154 a       502     0    26     1     2
      0.3089473298 a       503     0    26     1     3
      0.1132558863 a       504     0    26     1     4
     -0.1087760807 a       505     0    26     1     5
      0.3872231180 a       506     0    26     1     6
     -0.2808575694 a       507     0    26     1     7
      0.2096734682 a       508     0    26     1     8
     -0.2633315589 a       509     0    26     1     9
     -0.1958812968 a       510     0    26     1    10
      0.3795141907 a       511     0    26     1    11
     -0.3018964221 a       512     0    26     1    12
      0.1530835498 a       513     0    26     1    13
      0.1785593294 a       514     0    26     1    14
     -0.1094551117 a       515     0    26     1    15
      0.0719196473 a       516     0    26     1    16
     -0.4845521030 a       517     0    26     1    17
      0.1935005155 a       518     0    26     1    18
      0.2971841352 a       519     0    26     1    19
     -0.4731506684 a       520     0    26     1    20
     -0.2590828191 a       521     0    27     1     1
      0.2691006064 a       522     0    27     1     2
      0.4174518881 a       523     0    27     1     3
     -0.4440865761 a       524     0    27     1     4
      0.0724008855 a       525     0    27     1     5
     -0.2892632906 a       526     0    27     1     6
      0.1589319364 a       527     0    27     1     7
     -0.3514628628 a       528     0    27     1     8
     -0.1609339851 a       529     0    27     1     9
      0.4287439778 a       530     0    27     1    10
      0.0646582097 a       531     0    27     1    11
     -0.3022927882 a       532     0    27     1    12
      0.3571095803 a       533     0    27     1    13
      0.2386762949 a       534     0    27     1    14
      0.4427281073 a       535     0    27     1    15
     -0.2597366112 a       536     0    27     1    16
     -0.0010291611 a       537     0    27     1    17
     -0.2437385110 a       538     0    27     1    18
     -0.2828532659 a       539     0    27     1    19
      0.2032329222 a       540     0    27     1    20
      0.1746436962 a       541     0    28     1     1
      0.3198581745 a       542     0    28     1     2
      0.2515039660 a       543     0    28     1     3
     -0.4569117069 a       544     0    28     1     4
     -0.2897189124 a       545     0    28     1     5
      0.1098433192 a       546     0    28     1     6
      0.3477971332 a       547     0    28     1     7
     -0.5258832537 a       548     0    28     1     8
     -0.4823184013 a       549     0    28     1     9
      0.3058573956 a       550     0    28     1    10
     -0.2254252188 a       551     0    28     1    11
     -0.4706660698 a       552     0    28     1    12
     -0.3668737598 a       553     0    28     1    13
     -0.1423033290 a       554     0    28     1    14
      0.4400457960 a       555     0    28     1    15
     -0.4477323019 a       556     0    28     1    16
      0.3695761085 a       557     0    28     1    17
     -0.3011917338 a       558     0    28     1    18
     -0.4086029051 a       559     0    28     1    19
      0.4508948587 a       560     0    28     1    20
      1.3785518232 b       561     1     1
      0.4773282988 b       562     1     2
      1.3947534792 b       563     1     3
     -1.4449634762 b       564     1     4
     -1.0626893209 b       565     1     5
      1.3592085749 b       566     1     6
     -0.5413382863 b       567     1     7
      0.9906630631 b       568     1     8
      0.2919763984 b       569     1     9
     -0.7456580562 b       570     1    10
      1.0249276674 b       571     1    11
     -0.3184954923 b       572     1    12
      0.6538631610 b       573     1    13
     -1.3090399139 b       574     1    14
     -0.7598749964 b       575     1    15
     -1.0885530355 b       576     1    16
     -0.1823481260 b       577     1    17
     -1.5143169370 b       578     1    18
     -1.2327227783 b       579     1    19
      1.1498274127 b       580     1    20
     -0.5562373209 a       581     1     1     2     1
      0.0928513970 a       582     1     1     2     2
     -0.2984031580 a       583     1     1     2     3
      0.5024276770 a       584     1     1     2     4
      0.8431340535 a       585     1     1     2     5
     -0.6491022121 a       586     1     1     2     6
     -0.3632111237 a       587     1     1     2     7
      0.2699451893 a       588     1     1     2     8
     -0.0794085642 a       589     1     1     2     9
      0.5175286598 a       590     1     1     2    10
      0.4687705406 a       591     1     1     2    11
      0.3377902860 a       592     1     1     2    12
     -0.1661434421 a       593     1     1     2    13
     -0.2590364206 a       594     1     1     2    14
     -0.0937196466 a       595     1     1     2    15
     -0.1265335322 a       596     1     1     2    16
     -0.4434323267 a       597     1     1     2    17
      0.4166648069 a       598     1     1     2    18
     -0.4429436606 a       599     1     1     2    19
     -0.5763676060 a       600     1     1     2    20
      0.4433676741 a       601     1     2     2     1
     -0.0483090176 a       602     1     2     2     2
     -0.4532866704 a       603     1     2     2     3
      0.2668894526 a       604     1     2     2     4
     -0.4091717192 a       605     1     2     2     5
     -0.2427989657 a       606     1     2     2     6
     -0.4745070080 a       607     1     2     2     7
      0.4448263091 a       608     1     2     2     8
      0.4678297137 a       609     1     2     2     9
      0.4885620642 a       610     1     2     2    10
      0.3839688576 a       611     1     2     2    11
     -0.1199797493 a       612     1     2     2    12
      0.3200144996 a       613     1     2     2    13
     -0.0634598063 a       614     1     2     2    14
     -0.0237779374 a       615     1     2     2    15
     -0.6191809231 a       616     1     2     2    16
      0.0683660796 a       617     1     2     2    17
     -0.3069652771 a       618     1     2     2    18
      0.5089348057 a       619     1     2     2    19
     -0.1568982669 a       620     1     2     2    20
      0.5342891461 a       621     1     3     2     1
      0.5244595939 a       622     1     3     2     2
      0.5254422188 a       623     1     3     2     3
      0.4071116771 a       624     1     3     2     4
      0.0568087027 a       625     1     3     2     5
      0.2966457032 a       626     1     3     2     6
     -0.4107776143 a       627     1     3     2     7
      0.4503654661 a       628     1     3     2     8
     -0.4663515599 a       629     1     3     2     9
      0.1791975647 a       630     1     3     2    10
      0.2704921864 a       631     1     3     2    11
     -0.4635780376 a       632     1     3     2    12
     -0.3537782513 a       633     1     3     2    13
     -0.0870720760 a       634     1     3     2    14
     -0.0187030586 a       635     1     3     2    15
     -0.1420401503 a       636     1     3     2    16
     -0.1729325350 a       637     1     3     2    17
     -0.5103615017 a       638     1     3     2    18
      0.2455140265 a       639     1     3     2    19
     -0.2073490554 a       640     1     3     2    20
     -0.1842647224 a       641     1     4     2     1
      0.3988001280 a       642     1     4     2     2
      0.3560502468 a       643     1     4     2     3
     -0.2646456493 a       644     1     4     2     4
      0.2722468843 a       645     1     4     2     5
      0.2408925392 a       646     1     4     2     6
      0.4896271112 a       647     1     4     2     7
     -0.5067386393 a       648     1     4     2     8
     -0.5274786104 a       649     1     4     2     9
      0.5768989992 a       650     1     4     2    10
      0.4435595840 a       651     1     4     2    11
     -0.4640747726 a       652     1     4     2    12
     -0.4878859529 a       653     1     4     2    13
      0.4723157776 a       654     1     4     2    14
      0.0263905873 a       655     1     4     2    15
     -0.6351099287 a       656     1     4     2    16
      0.3641255627 a       657     1     4     2    17
      0.1849727177 a       658     1     4     2    18
     -0.3655115724 a       659     1     4     2    19
      0.2441087491 a       660     1     4     2    20
      0.3396610683 a       661     1     5     2     1
     -0.5600455151 a       662     1     5     2     2
      0.1683972286 a       663     1     5     2     3
      0.1075485600 a       664     1     5     2     4
      0.0489205961 a       665     1     5     2     5
      0.1947622313 a       666     1     5     2     6
     -0.1364127407 a       667     1     5     2     7
      0.3386992435 a       668     1     5     2     8
      0.0553017193 a       669     1     5     2     9
     -0.0088822141 a       670     1     5     2    10
      0.6195164782 a       671     1     5     2    11
     -0.5018932731 a       672     1     5     2    12
      0.2449622146 a       673     1     5     2    13
     -0.4066435817 a       674     1     5     2    14
      0.6344331504 a       675     1     5     2    15
     -0.3672414290 a       676     1     5     2    16
     -0.5484660241 a       677     1     5     2    17
     -0.0912936016 a       678     1     5     2    18
      0.2565304732 a       679     1     5     2    19
      0.3557816480 a       680     1     5     2    20
      0.5623220377 a       681     1     6     2     1
     -0.4641710916 a       682     1     6     2     2
      0.5067716985 a       683     1     6     2     3
     -0.4302431458 a       684     1     6     2     4
      0.3613445688 a       685     1     6     2     5
     -0.2550890596 a       686     1     6     2     6
      0.3015129986 a       687     1     6     2     7
     -0.4997812318 a       688     1     6     2     8
      0.4568879014 a       689     1     6     2     9
      0.3442730081 a       690     1     6     2    10
      0.1463686713 a       691     1     6     2    11
     -0.3026177691 a       692     1     6     2    12
     -0.6714685100 a       693     1     6     2    13
     -0.3227083779 a       694     1     6     2    14
     -0.5240520555 a       695     1     6     2    15
     -0.6213666993 a       696     1     6     2    16
      0.3452656120 a       697     1     6     2    17
      0.2639688064 a       698     1     6     2    18
     -0.4925593720 a       699     1     6     2    19
      0.3498271396 a       700     1     6     2    20
     -0.1343879608 a       701     1     7     2     1
     -0.5530645870 a       702     1     7     2     2
      0.3821045490 a       703     1     7     2     3
      0.4903517799 a       704     1     7     2     4
      0.1520657754 a       705     1     7     2     5
     -0.2774278503 a       706     1     7     2     6
     -0.3625549469 a       707     1     7     2     7
     -0.4300438075 a       708     1     7     2     8
      0.4017822239 a       709     1     7     2     9
      0.5060594946 a       710     1     7     2    10
     -0.1848029036 a       711     1     7     2    11
     -0.0623129186 a       712     1     7     2    12
     -0.3301344515 a       713     1     7     2    13
      0.4473235801 a       714     1     7     2    14
     -0.6396624613 a       715     1     7     2    15
     -0.0498542901 a       716     1     7     2    16
      0.4606909336 a       717     1     7     2    17
      0.5754894628 a       718     1     7     2    18
      0.4115987199 a       719     1     7     2    19
      0.5836440193 a       720     1     7     2    20
     -0.0174208266 a       721     1     8     2     1
     -0.5616296863 a       722     1     8     2     2
     -0.1768850058 a       723     1     8     2     3
      0.0474073762 a       724     1     8     2     4
      0.4711020430 a       725     1     8     2     5
      0.0059010236 a       726     1     8     2     6
     -0.2964997751 a       727     1     8     2     7
      0.1230629744 a       728     1     8     2     8
     -0.1492442703 a       729     1     8     2     9
      0.1759648020 a       730     1     8     2    10
     -0.2904915205 a       731     1     8     2    11
     -0.4783906361 a       732     1     8     2    12
     -0.4971196261 a       733     1     8     2    13
      0.2381595491 a       734     1     8     2    14
     -0.3896816376 a       735     1     8     2    15
     -0.0210359777 a       736     1     8     2    16
      0.0707598150 a       737     1     8     2    17
      0.2970194498 a       738     1     8     2    18
      0.3993546455 a       739     1     8     2    19
      0.1615065633 a       740     1     8     2    20
      0.0155029815 a       741     1     9     2     1
     -0.2674731082 a       742     1     9     2     2
     -0.5559777749 a       743     1     9     2     3
      0.4850474927 a       744     1     9     2     4
     -0.0072887694 a       745     1     9     2     5
     -0.2178931113 a       746     1     9     2     6
     -0.3814453045 a       747     1     9     2     7
     -0.2227685789 a       748     1     9     2     8
      0.0636855484 a       749     1     9     2     9
      0.5142983403 a       750     1     9     2    10
     -0.0497800082 a       751     1     9     2    11
      0.4512492264 a       752     1     9     2    12
     -0.6960208390 a       753     1     9     2    13
     -0.4942773704 a       754     1     9     2    14
     -0.3845438567 a       755     1     9     2    15
      0.1672016029 a       756     1     9     2    16
     -0.3347993327 a       757     1     9     2    17
     -0.3718653147 a       758     1     9     2    18
      0.1693536076 a       759     1     9     2    19
     -0.4536594920 a       760     1     9     2    20
      0.3543414474 a       761     1    10     2     1
     -0.1687257418 a       762     1    10     2     2
      0.2811911119 a       763     1    10     2     3
     -0.4384411862 a       764     1    10     2     4
      0.4126262717 a       765     1    10     2     5
      0.5576769725 a       766     1    10     2     6
     -0.4654336956 a       767     1    10     2     7
     -0.4117672730 a       768     1    10     2     8
      0.4398847289 a       769     1    10     2     9
     -0.3790093643 a       770     1    10     2    10
      0.1690631201 a       771     1    10     2    11
      0.1679651992 a       772     1    10     2    12
     -0.2970106040 a       773     1    10     2    13
     -0.2724401940 a       774     1    10     2    14
      0.0426555975 a       775     1    10     2    15
     -0.3601002881 a       776     1    10     2    16
     -0.3519254701 a       777     1    10     2    17
     -0.2943334874 a       778     1    10     2    18
      0.1116767446 a       779     1    10     2    19
     -0.5230703562 a       780     1    10     2    20
      0.4742643786 a       781     1    11     2     1
     -0.0102921504 a       782     1    11     2     2
      0.3262491686 a       783     1    11     2     3
      0.5563547667 a       784     1    11     2     4
     -0.6515540989 a       785     1    11     2     5
      0.4240305428 a       786     1    11     2     6
      0.6422289154 a       787     1    11     2     7
     -0.3125315721 a       788     1    11     2     8
     -0.0658167285 a       789     1    11     2     9
     -0.4025901853 a       790     1    11     2    10
     -0.3674958930 a       791     1    11     2    11
      0.1437027667 a       792     1    11     2    12
     -0.1349304092 a       793     1    11     2    13
     -0.2508581885 a       794     1    11     2    14
      0.5125590898 a       795     1    11     2    15
     -0.3718650307 a       796     1    11     2    16
      0.0392197989 a       797     1    11     2    17
      0.5781235436 a       798     1    11     2    18
      0.0157290073 a       799     1    11     2    19
      0.3240145604 a       800     1    11     2    20
      0.3031104404 a       801     1    12     2     1
     -0.2312605605 a       802     1    12     2     2
     -0.2412928567 a       803     1    12     2     3
      0.4182131394 a       804     1    12     2     4
      0.0217332416 a       805     1    12     2     5
      0.1208789498 a       806     1    12     2     6
     -0.0073430648 a       807     1    12     2     7
     -0.2254776642 a       808     1    12     2     8
      0.5030000947 a       809     1    12     2     9
      0.0423856802 a       810     1    12     2    10
      0.1756900714 a       811     1    12     2    11
     -0.3694417990 a       812     1    12     2    12
     -0.0900247118 a       813     1    12     2    13
      0.4549368376 a       814     1    12     2    14
      0.2252136576 a       815     1    12     2    15
      0.0655515925 a       816     1    12     2    16
     -0.4429216787 a       817     1    12     2    17
     -0.3321363006 a       818     1    12     2    18
      0.4770381241 a       819     1    12     2    19
      0.3396252647 a       820     1    12     2    20
     -0.0210418525 a       821     1    13     2     1
      0.1570171840 a       822     1    13     2     2
      0.1453381120 a       823     1    13     2     3
      0.0073938265 a       824     1    13     2     4
     -0.1904716787 a       825     1    13     2     5
      0.1711990728 a       826     1    13     2     6
      0.2644954687 a       827     1    13     2     7
     -0.4103245047 a       828     1    13     2     8
     -0.3929591895 a       829     1    13     2     9
      0.0030037874 a       830     1    13     2    10
      0.5566083724 a       831     1    13     2    11
     -0.4558833196 a       832     1    13     2    12
      0.0249865691 a       833     1    13     2    13
     -0.2393883902 a       834     1    13     2    14
      0.1897475478 a       835     1    13     2    15
      0.6277292227 a       836     1    13     2    16
     -0.3547045669 a       837     1    13     2    17
     -0.3771125172 a       838     1    13     2    18
      0.1060879422 a       839     1    13     2    19
     -0.3409120388 a       840     1    13     2    20
     -0.3138228017 a       841     1    14     2     1
      0.1136318805 a       842     1    14     2     2
     -0.0077280817 a       843     1    14     2     3
      0.4980480270 a       844     1    14     2     4
      0.2450054726 a       845     1    14     2     5
     -0.7378110828 a       846     1    14     2     6
      0.2062073912 a       847     1    14     2     7
     -0.3382291368 a       848     1    14     2     8
     -0.5168271215 a       849     1    14     2     9
     -0.0728610022 a       850     1    14     2    10
      0.0150583995 a       851     1    14     2    11
      0.4305749161 a       852     1    14     2    12
      0.0997706298 a       853     1    14     2    13
      0.2627680048 a       854     1    14     2    14
      0.3015853274 a       855     1    14     2    15
      0.3041282259 a       856     1    14     2    16
     -0.4776932776 a       857     1    14     2    17
      0.4250919883 a       858     1    14     2    18
      0.2117282554 a       859     1    14     2    19
      0.3179696345 a       860     1    14     2    20
      0.4702595461 a       861     1    15     2     1
      0.3001090020 a       862     1    15     2     2
      0.5008663015 a       863     1    15     2     3
     -0.3370074888 a       864     1    15     2     4
      0.0135728240 a       865     1    15     2     5
      0.5340822330 a       866     1    15     2     6
     -0.4811044660 a       867     1    15     2     7
     -0.3393553901 a       868     1    15     2     8
      0.4132956037 a       869     1    15     2     9
     -0.5096339165 a       870     1    15     2    10
      0.3205354765 a       871     1    15     2    11
      0.4038039925 a       872     1    15     2    12
      0.5342288822 a       873     1    15     2    13
     -0.5346218353 a       874     1    15     2    14
     -0.0750973490 a       875     1    15     2    15
     -0.0189259629 a       876     1    15     2    16
     -0.0812558300 a       877     1    15     2    17
      0.4816175309 a       878     1    15     2    18
     -0.4052307377 a       879     1    15     2    19
      0.0788060609 a       880     1    15     2    20
      0.4215244878 a       881     1    16     2     1
     -0.0741219917 a       882     1    16     2     2
     -0.4598251533 a       883     1    16     2     3
     -0.3328652500 a       884     1    16     2     4
      0.1502338016 a       885     1    16     2     5
     -0.4948404327 a       886     1    16     2     6
      0.2971812053 a       887     1    16     2     7
     -0.4887821438 a       888     1    16     2     8
      0.4096141904 a       889     1    16     2     9
      0.0277563618 a       890     1    16     2    10
      0.2472863871 a       891     1    16     2    11
     -0.2772084787 a       892     1    16     2    12
      0.2183738353 a       893     1    16     2    13
     -0.2089459343 a       894     1    16     2    14
     -0.5472547275 a       895     1    16     2    15
      0.6028704762 a       896     1    16     2    16
     -0.3505222866 a       897     1    16     2    17
     -0.0219397585 a       898     1    16     2    18
      0.2338927272 a       899     1    16     2    19
      0.0367542980 a       900     1    16     2    20
      0.0624727812 a       901     1    17     2     1
     -0.5739261942 a       902     1    17     2     2
     -0.0832205247 a       903     1    17     2     3
     -0.3734914927 a       904     1    17     2     4
      0.4334945970 a       905     1    17     2     5
     -0.2666376032 a       906     1    17     2     6
      0.2655821260 a       907     1    17     2     7
      0.4197723601 a       908     1    17     2     8
      0.3918957244 a       909     1    17     2     9
      0.0967555867 a       910     1    17     2    10
     -0.6710657302 a       911     1    17     2    11
     -0.1000930509 a       912     1    17     2    12
     -0.1904109007 a       913     1    17     2    13
     -0.3983433735 a       914     1    17     2    14
     -0.2162158531 a       915     1    17     2    15
      0.0284025653 a       916     1    17     2    16
     -0.2733018422 a       917     1    17     2    17
      0.4551065294 a       918     1    17     2    18
      0.5823829324 a       919     1    17     2    19
     -0.2595202453 a       920     1    17     2    20
     -0.2220481021 a       921     1    18     2     1
      0.5381842187 a       922     1    18     2     2
      0.5350390997 a       923     1    18     2     3
      0.2666025163 a       924     1    18     2     4
     -0.3301413370 a       925     1    18     2     5
     -0.1062334043 a       926     1    18     2     6
     -0.1589925248 a       927     1    18     2     7
     -0.3263470855 a       928     1    18     2     8
     -0.3472216408 a       929     1    18     2     9
     -0.2493890045 a       930     1    18     2    10
     -0.2193143947 a       931     1    18     2    11
      0.4220100646 a       932     1    18     2    12
     -0.5356265809 a       933     1    18     2    13
     -0.4002541120 a       934     1    18     2    14
      0.0770639091 a       935     1    18     2    15
     -0.0803120064 a       936     1    18     2    16
      0.4743713475 a       937     1    18     2    17
     -0.3045171838 a       938     1    18     2    18
      0.5278101824 a       939     1    18     2    19
      0.4778528435 a       940     1    18     2    20
      0.4160486304 a       941     1    19     2     1
     -0.3308593849 a       942     1    19     2     2
      0.1954468665 a       943     1    19     2     3
      0.2171427496 a       944     1    19     2     4
      0.4176454974 a       945     1    19     2     5
      0.0007937499 a       946     1    19     2     6
     -0.1250767821 a       947     1    19     2     7
      0.2372483033 a       948     1    19     2     8
     -0.1138313557 a       949     1    19     2     9
     -0.4500202379 a       950     1    19     2    10
      0.5558684313 a       951     1    19     2    11
      0.3604035129 a       952     1    19     2    12
     -0.0806072466 a       953     1    19     2    13
     -0.4377844622 a       954     1    19     2    14
      0.1979834542 a       955     1    19     2    15
     -0.2178342239 a       956     1    19     2    16
     -0.5720407714 a       957     1    19     2    17
      0.0105322611 a       958     1    19     2    18
     -0.4337962497 a       959     1    19     2    19
      0.3433136929 a       960     1    19     2    20
      0.4501131702 a       961     1    20     2     1
     -0.1841210129 a       962     1    20     2     2
     -0.3420977632 a       963     1    20     2     3
      0.0603921352 a       964     1    20     2     4
      0.3538632074 a       965     1    20     2     5
     -0.3149858237 a       966     1    20     2     6
     -0.4814668429 a       967     1    20     2     7
      0.0783089244 a       968     1    20     2     8
     -0.1614825443 a       969     1    20     2     9
      0.5055322171 a       970     1    20     2    10
     -0.0735657755 a       971     1    20     2    11
      0.4117132856 a       972     1    20     2    12
      0.1100445194 a       973     1    20     2    13
     -0.5115522137 a       974     1    20     2    14
      0.6394851522 a       975     1    20     2    15
     -0.3041400395 a       976     1    20     2    16
      0.3153434673 a       977     1    20     2    17
     -0.2446953807 a       978     1    20     2    18
      0.0910248412 a       979     1    20     2    19
     -0.4809625849 a       980     1    20     2    20
      1.5768065899 b       981     2     1
      0.4918025304 b       982     2     2
      1.2706719528 b       983     2     3
      0.6498755245 b       984     2     4
      0.7583719563 b       985     2     5
     -0.3619620411 b       986     2     6
     -1.4297447090 b       987     2     7
     -0.6794869600 b       988     2     8
     -0.8150644627 b       989     2     9
      0.4962473671 b       990     2    10
      1.1688557647 b       991     2    11
      0.2091701999 b       992     2    12
     -0.3660377672 b       993     2    13
      1.6224070705 b       994     2    14
     -0.6774087740 b       995     2    15
      1.5898375142 b       996     2    16
      1.5914424864 b       997     2    17
     -0.7059690985 b       998     2    18
     -0.3148744556 b       999     2    19
     -0.3722756209 b      1000     2    20
      0.0058535141 a      1001     2     1     3     1
      0.0066524071 a      1002     2     2     3     1
      0.0079293154 a      1003     2     3     3     1
     -0.0056826735 a      1004     2     4     3     1
     -0.0040861640 a      1005     2     5     3     1
     -0.0066056759 a      1006     2     6     3     1
      0.0070196517 a      1007     2     7     3     1
      0.0001197109 a      1008     2     8     3     1
     -0.0043311880 a      1009     2     9     3     1
      0.0062666164 a      1010     2    10     3     1
     -0.0008807091 a      1011     2    11     3     1
      0.0006424915 a      1012     2    12     3     1
     -0.0045188142 a      1013     2    13     3     1
      0.0002557295 a      1014     2    14     3     1
      0.0031173807 a      1015     2    15     3     1
      0.0023501590 a      1016     2    16     3     1
     -0.0075938795 a      1017     2    17     3     1
      0.0042141880 a      1018     2    18     3     1
     -0.0055464579 a      1019     2    19     3     1
      0.0066890001 a      1020     2    20     3     1
     19.6581907772 b      1021     3     1
