     -0.9410457164 a         1     0     1     1     1
     -0.1553864476 a         2     0     1     1     2
      0.4197418696 a         3     0     1     1     3
      0.6013524539 a         4     0     1     1     4
      0.9313514241 a         5     0     1     1     5
     -0.7767706214 a         6     0     1     1     6
      0.8161655672 a         7     0     1     1     7
     -0.7055140434 a         8     0     1     1     8
      0.4255189902 a         9     0     1     1     9
     -0.3023468849 a        10     0     1     1    10
      0.4554675823 a        11     0     1     1    11
     -0.9568117373 a        12     0     1     1    12
      0.8651477106 a        13     0     1     1    13
      0.5375270850 a        14     0     1     1    14
      0.2167795902 a        15     0     1     1    15
     -0.5861158965 a        16     0     2     1     1
     -0.8499195873 a        17     0     2     1     2
     -0.5984881519 a        18     0     2     1     3
     -0.7905558049 a        19     0     2     1     4
     -0.8715063780 a        20     0     2     1     5
      0.5923990018 a        21     0     2     1     6
      0.4492886072 a        22     0     2     1     7
     -0.8059385269 a        23     0     2     1     8
      0.5912879712 a        24     0     2     1     9
     -0.2225813862 a        25     0     2     1    10
     -0.9255301132 a        26     0     2     1    11
      0.6153867251 a        27     0     2     1    12
      0.8040803678 a        28     0     2     1    13
      0.1790724998 a        29     0     2     1    14
     -0.3288241622 a        30     0     2     1    15
     -0.5476779638 a        31     0     3     1     1
     -0.8233021497 a        32     0     3     1     2
      0.7608014352 a        33     0     3     1     3
      0.7901307352 a        34     0     3     1     4
     -0.2737026808 a        35     0     3     1     5
     -0.1206888553 a        36     0     3     1     6
     -0.4178717730 a        37     0     3     1     7
      0.8295968779 a        38     0     3     1     8
     -0.9649592377 a        39     0     3     1     9
     -0.0699238177 a        40     0     3     1    10
      0.7904431827 a        41     0     3     1    11
      0.9795129307 a        42     0     3     1    12
      0.6734685905 a        43     0     3     1    13
      0.9864920386 a        44     0     3     1    14
     -0.0288534160 a        45     0     3     1    15
     -0.9398634433 a        46     0     4     1     1
     -0.2848767039 a        47     0     4     1     2
      0.0777387623 a        48     0     4     1     3
      0.5547692782 a        49     0     4     1     4
      0.0069942479 a        50     0     4     1     5
     -0.4478945730 a        51     0     4     1     6
      0.2355992799 a        52     0     4     1     7
     -0.2826039788 a        53     0     4     1     8
      0.2747408157 a        54     0     4     1     9
     -0.4302330015 a        55     0     4     1    10
     -0.9265561551 a        56     0     4     1    11
     -0.6292353271 a        57     0     4     1    12
      0.4416856772 a        58     0     4     1    13
     -0.5878520606 a        59     0     4     1    14
     -0.0295042988 a        60     0     4     1    15
      0.1214081054 a        61     0     5     1     1
      0.5055425173 a        62     0     5     1     2
      0.6534345157 a        63     0     5     1     3
      0.2729830747 a        64     0     5     1     4
      0.0256769661 a        65     0     5     1     5
     -0.4476048944 a        66     0     5     1     6
     -0.8954128995 a        67     0     5     1     7
      0.7953823812 a        68     0     5     1     8
     -0.0085832473 a        69     0     5     1     9
     -0.2582600114 a        70     0     5     1    10
     -0.5762138663 a        71     0     5     1    11
     -0.4264817832 a        72     0     5     1    12
      0.1205928330 a        73     0     5     1    13
      0.8029943712 a        74     0     5     1    14
     -0.0737267729 a        75     0     5     1    15
      0.8739881523 a        76     0     6     1     1
     -0.8809970021 a        77     0     6     1     2
     -0.9166763872 a        78     0     6     1     3
     -0.5801014898 a        79     0     6     1     4
      0.2345108991 a        80     0     6     1     5
     -0.5744411944 a        81     0     6     1     6
     -0.6329340635 a        82     0     6     1     7
      0.2771008020 a        83     0     6     1     8
     -0.7667884230 a        84     0     6     1     9
      0.5868815190 a        85     0     6     1    10
     -0.2823553678 a        86     0     6     1    11
      0.4528636938 a        87     0     6     1    12
     -0.7189572154 a        88     0     6     1    13
      0.4859082705 a        89     0     6     1    14
      0.6609922654 a        90     0     6     1    15
     -0.7030872999 a        91     0     7     1     1
     -0.7883124351 a        92     0     7     1     2
      0.8329510696 a        93     0     7     1     3
     -0.5917623339 a        94     0     7     1     4
      0.2503912454 a        95     0     7     1     5
      0.3253182178 a        96     0     7     1     6
     -0.3759448526 a        97     0     7     1     7
     -0.5052618382 a        98     0     7     1     8
      0.0643478636 a        99     0     7     1     9
     -0.5050635932 a       100     0     7     1    10
     -0.6038258372 a       101     0     7     1    11
     -0.5009708701 a       102     0     7     1    12
      0.1827284103 a       103     0     7     1    13
     -0.8841086775 a       104     0     7     1    14
      0.7855050571 a       105     0     7     1    15
     -0.0172234770 a       106     0     8     1     1
      0.5254305607 a       107     0     8     1     2
      0.9123122700 a       108     0     8     1     3
     -0.7672694324 a       109     0     8     1     4
      0.5025864846 a       110     0     8     1     5
      0.9701553591 a       111     0     8     1     6
     -0.5983295439 a       112     0     8     1     7
     -0.1246283647 a       113     0     8     1     8
     -0.6285800038 a       114     0     8     1     9
     -0.5442804692 a       115     0     8     1    10
      0.2783262735 a       116     0     8     1    11
     -0.1707898375 a       117     0     8     1    12
     -0.4652363060 a       118     0     8     1    13
      0.7732181556 a       119     0     8     1    14
     -0.5215643940 a       120     0     8     1    15
      0.0672924523 a       121     0     9     1     1
      0.9839962729 a       122     0     9     1     2
      0.0257362132 a       123     0     9     1     3
      0.5476588017 a       124     0     9     1     4
      0.5020296580 a       125     0     9     1     5
     -0.3870047328 a       126     0     9     1     6
     -0.3886067865 a       127     0     9     1     7
      0.6857872016 a       128     0     9     1     8
      0.0255930428 a       129     0     9     1     9
      0.1432729964 a       130     0     9     1    10
     -0.0110924836 a       131     0     9     1    11
     -0.4316682217 a       132     0     9     1    12
      0.9524642237 a       133     0     9     1    13
      0.0661784415 a       134     0     9     1    14
      0.2602061038 a       135     0     9     1    15
     -0.7155419587 a       136     0    10     1     1
     -0.1139498945 a       137     0    10     1     2
      0.8437162645 a       138     0    10     1     3
      0.3397448068 a       139     0    10     1     4
      0.0919402842 a       140     0    10     1     5
     -0.7599550932 a       141     0    10     1     6
     -0.5653132198 a       142     0    10     1     7
      0.7805422552 a       143     0    10     1     8
      0.5740444667 a       144     0    10     1     9
     -0.0348507758 a       145     0    10     1    10
      0.2627615934 a       146     0    10     1    11
      0.2340698247 a       147     0    10     1    12
      0.0121244196 a       148     0    10     1    13
     -0.2242992517 a       149     0    10     1    14
      0.2029154306 a       150     0    10     1    15
      0.3995486504 a       151     0    11     1     1
     -0.7855503111 a       152     0    11     1     2
     -0.7440944313 a       153     0    11     1     3
      0.0046899323 a       154     0    11     1     4
      0.8243658550 a       155     0    11     1     5
     -0.8829635530 a       156     0    11     1     6
      0.0316270594 a       157     0    11     1     7
     -0.4439646599 a       158     0    11     1     8
      0.2862426048 a       159     0    11     1     9
      0.8804302223 a       160     0    11     1    10
     -0.6085941492 a       161     0    11     1    11
     -0.6418650745 a       162     0    11     1    12
      0.1735838657 a       163     0    11     1    13
     -0.5762194095 a       164     0    11     1    14
     -0.5197721122 a       165     0    11     1    15
      0.1901581292 a       166     0    12     1     1
     -0.0124462243 a       167     0    12     1     2
      0.8167006977 a       168     0    12     1     3
      0.2885181909 a       169     0    12     1     4
     -0.8744980394 a       170     0    12     1     5
      0.3114982849 a       171     0    12     1     6
     -0.6475265323 a       172     0    12     1     7
     -0.9786466211 a       173     0    12     1     8
     -0.1137607690 a       174     0    12     1     9
      0.0223022704 a       175     0    12     1    10
      0.8339457519 a       176     0    12     1    11
      0.1262859111 a       177     0    12     1    12
      0.4873240000 a       178     0    12     1    13
      0.4549548632 a       179     0    12     1    14
      0.4265592104 a       180     0    12     1    15
     -0.8196154236 a       181     0    13     1     1
      0.7235286243 a       182     0    13     1     2
      0.3464353090 a       183     0    13     1     3
      0.5374414927 a       184     0    13     1     4
      0.7788720138 a       185     0    13     1     5
      0.5022196776 a       186     0    13     1     6
      0.8066548117 a       187     0    13     1     7
     -0.5526259242 a       188     0    13     1     8
      0.0159833435 a       189     0    13     1     9
      0.6330263621 a       190     0    13     1    10
     -0.7267596721 a       191     0    13     1    11
     -0.6496827005 a       192     0    13     1    12
      0.7826027878 a       193     0    13     1    13
     -0.7957116216 a       194     0    13     1    14
      0.4747296578 a       195     0    13     1    15
      0.7820953138 a       196     0    14     1     1
      0.6762068279 a       197     0    14     1     2
     -0.9914983809 a       198     0    14     1     3
     -0.1132876869 a       199     0    14     1     4
     -0.0265448685 a       200     0    14     1     5
     -0.1394169327 a       201     0    14     1     6
      0.8197380312 a       202     0    14     1     7
     -0.6630491315 a       203     0    14     1     8
      0.1332002883 a       204     0    14     1     9
      0.6981540925 a       205     0    14     1    10
     -0.1240400072 a       206     0    14     1    11
     -0.7405572533 a       207     0    14     1    12
     -0.5458334682 a       208     0    14     1    13
      0.1769151692 a       209     0    14     1    14
     -0.5865146218 a       210     0    14     1    15
      0.4489239460 a       211     0    15     1     1
     -0.9357544109 a       212     0    15     1     2
      0.7756317861 a       213     0    15     1     3
      0.0433371071 a       214     0    15     1     4
      0.3662439590 a       215     0    15     1     5
     -0.5369026957 a       216     0    15     1     6
      0.2764093881 a       217     0    15     1     7
     -0.3875067232 a       218     0    15     1     8
     -0.8255580663 a       219     0    15     1     9
      0.8455642469 a       220     0    15     1    10
     -0.6014182864 a       221     0    15     1    11
     -0.0373426076 a       222     0    15     1    12
      0.3827013975 a       223     0    15     1    13
      0.0621231799 a       224     0    15     1    14
      0.1034711604 a       225     0    15     1    15
     -0.9604411274 a       226     0    16     1     1
     -0.1340282556 a       227     0    16     1     2
     -0.6124525069 a       228     0    16     1     3
      0.5104827887 a       229     0    16     1     4
     -0.3160349128 a       230     0    16     1     5
      0.4011901623 a       231     0    16     1     6
      0.8036378630 a       232     0    16     1     7
      0.7420806892 a       233     0    16     1     8
      0.1510683303 a       234     0    16     1     9
     -0.9938831357 a       235     0    16     1    10
     -0.1938621398 a       236     0    16     1    11
     -0.2410149571 a       237     0    16     1    12
     -0.7387592195 a       238     0    16     1    13
     -0.3261712191 a       239     0    16     1    14
      0.0398364071 a       240     0    16     1    15
     -0.4689251778 a       241     0    17     1     1
      0.7746149309 a       242     0    17     1     2
      0.9529101857 a       243     0    17     1     3
     -0.4386486409 a       244     0    17     1     4
     -0.3677693603 a       245     0    17     1     5
      0.9006284483 a       246     0    17     1     6
      0.8616907604 a       247     0    17     1     7
      0.4371756321 a       248     0    17     1     8
     -0.3887740967 a       249     0    17     1     9
     -0.1259142157 a       250     0    17     1    10
     -0.2401751873 a       251     0    17     1    11
     -0.6247788070 a       252     0    17     1    12
     -0.6574873327 a       253     0    17     1    13
     -0.3893809316 a       254     0    17     1    14
     -0.3248159883 a       255     0    17     1    15
      0.8173571833 a       256     0    18     1     1
     -0.6779759823 a       257     0    18     1     2
     -0.7423028349 a       258     0    18     1     3
      0.1162543301 a       259     0    18     1     4
     -0.1126427051 a       260     0    18     1     5
      0.8139157303 a       261     0    18     1     6
     -0.5183040498 a       262     0    18     1     7
      0.8636168249 a       263     0    18     1     8
      0.8076807268 a       264     0    18     1     9
      0.6890846498 a       265     0    18     1    10
     -0.5536791382 a       266     0    18     1    11
      0.3147709375 a       267     0    18     1    12
      0.3560713535 a       268     0    18     1    13
      0.4918189055 a       269     0    18     1    14
      0.0009408001 a       270     0    18     1    15
     -0.1889418360 a       271     0    19     1     1
      0.4542026526 a       272     0    19     1     2
     -0.2155472633 a       273     0    19     1     3
     -0.7026344238 a       274     0    19     1     4
      0.8232699640 a       275     0    19     1     5
      0.6980364330 a       276     0    19     1     6
     -0.1020296212 a       277     0    19     1     7
     -0.8119058310 a       278     0    19     1     8
      0.2986668354 a       279     0    19     1     9
     -0.3055263755 a       280     0    19     1    10
     -0.9814947396 a       281     0    19     1    11
      0.0179264550 a       282     0    19     1    12
     -0.7097887694 a       283     0    19     1    13
      0.5802787549 a       284     0    19     1    14
      0.7455043800 a       285     0    19     1    15
     -0.3081187007 a       286     0    20     1     1
     -0.5509550272 a       287     0    20     1     2
      0.0990312104 a       288     0    20     1     3
      0.4167089468 a       289     0    20     1     4
     -0.3733401296 a       290     0    20     1     5
     -0.7273070811 a       291     0    20     1     6
      0.1499193912 a       292     0    20     1     7
     -0.3057779667 a       293     0    20     1     8
      0.7893074758 a       294     0    20     1     9
     -0.1089547273 a       295     0    20     1    10
      0.7974141844 a       296     0    20     1    11
      0.1392902141 a       297     0    20     1    12
     -0.9487139471 a       298     0    20     1    13
      0.9646917590 a       299     0    20     1    14
     -0.4265757797 a       300     0    20     1    15
      0.5410592562 a       301     0    21     1     1
     -0.4164842365 a       302     0    21     1     2
      0.1489372258 a       303     0    21     1     3
     -0.8129369020 a       304     0    21     1     4
      0.9696140297 a       305     0    21     1     5
      0.3024204975 a       306     0    21     1     6
      0.7813649185 a       307     0    21     1     7
      0.3996231562 a       308     0    21     1     8
      0.4663400656 a       309     0    21     1     9
     -0.2225786444 a       310     0    21     1    10
     -0.8791823536 a       311     0    21     1    11
     -0.4178318975 a       312     0    21     1    12
     -0.5012015698 a       313     0    21     1    13
      0.3051537281 a       314     0    21     1    14
      0.7187558420 a       315     0    21     1    15
      0.1286234860 a       316     0    22     1     1
     -0.2250849005 a       317     0    22     1     2
      0.9976547965 a       318     0    22     1     3
     -0.4165539739 a       319     0    22     1     4
      0.9776270398 a       320     0    22     1     5
      0.9786139735 a       321     0    22     1     6
     -0.4341163633 a       322     0    22     1     7
     -0.1936234232 a       323     0    22     1     8
     -0.2289206978 a       324     0    22     1     9
      0.5298789746 a       325     0    22     1    10
     -0.3250118491 a       326     0    22     1    11
     -0.4738345740 a       327     0    22     1    12
      0.2621272808 a       328     0    22     1    13
     -0.4260241983 a       329     0    22     1    14
     -0.1891228553 a       330     0    22     1    15
     -0.5879226921 a       331     0    23     1     1
      0.7831258781 a       332     0    23     1     2
     -0.0025822516 a       333     0    23     1     3
      0.5996910340 a       334     0    23     1     4
     -0.9926801734 a       335     0    23     1     5
      0.0243263249 a       336     0    23     1     6
      0.8516823061 a       337     0    23     1     7
      0.2254906898 a       338     0    23     1     8
     -0.1770678755 a       339     0    23     1     9
      0.0204672818 a       340     0    23     1    10
     -0.0065979953 a       341     0    23     1    11
     -0.8924443200 a       342     0    23     1    12
      0.6883142001 a       343     0    23     1    13
      0.4969980723 a       344     0    23     1    14
     -0.9525837749 a       345     0    23     1    15
     -0.0755047794 a       346     0    24     1     1
      0.9911415585 a       347     0    24     1     2
      0.1163322930 a       348     0    24     1     3
     -0.8036198466 a       349     0    24     1     4
     -0.4387150405 a       350     0    24     1     5
      0.5166755921 a       351     0    24     1     6
     -0.2326179144 a       352     0    24     1     7
      0.3902757174 a       353     0    24     1     8
     -0.6353284417 a       354     0    24     1     9
      0.0347396140 a       355     0    24     1    10
     -0.1304150220 a       356     0    24     1    11
      0.1143188481 a       357     0    24     1    12
     -0.6437917946 a       358     0    24     1    13
     -0.2085824606 a       359     0    24     1    14
      0.3546174770 a       360     0    24     1    15
      0.0560626988 a       361     0    25     1     1
      0.2465153938 a       362     0    25     1     2
     -0.8164801448 a       363     0    25     1     3
     -0.5817931889 a       364     0    25     1     4
     -0.1982815858 a       365     0    25     1     5
     -0.5188003180 a       366     0    25     1     6
      0.5230081088 a       367     0    25     1     7
      0.1976298099 a       368     0    25     1     8
     -0.4364104865 a       369     0    25     1     9
     -0.7511707543 a       370     0    25     1    10
     -0.9267425835 a       371     0    25     1    11
      0.2374464279 a       372     0    25     1    12
      0.7620514639 a       373     0    25     1    13
     -0.2010141012 a       374     0    25     1    14
     -0.4444203971 a       375     0    25     1    15
      0.6268411881 a       376     0    26     1     1
     -0.6805406510 a       377     0    26     1     2
      0.1531544929 a       378     0    26     1     3
      0.0681259637 a       379     0    26     1     4
      0.9924145945 a       380     0    26     1     5
     -0.4872663615 a       381     0    26     1     6
      0.5138556963 a       382     0    26     1     7
      0.3731595283 a       383     0    26     1     8
     -0.3087607023 a       384     0    26     1     9
      0.6590018279 a       385     0    26     1    10
     -0.1556504961 a       386     0    26     1    11
     -0.0176842805 a       387     0    26     1    12
      0.7800799616 a       388     0    26     1    13
      0.8033519991 a       389     0    26     1    14
     -0.0631691214 a       390     0    26     1    15
      0.3168286091 a       391     0    27     1     1
      0.9391849049 a       392     0    27     1     2
      0.8808392294 a       393     0    27     1     3
      0.2650241857 a       394     0    27     1     4
      0.2621006971 a       395     0    27     1     5
     -0.8737238496 a       396     0    27     1     6
     -0.6767558156 a       397     0    27     1     7
     -0.2347735759 a       398     0    27     1     8
      0.1609793906 a       399     0    27     1     9
     -0.4196311829 a       400     0    27     1    10
     -0.7416036724 a       401     0    27     1    11
     -0.1329060789 a       402     0    27     1    12
      0.2470625644 a       403     0    27     1    13
      0.3800828463 a       404     0    27     1    14
      0.0530713801 a       405     0    27     1    15
     -0.0299085971 a       406     0    28     1     1
     -0.6736805140 a       407     0    28     1     2
     -0.5482569931 a       408     0    28     1     3
     -0.5554549394 a       409     0    28     1     4
      0.4689431197 a       410     0    28     1     5
     -0.4728614090 a       411     0    28     1     6
      0.6180495030 a       412     0    28     1     7
     -0.4425488112 a       413     0    28     1     8
      0.0822558407 a       414     0    28     1     9
      0.4729772812 a       415     0    28     1    10
     -0.6713027357 a       416     0    28     1    11
     -0.5849528907 a       417     0    28     1    12
      0.6967976100 a       418     0    28     1    13
     -0.9218623489 a       419     0    28     1    14
      0.2594710594 a       420     0    28     1    15
      0.9308785208 a       421     0    29     1     1
     -0.7248712181 a       422     0    29     1     2
     -0.9107343927 a       423     0    29     1     3
     -0.7128905057 a       424     0    29     1     4
      0.4494435793 a       425     0    29     1     5
     -0.2013697621 a       426     0    29     1     6
     -0.4220446942 a       427     0    29     1     7
      0.6950131662 a       428     0    29     1     8
     -0.9135267809 a       429     0    29     1     9
      0.3553940063 a       430     0    29     1    10
     -0.8924647420 a       431     0    29     1    11
      0.3450809723 a       432     0    29     1    12
     -0.2242386934 a       433     0    29     1    13
     -0.7795939594 a       434     0    29     1    14
     -0.6356904207 a       435     0    29     1    15
     -0.0488224026 a       436     0    30     1     1
     -0.5577433405 a       437     0    30     1     2
      0.0076915030 a       438     0    30     1     3
     -0.7297379969 a       439     0    30     1     4
     -0.7064987420 a       440     0    30     1     5
     -0.1242623326 a       441     0    30     1     6
     -0.4768346546 a       442     0    30     1     7
     -0.1597418782 a       443     0    30     1     8
     -0.7814794331 a       444     0    30     1     9
     -0.3248943088 a       445     0    30     1    10
     -0.4991477130 a       446     0    30     1    11
      0.8245292910 a       447     0    30     1    12
     -0.1359705325 a       448     0    30     1    13
      0.7429629571 a       449     0    30     1    14
      0.9792832144 a       450     0    30     1    15
      0.8133467443 b       451     1     1
     -0.0813759562 b       452     1     2
      0.3141335254 b       453     1     3
     -0.3579307196 b       454     1     4
      0.2582869535 b       455     1     5
     -0.9721420146 b       456     1     6
     -0.7908400445 b       457     1     7
      0.3513404137 b       458     1     8
      0.9788186558 b       459     1     9
     -0.9945366373 b       460     1    10
      0.8227365024 b       461     1    11
     -0.2682904598 b       462     1    12
      0.8417574175 b       463     1    13
     -0.5829105077 b       464     1    14
     -0.9768719971 b       465     1    15
     -0.2876710293 a       466     1     1     2     1
     -0.8870666325 a       467     1     1     2     2
     -0.9289073497 a       468     1     1     2     3
     -0.1458572742 a       469     1     1     2     4
      0.5771536834 a       470     1     1     2     5
      0.2211123710 a       471     1     1     2     6
      0.2357926374 a       472     1     1     2     7
      0.9658870705 a       473     1     1     2     8
     -0.3355345723 a       474     1     1     2     9
      0.6708505161 a       475     1     1     2    10
      0.9837013491 a       476     1     1     2    11
     -0.9320026710 a       477     1     1     2    12
     -0.1688450571 a       478     1     1     2    13
      0.2210000758 a       479     1     1     2    14
      0.3485262400 a       480     1     1     2    15
     -0.3194212911 a       481     1     2     2     1
     -0.5141392944 a       482     1     2     2     2
      0.8607381590 a       483     1     2     2     3
      0.4265372759 a       484     1     2     2     4
      0.8118878610 a       485     1     2     2     5
     -0.6016882656 a       486     1     2     2     6
     -0.5745549796 a       487     1     2     2     7
     -0.5453700123 a       488     1     2     2     8
     -0.0337342616 a       489     1     2     2     9
     -0.9721093625 a       490     1     2     2    10
     -0.2420550582 a       491     1     2     2    11
     -0.2189549801 a       492     1     2     2    12
      0.0240110163 a       493     1     2     2    13
     -0.4472861884 a       494     1     2     2    14
      0.4614237553 a       495     1     2     2    15
     -0.8501451611 a       496     1     3     2     1
     -0.3897536394 a       497     1     3     2     2
     -0.5889636873 a       498     1     3     2     3
     -0.7128947376 a       499     1     3     2     4
      0.3781923061 a       500     1     3     2     5
      0.2786070114 a       501     1     3     2     6
      0.5471020943 a       502     1     3     2     7
     -0.8557878583 a       503     1     3     2     8
      0.7735438354 a       504     1     3     2     9
      0.9509617098 a       505     1     3     2    10
      0.8133492477 a       506     1     3     2    11
     -0.0393013950 a       507     1     3     2    12
     -0.5387174187 a       508     1     3     2    13
     -0.2237185833 a       509     1     3     2    14
     -0.0386039015 a       510     1     3     2    15
     -0.8154736906 a       511     1     4     2     1
      0.3337455993 a       512     1     4     2     2
     -0.7368027865 a       513     1     4     2     3
      0.5555365092 a       514     1     4     2     4
      0.9029411085 a       515     1     4     2     5
     -0.2682549354 a       516     1     4     2     6
     -0.5611219106 a       517     1     4     2     7
     -0.7758263349 a       518     1     4     2     8
      0.6867902286 a       519     1     4     2     9
      0.8827941425 a       520     1     4     2    10
     -0.8779210373 a       521     1     4     2    11
      0.7811727531 a       522     1     4     2    12
     -0.8298185467 a       523     1     4     2    13
     -0.7604081779 a       524     1     4     2    14
     -0.1803079244 a       525     1     4     2    15
     -0.4350187180 a       526     1     5     2     1
      0.6403912313 a       527     1     5     2     2
     -0.9440112524 a       528     1     5     2     3
      0.0028975014 a       529     1     5     2     4
      0.6974461086 a       530     1     5     2     5
     -0.0230953093 a       531     1     5     2     6
     -0.1628943678 a       532     1     5     2     7
      0.2344076639 a       533     1     5     2     8
     -0.3106585738 a       534     1     5     2     9
      0.7610687025 a       535     1     5     2    10
     -0.7187855839 a       536     1     5     2    11
     -0.6293545960 a       537     1     5     2    12
      0.4373995072 a       538     1     5     2    13
     -0.6261687873 a       539     1     5     2    14
     -0.0188865062 a       540     1     5     2    15
      0.5745233304 a       541     1     6     2     1
      0.0126446490 a       542     1     6     2     2
      0.5195709473 a       543     1     6     2     3
      0.4290381676 a       544     1     6     2     4
      0.8448752172 a       545     1     6     2     5
     -0.1813611981 a       546     1     6     2     6
     -0.1379059550 a       547     1     6     2     7
      0.2143496280 a       548     1     6     2     8
      0.5750284201 a       549     1     6     2     9
      0.5023926503 a       550     1     6     2    10
     -0.2862873074 a       551     1     6     2    11
      0.3695530897 a       552     1     6     2    12
     -0.9207191839 a       553     1     6     2    13
     -0.5273715256 a       554     1     6     2    14
      0.4669736630 a       555     1     6     2    15
      0.4263237721 a       556     1     7     2     1
     -0.7769720851 a       557     1     7     2     2
     -0.5698191820 a       558     1     7     2     3
     -0.9511007219 a       559     1     7     2     4
      0.8501352079 a       560     1     7     2     5
      0.2218779331 a       561     1     7     2     6
     -0.8965919688 a       562     1     7     2     7
      0.9787336596 a       563     1     7     2     8
     -0.4235221145 a       564     1     7     2     9
     -0.1358494755 a       565     1     7     2    10
      0.7783511884 a       566     1     7     2    11
     -0.2512299415 a       567     1     7     2    12
     -0.4217206237 a       568     1     7     2    13
      0.1411330705 a       569     1     7     2    14
      0.0240328316 a       570     1     7     2    15
     -0.0802607533 a       571     1     8     2     1
     -0.9424634352 a       572     1     8     2     2
      0.0170445446 a       573     1     8     2     3
      0.4668331152 a       574     1     8     2     4
      0.0634019379 a       575     1     8     2     5
     -0.4028927085 a       576     1     8     2     6
      0.5825142867 a       577     1     8     2     7
      0.3183692699 a       578     1     8     2     8
      0.8313502081 a       579     1     8     2     9
      0.5022602088 a       580     1     8     2    10
     -0.5130302308 a       581     1     8     2    11
     -0.4988538025 a       582     1     8     2    12
     -0.2357794639 a       583     1     8     2    13
     -0.7456061243 a       584     1     8     2    14
      0.5981196172 a       585     1     8     2    15
      0.5965480811 a       586     1     9     2     1
      0.1829117541 a       587     1     9     2     2
      0.1986668115 a       588     1     9     2     3
      0.9941034325 a       589     1     9     2     4
     -0.1032321449 a       590     1     9     2     5
      0.9777947672 a       591     1     9     2     6
     -0.2039399740 a       592     1     9     2     7
      0.3803884989 a       593     1     9     2     8
     -0.8112651407 a       594     1     9     2     9
     -0.9333290457 a       595     1     9     2    10
     -0.4612561462 a       596     1     9     2    11
     -0.3316888210 a       597     1     9     2    12
     -0.6942650675 a       598     1     9     2    13
     -0.5129883883 a       599     1     9     2    14
      0.2042984967 a       600     1     9     2    15
     -0.3547415135 a       601     1    10     2     1
     -0.1410388347 a       602     1    10     2     2
     -0.4394278524 a       603     1    10     2     3
      0.5362261540 a       604     1    10     2     4
      0.3520482784 a       605     1    10     2     5
      0.8751660593 a       606     1    10     2     6
      0.9157258280 a       607     1    10     2     7
      0.6030538089 a       608     1    10     2     8
     -0.4736623762 a       609     1    10     2     9
     -0.8432900011 a       610     1    10     2    10
      0.8249205358 a       611     1    10     2    11
      0.4392910010 a       612     1    10     2    12
     -0.8366308212 a       613     1    10     2    13
      0.7458828695 a       614     1    10     2    14
      0.0524811749 a       615     1    10     2    15
      0.0509979729 a       616     1    11     2     1
     -0.8771464228 a       617     1    11     2     2
     -0.1999750730 a       618     1    11     2     3
     -0.9807539210 a       619     1    11     2     4
      0.4688503748 a       620     1    11     2     5
     -0.0318585034 a       621     1    11     2     6
      0.5537269122 a       622     1    11     2     7
      0.4884805685 a       623     1    11     2     8
     -0.1067231294 a       624     1    11     2     9
      0.3048192268 a       625     1    11     2    10
     -0.9033009111 a       626     1    11     2    11
      0.2215864663 a       627     1    11     2    12
      0.2029268747 a       628     1    11     2    13
      0.5926878459 a       629     1    11     2    14
     -0.6960145234 a       630     1    11     2    15
      0.0840467219 a       631     1    12     2     1
      0.5726455457 a       632     1    12     2     2
      0.4542506939 a       633     1    12     2     3
      0.5918366916 a       634     1    12     2     4
      0.9986660489 a       635     1    12     2     5
      0.5795181996 a       636     1    12     2     6
     -0.0370541211 a       637     1    12     2     7
     -0.7682837098 a       638     1    12     2     8
     -0.5443258582 a       639     1    12     2     9
     -0.4846351741 a       640     1    12     2    10
      0.7363952405 a       641     1    12     2    11
      0.5943242318 a       642     1    12     2    12
      0.8064575203 a       643     1    12     2    13
      0.1315292125 a       644     1    12     2    14
      0.6120541102 a       645     1    12     2    15
      0.7925399549 a       646     1    13     2     1
      0.2199475770 a       647     1    13     2     2
      0.6582394845 a       648     1    13     2     3
     -0.9696239978 a       649     1    13     2     4
     -0.4705309270 a       650     1    13     2     5
     -0.2130541798 a       651     1    13     2     6
     -0.8019438981 a       652     1    13     2     7
     -0.2711737749 a       653     1    13     2     8
      0.3823189741 a       654     1    13     2     9
     -0.3641399739 a       655     1    13     2    10
     -0.1005243655 a       656     1    13     2    11
      0.4870831973 a       657     1    13     2    12
      0.4080488688 a       658     1    13     2    13
      0.0778393750 a       659     1    13     2    14
      0.2467520242 a       660     1    13     2    15
     -0.8385870903 a       661     1    14     2     1
     -0.1332892176 a       662     1    14     2     2
     -0.1923801896 a       663     1    14     2     3
      0.6664521701 a       664     1    14     2     4
     -0.9387668632 a       665     1    14     2     5
      0.1453464036 a       666     1    14     2     6
      0.8365836151 a       667     1    14     2     7
      0.4607424742 a       668     1    14     2     8
     -0.3011408445 a       669     1    14     2     9
      0.7262804515 a       670     1    14     2    10
      0.5959731347 a       671     1    14     2    11
      0.5195840603 a       672     1    14     2    12
      0.6501175172 a       673     1    14     2    13
      0.5243147618 a       674     1    14     2    14
      0.1577801709 a       675     1    14     2    15
     -0.1889793869 a       676     1    15     2     1
     -0.1767278906 a       677     1    15     2     2
     -0.2658761737 a       678     1    15     2     3
     -0.5812884865 a       679     1    15     2     4
      0.2842347627 a       680     1    15     2     5
     -0.8655748069 a       681     1    15     2     6
      0.2842053180 a       682     1    15     2     7
      0.6393134601 a       683     1    15     2     8
      0.9406518944 a       684     1    15     2     9
     -0.4645792840 a       685     1    15     2    10
     -0.1839938756 a       686     1    15     2    11
     -0.3855524657 a       687     1    15     2    12
      0.0199606423 a       688     1    15     2    13
     -0.5220634041 a       689     1    15     2    14
     -0.3197579381 a       690     1    15     2    15
     -0.1712894436 b       691     2     1
     -0.8617409169 b       692     2     2
      0.7202843435 b       693     2     3
     -0.1802706715 b       694     2     4
      0.1905586724 b       695     2     5
      0.7188731439 b       696     2     6
      0.1006023888 b       697     2     7
      0.8252424009 b       698     2     8
     -0.1517330405 b       699     2     9
     -0.1774137613 b       700     2    10
      0.2073688512 b       701     2    11
     -0.7510436325 b       702     2    12
     -0.7903472631 b       703     2    13
      0.6336270577 b       704     2    14
     -0.6307276784 b       705     2    15
     -0.6399024425 a       706     2     1     3     1
     -0.8405550271 a       707     2     2     3     1
      0.7917698629 a       708     2     3     3     1
     -0.7234741150 a       709     2     4     3     1
      0.5703769929 a       710     2     5     3     1
      0.3252127176 a       711     2     6     3     1
     -0.1490088102 a       712     2     7     3     1
     -0.3911656735 a       713     2     8     3     1
     -0.3213953969 a       714     2     9     3     1
      0.3075491195 a       715     2    10     3     1
      0.9785383948 a       716     2    11     3     1
      0.2953665262 a       717     2    12     3     1
      0.2249250417 a       718     2    13     3     1
      0.3142848020 a       719     2    14     3     1
      0.1847627168 a       720     2    15     3     1
     -0.6927988528 b       721     3     1
