     -0.9210905284 a         1     0     1     1     1
     -0.1302048879 a         2     0     1     1     2
      0.4120488840 a         3     0     1     1     3
      0.5885725752 a         4     0     1     1     4
      0.9257160617 a         5     0     1     1     5
     -0.7598943920 a         6     0     1     1     6
      0.8287753970 a         7     0     1     1     7
     -0.7028880432 a         8     0     1     1     8
      0.4263417704 a         9     0     1     1     9
     -0.2981724911 a        10     0     1     1    10
      0.4541166267 a        11     0     1     1    11
     -0.9307900967 a        12     0     1     1    12
      0.8626819486 a        13     0     1     1    13
      0.5420702714 a        14     0     1     1    14
      0.2018119718 a        15     0     1     1    15
     -0.5657009020 a        16     0     2     1     1
     -0.8178667698 a        17     0     2     1     2
     -0.5843728757 a        18     0     2     1     3
     -0.7896955810 a        19     0     2     1     4
     -0.8694373613 a        20     0     2     1     5
      0.6099166967 a        21     0     2     1     6
      0.4658550776 a        22     0     2     1     7
     -0.8049153696 a        23     0     2     1     8
      0.5882378438 a        24     0     2     1     9
     -0.2168975892 a        25     0     2     1    10
     -0.9235444664 a        26     0     2     1    11
      0.6525770715 a        27     0     2     1    12
      0.7935798433 a        28     0     2     1    13
      0.1800149398 a        29     0     2     1    14
     -0.3424823227 a        30     0     2     1    15
     -0.5345990053 a        31     0     3     1     1
     -0.8051223219 a        32     0     3     1     2
      0.7497462579 a        33     0     3     1     3
      0.7801541560 a        34     0     3     1     4
     -0.2727527382 a        35     0     3     1     5
     -0.1048303199 a        36     0     3     1     6
     -0.4090579111 a        37     0     3     1     7
      0.8337677071 a        38     0     3     1     8
     -0.9622988696 a        39     0     3     1     9
     -0.0675503281 a        40     0     3     1    10
      0.7899670872 a        41     0     3     1    11
      0.9994212758 a        42     0     3     1    12
      0.6715849973 a        43     0     3     1    13
      0.9861470609 a        44     0     3     1    14
     -0.0400560298 a        45     0     3     1    15
     -0.9256044597 a        46     0     4     1     1
     -0.2583979391 a        47     0     4     1     2
      0.0912803756 a        48     0     4     1     3
      0.5592732714 a        49     0     4     1     4
      0.0156858021 a        50     0     4     1     5
     -0.4304476141 a        51     0     4     1     6
      0.2490431116 a        52     0     4     1     7
     -0.2796466330 a        53     0     4     1     8
      0.2729073437 a        54     0     4     1     9
     -0.4263282629 a        55     0     4     1    10
     -0.9229589620 a        56     0     4     1    11
     -0.5950560201 a        57     0     4     1    12
      0.4306160628 a        58     0     4     1    13
     -0.5918966622 a        59     0     4     1    14
     -0.0396405659 a        60     0     4     1    15
      0.1211261474 a        61     0     5     1     1
      0.5083279194 a        62     0     5     1     2
      0.6367602316 a        63     0     5     1     3
      0.2705996072 a        64     0     5     1     4
      0.0386267133 a        65     0     5     1     5
     -0.4333191202 a        66     0     5     1     6
     -0.8957507425 a        67     0     5     1     7
      0.8047911952 a        68     0     5     1     8
     -0.0031133916 a        69     0     5     1     9
     -0.2592425997 a        70     0     5     1    10
     -0.5741565836 a        71     0     5     1    11
     -0.4178410856 a        72     0     5     1    12
      0.1191550574 a        73     0     5     1    13
      0.7935842723 a        74     0     5     1    14
     -0.0764700738 a        75     0     5     1    15
      0.8763140581 a        76     0     6     1     1
     -0.8654223246 a        77     0     6     1     2
     -0.9007343702 a        78     0     6     1     3
     -0.5671088481 a        79     0     6     1     4
      0.2551253762 a        80     0     6     1     5
     -0.5602755000 a        81     0     6     1     6
     -0.6250158569 a        82     0     6     1     7
      0.2819006895 a        83     0     6     1     8
     -0.7670695712 a        84     0     6     1     9
      0.5868536852 a        85     0     6     1    10
     -0.2762442885 a        86     0     6     1    11
      0.4798159270 a        87     0     6     1    12
     -0.7305718362 a        88     0     6     1    13
      0.4732408199 a        89     0     6     1    14
      0.6575896787 a        90     0     6     1    15
     -0.7158621118 a        91     0     7     1     1
     -0.8011462311 a        92     0     7     1     2
      0.8129558744 a        93     0     7     1     3
     -0.5841232583 a        94     0     7     1     4
      0.2763576703 a        95     0     7     1     5
      0.3380283950 a        96     0     7     1     6
     -0.3871433551 a        97     0     7     1     7
     -0.4884666001 a        98     0     7     1     8
      0.0727316712 a        99     0     7     1     9
     -0.5094451855 a       100     0     7     1    10
     -0.5991202772 a       101     0     7     1    11
     -0.5026784467 a       102     0     7     1    12
      0.1802371942 a       103     0     7     1    13
     -0.9018541073 a       104     0     7     1    14
      0.7921493931 a       105     0     7     1    15
     -0.0218727872 a       106     0     8     1     1
      0.5341657066 a       107     0     8     1     2
      0.9403531695 a       108     0     8     1     3
     -0.7450398644 a       109     0     8     1     4
      0.5342388372 a       110     0     8     1     5
      0.9783358897 a       111     0     8     1     6
     -0.5915006330 a       112     0     8     1     7
     -0.1223632490 a       113     0     8     1     8
     -0.6304014566 a       114     0     8     1     9
     -0.5468083979 a       115     0     8     1    10
      0.2867408743 a       116     0     8     1    11
     -0.1440970659 a       117     0     8     1    12
     -0.4794320975 a       118     0     8     1    13
      0.7550983195 a       119     0     8     1    14
     -0.5204001739 a       120     0     8     1    15
      0.0477457972 a       121     0     9     1     1
      0.9601787427 a       122     0     9     1     2
      0.0188873357 a       123     0     9     1     3
      0.5665171200 a       124     0     9     1     4
      0.5379258560 a       125     0     9     1     5
     -0.3785188063 a       126     0     9     1     6
     -0.4063390265 a       127     0     9     1     7
      0.7051539966 a       128     0     9     1     8
      0.0325653751 a       129     0     9     1     9
      0.1367402338 a       130     0     9     1    10
     -0.0038715009 a       131     0     9     1    11
     -0.4350687432 a       132     0     9     1    12
      0.9458095806 a       133     0     9     1    13
      0.0450374032 a       134     0     9     1    14
      0.2745673291 a       135     0     9     1    15
     -0.7235102567 a       136     0    10     1     1
     -0.1091527809 a       137     0    10     1     2
      0.8509251013 a       138     0    10     1     3
      0.3578698702 a       139     0    10     1     4
      0.1213826696 a       140     0    10     1     5
     -0.7452424331 a       141     0    10     1     6
     -0.5657588884 a       142     0    10     1     7
      0.7913202426 a       143     0    10     1     8
      0.5768465605 a       144     0    10     1     9
     -0.0379789427 a       145     0    10     1    10
      0.2707730549 a       146     0    10     1    11
      0.2519791421 a       147     0    10     1    12
      0.0011511971 a       148     0    10     1    13
     -0.2450759477 a       149     0    10     1    14
      0.2064581916 a       150     0    10     1    15
      0.4038001497 a       151     0    11     1     1
     -0.7963078966 a       152     0    11     1     2
     -0.7304840710 a       153     0    11     1     3
      0.0094778392 a       154     0    11     1     4
      0.8352022763 a       155     0    11     1     5
     -0.8787029135 a       156     0    11     1     6
      0.0247035392 a       157     0    11     1     7
     -0.4320379732 a       158     0    11     1     8
      0.2850831632 a       159     0    11     1     9
      0.8781557131 a       160     0    11     1    10
     -0.6046162795 a       161     0    11     1    11
     -0.6274356373 a       162     0    11     1    12
      0.1651817300 a       163     0    11     1    13
     -0.5728682632 a       164     0    11     1    14
     -0.5147581984 a       165     0    11     1    15
      0.1762154835 a       166     0    12     1     1
     -0.0116982688 a       167     0    12     1     2
      0.8436955941 a       168     0    12     1     3
      0.3182239277 a       169     0    12     1     4
     -0.8326968972 a       170     0    12     1     5
      0.3190697094 a       171     0    12     1     6
     -0.6469368359 a       172     0    12     1     7
     -0.9726449887 a       173     0    12     1     8
     -0.1138975692 a       174     0    12     1     9
      0.0164024633 a       175     0    12     1    10
      0.8444488477 a       176     0    12     1    11
      0.1483430527 a       177     0    12     1    12
      0.4725618224 a       178     0    12     1    13
      0.4291997273 a       179     0    12     1    14
      0.4332906675 a       180     0    12     1    15
     -0.7964922083 a       181     0    13     1     1
      0.7159671227 a       182     0    13     1     2
      0.3088439077 a       183     0    13     1     3
      0.5058504002 a       184     0    13     1     4
      0.7466324586 a       185     0    13     1     5
      0.5138220466 a       186     0    13     1     6
      0.7957873760 a       187     0    13     1     7
     -0.5342334074 a       188     0    13     1     8
      0.0213786039 a       189     0    13     1     9
      0.6331027074 a       190     0    13     1    10
     -0.7324131482 a       191     0    13     1    11
     -0.6458534298 a       192     0    13     1    12
      0.7889912907 a       193     0    13     1    13
     -0.7700150466 a       194     0    13     1    14
      0.4699536435 a       195     0    13     1    15
      0.7794446921 a       196     0    14     1     1
      0.6885745289 a       197     0    14     1     2
     -0.9213624086 a       198     0    14     1     3
     -0.0792711950 a       199     0    14     1     4
      0.0142487737 a       200     0    14     1     5
     -0.1440639103 a       201     0    14     1     6
      0.8370830267 a       202     0    14     1     7
     -0.6770842763 a       203     0    14     1     8
      0.1221780587 a       204     0    14     1     9
      0.6944942668 a       205     0    14     1    10
     -0.1138154514 a       206     0    14     1    11
     -0.6991529216 a       207     0    14     1    12
     -0.5664523463 a       208     0    14     1    13
      0.1612292326 a       209     0    14     1    14
     -0.5871833355 a       210     0    14     1    15
      0.4694205859 a       211     0    15     1     1
     -0.9485600104 a       212     0    15     1     2
      0.7089198621 a       213     0    15     1     3
      0.0063910765 a       214     0    15     1     4
      0.3282702909 a       215     0    15     1     5
     -0.5209277726 a       216     0    15     1     6
      0.2569547555 a       217     0    15     1     7
     -0.3625059939 a       218     0    15     1     8
     -0.8135124578 a       219     0    15     1     9
      0.8435566093 a       220     0    15     1    10
     -0.6101450819 a       221     0    15     1    11
     -0.0448741077 a       222     0    15     1    12
      0.3960505460 a       223     0    15     1    13
      0.0864419202 a       224     0    15     1    14
      0.1002525160 a       225     0    15     1    15
     -0.9326866117 a       226     0    16     1     1
     -0.0966794637 a       227     0    16     1     2
     -0.4929658851 a       228     0    16     1     3
      0.5292396715 a       229     0    16     1     4
     -0.2969902850 a       230     0    16     1     5
      0.3793573722 a       231     0    16     1     6
      0.8537720234 a       232     0    16     1     7
      0.6970854380 a       233     0    16     1     8
      0.1234098657 a       234     0    16     1     9
     -0.9879155543 a       235     0    16     1    10
     -0.1890924888 a       236     0    16     1    11
     -0.1761417960 a       237     0    16     1    12
     -0.7649410481 a       238     0    16     1    13
     -0.3126522179 a       239     0    16     1    14
      0.0189119631 a       240     0    16     1    15
     -0.4838577095 a       241     0    17     1     1
      0.7643849202 a       242     0    17     1     2
      0.9435034173 a       243     0    17     1     3
     -0.4263833606 a       244     0    17     1     4
     -0.3390208112 a       245     0    17     1     5
      0.9124936268 a       246     0    17     1     6
      0.8508119504 a       247     0    17     1     7
      0.4523892627 a       248     0    17     1     8
     -0.3822921238 a       249     0    17     1     9
     -0.1304138747 a       250     0    17     1    10
     -0.2341498705 a       251     0    17     1    11
     -0.6214116262 a       252     0    17     1    12
     -0.6635980131 a       253     0    17     1    13
     -0.4087487529 a       254     0    17     1    14
     -0.3168037726 a       255     0    17     1    15
      0.8151871926 a       256     0    18     1     1
     -0.6693442771 a       257     0    18     1     2
     -0.7021951608 a       258     0    18     1     3
      0.1363542155 a       259     0    18     1     4
     -0.0854237500 a       260     0    18     1     5
      0.8140261958 a       261     0    18     1     6
     -0.5061648280 a       262     0    18     1     7
      0.8582811136 a       263     0    18     1     8
      0.8019990889 a       264     0    18     1     9
      0.6872135236 a       265     0    18     1    10
     -0.5471470737 a       266     0    18     1    11
      0.3415909760 a       267     0    18     1    12
      0.3405807801 a       268     0    18     1    13
      0.4803911725 a       269     0    18     1    14
     -0.0007492427 a       270     0    18     1    15
     -0.1715779684 a       271     0    19     1     1
      0.4838176411 a       272     0    19     1     2
     -0.1891152096 a       273     0    19     1     3
     -0.7009534757 a       274     0    19     1     4
      0.8296557412 a       275     0    19     1     5
      0.7086353933 a       276     0    19     1     6
     -0.0805451104 a       277     0    19     1     7
     -0.8189911726 a       278     0    19     1     8
      0.2921625740 a       279     0    19     1     9
     -0.3018675442 a       280     0    19     1    10
     -0.9791565167 a       281     0    19     1    11
      0.0582567675 a       282     0    19     1    12
     -0.7203009275 a       283     0    19     1    13
      0.5802675993 a       284     0    19     1    14
      0.7298991785 a       285     0    19     1    15
     -0.2779196413 a       286     0    20     1     1
     -0.5102034598 a       287     0    20     1     2
      0.1190040070 a       288     0    20     1     3
      0.4074235975 a       289     0    20     1     4
     -0.3872872166 a       290     0    20     1     5
     -0.7115180831 a       291     0    20     1     6
      0.1722241332 a       292     0    20     1     7
     -0.3075017003 a       293     0    20     1     8
      0.7802721818 a       294     0    20     1     9
     -0.1022503289 a       295     0    20     1    10
      0.7974520950 a       296     0    20     1    11
      0.1834734157 a       297     0    20     1    12
     -0.9556912021 a       298     0    20     1    13
      0.9760724873 a       299     0    20     1    14
     -0.4464905792 a       300     0    20     1    15
      0.5461251331 a       301     0    21     1     1
     -0.4088761532 a       302     0    21     1     2
      0.1591356677 a       303     0    21     1     3
     -0.8151501316 a       304     0    21     1     4
      0.9809172426 a       305     0    21     1     5
      0.3086646544 a       306     0    21     1     6
      0.7859106885 a       307     0    21     1     7
      0.3936796688 a       308     0    21     1     8
      0.4635677300 a       309     0    21     1     9
     -0.2216298849 a       310     0    21     1    10
     -0.8818172948 a       311     0    21     1    11
     -0.3910343620 a       312     0    21     1    12
     -0.5059636734 a       313     0    21     1    13
      0.3042937460 a       314     0    21     1    14
      0.7104386741 a       315     0    21     1    15
      0.1493879782 a       316     0    22     1     1
     -0.1937966246 a       317     0    22     1     2
      1.0122272272 a       318     0    22     1     3
     -0.4256214618 a       319     0    22     1     4
      0.9746257070 a       320     0    22     1     5
      0.9878518031 a       321     0    22     1     6
     -0.4089382966 a       322     0    22     1     7
     -0.2040968780 a       323     0    22     1     8
     -0.2338406571 a       324     0    22     1     9
      0.5346249154 a       325     0    22     1    10
     -0.3264845565 a       326     0    22     1    11
     -0.4362069679 a       327     0    22     1    12
      0.2548909971 a       328     0    22     1    13
     -0.4202977244 a       329     0    22     1    14
     -0.2101409183 a       330     0    22     1    15
     -0.6012763763 a       331     0    23     1     1
      0.7660766350 a       332     0    23     1     2
     -0.0076400747 a       333     0    23     1     3
      0.6135425494 a       334     0    23     1     4
     -0.9642920708 a       335     0    23     1     5
      0.0328633333 a       336     0    23     1     6
      0.8376856564 a       337     0    23     1     7
      0.2409160653 a       338     0    23     1     8
     -0.1716554252 a       339     0    23     1     9
      0.0153042575 a       340     0    23     1    10
     -0.0012460394 a       341     0    23     1    11
     -0.8901340006 a       342     0    23     1    12
      0.6829350012 a       343     0    23     1    13
      0.4800720597 a       344     0    23     1    14
     -0.9418709117 a       345     0    23     1    15
     -0.0902846734 a       346     0    24     1     1
      0.9823999171 a       347     0    24     1     2
      0.1214389822 a       348     0    24     1     3
     -0.7822715141 a       349     0    24     1     4
     -0.4062997188 a       350     0    24     1     5
      0.5262272113 a       351     0    24     1     6
     -0.2419120912 a       352     0    24     1     7
      0.4047330087 a       353     0    24     1     8
     -0.6315847358 a       354     0    24     1     9
      0.0292804766 a       355     0    24     1    10
     -0.1219105616 a       356     0    24     1    11
      0.1224570208 a       357     0    24     1    12
     -0.6526410248 a       358     0    24     1    13
     -0.2303006041 a       359     0    24     1    14
      0.3650958167 a       360     0    24     1    15
      0.0444878936 a       361     0    25     1     1
      0.2410698884 a       362     0    25     1     2
     -0.8222249418 a       363     0    25     1     3
     -0.5671683553 a       364     0    25     1     4
     -0.1751059806 a       365     0    25     1     5
     -0.5051102087 a       366     0    25     1     6
      0.5128983964 a       367     0    25     1     7
      0.2145973553 a       368     0    25     1     8
     -0.4314661576 a       369     0    25     1     9
     -0.7546690242 a       370     0    25     1    10
     -0.9197871136 a       371     0    25     1    11
      0.2442804291 a       372     0    25     1    12
      0.7552458593 a       373     0    25     1    13
     -0.2203296996 a       374     0    25     1    14
     -0.4356653894 a       375     0    25     1    15
      0.6131615804 a       376     0    26     1     1
     -0.6929646814 a       377     0    26     1     2
      0.1307418542 a       378     0    26     1     3
      0.0774389076 a       379     0    26     1     4
      1.0182634534 a       380     0    26     1     5
     -0.4741553004 a       381     0    26     1     6
      0.5055036557 a       382     0    26     1     7
      0.3900878159 a       383     0    26     1     8
     -0.2993583297 a       384     0    26     1     9
      0.6549864111 a       385     0    26     1    10
     -0.1497690999 a       386     0    26     1    11
     -0.0237091784 a       387     0    26     1    12
      0.7765892632 a       388     0    26     1    13
      0.7829912966 a       389     0    26     1    14
     -0.0560514302 a       390     0    26     1    15
      0.3175959994 a       391     0    27     1     1
      0.9518686082 a       392     0    27     1     2
      0.9184646816 a       393     0    27     1     3
      0.2835505898 a       394     0    27     1     4
      0.2891346573 a       395     0    27     1     5
     -0.8699628271 a       396     0    27     1     6
     -0.6625928230 a       397     0    27     1     7
     -0.2413266447 a       398     0    27     1     8
      0.1552608543 a       399     0    27     1     9
     -0.4206972192 a       400     0    27     1    10
     -0.7347942005 a       401     0    27     1    11
     -0.1010894298 a       402     0    27     1    12
      0.2327695756 a       403     0    27     1    13
      0.3678753108 a       404     0    27     1    14
      0.0490223573 a       405     0    27     1    15
     -0.0315074445 a       406     0    28     1     1
     -0.6645139817 a       407     0    28     1     2
     -0.5536609274 a       408     0    28     1     3
     -0.5505979807 a       409     0    28     1     4
      0.4779045924 a       410     0    28     1     5
     -0.4554663194 a       411     0    28     1     6
      0.6148668087 a       412     0    28     1     7
     -0.4274249186 a       413     0    28     1     8
      0.0842332892 a       414     0    28     1     9
      0.4722333316 a       415     0    28     1    10
     -0.6660418541 a       416     0    28     1    11
     -0.5687425266 a       417     0    28     1    12
      0.6917574440 a       418     0    28     1    13
     -0.9333992400 a       419     0    28     1    14
      0.2603142441 a       420     0    28     1    15
      0.9260496814 a       421     0    29     1     1
     -0.7419136520 a       422     0    29     1     2
     -0.9038177388 a       423     0    29     1     3
     -0.7005023805 a       424     0    29     1     4
      0.4706109065 a       425     0    29     1     5
     -0.1950688364 a       426     0    29     1     6
     -0.4339283807 a       427     0    29     1     7
      0.7114488405 a       428     0    29     1     8
     -0.9108997325 a       429     0    29     1     9
      0.3512329756 a       430     0    29     1    10
     -0.8859132349 a       431     0    29     1    11
      0.3522747698 a       432     0    29     1    12
     -0.2322344402 a       433     0    29     1    13
     -0.7864622122 a       434     0    29     1    14
     -0.6249617463 a       435     0    29     1    15
     -0.0864324692 a       436     0    30     1     1
     -0.6064399079 a       437     0    30     1     2
     -0.0478236822 a       438     0    30     1     3
     -0.7084440140 a       439     0    30     1     4
     -0.6603653597 a       440     0    30     1     5
     -0.1079232025 a       441     0    30     1     6
     -0.5110707505 a       442     0    30     1     7
     -0.1173615693 a       443     0    30     1     8
     -0.7599982035 a       444     0    30     1     9
     -0.3351502453 a       445     0    30     1    10
     -0.4868227692 a       446     0    30     1    11
      0.7802020050 a       447     0    30     1    12
     -0.1366506762 a       448     0    30     1    13
      0.7063927438 a       449     0    30     1    14
      1.0079610199 a       450     0    30     1    15
      0.8977685194 b       451     1     1
     -0.1144888433 b       452     1     2
      0.3939635744 b       453     1     3
     -0.3816973444 b       454     1     4
      0.3002002142 b       455     1     5
     -1.0151394111 b       456     1     6
     -0.5938430640 b       457     1     7
      0.3148604776 b       458     1     8
      1.1112692829 b       459     1     9
     -0.9600379465 b       460     1    10
      0.8357327862 b       461     1    11
     -0.4064672827 b       462     1    12
      0.7742403735 b       463     1    13
     -0.6369606075 b       464     1    14
     -0.9520985968 b       465     1    15
     -0.3381487510 a       466     1     1     2     1
     -0.8465672088 a       467     1     1     2     2
     -0.9648774148 a       468     1     1     2     3
     -0.1786151649 a       469     1     1     2     4
      0.5933575804 a       470     1     1     2     5
      0.2261118682 a       471     1     1     2     6
      0.2076383543 a       472     1     1     2     7
      1.0209112598 a       473     1     1     2     8
     -0.3140794260 a       474     1     1     2     9
      0.6498500100 a       475     1     1     2    10
      0.9993505604 a       476     1     1     2    11
     -0.9339466194 a       477     1     1     2    12
     -0.2213450297 a       478     1     1     2    13
      0.2107937534 a       479     1     1     2    14
      0.3302245092 a       480     1     1     2    15
     -0.3423839584 a       481     1     2     2     1
     -0.4513928395 a       482     1     2     2     2
      0.7904907758 a       483     1     2     2     3
      0.3550423108 a       484     1     2     2     4
      0.8207032995 a       485     1     2     2     5
     -0.5832525141 a       486     1     2     2     6
     -0.5893513340 a       487     1     2     2     7
     -0.5456464159 a       488     1     2     2     8
     -0.0415283475 a       489     1     2     2     9
     -0.9675843118 a       490     1     2     2    10
     -0.2558962843 a       491     1     2     2    11
     -0.2206165751 a       492     1     2     2    12
      0.0219551602 a       493     1     2     2    13
     -0.4396820102 a       494     1     2     2    14
      0.4728521920 a       495     1     2     2    15
     -0.8126528462 a       496     1     3     2     1
     -0.4130099107 a       497     1     3     2     2
     -0.5553271270 a       498     1     3     2     3
     -0.6554469618 a       499     1     3     2     4
      0.3829715355 a       500     1     3     2     5
      0.2636925998 a       501     1     3     2     6
      0.5473391721 a       502     1     3     2     7
     -0.8293703964 a       503     1     3     2     8
      0.7858481198 a       504     1     3     2     9
      0.9335865555 a       505     1     3     2    10
      0.7934988373 a       506     1     3     2    11
     -0.0389986152 a       507     1     3     2    12
     -0.5514242149 a       508     1     3     2    13
     -0.2371762507 a       509     1     3     2    14
     -0.0585615713 a       510     1     3     2    15
     -0.8104316374 a       511     1     4     2     1
      0.3106333740 a       512     1     4     2     2
     -0.7265235097 a       513     1     4     2     3
      0.5427749769 a       514     1     4     2     4
      0.8570318083 a       515     1     4     2     5
     -0.2666010638 a       516     1     4     2     6
     -0.5530845587 a       517     1     4     2     7
     -0.8079443685 a       518     1     4     2     8
      0.6735459897 a       519     1     4     2     9
      0.8851580613 a       520     1     4     2    10
     -0.8496602971 a       521     1     4     2    11
      0.7821221765 a       522     1     4     2    12
     -0.8082020561 a       523     1     4     2    13
     -0.7526263633 a       524     1     4     2    14
     -0.1651494188 a       525     1     4     2    15
     -0.4536479094 a       526     1     5     2     1
      0.5953196891 a       527     1     5     2     2
     -0.8760091653 a       528     1     5     2     3
      0.0529401959 a       529     1     5     2     4
      0.7248830102 a       530     1     5     2     5
     -0.0301604238 a       531     1     5     2     6
     -0.1707645926 a       532     1     5     2     7
      0.2380609345 a       533     1     5     2     8
     -0.3189011825 a       534     1     5     2     9
      0.7725140754 a       535     1     5     2    10
     -0.6637825858 a       536     1     5     2    11
     -0.6272120715 a       537     1     5     2    12
      0.4334496117 a       538     1     5     2    13
     -0.6235264614 a       539     1     5     2    14
     -0.0301802381 a       540     1     5     2    15
      0.6271947982 a       541     1     6     2     1
      0.0295852602 a       542     1     6     2     2
      0.4979123270 a       543     1     6     2     3
      0.4239854891 a       544     1     6     2     4
      0.8310087811 a       545     1     6     2     5
     -0.1742970651 a       546     1     6     2     6
     -0.1135147966 a       547     1     6     2     7
      0.1622135244 a       548     1     6     2     8
      0.5514254717 a       549     1     6     2     9
      0.5278012391 a       550     1     6     2    10
     -0.3180424591 a       551     1     6     2    11
      0.3692205995 a       552     1     6     2    12
     -0.8675867427 a       553     1     6     2    13
     -0.5168624514 a       554     1     6     2    14
      0.4919014625 a       555     1     6     2    15
      0.4403491466 a       556     1     7     2     1
     -0.8148061643 a       557     1     7     2     2
     -0.5288560193 a       558     1     7     2     3
     -0.9473478262 a       559     1     7     2     4
      0.8439156458 a       560     1     7     2     5
      0.2242336169 a       561     1     7     2     6
     -0.8746487934 a       562     1     7     2     7
      0.9126110857 a       563     1     7     2     8
     -0.4480698834 a       564     1     7     2     9
     -0.1030543612 a       565     1     7     2    10
      0.8130002924 a       566     1     7     2    11
     -0.2482291310 a       567     1     7     2    12
     -0.3666574244 a       568     1     7     2    13
      0.1613964690 a       569     1     7     2    14
      0.0483458011 a       570     1     7     2    15
     -0.0667227315 a       571     1     8     2     1
     -0.8703758573 a       572     1     8     2     2
     -0.0592762989 a       573     1     8     2     3
      0.4463276474 a       574     1     8     2     4
      0.0740723937 a       575     1     8     2     5
     -0.3976243999 a       576     1     8     2     6
      0.5766068344 a       577     1     8     2     7
      0.3622975251 a       578     1     8     2     8
      0.8461285913 a       579     1     8     2     9
      0.4855429184 a       580     1     8     2    10
     -0.5590590402 a       581     1     8     2    11
     -0.5027312835 a       582     1     8     2    12
     -0.2632422416 a       583     1     8     2    13
     -0.7584959836 a       584     1     8     2    14
      0.5874285571 a       585     1     8     2    15
      0.4315759865 a       586     1     9     2     1
      0.1434462359 a       587     1     9     2     2
      0.2831752651 a       588     1     9     2     3
      0.9473743686 a       589     1     9     2     4
     -0.0491135777 a       590     1     9     2     5
      0.9927189368 a       591     1     9     2     6
     -0.2776470585 a       592     1     9     2     7
      0.4147683706 a       593     1     9     2     8
     -0.8290221421 a       594     1     9     2     9
     -0.9331669636 a       595     1     9     2    10
     -0.3421871123 a       596     1     9     2    11
     -0.3302788812 a       597     1     9     2    12
     -0.7531856800 a       598     1     9     2    13
     -0.4898327108 a       599     1     9     2    14
      0.1903710836 a       600     1     9     2    15
     -0.2258511255 a       601     1    10     2     1
     -0.1348116380 a       602     1    10     2     2
     -0.4825288999 a       603     1    10     2     3
      0.5704924212 a       604     1    10     2     4
      0.2985310775 a       605     1    10     2     5
      0.8640342699 a       606     1    10     2     6
      0.9761344784 a       607     1    10     2     7
      0.5547944171 a       608     1    10     2     8
     -0.4669598076 a       609     1    10     2     9
     -0.8346793283 a       610     1    10     2    10
      0.7587285256 a       611     1    10     2    11
      0.4395615962 a       612     1    10     2    12
     -0.7761677614 a       613     1    10     2    13
      0.7334139835 a       614     1    10     2    14
      0.0701694265 a       615     1    10     2    15
     -0.0643988089 a       616     1    11     2     1
     -0.8960252101 a       617     1    11     2     2
     -0.1526684818 a       618     1    11     2     3
     -1.0369440330 a       619     1    11     2     4
      0.4523089572 a       620     1    11     2     5
     -0.0190433663 a       621     1    11     2     6
      0.4895516736 a       622     1    11     2     7
      0.5300740473 a       623     1    11     2     8
     -0.1211809348 a       624     1    11     2     9
      0.2813012795 a       625     1    11     2    10
     -0.8173442693 a       626     1    11     2    11
      0.2202881725 a       627     1    11     2    12
      0.1471402768 a       628     1    11     2    13
      0.6044634095 a       629     1    11     2    14
     -0.7025689517 a       630     1    11     2    15
      0.1378243723 a       631     1    12     2     1
      0.5900740267 a       632     1    12     2     2
      0.4086715866 a       633     1    12     2     3
      0.5879434807 a       634     1    12     2     4
      0.9355603595 a       635     1    12     2     5
      0.5740640845 a       636     1    12     2     6
     -0.0130299873 a       637     1    12     2     7
     -0.7671061098 a       638     1    12     2     8
     -0.5277930259 a       639     1    12     2     9
     -0.5072836232 a       640     1    12     2    10
      0.6825988213 a       641     1    12     2    11
      0.5922771268 a       642     1    12     2    12
      0.8114060059 a       643     1    12     2    13
      0.1166526511 a       644     1    12     2    14
      0.6169938749 a       645     1    12     2    15
      0.8389720610 a       646     1    13     2     1
      0.2099601728 a       647     1    13     2     2
      0.6603654678 a       648     1    13     2     3
     -0.8955782981 a       649     1    13     2     4
     -0.4940176612 a       650     1    13     2     5
     -0.2363341511 a       651     1    13     2     6
     -0.7901131229 a       652     1    13     2     7
     -0.2068981959 a       653     1    13     2     8
      0.4226184006 a       654     1    13     2     9
     -0.4044310165 a       655     1    13     2    10
     -0.1287033587 a       656     1    13     2    11
      0.4855774138 a       657     1    13     2    12
      0.3654792489 a       658     1    13     2    13
      0.0419269752 a       659     1    13     2    14
      0.2123450295 a       660     1    13     2    15
     -0.7677141845 a       661     1    14     2     1
     -0.1372642991 a       662     1    14     2     2
     -0.1900298256 a       663     1    14     2     3
      0.7058279143 a       664     1    14     2     4
     -0.9224057880 a       665     1    14     2     5
      0.1389692832 a       666     1    14     2     6
      0.8591512315 a       667     1    14     2     7
      0.4296860279 a       668     1    14     2     8
     -0.3091884659 a       669     1    14     2     9
      0.7416907446 a       670     1    14     2    10
      0.5212977823 a       671     1    14     2    11
      0.5200904910 a       672     1    14     2    12
      0.6887435151 a       673     1    14     2    13
      0.5256165704 a       674     1    14     2    14
      0.1644632873 a       675     1    14     2    15
     -0.0773460056 a       676     1    15     2     1
     -0.1674344178 a       677     1    15     2     2
     -0.2956268680 a       678     1    15     2     3
     -0.5492483745 a       679     1    15     2     4
      0.2488205958 a       680     1    15     2     5
     -0.8723058383 a       681     1    15     2     6
      0.3336581409 a       682     1    15     2     7
      0.5938436827 a       683     1    15     2     8
      0.9356940547 a       684     1    15     2     9
     -0.4536332353 a       685     1    15     2    10
     -0.2579063714 a       686     1    15     2    11
     -0.3858495991 a       687     1    15     2    12
      0.0780141235 a       688     1    15     2    13
     -0.5262990640 a       689     1    15     2    14
     -0.3010363051 a       690     1    15     2    15
     -0.2896862983 b       691     2     1
     -0.8747713349 b       692     2     2
      0.7550899196 b       693     2     3
     -0.2053228632 b       694     2     4
      0.2273138257 b       695     2     5
      0.7223071937 b       696     2     6
      0.0417988547 b       697     2     7
      0.8939029938 b       698     2     8
     -0.1397780691 b       699     2     9
     -0.2007343372 b       700     2    10
      0.2807881477 b       701     2    11
     -0.7511832434 b       702     2    12
     -0.8684935287 b       703     2    13
      0.6324812785 b       704     2    14
     -0.6597300283 b       705     2    15
     -0.7952940559 a       706     2     1     3     1
     -0.7866060895 a       707     2     2     3     1
      0.7355439541 a       708     2     3     3     1
     -0.6091336144 a       709     2     4     3     1
      0.5612679527 a       710     2     5     3     1
      0.3454751656 a       711     2     6     3     1
     -0.3738073878 a       712     2     7     3     1
     -0.2156551467 a       713     2     8     3     1
     -0.4331744547 a       714     2     9     3     1
      0.2663938572 a       715     2    10     3     1
      0.8879865825 a       716     2    11     3     1
      0.2752174601 a       717     2    12     3     1
     -0.0571252706 a       718     2    13     3     1
      0.2635853153 a       719     2    14     3     1
      0.1061337036 a       720     2    15     3     1
     -0.6711370638 b       721     3     1
