     -0.8169214380 a         1     0     1     1     1
     -0.5262076108 a         2     0     1     1     2
     -0.5696663134 a         3     0     1     1     3
     -0.1709295223 a         4     0     1     1     4
      0.2359894096 a         5     0     1     1     5
      0.4088098177 a         6     0     1     1     6
      0.8122838653 a         7     0     1     1     7
      0.2235127420 a         8     0     1     1     8
      0.8985224634 a         9     0     1     1     9
      0.1621152998 a        10     0     1     1    10
     -0.0128330320 a        11     0     1     1    11
      0.4750946092 a        12     0     1     1    12
      0.5142029894 a        13     0     1     1    13
      0.7533788457 a        14     0     1     1    14
     -0.6917764107 a        15     0     1     1    15
      0.4678743531 a        16     0     2     1     1
     -0.2790585655 a        17     0     2     1     2
     -0.8965348351 a        18     0     2     1     3
     -0.1652565598 a        19     0     2     1     4
     -0.2423140450 a        20     0     2     1     5
     -0.7763019435 a        21     0     2     1     6
     -0.4628051641 a        22     0     2     1     7
      0.3467724858 a        23     0     2     1     8
     -0.9407491391 a        24     0     2     1     9
     -0.0773554366 a        25     0     2     1    10
      0.0578417261 a        26     0     2     1    11
      0.1315476437 a        27     0     2     1    12
      0.1755398214 a        28     0     2     1    13
      0.4810341745 a        29     0     2     1    14
     -0.3756104772 a        30     0     2     1    15
      0.2711923879 a        31     0     3     1     1
      0.2547918516 a        32     0     3     1     2
      0.5368919761 a        33     0     3     1     3
     -0.8111240341 a        34     0     3     1     4
     -0.7041291984 a        35     0     3     1     5
     -0.9393684839 a        36     0     3     1     6
      0.6377682330 a        37     0     3     1     7
     -0.7054569501 a        38     0     3     1     8
     -0.3425003677 a        39     0     3     1     9
     -0.6083782940 a        40     0     3     1    10
     -0.1063641040 a        41     0     3     1    11
      0.0270259410 a        42     0     3     1    12
     -0.1804195951 a        43     0     3     1    13
     -0.1642065275 a        44     0     3     1    14
      0.9163511372 a        45     0     3     1    15
      0.0425657559 a        46     0     4     1     1
     -0.1347622909 a        47     0     4     1     2
     -0.2874743291 a        48     0     4     1     3
     -0.1540470603 a        49     0     4     1     4
      0.6383685368 a        50     0     4     1     5
      0.3401841211 a        51     0     4     1     6
     -0.9385474356 a        52     0     4     1     7
     -0.9431650441 a        53     0     4     1     8
      0.0979778576 a        54     0     4     1     9
     -0.6074697625 a        55     0     4     1    10
     -0.9098754380 a        56     0     4     1    11
     -0.0012942830 a        57     0     4     1    12
     -0.4838065472 a        58     0     4     1    13
      0.7633182608 a        59     0     4     1    14
      0.7161531188 a        60     0     4     1    15
      0.3002111019 a        61     0     5     1     1
      0.7026222802 a        62     0     5     1     2
     -0.6564362208 a        63     0     5     1     3
     -0.1590123540 a        64     0     5     1     4
     -0.8712152838 a        65     0     5     1     5
      0.2258314423 a        66     0     5     1     6
     -0.3031472905 a        67     0     5     1     7
     -0.2781798287 a        68     0     5     1     8
      0.9847561138 a        69     0     5     1     9
      0.2960781360 a        70     0     5     1    10
      0.4822907686 a        71     0     5     1    11
     -0.2641758362 a        72     0     5     1    12
     -0.1842517749 a        73     0     5     1    13
      0.5956167811 a        74     0     5     1    14
     -0.3520654348 a        75     0     5     1    15
      0.9433783858 a        76     0     6     1     1
     -0.5390221354 a        77     0     6     1     2
     -0.1411913539 a        78     0     6     1     3
     -0.6436292445 a        79     0     6     1     4
     -0.0043235427 a        80     0     6     1     5
      0.7656009724 a        81     0     6     1     6
     -0.9759396756 a        82     0     6     1     7
      0.8416729158 a        83     0     6     1     8
     -0.9172669918 a        84     0     6     1     9
     -0.7879272603 a        85     0     6     1    10
      0.2331263794 a        86     0     6     1    11
      0.7719244850 a        87     0     6     1    12
     -0.2277852819 a        88     0     6     1    13
     -0.4247051124 a        89     0     6     1    14
     -0.7908794349 a        90     0     6     1    15
     -0.0332064964 a        91     0     7     1     1
     -0.0760730196 a        92     0     7     1     2
     -0.3304881904 a        93     0     7     1     3
      0.8100285092 a        94     0     7     1     4
     -0.8489924792 a        95     0     7     1     5
     -0.6720769340 a        96     0     7     1     6
     -0.2672817894 a        97     0     7     1     7
      0.9298392009 a        98     0     7     1     8
      0.0599937874 a        99     0     7     1     9
     -0.4221073892 a       100     0     7     1    10
      0.2767892125 a       101     0     7     1    11
      0.6397369760 a       102     0     7     1    12
      0.0044731931 a       103     0     7     1    13
      0.9398647896 a       104     0     7     1    14
     -0.7360063434 a       105     0     7     1    15
      0.5730598028 a       106     0     8     1     1
     -0.7527198777 a       107     0     8     1     2
     -0.7140802847 a       108     0     8     1     3
     -0.2263980414 a       109     0     8     1     4
     -0.5123029943 a       110     0     8     1     5
      0.5981315207 a       111     0     8     1     6
      0.8397359716 a       112     0     8     1     7
     -1.0291625964 a       113     0     8     1     8
      0.6176115698 a       114     0     8     1     9
      0.2520747050 a       115     0     8     1    10
      0.0384500408 a       116     0     8     1    11
      0.6064003006 a       117     0     8     1    12
     -0.8958536896 a       118     0     8     1    13
     -0.5558650241 a       119     0     8     1    14
      0.0813348699 a       120     0     8     1    15
      0.0773130570 a       121     0     9     1     1
      0.2812690461 a       122     0     9     1     2
     -0.9278890600 a       123     0     9     1     3
      0.3860357826 a       124     0     9     1     4
      0.7542985840 a       125     0     9     1     5
      0.7387573256 a       126     0     9     1     6
     -0.6799860587 a       127     0     9     1     7
     -0.2068005393 a       128     0     9     1     8
      0.3377690985 a       129     0     9     1     9
      0.9255797681 a       130     0     9     1    10
      0.1491183309 a       131     0     9     1    11
      0.2482220919 a       132     0     9     1    12
     -0.3459719493 a       133     0     9     1    13
     -0.5093519124 a       134     0     9     1    14
     -0.8415423333 a       135     0     9     1    15
      0.2507730231 a       136     0    10     1     1
      0.6004283655 a       137     0    10     1     2
      0.4704585267 a       138     0    10     1     3
      0.1644657355 a       139     0    10     1     4
     -0.6568759940 a       140     0    10     1     5
      0.2802306566 a       141     0    10     1     6
     -0.2418135801 a       142     0    10     1     7
     -0.4278624258 a       143     0    10     1     8
     -0.2467109453 a       144     0    10     1     9
      0.6949217798 a       145     0    10     1    10
     -0.0808137215 a       146     0    10     1    11
     -0.6719708268 a       147     0    10     1    12
     -0.2514174085 a       148     0    10     1    13
     -0.5262452464 a       149     0    10     1    14
     -0.6568642117 a       150     0    10     1    15
      0.6745683320 a       151     0    11     1     1
      0.2452729854 a       152     0    11     1     2
     -0.5462169071 a       153     0    11     1     3
      0.2119257861 a       154     0    11     1     4
     -0.8079201297 a       155     0    11     1     5
     -0.5520700501 a       156     0    11     1     6
      0.2707653275 a       157     0    11     1     7
      0.3279289403 a       158     0    11     1     8
      0.8038347843 a       159     0    11     1     9
     -0.3317131047 a       160     0    11     1    10
     -0.2828650418 a       161     0    11     1    11
      0.9449859174 a       162     0    11     1    12
     -0.5074328833 a       163     0    11     1    13
      0.4365023955 a       164     0    11     1    14
     -0.1958254386 a       165     0    11     1    15
      0.7084342706 a       166     0    12     1     1
     -0.2357408814 a       167     0    12     1     2
      0.3490585907 a       168     0    12     1     3
      0.1398197770 a       169     0    12     1     4
      0.0836573034 a       170     0    12     1     5
      0.7662203983 a       171     0    12     1     6
      0.9388728219 a       172     0    12     1     7
     -0.6870023440 a       173     0    12     1     8
      0.6593749829 a       174     0    12     1     9
     -0.0133692963 a       175     0    12     1    10
     -0.5775396465 a       176     0    12     1    11
      0.4295939142 a       177     0    12     1    12
     -0.3241110020 a       178     0    12     1    13
     -0.2948431275 a       179     0    12     1    14
     -0.7699091952 a       180     0    12     1    15
      0.8325316771 a       181     0    13     1     1
     -0.9782608987 a       182     0    13     1     2
      0.7118047417 a       183     0    13     1     3
     -0.3383798737 a       184     0    13     1     4
      0.0210245601 a       185     0    13     1     5
      0.7472763258 a       186     0    13     1     6
      0.1802472100 a       187     0    13     1     7
     -0.2572570284 a       188     0    13     1     8
      0.0512007223 a       189     0    13     1     9
      0.7759630719 a       190     0    13     1    10
     -0.7159527024 a       191     0    13     1    11
      0.0290711660 a       192     0    13     1    12
      0.3455054296 a       193     0    13     1    13
     -0.5067778403 a       194     0    13     1    14
     -0.7041157350 a       195     0    13     1    15
      0.5710862307 a       196     0    14     1     1
     -0.0508375333 a       197     0    14     1     2
     -0.8736838573 a       198     0    14     1     3
      0.7099710355 a       199     0    14     1     4
     -0.2907646459 a       200     0    14     1     5
      0.0201169836 a       201     0    14     1     6
      0.6656910425 a       202     0    14     1     7
     -0.4649447935 a       203     0    14     1     8
     -0.7739091884 a       204     0    14     1     9
     -0.0331506436 a       205     0    14     1    10
     -0.0487866845 a       206     0    14     1    11
     -0.7880531338 a       207     0    14     1    12
     -0.5119957121 a       208     0    14     1    13
     -0.6350775324 a       209     0    14     1    14
     -0.1949722248 a       210     0    14     1    15
     -0.4121057586 a       211     0    15     1     1
      0.6727024451 a       212     0    15     1     2
      0.2144643615 a       213     0    15     1     3
      0.8768216984 a       214     0    15     1     4
      0.3058939756 a       215     0    15     1     5
      0.4756193999 a       216     0    15     1     6
     -0.4364999372 a       217     0    15     1     7
     -0.3799834747 a       218     0    15     1     8
      0.3832136063 a       219     0    15     1     9
      0.4920005096 a       220     0    15     1    10
      0.4081619399 a       221     0    15     1    11
      0.0382861470 a       222     0    15     1    12
     -0.7557089034 a       223     0    15     1    13
     -0.9621359513 a       224     0    15     1    14
     -0.3504819273 a       225     0    15     1    15
     -0.0981711042 a       226     0    16     1     1
     -0.0087563014 a       227     0    16     1     2
      0.9095436053 a       228     0    16     1     3
     -0.7843896449 a       229     0    16     1     4
      0.1756958339 a       230     0    16     1     5
      0.8308211722 a       231     0    16     1     6
      0.8897845626 a       232     0    16     1     7
      0.3227596729 a       233     0    16     1     8
      0.5344092866 a       234     0    16     1     9
      0.7922717111 a       235     0    16     1    10
      0.2924368242 a       236     0    16     1    11
     -0.2281765966 a       237     0    16     1    12
     -0.0066211605 a       238     0    16     1    13
      0.2976542688 a       239     0    16     1    14
     -0.9763864062 a       240     0    16     1    15
      0.6095278323 a       241     0    17     1     1
      0.5140764052 a       242     0    17     1     2
     -0.8432105283 a       243     0    17     1     3
      0.0311966804 a       244     0    17     1     4
      0.9504907743 a       245     0    17     1     5
      0.6958642489 a       246     0    17     1     6
     -0.8144473244 a       247     0    17     1     7
      0.3839997187 a       248     0    17     1     8
     -0.5228564547 a       249     0    17     1     9
      0.3577913179 a       250     0    17     1    10
     -0.2815635361 a       251     0    17     1    11
      0.6957191155 a       252     0    17     1    12
     -0.3175578917 a       253     0    17     1    13
     -0.7703902003 a       254     0    17     1    14
     -0.5275533036 a       255     0    17     1    15
     -0.8923612357 a       256     0    18     1     1
     -0.1483819278 a       257     0    18     1     2
      0.1091089285 a       258     0    18     1     3
      0.1409095106 a       259     0    18     1     4
     -0.7525244416 a       260     0    18     1     5
      0.4371203039 a       261     0    18     1     6
      0.7262236855 a       262     0    18     1     7
     -0.0311894934 a       263     0    18     1     8
     -0.3702327712 a       264     0    18     1     9
      0.8667236133 a       265     0    18     1    10
      0.9360106054 a       266     0    18     1    11
      0.2149517093 a       267     0    18     1    12
      0.7521495614 a       268     0    18     1    13
      0.8227371932 a       269     0    18     1    14
     -0.6503405326 a       270     0    18     1    15
     -0.4835734122 a       271     0    19     1     1
     -0.3893621909 a       272     0    19     1     2
      0.8240276230 a       273     0    19     1     3
     -0.4631536068 a       274     0    19     1     4
      0.8047009009 a       275     0    19     1     5
     -0.4734942711 a       276     0    19     1     6
      0.4703459274 a       277     0    19     1     7
     -0.6870448703 a       278     0    19     1     8
      0.0230837190 a       279     0    19     1     9
     -0.9043807338 a       280     0    19     1    10
     -0.7569236033 a       281     0    19     1    11
      0.4247252803 a       282     0    19     1    12
      0.2700586783 a       283     0    19     1    13
      0.9459275969 a       284     0    19     1    14
      0.1930489932 a       285     0    19     1    15
      0.9502649120 a       286     0    20     1     1
      0.8768338121 a       287     0    20     1     2
     -0.4758912091 a       288     0    20     1     3
     -0.4549850451 a       289     0    20     1     4
     -0.7468076849 a       290     0    20     1     5
     -0.0098824043 a       291     0    20     1     6
      0.2930377850 a       292     0    20     1     7
     -0.9157099300 a       293     0    20     1     8
      0.0573453967 a       294     0    20     1     9
     -0.0389482989 a       295     0    20     1    10
     -0.9382417370 a       296     0    20     1    11
     -0.5055490064 a       297     0    20     1    12
     -0.0062200034 a       298     0    20     1    13
     -0.4466423525 a       299     0    20     1    14
      0.6108605138 a       300     0    20     1    15
     -0.6066738309 a       301     0    21     1     1
     -0.3682455469 a       302     0    21     1     2
     -0.5116992758 a       303     0    21     1     3
      0.1862558447 a       304     0    21     1     4
      0.8723046718 a       305     0    21     1     5
      0.5513986727 a       306     0    21     1     6
     -0.8129968575 a       307     0    21     1     7
     -0.4908697544 a       308     0    21     1     8
      0.0936268208 a       309     0    21     1     9
     -0.7898954512 a       310     0    21     1    10
     -0.5302522945 a       311     0    21     1    11
      0.1194178002 a       312     0    21     1    12
      0.3911506581 a       313     0    21     1    13
     -0.0679339958 a       314     0    21     1    14
      0.4674744884 a       315     0    21     1    15
      0.0091195497 a       316     0    22     1     1
     -0.3160167617 a       317     0    22     1     2
      0.0268239709 a       318     0    22     1     3
      0.5836047393 a       319     0    22     1     4
     -0.8392795510 a       320     0    22     1     5
     -0.5640319548 a       321     0    22     1     6
      0.6248874858 a       322     0    22     1     7
     -0.7827509382 a       323     0    22     1     8
     -0.9245141790 a       324     0    22     1     9
     -0.8572034838 a       325     0    22     1    10
      0.0592093850 a       326     0    22     1    11
     -0.9846471302 a       327     0    22     1    12
     -0.8271668342 a       328     0    22     1    13
     -0.4446994809 a       329     0    22     1    14
     -0.7146716242 a       330     0    22     1    15
     -0.6280267555 a       331     0    23     1     1
      0.0932143958 a       332     0    23     1     2
      0.9354675817 a       333     0    23     1     3
      0.7993383674 a       334     0    23     1     4
     -0.2563184777 a       335     0    23     1     5
      0.8212434985 a       336     0    23     1     6
      0.3850896255 a       337     0    23     1     7
     -0.2235323732 a       338     0    23     1     8
      0.1614890190 a       339     0    23     1     9
     -0.1376160249 a       340     0    23     1    10
     -0.5972900025 a       341     0    23     1    11
     -0.7191843272 a       342     0    23     1    12
     -0.8125985678 a       343     0    23     1    13
      0.6675312675 a       344     0    23     1    14
     -0.9405229091 a       345     0    23     1    15
      0.6165815845 a       346     0    24     1     1
      0.3456651755 a       347     0    24     1     2
     -0.7715224456 a       348     0    24     1     3
      0.2320502874 a       349     0    24     1     4
     -0.0827988540 a       350     0    24     1     5
      0.3626495523 a       351     0    24     1     6
     -0.1840994627 a       352     0    24     1     7
      0.6486427486 a       353     0    24     1     8
     -0.0714958826 a       354     0    24     1     9
     -0.3248535155 a       355     0    24     1    10
     -0.8361429110 a       356     0    24     1    11
     -0.2938470680 a       357     0    24     1    12
     -0.0689081463 a       358     0    24     1    13
     -0.9607285571 a       359     0    24     1    14
      0.2358840503 a       360     0    24     1    15
     -0.1472294177 a       361     0    25     1     1
      0.2154257737 a       362     0    25     1     2
      0.8921552405 a       363     0    25     1     3
      0.0115496563 a       364     0    25     1     4
      0.3894183879 a       365     0    25     1     5
      0.1355883626 a       366     0    25     1     6
     -0.7301267392 a       367     0    25     1     7
      0.2361172794 a       368     0    25     1     8
      0.3081234061 a       369     0    25     1     9
     -0.1853638332 a       370     0    25     1    10
      0.6181869535 a       371     0    25     1    11
      0.2003754062 a       372     0    25     1    12
      0.1396344202 a       373     0    25     1    13
      0.3332392404 a       374     0    25     1    14
      0.8491232701 a       375     0    25     1    15
     -0.1818573871 a       376     0    26     1     1
     -0.5453895854 a       377     0    26     1     2
      0.1944776911 a       378     0    26     1     3
      0.4746289404 a       379     0    26     1     4
     -0.7733158421 a       380     0    26     1     5
     -0.1784700173 a       381     0    26     1     6
     -0.5663884045 a       382     0    26     1     7
     -0.1856454609 a       383     0    26     1     8
      0.3968911236 a       384     0    26     1     9
      0.4399445148 a       385     0    26     1    10
      0.0666470183 a       386     0    26     1    11
      0.4975966370 a       387     0    26     1    12
      0.6433808172 a       388     0    26     1    13
      0.3989833555 a       389     0    26     1    14
      0.8766746695 a       390     0    26     1    15
     -0.2659999714 a       391     0    27     1     1
      0.9700215381 a       392     0    27     1     2
      0.9798042314 a       393     0    27     1     3
     -0.3675639085 a       394     0    27     1     4
      0.8779405879 a       395     0    27     1     5
     -0.6956246412 a       396     0    27     1     6
     -0.1178297704 a       397     0    27     1     7
      0.1733733522 a       398     0    27     1     8
     -0.2199544523 a       399     0    27     1     9
     -0.9507678216 a       400     0    27     1    10
     -0.0439674860 a       401     0    27     1    11
     -0.0758732400 a       402     0    27     1    12
      0.9911573280 a       403     0    27     1    13
      0.3317216579 a       404     0    27     1    14
     -0.2577119934 a       405     0    27     1    15
     -1.0782429338 b       406     1     1
     -0.8518515964 b       407     1     2
     -0.0216950557 b       408     1     3
      0.9950327552 b       409     1     4
      0.9631319272 b       410     1     5
     -0.3198639150 b       411     1     6
      0.5472909033 b       412     1     7
      0.5829313670 b       413     1     8
      0.3460711383 b       414     1     9
     -0.9191693366 b       415     1    10
      0.2429252827 b       416     1    11
     -0.6768206731 b       417     1    12
     -0.8155347097 b       418     1    13
     -1.0739617446 b       419     1    14
      0.2365281522 b       420     1    15
      0.6427783382 a       421     1     1     2     1
      0.7294235116 a       422     1     1     2     2
     -0.9360605667 a       423     1     1     2     3
      0.6349121593 a       424     1     1     2     4
     -0.4628201065 a       425     1     1     2     5
     -0.9801133259 a       426     1     1     2     6
      0.6363173800 a       427     1     1     2     7
     -0.3900707793 a       428     1     1     2     8
      0.4520194067 a       429     1     1     2     9
     -0.2630959959 a       430     1     1     2    10
     -0.9584210128 a       431     1     1     2    11
     -0.2960923965 a       432     1     1     2    12
      0.4063118207 a       433     1     1     2    13
     -1.0223893372 a       434     1     1     2    14
     -0.0481550426 a       435     1     1     2    15
     -0.1248266375 a       436     1     2     2     1
     -0.5288562847 a       437     1     2     2     2
     -0.0483439250 a       438     1     2     2     3
      0.9856763182 a       439     1     2     2     4
     -0.5397561395 a       440     1     2     2     5
      0.1421921794 a       441     1     2     2     6
      0.3292655308 a       442     1     2     2     7
     -0.2173550017 a       443     1     2     2     8
      0.6693309839 a       444     1     2     2     9
     -0.1374414872 a       445     1     2     2    10
      0.4338957890 a       446     1     2     2    11
      0.9885249068 a       447     1     2     2    12
      0.6625887364 a       448     1     2     2    13
     -0.9208300951 a       449     1     2     2    14
     -0.5252959475 a       450     1     2     2    15
      0.5071810467 a       451     1     3     2     1
     -0.6570024278 a       452     1     3     2     2
      0.4604662256 a       453     1     3     2     3
     -0.3109939354 a       454     1     3     2     4
     -0.4032512022 a       455     1     3     2     5
      0.8306202615 a       456     1     3     2     6
     -0.8550458459 a       457     1     3     2     7
     -0.4075481362 a       458     1     3     2     8
      0.8308453135 a       459     1     3     2     9
      0.4288305754 a       460     1     3     2    10
      0.0303509332 a       461     1     3     2    11
     -0.0679812265 a       462     1     3     2    12
     -0.6984463956 a       463     1     3     2    13
     -0.6164991266 a       464     1     3     2    14
     -0.8803839031 a       465     1     3     2    15
     -0.0257219160 a       466     1     4     2     1
     -0.4872460479 a       467     1     4     2     2
      0.2804092587 a       468     1     4     2     3
     -0.1644698101 a       469     1     4     2     4
      0.3183060377 a       470     1     4     2     5
      0.3836405899 a       471     1     4     2     6
     -0.9120030014 a       472     1     4     2     7
     -0.8619291431 a       473     1     4     2     8
      0.8827682905 a       474     1     4     2     9
      0.8012708124 a       475     1     4     2    10
     -0.5987732992 a       476     1     4     2    11
      0.5956846327 a       477     1     4     2    12
     -0.6187211761 a       478     1     4     2    13
     -0.1971732241 a       479     1     4     2    14
     -0.1007664704 a       480     1     4     2    15
      0.3772630335 a       481     1     5     2     1
      0.7884833558 a       482     1     5     2     2
      0.8846733740 a       483     1     5     2     3
     -0.5964229102 a       484     1     5     2     4
      0.8425499758 a       485     1     5     2     5
     -0.9058906490 a       486     1     5     2     6
     -0.1853794607 a       487     1     5     2     7
      0.8426744598 a       488     1     5     2     8
     -0.8763616063 a       489     1     5     2     9
     -0.9389572358 a       490     1     5     2    10
     -0.1013999064 a       491     1     5     2    11
      0.5315231624 a       492     1     5     2    12
      0.3360165350 a       493     1     5     2    13
     -0.5113370336 a       494     1     5     2    14
      0.1539032339 a       495     1     5     2    15
     -0.8524508059 a       496     1     6     2     1
     -0.8692481097 a       497     1     6     2     2
     -0.6990708059 a       498     1     6     2     3
     -0.9818791287 a       499     1     6     2     4
      0.1590764666 a       500     1     6     2     5
      0.7783030333 a       501     1     6     2     6
      0.7202368939 a       502     1     6     2     7
      0.6882429628 a       503     1     6     2     8
      0.2827147551 a       504     1     6     2     9
     -0.2177437974 a       505     1     6     2    10
      0.7416637300 a       506     1     6     2    11
     -0.5737723429 a       507     1     6     2    12
      0.3669657761 a       508     1     6     2    13
     -0.5189654201 a       509     1     6     2    14
     -0.4442377775 a       510     1     6     2    15
      0.6444508018 a       511     1     7     2     1
     -0.3987523976 a       512     1     7     2     2
      0.3177298614 a       513     1     7     2     3
      0.3388134677 a       514     1     7     2     4
     -0.2712782861 a       515     1     7     2     5
      0.2161899130 a       516     1     7     2     6
     -0.7898475792 a       517     1     7     2     7
      0.3356351640 a       518     1     7     2     8
      0.6075932296 a       519     1     7     2     9
     -0.9400496823 a       520     1     7     2    10
     -0.4505410963 a       521     1     7     2    11
      0.5887101745 a       522     1     7     2    12
      0.9213951301 a       523     1     7     2    13
     -0.7870410785 a       524     1     7     2    14
      0.0722667477 a       525     1     7     2    15
     -0.5477083554 a       526     1     8     2     1
      0.3703241258 a       527     1     8     2     2
     -0.6276154476 a       528     1     8     2     3
     -0.3118634602 a       529     1     8     2     4
      0.8773983374 a       530     1     8     2     5
      0.1684362037 a       531     1     8     2     6
     -0.6193931422 a       532     1     8     2     7
      0.7589275142 a       533     1     8     2     8
      0.4467633245 a       534     1     8     2     9
      0.9657732558 a       535     1     8     2    10
     -0.5637743927 a       536     1     8     2    11
     -0.0289144807 a       537     1     8     2    12
     -0.4169415646 a       538     1     8     2    13
     -0.5763414378 a       539     1     8     2    14
      0.4444044306 a       540     1     8     2    15
      0.2998151394 a       541     1     9     2     1
      0.8126511568 a       542     1     9     2     2
      0.5550524328 a       543     1     9     2     3
     -0.9912512763 a       544     1     9     2     4
     -0.6187790005 a       545     1     9     2     5
      0.2373020374 a       546     1     9     2     6
      0.7483466222 a       547     1     9     2     7
     -0.9534958773 a       548     1     9     2     8
     -0.9038938670 a       549     1     9     2     9
      0.6586494466 a       550     1     9     2    10
     -0.3865467456 a       551     1     9     2    11
     -0.9177060254 a       552     1     9     2    12
     -0.7782688617 a       553     1     9     2    13
     -0.1112213411 a       554     1     9     2    14
      0.8874394033 a       555     1     9     2    15
     -1.0508407705 a       556     1    10     2     1
      0.5877443425 a       557     1    10     2     2
     -0.5508565175 a       558     1    10     2     3
     -0.8059695103 a       559     1    10     2     4
      0.9432535123 a       560     1    10     2     5
      0.8460716895 a       561     1    10     2     6
      0.3101737149 a       562     1    10     2     7
      0.8815696901 a       563     1    10     2     8
     -0.8939899266 a       564     1    10     2     9
     -0.6921247637 a       565     1    10     2    10
      0.8763868308 a       566     1    10     2    11
     -0.3555764901 a       567     1    10     2    12
      0.6401301498 a       568     1    10     2    13
      0.1164481020 a       569     1    10     2    14
     -0.4325337902 a       570     1    10     2    15
      0.6352865818 a       571     1    11     2     1
     -0.1600204583 a       572     1    11     2     2
      0.4153261769 a       573     1    11     2     3
     -0.8365152765 a       574     1    11     2     4
     -0.4968737576 a       575     1    11     2     5
     -0.6556820374 a       576     1    11     2     6
     -0.1155633918 a       577     1    11     2     7
     -0.9687998873 a       578     1    11     2     8
     -0.8109314884 a       579     1    11     2     9
      0.7314492382 a       580     1    11     2    10
     -0.9178642869 a       581     1    11     2    11
      0.1485274786 a       582     1    11     2    12
     -0.4720649211 a       583     1    11     2    13
      0.8166562469 a       584     1    11     2    14
      1.0088300117 a       585     1    11     2    15
     -0.7913381019 a       586     1    12     2     1
     -0.7112557572 a       587     1    12     2     2
      0.5115005737 a       588     1    12     2     3
     -0.1500298894 a       589     1    12     2     4
      0.8364426706 a       590     1    12     2     5
      0.6187407892 a       591     1    12     2     6
      0.6563672742 a       592     1    12     2     7
     -0.2146491315 a       593     1    12     2     8
     -0.4999495126 a       594     1    12     2     9
     -0.1577563100 a       595     1    12     2    10
     -0.1754246512 a       596     1    12     2    11
     -0.7528224735 a       597     1    12     2    12
      0.7043004759 a       598     1    12     2    13
     -0.8195957634 a       599     1    12     2    14
     -0.9597730091 a       600     1    12     2    15
      0.6655461999 a       601     1    13     2     1
      0.0320232545 a       602     1    13     2     2
     -0.7489991901 a       603     1    13     2     3
      0.4393208920 a       604     1    13     2     4
     -0.4721247365 a       605     1    13     2     5
     -0.2945361127 a       606     1    13     2     6
     -0.7107745248 a       607     1    13     2     7
      0.8355278924 a       608     1    13     2     8
      0.9111317605 a       609     1    13     2     9
      0.7524056020 a       610     1    13     2    10
      0.5713299433 a       611     1    13     2    11
     -0.2371176518 a       612     1    13     2    12
      0.4086531606 a       613     1    13     2    13
     -0.1139316111 a       614     1    13     2    14
      0.0023917345 a       615     1    13     2    15
     -0.9342805237 a       616     1    14     2     1
      0.0591364758 a       617     1    14     2     2
     -0.5368256865 a       618     1    14     2     3
      0.8294839447 a       619     1    14     2     4
     -0.2431381451 a       620     1    14     2     5
      0.8386592040 a       621     1    14     2     6
      0.8882619850 a       622     1    14     2     7
      0.8359326758 a       623     1    14     2     8
      0.6674287122 a       624     1    14     2     9
      0.0542482739 a       625     1    14     2    10
      0.3478245360 a       626     1    14     2    11
     -0.5925267645 a       627     1    14     2    12
      0.8530297383 a       628     1    14     2    13
     -0.9675472756 a       629     1    14     2    14
      0.2871788773 a       630     1    14     2    15
      0.3949884203 a       631     1    15     2     1
     -0.8221667486 a       632     1    15     2     2
     -0.4511218309 a       633     1    15     2     3
     -0.1576736222 a       634     1    15     2     4
     -0.0364042995 a       635     1    15     2     5
     -0.1474681851 a       636     1    15     2     6
     -0.3027081687 a       637     1    15     2     7
     -0.8614082305 a       638     1    15     2     8
      0.4130319449 a       639     1    15     2     9
     -0.3489808088 a       640     1    15     2    10
     -0.2976734374 a       641     1    15     2    11
      0.6147409011 a       642     1    15     2    12
      0.5853071163 a       643     1    15     2    13
     -0.4834943543 a       644     1    15     2    14
      0.3861798516 a       645     1    15     2    15
      0.3590286402 b       646     2     1
      0.8737297226 b       647     2     2
     -0.9543932339 b       648     2     3
     -1.0011280891 b       649     2     4
      0.8582724067 b       650     2     5
      0.7253759554 b       651     2     6
     -0.9021151433 b       652     2     7
     -0.6096342224 b       653     2     8
      0.8766491775 b       654     2     9
      0.0659701955 b       655     2    10
     -0.8971962773 b       656     2    11
      0.6408856372 b       657     2    12
      0.3076030512 b       658     2    13
     -0.4402514082 b       659     2    14
      0.3479186978 b       660     2    15
      0.4656582727 a       661     2     1     3     1
     -1.2012985088 a       662     2     2     3     1
      0.2206376440 a       663     2     3     3     1
      0.2099495199 a       664     2     4     3     1
      0.1737835874 a       665     2     5     3     1
     -0.1448262726 a       666     2     6     3     1
     -0.2166489032 a       667     2     7     3     1
      0.6992602343 a       668     2     8     3     1
     -0.3223599967 a       669     2     9     3     1
     -0.1193465299 a       670     2    10     3     1
      0.9554682749 a       671     2    11     3     1
     -0.9350268827 a       672     2    12     3     1
      0.3381801538 a       673     2    13     3     1
     -0.8082090980 a       674     2    14     3     1
      0.9631776941 a       675     2    15     3     1
     -0.5574832759 b       676     3     1
