 -------------------------------------------------------------
 ---------------------- Welcome to the -----------------------
     RuNNer Neural Network Energy Representation - RuNNer     
 ----------  (c) 2008-2022 Prof. Dr. Joerg Behler   ----------
 ----------  Georg-August-Universitaet Goettingen   ----------
 ----------           Theoretische Chemie           ----------
 ----------              Tammannstr. 6              ----------
 ----------        37077 Goettingen, Germany        ----------
 -------------------------------------------------------------
 -------------------------------------------------------------
  This program is free software: you can redistribute it and/or modify it
  under the terms of the GNU General Public License as published by the 
  Free Software Foundation, either version 3 of the License, or 
  (at your option) any later version.
    
  This program is distributed in the hope that it will be useful, but 
  WITHOUT ANY WARRANTY; without even the implied warranty of MERCHANTABILITY
  or FITNESS FOR A PARTICULAR PURPOSE. See the GNU General Public License 
  for more details.
      
  You should have received a copy of the GNU General Public License along
  with this program. If not, see http://www.gnu.org/licenses. 
 -------------------------------------------------------------
 -------------------------------------------------------------
 When using RuNNer, please cite the following papers:
 J. Behler, Angew. Chem. Int. Ed. 56, 12828 (2017).
 J. Behler, Int. J. Quant. Chem. 115, 1032 (2015).
 -------------------------------------------------------------
 Whenever using high-dimensional NNPs irrespective of the Code please cite:
 J. Behler and M. Parrinello, Phys. Rev. Lett. 98, 146401 (2007).
 -------------------------------------------------------------
 The reference for the atom-centered symmetry functions is:
 J. Behler, J. Chem. Phys. 134, 074106 (2011).
 -------------------------------------------------------------
 For high-dimensional NNs including electrostatics:
 N. Artrith, T. Morawietz, and J. Behler, Phys. Rev. B 83, 153101 (2011).
 -------------------------------------------------------------
 -------------------------------------------------------------
 RuNNer has been written by Joerg Behler
  
 *** with contributions from some friends ***
  
 Tobias Morawietz - Nguyen Widrow weights and electrostatic screening
 Jovan Jose Kochumannil Varghese - Pair symmetry functions and pair NNPs
 Michael Gastegger and Philipp Marquetand - element decoupled Kalman filter
 Andreas Singraber - more efficient symmetry function type 3 implementation
 Sinja Klees and Mariana Rossi - some infrastructure for i-Pi compatibility
 Emir Kocer - Symmetry function groups
 Fenfei Wei and Emir Kocer - Hessian, frequencies and normal modes
 Alexander Knoll - vdW corrections long ranged
 Marco Eckhoff - spin-dependent atom-centered symmetry functions
 -------------------------------------------------------------
 -------------------------------------------------------------
 General job information:
 -------------------------------------------------------------
 Executing host    : KC-CHM-4KL63CY      
 User name         : mffn3               
 Starting date     : 13. 2.2025
 Starting time     : 10 h 25 min 
 Working directory :                                                             
 -------------------------------------------------------------
 -------------------------------------------------------------
 Serial run requested
 -------------------------------------------------------------
 Reading control parameters from input.nn
 =============================================================
 -------------------------------------------------------------
 ### WARNING ### remove_atom_energies is switched on without short range NN
 =============================================================
 General input parameters:
 -------------------------------------------------------------
 NNP generation                                           4
 Short range NN is off
 Electrostatic NN is on
 vdW corrections switched off
 -------------------------------------------------------------
 RuNNer is started in mode for fitting (2)
 debugging mode is                                       F
 parallelization mode                                     1
 enable detailed time measurement                        F
 using symmetry function groups                          F
 enable detailed time measurement at epoch level         F
 silent mode                                             F
 NN force check                                          F
 number of elements                                       2
 elements (sorted):
  1 H 
  8 O 
 seed for random number generator                     12348
 random number generator type                             5
 remove free atom reference energies                     T
 remove vdw dispersion energy and forces                 F
 shortest allowed bond in structure                   0.400
 Cutoff_type for symmetry function is                     2
 Cutoff_alpha for inner cutoff radius is              0.000
 -------------------------------------------------------------
 Electrostatic specifications:
 -------------------------------------------------------------
 electrostatic_type (nn_type_elec)                        5
 Using atomic electronegativities to predict charges
 Initial atomic hardnesses are defined and the optimizedvalues will be printed in hardness.out during the fitting
 H          10.000
 O          10.000
 Using element dependent gaussian width  to predict charges
 The gaussian widths are defined in input.nn
 H           0.586
 O           2.872
 global hidden layers electrostatic NN                    2
 global nodes hidden layers electrostatic NN        15   15
 global activation functions electrostatic              ttl
 Ewald alpha                                          0.000
 Ewald cutoff                                         0.000
 Ewald kmax                                               0
 Screening electrostatics                                  3.200000     12.000000
 -------------------------------------------------------------
 General fitting parameters:
 -------------------------------------------------------------
 number of fitting epochs                                10
 print date and time for each epoch                      F
 number of data sets in memory                         1000
 Fitting mode 1 (online learning) selected         
 Randomly mixing all points in training set              T
 save Kalman filter data                                 F
 restart from old Kalman filter data                     F
 rescale symmetry functions                              T
 rescale atomic charges                                  F
 min value of scaled electrostatic symmetry functions      0.000
 max value of scaled electrostatic symmetry functions      1.000
 remove CMS from symmetry functions                      T
 remove CMS from atomic charges                          F
 calculate symmetry function correlation                 F
 weight analysis                                         F
 environment analysis                                    F
 find contradictions                                     F
 fix some weights                                        F
 using growth mode for fitting                           F
 global fit of short and charge NN (not implemented)     F
 error unit for fitting                                  eV
 Reading formatted files 
 Writing formatted files 
 Resetting Kalman filter matrices each epoch             F
 Regularization for NN weights is used and the lambda value:   1.0000000000000000E-004
 restart fit with old weights (short)                    F
 -------------------------------------------------------------
 Fitting parameters electrostatic part:
 -------------------------------------------------------------
 Using Kalman filter optimization (1) for atomic charges
 charge error threshold                          0.00000000
 Kalman lambda (charge)                          0.98000000
 Kalman nue (charge)                             0.99870000
 Kalman damp (charge)                            1.00000000
 restart fit with old weights (charge)                   F
 grouping charges in blocks of                            1
 fraction of charges used for update                  1.000
 weightse_min                                        -1.000
 weightse_max                                         1.000
 using total charge constraint                           F
 noise charge threshold                          0.00000000 e
 -------------------------------------------------------------
 Fitting output options:
 -------------------------------------------------------------
 write weights in every epoch                             1
 write temporary weights each epoch                      F
 write trainpoints.out and testpoints.out                F
 write binding energies only                             F
 write traincharges.out and testcharges.out              F
 write trainforces.out and testforces.out                F
 =============================================================
 Element pairs:   3    , shortest distance (Bohr)
 =============================================================
 => electrostatic NN weights                      H        676
 => electrostatic NN weights                      O        721
 -------------------------------------------------------------
 -------------------------------------------------------------
 Atomic reference energies read from input.nn:
 H         -0.45890731
 O        -75.29000259
 -------------------------------------------------------------
 ---------------------------------------------------
 Electrostatic NN for element: H 
 architecture       27   15   15    1
 ---------------------------------------------------
   1   G  t  t  l
   2   G  t  t   
   3   G  t  t   
   4   G  t  t   
   5   G  t  t   
   6   G  t  t   
   7   G  t  t   
   8   G  t  t   
   9   G  t  t   
  10   G  t  t   
  11   G  t  t   
  12   G  t  t   
  13   G  t  t   
  14   G  t  t   
  15   G  t  t   
  16   G
  17   G
  18   G
  19   G
  20   G
  21   G
  22   G
  23   G
  24   G
  25   G
  26   G
  27   G
 ---------------------------------------------------
 Electrostatic NN for element: O 
 architecture       30   15   15    1
 ---------------------------------------------------
   1   G  t  t  l
   2   G  t  t   
   3   G  t  t   
   4   G  t  t   
   5   G  t  t   
   6   G  t  t   
   7   G  t  t   
   8   G  t  t   
   9   G  t  t   
  10   G  t  t   
  11   G  t  t   
  12   G  t  t   
  13   G  t  t   
  14   G  t  t   
  15   G  t  t   
  16   G
  17   G
  18   G
  19   G
  20   G
  21   G
  22   G
  23   G
  24   G
  25   G
  26   G
  27   G
  28   G
  29   G
  30   G
 -------------------------------------------------------------
 -------------------------------------------------------------
  electrostatic symmetry functions element H  :
 -------------------------------------------------------------
    1 H   2  H               0.001000   0.000000  12.000000
    2 H   2  O               0.001000   0.000000  12.000000
    3 H   2  H               0.010000   0.000000  12.000000
    4 H   2  O               0.010000   0.000000  12.000000
    5 H   2  H               0.030000   0.000000  12.000000
    6 H   2  O               0.030000   0.000000  12.000000
    7 H   2  H               0.060000   0.000000  12.000000
    8 H   2  O               0.060000   0.000000  12.000000
    9 H   2  O               0.150000   0.900000  12.000000
   10 H   2  H               0.150000   1.900000  12.000000
   11 H   2  O               0.300000   0.900000  12.000000
   12 H   2  H               0.300000   1.900000  12.000000
   13 H   2  O               0.600000   0.900000  12.000000
   14 H   2  H               0.600000   1.900000  12.000000
   15 H   2  O               1.500000   0.900000  12.000000
   16 H   2  H               1.500000   1.900000  12.000000
   17 H   3  O  O    0.001000  -1.000000   4.000000  12.000000
   18 H   3  O  O    0.001000   1.000000   4.000000  12.000000
   19 H   3  H  O    0.010000  -1.000000   4.000000  12.000000
   20 H   3  H  O    0.010000   1.000000   4.000000  12.000000
   21 H   3  H  O    0.030000  -1.000000   1.000000  12.000000
   22 H   3  O  O    0.030000  -1.000000   1.000000  12.000000
   23 H   3  H  O    0.030000   1.000000   1.000000  12.000000
   24 H   3  O  O    0.030000   1.000000   1.000000  12.000000
   25 H   3  H  O    0.070000  -1.000000   1.000000  12.000000
   26 H   3  H  O    0.070000   1.000000   1.000000  12.000000
   27 H   3  H  O    0.200000   1.000000   1.000000  12.000000
 -------------------------------------------------------------
  electrostatic symmetry functions element O  :
 -------------------------------------------------------------
    1 O   2  H               0.001000   0.000000  12.000000
    2 O   2  O               0.001000   0.000000  12.000000
    3 O   2  H               0.010000   0.000000  12.000000
    4 O   2  O               0.010000   0.000000  12.000000
    5 O   2  H               0.030000   0.000000  12.000000
    6 O   2  O               0.030000   0.000000  12.000000
    7 O   2  H               0.060000   0.000000  12.000000
    8 O   2  O               0.060000   0.000000  12.000000
    9 O   2  H               0.150000   0.900000  12.000000
   10 O   2  O               0.150000   4.000000  12.000000
   11 O   2  H               0.300000   0.900000  12.000000
   12 O   2  O               0.300000   4.000000  12.000000
   13 O   2  H               0.600000   0.900000  12.000000
   14 O   2  O               0.600000   4.000000  12.000000
   15 O   2  H               1.500000   0.900000  12.000000
   16 O   2  O               1.500000   4.000000  12.000000
   17 O   3  H  O    0.001000  -1.000000   4.000000  12.000000
   18 O   3  O  O    0.001000  -1.000000   4.000000  12.000000
   19 O   3  H  O    0.001000   1.000000   4.000000  12.000000
   20 O   3  O  O    0.001000   1.000000   4.000000  12.000000
   21 O   3  H  H    0.010000  -1.000000   4.000000  12.000000
   22 O   3  H  H    0.010000   1.000000   4.000000  12.000000
   23 O   3  H  H    0.030000  -1.000000   1.000000  12.000000
   24 O   3  H  O    0.030000  -1.000000   1.000000  12.000000
   25 O   3  O  O    0.030000  -1.000000   1.000000  12.000000
   26 O   3  H  H    0.030000   1.000000   1.000000  12.000000
   27 O   3  H  O    0.030000   1.000000   1.000000  12.000000
   28 O   3  O  O    0.030000   1.000000   1.000000  12.000000
   29 O   3  H  H    0.070000  -1.000000   1.000000  12.000000
   30 O   3  H  H    0.070000   1.000000   1.000000  12.000000
 -------------------------------------------------------------
 =============================================================
 Electrostatic symmetry function values for element H 
 Training set:  min           max       average         range        stddev      range/stddev
   1     1.60057625    2.86715563    2.23654990    1.26657938    0.16533961    7.66047153
   2     0.99683592    1.59303672    1.31131032    0.59620080    0.08186487    7.28274263
   3     1.09051356    2.13334932    1.62029430    1.04283576    0.13481483    7.73531917
   4     0.74736780    1.23352922    1.00324957    0.48616142    0.06624973    7.33831518
   5     0.54011470    1.29987256    0.89065210    0.75975786    0.09025701    8.41771559
   6     0.47460201    0.80707458    0.64010667    0.33247256    0.04474885    7.42974547
   7     0.25782946    0.72628175    0.44625794    0.46845229    0.05419694    8.64351899
   8     0.31738540    0.53141324    0.41910223    0.21402784    0.03033685    7.05504578
   9     0.29144262    0.45806130    0.36058588    0.16661867    0.02816644    5.91550435
  10     0.29768878    0.91308887    0.52280290    0.61540009    0.07411597    8.30320495
  11     0.23048455    0.33641788    0.27339529    0.10593333    0.01533283    6.90892168
  12     0.18709286    0.52281742    0.29081294    0.33572456    0.04372690    7.67775813
  13     0.15692197    0.23276107    0.19707350    0.07583911    0.01159837    6.53877412
  14     0.08957951    0.27682624    0.15808777    0.18724673    0.02416458    7.74880888
  15     0.04245172    0.13150697    0.08897586    0.08905526    0.01273740    6.99163464
  16     0.01462351    0.14220431    0.05686883    0.12758080    0.01870470    6.82078879
  17     0.00224477    0.03310796    0.01669008    0.03086319    0.00507481    6.08164177
  18     0.01052920    0.03363483    0.01988414    0.02310563    0.00316306    7.30483565
  19     0.00293668    0.03403111    0.01590739    0.03109443    0.00491178    6.33058773
  20     0.07459003    0.21380741    0.13503717    0.13921737    0.01644256    8.46688972
  21     0.00629262    0.03941037    0.01640413    0.03311775    0.00401316    8.25227958
  22     0.00081637    0.01418607    0.00561365    0.01336970    0.00201611    6.63143526
  23     0.04460134    0.13483136    0.07625202    0.09023001    0.01023862    8.81270861
  24     0.00123068    0.00897378    0.00359637    0.00774310    0.00091153    8.49461961
  25     0.00182428    0.00798877    0.00346859    0.00616449    0.00076322    8.07699497
  26     0.01696580    0.04009038    0.02428231    0.02312458    0.00278883    8.29186294
  27     0.00140990    0.00411291    0.00246465    0.00270301    0.00041064    6.58244060
 =============================================================
 Electrostatic symmetry function values for element O 
 Training set:  min           max       average         range        stddev      range/stddev
   1     2.08758787    3.23533502    2.62262064    1.14774715    0.16253776    7.06141839
   2     0.68904009    1.25097191    0.94904773    0.56193182    0.07903639    7.10978591
   3     1.56570926    2.53397134    2.00649914    0.96826208    0.13017126    7.43837056
   4     0.44189322    0.88571990    0.64473206    0.44382668    0.06134059    7.23544882
   5     0.99277701    1.68601481    1.28021334    0.69323780    0.08488284    8.16699627
   6     0.18224203    0.46573434    0.29560340    0.28349231    0.03631460    7.80656616
   7     0.68048671    1.09901174    0.83820447    0.41852502    0.05198049    8.05157955
   8     0.05706800    0.19379233    0.10439604    0.13672433    0.01781238    7.67580419
   9     0.60530621    0.90436803    0.72117176    0.29906182    0.04090743    7.31069689
  10     0.25259363    0.77696877    0.45371673    0.52437514    0.06834832    7.67210003
  11     0.48494025    0.64645799    0.54679057    0.16151774    0.02217041    7.28528402
  12     0.13884970    0.58721838    0.29303606    0.44836869    0.06327292    7.08626526
  13     0.32595957    0.45194128    0.39414700    0.12598171    0.01744575    7.22134235
  14     0.03639966    0.39590258    0.15462051    0.35950292    0.05256945    6.83862763
  15     0.11433930    0.23780906    0.17795172    0.12346976    0.01815325    6.80152200
  16     0.00144744    0.19079093    0.03747843    0.18934349    0.02473574    7.65465102
  17     0.00503432    0.03122468    0.01450225    0.02619036    0.00313383    8.35730731
  18     0.00013481    0.00214723    0.00057636    0.00201242    0.00023178    8.68244109
  19     0.10551214    0.29858253    0.18383617    0.19307038    0.02560167    7.54132133
  20     0.00417782    0.01765336    0.00934104    0.01347553    0.00197298    6.83004566
  21     0.01240153    0.04677206    0.02888299    0.03437053    0.00512927    6.70085990
  22     0.03384963    0.12000669    0.06655682    0.08615706    0.01165479    7.39241773
  23     0.02760524    0.08141292    0.04714108    0.05380768    0.00679928    7.91372848
  24     0.00199952    0.01627345    0.00567727    0.01427393    0.00156217    9.13723959
  25     0.00003025    0.00083100    0.00019775    0.00080075    0.00008233    9.72602167
  26     0.02406692    0.09574103    0.04551507    0.07167410    0.00803268    8.92281740
  27     0.01421073    0.07083580    0.03116280    0.05662507    0.00698877    8.10229702
  28     0.00010332    0.00184568    0.00056410    0.00174236    0.00020814    8.37097190
  29     0.01178497    0.02589605    0.01661223    0.01411107    0.00195853    7.20493968
  30     0.00671304    0.02200268    0.01113866    0.01528963    0.00189712    8.05938243
 -------------------------------------------------------------
 Charges in training set (e):
               Qmin          Qmax        average        stddev     range
 H           0.106087      0.182977      0.138687      0.011793      0.076890
 O          -0.355145     -0.191014     -0.277315      0.025127      0.164131
 -------------------------------------------------------------
 number of training points           18
 number of training atoms          3456
 number of testing points             2
 number of testing atoms            384
 -------------------------------------------------------------
 Number of atoms for each element:   
            training:    testing:   
  1  H          2304         256
  2  O          1152         128
 -------------------------------------------------------------
 initialization time (min):    0.00
 -------------------------------------------------------------
 Did you check your output file for warnings? ;-)             
 -------------------------------------------------------------
 -------------------------------------------------------------------------------
 RMSE (charges: e):
                    --- atom charges: ---     - time -
                             /e                 min
        epoch        train         test
 CHARGE     0       0.104852     0.101292       0.03
 -------------------------------------------------------------------------------
 CHARGE     1       0.021473     0.019489       0.06
 INFORMATION USED FOR UPDATE (Q)     1        3456
 -------------------------------------------------------------------------------
 CHARGE     2       0.017128     0.016650       0.05
 INFORMATION USED FOR UPDATE (Q)     2        3456
 -------------------------------------------------------------------------------
 CHARGE     3       0.014786     0.014358       0.05
 INFORMATION USED FOR UPDATE (Q)     3        3456
 -------------------------------------------------------------------------------
 CHARGE     4       0.013213     0.012724       0.06
 INFORMATION USED FOR UPDATE (Q)     4        3456
 -------------------------------------------------------------------------------
 CHARGE     5       0.012084     0.011441       0.06
 INFORMATION USED FOR UPDATE (Q)     5        3456
 -------------------------------------------------------------------------------
 CHARGE     6       0.011186     0.010553       0.06
 INFORMATION USED FOR UPDATE (Q)     6        3456
 -------------------------------------------------------------------------------
 CHARGE     7       0.010405     0.009944       0.06
 INFORMATION USED FOR UPDATE (Q)     7        3456
 -------------------------------------------------------------------------------
 CHARGE     8       0.009764     0.009345       0.05
 INFORMATION USED FOR UPDATE (Q)     8        3456
 -------------------------------------------------------------------------------
 CHARGE     9       0.009327     0.008917       0.06
 INFORMATION USED FOR UPDATE (Q)     9        3456
 -------------------------------------------------------------------------------
 CHARGE    10       0.008807     0.008544       0.05
 INFORMATION USED FOR UPDATE (Q)    10        3456
 =============================================================
 Best charge fit has been obtained in epoch    10
                    --- charges: ---
                    train        test 
 OPTCHARGE        0.008807     0.008544
 -------------------------------------------------------------
 max RMSE of atomcic charges in last epoch (train set):       0.009789   e/atom (structure        7 )
 max RMSE of atomic charges in last epoch (test set) :        0.009013   e/atom (structure        2 )
 -------------------------------------------------------------
 Total runtime (s)  :         35.815
 Total runtime (min):          0.597
 Total runtime (h)  :          0.010
 Normal termination of RuNNer
 -------------------------------------------------------------
