     -0.2974804865 a         1     0     1     1     1
      0.1909328188 a         2     0     1     1     2
      1.0043192435 a         3     0     1     1     3
      0.3590565883 a         4     0     1     1     4
     -0.2766615394 a         5     0     1     1     5
     -0.6164077542 a         6     0     1     1     6
      0.8564466746 a         7     0     1     1     7
      0.4247353197 a         8     0     1     1     8
     -0.5668258832 a         9     0     1     1     9
      0.0533934797 a        10     0     1     1    10
      0.6110356238 a        11     0     1     1    11
     -0.1095608844 a        12     0     1     1    12
     -0.5476589791 a        13     0     1     1    13
     -0.4634023251 a        14     0     1     1    14
     -0.7947443976 a        15     0     1     1    15
     -0.8285790207 a        16     0     2     1     1
     -0.8159610239 a        17     0     2     1     2
      0.2509809421 a        18     0     2     1     3
      0.6200266606 a        19     0     2     1     4
      0.0501937235 a        20     0     2     1     5
     -0.7625291256 a        21     0     2     1     6
     -0.9346261371 a        22     0     2     1     7
      1.0085306037 a        23     0     2     1     8
     -0.5384195622 a        24     0     2     1     9
      0.5853560246 a        25     0     2     1    10
     -0.2889675567 a        26     0     2     1    11
     -0.3660205417 a        27     0     2     1    12
     -0.3256466666 a        28     0     2     1    13
     -0.9743681827 a        29     0     2     1    14
      0.8037819528 a        30     0     2     1    15
     -0.8357462871 a        31     0     3     1     1
      0.0522384053 a        32     0     3     1     2
     -0.6918800783 a        33     0     3     1     3
      0.6466504389 a        34     0     3     1     4
     -0.4007628821 a        35     0     3     1     5
      0.8494960148 a        36     0     3     1     6
      0.8528984587 a        37     0     3     1     7
      0.7513091268 a        38     0     3     1     8
      0.5660617555 a        39     0     3     1     9
     -0.2689571999 a        40     0     3     1    10
      0.0300331511 a        41     0     3     1    11
     -0.0813348915 a        42     0     3     1    12
     -0.4899814141 a        43     0     3     1    13
     -0.2020588512 a        44     0     3     1    14
      0.0693756098 a        45     0     3     1    15
     -0.4219331726 a        46     0     4     1     1
      0.6622291664 a        47     0     4     1     2
     -0.8992513695 a        48     0     4     1     3
     -0.7875277622 a        49     0     4     1     4
      0.5986523912 a        50     0     4     1     5
      0.7749035786 a        51     0     4     1     6
     -0.7837660136 a        52     0     4     1     7
      0.7645778353 a        53     0     4     1     8
      0.8306233653 a        54     0     4     1     9
      0.5278890468 a        55     0     4     1    10
      0.5007942126 a        56     0     4     1    11
      0.1679759122 a        57     0     4     1    12
     -0.1058141807 a        58     0     4     1    13
      0.0242625006 a        59     0     4     1    14
      0.9148280648 a        60     0     4     1    15
      0.2435837617 a        61     0     5     1     1
     -0.0644876681 a        62     0     5     1     2
     -0.1697101905 a        63     0     5     1     3
     -0.9862472292 a        64     0     5     1     4
      0.4425071714 a        65     0     5     1     5
     -0.2678864866 a        66     0     5     1     6
     -0.3239337109 a        67     0     5     1     7
     -0.8525347167 a        68     0     5     1     8
      0.9570372766 a        69     0     5     1     9
     -0.7102074649 a        70     0     5     1    10
     -0.8407366057 a        71     0     5     1    11
     -0.1947174664 a        72     0     5     1    12
     -0.3590000432 a        73     0     5     1    13
     -0.4724943979 a        74     0     5     1    14
     -0.1104725309 a        75     0     5     1    15
     -0.9555553216 a        76     0     6     1     1
      0.5397939402 a        77     0     6     1     2
     -0.6460108483 a        78     0     6     1     3
      0.8181640972 a        79     0     6     1     4
      0.3181804386 a        80     0     6     1     5
      0.4447803723 a        81     0     6     1     6
     -0.9153441806 a        82     0     6     1     7
     -0.5539794126 a        83     0     6     1     8
     -0.1850646725 a        84     0     6     1     9
     -0.2664432418 a        85     0     6     1    10
     -0.5032279447 a        86     0     6     1    11
      0.9272594813 a        87     0     6     1    12
     -0.9098892449 a        88     0     6     1    13
     -0.3890311292 a        89     0     6     1    14
     -0.0299456618 a        90     0     6     1    15
      0.6910085770 a        91     0     7     1     1
     -0.3749060023 a        92     0     7     1     2
      0.1544037411 a        93     0     7     1     3
      0.7038571194 a        94     0     7     1     4
      0.1291785793 a        95     0     7     1     5
     -0.8033010627 a        96     0     7     1     6
      0.6123334322 a        97     0     7     1     7
     -0.9150705753 a        98     0     7     1     8
     -0.1512044638 a        99     0     7     1     9
     -0.4570011425 a       100     0     7     1    10
     -0.2984925227 a       101     0     7     1    11
      0.5348916913 a       102     0     7     1    12
     -0.5382223162 a       103     0     7     1    13
     -0.4712339046 a       104     0     7     1    14
      0.4455377718 a       105     0     7     1    15
     -0.3059662416 a       106     0     8     1     1
      0.3962331463 a       107     0     8     1     2
      0.5908404484 a       108     0     8     1     3
      0.2531344570 a       109     0     8     1     4
     -0.2674997422 a       110     0     8     1     5
     -0.7722937573 a       111     0     8     1     6
      0.5271582115 a       112     0     8     1     7
     -0.9551251507 a       113     0     8     1     8
      0.0577992680 a       114     0     8     1     9
      0.8463644260 a       115     0     8     1    10
      0.1643391451 a       116     0     8     1    11
      0.2067276513 a       117     0     8     1    12
     -0.2601154432 a       118     0     8     1    13
      0.9264699654 a       119     0     8     1    14
     -0.3248071657 a       120     0     8     1    15
      0.5110641521 a       121     0     9     1     1
      0.5995822762 a       122     0     9     1     2
      0.8766992478 a       123     0     9     1     3
      0.4740334782 a       124     0     9     1     4
      0.8900284058 a       125     0     9     1     5
      0.5691746057 a       126     0     9     1     6
     -0.1257378735 a       127     0     9     1     7
      0.1248638439 a       128     0     9     1     8
      0.2828206724 a       129     0     9     1     9
      0.9476326314 a       130     0     9     1    10
     -0.7509259013 a       131     0     9     1    11
     -0.0415858042 a       132     0     9     1    12
     -0.0962047470 a       133     0     9     1    13
      0.2071031853 a       134     0     9     1    14
     -0.5746428551 a       135     0     9     1    15
      0.1568108016 a       136     0    10     1     1
      0.3639654595 a       137     0    10     1     2
     -0.9344120364 a       138     0    10     1     3
     -0.3779025178 a       139     0    10     1     4
     -0.2947572661 a       140     0    10     1     5
     -0.2107887910 a       141     0    10     1     6
     -0.0327529136 a       142     0    10     1     7
     -0.9763526256 a       143     0    10     1     8
      0.4176970313 a       144     0    10     1     9
      0.5615783856 a       145     0    10     1    10
      0.5054420008 a       146     0    10     1    11
     -0.4803239961 a       147     0    10     1    12
     -0.1624055641 a       148     0    10     1    13
     -0.5451456675 a       149     0    10     1    14
     -0.6348463955 a       150     0    10     1    15
      0.1921852278 a       151     0    11     1     1
     -0.1768633508 a       152     0    11     1     2
      0.1364701857 a       153     0    11     1     3
      0.3869432745 a       154     0    11     1     4
     -0.9368314984 a       155     0    11     1     5
     -0.4690572266 a       156     0    11     1     6
      0.7433675603 a       157     0    11     1     7
     -0.2513426630 a       158     0    11     1     8
      0.5232339971 a       159     0    11     1     9
     -0.1265158486 a       160     0    11     1    10
     -0.8161859811 a       161     0    11     1    11
      0.6131983952 a       162     0    11     1    12
     -0.5862297119 a       163     0    11     1    13
      0.0878832282 a       164     0    11     1    14
     -0.7519226335 a       165     0    11     1    15
      0.0643179352 a       166     0    12     1     1
     -0.2912559030 a       167     0    12     1     2
     -0.1694136768 a       168     0    12     1     3
      0.8290903296 a       169     0    12     1     4
      0.6435493947 a       170     0    12     1     5
     -0.4444563505 a       171     0    12     1     6
     -0.6138731237 a       172     0    12     1     7
     -0.2454223324 a       173     0    12     1     8
      0.5096685102 a       174     0    12     1     9
      0.2067000543 a       175     0    12     1    10
      0.1230799718 a       176     0    12     1    11
      0.4090208664 a       177     0    12     1    12
      0.8919496005 a       178     0    12     1    13
     -0.4191264561 a       179     0    12     1    14
      0.2822533985 a       180     0    12     1    15
      0.1724686661 a       181     0    13     1     1
     -0.2775606050 a       182     0    13     1     2
     -0.5419882048 a       183     0    13     1     3
     -0.4547712931 a       184     0    13     1     4
     -0.7047910341 a       185     0    13     1     5
      0.5684095014 a       186     0    13     1     6
      0.1734318597 a       187     0    13     1     7
     -0.8580966854 a       188     0    13     1     8
     -0.1841721009 a       189     0    13     1     9
      0.4524195272 a       190     0    13     1    10
     -0.6703785518 a       191     0    13     1    11
      0.5216603586 a       192     0    13     1    12
      0.3211754521 a       193     0    13     1    13
     -0.6648873037 a       194     0    13     1    14
      0.8064165151 a       195     0    13     1    15
      0.4090413081 a       196     0    14     1     1
      0.4351187096 a       197     0    14     1     2
      0.5778516147 a       198     0    14     1     3
     -0.8358837769 a       199     0    14     1     4
      0.8123773660 a       200     0    14     1     5
      0.9820001680 a       201     0    14     1     6
     -0.3626850249 a       202     0    14     1     7
      0.4479216010 a       203     0    14     1     8
     -0.6152708166 a       204     0    14     1     9
     -0.0799711058 a       205     0    14     1    10
      0.6965235913 a       206     0    14     1    11
      0.4077822052 a       207     0    14     1    12
     -0.8554827328 a       208     0    14     1    13
      0.8073231477 a       209     0    14     1    14
     -0.5697226259 a       210     0    14     1    15
     -0.9509450337 a       211     0    15     1     1
      0.2498699252 a       212     0    15     1     2
     -0.9114269457 a       213     0    15     1     3
      0.4138142704 a       214     0    15     1     4
      0.7793039821 a       215     0    15     1     5
      0.6620482374 a       216     0    15     1     6
      0.2308412311 a       217     0    15     1     7
      0.6475968529 a       218     0    15     1     8
     -0.0786479600 a       219     0    15     1     9
     -0.4546390883 a       220     0    15     1    10
      0.1096075694 a       221     0    15     1    11
      0.3377156766 a       222     0    15     1    12
     -0.3567887051 a       223     0    15     1    13
     -0.5998398181 a       224     0    15     1    14
     -0.6720958232 a       225     0    15     1    15
      0.3808663717 a       226     0    16     1     1
      0.4513841973 a       227     0    16     1     2
     -0.9270832992 a       228     0    16     1     3
     -0.1200026347 a       229     0    16     1     4
      0.3280196891 a       230     0    16     1     5
      0.6573127046 a       231     0    16     1     6
      0.1442738196 a       232     0    16     1     7
      0.4185448395 a       233     0    16     1     8
      0.9461835199 a       234     0    16     1     9
      0.9713954756 a       235     0    16     1    10
     -0.0188865038 a       236     0    16     1    11
      1.0265779658 a       237     0    16     1    12
      0.2205365120 a       238     0    16     1    13
      0.9598630399 a       239     0    16     1    14
     -0.4871678161 a       240     0    16     1    15
      0.9449359555 a       241     0    17     1     1
     -0.9186487693 a       242     0    17     1     2
      0.6965715669 a       243     0    17     1     3
      0.2576596089 a       244     0    17     1     4
     -0.4735175419 a       245     0    17     1     5
     -0.0048170101 a       246     0    17     1     6
      0.0903848218 a       247     0    17     1     7
      0.1146454420 a       248     0    17     1     8
      0.0999913314 a       249     0    17     1     9
      0.5289732631 a       250     0    17     1    10
     -0.2366356394 a       251     0    17     1    11
     -0.2051399096 a       252     0    17     1    12
      0.2267545521 a       253     0    17     1    13
     -0.9516946007 a       254     0    17     1    14
      0.8372024493 a       255     0    17     1    15
      0.2041384661 a       256     0    18     1     1
      0.3189225838 a       257     0    18     1     2
     -0.2013941978 a       258     0    18     1     3
      0.4039400908 a       259     0    18     1     4
     -0.5805355658 a       260     0    18     1     5
     -0.0980662337 a       261     0    18     1     6
      0.7252519960 a       262     0    18     1     7
      0.7583303814 a       263     0    18     1     8
      0.6478731216 a       264     0    18     1     9
      0.2831671597 a       265     0    18     1    10
      0.3300529749 a       266     0    18     1    11
      0.6412645940 a       267     0    18     1    12
     -0.4947793445 a       268     0    18     1    13
      0.7994882746 a       269     0    18     1    14
     -0.5733969791 a       270     0    18     1    15
     -0.4980306711 a       271     0    19     1     1
     -0.2522490794 a       272     0    19     1     2
     -0.0996569899 a       273     0    19     1     3
      0.0733007084 a       274     0    19     1     4
      0.0808107974 a       275     0    19     1     5
     -0.1713986345 a       276     0    19     1     6
      0.6094082387 a       277     0    19     1     7
     -0.6906022171 a       278     0    19     1     8
     -0.5220879387 a       279     0    19     1     9
     -0.3799781618 a       280     0    19     1    10
      0.1371636320 a       281     0    19     1    11
      0.8092088519 a       282     0    19     1    12
     -0.1945743782 a       283     0    19     1    13
      0.8578424402 a       284     0    19     1    14
      0.4910414350 a       285     0    19     1    15
     -0.4338357056 a       286     0    20     1     1
      0.1200723032 a       287     0    20     1     2
      0.4349957671 a       288     0    20     1     3
     -0.7634644040 a       289     0    20     1     4
      0.3073808670 a       290     0    20     1     5
     -0.6267450310 a       291     0    20     1     6
      0.0779638480 a       292     0    20     1     7
     -0.1182319869 a       293     0    20     1     8
      0.3723603669 a       294     0    20     1     9
      0.0061766578 a       295     0    20     1    10
     -0.2819482677 a       296     0    20     1    11
     -0.4422659273 a       297     0    20     1    12
     -0.3657295690 a       298     0    20     1    13
     -0.1856202572 a       299     0    20     1    14
     -0.0853649300 a       300     0    20     1    15
      0.8634964266 a       301     0    21     1     1
      0.3104677368 a       302     0    21     1     2
      0.6756902533 a       303     0    21     1     3
     -0.1019274116 a       304     0    21     1     4
      0.2669549900 a       305     0    21     1     5
     -0.7392719715 a       306     0    21     1     6
     -0.5311120386 a       307     0    21     1     7
     -0.2568811729 a       308     0    21     1     8
      0.7064554452 a       309     0    21     1     9
      0.8488276117 a       310     0    21     1    10
     -0.6512897107 a       311     0    21     1    11
     -0.9611343406 a       312     0    21     1    12
     -0.4071681954 a       313     0    21     1    13
      0.0900506603 a       314     0    21     1    14
     -0.0738881070 a       315     0    21     1    15
      0.4642033296 a       316     0    22     1     1
     -0.2125406404 a       317     0    22     1     2
      0.3271291418 a       318     0    22     1     3
      0.4488746424 a       319     0    22     1     4
     -0.1032300673 a       320     0    22     1     5
     -0.6113672769 a       321     0    22     1     6
     -0.3545807854 a       322     0    22     1     7
      0.4797581540 a       323     0    22     1     8
     -0.6783931165 a       324     0    22     1     9
      0.6719371074 a       325     0    22     1    10
      0.5117564979 a       326     0    22     1    11
     -0.7332507727 a       327     0    22     1    12
     -0.2039119595 a       328     0    22     1    13
     -0.1838337958 a       329     0    22     1    14
     -0.6131888169 a       330     0    22     1    15
     -0.9195515027 a       331     0    23     1     1
     -0.9205727256 a       332     0    23     1     2
      0.7897505034 a       333     0    23     1     3
     -0.6525921593 a       334     0    23     1     4
     -0.6752076733 a       335     0    23     1     5
      0.6825534797 a       336     0    23     1     6
      0.0545913893 a       337     0    23     1     7
      0.4781557426 a       338     0    23     1     8
      0.4759193165 a       339     0    23     1     9
     -0.2300761971 a       340     0    23     1    10
      0.0227188041 a       341     0    23     1    11
     -0.2295598873 a       342     0    23     1    12
     -0.5683451875 a       343     0    23     1    13
     -0.3907205942 a       344     0    23     1    14
     -0.0914726453 a       345     0    23     1    15
     -0.1433995048 a       346     0    24     1     1
      0.2040160300 a       347     0    24     1     2
      0.4019966764 a       348     0    24     1     3
      0.4112452683 a       349     0    24     1     4
      0.2227898459 a       350     0    24     1     5
     -0.6425900764 a       351     0    24     1     6
     -0.3942796617 a       352     0    24     1     7
      0.8888107377 a       353     0    24     1     8
      0.8129172533 a       354     0    24     1     9
     -0.8491375622 a       355     0    24     1    10
     -0.4784791885 a       356     0    24     1    11
     -0.0411799750 a       357     0    24     1    12
     -0.4298929985 a       358     0    24     1    13
     -0.1863834483 a       359     0    24     1    14
     -0.8564511186 a       360     0    24     1    15
      0.0033369120 a       361     0    25     1     1
      0.8076688081 a       362     0    25     1     2
      0.2052287596 a       363     0    25     1     3
      0.2498923199 a       364     0    25     1     4
      0.0041546450 a       365     0    25     1     5
      0.6316249622 a       366     0    25     1     6
     -0.8834828732 a       367     0    25     1     7
     -0.2005388465 a       368     0    25     1     8
      0.6061379871 a       369     0    25     1     9
      0.7290961572 a       370     0    25     1    10
     -0.8294160343 a       371     0    25     1    11
     -0.2501348176 a       372     0    25     1    12
      0.8661978390 a       373     0    25     1    13
      0.8463847056 a       374     0    25     1    14
     -0.7157844005 a       375     0    25     1    15
      0.6860770751 a       376     0    26     1     1
     -0.4919507418 a       377     0    26     1     2
     -0.2802844547 a       378     0    26     1     3
     -0.0154217625 a       379     0    26     1     4
     -0.5790720780 a       380     0    26     1     5
     -0.5683652592 a       381     0    26     1     6
      0.5381582120 a       382     0    26     1     7
     -0.9133008883 a       383     0    26     1     8
      0.5858410127 a       384     0    26     1     9
      0.4028528878 a       385     0    26     1    10
     -0.3830491341 a       386     0    26     1    11
      0.3335255540 a       387     0    26     1    12
     -0.2028752172 a       388     0    26     1    13
     -0.4947155505 a       389     0    26     1    14
      0.8795316785 a       390     0    26     1    15
     -0.7078341264 a       391     0    27     1     1
      0.7170936475 a       392     0    27     1     2
     -0.9520479042 a       393     0    27     1     3
      0.8851365383 a       394     0    27     1     4
     -0.2946434942 a       395     0    27     1     5
      0.3875427220 a       396     0    27     1     6
      0.5250059192 a       397     0    27     1     7
      0.0989088609 a       398     0    27     1     8
     -0.3289700567 a       399     0    27     1     9
     -0.6573435792 a       400     0    27     1    10
     -0.1755214711 a       401     0    27     1    11
      0.5575175248 a       402     0    27     1    12
     -0.1565382986 a       403     0    27     1    13
      0.6686727992 a       404     0    27     1    14
      0.0110034587 a       405     0    27     1    15
     -0.2361537829 a       406     0    28     1     1
      0.8426951972 a       407     0    28     1     2
      0.7361892383 a       408     0    28     1     3
     -0.1510409075 a       409     0    28     1     4
     -0.9754659766 a       410     0    28     1     5
      0.2174991755 a       411     0    28     1     6
     -0.5908665682 a       412     0    28     1     7
      0.8655096680 a       413     0    28     1     8
     -0.2090878152 a       414     0    28     1     9
     -0.0720003247 a       415     0    28     1    10
      0.9706947644 a       416     0    28     1    11
      0.9694408033 a       417     0    28     1    12
     -0.6161166516 a       418     0    28     1    13
      0.2920321837 a       419     0    28     1    14
      0.4451959213 a       420     0    28     1    15
     -0.2331858062 a       421     0    29     1     1
      0.5656711322 a       422     0    29     1     2
      0.2161702212 a       423     0    29     1     3
     -0.1001309335 a       424     0    29     1     4
      0.7776264429 a       425     0    29     1     5
      0.1841697518 a       426     0    29     1     6
     -0.1292202003 a       427     0    29     1     7
      0.1222456340 a       428     0    29     1     8
      0.5407881541 a       429     0    29     1     9
     -0.0124924452 a       430     0    29     1    10
      0.0609124491 a       431     0    29     1    11
      0.2009547082 a       432     0    29     1    12
     -0.2230312328 a       433     0    29     1    13
     -0.2475472492 a       434     0    29     1    14
     -0.8634613803 a       435     0    29     1    15
     -0.4275426023 a       436     0    30     1     1
      0.4035696672 a       437     0    30     1     2
      0.4726184719 a       438     0    30     1     3
      0.7479083911 a       439     0    30     1     4
      0.4158114461 a       440     0    30     1     5
     -0.2094142515 a       441     0    30     1     6
     -0.4218775089 a       442     0    30     1     7
     -0.3872747844 a       443     0    30     1     8
      0.7697980556 a       444     0    30     1     9
      0.7329106974 a       445     0    30     1    10
     -0.0542842718 a       446     0    30     1    11
      0.3227796589 a       447     0    30     1    12
     -0.5296625572 a       448     0    30     1    13
      0.1951301606 a       449     0    30     1    14
      0.1291814072 a       450     0    30     1    15
      0.5046057731 b       451     1     1
      0.4001856189 b       452     1     2
      0.6248903585 b       453     1     3
      0.6109564504 b       454     1     4
     -0.8644017522 b       455     1     5
      0.4824155273 b       456     1     6
     -0.5020115921 b       457     1     7
     -0.0313161536 b       458     1     8
      0.6572893993 b       459     1     9
     -0.5421472353 b       460     1    10
     -0.6613601936 b       461     1    11
     -0.3340372347 b       462     1    12
     -0.7401635034 b       463     1    13
     -1.1275133897 b       464     1    14
     -0.7235759805 b       465     1    15
      0.3976792364 a       466     1     1     2     1
      0.3992964642 a       467     1     1     2     2
      0.3806238642 a       468     1     1     2     3
     -0.6564442581 a       469     1     1     2     4
     -0.0594370485 a       470     1     1     2     5
      0.1836278170 a       471     1     1     2     6
      0.3923015327 a       472     1     1     2     7
     -0.5649092740 a       473     1     1     2     8
      0.8560803056 a       474     1     1     2     9
     -0.6140644798 a       475     1     1     2    10
     -0.7073868610 a       476     1     1     2    11
     -0.6618790784 a       477     1     1     2    12
     -0.4251296066 a       478     1     1     2    13
     -0.4284081400 a       479     1     1     2    14
      0.4123737220 a       480     1     1     2    15
      0.9569379793 a       481     1     2     2     1
      0.8242458688 a       482     1     2     2     2
      0.6641119139 a       483     1     2     2     3
     -0.7262981077 a       484     1     2     2     4
     -0.7681500309 a       485     1     2     2     5
     -0.2738370114 a       486     1     2     2     6
      0.4444800478 a       487     1     2     2     7
     -0.2438099224 a       488     1     2     2     8
      0.7026390223 a       489     1     2     2     9
      0.1524428003 a       490     1     2     2    10
     -1.0463543787 a       491     1     2     2    11
     -0.9471349945 a       492     1     2     2    12
     -0.5449160267 a       493     1     2     2    13
     -0.2555689427 a       494     1     2     2    14
     -0.8151867015 a       495     1     2     2    15
     -0.3213965233 a       496     1     3     2     1
     -0.7128203677 a       497     1     3     2     2
     -0.1575585857 a       498     1     3     2     3
      0.7494432282 a       499     1     3     2     4
     -0.8213366837 a       500     1     3     2     5
      0.5812895728 a       501     1     3     2     6
     -0.0962632221 a       502     1     3     2     7
     -0.0994923155 a       503     1     3     2     8
      0.5280667575 a       504     1     3     2     9
      0.1764858284 a       505     1     3     2    10
      0.5053570207 a       506     1     3     2    11
     -0.4911916841 a       507     1     3     2    12
     -0.7765530220 a       508     1     3     2    13
     -0.6180833527 a       509     1     3     2    14
      0.4855527153 a       510     1     3     2    15
     -0.9479701841 a       511     1     4     2     1
     -0.5488236771 a       512     1     4     2     2
     -0.6738793382 a       513     1     4     2     3
      0.0980521468 a       514     1     4     2     4
      0.5231659055 a       515     1     4     2     5
      0.3662496748 a       516     1     4     2     6
     -0.7259060888 a       517     1     4     2     7
     -0.5013272304 a       518     1     4     2     8
      0.3765401804 a       519     1     4     2     9
      0.5960403064 a       520     1     4     2    10
     -0.5260409373 a       521     1     4     2    11
      0.8583765952 a       522     1     4     2    12
     -0.9190135646 a       523     1     4     2    13
     -0.8506693151 a       524     1     4     2    14
      0.1463463332 a       525     1     4     2    15
     -0.7327982281 a       526     1     5     2     1
     -0.9906343657 a       527     1     5     2     2
      0.6263986061 a       528     1     5     2     3
     -0.7403728587 a       529     1     5     2     4
     -0.5111457581 a       530     1     5     2     5
      0.6384962975 a       531     1     5     2     6
     -0.2487864398 a       532     1     5     2     7
      0.2841957509 a       533     1     5     2     8
      0.0011547663 a       534     1     5     2     9
     -0.1541570905 a       535     1     5     2    10
     -0.6371379304 a       536     1     5     2    11
     -0.8765296985 a       537     1     5     2    12
      0.4802238072 a       538     1     5     2    13
     -0.3965045295 a       539     1     5     2    14
      0.6351185141 a       540     1     5     2    15
      0.9082275956 a       541     1     6     2     1
     -0.4653168878 a       542     1     6     2     2
     -0.9036829826 a       543     1     6     2     3
     -0.7824339803 a       544     1     6     2     4
      0.3997202956 a       545     1     6     2     5
     -0.6186759660 a       546     1     6     2     6
     -0.1525435038 a       547     1     6     2     7
     -0.6321802690 a       548     1     6     2     8
     -0.1975057957 a       549     1     6     2     9
      0.7168807006 a       550     1     6     2    10
     -0.4234081562 a       551     1     6     2    11
     -0.5974699836 a       552     1     6     2    12
      0.3359310968 a       553     1     6     2    13
     -0.2214520270 a       554     1     6     2    14
      0.8581460626 a       555     1     6     2    15
     -0.8002681433 a       556     1     7     2     1
      0.5220455406 a       557     1     7     2     2
      0.2013724963 a       558     1     7     2     3
     -0.2488801627 a       559     1     7     2     4
     -0.4474426237 a       560     1     7     2     5
     -0.3171864705 a       561     1     7     2     6
     -0.9331171627 a       562     1     7     2     7
     -0.9439006342 a       563     1     7     2     8
     -0.8716043012 a       564     1     7     2     9
      0.5921854513 a       565     1     7     2    10
     -0.1912683289 a       566     1     7     2    11
      0.9631136005 a       567     1     7     2    12
     -0.6674677990 a       568     1     7     2    13
     -0.7975211900 a       569     1     7     2    14
     -0.2349253609 a       570     1     7     2    15
      0.7453843741 a       571     1     8     2     1
      0.0061467831 a       572     1     8     2     2
     -0.9878937006 a       573     1     8     2     3
      0.7440151583 a       574     1     8     2     4
     -0.1099148342 a       575     1     8     2     5
      0.8792981842 a       576     1     8     2     6
      0.3850894596 a       577     1     8     2     7
     -0.3035739378 a       578     1     8     2     8
     -0.8185243839 a       579     1     8     2     9
      0.6151769310 a       580     1     8     2    10
     -0.2084368890 a       581     1     8     2    11
     -0.4468860308 a       582     1     8     2    12
      0.1294669368 a       583     1     8     2    13
     -0.3365068349 a       584     1     8     2    14
      0.8881790410 a       585     1     8     2    15
     -0.2864134694 a       586     1     9     2     1
      0.9045304461 a       587     1     9     2     2
      0.7927951223 a       588     1     9     2     3
     -0.6385242669 a       589     1     9     2     4
      0.9747012474 a       590     1     9     2     5
      0.5982844026 a       591     1     9     2     6
      0.9788879602 a       592     1     9     2     7
      0.5086051155 a       593     1     9     2     8
      0.2331869775 a       594     1     9     2     9
      0.1944914672 a       595     1     9     2    10
      0.4625828606 a       596     1     9     2    11
     -0.7576513377 a       597     1     9     2    12
     -0.4802808939 a       598     1     9     2    13
     -0.4566723082 a       599     1     9     2    14
     -0.0903940683 a       600     1     9     2    15
      0.7220581714 a       601     1    10     2     1
      0.4578330575 a       602     1    10     2     2
     -0.9785815763 a       603     1    10     2     3
     -0.2188960506 a       604     1    10     2     4
      0.8568123836 a       605     1    10     2     5
      0.7912866672 a       606     1    10     2     6
      0.3288465327 a       607     1    10     2     7
      0.2169025776 a       608     1    10     2     8
     -0.1620968846 a       609     1    10     2     9
      0.4625196025 a       610     1    10     2    10
     -0.5011341499 a       611     1    10     2    11
     -0.3868634493 a       612     1    10     2    12
     -0.4157690507 a       613     1    10     2    13
     -0.7164824875 a       614     1    10     2    14
      0.9098103265 a       615     1    10     2    15
      0.7694488138 a       616     1    11     2     1
     -0.4507898858 a       617     1    11     2     2
     -0.1793780408 a       618     1    11     2     3
     -0.1395395738 a       619     1    11     2     4
     -0.1947718764 a       620     1    11     2     5
     -0.9977922989 a       621     1    11     2     6
     -0.4142824370 a       622     1    11     2     7
     -0.5415663700 a       623     1    11     2     8
     -0.7736432332 a       624     1    11     2     9
      0.5002443542 a       625     1    11     2    10
      0.8962316893 a       626     1    11     2    11
     -0.6409617008 a       627     1    11     2    12
     -0.5816420400 a       628     1    11     2    13
      0.8834443868 a       629     1    11     2    14
     -0.8225157308 a       630     1    11     2    15
     -0.8305839659 a       631     1    12     2     1
     -0.9715318814 a       632     1    12     2     2
     -0.1115433582 a       633     1    12     2     3
      0.7247282932 a       634     1    12     2     4
      1.0118196889 a       635     1    12     2     5
      0.5677837825 a       636     1    12     2     6
      0.4927213168 a       637     1    12     2     7
      0.5754856502 a       638     1    12     2     8
     -0.1838511897 a       639     1    12     2     9
     -1.0216081545 a       640     1    12     2    10
     -0.3587880774 a       641     1    12     2    11
     -0.4795310513 a       642     1    12     2    12
      0.3047832151 a       643     1    12     2    13
     -0.2879575388 a       644     1    12     2    14
     -0.5127884607 a       645     1    12     2    15
     -0.2482124069 a       646     1    13     2     1
      0.6731244275 a       647     1    13     2     2
     -0.4853930145 a       648     1    13     2     3
     -1.0043870401 a       649     1    13     2     4
     -0.0810433601 a       650     1    13     2     5
      0.6649270865 a       651     1    13     2     6
      0.9069390870 a       652     1    13     2     7
     -0.4397808611 a       653     1    13     2     8
     -0.6659919361 a       654     1    13     2     9
     -0.6526246702 a       655     1    13     2    10
      0.7743295525 a       656     1    13     2    11
     -0.1435268655 a       657     1    13     2    12
     -0.9496208486 a       658     1    13     2    13
     -0.0763099642 a       659     1    13     2    14
      0.6004511680 a       660     1    13     2    15
     -0.6126182716 a       661     1    14     2     1
     -0.8168917008 a       662     1    14     2     2
     -0.4365226625 a       663     1    14     2     3
     -0.7524108862 a       664     1    14     2     4
     -0.2425572756 a       665     1    14     2     5
     -0.6905155947 a       666     1    14     2     6
     -0.3173964041 a       667     1    14     2     7
     -0.5895627717 a       668     1    14     2     8
      0.6355837563 a       669     1    14     2     9
     -0.5805796008 a       670     1    14     2    10
      0.8738283088 a       671     1    14     2    11
     -0.7246930679 a       672     1    14     2    12
      0.1311391246 a       673     1    14     2    13
      0.4178072120 a       674     1    14     2    14
      0.8957787456 a       675     1    14     2    15
     -0.8882839420 a       676     1    15     2     1
     -0.2243322351 a       677     1    15     2     2
     -0.6054620018 a       678     1    15     2     3
      0.2691987225 a       679     1    15     2     4
     -0.5418271467 a       680     1    15     2     5
     -0.0277916719 a       681     1    15     2     6
      0.8478840386 a       682     1    15     2     7
     -0.1111384065 a       683     1    15     2     8
      0.1890519060 a       684     1    15     2     9
      0.7094918639 a       685     1    15     2    10
     -0.2018467506 a       686     1    15     2    11
      0.3933222208 a       687     1    15     2    12
     -0.8297200909 a       688     1    15     2    13
     -0.7930442062 a       689     1    15     2    14
     -0.9496944218 a       690     1    15     2    15
      0.4768362681 b       691     2     1
      0.0647299557 b       692     2     2
      0.9350629142 b       693     2     3
      0.6742190041 b       694     2     4
      0.2286226802 b       695     2     5
      0.6424291518 b       696     2     6
     -0.8803500279 b       697     2     7
      0.5498402069 b       698     2     8
     -0.0484763908 b       699     2     9
      0.8598077849 b       700     2    10
      0.5395069172 b       701     2    11
      1.0264342051 b       702     2    12
      0.2659184039 b       703     2    13
      0.5900710561 b       704     2    14
      0.4399443462 b       705     2    15
     -0.2675657804 a       706     2     1     3     1
      0.3989670562 a       707     2     2     3     1
     -0.7892583421 a       708     2     3     3     1
     -0.7676623451 a       709     2     4     3     1
     -0.5774223796 a       710     2     5     3     1
      0.1697847064 a       711     2     6     3     1
     -0.0600872594 a       712     2     7     3     1
     -0.6489325823 a       713     2     8     3     1
      0.3253921917 a       714     2     9     3     1
      1.1626755452 a       715     2    10     3     1
     -1.1440235903 a       716     2    11     3     1
     -0.3558872806 a       717     2    12     3     1
     -0.0478639351 a       718     2    13     3     1
      0.2934247132 a       719     2    14     3     1
     -0.3766772688 a       720     2    15     3     1
     -0.4471183588 b       721     3     1
