     -0.0794504936 a         1     0     1     1     1
      0.1301972407 a         2     0     1     1     2
      0.1880658230 a         3     0     1     1     3
      0.2192115163 a         4     0     1     1     4
      0.1088932120 a         5     0     1     1     5
     -0.2893529278 a         6     0     1     1     6
     -0.1688170437 a         7     0     1     1     7
      0.4252432577 a         8     0     1     1     8
      0.3804725591 a         9     0     1     1     9
     -0.3450932303 a        10     0     1     1    10
     -0.2043042912 a        11     0     1     1    11
     -0.0341590624 a        12     0     1     1    12
     -0.2406721224 a        13     0     1     1    13
     -0.1095616966 a        14     0     1     1    14
     -0.4377510228 a        15     0     1     1    15
     -0.0048834441 a        16     0     1     1    16
      0.3877355902 a        17     0     1     1    17
      0.0963663435 a        18     0     1     1    18
      0.1350201183 a        19     0     1     1    19
      0.0048655728 a        20     0     1     1    20
      0.3473141302 a        21     0     2     1     1
     -0.3856742553 a        22     0     2     1     2
     -0.0966273201 a        23     0     2     1     3
      0.2893291883 a        24     0     2     1     4
      0.3214937090 a        25     0     2     1     5
     -0.3734036546 a        26     0     2     1     6
     -0.1202681604 a        27     0     2     1     7
      0.4036297798 a        28     0     2     1     8
      0.3990769755 a        29     0     2     1     9
     -0.2834549263 a        30     0     2     1    10
      0.2976140959 a        31     0     2     1    11
     -0.1946771624 a        32     0     2     1    12
     -0.1546692890 a        33     0     2     1    13
      0.0306498787 a        34     0     2     1    14
     -0.3006203633 a        35     0     2     1    15
     -0.2887893981 a        36     0     2     1    16
      0.2662534742 a        37     0     2     1    17
     -0.4192021107 a        38     0     2     1    18
      0.2629807099 a        39     0     2     1    19
      0.1823341249 a        40     0     2     1    20
     -0.2347237033 a        41     0     3     1     1
      0.1503823617 a        42     0     3     1     2
     -0.1035452289 a        43     0     3     1     3
     -0.2451088563 a        44     0     3     1     4
      0.4232334826 a        45     0     3     1     5
     -0.3347879127 a        46     0     3     1     6
      0.3363482811 a        47     0     3     1     7
     -0.4365354045 a        48     0     3     1     8
      0.4378628764 a        49     0     3     1     9
     -0.1189134518 a        50     0     3     1    10
      0.1491776291 a        51     0     3     1    11
      0.2663669748 a        52     0     3     1    12
      0.0565785450 a        53     0     3     1    13
     -0.1841061754 a        54     0     3     1    14
     -0.3499693246 a        55     0     3     1    15
     -0.0973429974 a        56     0     3     1    16
      0.2560280078 a        57     0     3     1    17
     -0.0716054957 a        58     0     3     1    18
      0.3297612379 a        59     0     3     1    19
      0.0037705644 a        60     0     3     1    20
     -0.1367446902 a        61     0     4     1     1
      0.4291014513 a        62     0     4     1     2
      0.3379197537 a        63     0     4     1     3
     -0.0553309697 a        64     0     4     1     4
     -0.4427597550 a        65     0     4     1     5
      0.0884226678 a        66     0     4     1     6
     -0.2604479502 a        67     0     4     1     7
      0.4034312514 a        68     0     4     1     8
     -0.1095838337 a        69     0     4     1     9
     -0.0451210112 a        70     0     4     1    10
      0.4187406946 a        71     0     4     1    11
      0.4770891793 a        72     0     4     1    12
     -0.3546829022 a        73     0     4     1    13
      0.1521497298 a        74     0     4     1    14
      0.2554213518 a        75     0     4     1    15
     -0.1118937549 a        76     0     4     1    16
      0.2652163448 a        77     0     4     1    17
      0.0989883857 a        78     0     4     1    18
     -0.0541807952 a        79     0     4     1    19
      0.3699984759 a        80     0     4     1    20
      0.1217854585 a        81     0     5     1     1
     -0.0542630211 a        82     0     5     1     2
      0.0604591883 a        83     0     5     1     3
      0.2685994560 a        84     0     5     1     4
      0.0070658262 a        85     0     5     1     5
      0.0184072507 a        86     0     5     1     6
      0.0951565220 a        87     0     5     1     7
     -0.1046005917 a        88     0     5     1     8
     -0.1321958292 a        89     0     5     1     9
     -0.3571133775 a        90     0     5     1    10
     -0.1598149051 a        91     0     5     1    11
      0.2918991285 a        92     0     5     1    12
      0.2533057217 a        93     0     5     1    13
      0.4775800742 a        94     0     5     1    14
      0.2234938881 a        95     0     5     1    15
     -0.0935125447 a        96     0     5     1    16
     -0.1504376707 a        97     0     5     1    17
     -0.1713639767 a        98     0     5     1    18
      0.3313334177 a        99     0     5     1    19
      0.3368926388 a       100     0     5     1    20
     -0.0480571083 a       101     0     6     1     1
      0.1397345459 a       102     0     6     1     2
     -0.2610546558 a       103     0     6     1     3
      0.0858295388 a       104     0     6     1     4
      0.0995742809 a       105     0     6     1     5
      0.1806110691 a       106     0     6     1     6
      0.0294831099 a       107     0     6     1     7
      0.3708307212 a       108     0     6     1     8
      0.1931159512 a       109     0     6     1     9
     -0.3625044543 a       110     0     6     1    10
      0.1332515274 a       111     0     6     1    11
     -0.2990447992 a       112     0     6     1    12
     -0.0244130326 a       113     0     6     1    13
      0.4251724041 a       114     0     6     1    14
     -0.3028696605 a       115     0     6     1    15
     -0.2816861263 a       116     0     6     1    16
     -0.1366775664 a       117     0     6     1    17
     -0.3014916908 a       118     0     6     1    18
     -0.3922057827 a       119     0     6     1    19
     -0.3633273301 a       120     0     6     1    20
      0.2286733292 a       121     0     7     1     1
      0.1901563405 a       122     0     7     1     2
      0.1418094303 a       123     0     7     1     3
     -0.2776657381 a       124     0     7     1     4
     -0.0390164127 a       125     0     7     1     5
      0.0843892078 a       126     0     7     1     6
      0.1949240868 a       127     0     7     1     7
     -0.2854581261 a       128     0     7     1     8
      0.4144151441 a       129     0     7     1     9
     -0.3201838720 a       130     0     7     1    10
     -0.2872278430 a       131     0     7     1    11
     -0.3390103836 a       132     0     7     1    12
     -0.2350604896 a       133     0     7     1    13
     -0.2638757606 a       134     0     7     1    14
      0.2438362452 a       135     0     7     1    15
      0.4695825383 a       136     0     7     1    16
      0.3505552875 a       137     0     7     1    17
      0.3223460473 a       138     0     7     1    18
     -0.3464512030 a       139     0     7     1    19
     -0.3510551715 a       140     0     7     1    20
     -0.1645762969 a       141     0     8     1     1
      0.1981488514 a       142     0     8     1     2
     -0.0833461099 a       143     0     8     1     3
      0.3282094340 a       144     0     8     1     4
      0.0717666185 a       145     0     8     1     5
     -0.4305758110 a       146     0     8     1     6
     -0.4392453928 a       147     0     8     1     7
     -0.2543317168 a       148     0     8     1     8
     -0.1348352518 a       149     0     8     1     9
     -0.3208999743 a       150     0     8     1    10
     -0.1434469146 a       151     0     8     1    11
     -0.3475090057 a       152     0     8     1    12
     -0.0778642883 a       153     0     8     1    13
      0.4436323863 a       154     0     8     1    14
     -0.4441692407 a       155     0     8     1    15
      0.2796296553 a       156     0     8     1    16
     -0.0368213853 a       157     0     8     1    17
     -0.0334939033 a       158     0     8     1    18
      0.2519969579 a       159     0     8     1    19
      0.0964891902 a       160     0     8     1    20
      0.3101931151 a       161     0     9     1     1
     -0.2542134742 a       162     0     9     1     2
     -0.3661508106 a       163     0     9     1     3
     -0.3034086324 a       164     0     9     1     4
      0.2102418457 a       165     0     9     1     5
     -0.4354378442 a       166     0     9     1     6
     -0.2796947115 a       167     0     9     1     7
     -0.3129339996 a       168     0     9     1     8
      0.0406993039 a       169     0     9     1     9
      0.2060824905 a       170     0     9     1    10
      0.1538245754 a       171     0     9     1    11
     -0.3568470149 a       172     0     9     1    12
     -0.2659420064 a       173     0     9     1    13
      0.2161900369 a       174     0     9     1    14
      0.3373268594 a       175     0     9     1    15
     -0.2436658391 a       176     0     9     1    16
      0.4003521828 a       177     0     9     1    17
     -0.4243962986 a       178     0     9     1    18
     -0.4255173280 a       179     0     9     1    19
      0.0759296290 a       180     0     9     1    20
     -0.4069872759 a       181     0    10     1     1
     -0.4343313574 a       182     0    10     1     2
      0.2782838244 a       183     0    10     1     3
     -0.3835222652 a       184     0    10     1     4
     -0.2287826715 a       185     0    10     1     5
      0.3031372578 a       186     0    10     1     6
     -0.1294592774 a       187     0    10     1     7
      0.1234587136 a       188     0    10     1     8
      0.0305669758 a       189     0    10     1     9
     -0.0268162430 a       190     0    10     1    10
     -0.3307987583 a       191     0    10     1    11
     -0.4168392876 a       192     0    10     1    12
      0.2682311139 a       193     0    10     1    13
     -0.2041489657 a       194     0    10     1    14
      0.3354963927 a       195     0    10     1    15
      0.4448264128 a       196     0    10     1    16
     -0.2079764092 a       197     0    10     1    17
     -0.4213759529 a       198     0    10     1    18
     -0.3624552468 a       199     0    10     1    19
      0.1894331834 a       200     0    10     1    20
     -0.3613223346 a       201     0    11     1     1
     -0.0636866226 a       202     0    11     1     2
     -0.3154490432 a       203     0    11     1     3
     -0.1178739516 a       204     0    11     1     4
      0.2906379252 a       205     0    11     1     5
     -0.1506429125 a       206     0    11     1     6
     -0.3148253021 a       207     0    11     1     7
      0.1539348569 a       208     0    11     1     8
     -0.1163548716 a       209     0    11     1     9
      0.3567470982 a       210     0    11     1    10
     -0.3350901198 a       211     0    11     1    11
      0.2758162869 a       212     0    11     1    12
      0.1000345757 a       213     0    11     1    13
     -0.1466212171 a       214     0    11     1    14
     -0.2303194682 a       215     0    11     1    15
     -0.1455416803 a       216     0    11     1    16
     -0.4253765580 a       217     0    11     1    17
     -0.4587266745 a       218     0    11     1    18
     -0.4052724427 a       219     0    11     1    19
      0.2745820386 a       220     0    11     1    20
     -0.1941947586 a       221     0    12     1     1
      0.4492130478 a       222     0    12     1     2
     -0.3070330457 a       223     0    12     1     3
     -0.3649851481 a       224     0    12     1     4
     -0.1148148208 a       225     0    12     1     5
      0.3402724449 a       226     0    12     1     6
     -0.0132471328 a       227     0    12     1     7
     -0.4482754677 a       228     0    12     1     8
      0.3275563902 a       229     0    12     1     9
     -0.0404888140 a       230     0    12     1    10
      0.3686188366 a       231     0    12     1    11
      0.1877969521 a       232     0    12     1    12
     -0.1537836946 a       233     0    12     1    13
     -0.4825985184 a       234     0    12     1    14
      0.3550821674 a       235     0    12     1    15
     -0.0829381341 a       236     0    12     1    16
     -0.1970625579 a       237     0    12     1    17
      0.0634441521 a       238     0    12     1    18
     -0.1648826351 a       239     0    12     1    19
      0.4352208685 a       240     0    12     1    20
     -0.1707043719 a       241     0    13     1     1
      0.4057848660 a       242     0    13     1     2
      0.3754279682 a       243     0    13     1     3
     -0.3072949251 a       244     0    13     1     4
      0.4385957639 a       245     0    13     1     5
      0.2685868855 a       246     0    13     1     6
      0.4754871599 a       247     0    13     1     7
      0.2448992925 a       248     0    13     1     8
      0.1200973505 a       249     0    13     1     9
      0.1256937431 a       250     0    13     1    10
      0.2128849988 a       251     0    13     1    11
     -0.3881201779 a       252     0    13     1    12
     -0.2706084544 a       253     0    13     1    13
     -0.2745439494 a       254     0    13     1    14
     -0.0365921966 a       255     0    13     1    15
      0.3576625327 a       256     0    13     1    16
      0.2155570662 a       257     0    13     1    17
     -0.4596983849 a       258     0    13     1    18
     -0.1363741106 a       259     0    13     1    19
      0.4132637971 a       260     0    13     1    20
      0.4610416628 a       261     0    14     1     1
      0.1390041227 a       262     0    14     1     2
      0.1008287839 a       263     0    14     1     3
     -0.0482294063 a       264     0    14     1     4
      0.2772073882 a       265     0    14     1     5
     -0.2777169800 a       266     0    14     1     6
     -0.1809916261 a       267     0    14     1     7
     -0.1919133205 a       268     0    14     1     8
     -0.3299529989 a       269     0    14     1     9
      0.3645105872 a       270     0    14     1    10
      0.3319225148 a       271     0    14     1    11
     -0.2338652246 a       272     0    14     1    12
     -0.1101133444 a       273     0    14     1    13
     -0.1338743286 a       274     0    14     1    14
     -0.1176223195 a       275     0    14     1    15
     -0.4790978603 a       276     0    14     1    16
     -0.1931327305 a       277     0    14     1    17
     -0.2630454379 a       278     0    14     1    18
     -0.3592883655 a       279     0    14     1    19
      0.2790685244 a       280     0    14     1    20
      0.4656025090 a       281     0    15     1     1
     -0.2603890491 a       282     0    15     1     2
     -0.2643406715 a       283     0    15     1     3
      0.4337975886 a       284     0    15     1     4
     -0.3691469535 a       285     0    15     1     5
     -0.3773733605 a       286     0    15     1     6
     -0.4589495918 a       287     0    15     1     7
     -0.0616812061 a       288     0    15     1     8
      0.3154493821 a       289     0    15     1     9
      0.4052082863 a       290     0    15     1    10
      0.2457685597 a       291     0    15     1    11
      0.2365143950 a       292     0    15     1    12
      0.2922213045 a       293     0    15     1    13
     -0.0778829620 a       294     0    15     1    14
     -0.4634467988 a       295     0    15     1    15
     -0.2283949922 a       296     0    15     1    16
     -0.2203238257 a       297     0    15     1    17
      0.1396781645 a       298     0    15     1    18
     -0.1312414531 a       299     0    15     1    19
     -0.2554805650 a       300     0    15     1    20
     -0.1333091120 a       301     0    16     1     1
      0.3271424754 a       302     0    16     1     2
     -0.2582754832 a       303     0    16     1     3
     -0.4574577701 a       304     0    16     1     4
     -0.0307957469 a       305     0    16     1     5
      0.3080944349 a       306     0    16     1     6
      0.4332333745 a       307     0    16     1     7
     -0.2289098229 a       308     0    16     1     8
     -0.3141558609 a       309     0    16     1     9
     -0.3476225592 a       310     0    16     1    10
      0.3197051472 a       311     0    16     1    11
     -0.0895587177 a       312     0    16     1    12
     -0.5213226213 a       313     0    16     1    13
     -0.0344927070 a       314     0    16     1    14
      0.2927112176 a       315     0    16     1    15
     -0.2902911963 a       316     0    16     1    16
     -0.3575925652 a       317     0    16     1    17
     -0.2226831959 a       318     0    16     1    18
     -0.3969045847 a       319     0    16     1    19
     -0.1244008090 a       320     0    16     1    20
     -0.3745608375 a       321     0    17     1     1
     -0.1505674728 a       322     0    17     1     2
     -0.3010418410 a       323     0    17     1     3
      0.3425900712 a       324     0    17     1     4
     -0.2295955661 a       325     0    17     1     5
      0.3394422716 a       326     0    17     1     6
     -0.3391626766 a       327     0    17     1     7
      0.0648009537 a       328     0    17     1     8
      0.2101372252 a       329     0    17     1     9
      0.3718094725 a       330     0    17     1    10
     -0.3703253455 a       331     0    17     1    11
     -0.1109642594 a       332     0    17     1    12
     -0.3342311639 a       333     0    17     1    13
      0.1117387186 a       334     0    17     1    14
     -0.2958541254 a       335     0    17     1    15
     -0.0012030796 a       336     0    17     1    16
      0.3692642194 a       337     0    17     1    17
     -0.0500644471 a       338     0    17     1    18
      0.1011293725 a       339     0    17     1    19
      0.3709418739 a       340     0    17     1    20
     -0.2026521196 a       341     0    18     1     1
      0.2023769132 a       342     0    18     1     2
     -0.3780003546 a       343     0    18     1     3
     -0.3585232667 a       344     0    18     1     4
     -0.4431327016 a       345     0    18     1     5
      0.2084831896 a       346     0    18     1     6
      0.0049284910 a       347     0    18     1     7
      0.4607238531 a       348     0    18     1     8
      0.3570126583 a       349     0    18     1     9
      0.0979815566 a       350     0    18     1    10
      0.2529792445 a       351     0    18     1    11
     -0.4191231926 a       352     0    18     1    12
      0.3322099813 a       353     0    18     1    13
     -0.0770872487 a       354     0    18     1    14
      0.3799182517 a       355     0    18     1    15
      0.3977668225 a       356     0    18     1    16
      0.4459551153 a       357     0    18     1    17
      0.1196809527 a       358     0    18     1    18
      0.2487284100 a       359     0    18     1    19
      0.2269892853 a       360     0    18     1    20
     -0.2699660347 a       361     0    19     1     1
      0.1266150534 a       362     0    19     1     2
     -0.4284154307 a       363     0    19     1     3
     -0.3460615416 a       364     0    19     1     4
     -0.2412444521 a       365     0    19     1     5
      0.0348596083 a       366     0    19     1     6
      0.0758233507 a       367     0    19     1     7
     -0.3640718790 a       368     0    19     1     8
      0.1652401883 a       369     0    19     1     9
      0.4037227214 a       370     0    19     1    10
     -0.4091735877 a       371     0    19     1    11
     -0.3056172195 a       372     0    19     1    12
     -0.0514895406 a       373     0    19     1    13
      0.0203433488 a       374     0    19     1    14
     -0.2005253776 a       375     0    19     1    15
     -0.3136746368 a       376     0    19     1    16
      0.4187718864 a       377     0    19     1    17
     -0.2632466248 a       378     0    19     1    18
     -0.0445368059 a       379     0    19     1    19
      0.1609578912 a       380     0    19     1    20
     -0.3755997764 a       381     0    20     1     1
      0.4016366759 a       382     0    20     1     2
      0.1935197331 a       383     0    20     1     3
      0.2057744890 a       384     0    20     1     4
     -0.1012097392 a       385     0    20     1     5
     -0.2560036916 a       386     0    20     1     6
     -0.0074531494 a       387     0    20     1     7
      0.1921356289 a       388     0    20     1     8
      0.2816326720 a       389     0    20     1     9
     -0.2182507801 a       390     0    20     1    10
     -0.1637075579 a       391     0    20     1    11
     -0.0856598572 a       392     0    20     1    12
      0.0071436440 a       393     0    20     1    13
      0.3278421563 a       394     0    20     1    14
     -0.2568800026 a       395     0    20     1    15
     -0.2417459767 a       396     0    20     1    16
      0.2624999269 a       397     0    20     1    17
      0.1789883049 a       398     0    20     1    18
     -0.3418687097 a       399     0    20     1    19
      0.3340839186 a       400     0    20     1    20
      0.1597883485 a       401     0    21     1     1
     -0.1317083085 a       402     0    21     1     2
     -0.3017247839 a       403     0    21     1     3
     -0.0377568721 a       404     0    21     1     4
     -0.1344776223 a       405     0    21     1     5
     -0.3812366031 a       406     0    21     1     6
      0.1401069396 a       407     0    21     1     7
     -0.2666906788 a       408     0    21     1     8
     -0.2650840986 a       409     0    21     1     9
     -0.1677172299 a       410     0    21     1    10
      0.3452702015 a       411     0    21     1    11
      0.0751161749 a       412     0    21     1    12
      0.3465353446 a       413     0    21     1    13
      0.1643256367 a       414     0    21     1    14
     -0.1273410913 a       415     0    21     1    15
     -0.0309601029 a       416     0    21     1    16
      0.1947602450 a       417     0    21     1    17
     -0.2119670709 a       418     0    21     1    18
     -0.0262759054 a       419     0    21     1    19
     -0.1291556271 a       420     0    21     1    20
      0.3973107452 a       421     0    22     1     1
      0.1290466022 a       422     0    22     1     2
     -0.1757097180 a       423     0    22     1     3
      0.0218357243 a       424     0    22     1     4
     -0.3480318682 a       425     0    22     1     5
      0.1004748671 a       426     0    22     1     6
      0.3895441378 a       427     0    22     1     7
      0.0575058547 a       428     0    22     1     8
      0.2687826021 a       429     0    22     1     9
      0.0572768311 a       430     0    22     1    10
      0.2224282477 a       431     0    22     1    11
      0.2933560994 a       432     0    22     1    12
      0.0886187622 a       433     0    22     1    13
      0.1459193051 a       434     0    22     1    14
     -0.2015310976 a       435     0    22     1    15
     -0.4070966461 a       436     0    22     1    16
     -0.1356869217 a       437     0    22     1    17
      0.2164073615 a       438     0    22     1    18
     -0.0483080679 a       439     0    22     1    19
     -0.4172507787 a       440     0    22     1    20
     -0.1732958181 a       441     0    23     1     1
      0.0563962835 a       442     0    23     1     2
     -0.3463610689 a       443     0    23     1     3
     -0.1429900199 a       444     0    23     1     4
     -0.4420318508 a       445     0    23     1     5
      0.4476949054 a       446     0    23     1     6
     -0.2326627627 a       447     0    23     1     7
      0.0246983092 a       448     0    23     1     8
     -0.0725707461 a       449     0    23     1     9
     -0.3282479653 a       450     0    23     1    10
     -0.2993299758 a       451     0    23     1    11
      0.0958390665 a       452     0    23     1    12
     -0.5471466349 a       453     0    23     1    13
     -0.2247229241 a       454     0    23     1    14
      0.0942126860 a       455     0    23     1    15
     -0.1691977459 a       456     0    23     1    16
     -0.2446872866 a       457     0    23     1    17
     -0.3754159047 a       458     0    23     1    18
     -0.3243672386 a       459     0    23     1    19
     -0.1571157695 a       460     0    23     1    20
      0.5258314309 a       461     0    24     1     1
     -0.1362235919 a       462     0    24     1     2
     -0.3387878293 a       463     0    24     1     3
      0.2887680686 a       464     0    24     1     4
     -0.3957574021 a       465     0    24     1     5
     -0.0497617841 a       466     0    24     1     6
     -0.3975271820 a       467     0    24     1     7
     -0.1537838735 a       468     0    24     1     8
     -0.1815824285 a       469     0    24     1     9
     -0.2177176556 a       470     0    24     1    10
     -0.1313209043 a       471     0    24     1    11
     -0.3175248278 a       472     0    24     1    12
     -0.0029402721 a       473     0    24     1    13
     -0.0262790946 a       474     0    24     1    14
      0.1409958408 a       475     0    24     1    15
     -0.4210566241 a       476     0    24     1    16
     -0.0247962738 a       477     0    24     1    17
      0.2875747865 a       478     0    24     1    18
     -0.3694058132 a       479     0    24     1    19
      0.2637143230 a       480     0    24     1    20
      0.0991861366 a       481     0    25     1     1
      0.1678688134 a       482     0    25     1     2
      0.3402058645 a       483     0    25     1     3
      0.4155251462 a       484     0    25     1     4
      0.0816406585 a       485     0    25     1     5
      0.1854571943 a       486     0    25     1     6
     -0.4152264670 a       487     0    25     1     7
      0.2184367813 a       488     0    25     1     8
     -0.2174758130 a       489     0    25     1     9
      0.0148328949 a       490     0    25     1    10
      0.1769159066 a       491     0    25     1    11
     -0.3718320280 a       492     0    25     1    12
      0.4213380481 a       493     0    25     1    13
     -0.1735809812 a       494     0    25     1    14
     -0.1943334904 a       495     0    25     1    15
     -0.2067926848 a       496     0    25     1    16
      0.3651275020 a       497     0    25     1    17
      0.3876321316 a       498     0    25     1    18
      0.0480173291 a       499     0    25     1    19
      0.3571913490 a       500     0    25     1    20
     -0.0690298330 a       501     0    26     1     1
      0.4477923263 a       502     0    26     1     2
      0.2315777074 a       503     0    26     1     3
     -0.0720101133 a       504     0    26     1     4
     -0.2074238611 a       505     0    26     1     5
      0.3045091678 a       506     0    26     1     6
      0.2013609404 a       507     0    26     1     7
     -0.3265549215 a       508     0    26     1     8
      0.3986658659 a       509     0    26     1     9
      0.2973612362 a       510     0    26     1    10
     -0.2872485883 a       511     0    26     1    11
      0.2353022412 a       512     0    26     1    12
     -0.4532666942 a       513     0    26     1    13
      0.5042551517 a       514     0    26     1    14
     -0.0478813117 a       515     0    26     1    15
     -0.3121928284 a       516     0    26     1    16
     -0.1583099218 a       517     0    26     1    17
      0.2619742076 a       518     0    26     1    18
     -0.1792922446 a       519     0    26     1    19
     -0.2181313514 a       520     0    26     1    20
      0.3579737532 a       521     0    27     1     1
      0.4208855918 a       522     0    27     1     2
      0.4162290161 a       523     0    27     1     3
      0.1777553113 a       524     0    27     1     4
      0.4417365416 a       525     0    27     1     5
      0.0737909905 a       526     0    27     1     6
      0.3711665196 a       527     0    27     1     7
     -0.4198240207 a       528     0    27     1     8
      0.1138191866 a       529     0    27     1     9
      0.3753294409 a       530     0    27     1    10
      0.3912824531 a       531     0    27     1    11
     -0.3121752222 a       532     0    27     1    12
      0.1878386318 a       533     0    27     1    13
     -0.5179323109 a       534     0    27     1    14
      0.1447748962 a       535     0    27     1    15
      0.0493622351 a       536     0    27     1    16
     -0.2923615825 a       537     0    27     1    17
      0.1630706745 a       538     0    27     1    18
      0.4005448183 a       539     0    27     1    19
      0.4322551361 a       540     0    27     1    20
      0.2827726443 a       541     0    28     1     1
     -0.4058444131 a       542     0    28     1     2
     -0.4369080368 a       543     0    28     1     3
     -0.4764580397 a       544     0    28     1     4
     -0.2182637423 a       545     0    28     1     5
     -0.1161067572 a       546     0    28     1     6
     -0.2194870986 a       547     0    28     1     7
      0.2241630228 a       548     0    28     1     8
     -0.2251507908 a       549     0    28     1     9
      0.3686213494 a       550     0    28     1    10
     -0.3913542773 a       551     0    28     1    11
     -0.1199368125 a       552     0    28     1    12
     -0.2335617995 a       553     0    28     1    13
     -0.4020033224 a       554     0    28     1    14
      0.0216798393 a       555     0    28     1    15
     -0.0212546604 a       556     0    28     1    16
      0.2610847319 a       557     0    28     1    17
     -0.3049225876 a       558     0    28     1    18
      0.0103258185 a       559     0    28     1    19
     -0.3412962422 a       560     0    28     1    20
     -0.1012531774 a       561     0    29     1     1
      0.1717152232 a       562     0    29     1     2
     -0.0720613284 a       563     0    29     1     3
      0.1420497000 a       564     0    29     1     4
      0.0868324513 a       565     0    29     1     5
     -0.2271623209 a       566     0    29     1     6
     -0.1214891584 a       567     0    29     1     7
     -0.0038973012 a       568     0    29     1     8
     -0.3955471652 a       569     0    29     1     9
      0.1368930582 a       570     0    29     1    10
      0.1683221283 a       571     0    29     1    11
     -0.1858423508 a       572     0    29     1    12
      0.4669599054 a       573     0    29     1    13
      0.0703248620 a       574     0    29     1    14
      0.3327910559 a       575     0    29     1    15
      0.1601026182 a       576     0    29     1    16
     -0.3210053118 a       577     0    29     1    17
      0.3711521474 a       578     0    29     1    18
     -0.4142422062 a       579     0    29     1    19
      0.2258646735 a       580     0    29     1    20
     -0.2273286293 a       581     0    30     1     1
     -0.2687142770 a       582     0    30     1     2
     -0.2268329264 a       583     0    30     1     3
      0.1719100216 a       584     0    30     1     4
     -0.3757999552 a       585     0    30     1     5
      0.1475491111 a       586     0    30     1     6
      0.1573425758 a       587     0    30     1     7
      0.1676771046 a       588     0    30     1     8
     -0.3344829278 a       589     0    30     1     9
     -0.1248445858 a       590     0    30     1    10
      0.2875671908 a       591     0    30     1    11
      0.0864337865 a       592     0    30     1    12
      0.2432335991 a       593     0    30     1    13
      0.2825118573 a       594     0    30     1    14
      0.2605216489 a       595     0    30     1    15
     -0.4654550126 a       596     0    30     1    16
      0.2122351471 a       597     0    30     1    17
      0.2243198435 a       598     0    30     1    18
      0.2157336364 a       599     0    30     1    19
      0.2033824272 a       600     0    30     1    20
      0.0662533920 a       601     0    31     1     1
      0.3474073764 a       602     0    31     1     2
     -0.1230261575 a       603     0    31     1     3
      0.1956336028 a       604     0    31     1     4
      0.1424166517 a       605     0    31     1     5
     -0.4467536561 a       606     0    31     1     6
     -0.3447537511 a       607     0    31     1     7
     -0.0420720968 a       608     0    31     1     8
     -0.4281695488 a       609     0    31     1     9
     -0.3838001864 a       610     0    31     1    10
      0.0475574943 a       611     0    31     1    11
      0.3321390535 a       612     0    31     1    12
      0.1414265349 a       613     0    31     1    13
      0.4054853501 a       614     0    31     1    14
     -0.3533908067 a       615     0    31     1    15
      0.1828638994 a       616     0    31     1    16
      0.1236242910 a       617     0    31     1    17
     -0.2661432395 a       618     0    31     1    18
      0.2379007518 a       619     0    31     1    19
     -0.1061415797 a       620     0    31     1    20
      1.3656434394 b       621     1     1
      0.5428357045 b       622     1     2
      0.7741655318 b       623     1     3
     -0.4315529053 b       624     1     4
      0.5608611441 b       625     1     5
      1.4227653275 b       626     1     6
      1.4586179669 b       627     1     7
     -0.4213722863 b       628     1     8
     -0.7091045945 b       629     1     9
     -0.6027499553 b       630     1    10
      0.9413256084 b       631     1    11
     -0.5644203741 b       632     1    12
      0.3176000156 b       633     1    13
     -0.8821991271 b       634     1    14
      1.0735534566 b       635     1    15
      1.1708834589 b       636     1    16
     -0.5675655864 b       637     1    17
     -0.0281620826 b       638     1    18
      1.2886777245 b       639     1    19
     -0.8176778475 b       640     1    20
      0.0969452511 a       641     1     1     2     1
     -0.3067629001 a       642     1     1     2     2
     -0.5354646753 a       643     1     1     2     3
     -0.2052715369 a       644     1     1     2     4
      0.1118005799 a       645     1     1     2     5
     -0.5291125856 a       646     1     1     2     6
     -0.3421068313 a       647     1     1     2     7
      0.1652546975 a       648     1     1     2     8
      0.0333583812 a       649     1     1     2     9
      0.1559540503 a       650     1     1     2    10
     -0.4256059674 a       651     1     1     2    11
     -0.6112969467 a       652     1     1     2    12
      0.0664440991 a       653     1     1     2    13
     -0.3800555364 a       654     1     1     2    14
      0.3309864690 a       655     1     1     2    15
      0.3164835700 a       656     1     1     2    16
      0.0556765876 a       657     1     1     2    17
     -0.1124800031 a       658     1     1     2    18
      0.5460884084 a       659     1     1     2    19
      0.0948094669 a       660     1     1     2    20
     -0.3257445605 a       661     1     2     2     1
      0.4779394273 a       662     1     2     2     2
      0.5365804768 a       663     1     2     2     3
      0.0883648160 a       664     1     2     2     4
     -0.6590852423 a       665     1     2     2     5
      0.0221536171 a       666     1     2     2     6
     -0.1684085440 a       667     1     2     2     7
      0.3011356672 a       668     1     2     2     8
     -0.3786224041 a       669     1     2     2     9
      0.3149391273 a       670     1     2     2    10
      0.4746852874 a       671     1     2     2    11
     -0.4529085687 a       672     1     2     2    12
      0.2657922616 a       673     1     2     2    13
      0.0948586852 a       674     1     2     2    14
      0.1735675002 a       675     1     2     2    15
     -0.2241507020 a       676     1     2     2    16
     -0.0519589639 a       677     1     2     2    17
      0.5419882792 a       678     1     2     2    18
      0.3949836507 a       679     1     2     2    19
     -0.4492304334 a       680     1     2     2    20
     -0.4246638982 a       681     1     3     2     1
     -0.2658885004 a       682     1     3     2     2
     -0.0530036897 a       683     1     3     2     3
     -0.4617904499 a       684     1     3     2     4
     -0.2015434503 a       685     1     3     2     5
     -0.3039464019 a       686     1     3     2     6
     -0.2637738804 a       687     1     3     2     7
     -0.1716884855 a       688     1     3     2     8
     -0.1137771528 a       689     1     3     2     9
      0.6335919849 a       690     1     3     2    10
      0.6568243938 a       691     1     3     2    11
      0.0614075063 a       692     1     3     2    12
      0.0535239066 a       693     1     3     2    13
     -0.3459501936 a       694     1     3     2    14
     -0.2645074459 a       695     1     3     2    15
      0.1521075853 a       696     1     3     2    16
      0.0350537122 a       697     1     3     2    17
      0.1526916461 a       698     1     3     2    18
      0.0737234647 a       699     1     3     2    19
      0.4396554507 a       700     1     3     2    20
      0.5669935753 a       701     1     4     2     1
     -0.4851593200 a       702     1     4     2     2
      0.4431951184 a       703     1     4     2     3
      0.4026018132 a       704     1     4     2     4
     -0.3581715053 a       705     1     4     2     5
      0.4025914402 a       706     1     4     2     6
     -0.5424556054 a       707     1     4     2     7
     -0.2056568840 a       708     1     4     2     8
      0.5496796661 a       709     1     4     2     9
     -0.0161596094 a       710     1     4     2    10
     -0.2395925370 a       711     1     4     2    11
      0.3941879809 a       712     1     4     2    12
      0.4944719439 a       713     1     4     2    13
     -0.0636987203 a       714     1     4     2    14
     -0.1125187769 a       715     1     4     2    15
     -0.5821819309 a       716     1     4     2    16
     -0.0801340733 a       717     1     4     2    17
     -0.5741662736 a       718     1     4     2    18
      0.5271570301 a       719     1     4     2    19
     -0.3429602515 a       720     1     4     2    20
      0.3811893911 a       721     1     5     2     1
     -0.6484402819 a       722     1     5     2     2
      0.4750351571 a       723     1     5     2     3
      0.4235633058 a       724     1     5     2     4
     -0.2531083366 a       725     1     5     2     5
     -0.3979273731 a       726     1     5     2     6
     -0.1142570911 a       727     1     5     2     7
      0.0801803084 a       728     1     5     2     8
      0.2175630326 a       729     1     5     2     9
     -0.1910793429 a       730     1     5     2    10
     -0.5392815761 a       731     1     5     2    11
      0.4878124529 a       732     1     5     2    12
     -0.4306125153 a       733     1     5     2    13
      0.4470569762 a       734     1     5     2    14
     -0.0725701672 a       735     1     5     2    15
     -0.2860946325 a       736     1     5     2    16
     -0.0959832705 a       737     1     5     2    17
      0.1607506929 a       738     1     5     2    18
     -0.5631420680 a       739     1     5     2    19
     -0.0042113809 a       740     1     5     2    20
     -0.2751715759 a       741     1     6     2     1
     -0.0389987316 a       742     1     6     2     2
     -0.4543834196 a       743     1     6     2     3
      0.3235221959 a       744     1     6     2     4
     -0.0194759335 a       745     1     6     2     5
     -0.2937195303 a       746     1     6     2     6
     -0.4451801010 a       747     1     6     2     7
     -0.1375962630 a       748     1     6     2     8
     -0.4956078000 a       749     1     6     2     9
     -0.5913793470 a       750     1     6     2    10
     -0.1997662341 a       751     1     6     2    11
      0.0479234586 a       752     1     6     2    12
      0.4254435226 a       753     1     6     2    13
     -0.1804291759 a       754     1     6     2    14
      0.0034401764 a       755     1     6     2    15
     -0.3858775487 a       756     1     6     2    16
     -0.1875214886 a       757     1     6     2    17
     -0.2194273620 a       758     1     6     2    18
      0.4603165511 a       759     1     6     2    19
      0.4928815274 a       760     1     6     2    20
      0.3392831992 a       761     1     7     2     1
     -0.4001346402 a       762     1     7     2     2
      0.3440882768 a       763     1     7     2     3
      0.0192288951 a       764     1     7     2     4
     -0.1014585175 a       765     1     7     2     5
     -0.0019462365 a       766     1     7     2     6
      0.4281639370 a       767     1     7     2     7
     -0.4009856296 a       768     1     7     2     8
     -0.1058001290 a       769     1     7     2     9
     -0.0241626968 a       770     1     7     2    10
     -0.5397035805 a       771     1     7     2    11
      0.5756043636 a       772     1     7     2    12
      0.3157877770 a       773     1     7     2    13
     -0.4657636509 a       774     1     7     2    14
     -0.4492299888 a       775     1     7     2    15
      0.3237310319 a       776     1     7     2    16
      0.7193983203 a       777     1     7     2    17
      0.1578185699 a       778     1     7     2    18
     -0.1705806859 a       779     1     7     2    19
      0.3723234728 a       780     1     7     2    20
      0.5481709259 a       781     1     8     2     1
      0.4940888340 a       782     1     8     2     2
      0.4523091861 a       783     1     8     2     3
      0.3740649083 a       784     1     8     2     4
     -0.1463072465 a       785     1     8     2     5
     -0.1119831512 a       786     1     8     2     6
      0.5697515750 a       787     1     8     2     7
      0.0601905841 a       788     1     8     2     8
     -0.4999893546 a       789     1     8     2     9
      0.6561184785 a       790     1     8     2    10
     -0.0271407845 a       791     1     8     2    11
     -0.0739670862 a       792     1     8     2    12
     -0.4964322385 a       793     1     8     2    13
      0.4943169904 a       794     1     8     2    14
      0.4213338129 a       795     1     8     2    15
      0.5348059868 a       796     1     8     2    16
     -0.3964302613 a       797     1     8     2    17
      0.3075757060 a       798     1     8     2    18
      0.0192526922 a       799     1     8     2    19
     -0.0322000453 a       800     1     8     2    20
     -0.1171159644 a       801     1     9     2     1
      0.3648870602 a       802     1     9     2     2
      0.0701284953 a       803     1     9     2     3
     -0.4125855235 a       804     1     9     2     4
      0.5649937130 a       805     1     9     2     5
      0.5016342163 a       806     1     9     2     6
     -0.5680870855 a       807     1     9     2     7
      0.5894765231 a       808     1     9     2     8
     -0.0788158842 a       809     1     9     2     9
     -0.5823131442 a       810     1     9     2    10
      0.4585261462 a       811     1     9     2    11
      0.3325823797 a       812     1     9     2    12
     -0.0591799966 a       813     1     9     2    13
     -0.1866217128 a       814     1     9     2    14
      0.1968020768 a       815     1     9     2    15
      0.2284240461 a       816     1     9     2    16
      0.0001081963 a       817     1     9     2    17
      0.3373330462 a       818     1     9     2    18
     -0.5280377017 a       819     1     9     2    19
     -0.1124897867 a       820     1     9     2    20
     -0.0004698151 a       821     1    10     2     1
      0.1338307424 a       822     1    10     2     2
      0.3536599675 a       823     1    10     2     3
     -0.1021606886 a       824     1    10     2     4
      0.5389718860 a       825     1    10     2     5
      0.1674157377 a       826     1    10     2     6
     -0.3030271326 a       827     1    10     2     7
     -0.2231410472 a       828     1    10     2     8
      0.0923339210 a       829     1    10     2     9
      0.1032313146 a       830     1    10     2    10
      0.4360006202 a       831     1    10     2    11
      0.3868744352 a       832     1    10     2    12
     -0.5067788329 a       833     1    10     2    13
     -0.4663126930 a       834     1    10     2    14
     -0.6100865260 a       835     1    10     2    15
      0.2088774061 a       836     1    10     2    16
      0.0506854328 a       837     1    10     2    17
      0.1709708163 a       838     1    10     2    18
     -0.5134130018 a       839     1    10     2    19
      0.5099354382 a       840     1    10     2    20
     -0.4833010923 a       841     1    11     2     1
      0.3870675927 a       842     1    11     2     2
      0.2344894894 a       843     1    11     2     3
     -0.1793475492 a       844     1    11     2     4
      0.0503804321 a       845     1    11     2     5
     -0.5867596685 a       846     1    11     2     6
     -0.1867381517 a       847     1    11     2     7
      0.2271210835 a       848     1    11     2     8
      0.0908850257 a       849     1    11     2     9
      0.2142938281 a       850     1    11     2    10
     -0.2562066278 a       851     1    11     2    11
     -0.4633911741 a       852     1    11     2    12
      0.4046564916 a       853     1    11     2    13
     -0.1265197147 a       854     1    11     2    14
      0.2975911207 a       855     1    11     2    15
      0.0050138627 a       856     1    11     2    16
     -0.4642665743 a       857     1    11     2    17
     -0.2759074332 a       858     1    11     2    18
      0.2550205948 a       859     1    11     2    19
      0.4628379056 a       860     1    11     2    20
     -0.4342942052 a       861     1    12     2     1
     -0.1350694843 a       862     1    12     2     2
     -0.2832733693 a       863     1    12     2     3
     -0.4214941344 a       864     1    12     2     4
      0.2682892747 a       865     1    12     2     5
      0.4171629872 a       866     1    12     2     6
      0.3746975335 a       867     1    12     2     7
      0.1907183558 a       868     1    12     2     8
      0.4698076241 a       869     1    12     2     9
      0.1053576076 a       870     1    12     2    10
     -0.2815528982 a       871     1    12     2    11
     -0.5177413613 a       872     1    12     2    12
     -0.3267884770 a       873     1    12     2    13
      0.4972517078 a       874     1    12     2    14
     -0.4096455402 a       875     1    12     2    15
     -0.3872770870 a       876     1    12     2    16
     -0.5283416165 a       877     1    12     2    17
      0.3784830693 a       878     1    12     2    18
      0.0894745526 a       879     1    12     2    19
     -0.0737426526 a       880     1    12     2    20
     -0.4213754847 a       881     1    13     2     1
     -0.1802367048 a       882     1    13     2     2
     -0.4179065673 a       883     1    13     2     3
      0.5606205324 a       884     1    13     2     4
      0.7288407107 a       885     1    13     2     5
     -0.4991451970 a       886     1    13     2     6
     -0.1301699634 a       887     1    13     2     7
     -0.6074830445 a       888     1    13     2     8
     -0.5168931498 a       889     1    13     2     9
      0.4197789016 a       890     1    13     2    10
      0.2413254678 a       891     1    13     2    11
     -0.0080302778 a       892     1    13     2    12
     -0.4019698767 a       893     1    13     2    13
      0.1236011380 a       894     1    13     2    14
     -0.4969076019 a       895     1    13     2    15
      0.5068492114 a       896     1    13     2    16
     -0.2134454068 a       897     1    13     2    17
     -0.4442375224 a       898     1    13     2    18
     -0.1796263216 a       899     1    13     2    19
     -0.4420244690 a       900     1    13     2    20
     -0.3667988007 a       901     1    14     2     1
     -0.0955115120 a       902     1    14     2     2
      0.4258451482 a       903     1    14     2     3
     -0.3564747716 a       904     1    14     2     4
      0.1799521441 a       905     1    14     2     5
     -0.2828821674 a       906     1    14     2     6
     -0.0357790755 a       907     1    14     2     7
     -0.3110214536 a       908     1    14     2     8
     -0.2586154735 a       909     1    14     2     9
      0.5004941005 a       910     1    14     2    10
      0.1036786906 a       911     1    14     2    11
     -0.0566495882 a       912     1    14     2    12
     -0.0186943912 a       913     1    14     2    13
     -0.3185799789 a       914     1    14     2    14
      0.4779382755 a       915     1    14     2    15
     -0.2624003473 a       916     1    14     2    16
     -0.2088425253 a       917     1    14     2    17
      0.1648632460 a       918     1    14     2    18
      0.2061785592 a       919     1    14     2    19
     -0.5227275580 a       920     1    14     2    20
      0.2131965880 a       921     1    15     2     1
     -0.2456302832 a       922     1    15     2     2
      0.4708282323 a       923     1    15     2     3
     -0.3692698332 a       924     1    15     2     4
     -0.4895636182 a       925     1    15     2     5
      0.2549886069 a       926     1    15     2     6
      0.4625751087 a       927     1    15     2     7
     -0.7056595655 a       928     1    15     2     8
      0.4242251476 a       929     1    15     2     9
      0.0589308534 a       930     1    15     2    10
     -0.1111940359 a       931     1    15     2    11
     -0.0292481925 a       932     1    15     2    12
     -0.4967282110 a       933     1    15     2    13
     -0.2931106381 a       934     1    15     2    14
      0.0442633786 a       935     1    15     2    15
     -0.5570114712 a       936     1    15     2    16
      0.6188455013 a       937     1    15     2    17
      0.3024081794 a       938     1    15     2    18
     -0.1185102652 a       939     1    15     2    19
     -0.0985428893 a       940     1    15     2    20
     -0.3763967190 a       941     1    16     2     1
     -0.4478084007 a       942     1    16     2     2
      0.0915243978 a       943     1    16     2     3
     -0.5166025506 a       944     1    16     2     4
     -0.0686249538 a       945     1    16     2     5
      0.4288793860 a       946     1    16     2     6
      0.5508176605 a       947     1    16     2     7
     -0.2342916197 a       948     1    16     2     8
      0.3910889603 a       949     1    16     2     9
     -0.0483620348 a       950     1    16     2    10
     -0.2402937923 a       951     1    16     2    11
      0.1308351091 a       952     1    16     2    12
      0.3034836593 a       953     1    16     2    13
      0.3764666914 a       954     1    16     2    14
     -0.2488934068 a       955     1    16     2    15
      0.4488567743 a       956     1    16     2    16
      0.4233264060 a       957     1    16     2    17
      0.0175621247 a       958     1    16     2    18
      0.1380872980 a       959     1    16     2    19
     -0.3928914396 a       960     1    16     2    20
      0.1523276826 a       961     1    17     2     1
     -0.5367181851 a       962     1    17     2     2
     -0.4334470871 a       963     1    17     2     3
      0.2534320380 a       964     1    17     2     4
      0.5838375556 a       965     1    17     2     5
      0.5069433156 a       966     1    17     2     6
      0.3133980218 a       967     1    17     2     7
     -0.0808585629 a       968     1    17     2     8
     -0.0689866183 a       969     1    17     2     9
     -0.5964110549 a       970     1    17     2    10
     -0.1441369731 a       971     1    17     2    11
     -0.1127866287 a       972     1    17     2    12
      0.0078906305 a       973     1    17     2    13
      0.4523038179 a       974     1    17     2    14
     -0.6174485144 a       975     1    17     2    15
      0.5438450783 a       976     1    17     2    16
     -0.4217624386 a       977     1    17     2    17
     -0.3049279904 a       978     1    17     2    18
      0.3408275473 a       979     1    17     2    19
     -0.4563562862 a       980     1    17     2    20
     -0.1591084507 a       981     1    18     2     1
      0.2890020296 a       982     1    18     2     2
      0.0274687536 a       983     1    18     2     3
     -0.1876175172 a       984     1    18     2     4
      0.0723812024 a       985     1    18     2     5
     -0.3619960024 a       986     1    18     2     6
      0.2164898547 a       987     1    18     2     7
     -0.2628534862 a       988     1    18     2     8
     -0.5548612098 a       989     1    18     2     9
     -0.2061277697 a       990     1    18     2    10
      0.3661419377 a       991     1    18     2    11
     -0.4251352314 a       992     1    18     2    12
      0.2602976233 a       993     1    18     2    13
      0.2147593579 a       994     1    18     2    14
      0.5379073228 a       995     1    18     2    15
     -0.2777584956 a       996     1    18     2    16
     -0.2856542201 a       997     1    18     2    17
     -0.6874599461 a       998     1    18     2    18
      0.2518988040 a       999     1    18     2    19
      0.3627331868 a      1000     1    18     2    20
      0.4163737967 a      1001     1    19     2     1
      0.0781342236 a      1002     1    19     2     2
     -0.0765297998 a      1003     1    19     2     3
      0.5218253360 a      1004     1    19     2     4
     -0.1405422240 a      1005     1    19     2     5
     -0.0135364094 a      1006     1    19     2     6
      0.0980652888 a      1007     1    19     2     7
     -0.4349537223 a      1008     1    19     2     8
     -0.3544499348 a      1009     1    19     2     9
      0.2513431937 a      1010     1    19     2    10
     -0.4837991267 a      1011     1    19     2    11
     -0.5483353089 a      1012     1    19     2    12
     -0.4858745429 a      1013     1    19     2    13
      0.5740411074 a      1014     1    19     2    14
     -0.3314984576 a      1015     1    19     2    15
     -0.0637891495 a      1016     1    19     2    16
     -0.3656804379 a      1017     1    19     2    17
      0.4394541973 a      1018     1    19     2    18
     -0.5403485321 a      1019     1    19     2    19
     -0.0239621474 a      1020     1    19     2    20
      0.4833437875 a      1021     1    20     2     1
      0.4364663350 a      1022     1    20     2     2
      0.2643162813 a      1023     1    20     2     3
      0.4337297890 a      1024     1    20     2     4
      0.2731217698 a      1025     1    20     2     5
     -0.2970302175 a      1026     1    20     2     6
      0.3688621826 a      1027     1    20     2     7
      0.7046110370 a      1028     1    20     2     8
     -0.5309708907 a      1029     1    20     2     9
     -0.0375980998 a      1030     1    20     2    10
     -0.2308973547 a      1031     1    20     2    11
      0.2667591051 a      1032     1    20     2    12
      0.5234919039 a      1033     1    20     2    13
     -0.4832570377 a      1034     1    20     2    14
      0.2250534716 a      1035     1    20     2    15
      0.2241933485 a      1036     1    20     2    16
     -0.6085001959 a      1037     1    20     2    17
     -0.5952495892 a      1038     1    20     2    18
     -0.3919345746 a      1039     1    20     2    19
     -0.5242214096 a      1040     1    20     2    20
      1.0887963346 b      1041     2     1
      1.2269918682 b      1042     2     2
     -1.5000898719 b      1043     2     3
      0.9239432348 b      1044     2     4
     -1.6210190971 b      1045     2     5
      1.2370716727 b      1046     2     6
     -1.2726692804 b      1047     2     7
      1.5362586571 b      1048     2     8
     -0.8479013096 b      1049     2     9
      1.4974538901 b      1050     2    10
      0.3052476905 b      1051     2    11
      1.2174193420 b      1052     2    12
      0.3583516295 b      1053     2    13
     -0.7027540095 b      1054     2    14
     -1.6129399373 b      1055     2    15
      0.4336090624 b      1056     2    16
     -0.8504852171 b      1057     2    17
      0.3453149232 b      1058     2    18
      1.4829587877 b      1059     2    19
      0.6185634952 b      1060     2    20
      0.0004919290 a      1061     2     1     3     1
      0.0004055334 a      1062     2     2     3     1
     -0.0001042300 a      1063     2     3     3     1
      0.0007776465 a      1064     2     4     3     1
     -0.0009178023 a      1065     2     5     3     1
     -0.0014409585 a      1066     2     6     3     1
      0.0007380314 a      1067     2     7     3     1
     -0.0012146387 a      1068     2     8     3     1
     -0.0005299578 a      1069     2     9     3     1
      0.0007596284 a      1070     2    10     3     1
     -0.0011548816 a      1071     2    11     3     1
      0.0003329072 a      1072     2    12     3     1
      0.0008628377 a      1073     2    13     3     1
      0.0002090544 a      1074     2    14     3     1
     -0.0016395625 a      1075     2    15     3     1
      0.0012292393 a      1076     2    16     3     1
     -0.0004466234 a      1077     2    17     3     1
     -0.0029401010 a      1078     2    18     3     1
     -0.0013073578 a      1079     2    19     3     1
     -0.0000354906 a      1080     2    20     3     1
     19.6510573063 b      1081     3     1
