     -0.3808846585 a         1     0     1     1     1
     -0.4815047469 a         2     0     1     1     2
     -0.0442474018 a         3     0     1     1     3
      0.4114536360 a         4     0     1     1     4
     -0.4332601801 a         5     0     1     1     5
     -0.0098480361 a         6     0     1     1     6
      0.3428074061 a         7     0     1     1     7
      0.4772155388 a         8     0     1     1     8
     -0.2295410509 a         9     0     1     1     9
      0.1498744324 a        10     0     1     1    10
     -0.4434635914 a        11     0     1     1    11
     -0.2262630146 a        12     0     1     1    12
      0.4071201124 a        13     0     1     1    13
      0.3776419038 a        14     0     1     1    14
     -0.4217936189 a        15     0     1     1    15
     -0.3013699513 a        16     0     1     1    16
      0.2015731402 a        17     0     1     1    17
     -0.4201689933 a        18     0     1     1    18
     -0.4985764382 a        19     0     1     1    19
     -0.2210677422 a        20     0     1     1    20
      0.1881934084 a        21     0     2     1     1
      0.0988007892 a        22     0     2     1     2
     -0.4366522199 a        23     0     2     1     3
     -0.3637232267 a        24     0     2     1     4
      0.1255812714 a        25     0     2     1     5
      0.4453935865 a        26     0     2     1     6
     -0.0090399496 a        27     0     2     1     7
      0.4715837052 a        28     0     2     1     8
     -0.1574743085 a        29     0     2     1     9
      0.0981831115 a        30     0     2     1    10
      0.2562400045 a        31     0     2     1    11
      0.3055236576 a        32     0     2     1    12
      0.0068257658 a        33     0     2     1    13
     -0.4754416119 a        34     0     2     1    14
     -0.0999844339 a        35     0     2     1    15
      0.2148659491 a        36     0     2     1    16
     -0.3462966900 a        37     0     2     1    17
     -0.0930170946 a        38     0     2     1    18
     -0.1723213838 a        39     0     2     1    19
      0.3741433580 a        40     0     2     1    20
     -0.2935580337 a        41     0     3     1     1
      0.0578725790 a        42     0     3     1     2
      0.2025673153 a        43     0     3     1     3
      0.1675014484 a        44     0     3     1     4
     -0.2050477195 a        45     0     3     1     5
     -0.0430595199 a        46     0     3     1     6
      0.2799524855 a        47     0     3     1     7
     -0.0227487529 a        48     0     3     1     8
     -0.3535603634 a        49     0     3     1     9
     -0.1254814547 a        50     0     3     1    10
      0.4555856582 a        51     0     3     1    11
      0.0460790255 a        52     0     3     1    12
      0.2854975201 a        53     0     3     1    13
     -0.2350144272 a        54     0     3     1    14
      0.3552098707 a        55     0     3     1    15
      0.3764499188 a        56     0     3     1    16
     -0.5221563946 a        57     0     3     1    17
     -0.1285462058 a        58     0     3     1    18
      0.5257510439 a        59     0     3     1    19
      0.3198749752 a        60     0     3     1    20
      0.2376707307 a        61     0     4     1     1
     -0.1862067603 a        62     0     4     1     2
      0.1691284319 a        63     0     4     1     3
     -0.3634526205 a        64     0     4     1     4
     -0.4403557368 a        65     0     4     1     5
     -0.3363760312 a        66     0     4     1     6
     -0.3940950804 a        67     0     4     1     7
     -0.2382217725 a        68     0     4     1     8
     -0.4593884085 a        69     0     4     1     9
      0.0781763275 a        70     0     4     1    10
     -0.2989327426 a        71     0     4     1    11
     -0.4226085843 a        72     0     4     1    12
     -0.3518673936 a        73     0     4     1    13
      0.4215900668 a        74     0     4     1    14
      0.2999468135 a        75     0     4     1    15
      0.0130074683 a        76     0     4     1    16
     -0.2450638709 a        77     0     4     1    17
     -0.1054382673 a        78     0     4     1    18
     -0.0890508993 a        79     0     4     1    19
      0.2396065577 a        80     0     4     1    20
     -0.4152802115 a        81     0     5     1     1
      0.4617334552 a        82     0     5     1     2
      0.4510444189 a        83     0     5     1     3
     -0.1293116218 a        84     0     5     1     4
     -0.2588316388 a        85     0     5     1     5
      0.4298294883 a        86     0     5     1     6
     -0.3199060987 a        87     0     5     1     7
      0.1746021995 a        88     0     5     1     8
     -0.1955019956 a        89     0     5     1     9
     -0.2922550451 a        90     0     5     1    10
     -0.2692443314 a        91     0     5     1    11
     -0.2927846535 a        92     0     5     1    12
      0.4603260958 a        93     0     5     1    13
     -0.1143384544 a        94     0     5     1    14
     -0.0212964718 a        95     0     5     1    15
     -0.1711692149 a        96     0     5     1    16
      0.5125454401 a        97     0     5     1    17
     -0.3433249824 a        98     0     5     1    18
     -0.2558876275 a        99     0     5     1    19
      0.4194288353 a       100     0     5     1    20
     -0.3850902138 a       101     0     6     1     1
     -0.1484622732 a       102     0     6     1     2
     -0.3109868427 a       103     0     6     1     3
      0.2833237806 a       104     0     6     1     4
      0.4923065714 a       105     0     6     1     5
     -0.2529002899 a       106     0     6     1     6
     -0.1870843572 a       107     0     6     1     7
     -0.4153936447 a       108     0     6     1     8
      0.3558266929 a       109     0     6     1     9
      0.2289366064 a       110     0     6     1    10
      0.3760994563 a       111     0     6     1    11
     -0.2811575981 a       112     0     6     1    12
     -0.0504343756 a       113     0     6     1    13
      0.4546955781 a       114     0     6     1    14
     -0.5007593956 a       115     0     6     1    15
      0.1684789176 a       116     0     6     1    16
      0.1662197636 a       117     0     6     1    17
      0.3198677780 a       118     0     6     1    18
      0.0255896553 a       119     0     6     1    19
     -0.1273707748 a       120     0     6     1    20
     -0.0399609612 a       121     0     7     1     1
     -0.1912749470 a       122     0     7     1     2
     -0.4994772646 a       123     0     7     1     3
     -0.2007759900 a       124     0     7     1     4
      0.3499234003 a       125     0     7     1     5
     -0.3251896597 a       126     0     7     1     6
     -0.2685683250 a       127     0     7     1     7
     -0.3463792824 a       128     0     7     1     8
      0.0220363923 a       129     0     7     1     9
      0.1570743730 a       130     0     7     1    10
      0.1926357681 a       131     0     7     1    11
      0.3987131249 a       132     0     7     1    12
     -0.2969300905 a       133     0     7     1    13
      0.0852851979 a       134     0     7     1    14
      0.1588079606 a       135     0     7     1    15
     -0.2637190954 a       136     0     7     1    16
     -0.2194487458 a       137     0     7     1    17
      0.0839637967 a       138     0     7     1    18
      0.5265885681 a       139     0     7     1    19
     -0.1971157530 a       140     0     7     1    20
     -0.4050893933 a       141     0     8     1     1
     -0.0803191042 a       142     0     8     1     2
      0.2547922998 a       143     0     8     1     3
     -0.2476385529 a       144     0     8     1     4
      0.3770378112 a       145     0     8     1     5
     -0.4162527787 a       146     0     8     1     6
     -0.4297645839 a       147     0     8     1     7
      0.3277892344 a       148     0     8     1     8
     -0.5002584784 a       149     0     8     1     9
      0.1850422229 a       150     0     8     1    10
     -0.1276227322 a       151     0     8     1    11
      0.1205978643 a       152     0     8     1    12
     -0.3771471130 a       153     0     8     1    13
     -0.1020784142 a       154     0     8     1    14
      0.2841221156 a       155     0     8     1    15
      0.0891281139 a       156     0     8     1    16
      0.0166975431 a       157     0     8     1    17
     -0.4383972456 a       158     0     8     1    18
     -0.1971792840 a       159     0     8     1    19
      0.0470088753 a       160     0     8     1    20
     -0.3756477364 a       161     0     9     1     1
      0.0041209028 a       162     0     9     1     2
      0.3899810842 a       163     0     9     1     3
      0.0288758940 a       164     0     9     1     4
     -0.1553293537 a       165     0     9     1     5
      0.4208609304 a       166     0     9     1     6
      0.4416542053 a       167     0     9     1     7
      0.0363417730 a       168     0     9     1     8
      0.1205418941 a       169     0     9     1     9
     -0.3567571249 a       170     0     9     1    10
      0.3156503217 a       171     0     9     1    11
     -0.3398265769 a       172     0     9     1    12
     -0.4099236614 a       173     0     9     1    13
      0.1727675813 a       174     0     9     1    14
     -0.0805986270 a       175     0     9     1    15
      0.3522906901 a       176     0     9     1    16
     -0.0007954339 a       177     0     9     1    17
     -0.2841411574 a       178     0     9     1    18
      0.0984365599 a       179     0     9     1    19
      0.1990286807 a       180     0     9     1    20
      0.0704545056 a       181     0    10     1     1
      0.0600974557 a       182     0    10     1     2
     -0.4964758294 a       183     0    10     1     3
     -0.1055536799 a       184     0    10     1     4
      0.3829950834 a       185     0    10     1     5
      0.1561993259 a       186     0    10     1     6
      0.4068037962 a       187     0    10     1     7
     -0.0447024351 a       188     0    10     1     8
     -0.2012989277 a       189     0    10     1     9
     -0.4533864996 a       190     0    10     1    10
      0.1951865364 a       191     0    10     1    11
     -0.3934887133 a       192     0    10     1    12
     -0.4159777580 a       193     0    10     1    13
     -0.0713237882 a       194     0    10     1    14
     -0.1030362941 a       195     0    10     1    15
     -0.1665810937 a       196     0    10     1    16
      0.0376682532 a       197     0    10     1    17
     -0.0701681054 a       198     0    10     1    18
     -0.0945690480 a       199     0    10     1    19
      0.0429514190 a       200     0    10     1    20
      0.3279299685 a       201     0    11     1     1
     -0.4238319895 a       202     0    11     1     2
     -0.2311496682 a       203     0    11     1     3
     -0.3080785492 a       204     0    11     1     4
      0.1296561998 a       205     0    11     1     5
     -0.2847309313 a       206     0    11     1     6
      0.0911036147 a       207     0    11     1     7
      0.2425877284 a       208     0    11     1     8
     -0.4053633059 a       209     0    11     1     9
     -0.4793673475 a       210     0    11     1    10
      0.2442653574 a       211     0    11     1    11
      0.3885772185 a       212     0    11     1    12
     -0.3251476817 a       213     0    11     1    13
     -0.3185887625 a       214     0    11     1    14
      0.3086033559 a       215     0    11     1    15
     -0.4793225863 a       216     0    11     1    16
     -0.0067548781 a       217     0    11     1    17
      0.0873606167 a       218     0    11     1    18
      0.4977970814 a       219     0    11     1    19
      0.2599467698 a       220     0    11     1    20
      0.3080388686 a       221     0    12     1     1
     -0.5741001909 a       222     0    12     1     2
      0.1576207063 a       223     0    12     1     3
      0.4072890464 a       224     0    12     1     4
      0.1284719443 a       225     0    12     1     5
      0.4375687026 a       226     0    12     1     6
      0.3176881956 a       227     0    12     1     7
     -0.2582088135 a       228     0    12     1     8
      0.4065593681 a       229     0    12     1     9
      0.1746828237 a       230     0    12     1    10
     -0.4950857576 a       231     0    12     1    11
     -0.3735144329 a       232     0    12     1    12
     -0.3512320615 a       233     0    12     1    13
      0.1467963187 a       234     0    12     1    14
     -0.0620962744 a       235     0    12     1    15
      0.1640227719 a       236     0    12     1    16
     -0.3629783103 a       237     0    12     1    17
     -0.4184963901 a       238     0    12     1    18
     -0.1622397593 a       239     0    12     1    19
      0.0003611293 a       240     0    12     1    20
      0.4072579176 a       241     0    13     1     1
     -0.2495501130 a       242     0    13     1     2
      0.1240402284 a       243     0    13     1     3
      0.1871970805 a       244     0    13     1     4
      0.1090384370 a       245     0    13     1     5
      0.1126048132 a       246     0    13     1     6
     -0.3875595922 a       247     0    13     1     7
      0.0593211340 a       248     0    13     1     8
      0.1400126948 a       249     0    13     1     9
     -0.4126264136 a       250     0    13     1    10
     -0.1694720846 a       251     0    13     1    11
      0.3000384128 a       252     0    13     1    12
      0.0730043884 a       253     0    13     1    13
     -0.0987975426 a       254     0    13     1    14
      0.3977435975 a       255     0    13     1    15
      0.1394807034 a       256     0    13     1    16
      0.2848798678 a       257     0    13     1    17
      0.3725300565 a       258     0    13     1    18
     -0.1403707266 a       259     0    13     1    19
     -0.2489366237 a       260     0    13     1    20
     -0.4316906737 a       261     0    14     1     1
     -0.5292330990 a       262     0    14     1     2
     -0.1134886997 a       263     0    14     1     3
     -0.2595265918 a       264     0    14     1     4
     -0.3401977599 a       265     0    14     1     5
     -0.1606238647 a       266     0    14     1     6
     -0.0640740819 a       267     0    14     1     7
      0.1750550009 a       268     0    14     1     8
      0.3612810497 a       269     0    14     1     9
      0.2938534332 a       270     0    14     1    10
     -0.2046037019 a       271     0    14     1    11
     -0.1369249241 a       272     0    14     1    12
      0.0210961282 a       273     0    14     1    13
      0.5159518231 a       274     0    14     1    14
     -0.2984745120 a       275     0    14     1    15
      0.4964400920 a       276     0    14     1    16
      0.5135716248 a       277     0    14     1    17
     -0.1085069603 a       278     0    14     1    18
     -0.4149447350 a       279     0    14     1    19
      0.3098048323 a       280     0    14     1    20
      0.3931359404 a       281     0    15     1     1
      0.2643187747 a       282     0    15     1     2
     -0.0544587782 a       283     0    15     1     3
     -0.4430550962 a       284     0    15     1     4
     -0.1663289249 a       285     0    15     1     5
     -0.3117943957 a       286     0    15     1     6
      0.2942535487 a       287     0    15     1     7
      0.4104500453 a       288     0    15     1     8
      0.1734637380 a       289     0    15     1     9
      0.4321341020 a       290     0    15     1    10
      0.2172722881 a       291     0    15     1    11
      0.0056983947 a       292     0    15     1    12
     -0.4195372124 a       293     0    15     1    13
     -0.2487836966 a       294     0    15     1    14
     -0.2582385079 a       295     0    15     1    15
      0.4307736873 a       296     0    15     1    16
     -0.4852374624 a       297     0    15     1    17
      0.3328805051 a       298     0    15     1    18
      0.1091763055 a       299     0    15     1    19
     -0.5306073628 a       300     0    15     1    20
      0.0093720148 a       301     0    16     1     1
      0.0660111339 a       302     0    16     1     2
      0.0769762972 a       303     0    16     1     3
      0.4168209601 a       304     0    16     1     4
      0.3819594493 a       305     0    16     1     5
     -0.2901532437 a       306     0    16     1     6
      0.3467199711 a       307     0    16     1     7
      0.4856699252 a       308     0    16     1     8
      0.3594734600 a       309     0    16     1     9
      0.4830973936 a       310     0    16     1    10
     -0.0439056271 a       311     0    16     1    11
     -0.3878357032 a       312     0    16     1    12
     -0.3381301462 a       313     0    16     1    13
      0.4164424074 a       314     0    16     1    14
     -0.1123760393 a       315     0    16     1    15
      0.3203968190 a       316     0    16     1    16
     -0.3559611056 a       317     0    16     1    17
     -0.1324339133 a       318     0    16     1    18
     -0.2028020241 a       319     0    16     1    19
     -0.3260740147 a       320     0    16     1    20
     -0.1022227977 a       321     0    17     1     1
     -0.2971112283 a       322     0    17     1     2
     -0.1174706588 a       323     0    17     1     3
      0.2202268254 a       324     0    17     1     4
      0.4577999040 a       325     0    17     1     5
      0.4416544366 a       326     0    17     1     6
      0.1836927454 a       327     0    17     1     7
      0.0073170448 a       328     0    17     1     8
      0.2809449036 a       329     0    17     1     9
      0.1739182433 a       330     0    17     1    10
      0.4782658367 a       331     0    17     1    11
     -0.2689561831 a       332     0    17     1    12
      0.0838852187 a       333     0    17     1    13
     -0.0482062088 a       334     0    17     1    14
      0.4026360942 a       335     0    17     1    15
      0.0537950655 a       336     0    17     1    16
     -0.0763465780 a       337     0    17     1    17
     -0.1718271865 a       338     0    17     1    18
     -0.3154010594 a       339     0    17     1    19
     -0.3574439116 a       340     0    17     1    20
      0.0178806679 a       341     0    18     1     1
     -0.0032602011 a       342     0    18     1     2
      0.0777819545 a       343     0    18     1     3
     -0.3382053718 a       344     0    18     1     4
     -0.1841031221 a       345     0    18     1     5
      0.3303645380 a       346     0    18     1     6
     -0.2570076752 a       347     0    18     1     7
     -0.3299435711 a       348     0    18     1     8
     -0.1995702748 a       349     0    18     1     9
      0.4700677060 a       350     0    18     1    10
     -0.3402212949 a       351     0    18     1    11
      0.2179671638 a       352     0    18     1    12
     -0.0655325626 a       353     0    18     1    13
      0.3480133377 a       354     0    18     1    14
     -0.1562083392 a       355     0    18     1    15
      0.4270535282 a       356     0    18     1    16
      0.2277577550 a       357     0    18     1    17
     -0.3587112843 a       358     0    18     1    18
     -0.0049191606 a       359     0    18     1    19
     -0.4370125955 a       360     0    18     1    20
      0.1041642690 a       361     0    19     1     1
      0.1131949806 a       362     0    19     1     2
      0.1806900436 a       363     0    19     1     3
      0.3270412863 a       364     0    19     1     4
     -0.3599667327 a       365     0    19     1     5
      0.1507528579 a       366     0    19     1     6
      0.3569861446 a       367     0    19     1     7
      0.1727226555 a       368     0    19     1     8
     -0.0866905662 a       369     0    19     1     9
      0.0625141472 a       370     0    19     1    10
     -0.4321249324 a       371     0    19     1    11
     -0.2848993427 a       372     0    19     1    12
      0.2372690311 a       373     0    19     1    13
      0.1747495253 a       374     0    19     1    14
      0.2749582124 a       375     0    19     1    15
      0.2180550342 a       376     0    19     1    16
      0.0348460525 a       377     0    19     1    17
     -0.3031498694 a       378     0    19     1    18
     -0.3699323784 a       379     0    19     1    19
     -0.1505880237 a       380     0    19     1    20
     -0.0393363804 a       381     0    20     1     1
      0.0604205864 a       382     0    20     1     2
     -0.3969038346 a       383     0    20     1     3
      0.4024651817 a       384     0    20     1     4
      0.0473859487 a       385     0    20     1     5
      0.0211373197 a       386     0    20     1     6
     -0.1925376099 a       387     0    20     1     7
      0.2519799498 a       388     0    20     1     8
      0.0624618434 a       389     0    20     1     9
     -0.4305371510 a       390     0    20     1    10
      0.1133949336 a       391     0    20     1    11
     -0.2147441842 a       392     0    20     1    12
      0.0454128120 a       393     0    20     1    13
     -0.2077867670 a       394     0    20     1    14
     -0.1365562071 a       395     0    20     1    15
      0.1581312594 a       396     0    20     1    16
     -0.1177183494 a       397     0    20     1    17
     -0.4211819910 a       398     0    20     1    18
     -0.5192292214 a       399     0    20     1    19
      0.3360448605 a       400     0    20     1    20
     -0.3822419777 a       401     0    21     1     1
      0.4271673582 a       402     0    21     1     2
     -0.1811430487 a       403     0    21     1     3
      0.4285446851 a       404     0    21     1     4
      0.3595311916 a       405     0    21     1     5
      0.2067120070 a       406     0    21     1     6
     -0.1766553721 a       407     0    21     1     7
      0.5055770411 a       408     0    21     1     8
     -0.2051643327 a       409     0    21     1     9
      0.1524064015 a       410     0    21     1    10
     -0.0954283204 a       411     0    21     1    11
      0.0725298728 a       412     0    21     1    12
     -0.1954472698 a       413     0    21     1    13
      0.3072740210 a       414     0    21     1    14
      0.3086073820 a       415     0    21     1    15
      0.0281110354 a       416     0    21     1    16
     -0.4125554406 a       417     0    21     1    17
      0.3750561864 a       418     0    21     1    18
     -0.2020511222 a       419     0    21     1    19
     -0.1867530017 a       420     0    21     1    20
      0.2740177990 a       421     0    22     1     1
     -0.0598168570 a       422     0    22     1     2
      0.0839853408 a       423     0    22     1     3
     -0.1835821088 a       424     0    22     1     4
      0.3143295944 a       425     0    22     1     5
      0.3607109245 a       426     0    22     1     6
      0.0293098806 a       427     0    22     1     7
     -0.0288047977 a       428     0    22     1     8
     -0.4697038146 a       429     0    22     1     9
      0.2936549195 a       430     0    22     1    10
     -0.1800583935 a       431     0    22     1    11
     -0.4105843681 a       432     0    22     1    12
      0.1396846750 a       433     0    22     1    13
     -0.4755682392 a       434     0    22     1    14
      0.4412625848 a       435     0    22     1    15
     -0.0371016581 a       436     0    22     1    16
     -0.0997049584 a       437     0    22     1    17
     -0.0447326428 a       438     0    22     1    18
      0.1226278501 a       439     0    22     1    19
      0.2552328386 a       440     0    22     1    20
     -0.4649852750 a       441     0    23     1     1
      0.5060752545 a       442     0    23     1     2
      0.2313843079 a       443     0    23     1     3
     -0.1945101743 a       444     0    23     1     4
     -0.1010335895 a       445     0    23     1     5
      0.0842504916 a       446     0    23     1     6
     -0.4550846945 a       447     0    23     1     7
      0.1522637857 a       448     0    23     1     8
      0.2349269591 a       449     0    23     1     9
      0.1054016163 a       450     0    23     1    10
     -0.3561343747 a       451     0    23     1    11
      0.3339405971 a       452     0    23     1    12
     -0.2950962086 a       453     0    23     1    13
     -0.1149391958 a       454     0    23     1    14
      0.4665459030 a       455     0    23     1    15
     -0.4742562921 a       456     0    23     1    16
     -0.4516054210 a       457     0    23     1    17
     -0.4213716964 a       458     0    23     1    18
      0.1187471114 a       459     0    23     1    19
     -0.2500352494 a       460     0    23     1    20
      0.1924282698 a       461     0    24     1     1
      0.0563618397 a       462     0    24     1     2
      0.4375650639 a       463     0    24     1     3
     -0.1437320440 a       464     0    24     1     4
     -0.1103902074 a       465     0    24     1     5
     -0.4482525982 a       466     0    24     1     6
      0.3994523522 a       467     0    24     1     7
      0.5079149208 a       468     0    24     1     8
     -0.1993114963 a       469     0    24     1     9
     -0.0335398756 a       470     0    24     1    10
      0.0593050009 a       471     0    24     1    11
     -0.0013292130 a       472     0    24     1    12
     -0.4154809455 a       473     0    24     1    13
      0.2652795035 a       474     0    24     1    14
     -0.2171597030 a       475     0    24     1    15
      0.2805282901 a       476     0    24     1    16
      0.2313814707 a       477     0    24     1    17
      0.0062228046 a       478     0    24     1    18
      0.4839431230 a       479     0    24     1    19
      0.1582930999 a       480     0    24     1    20
      0.0478428396 a       481     0    25     1     1
      0.4847845909 a       482     0    25     1     2
      0.4387969923 a       483     0    25     1     3
     -0.3455561305 a       484     0    25     1     4
     -0.0630952978 a       485     0    25     1     5
     -0.2334869804 a       486     0    25     1     6
     -0.0245049355 a       487     0    25     1     7
      0.1802380699 a       488     0    25     1     8
      0.1971889016 a       489     0    25     1     9
     -0.2432567243 a       490     0    25     1    10
      0.4972522314 a       491     0    25     1    11
     -0.4168847041 a       492     0    25     1    12
      0.4668626164 a       493     0    25     1    13
      0.0286116537 a       494     0    25     1    14
      0.3517815797 a       495     0    25     1    15
     -0.4845416707 a       496     0    25     1    16
      0.4122641089 a       497     0    25     1    17
      0.3976776832 a       498     0    25     1    18
     -0.0560871552 a       499     0    25     1    19
      0.4700284704 a       500     0    25     1    20
     -0.1992712343 a       501     0    26     1     1
     -0.0148438826 a       502     0    26     1     2
      0.1297948987 a       503     0    26     1     3
     -0.1008753875 a       504     0    26     1     4
      0.2399367393 a       505     0    26     1     5
      0.1885350240 a       506     0    26     1     6
     -0.0429055019 a       507     0    26     1     7
      0.0304887441 a       508     0    26     1     8
     -0.3092748298 a       509     0    26     1     9
      0.1309599168 a       510     0    26     1    10
      0.2159695581 a       511     0    26     1    11
     -0.2182894822 a       512     0    26     1    12
     -0.3071234829 a       513     0    26     1    13
     -0.4690827108 a       514     0    26     1    14
     -0.0344675777 a       515     0    26     1    15
      0.0630013799 a       516     0    26     1    16
      0.0091187568 a       517     0    26     1    17
      0.4188119454 a       518     0    26     1    18
     -0.2157087985 a       519     0    26     1    19
      0.5165039109 a       520     0    26     1    20
      0.3188302956 a       521     0    27     1     1
     -0.2964493666 a       522     0    27     1     2
     -0.3287561525 a       523     0    27     1     3
      0.4119892125 a       524     0    27     1     4
     -0.3767564529 a       525     0    27     1     5
     -0.2329611856 a       526     0    27     1     6
     -0.2836314353 a       527     0    27     1     7
      0.3836258319 a       528     0    27     1     8
      0.4001193958 a       529     0    27     1     9
     -0.2897247305 a       530     0    27     1    10
     -0.1674511567 a       531     0    27     1    11
     -0.4077604839 a       532     0    27     1    12
      0.0015560485 a       533     0    27     1    13
      0.3021523099 a       534     0    27     1    14
     -0.4961895205 a       535     0    27     1    15
      0.4751149699 a       536     0    27     1    16
     -0.0792654550 a       537     0    27     1    17
     -0.3163058887 a       538     0    27     1    18
      0.2065402566 a       539     0    27     1    19
      0.0519531810 a       540     0    27     1    20
     -0.3484031508 a       541     0    28     1     1
      0.2596883035 a       542     0    28     1     2
      0.4734791386 a       543     0    28     1     3
      0.1242209888 a       544     0    28     1     4
      0.2824488400 a       545     0    28     1     5
     -0.2014578958 a       546     0    28     1     6
     -0.3244388710 a       547     0    28     1     7
     -0.0522148856 a       548     0    28     1     8
     -0.3489471777 a       549     0    28     1     9
     -0.4299521143 a       550     0    28     1    10
     -0.0295690856 a       551     0    28     1    11
     -0.1522679593 a       552     0    28     1    12
      0.2149064854 a       553     0    28     1    13
     -0.0749642562 a       554     0    28     1    14
     -0.1291194552 a       555     0    28     1    15
      0.1513581658 a       556     0    28     1    16
     -0.2620020905 a       557     0    28     1    17
      0.2601104690 a       558     0    28     1    18
      0.2063455170 a       559     0    28     1    19
      0.2428830832 a       560     0    28     1    20
      1.1197456733 b       561     1     1
     -0.8355589900 b       562     1     2
     -0.0768039323 b       563     1     3
      0.7687684938 b       564     1     4
     -1.3897525803 b       565     1     5
      0.6841420521 b       566     1     6
      0.0770744405 b       567     1     7
     -0.6528077194 b       568     1     8
      1.3239542673 b       569     1     9
     -0.3217794323 b       570     1    10
      0.2642270414 b       571     1    11
      0.5817015382 b       572     1    12
     -0.1681518588 b       573     1    13
      0.6150018867 b       574     1    14
     -1.0121802789 b       575     1    15
      0.5948016589 b       576     1    16
     -0.9079881590 b       577     1    17
     -0.8762066303 b       578     1    18
      0.3519258375 b       579     1    19
      1.1392988422 b       580     1    20
      0.3695580984 a       581     1     1     2     1
      0.5946422091 a       582     1     1     2     2
      0.4450036273 a       583     1     1     2     3
      0.2609145085 a       584     1     1     2     4
     -0.5003794275 a       585     1     1     2     5
      0.6067212506 a       586     1     1     2     6
     -0.0818616867 a       587     1     1     2     7
      0.6281895237 a       588     1     1     2     8
     -0.3580946630 a       589     1     1     2     9
     -0.2455775200 a       590     1     1     2    10
      0.3108767253 a       591     1     1     2    11
     -0.0275095175 a       592     1     1     2    12
     -0.4788756204 a       593     1     1     2    13
      0.3118797782 a       594     1     1     2    14
      0.1393585708 a       595     1     1     2    15
      0.1182953129 a       596     1     1     2    16
     -0.1535410337 a       597     1     1     2    17
      0.0312874767 a       598     1     1     2    18
     -0.1962608257 a       599     1     1     2    19
     -0.1582990410 a       600     1     1     2    20
      0.4354610916 a       601     1     2     2     1
     -0.1178465103 a       602     1     2     2     2
      0.6408675845 a       603     1     2     2     3
      0.5238371908 a       604     1     2     2     4
     -0.3242759374 a       605     1     2     2     5
      0.4236610923 a       606     1     2     2     6
     -0.3353594668 a       607     1     2     2     7
      0.4127980931 a       608     1     2     2     8
      0.3465122149 a       609     1     2     2     9
      0.3553107698 a       610     1     2     2    10
     -0.4557686989 a       611     1     2     2    11
      0.2433297437 a       612     1     2     2    12
     -0.3522700961 a       613     1     2     2    13
     -0.3992336987 a       614     1     2     2    14
      0.3658119190 a       615     1     2     2    15
      0.2884432424 a       616     1     2     2    16
     -0.2041729012 a       617     1     2     2    17
     -0.6275570683 a       618     1     2     2    18
     -0.0227257708 a       619     1     2     2    19
      0.5318122192 a       620     1     2     2    20
     -0.5664632388 a       621     1     3     2     1
      0.6645843413 a       622     1     3     2     2
     -0.0284657616 a       623     1     3     2     3
      0.3474226017 a       624     1     3     2     4
     -0.5253314192 a       625     1     3     2     5
      0.1816077270 a       626     1     3     2     6
     -0.0739839249 a       627     1     3     2     7
     -0.3226997189 a       628     1     3     2     8
     -0.3843884704 a       629     1     3     2     9
     -0.2302034987 a       630     1     3     2    10
     -0.0349932288 a       631     1     3     2    11
      0.0199819179 a       632     1     3     2    12
      0.4161205475 a       633     1     3     2    13
     -0.6024846777 a       634     1     3     2    14
     -0.0018334871 a       635     1     3     2    15
     -0.1024727211 a       636     1     3     2    16
      0.0016913346 a       637     1     3     2    17
     -0.3839261710 a       638     1     3     2    18
     -0.1317532416 a       639     1     3     2    19
     -0.4328001088 a       640     1     3     2    20
     -0.2032727141 a       641     1     4     2     1
     -0.4403021492 a       642     1     4     2     2
     -0.2412981406 a       643     1     4     2     3
     -0.1726376780 a       644     1     4     2     4
      0.5030720376 a       645     1     4     2     5
      0.4127857259 a       646     1     4     2     6
     -0.2002715841 a       647     1     4     2     7
     -0.1163218840 a       648     1     4     2     8
      0.4962504692 a       649     1     4     2     9
     -0.6010970748 a       650     1     4     2    10
     -0.5420817852 a       651     1     4     2    11
      0.5438020352 a       652     1     4     2    12
     -0.4212735559 a       653     1     4     2    13
      0.1177192358 a       654     1     4     2    14
     -0.1220201809 a       655     1     4     2    15
      0.7048571696 a       656     1     4     2    16
     -0.2964360147 a       657     1     4     2    17
      0.1711110713 a       658     1     4     2    18
      0.1651782531 a       659     1     4     2    19
      0.4678103125 a       660     1     4     2    20
     -0.3186454422 a       661     1     5     2     1
     -0.2061039926 a       662     1     5     2     2
      0.5301388842 a       663     1     5     2     3
      0.4517613308 a       664     1     5     2     4
      0.0064103012 a       665     1     5     2     5
     -0.0971346952 a       666     1     5     2     6
      0.2635523734 a       667     1     5     2     7
     -0.0435693658 a       668     1     5     2     8
     -0.0202528591 a       669     1     5     2     9
     -0.1787745348 a       670     1     5     2    10
     -0.5073548277 a       671     1     5     2    11
      0.4011377926 a       672     1     5     2    12
     -0.2715424377 a       673     1     5     2    13
      0.0454491793 a       674     1     5     2    14
      0.4208139529 a       675     1     5     2    15
     -0.4367312672 a       676     1     5     2    16
     -0.2324340046 a       677     1     5     2    17
      0.2043684519 a       678     1     5     2    18
      0.5910511130 a       679     1     5     2    19
      0.2980931703 a       680     1     5     2    20
     -0.1679919190 a       681     1     6     2     1
     -0.4519063850 a       682     1     6     2     2
      0.6364791372 a       683     1     6     2     3
      0.2513916350 a       684     1     6     2     4
     -0.3141225800 a       685     1     6     2     5
      0.0227089488 a       686     1     6     2     6
      0.3597934030 a       687     1     6     2     7
     -0.1608469681 a       688     1     6     2     8
     -0.4234015082 a       689     1     6     2     9
     -0.3043622763 a       690     1     6     2    10
     -0.4208267653 a       691     1     6     2    11
     -0.6246076562 a       692     1     6     2    12
     -0.4832004587 a       693     1     6     2    13
      0.1577990790 a       694     1     6     2    14
      0.4478118603 a       695     1     6     2    15
      0.0502112916 a       696     1     6     2    16
     -0.5779355942 a       697     1     6     2    17
     -0.5632592062 a       698     1     6     2    18
      0.5934326787 a       699     1     6     2    19
     -0.3380829523 a       700     1     6     2    20
      0.3760407122 a       701     1     7     2     1
     -0.1882137710 a       702     1     7     2     2
     -0.2493652888 a       703     1     7     2     3
     -0.1967039521 a       704     1     7     2     4
     -0.5350035650 a       705     1     7     2     5
      0.4965935977 a       706     1     7     2     6
     -0.4957346350 a       707     1     7     2     7
      0.1731140414 a       708     1     7     2     8
     -0.5101862898 a       709     1     7     2     9
      0.4411408754 a       710     1     7     2    10
     -0.2071184173 a       711     1     7     2    11
      0.5742120361 a       712     1     7     2    12
      0.5666699376 a       713     1     7     2    13
      0.4725070945 a       714     1     7     2    14
      0.3680901151 a       715     1     7     2    15
     -0.2187713114 a       716     1     7     2    16
      0.0176544551 a       717     1     7     2    17
     -0.0789665390 a       718     1     7     2    18
     -0.3097750837 a       719     1     7     2    19
     -0.1575692309 a       720     1     7     2    20
      0.0681760758 a       721     1     8     2     1
     -0.3484106660 a       722     1     8     2     2
      0.4582442445 a       723     1     8     2     3
     -0.5192915352 a       724     1     8     2     4
     -0.3993874329 a       725     1     8     2     5
      0.3854456046 a       726     1     8     2     6
      0.4297941233 a       727     1     8     2     7
     -0.7423009785 a       728     1     8     2     8
      0.5508194887 a       729     1     8     2     9
      0.5184403520 a       730     1     8     2    10
      0.2759168290 a       731     1     8     2    11
      0.3572157494 a       732     1     8     2    12
      0.0963161704 a       733     1     8     2    13
     -0.0744397447 a       734     1     8     2    14
      0.0036135987 a       735     1     8     2    15
      0.7001423500 a       736     1     8     2    16
      0.1757820848 a       737     1     8     2    17
      0.0225491785 a       738     1     8     2    18
     -0.1025451465 a       739     1     8     2    19
     -0.6171961724 a       740     1     8     2    20
      0.3108163184 a       741     1     9     2     1
     -0.2073801890 a       742     1     9     2     2
     -0.1719352580 a       743     1     9     2     3
     -0.4910053299 a       744     1     9     2     4
      0.5017528977 a       745     1     9     2     5
     -0.4519856006 a       746     1     9     2     6
     -0.5035901582 a       747     1     9     2     7
     -0.2266808675 a       748     1     9     2     8
     -0.2778337266 a       749     1     9     2     9
     -0.3039487729 a       750     1     9     2    10
     -0.0461597543 a       751     1     9     2    11
     -0.6853363685 a       752     1     9     2    12
      0.3426983231 a       753     1     9     2    13
     -0.3940632181 a       754     1     9     2    14
      0.5820185021 a       755     1     9     2    15
      0.2535679237 a       756     1     9     2    16
      0.2960745975 a       757     1     9     2    17
     -0.5598306689 a       758     1     9     2    18
     -0.3314027556 a       759     1     9     2    19
     -0.1141934319 a       760     1     9     2    20
     -0.1934831455 a       761     1    10     2     1
     -0.3583873071 a       762     1    10     2     2
      0.6123735255 a       763     1    10     2     3
     -0.5328157859 a       764     1    10     2     4
     -0.2124801312 a       765     1    10     2     5
     -0.0180372066 a       766     1    10     2     6
      0.4098221037 a       767     1    10     2     7
     -0.3052350061 a       768     1    10     2     8
      0.1133367465 a       769     1    10     2     9
      0.4533956393 a       770     1    10     2    10
      0.0764002794 a       771     1    10     2    11
     -0.5649032504 a       772     1    10     2    12
      0.3935196072 a       773     1    10     2    13
     -0.5665293934 a       774     1    10     2    14
     -0.1110961429 a       775     1    10     2    15
     -0.3490738126 a       776     1    10     2    16
     -0.2393515106 a       777     1    10     2    17
      0.3281522906 a       778     1    10     2    18
     -0.3278401017 a       779     1    10     2    19
     -0.3306634037 a       780     1    10     2    20
      0.3118776959 a       781     1    11     2     1
     -0.2421560773 a       782     1    11     2     2
      0.2727140518 a       783     1    11     2     3
      0.3558053763 a       784     1    11     2     4
      0.1588585973 a       785     1    11     2     5
     -0.1626159947 a       786     1    11     2     6
     -0.4649109341 a       787     1    11     2     7
      0.5564510205 a       788     1    11     2     8
     -0.6898591898 a       789     1    11     2     9
      0.0417019839 a       790     1    11     2    10
      0.4606411969 a       791     1    11     2    11
      0.1087974021 a       792     1    11     2    12
      0.1207024693 a       793     1    11     2    13
     -0.1618523323 a       794     1    11     2    14
      0.6310549519 a       795     1    11     2    15
     -0.2494010087 a       796     1    11     2    16
      0.3789042829 a       797     1    11     2    17
      0.4083924994 a       798     1    11     2    18
      0.5234797095 a       799     1    11     2    19
      0.3244681468 a       800     1    11     2    20
      0.6056486505 a       801     1    12     2     1
      0.4093165129 a       802     1    12     2     2
     -0.0744944916 a       803     1    12     2     3
      0.0762087056 a       804     1    12     2     4
      0.1535470209 a       805     1    12     2     5
      0.6109433570 a       806     1    12     2     6
     -0.4603529053 a       807     1    12     2     7
     -0.0557508344 a       808     1    12     2     8
     -0.0718665640 a       809     1    12     2     9
      0.1129380165 a       810     1    12     2    10
     -0.3180376866 a       811     1    12     2    11
      0.0863498678 a       812     1    12     2    12
      0.2336651990 a       813     1    12     2    13
     -0.5705294075 a       814     1    12     2    14
     -0.2273840090 a       815     1    12     2    15
     -0.2210941376 a       816     1    12     2    16
     -0.1770376254 a       817     1    12     2    17
     -0.0024873921 a       818     1    12     2    18
     -0.5818834966 a       819     1    12     2    19
      0.2870111532 a       820     1    12     2    20
      0.3685957387 a       821     1    13     2     1
      0.3633111076 a       822     1    13     2     2
     -0.3223985216 a       823     1    13     2     3
     -0.0975576488 a       824     1    13     2     4
     -0.2926806320 a       825     1    13     2     5
     -0.3972060921 a       826     1    13     2     6
      0.1205294066 a       827     1    13     2     7
     -0.1355859227 a       828     1    13     2     8
      0.0949843167 a       829     1    13     2     9
      0.2298733682 a       830     1    13     2    10
     -0.5121200052 a       831     1    13     2    11
     -0.2902671936 a       832     1    13     2    12
      0.4581621590 a       833     1    13     2    13
     -0.1472862858 a       834     1    13     2    14
      0.3578062515 a       835     1    13     2    15
     -0.0712658219 a       836     1    13     2    16
     -0.5997963338 a       837     1    13     2    17
      0.3838592405 a       838     1    13     2    18
     -0.3515450211 a       839     1    13     2    19
      0.0326274236 a       840     1    13     2    20
     -0.5163497629 a       841     1    14     2     1
      0.0263185802 a       842     1    14     2     2
     -0.1989508500 a       843     1    14     2     3
     -0.0799711047 a       844     1    14     2     4
      0.4667982862 a       845     1    14     2     5
      0.4093696146 a       846     1    14     2     6
     -0.2743300441 a       847     1    14     2     7
     -0.6026107932 a       848     1    14     2     8
     -0.1716637125 a       849     1    14     2     9
      0.3176420547 a       850     1    14     2    10
      0.1119110795 a       851     1    14     2    11
      0.0754926991 a       852     1    14     2    12
      0.2460109853 a       853     1    14     2    13
      0.5591945249 a       854     1    14     2    14
     -0.2723198425 a       855     1    14     2    15
      0.2150877709 a       856     1    14     2    16
      0.1317278534 a       857     1    14     2    17
     -0.1559118517 a       858     1    14     2    18
     -0.3306928891 a       859     1    14     2    19
     -0.3086417232 a       860     1    14     2    20
     -0.4751733427 a       861     1    15     2     1
      0.4582002338 a       862     1    15     2     2
      0.1373539878 a       863     1    15     2     3
     -0.4902329434 a       864     1    15     2     4
     -0.1093277961 a       865     1    15     2     5
      0.2968878728 a       866     1    15     2     6
     -0.3917014304 a       867     1    15     2     7
      0.5368207357 a       868     1    15     2     8
      0.2222527646 a       869     1    15     2     9
     -0.4378218772 a       870     1    15     2    10
      0.4440531219 a       871     1    15     2    11
      0.2647464642 a       872     1    15     2    12
      0.2510646679 a       873     1    15     2    13
      0.3827189648 a       874     1    15     2    14
     -0.5344013852 a       875     1    15     2    15
      0.6326236929 a       876     1    15     2    16
      0.7041811613 a       877     1    15     2    17
     -0.2228788649 a       878     1    15     2    18
      0.2809584300 a       879     1    15     2    19
     -0.4039692065 a       880     1    15     2    20
     -0.0450320124 a       881     1    16     2     1
      0.4864218503 a       882     1    16     2     2
      0.2663809845 a       883     1    16     2     3
     -0.4888724087 a       884     1    16     2     4
      0.4481276184 a       885     1    16     2     5
     -0.3631896610 a       886     1    16     2     6
     -0.5523547993 a       887     1    16     2     7
      0.2601409340 a       888     1    16     2     8
     -0.6708150998 a       889     1    16     2     9
      0.2450578645 a       890     1    16     2    10
      0.4279377789 a       891     1    16     2    11
      0.4917621631 a       892     1    16     2    12
      0.1553878552 a       893     1    16     2    13
      0.4063473693 a       894     1    16     2    14
     -0.0704723881 a       895     1    16     2    15
     -0.3441681935 a       896     1    16     2    16
      0.0781463050 a       897     1    16     2    17
      0.2313113231 a       898     1    16     2    18
     -0.2217421750 a       899     1    16     2    19
     -0.4366357719 a       900     1    16     2    20
     -0.4568546836 a       901     1    17     2     1
      0.2670197811 a       902     1    17     2     2
      0.3185448353 a       903     1    17     2     3
     -0.5234772270 a       904     1    17     2     4
     -0.0388949946 a       905     1    17     2     5
      0.2199455250 a       906     1    17     2     6
      0.4038018375 a       907     1    17     2     7
      0.1752024035 a       908     1    17     2     8
      0.3298350066 a       909     1    17     2     9
      0.5749101616 a       910     1    17     2    10
      0.5467932266 a       911     1    17     2    11
     -0.0250993291 a       912     1    17     2    12
      0.5990719965 a       913     1    17     2    13
      0.1416512885 a       914     1    17     2    14
      0.6656617995 a       915     1    17     2    15
     -0.3757213483 a       916     1    17     2    16
      0.6818410274 a       917     1    17     2    17
     -0.5670376413 a       918     1    17     2    18
      0.4195398806 a       919     1    17     2    19
      0.1948864272 a       920     1    17     2    20
     -0.3145786415 a       921     1    18     2     1
     -0.0111571583 a       922     1    18     2     2
      0.0718648604 a       923     1    18     2     3
      0.0727150950 a       924     1    18     2     4
      0.0532846465 a       925     1    18     2     5
      0.3407643032 a       926     1    18     2     6
     -0.1535026046 a       927     1    18     2     7
     -0.2157904612 a       928     1    18     2     8
      0.1604012960 a       929     1    18     2     9
     -0.5864905193 a       930     1    18     2    10
      0.4647130818 a       931     1    18     2    11
      0.1207667547 a       932     1    18     2    12
      0.1762821012 a       933     1    18     2    13
     -0.1128141150 a       934     1    18     2    14
      0.2921615722 a       935     1    18     2    15
     -0.4432825670 a       936     1    18     2    16
     -0.0837648003 a       937     1    18     2    17
      0.4680822489 a       938     1    18     2    18
      0.4547816928 a       939     1    18     2    19
      0.4410155276 a       940     1    18     2    20
      0.1921809697 a       941     1    19     2     1
      0.2260164371 a       942     1    19     2     2
      0.4334933817 a       943     1    19     2     3
     -0.2836034943 a       944     1    19     2     4
      0.4353849445 a       945     1    19     2     5
     -0.3681713669 a       946     1    19     2     6
     -0.3215051727 a       947     1    19     2     7
     -0.2622629330 a       948     1    19     2     8
     -0.0608850570 a       949     1    19     2     9
      0.0717652657 a       950     1    19     2    10
      0.0468659260 a       951     1    19     2    11
     -0.1564132163 a       952     1    19     2    12
      0.3870057792 a       953     1    19     2    13
     -0.4356772826 a       954     1    19     2    14
     -0.3466150230 a       955     1    19     2    15
     -0.3128574452 a       956     1    19     2    16
      0.0925310198 a       957     1    19     2    17
      0.5250673370 a       958     1    19     2    18
     -0.1230977365 a       959     1    19     2    19
      0.5701454700 a       960     1    19     2    20
      0.3269265231 a       961     1    20     2     1
     -0.3723518963 a       962     1    20     2     2
      0.0787705996 a       963     1    20     2     3
      0.2508243449 a       964     1    20     2     4
     -0.3995337570 a       965     1    20     2     5
      0.1955907837 a       966     1    20     2     6
     -0.4031678927 a       967     1    20     2     7
      0.1127582229 a       968     1    20     2     8
     -0.1080975666 a       969     1    20     2     9
      0.2423785998 a       970     1    20     2    10
     -0.0253472316 a       971     1    20     2    11
     -0.1704403128 a       972     1    20     2    12
     -0.2517558856 a       973     1    20     2    13
     -0.2410704585 a       974     1    20     2    14
     -0.1463285210 a       975     1    20     2    15
     -0.0777167170 a       976     1    20     2    16
      0.6266436804 a       977     1    20     2    17
      0.1669859105 a       978     1    20     2    18
      0.4081377516 a       979     1    20     2    19
     -0.0656491285 a       980     1    20     2    20
      0.4398575456 b       981     2     1
     -1.2478197827 b       982     2     2
     -0.8894778176 b       983     2     3
     -0.4017798408 b       984     2     4
      1.1838597756 b       985     2     5
      1.4525411721 b       986     2     6
     -1.1629395380 b       987     2     7
     -1.5793100415 b       988     2     8
     -0.6581439451 b       989     2     9
      0.1144340496 b       990     2    10
     -0.1848264317 b       991     2    11
      0.7422393096 b       992     2    12
     -0.2437873987 b       993     2    13
      0.5401155726 b       994     2    14
      0.8633423662 b       995     2    15
     -0.1535103884 b       996     2    16
     -1.0691926020 b       997     2    17
     -0.4789430628 b       998     2    18
      0.7803641921 b       999     2    19
     -1.1626332018 b      1000     2    20
     -0.0023572951 a      1001     2     1     3     1
     -0.0032389788 a      1002     2     2     3     1
     -0.0048591928 a      1003     2     3     3     1
      0.0070000482 a      1004     2     4     3     1
     -0.0015839112 a      1005     2     5     3     1
     -0.0018693609 a      1006     2     6     3     1
      0.0005822686 a      1007     2     7     3     1
     -0.0106327980 a      1008     2     8     3     1
      0.0018821688 a      1009     2     9     3     1
     -0.0026592576 a      1010     2    10     3     1
      0.0123497055 a      1011     2    11     3     1
      0.0047260517 a      1012     2    12     3     1
      0.0131524327 a      1013     2    13     3     1
     -0.0085646203 a      1014     2    14     3     1
      0.0004256842 a      1015     2    15     3     1
      0.0010620726 a      1016     2    16     3     1
     -0.0096030207 a      1017     2    17     3     1
     -0.0019548180 a      1018     2    18     3     1
     -0.0024350486 a      1019     2    19     3     1
     -0.0079738015 a      1020     2    20     3     1
     19.6510810121 b      1021     3     1
