     -0.3808690736 a         1     0     1     1     1
     -0.4815346588 a         2     0     1     1     2
     -0.0442631012 a         3     0     1     1     3
      0.4114310372 a         4     0     1     1     4
     -0.4332575037 a         5     0     1     1     5
     -0.0099379518 a         6     0     1     1     6
      0.3427961048 a         7     0     1     1     7
      0.4772467157 a         8     0     1     1     8
     -0.2295925996 a         9     0     1     1     9
      0.1497970612 a        10     0     1     1    10
     -0.4433048057 a        11     0     1     1    11
     -0.2262947386 a        12     0     1     1    12
      0.4070642409 a        13     0     1     1    13
      0.3776043210 a        14     0     1     1    14
     -0.4217412775 a        15     0     1     1    15
     -0.3013630803 a        16     0     1     1    16
      0.2016221294 a        17     0     1     1    17
     -0.4201620820 a        18     0     1     1    18
     -0.4985691351 a        19     0     1     1    19
     -0.2210865061 a        20     0     1     1    20
      0.1882089444 a        21     0     2     1     1
      0.0988096320 a        22     0     2     1     2
     -0.4367253000 a        23     0     2     1     3
     -0.3636985205 a        24     0     2     1     4
      0.1255931910 a        25     0     2     1     5
      0.4453257936 a        26     0     2     1     6
     -0.0090414062 a        27     0     2     1     7
      0.4716062513 a        28     0     2     1     8
     -0.1575294639 a        29     0     2     1     9
      0.0980519237 a        30     0     2     1    10
      0.2564304805 a        31     0     2     1    11
      0.3055200494 a        32     0     2     1    12
      0.0067482759 a        33     0     2     1    13
     -0.4754880681 a        34     0     2     1    14
     -0.0999453250 a        35     0     2     1    15
      0.2148714116 a        36     0     2     1    16
     -0.3462508966 a        37     0     2     1    17
     -0.0930156358 a        38     0     2     1    18
     -0.1723259334 a        39     0     2     1    19
      0.3741230044 a        40     0     2     1    20
     -0.2935391618 a        41     0     3     1     1
      0.0578232935 a        42     0     3     1     2
      0.2024969489 a        43     0     3     1     3
      0.1674980122 a        44     0     3     1     4
     -0.2050504256 a        45     0     3     1     5
     -0.0431153607 a        46     0     3     1     6
      0.2799172351 a        47     0     3     1     7
     -0.0227301466 a        48     0     3     1     8
     -0.3536071115 a        49     0     3     1     9
     -0.1255306784 a        50     0     3     1    10
      0.4556916187 a        51     0     3     1    11
      0.0460187471 a        52     0     3     1    12
      0.2854598777 a        53     0     3     1    13
     -0.2350494982 a        54     0     3     1    14
      0.3552699279 a        55     0     3     1    15
      0.3764595046 a        56     0     3     1    16
     -0.5221200853 a        57     0     3     1    17
     -0.1285498502 a        58     0     3     1    18
      0.5257650002 a        59     0     3     1    19
      0.3198606761 a        60     0     3     1    20
      0.2376907532 a        61     0     4     1     1
     -0.1862158895 a        62     0     4     1     2
      0.1690004679 a        63     0     4     1     3
     -0.3634036972 a        64     0     4     1     4
     -0.4403502024 a        65     0     4     1     5
     -0.3364121382 a        66     0     4     1     6
     -0.3941277375 a        67     0     4     1     7
     -0.2382098340 a        68     0     4     1     8
     -0.4594402597 a        69     0     4     1     9
      0.0780657181 a        70     0     4     1    10
     -0.2987900686 a        71     0     4     1    11
     -0.4226416480 a        72     0     4     1    12
     -0.3519337388 a        73     0     4     1    13
      0.4215452464 a        74     0     4     1    14
      0.2999956850 a        75     0     4     1    15
      0.0130180303 a        76     0     4     1    16
     -0.2450297644 a        77     0     4     1    17
     -0.1054415605 a        78     0     4     1    18
     -0.0890504483 a        79     0     4     1    19
      0.2395894006 a        80     0     4     1    20
     -0.4152623946 a        81     0     5     1     1
      0.4616524698 a        82     0     5     1     2
      0.4508557713 a        83     0     5     1     3
     -0.1292792681 a        84     0     5     1     4
     -0.2588406152 a        85     0     5     1     5
      0.4298301290 a        86     0     5     1     6
     -0.3199757503 a        87     0     5     1     7
      0.1745991862 a        88     0     5     1     8
     -0.1955403145 a        89     0     5     1     9
     -0.2922606086 a        90     0     5     1    10
     -0.2692274434 a        91     0     5     1    11
     -0.2928910514 a        92     0     5     1    12
      0.4603160965 a        93     0     5     1    13
     -0.1143698744 a        94     0     5     1    14
     -0.0212283452 a        95     0     5     1    15
     -0.1711577828 a        96     0     5     1    16
      0.5125663257 a        97     0     5     1    17
     -0.3433471969 a        98     0     5     1    18
     -0.2558614994 a        99     0     5     1    19
      0.4194209400 a       100     0     5     1    20
     -0.3850659375 a       101     0     6     1     1
     -0.1484905426 a       102     0     6     1     2
     -0.3111754319 a       103     0     6     1     3
      0.2834045933 a       104     0     6     1     4
      0.4923025079 a       105     0     6     1     5
     -0.2528986691 a       106     0     6     1     6
     -0.1871605666 a       107     0     6     1     7
     -0.4153986713 a       108     0     6     1     8
      0.3557786078 a       109     0     6     1     9
      0.2288489459 a       110     0     6     1    10
      0.3761778474 a       111     0     6     1    11
     -0.2812275065 a       112     0     6     1    12
     -0.0504879954 a       113     0     6     1    13
      0.4546530936 a       114     0     6     1    14
     -0.5006981123 a       115     0     6     1    15
      0.1684921695 a       116     0     6     1    16
      0.1662364404 a       117     0     6     1    17
      0.3198608696 a       118     0     6     1    18
      0.0255938242 a       119     0     6     1    19
     -0.1273850417 a       120     0     6     1    20
     -0.0399519539 a       121     0     7     1     1
     -0.1913803487 a       122     0     7     1     2
     -0.4997857735 a       123     0     7     1     3
     -0.2007124532 a       124     0     7     1     4
      0.3499107872 a       125     0     7     1     5
     -0.3251493051 a       126     0     7     1     6
     -0.2686557799 a       127     0     7     1     7
     -0.3463966069 a       128     0     7     1     8
      0.0220085896 a       129     0     7     1     9
      0.1571000615 a       130     0     7     1    10
      0.1925833053 a       131     0     7     1    11
      0.3985716046 a       132     0     7     1    12
     -0.2969240215 a       133     0     7     1    13
      0.0852592749 a       134     0     7     1    14
      0.1588739093 a       135     0     7     1    15
     -0.2637065370 a       136     0     7     1    16
     -0.2194307281 a       137     0     7     1    17
      0.0839321858 a       138     0     7     1    18
      0.5266241274 a       139     0     7     1    19
     -0.1971203104 a       140     0     7     1    20
     -0.4050628996 a       141     0     8     1     1
     -0.0803341547 a       142     0     8     1     2
      0.2546433657 a       143     0     8     1     3
     -0.2475453280 a       144     0     8     1     4
      0.3770286937 a       145     0     8     1     5
     -0.4162365797 a       146     0     8     1     6
     -0.4298595784 a       147     0     8     1     7
      0.3277650943 a       148     0     8     1     8
     -0.5003056016 a       149     0     8     1     9
      0.1849532071 a       150     0     8     1    10
     -0.1275684132 a       151     0     8     1    11
      0.1205290777 a       152     0     8     1    12
     -0.3771908036 a       153     0     8     1    13
     -0.1021191959 a       154     0     8     1    14
      0.2841786029 a       155     0     8     1    15
      0.0891301750 a       156     0     8     1    16
      0.0166968023 a       157     0     8     1    17
     -0.4384034177 a       158     0     8     1    18
     -0.1971841413 a       159     0     8     1    19
      0.0469975933 a       160     0     8     1    20
     -0.3756207575 a       161     0     9     1     1
      0.0041480849 a       162     0     9     1     2
      0.3900370538 a       163     0     9     1     3
      0.0289440510 a       164     0     9     1     4
     -0.1553428257 a       165     0     9     1     5
      0.4208365720 a       166     0     9     1     6
      0.4415580606 a       167     0     9     1     7
      0.0363159155 a       168     0     9     1     8
      0.1204899169 a       169     0     9     1     9
     -0.3568692360 a       170     0     9     1    10
      0.3157483388 a       171     0     9     1    11
     -0.3398508361 a       172     0     9     1    12
     -0.4099671289 a       173     0     9     1    13
      0.1727302328 a       174     0     9     1    14
     -0.0805593134 a       175     0     9     1    15
      0.3522721995 a       176     0     9     1    16
     -0.0008114824 a       177     0     9     1    17
     -0.2841183444 a       178     0     9     1    18
      0.0984142932 a       179     0     9     1    19
      0.1990142620 a       180     0     9     1    20
      0.0704544423 a       181     0    10     1     1
      0.0599806784 a       182     0    10     1     2
     -0.4968305144 a       183     0    10     1     3
     -0.1054765374 a       184     0    10     1     4
      0.3829797322 a       185     0    10     1     5
      0.1562570774 a       186     0    10     1     6
      0.4066974734 a       187     0    10     1     7
     -0.0447230141 a       188     0    10     1     8
     -0.2013206366 a       189     0    10     1     9
     -0.4533428761 a       190     0    10     1    10
      0.1950943928 a       191     0    10     1    11
     -0.3936467275 a       192     0    10     1    12
     -0.4159637416 a       193     0    10     1    13
     -0.0713465435 a       194     0    10     1    14
     -0.1029723572 a       195     0    10     1    15
     -0.1665737437 a       196     0    10     1    16
      0.0376800010 a       197     0    10     1    17
     -0.0702034402 a       198     0    10     1    18
     -0.0945257595 a       199     0    10     1    19
      0.0429463173 a       200     0    10     1    20
      0.3279598822 a       201     0    11     1     1
     -0.4236700733 a       202     0    11     1     2
     -0.2310972293 a       203     0    11     1     3
     -0.3079518198 a       204     0    11     1     4
      0.1296891846 a       205     0    11     1     5
     -0.2845409641 a       206     0    11     1     6
      0.0910920453 a       207     0    11     1     7
      0.2423898727 a       208     0    11     1     8
     -0.4053805279 a       209     0    11     1     9
     -0.4794615848 a       210     0    11     1    10
      0.2442991452 a       211     0    11     1    11
      0.3886488273 a       212     0    11     1    12
     -0.3250525617 a       213     0    11     1    13
     -0.3186860569 a       214     0    11     1    14
      0.3085515383 a       215     0    11     1    15
     -0.4794421251 a       216     0    11     1    16
     -0.0068006506 a       217     0    11     1    17
      0.0872049661 a       218     0    11     1    18
      0.4977464377 a       219     0    11     1    19
      0.2600101292 a       220     0    11     1    20
      0.3080114601 a       221     0    12     1     1
     -0.5742452864 a       222     0    12     1     2
      0.1570685179 a       223     0    12     1     3
      0.4074120449 a       224     0    12     1     4
      0.1284573245 a       225     0    12     1     5
      0.4376586284 a       226     0    12     1     6
      0.3175935771 a       227     0    12     1     7
     -0.2582329962 a       228     0    12     1     8
      0.4065637861 a       229     0    12     1     9
      0.1747503011 a       230     0    12     1    10
     -0.4952310980 a       231     0    12     1    11
     -0.3737037336 a       232     0    12     1    12
     -0.3512157246 a       233     0    12     1    13
      0.1467768463 a       234     0    12     1    14
     -0.0620498059 a       235     0    12     1    15
      0.1640376519 a       236     0    12     1    16
     -0.3629366054 a       237     0    12     1    17
     -0.4185348168 a       238     0    12     1    18
     -0.1621840932 a       239     0    12     1    19
      0.0003588666 a       240     0    12     1    20
      0.4072919195 a       241     0    13     1     1
     -0.2491531013 a       242     0    13     1     2
      0.1237818114 a       243     0    13     1     3
      0.1875023548 a       244     0    13     1     4
      0.1091754317 a       245     0    13     1     5
      0.1132959357 a       246     0    13     1     6
     -0.3873667713 a       247     0    13     1     7
      0.0587692557 a       248     0    13     1     8
      0.1400790519 a       249     0    13     1     9
     -0.4126908891 a       250     0    13     1    10
     -0.1696384065 a       251     0    13     1    11
      0.3002553055 a       252     0    13     1    12
      0.0733654797 a       253     0    13     1    13
     -0.0990083337 a       254     0    13     1    14
      0.3975087773 a       255     0    13     1    15
      0.1391838665 a       256     0    13     1    16
      0.2847878271 a       257     0    13     1    17
      0.3719620825 a       258     0    13     1    18
     -0.1404711336 a       259     0    13     1    19
     -0.2487103710 a       260     0    13     1    20
     -0.4317135894 a       261     0    14     1     1
     -0.5293244340 a       262     0    14     1     2
     -0.1141136689 a       263     0    14     1     3
     -0.2594122572 a       264     0    14     1     4
     -0.3401917837 a       265     0    14     1     5
     -0.1605694132 a       266     0    14     1     6
     -0.0639750394 a       267     0    14     1     7
      0.1750191162 a       268     0    14     1     8
      0.3613110117 a       269     0    14     1     9
      0.2938642246 a       270     0    14     1    10
     -0.2046348196 a       271     0    14     1    11
     -0.1370433698 a       272     0    14     1    12
      0.0210796534 a       273     0    14     1    13
      0.5159472242 a       274     0    14     1    14
     -0.2984938419 a       275     0    14     1    15
      0.4965027921 a       276     0    14     1    16
      0.5137068891 a       277     0    14     1    17
     -0.1085095148 a       278     0    14     1    18
     -0.4149383729 a       279     0    14     1    19
      0.3098183627 a       280     0    14     1    20
      0.3931590917 a       281     0    15     1     1
      0.2646509840 a       282     0    15     1     2
     -0.0550305555 a       283     0    15     1     3
     -0.4426853648 a       284     0    15     1     4
     -0.1661791546 a       285     0    15     1     5
     -0.3109950556 a       286     0    15     1     6
      0.2944487808 a       287     0    15     1     7
      0.4098533503 a       288     0    15     1     8
      0.1735496112 a       289     0    15     1     9
      0.4321265199 a       290     0    15     1    10
      0.2169618177 a       291     0    15     1    11
      0.0058448735 a       292     0    15     1    12
     -0.4191355924 a       293     0    15     1    13
     -0.2489950249 a       294     0    15     1    14
     -0.2584526914 a       295     0    15     1    15
      0.4304952186 a       296     0    15     1    16
     -0.4853260940 a       297     0    15     1    17
      0.3322425736 a       298     0    15     1    18
      0.1091084216 a       299     0    15     1    19
     -0.5303618746 a       300     0    15     1    20
      0.0094403091 a       301     0    16     1     1
      0.0660611575 a       302     0    16     1     2
      0.0768808516 a       303     0    16     1     3
      0.4167684774 a       304     0    16     1     4
      0.3819754211 a       305     0    16     1     5
     -0.2903169845 a       306     0    16     1     6
      0.3470468241 a       307     0    16     1     7
      0.4856867320 a       308     0    16     1     8
      0.3594591538 a       309     0    16     1     9
      0.4829073155 a       310     0    16     1    10
     -0.0435666449 a       311     0    16     1    11
     -0.3877747768 a       312     0    16     1    12
     -0.3382772814 a       313     0    16     1    13
      0.4164905567 a       314     0    16     1    14
     -0.1124482516 a       315     0    16     1    15
      0.3205353147 a       316     0    16     1    16
     -0.3557731892 a       317     0    16     1    17
     -0.1323045932 a       318     0    16     1    18
     -0.2029217447 a       319     0    16     1    19
     -0.3260680827 a       320     0    16     1    20
     -0.1022056322 a       321     0    17     1     1
     -0.2970913684 a       322     0    17     1     2
     -0.1172842518 a       323     0    17     1     3
      0.2202538246 a       324     0    17     1     4
      0.4577883286 a       325     0    17     1     5
      0.4415494168 a       326     0    17     1     6
      0.1836289274 a       327     0    17     1     7
      0.0073310563 a       328     0    17     1     8
      0.2808839831 a       329     0    17     1     9
      0.1737578348 a       330     0    17     1    10
      0.4784242817 a       331     0    17     1    11
     -0.2689232597 a       332     0    17     1    12
      0.0838115447 a       333     0    17     1    13
     -0.0482179089 a       334     0    17     1    14
      0.4026532194 a       335     0    17     1    15
      0.0537814994 a       336     0    17     1    16
     -0.0763728428 a       337     0    17     1    17
     -0.1717671639 a       338     0    17     1    18
     -0.3154296214 a       339     0    17     1    19
     -0.3574754899 a       340     0    17     1    20
      0.0178656922 a       341     0    18     1     1
     -0.0032647913 a       342     0    18     1     2
      0.0779843762 a       343     0    18     1     3
     -0.3382181932 a       344     0    18     1     4
     -0.1841186928 a       345     0    18     1     5
      0.3302584409 a       346     0    18     1     6
     -0.2571494841 a       347     0    18     1     7
     -0.3298601073 a       348     0    18     1     8
     -0.1995803791 a       349     0    18     1     9
      0.4700916752 a       350     0    18     1    10
     -0.3401004316 a       351     0    18     1    11
      0.2180161894 a       352     0    18     1    12
     -0.0655630614 a       353     0    18     1    13
      0.3479417207 a       354     0    18     1    14
     -0.1561665836 a       355     0    18     1    15
      0.4270271758 a       356     0    18     1    16
      0.2277418452 a       357     0    18     1    17
     -0.3587063988 a       358     0    18     1    18
     -0.0048531910 a       359     0    18     1    19
     -0.4370336870 a       360     0    18     1    20
      0.1041648650 a       361     0    19     1     1
      0.1131414758 a       362     0    19     1     2
      0.1805224786 a       363     0    19     1     3
      0.3271143662 a       364     0    19     1     4
     -0.3599813026 a       365     0    19     1     5
      0.1507893876 a       366     0    19     1     6
      0.3568923929 a       367     0    19     1     7
      0.1726814091 a       368     0    19     1     8
     -0.0867278774 a       369     0    19     1     9
      0.0624646776 a       370     0    19     1    10
     -0.4321617452 a       371     0    19     1    11
     -0.2849572048 a       372     0    19     1    12
      0.2372826288 a       373     0    19     1    13
      0.1747378761 a       374     0    19     1    14
      0.2749876391 a       375     0    19     1    15
      0.2180280795 a       376     0    19     1    16
      0.0348217917 a       377     0    19     1    17
     -0.3031765478 a       378     0    19     1    18
     -0.3699243765 a       379     0    19     1    19
     -0.1505996095 a       380     0    19     1    20
     -0.0393223014 a       381     0    20     1     1
      0.0603431305 a       382     0    20     1     2
     -0.3969938379 a       383     0    20     1     3
      0.4024904969 a       384     0    20     1     4
      0.0473613996 a       385     0    20     1     5
      0.0210938515 a       386     0    20     1     6
     -0.1926797148 a       387     0    20     1     7
      0.2520423234 a       388     0    20     1     8
      0.0624237459 a       389     0    20     1     9
     -0.4305385289 a       390     0    20     1    10
      0.1134430500 a       391     0    20     1    11
     -0.2148250928 a       392     0    20     1    12
      0.0453670762 a       393     0    20     1    13
     -0.2078213109 a       394     0    20     1    14
     -0.1364975386 a       395     0    20     1    15
      0.1581499912 a       396     0    20     1    16
     -0.1177145888 a       397     0    20     1    17
     -0.4211621026 a       398     0    20     1    18
     -0.5191843323 a       399     0    20     1    19
      0.3360208839 a       400     0    20     1    20
     -0.3822292335 a       401     0    21     1     1
      0.4270526982 a       402     0    21     1     2
     -0.1815590682 a       403     0    21     1     3
      0.4286535890 a       404     0    21     1     4
      0.3595160183 a       405     0    21     1     5
      0.2067685881 a       406     0    21     1     6
     -0.1767410216 a       407     0    21     1     7
      0.5055379614 a       408     0    21     1     8
     -0.2051903578 a       409     0    21     1     9
      0.1524296128 a       410     0    21     1    10
     -0.0955124282 a       411     0    21     1    11
      0.0723603709 a       412     0    21     1    12
     -0.1954336935 a       413     0    21     1    13
      0.3072387366 a       414     0    21     1    14
      0.3087050135 a       415     0    21     1    15
      0.0281300801 a       416     0    21     1    16
     -0.4125328667 a       417     0    21     1    17
      0.3750092991 a       418     0    21     1    18
     -0.2020260543 a       419     0    21     1    19
     -0.1867553042 a       420     0    21     1    20
      0.2740462487 a       421     0    22     1     1
     -0.0598667817 a       422     0    22     1     2
      0.0839553720 a       423     0    22     1     3
     -0.1835374068 a       424     0    22     1     4
      0.3142987251 a       425     0    22     1     5
      0.3606350977 a       426     0    22     1     6
      0.0291878303 a       427     0    22     1     7
     -0.0287675263 a       428     0    22     1     8
     -0.4697653368 a       429     0    22     1     9
      0.2935753440 a       430     0    22     1    10
     -0.1799862722 a       431     0    22     1    11
     -0.4106715318 a       432     0    22     1    12
      0.1396069308 a       433     0    22     1    13
     -0.4755788327 a       434     0    22     1    14
      0.4413434664 a       435     0    22     1    15
     -0.0370690537 a       436     0    22     1    16
     -0.0997041306 a       437     0    22     1    17
     -0.0446659783 a       438     0    22     1    18
      0.1226207452 a       439     0    22     1    19
      0.2551942321 a       440     0    22     1    20
     -0.4649794615 a       441     0    23     1     1
      0.5060074333 a       442     0    23     1     2
      0.2312516144 a       443     0    23     1     3
     -0.1944708682 a       444     0    23     1     4
     -0.1010557423 a       445     0    23     1     5
      0.0842330717 a       446     0    23     1     6
     -0.4552027637 a       447     0    23     1     7
      0.1523030911 a       448     0    23     1     8
      0.2348988178 a       449     0    23     1     9
      0.1054060718 a       450     0    23     1    10
     -0.3561214695 a       451     0    23     1    11
      0.3338446474 a       452     0    23     1    12
     -0.2951285496 a       453     0    23     1    13
     -0.1149608618 a       454     0    23     1    14
      0.4665833025 a       455     0    23     1    15
     -0.4742446398 a       456     0    23     1    16
     -0.4515960671 a       457     0    23     1    17
     -0.4213506690 a       458     0    23     1    18
      0.1187801391 a       459     0    23     1    19
     -0.2500550989 a       460     0    23     1    20
      0.1924218130 a       461     0    24     1     1
      0.0562744390 a       462     0    24     1     2
      0.4374592766 a       463     0    24     1     3
     -0.1436928327 a       464     0    24     1     4
     -0.1104172128 a       465     0    24     1     5
     -0.4482819916 a       466     0    24     1     6
      0.3993019931 a       467     0    24     1     7
      0.5079764989 a       468     0    24     1     8
     -0.1993113239 a       469     0    24     1     9
     -0.0334530593 a       470     0    24     1    10
      0.0593026079 a       471     0    24     1    11
     -0.0014371393 a       472     0    24     1    12
     -0.4154940832 a       473     0    24     1    13
      0.2652344216 a       474     0    24     1    14
     -0.2170689074 a       475     0    24     1    15
      0.2805505807 a       476     0    24     1    16
      0.2314026422 a       477     0    24     1    17
      0.0062398412 a       478     0    24     1    18
      0.4840174610 a       479     0    24     1    19
      0.1582715095 a       480     0    24     1    20
      0.0478335984 a       481     0    25     1     1
      0.4846891453 a       482     0    25     1     2
      0.4384053225 a       483     0    25     1     3
     -0.3454481542 a       484     0    25     1     4
     -0.0631030161 a       485     0    25     1     5
     -0.2334625328 a       486     0    25     1     6
     -0.0245292659 a       487     0    25     1     7
      0.1802051413 a       488     0    25     1     8
      0.1971907092 a       489     0    25     1     9
     -0.2432329985 a       490     0    25     1    10
      0.4972140884 a       491     0    25     1    11
     -0.4170312028 a       492     0    25     1    12
      0.4668701586 a       493     0    25     1    13
      0.0285830100 a       494     0    25     1    14
      0.3518465735 a       495     0    25     1    15
     -0.4845231407 a       496     0    25     1    16
      0.4123219619 a       497     0    25     1    17
      0.3976581388 a       498     0    25     1    18
     -0.0560676191 a       499     0    25     1    19
      0.4700294285 a       500     0    25     1    20
     -0.1992714442 a       501     0    26     1     1
     -0.0148547568 a       502     0    26     1     2
      0.1296618847 a       503     0    26     1     3
     -0.1008404200 a       504     0    26     1     4
      0.2399244175 a       505     0    26     1     5
      0.1885397958 a       506     0    26     1     6
     -0.0429558612 a       507     0    26     1     7
      0.0305152808 a       508     0    26     1     8
     -0.3092943379 a       509     0    26     1     9
      0.1309201013 a       510     0    26     1    10
      0.2160186049 a       511     0    26     1    11
     -0.2183366438 a       512     0    26     1    12
     -0.3071692733 a       513     0    26     1    13
     -0.4690880463 a       514     0    26     1    14
     -0.0345220331 a       515     0    26     1    15
      0.0630072519 a       516     0    26     1    16
      0.0091549192 a       517     0    26     1    17
      0.4188476655 a       518     0    26     1    18
     -0.2157069810 a       519     0    26     1    19
      0.5164948329 a       520     0    26     1    20
      0.3189201262 a       521     0    27     1     1
     -0.2963253063 a       522     0    27     1     2
     -0.3291814356 a       523     0    27     1     3
      0.4120289069 a       524     0    27     1     4
     -0.3767069508 a       525     0    27     1     5
     -0.2328268182 a       526     0    27     1     6
     -0.2832955032 a       527     0    27     1     7
      0.3835014753 a       528     0    27     1     8
      0.4001027515 a       529     0    27     1     9
     -0.2899275392 a       530     0    27     1    10
     -0.1672533415 a       531     0    27     1    11
     -0.4076967419 a       532     0    27     1    12
      0.0014834193 a       533     0    27     1    13
      0.3021606716 a       534     0    27     1    14
     -0.4963866687 a       535     0    27     1    15
      0.4752041314 a       536     0    27     1    16
     -0.0790940293 a       537     0    27     1    17
     -0.3163523427 a       538     0    27     1    18
      0.2064018606 a       539     0    27     1    19
      0.0520261756 a       540     0    27     1    20
     -0.3484173036 a       541     0    28     1     1
      0.2595718892 a       542     0    28     1     2
      0.4733759184 a       543     0    28     1     3
      0.1241472087 a       544     0    28     1     4
      0.2824433228 a       545     0    28     1     5
     -0.2013350186 a       546     0    28     1     6
     -0.3246354835 a       547     0    28     1     7
     -0.0522375010 a       548     0    28     1     8
     -0.3489370857 a       549     0    28     1     9
     -0.4297878609 a       550     0    28     1    10
     -0.0294332520 a       551     0    28     1    11
     -0.1524656363 a       552     0    28     1    12
      0.2149756113 a       553     0    28     1    13
     -0.0750736456 a       554     0    28     1    14
     -0.1291401784 a       555     0    28     1    15
      0.1513785565 a       556     0    28     1    16
     -0.2619970616 a       557     0    28     1    17
      0.2600492102 a       558     0    28     1    18
      0.2064120486 a       559     0    28     1    19
      0.2429488282 a       560     0    28     1    20
      1.1196476457 b       561     1     1
     -0.8363709401 b       562     1     2
     -0.0772414631 b       563     1     3
      0.7682474244 b       564     1     4
     -1.3898005272 b       565     1     5
      0.6848921122 b       566     1     6
      0.0756135846 b       567     1     7
     -0.6529275517 b       568     1     8
      1.3240035559 b       569     1     9
     -0.3207282530 b       570     1    10
      0.2653490730 b       571     1    11
      0.5803511871 b       572     1    12
     -0.1677512210 b       573     1    13
      0.6142069244 b       574     1    14
     -1.0123149216 b       575     1    15
      0.5949171244 b       576     1    16
     -0.9080133299 b       577     1    17
     -0.8766015984 b       578     1    18
      0.3523477407 b       579     1    19
      1.1397636448 b       580     1    20
      0.3696569610 a       581     1     1     2     1
      0.5946265940 a       582     1     1     2     2
      0.4450562407 a       583     1     1     2     3
      0.2611174269 a       584     1     1     2     4
     -0.5003889977 a       585     1     1     2     5
      0.6061315753 a       586     1     1     2     6
     -0.0818614921 a       587     1     1     2     7
      0.6281208623 a       588     1     1     2     8
     -0.3580952481 a       589     1     1     2     9
     -0.2451869007 a       590     1     1     2    10
      0.3111979412 a       591     1     1     2    11
     -0.0280112778 a       592     1     1     2    12
     -0.4790550639 a       593     1     1     2    13
      0.3112193022 a       594     1     1     2    14
      0.1398146953 a       595     1     1     2    15
      0.1183807867 a       596     1     1     2    16
     -0.1535704861 a       597     1     1     2    17
      0.0319967412 a       598     1     1     2    18
     -0.1956082685 a       599     1     1     2    19
     -0.1589772509 a       600     1     1     2    20
      0.4353800928 a       601     1     2     2     1
     -0.1178314895 a       602     1     2     2     2
      0.6408384855 a       603     1     2     2     3
      0.5239738648 a       604     1     2     2     4
     -0.3242632287 a       605     1     2     2     5
      0.4241722526 a       606     1     2     2     6
     -0.3353597992 a       607     1     2     2     7
      0.4128154917 a       608     1     2     2     8
      0.3465131309 a       609     1     2     2     9
      0.3549626650 a       610     1     2     2    10
     -0.4561957957 a       611     1     2     2    11
      0.2438589130 a       612     1     2     2    12
     -0.3519262192 a       613     1     2     2    13
     -0.3989222898 a       614     1     2     2    14
      0.3654763616 a       615     1     2     2    15
      0.2884107022 a       616     1     2     2    16
     -0.2040641199 a       617     1     2     2    17
     -0.6282130053 a       618     1     2     2    18
     -0.0234337118 a       619     1     2     2    19
      0.5322019513 a       620     1     2     2    20
     -0.5664727910 a       621     1     3     2     1
      0.6645878907 a       622     1     3     2     2
     -0.0284741525 a       623     1     3     2     3
      0.3474393619 a       624     1     3     2     4
     -0.5253357247 a       625     1     3     2     5
      0.1815582576 a       626     1     3     2     6
     -0.0739835357 a       627     1     3     2     7
     -0.3227224201 a       628     1     3     2     8
     -0.3843878758 a       629     1     3     2     9
     -0.2302636620 a       630     1     3     2    10
     -0.0348941504 a       631     1     3     2    11
      0.0199911885 a       632     1     3     2    12
      0.4162421461 a       633     1     3     2    13
     -0.6026192566 a       634     1     3     2    14
     -0.0019343283 a       635     1     3     2    15
     -0.1023663351 a       636     1     3     2    16
      0.0015987043 a       637     1     3     2    17
     -0.3839787177 a       638     1     3     2    18
     -0.1317009888 a       639     1     3     2    19
     -0.4328504294 a       640     1     3     2    20
     -0.2031889410 a       641     1     4     2     1
     -0.4403363720 a       642     1     4     2     2
     -0.2412924186 a       643     1     4     2     3
     -0.1726933080 a       644     1     4     2     4
      0.5030542422 a       645     1     4     2     5
      0.4122721433 a       646     1     4     2     6
     -0.2002708054 a       647     1     4     2     7
     -0.1163779430 a       648     1     4     2     8
      0.4962497447 a       649     1     4     2     9
     -0.6007469656 a       650     1     4     2    10
     -0.5413136007 a       651     1     4     2    11
      0.5433738228 a       652     1     4     2    12
     -0.4215029584 a       653     1     4     2    13
      0.1173913802 a       654     1     4     2    14
     -0.1217535193 a       655     1     4     2    15
      0.7049249740 a       656     1     4     2    16
     -0.2966160011 a       657     1     4     2    17
      0.1717425106 a       658     1     4     2    18
      0.1658474389 a       659     1     4     2    19
      0.4673568707 a       660     1     4     2    20
     -0.3187643425 a       661     1     5     2     1
     -0.2060722706 a       662     1     5     2     2
      0.5300885199 a       663     1     5     2     3
      0.4520106489 a       664     1     5     2     4
      0.0064334665 a       665     1     5     2     5
     -0.0964259583 a       666     1     5     2     6
      0.2635512601 a       667     1     5     2     7
     -0.0435520818 a       668     1     5     2     8
     -0.0202520457 a       669     1     5     2     9
     -0.1792319287 a       670     1     5     2    10
     -0.5078165592 a       671     1     5     2    11
      0.4019244892 a       672     1     5     2    12
     -0.2711826936 a       673     1     5     2    13
      0.0459462817 a       674     1     5     2    14
      0.4205054800 a       675     1     5     2    15
     -0.4368648059 a       676     1     5     2    16
     -0.2323114247 a       677     1     5     2    17
      0.2034976123 a       678     1     5     2    18
      0.5900872876 a       679     1     5     2    19
      0.2987363910 a       680     1     5     2    20
     -0.1679333643 a       681     1     6     2     1
     -0.4519297508 a       682     1     6     2     2
      0.6364652423 a       683     1     6     2     3
      0.2514666558 a       684     1     6     2     4
     -0.3141474576 a       685     1     6     2     5
      0.0221310322 a       686     1     6     2     6
      0.3597946835 a       687     1     6     2     7
     -0.1609627885 a       688     1     6     2     8
     -0.4234010812 a       689     1     6     2     9
     -0.3041728033 a       690     1     6     2    10
     -0.4200173019 a       691     1     6     2    11
     -0.6249196896 a       692     1     6     2    12
     -0.4832210477 a       693     1     6     2    13
      0.1572534694 a       694     1     6     2    14
      0.4478766981 a       695     1     6     2    15
      0.0505072899 a       696     1     6     2    16
     -0.5782433196 a       697     1     6     2    17
     -0.5627925543 a       698     1     6     2    18
      0.5940898128 a       699     1     6     2    19
     -0.3385140568 a       700     1     6     2    20
      0.3760530872 a       701     1     7     2     1
     -0.1882222808 a       702     1     7     2     2
     -0.2493680061 a       703     1     7     2     3
     -0.1966475140 a       704     1     7     2     4
     -0.5350094436 a       705     1     7     2     5
      0.4965502050 a       706     1     7     2     6
     -0.4957341500 a       707     1     7     2     7
      0.1730884609 a       708     1     7     2     8
     -0.5101862408 a       709     1     7     2     9
      0.4411498775 a       710     1     7     2    10
     -0.2069970130 a       711     1     7     2    11
      0.5742009331 a       712     1     7     2    12
      0.5667713284 a       713     1     7     2    13
      0.4724905279 a       714     1     7     2    14
      0.3680274363 a       715     1     7     2    15
     -0.2187424040 a       716     1     7     2    16
      0.0176095520 a       717     1     7     2    17
     -0.0789636246 a       718     1     7     2    18
     -0.3097075300 a       719     1     7     2    19
     -0.1576450979 a       720     1     7     2    20
      0.0680781733 a       721     1     8     2     1
     -0.3483678074 a       722     1     8     2     2
      0.4582226166 a       723     1     8     2     3
     -0.5194155219 a       724     1     8     2     4
     -0.3993600616 a       725     1     8     2     5
      0.3860055944 a       726     1     8     2     6
      0.4297916226 a       727     1     8     2     7
     -0.7421298455 a       728     1     8     2     8
      0.5508193771 a       729     1     8     2     9
      0.5182454150 a       730     1     8     2    10
      0.2753262598 a       731     1     8     2    11
      0.3576121228 a       732     1     8     2    12
      0.0961971696 a       733     1     8     2    13
     -0.0737187045 a       734     1     8     2    14
      0.0036497330 a       735     1     8     2    15
      0.6998235110 a       736     1     8     2    16
      0.1759762395 a       737     1     8     2    17
      0.0221010547 a       738     1     8     2    18
     -0.1031704640 a       739     1     8     2    19
     -0.6165709015 a       740     1     8     2    20
      0.3109331718 a       741     1     9     2     1
     -0.2074097142 a       742     1     9     2     2
     -0.1718909924 a       743     1     9     2     3
     -0.4911777126 a       744     1     9     2     4
      0.5017354921 a       745     1     9     2     5
     -0.4526248226 a       746     1     9     2     6
     -0.5035892908 a       747     1     9     2     7
     -0.2267573906 a       748     1     9     2     8
     -0.2778345739 a       749     1     9     2     9
     -0.3034994024 a       750     1     9     2    10
     -0.0457652153 a       751     1     9     2    11
     -0.6860559728 a       752     1     9     2    12
      0.3423461373 a       753     1     9     2    13
     -0.3945794055 a       754     1     9     2    14
      0.5823857131 a       755     1     9     2    15
      0.2536501423 a       756     1     9     2    16
      0.2959910891 a       757     1     9     2    17
     -0.5589915638 a       758     1     9     2    18
     -0.3305426737 a       759     1     9     2    19
     -0.1148470701 a       760     1     9     2    20
     -0.1935253661 a       761     1    10     2     1
     -0.3583817859 a       762     1    10     2     2
      0.6123473769 a       763     1    10     2     3
     -0.5327866959 a       764     1    10     2     4
     -0.2124719933 a       765     1    10     2     5
     -0.0177340711 a       766     1    10     2     6
      0.4098216327 a       767     1    10     2     7
     -0.3052117604 a       768     1    10     2     8
      0.1133370624 a       769     1    10     2     9
      0.4532303424 a       770     1    10     2    10
      0.0764267308 a       771     1    10     2    11
     -0.5644826914 a       772     1    10     2    12
      0.3936630998 a       773     1    10     2    13
     -0.5662682579 a       774     1    10     2    14
     -0.1112043278 a       775     1    10     2    15
     -0.3491447225 a       776     1    10     2    16
     -0.2393149397 a       777     1    10     2    17
      0.3277910904 a       778     1    10     2    18
     -0.3282380977 a       779     1    10     2    19
     -0.3303198948 a       780     1    10     2    20
      0.3118970669 a       781     1    11     2     1
     -0.2421584926 a       782     1    11     2     2
      0.2727311038 a       783     1    11     2     3
      0.3559744218 a       784     1    11     2     4
      0.1588510861 a       785     1    11     2     5
     -0.1628586072 a       786     1    11     2     6
     -0.4649106514 a       787     1    11     2     7
      0.5564252549 a       788     1    11     2     8
     -0.6898590543 a       789     1    11     2     9
      0.0417789753 a       790     1    11     2    10
      0.4607814625 a       791     1    11     2    11
      0.1086556752 a       792     1    11     2    12
      0.1207089373 a       793     1    11     2    13
     -0.1621009107 a       794     1    11     2    14
      0.6311536508 a       795     1    11     2    15
     -0.2493020096 a       796     1    11     2    16
      0.3788282097 a       797     1    11     2    17
      0.4085993874 a       798     1    11     2    18
      0.5237396704 a       799     1    11     2    19
      0.3242463054 a       800     1    11     2    20
      0.6057322339 a       801     1    12     2     1
      0.4093001792 a       802     1    12     2     2
     -0.0744053015 a       803     1    12     2     3
      0.0762064533 a       804     1    12     2     4
      0.1535354040 a       805     1    12     2     5
      0.6105273416 a       806     1    12     2     6
     -0.4603518929 a       807     1    12     2     7
     -0.0557626817 a       808     1    12     2     8
     -0.0718669607 a       809     1    12     2     9
      0.1131608556 a       810     1    12     2    10
     -0.3184356481 a       811     1    12     2    11
      0.0857560403 a       812     1    12     2    12
      0.2335894171 a       813     1    12     2    13
     -0.5710340199 a       814     1    12     2    14
     -0.2272789036 a       815     1    12     2    15
     -0.2209499107 a       816     1    12     2    16
     -0.1769159731 a       817     1    12     2    17
     -0.0020089361 a       818     1    12     2    18
     -0.5814023771 a       819     1    12     2    19
      0.2864313148 a       820     1    12     2    20
      0.3685972498 a       821     1    13     2     1
      0.3632847246 a       822     1    13     2     2
     -0.3224253505 a       823     1    13     2     3
     -0.0971875299 a       824     1    13     2     4
     -0.2926858075 a       825     1    13     2     5
     -0.3971379663 a       826     1    13     2     6
      0.1205300625 a       827     1    13     2     7
     -0.1356724415 a       828     1    13     2     8
      0.0949848200 a       829     1    13     2     9
      0.2297933347 a       830     1    13     2    10
     -0.5118284294 a       831     1    13     2    11
     -0.2899155022 a       832     1    13     2    12
      0.4585622552 a       833     1    13     2    13
     -0.1474526646 a       834     1    13     2    14
      0.3576632033 a       835     1    13     2    15
     -0.0711807069 a       836     1    13     2    16
     -0.5998123489 a       837     1    13     2    17
      0.3836462343 a       838     1    13     2    18
     -0.3517874348 a       839     1    13     2    19
      0.0325181632 a       840     1    13     2    20
     -0.5162805380 a       841     1    14     2     1
      0.0262842444 a       842     1    14     2     2
     -0.1989358564 a       843     1    14     2     3
     -0.0803583472 a       844     1    14     2     4
      0.4667817999 a       845     1    14     2     5
      0.4089701678 a       846     1    14     2     6
     -0.2743293896 a       847     1    14     2     7
     -0.6025618857 a       848     1    14     2     8
     -0.1716643483 a       849     1    14     2     9
      0.3179529864 a       850     1    14     2    10
      0.1125421791 a       851     1    14     2    11
      0.0750429861 a       852     1    14     2    12
      0.2456975408 a       853     1    14     2    13
      0.5591322204 a       854     1    14     2    14
     -0.2721142157 a       855     1    14     2    15
      0.2150930750 a       856     1    14     2    16
      0.1315860641 a       857     1    14     2    17
     -0.1553392961 a       858     1    14     2    18
     -0.3300469711 a       859     1    14     2    19
     -0.3088803944 a       860     1    14     2    20
     -0.4752858863 a       861     1    15     2     1
      0.4582346199 a       862     1    15     2     2
      0.1373100364 a       863     1    15     2     3
     -0.4900696272 a       864     1    15     2     4
     -0.1093123996 a       865     1    15     2     5
      0.2974558427 a       866     1    15     2     6
     -0.3917022401 a       867     1    15     2     7
      0.5368800256 a       868     1    15     2     8
      0.2222536947 a       869     1    15     2     9
     -0.4382482279 a       870     1    15     2    10
      0.4435887065 a       871     1    15     2    11
      0.2653330760 a       872     1    15     2    12
      0.2513510117 a       873     1    15     2    13
      0.3831804780 a       874     1    15     2    14
     -0.5347464349 a       875     1    15     2    15
      0.6325583779 a       876     1    15     2    16
      0.7042295353 a       877     1    15     2    17
     -0.2236362521 a       878     1    15     2    18
      0.2802041082 a       879     1    15     2    19
     -0.4033954975 a       880     1    15     2    20
     -0.0449680893 a       881     1    16     2     1
      0.4864214681 a       882     1    16     2     2
      0.2664191581 a       883     1    16     2     3
     -0.4891176018 a       884     1    16     2     4
      0.4481280633 a       885     1    16     2     5
     -0.3635341856 a       886     1    16     2     6
     -0.5523554435 a       887     1    16     2     7
      0.2601782701 a       888     1    16     2     8
     -0.6708162383 a       889     1    16     2     9
      0.2453890634 a       890     1    16     2    10
      0.4280649728 a       891     1    16     2    11
      0.4912985063 a       892     1    16     2    12
      0.1549352705 a       893     1    16     2    13
      0.4061974354 a       894     1    16     2    14
     -0.0700365003 a       895     1    16     2    15
     -0.3442732432 a       896     1    16     2    16
      0.0781693021 a       897     1    16     2    17
      0.2318914802 a       898     1    16     2    18
     -0.2212283375 a       899     1    16     2    19
     -0.4368448539 a       900     1    16     2    20
     -0.4569445747 a       901     1    17     2     1
      0.2670414033 a       902     1    17     2     2
      0.3185058162 a       903     1    17     2     3
     -0.5232588512 a       904     1    17     2     4
     -0.0388750961 a       905     1    17     2     5
      0.2205508422 a       906     1    17     2     6
      0.4038010737 a       907     1    17     2     7
      0.1751931037 a       908     1    17     2     8
      0.3298356976 a       909     1    17     2     9
      0.5745285984 a       910     1    17     2    10
      0.5463676451 a       911     1    17     2    11
     -0.0244240795 a       912     1    17     2    12
      0.5994408251 a       913     1    17     2    13
      0.1419742723 a       914     1    17     2    14
      0.6653865419 a       915     1    17     2    15
     -0.3758244652 a       916     1    17     2    16
      0.6819745400 a       917     1    17     2    17
     -0.5677848930 a       918     1    17     2    18
      0.4187058518 a       919     1    17     2    19
      0.1953524416 a       920     1    17     2    20
     -0.3146485727 a       921     1    18     2     1
     -0.0111299847 a       922     1    18     2     2
      0.0718830193 a       923     1    18     2     3
      0.0727311140 a       924     1    18     2     4
      0.0533101350 a       925     1    18     2     5
      0.3413824496 a       926     1    18     2     6
     -0.1535036992 a       927     1    18     2     7
     -0.2157107629 a       928     1    18     2     8
      0.1604011850 a       929     1    18     2     9
     -0.5867479642 a       930     1    18     2    10
      0.4635141163 a       931     1    18     2    11
      0.1210946286 a       932     1    18     2    12
      0.1764107459 a       933     1    18     2    13
     -0.1123478160 a       934     1    18     2    14
      0.2919582222 a       935     1    18     2    15
     -0.4435374950 a       936     1    18     2    16
     -0.0834242170 a       937     1    18     2    17
      0.4674918353 a       938     1    18     2    18
      0.4540243126 a       939     1    18     2    19
      0.4413655363 a       940     1    18     2    20
      0.1922297215 a       941     1    19     2     1
      0.2260103871 a       942     1    19     2     2
      0.4335410776 a       943     1    19     2     3
     -0.2836025198 a       944     1    19     2     4
      0.4353782443 a       945     1    19     2     5
     -0.3684654369 a       946     1    19     2     6
     -0.3215045738 a       947     1    19     2     7
     -0.2622741077 a       948     1    19     2     8
     -0.0608853762 a       949     1    19     2     9
      0.0719406639 a       950     1    19     2    10
      0.0467862113 a       951     1    19     2    11
     -0.1568071182 a       952     1    19     2    12
      0.3869319728 a       953     1    19     2    13
     -0.4360024173 a       954     1    19     2    14
     -0.3465070913 a       955     1    19     2    15
     -0.3127704858 a       956     1    19     2    16
      0.0925549970 a       957     1    19     2    17
      0.5254225054 a       958     1    19     2    18
     -0.1227456729 a       959     1    19     2    19
      0.5697357463 a       960     1    19     2    20
      0.3270230661 a       961     1    20     2     1
     -0.3723838843 a       962     1    20     2     2
      0.0787809002 a       963     1    20     2     3
      0.2507059630 a       964     1    20     2     4
     -0.3995606357 a       965     1    20     2     5
      0.1948789509 a       966     1    20     2     6
     -0.4031665941 a       967     1    20     2     7
      0.1126978271 a       968     1    20     2     8
     -0.1080978687 a       969     1    20     2     9
      0.2427572541 a       970     1    20     2    10
     -0.0243720458 a       971     1    20     2    11
     -0.1710038851 a       972     1    20     2    12
     -0.2519876461 a       973     1    20     2    13
     -0.2415948262 a       974     1    20     2    14
     -0.1460711740 a       975     1    20     2    15
     -0.0775114073 a       976     1    20     2    16
      0.6263576252 a       977     1    20     2    17
      0.1677442751 a       978     1    20     2    18
      0.4090674835 a       979     1    20     2    19
     -0.0662011122 a       980     1    20     2    20
      0.4399840175 b       981     2     1
     -1.2478553016 b       982     2     2
     -0.8894293354 b       983     2     3
     -0.4020412160 b       984     2     4
      1.1838305771 b       985     2     5
      1.4517006872 b       986     2     6
     -1.1629381375 b       987     2     7
     -1.5793339858 b       988     2     8
     -0.6581447119 b       989     2     9
      0.1149411035 b       990     2    10
     -0.1841700104 b       991     2    11
      0.7413534895 b       992     2    12
     -0.2441865607 b       993     2    13
      0.5395503423 b       994     2    14
      0.8636659317 b       995     2    15
     -0.1533252139 b       996     2    16
     -1.0694042907 b       997     2    17
     -0.4779502605 b       998     2    18
      0.7814997456 b       999     2    19
     -1.1633632494 b      1000     2    20
      0.0008139822 a      1001     2     1     3     1
     -0.0006613955 a      1002     2     2     3     1
     -0.0017057397 a      1003     2     3     3     1
      0.0010203147 a      1004     2     4     3     1
      0.0015532153 a      1005     2     5     3     1
      0.0003845994 a      1006     2     6     3     1
      0.0002470181 a      1007     2     7     3     1
      0.0001878725 a      1008     2     8     3     1
      0.0007504964 a      1009     2     9     3     1
     -0.0005958251 a      1010     2    10     3     1
      0.0018193989 a      1011     2    11     3     1
      0.0011136407 a      1012     2    12     3     1
      0.0000743129 a      1013     2    13     3     1
     -0.0018556897 a      1014     2    14     3     1
      0.0003227819 a      1015     2    15     3     1
      0.0013357198 a      1016     2    16     3     1
     -0.0002788126 a      1017     2    17     3     1
     -0.0000496991 a      1018     2    18     3     1
     -0.0012874537 a      1019     2    19     3     1
      0.0001031968 a      1020     2    20     3     1
     19.6512475867 b      1021     3     1
