     -0.0794504750 a         1     0     1     1     1
      0.1301970467 a         2     0     1     1     2
      0.1880658215 a         3     0     1     1     3
      0.2192115901 a         4     0     1     1     4
      0.1088938707 a         5     0     1     1     5
     -0.2893527909 a         6     0     1     1     6
     -0.1688170000 a         7     0     1     1     7
      0.4252433469 a         8     0     1     1     8
      0.3804724607 a         9     0     1     1     9
     -0.3450934154 a        10     0     1     1    10
     -0.2043039984 a        11     0     1     1    11
     -0.0341590050 a        12     0     1     1    12
     -0.2406721898 a        13     0     1     1    13
     -0.1095615919 a        14     0     1     1    14
     -0.4377517725 a        15     0     1     1    15
     -0.0048836678 a        16     0     1     1    16
      0.3877352948 a        17     0     1     1    17
      0.0963661940 a        18     0     1     1    18
      0.1350200186 a        19     0     1     1    19
      0.0048663533 a        20     0     1     1    20
      0.3473141049 a        21     0     2     1     1
     -0.3856742486 a        22     0     2     1     2
     -0.0966273237 a        23     0     2     1     3
      0.2893291915 a        24     0     2     1     4
      0.3214941863 a        25     0     2     1     5
     -0.3734035417 a        26     0     2     1     6
     -0.1202681781 a        27     0     2     1     7
      0.4036297465 a        28     0     2     1     8
      0.3990772407 a        29     0     2     1     9
     -0.2834550733 a        30     0     2     1    10
      0.2976143091 a        31     0     2     1    11
     -0.1946768523 a        32     0     2     1    12
     -0.1546699106 a        33     0     2     1    13
      0.0306500273 a        34     0     2     1    14
     -0.3006210349 a        35     0     2     1    15
     -0.2887896223 a        36     0     2     1    16
      0.2662530933 a        37     0     2     1    17
     -0.4192023893 a        38     0     2     1    18
      0.2629806042 a        39     0     2     1    19
      0.1823346144 a        40     0     2     1    20
     -0.2347237257 a        41     0     3     1     1
      0.1503822832 a        42     0     3     1     2
     -0.1035452697 a        43     0     3     1     3
     -0.2451088182 a        44     0     3     1     4
      0.4232339889 a        45     0     3     1     5
     -0.3347878115 a        46     0     3     1     6
      0.3363482738 a        47     0     3     1     7
     -0.4365354105 a        48     0     3     1     8
      0.4378631218 a        49     0     3     1     9
     -0.1189135909 a        50     0     3     1    10
      0.1491778477 a        51     0     3     1    11
      0.2663670952 a        52     0     3     1    12
      0.0565780885 a        53     0     3     1    13
     -0.1841060934 a        54     0     3     1    14
     -0.3499699244 a        55     0     3     1    15
     -0.0973431896 a        56     0     3     1    16
      0.2560276808 a        57     0     3     1    17
     -0.0716058212 a        58     0     3     1    18
      0.3297611209 a        59     0     3     1    19
      0.0037710497 a        60     0     3     1    20
     -0.1367447605 a        61     0     4     1     1
      0.4291015932 a        62     0     4     1     2
      0.3379197280 a        63     0     4     1     3
     -0.0553310286 a        64     0     4     1     4
     -0.4427594266 a        65     0     4     1     5
      0.0884227510 a        66     0     4     1     6
     -0.2604480257 a        67     0     4     1     7
      0.4034311027 a        68     0     4     1     8
     -0.1095831941 a        69     0     4     1     9
     -0.0451210881 a        70     0     4     1    10
      0.4187408233 a        71     0     4     1    11
      0.4770895148 a        72     0     4     1    12
     -0.3546839372 a        73     0     4     1    13
      0.1521498725 a        74     0     4     1    14
      0.2554208466 a        75     0     4     1    15
     -0.1118939503 a        76     0     4     1    16
      0.2652158974 a        77     0     4     1    17
      0.0989878899 a        78     0     4     1    18
     -0.0541809146 a        79     0     4     1    19
      0.3699986352 a        80     0     4     1    20
      0.1217853822 a        81     0     5     1     1
     -0.0542630227 a        82     0     5     1     2
      0.0604590812 a        83     0     5     1     3
      0.2685994582 a        84     0     5     1     4
      0.0070661678 a        85     0     5     1     5
      0.0184072994 a        86     0     5     1     6
      0.0951564469 a        87     0     5     1     7
     -0.1046007058 a        88     0     5     1     8
     -0.1321952078 a        89     0     5     1     9
     -0.3571134500 a        90     0     5     1    10
     -0.1598147702 a        91     0     5     1    11
      0.2918992675 a        92     0     5     1    12
      0.2533048660 a        93     0     5     1    13
      0.4775801254 a        94     0     5     1    14
      0.2234935129 a        95     0     5     1    15
     -0.0935126798 a        96     0     5     1    16
     -0.1504380160 a        97     0     5     1    17
     -0.1713645221 a        98     0     5     1    18
      0.3313332716 a        99     0     5     1    19
      0.3368927327 a       100     0     5     1    20
     -0.0480572294 a       101     0     6     1     1
      0.1397346730 a       102     0     6     1     2
     -0.2610547133 a       103     0     6     1     3
      0.0858294287 a       104     0     6     1     4
      0.0995744524 a       105     0     6     1     5
      0.1806111214 a       106     0     6     1     6
      0.0294829832 a       107     0     6     1     7
      0.3708304690 a       108     0     6     1     8
      0.1931170047 a       109     0     6     1     9
     -0.3625044430 a       110     0     6     1    10
      0.1332515815 a       111     0     6     1    11
     -0.2990446687 a       112     0     6     1    12
     -0.0244143475 a       113     0     6     1    13
      0.4251725311 a       114     0     6     1    14
     -0.3028699493 a       115     0     6     1    15
     -0.2816862652 a       116     0     6     1    16
     -0.1366780502 a       117     0     6     1    17
     -0.3014923838 a       118     0     6     1    18
     -0.3922059335 a       119     0     6     1    19
     -0.3633275121 a       120     0     6     1    20
      0.2286732280 a       121     0     7     1     1
      0.1901561308 a       122     0     7     1     2
      0.1418092749 a       123     0     7     1     3
     -0.2776657147 a       124     0     7     1     4
     -0.0390160840 a       125     0     7     1     5
      0.0843892167 a       126     0     7     1     6
      0.1949239856 a       127     0     7     1     7
     -0.2854582493 a       128     0     7     1     8
      0.4144157517 a       129     0     7     1     9
     -0.3201838961 a       130     0     7     1    10
     -0.2872277237 a       131     0     7     1    11
     -0.3390105121 a       132     0     7     1    12
     -0.2350611832 a       133     0     7     1    13
     -0.2638757284 a       134     0     7     1    14
      0.2438360778 a       135     0     7     1    15
      0.4695824918 a       136     0     7     1    16
      0.3505550089 a       137     0     7     1    17
      0.3223454674 a       138     0     7     1    18
     -0.3464513749 a       139     0     7     1    19
     -0.3510553308 a       140     0     7     1    20
     -0.1645764401 a       141     0     8     1     1
      0.1981487301 a       142     0     8     1     2
     -0.0833461930 a       143     0     8     1     3
      0.3282093329 a       144     0     8     1     4
      0.0717667044 a       145     0     8     1     5
     -0.4305757749 a       146     0     8     1     6
     -0.4392455220 a       147     0     8     1     7
     -0.2543319782 a       148     0     8     1     8
     -0.1348340244 a       149     0     8     1     9
     -0.3208999118 a       150     0     8     1    10
     -0.1434468708 a       151     0     8     1    11
     -0.3475092999 a       152     0     8     1    12
     -0.0778654364 a       153     0     8     1    13
      0.4436324850 a       154     0     8     1    14
     -0.4441693643 a       155     0     8     1    15
      0.2796295856 a       156     0     8     1    16
     -0.0368218095 a       157     0     8     1    17
     -0.0334945826 a       158     0     8     1    18
      0.2519967737 a       159     0     8     1    19
      0.0964888826 a       160     0     8     1    20
      0.3101930262 a       161     0     9     1     1
     -0.2542143344 a       162     0     9     1     2
     -0.3661509757 a       163     0     9     1     3
     -0.3034084938 a       164     0     9     1     4
      0.2102423712 a       165     0     9     1     5
     -0.4354378477 a       166     0     9     1     6
     -0.2796947664 a       167     0     9     1     7
     -0.3129340055 a       168     0     9     1     8
      0.0406993912 a       169     0     9     1     9
      0.2060824846 a       170     0     9     1    10
      0.1538247697 a       171     0     9     1    11
     -0.3568479061 a       172     0     9     1    12
     -0.2659417455 a       173     0     9     1    13
      0.2161900654 a       174     0     9     1    14
      0.3373268623 a       175     0     9     1    15
     -0.2436657474 a       176     0     9     1    16
      0.4003520810 a       177     0     9     1    17
     -0.4243966484 a       178     0     9     1    18
     -0.4255175214 a       179     0     9     1    19
      0.0759294060 a       180     0     9     1    20
     -0.4069874186 a       181     0    10     1     1
     -0.4343312784 a       182     0    10     1     2
      0.2782837573 a       183     0    10     1     3
     -0.3835224021 a       184     0    10     1     4
     -0.2287825484 a       185     0    10     1     5
      0.3031372993 a       186     0    10     1     6
     -0.1294594205 a       187     0    10     1     7
      0.1234584285 a       188     0    10     1     8
      0.0305681969 a       189     0    10     1     9
     -0.0268161822 a       190     0    10     1    10
     -0.3307987329 a       191     0    10     1    11
     -0.4168393254 a       192     0    10     1    12
      0.2682297331 a       193     0    10     1    13
     -0.2041488448 a       194     0    10     1    14
      0.3354962063 a       195     0    10     1    15
      0.4448263048 a       196     0    10     1    16
     -0.2079769055 a       197     0    10     1    17
     -0.4213767458 a       198     0    10     1    18
     -0.3624554144 a       199     0    10     1    19
      0.1894328617 a       200     0    10     1    20
     -0.3613223982 a       201     0    11     1     1
     -0.0636875732 a       202     0    11     1     2
     -0.3154491586 a       203     0    11     1     3
     -0.1178738309 a       204     0    11     1     4
      0.2906386093 a       205     0    11     1     5
     -0.1506429508 a       206     0    11     1     6
     -0.3148254431 a       207     0    11     1     7
      0.1539348927 a       208     0    11     1     8
     -0.1163552867 a       209     0    11     1     9
      0.3567471301 a       210     0    11     1    10
     -0.3350898855 a       211     0    11     1    11
      0.2758153050 a       212     0    11     1    12
      0.1000350739 a       213     0    11     1    13
     -0.1466210834 a       214     0    11     1    14
     -0.2303193433 a       215     0    11     1    15
     -0.1455415285 a       216     0    11     1    16
     -0.4253766482 a       217     0    11     1    17
     -0.4587269113 a       218     0    11     1    18
     -0.4052726137 a       219     0    11     1    19
      0.2745812613 a       220     0    11     1    20
     -0.1941949013 a       221     0    12     1     1
      0.4492126295 a       222     0    12     1     2
     -0.3070331306 a       223     0    12     1     3
     -0.3649852263 a       224     0    12     1     4
     -0.1148147058 a       225     0    12     1     5
      0.3402724879 a       226     0    12     1     6
     -0.0132472313 a       227     0    12     1     7
     -0.4482756761 a       228     0    12     1     8
      0.3275575983 a       229     0    12     1     9
     -0.0404887294 a       230     0    12     1    10
      0.3686189186 a       231     0    12     1    11
      0.1877962277 a       232     0    12     1    12
     -0.1537844827 a       233     0    12     1    13
     -0.4825984348 a       234     0    12     1    14
      0.3550820946 a       235     0    12     1    15
     -0.0829381600 a       236     0    12     1    16
     -0.1970629176 a       237     0    12     1    17
      0.0634435541 a       238     0    12     1    18
     -0.1648828465 a       239     0    12     1    19
      0.4352206270 a       240     0    12     1    20
     -0.1707043760 a       241     0    13     1     1
      0.4057847893 a       242     0    13     1     2
      0.3754279378 a       243     0    13     1     3
     -0.3072950125 a       244     0    13     1     4
      0.4385962629 a       245     0    13     1     5
      0.2685867914 a       246     0    13     1     6
      0.4754868277 a       247     0    13     1     7
      0.2448992779 a       248     0    13     1     8
      0.1200968656 a       249     0    13     1     9
      0.1256937844 a       250     0    13     1    10
      0.2128852057 a       251     0    13     1    11
     -0.3881201049 a       252     0    13     1    12
     -0.2706088581 a       253     0    13     1    13
     -0.2745437001 a       254     0    13     1    14
     -0.0365920817 a       255     0    13     1    15
      0.3576625833 a       256     0    13     1    16
      0.2155568780 a       257     0    13     1    17
     -0.4596986641 a       258     0    13     1    18
     -0.1363742212 a       259     0    13     1    19
      0.4132623948 a       260     0    13     1    20
      0.4610415236 a       261     0    14     1     1
      0.1390034464 a       262     0    14     1     2
      0.1008286657 a       263     0    14     1     3
     -0.0482294193 a       264     0    14     1     4
      0.2772074029 a       265     0    14     1     5
     -0.2777169522 a       266     0    14     1     6
     -0.1809917072 a       267     0    14     1     7
     -0.1919134946 a       268     0    14     1     8
     -0.3299518053 a       269     0    14     1     9
      0.3645106628 a       270     0    14     1    10
      0.3319226160 a       271     0    14     1    11
     -0.2338662564 a       272     0    14     1    12
     -0.1101137879 a       273     0    14     1    13
     -0.1338742913 a       274     0    14     1    14
     -0.1176222901 a       275     0    14     1    15
     -0.4790978267 a       276     0    14     1    16
     -0.1931329513 a       277     0    14     1    17
     -0.2630458234 a       278     0    14     1    18
     -0.3592885941 a       279     0    14     1    19
      0.2790683064 a       280     0    14     1    20
      0.4656024376 a       281     0    15     1     1
     -0.2603880446 a       282     0    15     1     2
     -0.2643407221 a       283     0    15     1     3
      0.4337971960 a       284     0    15     1     4
     -0.3691467618 a       285     0    15     1     5
     -0.3773735608 a       286     0    15     1     6
     -0.4589500861 a       287     0    15     1     7
     -0.0616814324 a       288     0    15     1     8
      0.3154498134 a       289     0    15     1     9
      0.4052085061 a       290     0    15     1    10
      0.2457684961 a       291     0    15     1    11
      0.2365157167 a       292     0    15     1    12
      0.2922193044 a       293     0    15     1    13
     -0.0778827145 a       294     0    15     1    14
     -0.4634464942 a       295     0    15     1    15
     -0.2283950171 a       296     0    15     1    16
     -0.2203242776 a       297     0    15     1    17
      0.1396771378 a       298     0    15     1    18
     -0.1312416070 a       299     0    15     1    19
     -0.2554824842 a       300     0    15     1    20
     -0.1333092856 a       301     0    16     1     1
      0.3271423235 a       302     0    16     1     2
     -0.2582756496 a       303     0    16     1     3
     -0.4574578088 a       304     0    16     1     4
     -0.0307960474 a       305     0    16     1     5
      0.3080943912 a       306     0    16     1     6
      0.4332331921 a       307     0    16     1     7
     -0.2289101907 a       308     0    16     1     8
     -0.3141543319 a       309     0    16     1     9
     -0.3476224830 a       310     0    16     1    10
      0.3197050867 a       311     0    16     1    11
     -0.0895590375 a       312     0    16     1    12
     -0.5213239140 a       313     0    16     1    13
     -0.0344926885 a       314     0    16     1    14
      0.2927114373 a       315     0    16     1    15
     -0.2902911641 a       316     0    16     1    16
     -0.3575928429 a       317     0    16     1    17
     -0.2226837134 a       318     0    16     1    18
     -0.3969047719 a       319     0    16     1    19
     -0.1244015077 a       320     0    16     1    20
     -0.3745610259 a       321     0    17     1     1
     -0.1505669656 a       322     0    17     1     2
     -0.3010419894 a       323     0    17     1     3
      0.3425899008 a       324     0    17     1     4
     -0.2295955489 a       325     0    17     1     5
      0.3394422352 a       326     0    17     1     6
     -0.3391628950 a       327     0    17     1     7
      0.0648005776 a       328     0    17     1     8
      0.2101386415 a       329     0    17     1     9
      0.3718096374 a       330     0    17     1    10
     -0.3703254826 a       331     0    17     1    11
     -0.1109637046 a       332     0    17     1    12
     -0.3342330533 a       333     0    17     1    13
      0.1117388180 a       334     0    17     1    14
     -0.2958541080 a       335     0    17     1    15
     -0.0012031549 a       336     0    17     1    16
      0.3692636770 a       337     0    17     1    17
     -0.0500655782 a       338     0    17     1    18
      0.1011292496 a       339     0    17     1    19
      0.3709411887 a       340     0    17     1    20
     -0.2026522117 a       341     0    18     1     1
      0.2023762604 a       342     0    18     1     2
     -0.3780004345 a       343     0    18     1     3
     -0.3585232130 a       344     0    18     1     4
     -0.4431325671 a       345     0    18     1     5
      0.2084832594 a       346     0    18     1     6
      0.0049284666 a       347     0    18     1     7
      0.4607237945 a       348     0    18     1     8
      0.3570133005 a       349     0    18     1     9
      0.0979815635 a       350     0    18     1    10
      0.2529793626 a       351     0    18     1    11
     -0.4191240385 a       352     0    18     1    12
      0.3322098560 a       353     0    18     1    13
     -0.0770871723 a       354     0    18     1    14
      0.3799181533 a       355     0    18     1    15
      0.3977668511 a       356     0    18     1    16
      0.4459549663 a       357     0    18     1    17
      0.1196807828 a       358     0    18     1    18
      0.2487283192 a       359     0    18     1    19
      0.2269892030 a       360     0    18     1    20
     -0.2699661371 a       361     0    19     1     1
      0.1266150599 a       362     0    19     1     2
     -0.4284154375 a       363     0    19     1     3
     -0.3460616140 a       364     0    19     1     4
     -0.2412440716 a       365     0    19     1     5
      0.0348596829 a       366     0    19     1     6
      0.0758232984 a       367     0    19     1     7
     -0.3640720753 a       368     0    19     1     8
      0.1652412400 a       369     0    19     1     9
      0.4037227457 a       370     0    19     1    10
     -0.4091734881 a       371     0    19     1    11
     -0.3056171838 a       372     0    19     1    12
     -0.0514906254 a       373     0    19     1    13
      0.0203434527 a       374     0    19     1    14
     -0.2005258461 a       375     0    19     1    15
     -0.3136748171 a       376     0    19     1    16
      0.4187713559 a       377     0    19     1    17
     -0.2632473268 a       378     0    19     1    18
     -0.0445370078 a       379     0    19     1    19
      0.1609580785 a       380     0    19     1    20
     -0.3755999265 a       381     0    20     1     1
      0.4016373942 a       382     0    20     1     2
      0.1935198581 a       383     0    20     1     3
      0.2057742555 a       384     0    20     1     4
     -0.1012092906 a       385     0    20     1     5
     -0.2560036906 a       386     0    20     1     6
     -0.0074532276 a       387     0    20     1     7
      0.1921352467 a       388     0    20     1     8
      0.2816340741 a       389     0    20     1     9
     -0.2182505199 a       390     0    20     1    10
     -0.1637077379 a       391     0    20     1    11
     -0.0856586671 a       392     0    20     1    12
      0.0071417631 a       393     0    20     1    13
      0.3278423310 a       394     0    20     1    14
     -0.2568804377 a       395     0    20     1    15
     -0.2417462135 a       396     0    20     1    16
      0.2624991237 a       397     0    20     1    17
      0.1789870725 a       398     0    20     1    18
     -0.3418688999 a       399     0    20     1    19
      0.3340838667 a       400     0    20     1    20
      0.1597881943 a       401     0    21     1     1
     -0.1317079816 a       402     0    21     1     2
     -0.3017249226 a       403     0    21     1     3
     -0.0377569017 a       404     0    21     1     4
     -0.1344771632 a       405     0    21     1     5
     -0.3812366870 a       406     0    21     1     6
      0.1401067947 a       407     0    21     1     7
     -0.2666910068 a       408     0    21     1     8
     -0.2650832526 a       409     0    21     1     9
     -0.1677169699 a       410     0    21     1    10
      0.3452701023 a       411     0    21     1    11
      0.0751167850 a       412     0    21     1    12
      0.3465342325 a       413     0    21     1    13
      0.1643256954 a       414     0    21     1    14
     -0.1273410529 a       415     0    21     1    15
     -0.0309601347 a       416     0    21     1    16
      0.1947598088 a       417     0    21     1    17
     -0.2119683352 a       418     0    21     1    18
     -0.0262760777 a       419     0    21     1    19
     -0.1291559785 a       420     0    21     1    20
      0.3973106010 a       421     0    22     1     1
      0.1290474188 a       422     0    22     1     2
     -0.1757098346 a       423     0    22     1     3
      0.0218354993 a       424     0    22     1     4
     -0.3480318730 a       425     0    22     1     5
      0.1004748688 a       426     0    22     1     6
      0.3895439639 a       427     0    22     1     7
      0.0575055580 a       428     0    22     1     8
      0.2687844149 a       429     0    22     1     9
      0.0572768556 a       430     0    22     1    10
      0.2224281978 a       431     0    22     1    11
      0.2933570947 a       432     0    22     1    12
      0.0886164940 a       433     0    22     1    13
      0.1459193004 a       434     0    22     1    14
     -0.2015315317 a       435     0    22     1    15
     -0.4070969169 a       436     0    22     1    16
     -0.1356875233 a       437     0    22     1    17
      0.2164063735 a       438     0    22     1    18
     -0.0483082614 a       439     0    22     1    19
     -0.4172507574 a       440     0    22     1    20
     -0.1732959198 a       441     0    23     1     1
      0.0563957016 a       442     0    23     1     2
     -0.3463612241 a       443     0    23     1     3
     -0.1429899335 a       444     0    23     1     4
     -0.4420314046 a       445     0    23     1     5
      0.4476948904 a       446     0    23     1     6
     -0.2326628464 a       447     0    23     1     7
      0.0246982535 a       448     0    23     1     8
     -0.0725704629 a       449     0    23     1     9
     -0.3282479286 a       450     0    23     1    10
     -0.2993298475 a       451     0    23     1    11
      0.0958384872 a       452     0    23     1    12
     -0.5471467599 a       453     0    23     1    13
     -0.2247228815 a       454     0    23     1    14
      0.0942126782 a       455     0    23     1    15
     -0.1691976878 a       456     0    23     1    16
     -0.2446874570 a       457     0    23     1    17
     -0.3754163971 a       458     0    23     1    18
     -0.3243674186 a       459     0    23     1    19
     -0.1571160879 a       460     0    23     1    20
      0.5258312578 a       461     0    24     1     1
     -0.1362234430 a       462     0    24     1     2
     -0.3387879583 a       463     0    24     1     3
      0.2887679038 a       464     0    24     1     4
     -0.3957574231 a       465     0    24     1     5
     -0.0497618065 a       466     0    24     1     6
     -0.3975273784 a       467     0    24     1     7
     -0.1537841398 a       468     0    24     1     8
     -0.1815811470 a       469     0    24     1     9
     -0.2177175260 a       470     0    24     1    10
     -0.1313209949 a       471     0    24     1    11
     -0.3175247764 a       472     0    24     1    12
     -0.0029417437 a       473     0    24     1    13
     -0.0262790099 a       474     0    24     1    14
      0.1409958950 a       475     0    24     1    15
     -0.4210566614 a       476     0    24     1    16
     -0.0247966984 a       477     0    24     1    17
      0.2875739515 a       478     0    24     1    18
     -0.3694059510 a       479     0    24     1    19
      0.2637136428 a       480     0    24     1    20
      0.0991858871 a       481     0    25     1     1
      0.1678698559 a       482     0    25     1     2
      0.3402057428 a       483     0    25     1     3
      0.4155247789 a       484     0    25     1     4
      0.0816403392 a       485     0    25     1     5
      0.1854571099 a       486     0    25     1     6
     -0.4152268173 a       487     0    25     1     7
      0.2184362753 a       488     0    25     1     8
     -0.2174736599 a       489     0    25     1     9
      0.0148331212 a       490     0    25     1    10
      0.1769155463 a       491     0    25     1    11
     -0.3718310645 a       492     0    25     1    12
      0.4213350469 a       493     0    25     1    13
     -0.1735808747 a       494     0    25     1    14
     -0.1943333642 a       495     0    25     1    15
     -0.2067928111 a       496     0    25     1    16
      0.3651267719 a       497     0    25     1    17
      0.3876306838 a       498     0    25     1    18
      0.0480172045 a       499     0    25     1    19
      0.3571901175 a       500     0    25     1    20
     -0.0690300168 a       501     0    26     1     1
      0.4477930657 a       502     0    26     1     2
      0.2315774995 a       503     0    26     1     3
     -0.0720103801 a       504     0    26     1     4
     -0.2074240503 a       505     0    26     1     5
      0.3045091217 a       506     0    26     1     6
      0.2013606710 a       507     0    26     1     7
     -0.3265552218 a       508     0    26     1     8
      0.3986675437 a       509     0    26     1     9
      0.2973612680 a       510     0    26     1    10
     -0.2872487136 a       511     0    26     1    11
      0.2353030441 a       512     0    26     1    12
     -0.4532690336 a       513     0    26     1    13
      0.5042551541 a       514     0    26     1    14
     -0.0478813719 a       515     0    26     1    15
     -0.3121929757 a       516     0    26     1    16
     -0.1583104427 a       517     0    26     1    17
      0.2619732212 a       518     0    26     1    18
     -0.1792923845 a       519     0    26     1    19
     -0.2181320077 a       520     0    26     1    20
      0.3579735932 a       521     0    27     1     1
      0.4208855224 a       522     0    27     1     2
      0.4162289164 a       523     0    27     1     3
      0.1777551907 a       524     0    27     1     4
      0.4417365698 a       525     0    27     1     5
      0.0737910071 a       526     0    27     1     6
      0.3711663807 a       527     0    27     1     7
     -0.4198242966 a       528     0    27     1     8
      0.1138206622 a       529     0    27     1     9
      0.3753295249 a       530     0    27     1    10
      0.3912824554 a       531     0    27     1    11
     -0.3121754868 a       532     0    27     1    12
      0.1878373248 a       533     0    27     1    13
     -0.5179322542 a       534     0    27     1    14
      0.1447748075 a       535     0    27     1    15
      0.0493621618 a       536     0    27     1    16
     -0.2923620331 a       537     0    27     1    17
      0.1630699308 a       538     0    27     1    18
      0.4005446118 a       539     0    27     1    19
      0.4322548008 a       540     0    27     1    20
      0.2827723376 a       541     0    28     1     1
     -0.4058427748 a       542     0    28     1     2
     -0.4369081224 a       543     0    28     1     3
     -0.4764585409 a       544     0    28     1     4
     -0.2182641646 a       545     0    28     1     5
     -0.1161068924 a       546     0    28     1     6
     -0.2194875112 a       547     0    28     1     7
      0.2241623318 a       548     0    28     1     8
     -0.2251479197 a       549     0    28     1     9
      0.3686216976 a       550     0    28     1    10
     -0.3913548078 a       551     0    28     1    11
     -0.1199351064 a       552     0    28     1    12
     -0.2335658029 a       553     0    28     1    13
     -0.4020032227 a       554     0    28     1    14
      0.0216799537 a       555     0    28     1    15
     -0.0212548605 a       556     0    28     1    16
      0.2610837600 a       557     0    28     1    17
     -0.3049245323 a       558     0    28     1    18
      0.0103256543 a       559     0    28     1    19
     -0.3412976698 a       560     0    28     1    20
     -0.1012532852 a       561     0    29     1     1
      0.1717144934 a       562     0    29     1     2
     -0.0720614846 a       563     0    29     1     3
      0.1420497507 a       564     0    29     1     4
      0.0868329859 a       565     0    29     1     5
     -0.2271623766 a       566     0    29     1     6
     -0.1214893415 a       567     0    29     1     7
     -0.0038973322 a       568     0    29     1     8
     -0.3955471304 a       569     0    29     1     9
      0.1368931177 a       570     0    29     1    10
      0.1683222944 a       571     0    29     1    11
     -0.1858431247 a       572     0    29     1    12
      0.4669598655 a       573     0    29     1    13
      0.0703249714 a       574     0    29     1    14
      0.3327912171 a       575     0    29     1    15
      0.1601027468 a       576     0    29     1    16
     -0.3210054773 a       577     0    29     1    17
      0.3711516959 a       578     0    29     1    18
     -0.4142424042 a       579     0    29     1    19
      0.2258637895 a       580     0    29     1    20
     -0.2273288535 a       581     0    30     1     1
     -0.2687134581 a       582     0    30     1     2
     -0.2268332010 a       583     0    30     1     3
      0.1719096536 a       584     0    30     1     4
     -0.3758002498 a       585     0    30     1     5
      0.1475490304 a       586     0    30     1     6
      0.1573421875 a       587     0    30     1     7
      0.1676767906 a       588     0    30     1     8
     -0.3344813113 a       589     0    30     1     9
     -0.1248445828 a       590     0    30     1    10
      0.2875670020 a       591     0    30     1    11
      0.0864345468 a       592     0    30     1    12
      0.2432309045 a       593     0    30     1    13
      0.2825118924 a       594     0    30     1    14
      0.2605218495 a       595     0    30     1    15
     -0.4654550709 a       596     0    30     1    16
      0.2122345979 a       597     0    30     1    17
      0.2243187998 a       598     0    30     1    18
      0.2157335256 a       599     0    30     1    19
      0.2033810676 a       600     0    30     1    20
      0.0662540739 a       601     0    31     1     1
      0.3474061263 a       602     0    31     1     2
     -0.1230250923 a       603     0    31     1     3
      0.1956354842 a       604     0    31     1     4
      0.1424167850 a       605     0    31     1     5
     -0.4467532901 a       606     0    31     1     6
     -0.3447537843 a       607     0    31     1     7
     -0.0420760700 a       608     0    31     1     8
     -0.4281761384 a       609     0    31     1     9
     -0.3838023303 a       610     0    31     1    10
      0.0475582212 a       611     0    31     1    11
      0.3321412180 a       612     0    31     1    12
      0.1414300971 a       613     0    31     1    13
      0.4054870353 a       614     0    31     1    14
     -0.3533885170 a       615     0    31     1    15
      0.1828647141 a       616     0    31     1    16
      0.1236250290 a       617     0    31     1    17
     -0.2661380527 a       618     0    31     1    18
      0.2379019797 a       619     0    31     1    19
     -0.1061465926 a       620     0    31     1    20
      1.3656408675 b       621     1     1
      0.5428403840 b       622     1     2
      0.7741614521 b       623     1     3
     -0.4315596273 b       624     1     4
      0.5608608999 b       625     1     5
      1.4227638818 b       626     1     6
      1.4586179222 b       627     1     7
     -0.4213580258 b       628     1     8
     -0.7090802314 b       629     1     9
     -0.6027422460 b       630     1    10
      0.9413229213 b       631     1    11
     -0.5644279171 b       632     1    12
      0.3175860754 b       633     1    13
     -0.8822053327 b       634     1    14
      1.0735452629 b       635     1    15
      1.1708805317 b       636     1    16
     -0.5675684357 b       637     1    17
     -0.0281818073 b       638     1    18
      1.2886731365 b       639     1    19
     -0.8176601583 b       640     1    20
      0.0969487527 a       641     1     1     2     1
     -0.3067520645 a       642     1     1     2     2
     -0.5354643733 a       643     1     1     2     3
     -0.2052676505 a       644     1     1     2     4
      0.1118005922 a       645     1     1     2     5
     -0.5291064541 a       646     1     1     2     6
     -0.3421079873 a       647     1     1     2     7
      0.1652759434 a       648     1     1     2     8
      0.0333571193 a       649     1     1     2     9
      0.1559536773 a       650     1     1     2    10
     -0.4256049360 a       651     1     1     2    11
     -0.6112812805 a       652     1     1     2    12
      0.0664439585 a       653     1     1     2    13
     -0.3800578826 a       654     1     1     2    14
      0.3309870200 a       655     1     1     2    15
      0.3164940691 a       656     1     1     2    16
      0.0556749382 a       657     1     1     2    17
     -0.1124736381 a       658     1     1     2    18
      0.5460879867 a       659     1     1     2    19
      0.0948093428 a       660     1     1     2    20
     -0.3257432264 a       661     1     2     2     1
      0.4779441572 a       662     1     2     2     2
      0.5365806607 a       663     1     2     2     3
      0.0883666747 a       664     1     2     2     4
     -0.6590852374 a       665     1     2     2     5
      0.0221553193 a       666     1     2     2     6
     -0.1684088758 a       667     1     2     2     7
      0.3011452353 a       668     1     2     2     8
     -0.3786228835 a       669     1     2     2     9
      0.3149388113 a       670     1     2     2    10
      0.4746857942 a       671     1     2     2    11
     -0.4529002899 a       672     1     2     2    12
      0.2657925529 a       673     1     2     2    13
      0.0948576319 a       674     1     2     2    14
      0.1735679936 a       675     1     2     2    15
     -0.2241457964 a       676     1     2     2    16
     -0.0519597623 a       677     1     2     2    17
      0.5419916396 a       678     1     2     2    18
      0.3949834488 a       679     1     2     2    19
     -0.4492305080 a       680     1     2     2    20
     -0.4246610320 a       681     1     3     2     1
     -0.2658803056 a       682     1     3     2     2
     -0.0530035056 a       683     1     3     2     3
     -0.4617873904 a       684     1     3     2     4
     -0.2015434493 a       685     1     3     2     5
     -0.3039433482 a       686     1     3     2     6
     -0.2637745736 a       687     1     3     2     7
     -0.1716733949 a       688     1     3     2     8
     -0.1137783348 a       689     1     3     2     9
      0.6335921086 a       690     1     3     2    10
      0.6568246178 a       691     1     3     2    11
      0.0614188882 a       692     1     3     2    12
      0.0535240474 a       693     1     3     2    13
     -0.3459519281 a       694     1     3     2    14
     -0.2645075943 a       695     1     3     2    15
      0.1521161882 a       696     1     3     2    16
      0.0350521974 a       697     1     3     2    17
      0.1526937412 a       698     1     3     2    18
      0.0737230139 a       699     1     3     2    19
      0.4396553504 a       700     1     3     2    20
      0.5669917585 a       701     1     4     2     1
     -0.4851647692 a       702     1     4     2     2
      0.4431949430 a       703     1     4     2     3
      0.4025994581 a       704     1     4     2     4
     -0.3581715117 a       705     1     4     2     5
      0.4025890341 a       706     1     4     2     6
     -0.5424552285 a       707     1     4     2     7
     -0.2056671443 a       708     1     4     2     8
      0.5496804448 a       709     1     4     2     9
     -0.0161593178 a       710     1     4     2    10
     -0.2395929868 a       711     1     4     2    11
      0.3941791787 a       712     1     4     2    12
      0.4944714021 a       713     1     4     2    13
     -0.0636975249 a       714     1     4     2    14
     -0.1125191686 a       715     1     4     2    15
     -0.5821881953 a       716     1     4     2    16
     -0.0801332839 a       717     1     4     2    17
     -0.5741690396 a       718     1     4     2    18
      0.5271573309 a       719     1     4     2    19
     -0.3429601904 a       720     1     4     2    20
      0.3811916202 a       721     1     5     2     1
     -0.6484343889 a       722     1     5     2     2
      0.4750352995 a       723     1     5     2     3
      0.4235660066 a       724     1     5     2     4
     -0.2531083363 a       725     1     5     2     5
     -0.3979262188 a       726     1     5     2     6
     -0.1142573750 a       727     1     5     2     7
      0.0801900328 a       728     1     5     2     8
      0.2175620639 a       729     1     5     2     9
     -0.1910792530 a       730     1     5     2    10
     -0.5392818197 a       731     1     5     2    11
      0.4878214189 a       732     1     5     2    12
     -0.4306119876 a       733     1     5     2    13
      0.4470558043 a       734     1     5     2    14
     -0.0725703401 a       735     1     5     2    15
     -0.2860873117 a       736     1     5     2    16
     -0.0959844085 a       737     1     5     2    17
      0.1607514390 a       738     1     5     2    18
     -0.5631424645 a       739     1     5     2    19
     -0.0042114488 a       740     1     5     2    20
     -0.2751679011 a       741     1     6     2     1
     -0.0389874258 a       742     1     6     2     2
     -0.4543831037 a       743     1     6     2     3
      0.3235263171 a       744     1     6     2     4
     -0.0194759205 a       745     1     6     2     5
     -0.2937132357 a       746     1     6     2     6
     -0.4451812800 a       747     1     6     2     7
     -0.1375742965 a       748     1     6     2     8
     -0.4956091687 a       749     1     6     2     9
     -0.5913797591 a       750     1     6     2    10
     -0.1997651748 a       751     1     6     2    11
      0.0479398669 a       752     1     6     2    12
      0.4254435299 a       753     1     6     2    13
     -0.1804316167 a       754     1     6     2    14
      0.0034407718 a       755     1     6     2    15
     -0.3858664235 a       756     1     6     2    16
     -0.1875232058 a       757     1     6     2    17
     -0.2194207987 a       758     1     6     2    18
      0.4603160821 a       759     1     6     2    19
      0.4928814001 a       760     1     6     2    20
      0.3392869211 a       761     1     7     2     1
     -0.4001233153 a       762     1     7     2     2
      0.3440885889 a       763     1     7     2     3
      0.0192330703 a       764     1     7     2     4
     -0.1014585070 a       765     1     7     2     5
     -0.0019404043 a       766     1     7     2     6
      0.4281628022 a       767     1     7     2     7
     -0.4009638172 a       768     1     7     2     8
     -0.1058015260 a       769     1     7     2     9
     -0.0241630091 a       770     1     7     2    10
     -0.5397027155 a       771     1     7     2    11
      0.5756208687 a       772     1     7     2    12
      0.3157878150 a       773     1     7     2    13
     -0.4657660837 a       774     1     7     2    14
     -0.4492295183 a       775     1     7     2    15
      0.3237423499 a       776     1     7     2    16
      0.7193965136 a       777     1     7     2    17
      0.1578245681 a       778     1     7     2    18
     -0.1705811848 a       779     1     7     2    19
      0.3723233406 a       780     1     7     2    20
      0.5481693741 a       781     1     8     2     1
      0.4940841108 a       782     1     8     2     2
      0.4523090339 a       783     1     8     2     3
      0.3740629065 a       784     1     8     2     4
     -0.1463072542 a       785     1     8     2     5
     -0.1119857107 a       786     1     8     2     6
      0.5697518864 a       787     1     8     2     7
      0.0601813078 a       788     1     8     2     8
     -0.4999886995 a       789     1     8     2     9
      0.6561187759 a       790     1     8     2    10
     -0.0271413274 a       791     1     8     2    11
     -0.0739746065 a       792     1     8     2    12
     -0.4964326156 a       793     1     8     2    13
      0.4943180248 a       794     1     8     2    14
      0.4213334495 a       795     1     8     2    15
      0.5348006130 a       796     1     8     2    16
     -0.3964297021 a       797     1     8     2    17
      0.3075731968 a       798     1     8     2    18
      0.0192529267 a       799     1     8     2    19
     -0.0322000010 a       800     1     8     2    20
     -0.1171181397 a       801     1     9     2     1
      0.3648806212 a       802     1     9     2     2
      0.0701283373 a       803     1     9     2     3
     -0.4125878724 a       804     1     9     2     4
      0.5649936994 a       805     1     9     2     5
      0.5016293678 a       806     1     9     2     6
     -0.5680863418 a       807     1     9     2     7
      0.5894643151 a       808     1     9     2     8
     -0.0788150347 a       809     1     9     2     9
     -0.5823128225 a       810     1     9     2    10
      0.4585252916 a       811     1     9     2    11
      0.3325739834 a       812     1     9     2    12
     -0.0591798074 a       813     1     9     2    13
     -0.1866203800 a       814     1     9     2    14
      0.1968017722 a       815     1     9     2    15
      0.2284175605 a       816     1     9     2    16
      0.0001088216 a       817     1     9     2    17
      0.3373294207 a       818     1     9     2    18
     -0.5280374649 a       819     1     9     2    19
     -0.1124897511 a       820     1     9     2    20
     -0.0004717468 a       821     1    10     2     1
      0.1338251124 a       822     1    10     2     2
      0.3536598083 a       823     1    10     2     3
     -0.1021628554 a       824     1    10     2     4
      0.5389718829 a       825     1    10     2     5
      0.1674135244 a       826     1    10     2     6
     -0.3030265844 a       827     1    10     2     7
     -0.2231514866 a       828     1    10     2     8
      0.0923346739 a       829     1    10     2     9
      0.1032314377 a       830     1    10     2    10
      0.4360004033 a       831     1    10     2    11
      0.3868659219 a       832     1    10     2    12
     -0.5067792041 a       833     1    10     2    13
     -0.4663114473 a       834     1    10     2    14
     -0.6100867793 a       835     1    10     2    15
      0.2088715976 a       836     1    10     2    16
      0.0506864630 a       837     1    10     2    17
      0.1709680545 a       838     1    10     2    18
     -0.5134127157 a       839     1    10     2    19
      0.5099355218 a       840     1    10     2    20
     -0.4832982058 a       841     1    11     2     1
      0.3870765364 a       842     1    11     2     2
      0.2344897476 a       843     1    11     2     3
     -0.1793442150 a       844     1    11     2     4
      0.0503804424 a       845     1    11     2     5
     -0.5867550188 a       846     1    11     2     6
     -0.1867390111 a       847     1    11     2     7
      0.2271383441 a       848     1    11     2     8
      0.0908839633 a       849     1    11     2     9
      0.2142934713 a       850     1    11     2    10
     -0.2562058206 a       851     1    11     2    11
     -0.4633779227 a       852     1    11     2    12
      0.4046565601 a       853     1    11     2    13
     -0.1265215915 a       854     1    11     2    14
      0.2975916339 a       855     1    11     2    15
      0.0050228039 a       856     1    11     2    16
     -0.4642679635 a       857     1    11     2    17
     -0.2759022194 a       858     1    11     2    18
      0.2550202313 a       859     1    11     2    19
      0.4628378037 a       860     1    11     2    20
     -0.4342961258 a       861     1    12     2     1
     -0.1350760343 a       862     1    12     2     2
     -0.2832736068 a       863     1    12     2     3
     -0.4214967282 a       864     1    12     2     4
      0.2682892659 a       865     1    12     2     5
      0.4171602149 a       866     1    12     2     6
      0.3746980747 a       867     1    12     2     7
      0.1907053498 a       868     1    12     2     8
      0.4698083328 a       869     1    12     2     9
      0.1053580001 a       870     1    12     2    10
     -0.2815536146 a       871     1    12     2    11
     -0.5177524099 a       872     1    12     2    12
     -0.3267887392 a       873     1    12     2    13
      0.4972532500 a       874     1    12     2    14
     -0.4096461107 a       875     1    12     2    15
     -0.3872839236 a       876     1    12     2    16
     -0.5283406680 a       877     1    12     2    17
      0.3784785374 a       878     1    12     2    18
      0.0894748301 a       879     1    12     2    19
     -0.0737425621 a       880     1    12     2    20
     -0.4213743281 a       881     1    13     2     1
     -0.1802333365 a       882     1    13     2     2
     -0.4179064936 a       883     1    13     2     3
      0.5606217287 a       884     1    13     2     4
      0.7288407144 a       885     1    13     2     5
     -0.4991431763 a       886     1    13     2     6
     -0.1301703457 a       887     1    13     2     7
     -0.6074765850 a       888     1    13     2     8
     -0.5168935623 a       889     1    13     2     9
      0.4197789019 a       890     1    13     2    10
      0.2413256800 a       891     1    13     2    11
     -0.0080258176 a       892     1    13     2    12
     -0.4019701572 a       893     1    13     2    13
      0.1236004239 a       894     1    13     2    14
     -0.4969076470 a       895     1    13     2    15
      0.5068525152 a       896     1    13     2    16
     -0.2134459005 a       897     1    13     2    17
     -0.4442359767 a       898     1    13     2    18
     -0.1796264458 a       899     1    13     2    19
     -0.4420244974 a       900     1    13     2    20
     -0.3668018493 a       901     1    14     2     1
     -0.0955208450 a       902     1    14     2     2
      0.4258448844 a       903     1    14     2     3
     -0.3564782831 a       904     1    14     2     4
      0.1799521329 a       905     1    14     2     5
     -0.2828871096 a       906     1    14     2     6
     -0.0357781599 a       907     1    14     2     7
     -0.3110393687 a       908     1    14     2     8
     -0.2586143326 a       909     1    14     2     9
      0.5004944393 a       910     1    14     2    10
      0.1036778397 a       911     1    14     2    11
     -0.0566633656 a       912     1    14     2    12
     -0.0186944184 a       913     1    14     2    13
     -0.3185779548 a       914     1    14     2    14
      0.4779378168 a       915     1    14     2    15
     -0.2624097989 a       916     1    14     2    16
     -0.2088411262 a       917     1    14     2    17
      0.1648579941 a       918     1    14     2    18
      0.2061789512 a       919     1    14     2    19
     -0.5227274550 a       920     1    14     2    20
      0.2131999209 a       921     1    15     2     1
     -0.2456201762 a       922     1    15     2     2
      0.4708285136 a       923     1    15     2     3
     -0.3692660480 a       924     1    15     2     4
     -0.4895636048 a       925     1    15     2     5
      0.2549943901 a       926     1    15     2     6
      0.4625740958 a       927     1    15     2     7
     -0.7056401288 a       928     1    15     2     8
      0.4242238575 a       929     1    15     2     9
      0.0589304264 a       930     1    15     2    10
     -0.1111930489 a       931     1    15     2    11
     -0.0292335555 a       932     1    15     2    12
     -0.4967280566 a       933     1    15     2    13
     -0.2931127934 a       934     1    15     2    14
      0.0442639425 a       935     1    15     2    15
     -0.5570012285 a       936     1    15     2    16
      0.6188440593 a       937     1    15     2    17
      0.3024139124 a       938     1    15     2    18
     -0.1185107028 a       939     1    15     2    19
     -0.0985429932 a       940     1    15     2    20
     -0.3763933259 a       941     1    16     2     1
     -0.4477986015 a       942     1    16     2     2
      0.0915246468 a       943     1    16     2     3
     -0.5165987249 a       944     1    16     2     4
     -0.0686249473 a       945     1    16     2     5
      0.4288833839 a       946     1    16     2     6
      0.5508168368 a       947     1    16     2     7
     -0.2342736879 a       948     1    16     2     8
      0.3910876322 a       949     1    16     2     9
     -0.0483620920 a       950     1    16     2    10
     -0.2402934162 a       951     1    16     2    11
      0.1308493486 a       952     1    16     2    12
      0.3034838039 a       953     1    16     2    13
      0.3764646279 a       954     1    16     2    14
     -0.2488933891 a       955     1    16     2    15
      0.4488673214 a       956     1    16     2    16
      0.4233247578 a       957     1    16     2    17
      0.0175657343 a       958     1    16     2    18
      0.1380868061 a       959     1    16     2    19
     -0.3928915522 a       960     1    16     2    20
      0.1523254063 a       961     1    17     2     1
     -0.5367247386 a       962     1    17     2     2
     -0.4334472427 a       963     1    17     2     3
      0.2534294916 a       964     1    17     2     4
      0.5838375461 a       965     1    17     2     5
      0.5069397019 a       966     1    17     2     6
      0.3133985433 a       967     1    17     2     7
     -0.0808704158 a       968     1    17     2     8
     -0.0689856909 a       969     1    17     2     9
     -0.5964108672 a       970     1    17     2    10
     -0.1441375642 a       971     1    17     2    11
     -0.1127954740 a       972     1    17     2    12
      0.0078906100 a       973     1    17     2    13
      0.4523050489 a       974     1    17     2    14
     -0.6174486244 a       975     1    17     2    15
      0.5438379684 a       976     1    17     2    16
     -0.4217615892 a       977     1    17     2    17
     -0.3049304782 a       978     1    17     2    18
      0.3408278325 a       979     1    17     2    19
     -0.4563562448 a       980     1    17     2    20
     -0.1591080790 a       981     1    18     2     1
      0.2890029072 a       982     1    18     2     2
      0.0274687275 a       983     1    18     2     3
     -0.1876175616 a       984     1    18     2     4
      0.0723812023 a       985     1    18     2     5
     -0.3619944273 a       986     1    18     2     6
      0.2164895893 a       987     1    18     2     7
     -0.2628515263 a       988     1    18     2     8
     -0.5548614467 a       989     1    18     2     9
     -0.2061276570 a       990     1    18     2    10
      0.3661422054 a       991     1    18     2    11
     -0.4251355689 a       992     1    18     2    12
      0.2602973951 a       993     1    18     2    13
      0.2147591934 a       994     1    18     2    14
      0.5379071704 a       995     1    18     2    15
     -0.2777582026 a       996     1    18     2    16
     -0.2856543040 a       997     1    18     2    17
     -0.6874600665 a       998     1    18     2    18
      0.2518987419 a       999     1    18     2    19
      0.3627331935 a      1000     1    18     2    20
      0.4163773339 a      1001     1    19     2     1
      0.0781445574 a      1002     1    19     2     2
     -0.0765295458 a      1003     1    19     2     3
      0.5218292257 a      1004     1    19     2     4
     -0.1405422199 a      1005     1    19     2     5
     -0.0135321377 a      1006     1    19     2     6
      0.0980643640 a      1007     1    19     2     7
     -0.4349343806 a      1008     1    19     2     8
     -0.3544513580 a      1009     1    19     2     9
      0.2513431641 a      1010     1    19     2    10
     -0.4837986907 a      1011     1    19     2    11
     -0.5483205283 a      1012     1    19     2    12
     -0.4858743171 a      1013     1    19     2    13
      0.5740388894 a      1014     1    19     2    14
     -0.3314983804 a      1015     1    19     2    15
     -0.0637784245 a      1016     1    19     2    16
     -0.3656822718 a      1017     1    19     2    17
      0.4394579705 a      1018     1    19     2    18
     -0.5403490690 a      1019     1    19     2    19
     -0.0239622756 a      1020     1    19     2    20
      0.4833409479 a      1021     1    20     2     1
      0.4364582595 a      1022     1    20     2     2
      0.2643161114 a      1023     1    20     2     3
      0.4337268804 a      1024     1    20     2     4
      0.2731217683 a      1025     1    20     2     5
     -0.2970336911 a      1026     1    20     2     6
      0.3688629167 a      1027     1    20     2     7
      0.7045959838 a      1028     1    20     2     8
     -0.5309697627 a      1029     1    20     2     9
     -0.0375982642 a      1030     1    20     2    10
     -0.2308975667 a      1031     1    20     2    11
      0.2667483514 a      1032     1    20     2    12
      0.5234920240 a      1033     1    20     2    13
     -0.4832553492 a      1034     1    20     2    14
      0.2250537164 a      1035     1    20     2    15
      0.2241850343 a      1036     1    20     2    16
     -0.6084987717 a      1037     1    20     2    17
     -0.5952514293 a      1038     1    20     2    18
     -0.3919341587 a      1039     1    20     2    19
     -0.5242213205 a      1040     1    20     2    20
      1.0888003530 b      1041     2     1
      1.2270042470 b      1042     2     2
     -1.5000895231 b      1043     2     3
      0.9239477581 b      1044     2     4
     -1.6210190836 b      1045     2     5
      1.2370783918 b      1046     2     6
     -1.2726705689 b      1047     2     7
      1.5362827137 b      1048     2     8
     -0.8479027795 b      1049     2     9
      1.4974534672 b      1050     2    10
      0.3052487715 b      1051     2    11
      1.2174374427 b      1052     2    12
      0.3583515933 b      1053     2    13
     -0.7027566910 b      1054     2    14
     -1.6129393115 b      1055     2    15
      0.4336212396 b      1056     2    16
     -0.8504871337 b      1057     2    17
      0.3453220991 b      1058     2    18
      1.4829582795 b      1059     2    19
      0.6185633511 b      1060     2    20
      0.0001329936 a      1061     2     1     3     1
     -0.0004274903 a      1062     2     2     3     1
      0.0000544565 a      1063     2     3     3     1
      0.0006170853 a      1064     2     4     3     1
     -0.0007907815 a      1065     2     5     3     1
     -0.0012408640 a      1066     2     6     3     1
      0.0007096781 a      1067     2     7     3     1
     -0.0008747862 a      1068     2     8     3     1
     -0.0003922683 a      1069     2     9     3     1
      0.0007937159 a      1070     2    10     3     1
     -0.0013036674 a      1071     2    11     3     1
      0.0008719386 a      1072     2    12     3     1
      0.0006978562 a      1073     2    13     3     1
      0.0001756179 a      1074     2    14     3     1
     -0.0016826291 a      1075     2    15     3     1
      0.0011905071 a      1076     2    16     3     1
     -0.0003145140 a      1077     2    17     3     1
     -0.0017826295 a      1078     2    18     3     1
     -0.0015282150 a      1079     2    19     3     1
     -0.0001355023 a      1080     2    20     3     1
     19.6509269338 b      1081     3     1
