     -0.0794504672 a         1     0     1     1     1
      0.1301969571 a         2     0     1     1     2
      0.1880658345 a         3     0     1     1     3
      0.2192116451 a         4     0     1     1     4
      0.1088939771 a         5     0     1     1     5
     -0.2893527636 a         6     0     1     1     6
     -0.1688169821 a         7     0     1     1     7
      0.4252433542 a         8     0     1     1     8
      0.3804722668 a         9     0     1     1     9
     -0.3450934181 a        10     0     1     1    10
     -0.2043039793 a        11     0     1     1    11
     -0.0341590982 a        12     0     1     1    12
     -0.2406720726 a        13     0     1     1    13
     -0.1095615635 a        14     0     1     1    14
     -0.4377518198 a        15     0     1     1    15
     -0.0048836424 a        16     0     1     1    16
      0.3877353547 a        17     0     1     1    17
      0.0963662238 a        18     0     1     1    18
      0.1350200374 a        19     0     1     1    19
      0.0048663246 a        20     0     1     1    20
      0.3473141054 a        21     0     2     1     1
     -0.3856743024 a        22     0     2     1     2
     -0.0966273208 a        23     0     2     1     3
      0.2893292424 a        24     0     2     1     4
      0.3214942499 a        25     0     2     1     5
     -0.3734035176 a        26     0     2     1     6
     -0.1202681742 a        27     0     2     1     7
      0.4036297332 a        28     0     2     1     8
      0.3990771037 a        29     0     2     1     9
     -0.2834550842 a        30     0     2     1    10
      0.2976143216 a        31     0     2     1    11
     -0.1946769248 a        32     0     2     1    12
     -0.1546699134 a        33     0     2     1    13
      0.0306500567 a        34     0     2     1    14
     -0.3006210685 a        35     0     2     1    15
     -0.2887896104 a        36     0     2     1    16
      0.2662531238 a        37     0     2     1    17
     -0.4192023642 a        38     0     2     1    18
      0.2629806232 a        39     0     2     1    19
      0.1823345255 a        40     0     2     1    20
     -0.2347237211 a        41     0     3     1     1
      0.1503822049 a        42     0     3     1     2
     -0.1035452607 a        43     0     3     1     3
     -0.2451087702 a        44     0     3     1     4
      0.4232340723 a        45     0     3     1     5
     -0.3347877869 a        46     0     3     1     6
      0.3363482834 a        47     0     3     1     7
     -0.4365354043 a        48     0     3     1     8
      0.4378629693 a        49     0     3     1     9
     -0.1189135943 a        50     0     3     1    10
      0.1491778651 a        51     0     3     1    11
      0.2663669983 a        52     0     3     1    12
      0.0565781731 a        53     0     3     1    13
     -0.1841060686 a        54     0     3     1    14
     -0.3499699684 a        55     0     3     1    15
     -0.0973431655 a        56     0     3     1    16
      0.2560277309 a        57     0     3     1    17
     -0.0716057966 a        58     0     3     1    18
      0.3297611409 a        59     0     3     1    19
      0.0037709949 a        60     0     3     1    20
     -0.1367447624 a        61     0     4     1     1
      0.4291015487 a        62     0     4     1     2
      0.3379197279 a        63     0     4     1     3
     -0.0553309863 a        64     0     4     1     4
     -0.4427593868 a        65     0     4     1     5
      0.0884227737 a        66     0     4     1     6
     -0.2604480308 a        67     0     4     1     7
      0.4034310902 a        68     0     4     1     8
     -0.1095832916 a        69     0     4     1     9
     -0.0451211014 a        70     0     4     1    10
      0.4187408362 a        71     0     4     1    11
      0.4770894254 a        72     0     4     1    12
     -0.3546839679 a        73     0     4     1    13
      0.1521498982 a        74     0     4     1    14
      0.2554208125 a        75     0     4     1    15
     -0.1118939408 a        76     0     4     1    16
      0.2652159175 a        77     0     4     1    17
      0.0989879118 a        78     0     4     1    18
     -0.0541808947 a        79     0     4     1    19
      0.3699985206 a        80     0     4     1    20
      0.1217853826 a        81     0     5     1     1
     -0.0542630995 a        82     0     5     1     2
      0.0604590850 a        83     0     5     1     3
      0.2685994987 a        84     0     5     1     4
      0.0070662255 a        85     0     5     1     5
      0.0184073207 a        86     0     5     1     6
      0.0951564455 a        87     0     5     1     7
     -0.1046006968 a        88     0     5     1     8
     -0.1321953118 a        89     0     5     1     9
     -0.3571134537 a        90     0     5     1    10
     -0.1598147542 a        91     0     5     1    11
      0.2918991493 a        92     0     5     1    12
      0.2533049238 a        93     0     5     1    13
      0.4775801455 a        94     0     5     1    14
      0.2234934710 a        95     0     5     1    15
     -0.0935126556 a        96     0     5     1    16
     -0.1504379754 a        97     0     5     1    17
     -0.1713645038 a        98     0     5     1    18
      0.3313332950 a        99     0     5     1    19
      0.3368926385 a       100     0     5     1    20
     -0.0480572342 a       101     0     6     1     1
      0.1397346222 a       102     0     6     1     2
     -0.2610547172 a       103     0     6     1     3
      0.0858294612 a       104     0     6     1     4
      0.0995744613 a       105     0     6     1     5
      0.1806111433 a       106     0     6     1     6
      0.0294829670 a       107     0     6     1     7
      0.3708304627 a       108     0     6     1     8
      0.1931169594 a       109     0     6     1     9
     -0.3625044620 a       110     0     6     1    10
      0.1332515972 a       111     0     6     1    11
     -0.2990448087 a       112     0     6     1    12
     -0.0244143969 a       113     0     6     1    13
      0.4251725508 a       114     0     6     1    14
     -0.3028699882 a       115     0     6     1    15
     -0.2816862582 a       116     0     6     1    16
     -0.1366780424 a       117     0     6     1    17
     -0.3014923600 a       118     0     6     1    18
     -0.3922059121 a       119     0     6     1    19
     -0.3633276608 a       120     0     6     1    20
      0.2286732257 a       121     0     7     1     1
      0.1901560255 a       122     0     7     1     2
      0.1418092752 a       123     0     7     1     3
     -0.2776656770 a       124     0     7     1     4
     -0.0390160353 a       125     0     7     1     5
      0.0843892348 a       126     0     7     1     6
      0.1949239776 a       127     0     7     1     7
     -0.2854582292 a       128     0     7     1     8
      0.4144156731 a       129     0     7     1     9
     -0.3201838978 a       130     0     7     1    10
     -0.2872277077 a       131     0     7     1    11
     -0.3390106782 a       132     0     7     1    12
     -0.2350611031 a       133     0     7     1    13
     -0.2638757138 a       134     0     7     1    14
      0.2438360371 a       135     0     7     1    15
      0.4695825201 a       136     0     7     1    16
      0.3505550501 a       137     0     7     1    17
      0.3223454819 a       138     0     7     1    18
     -0.3464513475 a       139     0     7     1    19
     -0.3510554532 a       140     0     7     1    20
     -0.1645764470 a       141     0     8     1     1
      0.1981486641 a       142     0     8     1     2
     -0.0833462003 a       143     0     8     1     3
      0.3282093568 a       144     0     8     1     4
      0.0717666859 a       145     0     8     1     5
     -0.4305757537 a       146     0     8     1     6
     -0.4392455455 a       147     0     8     1     7
     -0.2543319765 a       148     0     8     1     8
     -0.1348340227 a       149     0     8     1     9
     -0.3208999365 a       150     0     8     1    10
     -0.1434468521 a       151     0     8     1    11
     -0.3475094925 a       152     0     8     1    12
     -0.0778654891 a       153     0     8     1    13
      0.4436324986 a       154     0     8     1    14
     -0.4441694073 a       155     0     8     1    15
      0.2796295904 a       156     0     8     1    16
     -0.0368218146 a       157     0     8     1    17
     -0.0334945519 a       158     0     8     1    18
      0.2519967968 a       159     0     8     1    19
      0.0964887113 a       160     0     8     1    20
      0.3101930234 a       161     0     9     1     1
     -0.2542145174 a       162     0     9     1     2
     -0.3661509771 a       163     0     9     1     3
     -0.3034084486 a       164     0     9     1     4
      0.2102424327 a       165     0     9     1     5
     -0.4354378314 a       166     0     9     1     6
     -0.2796947727 a       167     0     9     1     7
     -0.3129339633 a       168     0     9     1     8
      0.0406993056 a       169     0     9     1     9
      0.2060824843 a       170     0     9     1    10
      0.1538247886 a       171     0     9     1    11
     -0.3568481683 a       172     0     9     1    12
     -0.2659415716 a       173     0     9     1    13
      0.2161900728 a       174     0     9     1    14
      0.3373268195 a       175     0     9     1    15
     -0.2436657095 a       176     0     9     1    16
      0.4003521362 a       177     0     9     1    17
     -0.4243966281 a       178     0     9     1    18
     -0.4255174891 a       179     0     9     1    19
      0.0759292756 a       180     0     9     1    20
     -0.4069874232 a       181     0    10     1     1
     -0.4343313506 a       182     0    10     1     2
      0.2782837543 a       183     0    10     1     3
     -0.3835223710 a       184     0    10     1     4
     -0.2287825456 a       185     0    10     1     5
      0.3031373224 a       186     0    10     1     6
     -0.1294594390 a       187     0    10     1     7
      0.1234584304 a       188     0    10     1     8
      0.0305681638 a       189     0    10     1     9
     -0.0268162052 a       190     0    10     1    10
     -0.3307987135 a       191     0    10     1    11
     -0.4168395124 a       192     0    10     1    12
      0.2682297037 a       193     0    10     1    13
     -0.2041488285 a       194     0    10     1    14
      0.3354961598 a       195     0    10     1    15
      0.4448263136 a       196     0    10     1    16
     -0.2079768948 a       197     0    10     1    17
     -0.4213767178 a       198     0    10     1    18
     -0.3624553929 a       199     0    10     1    19
      0.1894327054 a       200     0    10     1    20
     -0.3613224148 a       201     0    11     1     1
     -0.0636876454 a       202     0    11     1     2
     -0.3154491780 a       203     0    11     1     3
     -0.1178738311 a       204     0    11     1     4
      0.2906386162 a       205     0    11     1     5
     -0.1506429620 a       206     0    11     1     6
     -0.3148254914 a       207     0    11     1     7
      0.1539349305 a       208     0    11     1     8
     -0.1163552374 a       209     0    11     1     9
      0.3567471726 a       210     0    11     1    10
     -0.3350898883 a       211     0    11     1    11
      0.2758151631 a       212     0    11     1    12
      0.1000350987 a       213     0    11     1    13
     -0.1466210882 a       214     0    11     1    14
     -0.2303193237 a       215     0    11     1    15
     -0.1455415076 a       216     0    11     1    16
     -0.4253766258 a       217     0    11     1    17
     -0.4587269675 a       218     0    11     1    18
     -0.4052725854 a       219     0    11     1    19
      0.2745810466 a       220     0    11     1    20
     -0.1941949062 a       221     0    12     1     1
      0.4492125188 a       222     0    12     1     2
     -0.3070331344 a       223     0    12     1     3
     -0.3649851999 a       224     0    12     1     4
     -0.1148147215 a       225     0    12     1     5
      0.3402725123 a       226     0    12     1     6
     -0.0132472510 a       227     0    12     1     7
     -0.4482756607 a       228     0    12     1     8
      0.3275575975 a       229     0    12     1     9
     -0.0404887601 a       230     0    12     1    10
      0.3686189438 a       231     0    12     1    11
      0.1877959662 a       232     0    12     1    12
     -0.1537844797 a       233     0    12     1    13
     -0.4825984246 a       234     0    12     1    14
      0.3550820391 a       235     0    12     1    15
     -0.0829381506 a       236     0    12     1    16
     -0.1970629145 a       237     0    12     1    17
      0.0634435997 a       238     0    12     1    18
     -0.1648828226 a       239     0    12     1    19
      0.4352204623 a       240     0    12     1    20
     -0.1707044097 a       241     0    13     1     1
      0.4057850142 a       242     0    13     1     2
      0.3754279015 a       243     0    13     1     3
     -0.3072951059 a       244     0    13     1     4
      0.4385961594 a       245     0    13     1     5
      0.2685867353 a       246     0    13     1     6
      0.4754867132 a       247     0    13     1     7
      0.2448992845 a       248     0    13     1     8
      0.1200971520 a       249     0    13     1     9
      0.1256938949 a       250     0    13     1    10
      0.2128851660 a       251     0    13     1    11
     -0.3881199026 a       252     0    13     1    12
     -0.2706091872 a       253     0    13     1    13
     -0.2745437195 a       254     0    13     1    14
     -0.0365919609 a       255     0    13     1    15
      0.3576625658 a       256     0    13     1    16
      0.2155568473 a       257     0    13     1    17
     -0.4596988598 a       258     0    13     1    18
     -0.1363742170 a       259     0    13     1    19
      0.4132620920 a       260     0    13     1    20
      0.4610415135 a       261     0    14     1     1
      0.1390033677 a       262     0    14     1     2
      0.1008286528 a       263     0    14     1     3
     -0.0482294091 a       264     0    14     1     4
      0.2772073453 a       265     0    14     1     5
     -0.2777169337 a       266     0    14     1     6
     -0.1809917375 a       267     0    14     1     7
     -0.1919134851 a       268     0    14     1     8
     -0.3299517374 a       269     0    14     1     9
      0.3645106325 a       270     0    14     1    10
      0.3319226366 a       271     0    14     1    11
     -0.2338664951 a       272     0    14     1    12
     -0.1101138480 a       273     0    14     1    13
     -0.1338742855 a       274     0    14     1    14
     -0.1176223327 a       275     0    14     1    15
     -0.4790978268 a       276     0    14     1    16
     -0.1931329819 a       277     0    14     1    17
     -0.2630457791 a       278     0    14     1    18
     -0.3592885679 a       279     0    14     1    19
      0.2790681165 a       280     0    14     1    20
      0.4656023946 a       281     0    15     1     1
     -0.2603876432 a       282     0    15     1     2
     -0.2643407617 a       283     0    15     1     3
      0.4337970487 a       284     0    15     1     4
     -0.3691469357 a       285     0    15     1     5
     -0.3773736352 a       286     0    15     1     6
     -0.4589502325 a       287     0    15     1     7
     -0.0616814500 a       288     0    15     1     8
      0.3154502237 a       289     0    15     1     9
      0.4052086472 a       290     0    15     1    10
      0.2457684332 a       291     0    15     1    11
      0.2365161151 a       292     0    15     1    12
      0.2922187694 a       293     0    15     1    13
     -0.0778827333 a       294     0    15     1    14
     -0.4634463267 a       295     0    15     1    15
     -0.2283950549 a       296     0    15     1    16
     -0.2203243476 a       297     0    15     1    17
      0.1396768719 a       298     0    15     1    18
     -0.1312416099 a       299     0    15     1    19
     -0.2554828493 a       300     0    15     1    20
     -0.1333093115 a       301     0    16     1     1
      0.3271424283 a       302     0    16     1     2
     -0.2582756915 a       303     0    16     1     3
     -0.4574578374 a       304     0    16     1     4
     -0.0307962007 a       305     0    16     1     5
      0.3080943891 a       306     0    16     1     6
      0.4332331243 a       307     0    16     1     7
     -0.2289102287 a       308     0    16     1     8
     -0.3141541111 a       309     0    16     1     9
     -0.3476225006 a       310     0    16     1    10
      0.3197050817 a       311     0    16     1    11
     -0.0895590643 a       312     0    16     1    12
     -0.5213242676 a       313     0    16     1    13
     -0.0344926836 a       314     0    16     1    14
      0.2927114516 a       315     0    16     1    15
     -0.2902911969 a       316     0    16     1    16
     -0.3575929580 a       317     0    16     1    17
     -0.2226837204 a       318     0    16     1    18
     -0.3969047464 a       319     0    16     1    19
     -0.1244017843 a       320     0    16     1    20
     -0.3745610377 a       321     0    17     1     1
     -0.1505669626 a       322     0    17     1     2
     -0.3010420046 a       323     0    17     1     3
      0.3425899142 a       324     0    17     1     4
     -0.2295955690 a       325     0    17     1     5
      0.3394422496 a       326     0    17     1     6
     -0.3391629288 a       327     0    17     1     7
      0.0648005673 a       328     0    17     1     8
      0.2101386462 a       329     0    17     1     9
      0.3718096271 a       330     0    17     1    10
     -0.3703254773 a       331     0    17     1    11
     -0.1109637936 a       332     0    17     1    12
     -0.3342331821 a       333     0    17     1    13
      0.1117388394 a       334     0    17     1    14
     -0.2958541294 a       335     0    17     1    15
     -0.0012031566 a       336     0    17     1    16
      0.3692636506 a       337     0    17     1    17
     -0.0500655823 a       338     0    17     1    18
      0.1011292794 a       339     0    17     1    19
      0.3709409922 a       340     0    17     1    20
     -0.2026522198 a       341     0    18     1     1
      0.2023761892 a       342     0    18     1     2
     -0.3780004435 a       343     0    18     1     3
     -0.3585231971 a       344     0    18     1     4
     -0.4431325933 a       345     0    18     1     5
      0.2084832742 a       346     0    18     1     6
      0.0049284431 a       347     0    18     1     7
      0.4607238005 a       348     0    18     1     8
      0.3570133324 a       349     0    18     1     9
      0.0979815454 a       350     0    18     1    10
      0.2529793731 a       351     0    18     1    11
     -0.4191242184 a       352     0    18     1    12
      0.3322098174 a       353     0    18     1    13
     -0.0770871640 a       354     0    18     1    14
      0.3799181254 a       355     0    18     1    15
      0.3977668535 a       356     0    18     1    16
      0.4459549528 a       357     0    18     1    17
      0.1196808025 a       358     0    18     1    18
      0.2487283435 a       359     0    18     1    19
      0.2269890440 a       360     0    18     1    20
     -0.2699661336 a       361     0    19     1     1
      0.1266149464 a       362     0    19     1     2
     -0.4284154306 a       363     0    19     1     3
     -0.3460615638 a       364     0    19     1     4
     -0.2412440159 a       365     0    19     1     5
      0.0348597103 a       366     0    19     1     6
      0.0758233048 a       367     0    19     1     7
     -0.3640720659 a       368     0    19     1     8
      0.1652411328 a       369     0    19     1     9
      0.4037227244 a       370     0    19     1    10
     -0.4091734629 a       371     0    19     1    11
     -0.3056173606 a       372     0    19     1    12
     -0.0514905456 a       373     0    19     1    13
      0.0203434702 a       374     0    19     1    14
     -0.2005259030 a       375     0    19     1    15
     -0.3136747960 a       376     0    19     1    16
      0.4187713960 a       377     0    19     1    17
     -0.2632472759 a       378     0    19     1    18
     -0.0445369911 a       379     0    19     1    19
      0.1609580127 a       380     0    19     1    20
     -0.3755999300 a       381     0    20     1     1
      0.4016374195 a       382     0    20     1     2
      0.1935198589 a       383     0    20     1     3
      0.2057742771 a       384     0    20     1     4
     -0.1012092623 a       385     0    20     1     5
     -0.2560036783 a       386     0    20     1     6
     -0.0074532288 a       387     0    20     1     7
      0.1921352165 a       388     0    20     1     8
      0.2816340199 a       389     0    20     1     9
     -0.2182505134 a       390     0    20     1    10
     -0.1637077433 a       391     0    20     1    11
     -0.0856586150 a       392     0    20     1    12
      0.0071417007 a       393     0    20     1    13
      0.3278423555 a       394     0    20     1    14
     -0.2568804387 a       395     0    20     1    15
     -0.2417462042 a       396     0    20     1    16
      0.2624991232 a       397     0    20     1    17
      0.1789870843 a       398     0    20     1    18
     -0.3418688877 a       399     0    20     1    19
      0.3340838074 a       400     0    20     1    20
      0.1597881864 a       401     0    21     1     1
     -0.1317080258 a       402     0    21     1     2
     -0.3017249288 a       403     0    21     1     3
     -0.0377568758 a       404     0    21     1     4
     -0.1344771078 a       405     0    21     1     5
     -0.3812366759 a       406     0    21     1     6
      0.1401067733 a       407     0    21     1     7
     -0.2666909918 a       408     0    21     1     8
     -0.2650833315 a       409     0    21     1     9
     -0.1677169577 a       410     0    21     1    10
      0.3452701098 a       411     0    21     1    11
      0.0751166979 a       412     0    21     1    12
      0.3465342532 a       413     0    21     1    13
      0.1643257146 a       414     0    21     1    14
     -0.1273410699 a       415     0    21     1    15
     -0.0309601181 a       416     0    21     1    16
      0.1947598216 a       417     0    21     1    17
     -0.2119683527 a       418     0    21     1    18
     -0.0262760447 a       419     0    21     1    19
     -0.1291561235 a       420     0    21     1    20
      0.3973106012 a       421     0    22     1     1
      0.1290473980 a       422     0    22     1     2
     -0.1757098275 a       423     0    22     1     3
      0.0218355215 a       424     0    22     1     4
     -0.3480318420 a       425     0    22     1     5
      0.1004748855 a       426     0    22     1     6
      0.3895439654 a       427     0    22     1     7
      0.0575055552 a       428     0    22     1     8
      0.2687843681 a       429     0    22     1     9
      0.0572768546 a       430     0    22     1    10
      0.2224282099 a       431     0    22     1    11
      0.2933570619 a       432     0    22     1    12
      0.0886165030 a       433     0    22     1    13
      0.1459193165 a       434     0    22     1    14
     -0.2015315643 a       435     0    22     1    15
     -0.4070968966 a       436     0    22     1    16
     -0.1356875012 a       437     0    22     1    17
      0.2164064007 a       438     0    22     1    18
     -0.0483082473 a       439     0    22     1    19
     -0.4172508098 a       440     0    22     1    20
     -0.1732959264 a       441     0    23     1     1
      0.0563955677 a       442     0    23     1     2
     -0.3463612291 a       443     0    23     1     3
     -0.1429898993 a       444     0    23     1     4
     -0.4420313617 a       445     0    23     1     5
      0.4476949025 a       446     0    23     1     6
     -0.2326628611 a       447     0    23     1     7
      0.0246982868 a       448     0    23     1     8
     -0.0725705105 a       449     0    23     1     9
     -0.3282479230 a       450     0    23     1    10
     -0.2993298370 a       451     0    23     1    11
      0.0958382804 a       452     0    23     1    12
     -0.5471466579 a       453     0    23     1    13
     -0.2247228743 a       454     0    23     1    14
      0.0942126502 a       455     0    23     1    15
     -0.1691976591 a       456     0    23     1    16
     -0.2446874180 a       457     0    23     1    17
     -0.3754163955 a       458     0    23     1    18
     -0.3243673880 a       459     0    23     1    19
     -0.1571162357 a       460     0    23     1    20
      0.5258312442 a       461     0    24     1     1
     -0.1362234481 a       462     0    24     1     2
     -0.3387879743 a       463     0    24     1     3
      0.2887679075 a       464     0    24     1     4
     -0.3957574614 a       465     0    24     1     5
     -0.0497617965 a       466     0    24     1     6
     -0.3975274161 a       467     0    24     1     7
     -0.1537841448 a       468     0    24     1     8
     -0.1815810940 a       469     0    24     1     9
     -0.2177175319 a       470     0    24     1    10
     -0.1313209945 a       471     0    24     1    11
     -0.3175248807 a       472     0    24     1    12
     -0.0029418698 a       473     0    24     1    13
     -0.0262789969 a       474     0    24     1    14
      0.1409958816 a       475     0    24     1    15
     -0.4210566602 a       476     0    24     1    16
     -0.0247967241 a       477     0    24     1    17
      0.2875739426 a       478     0    24     1    18
     -0.3694059238 a       479     0    24     1    19
      0.2637134381 a       480     0    24     1    20
      0.0991858705 a       481     0    25     1     1
      0.1678699190 a       482     0    25     1     2
      0.3402057236 a       483     0    25     1     3
      0.4155247700 a       484     0    25     1     4
      0.0816402796 a       485     0    25     1     5
      0.1854571144 a       486     0    25     1     6
     -0.4152268645 a       487     0    25     1     7
      0.2184362533 a       488     0    25     1     8
     -0.2174735712 a       489     0    25     1     9
      0.0148331192 a       490     0    25     1    10
      0.1769155350 a       491     0    25     1    11
     -0.3718310854 a       492     0    25     1    12
      0.4213348244 a       493     0    25     1    13
     -0.1735808606 a       494     0    25     1    14
     -0.1943333609 a       495     0    25     1    15
     -0.2067928205 a       496     0    25     1    16
      0.3651267283 a       497     0    25     1    17
      0.3876306517 a       498     0    25     1    18
      0.0480172254 a       499     0    25     1    19
      0.3571899061 a       500     0    25     1    20
     -0.0690300236 a       501     0    26     1     1
      0.4477930597 a       502     0    26     1     2
      0.2315774948 a       503     0    26     1     3
     -0.0720103709 a       504     0    26     1     4
     -0.2074240550 a       505     0    26     1     5
      0.3045091333 a       506     0    26     1     6
      0.2013606496 a       507     0    26     1     7
     -0.3265552257 a       508     0    26     1     8
      0.3986675494 a       509     0    26     1     9
      0.2973612674 a       510     0    26     1    10
     -0.2872487094 a       511     0    26     1    11
      0.2353029861 a       512     0    26     1    12
     -0.4532690917 a       513     0    26     1    13
      0.5042551693 a       514     0    26     1    14
     -0.0478813977 a       515     0    26     1    15
     -0.3121929581 a       516     0    26     1    16
     -0.1583104388 a       517     0    26     1    17
      0.2619732210 a       518     0    26     1    18
     -0.1792923625 a       519     0    26     1    19
     -0.2181321467 a       520     0    26     1    20
      0.3579735876 a       521     0    27     1     1
      0.4208854421 a       522     0    27     1     2
      0.4162289116 a       523     0    27     1     3
      0.1777552134 a       524     0    27     1     4
      0.4417365540 a       525     0    27     1     5
      0.0737910271 a       526     0    27     1     6
      0.3711663621 a       527     0    27     1     7
     -0.4198242880 a       528     0    27     1     8
      0.1138206727 a       529     0    27     1     9
      0.3753295011 a       530     0    27     1    10
      0.3912824748 a       531     0    27     1    11
     -0.3121756844 a       532     0    27     1    12
      0.1878373082 a       533     0    27     1    13
     -0.5179322451 a       534     0    27     1    14
      0.1447747620 a       535     0    27     1    15
      0.0493621716 a       536     0    27     1    16
     -0.2923620331 a       537     0    27     1    17
      0.1630699687 a       538     0    27     1    18
      0.4005446324 a       539     0    27     1    19
      0.4322546571 a       540     0    27     1    20
      0.2827723196 a       541     0    28     1     1
     -0.4058426592 a       542     0    28     1     2
     -0.4369081409 a       543     0    28     1     3
     -0.4764585581 a       544     0    28     1     4
     -0.2182642364 a       545     0    28     1     5
     -0.1161068923 a       546     0    28     1     6
     -0.2194875582 a       547     0    28     1     7
      0.2241622937 a       548     0    28     1     8
     -0.2251478098 a       549     0    28     1     9
      0.3686217047 a       550     0    28     1    10
     -0.3913548279 a       551     0    28     1    11
     -0.1199350390 a       552     0    28     1    12
     -0.2335660727 a       553     0    28     1    13
     -0.4020032078 a       554     0    28     1    14
      0.0216799718 a       555     0    28     1    15
     -0.0212548699 a       556     0    28     1    16
      0.2610837111 a       557     0    28     1    17
     -0.3049245696 a       558     0    28     1    18
      0.0103256693 a       559     0    28     1    19
     -0.3412978643 a       560     0    28     1    20
     -0.1012533041 a       561     0    29     1     1
      0.1717144288 a       562     0    29     1     2
     -0.0720615033 a       563     0    29     1     3
      0.1420497487 a       564     0    29     1     4
      0.0868329801 a       565     0    29     1     5
     -0.2271623856 a       566     0    29     1     6
     -0.1214893923 a       567     0    29     1     7
     -0.0038972988 a       568     0    29     1     8
     -0.3955470623 a       569     0    29     1     9
      0.1368931573 a       570     0    29     1    10
      0.1683222876 a       571     0    29     1    11
     -0.1858432686 a       572     0    29     1    12
      0.4669598633 a       573     0    29     1    13
      0.0703249689 a       574     0    29     1    14
      0.3327912351 a       575     0    29     1    15
      0.1601027676 a       576     0    29     1    16
     -0.3210054623 a       577     0    29     1    17
      0.3711516397 a       578     0    29     1    18
     -0.4142423720 a       579     0    29     1    19
      0.2258635495 a       580     0    29     1    20
     -0.2273288647 a       581     0    30     1     1
     -0.2687134454 a       582     0    30     1     2
     -0.2268332162 a       583     0    30     1     3
      0.1719096522 a       584     0    30     1     4
     -0.3758002778 a       585     0    30     1     5
      0.1475490364 a       586     0    30     1     6
      0.1573421447 a       587     0    30     1     7
      0.1676767799 a       588     0    30     1     8
     -0.3344812773 a       589     0    30     1     9
     -0.1248445803 a       590     0    30     1    10
      0.2875670011 a       591     0    30     1    11
      0.0864344827 a       592     0    30     1    12
      0.2432307903 a       593     0    30     1    13
      0.2825119098 a       594     0    30     1    14
      0.2605218279 a       595     0    30     1    15
     -0.4654550505 a       596     0    30     1    16
      0.2122345903 a       597     0    30     1    17
      0.2243187743 a       598     0    30     1    18
      0.2157335532 a       599     0    30     1    19
      0.2033808570 a       600     0    30     1    20
      0.0662540723 a       601     0    31     1     1
      0.3474062342 a       602     0    31     1     2
     -0.1230251562 a       603     0    31     1     3
      0.1956353737 a       604     0    31     1     4
      0.1424167097 a       605     0    31     1     5
     -0.4467532844 a       606     0    31     1     6
     -0.3447538125 a       607     0    31     1     7
     -0.0420759262 a       608     0    31     1     8
     -0.4281760849 a       609     0    31     1     9
     -0.3838023557 a       610     0    31     1    10
      0.0475583329 a       611     0    31     1    11
      0.3321411392 a       612     0    31     1    12
      0.1414300381 a       613     0    31     1    13
      0.4054869907 a       614     0    31     1    14
     -0.3533886293 a       615     0    31     1    15
      0.1828646119 a       616     0    31     1    16
      0.1236248971 a       617     0    31     1    17
     -0.2661379169 a       618     0    31     1    18
      0.2379019571 a       619     0    31     1    19
     -0.1061464045 a       620     0    31     1    20
      1.3656408639 b       621     1     1
      0.5428400709 b       622     1     2
      0.7741616726 b       623     1     3
     -0.4315592331 b       624     1     4
      0.5608611770 b       625     1     5
      1.4227638546 b       626     1     6
      1.4586180093 b       627     1     7
     -0.4213585674 b       628     1     8
     -0.7090804166 b       629     1     9
     -0.6027421339 b       630     1    10
      0.9413225018 b       631     1    11
     -0.5644275242 b       632     1    12
      0.3175862071 b       633     1    13
     -0.8822051591 b       634     1    14
      1.0735457018 b       635     1    15
      1.1708809103 b       636     1    16
     -0.5675679921 b       637     1    17
     -0.0281823512 b       638     1    18
      1.2886732464 b       639     1    19
     -0.8176609279 b       640     1    20
      0.0969486543 a       641     1     1     2     1
     -0.3067530426 a       642     1     1     2     2
     -0.5354643714 a       643     1     1     2     3
     -0.2052676917 a       644     1     1     2     4
      0.1118005937 a       645     1     1     2     5
     -0.5291059076 a       646     1     1     2     6
     -0.3421079869 a       647     1     1     2     7
      0.1652754025 a       648     1     1     2     8
      0.0333571140 a       649     1     1     2     9
      0.1559536591 a       650     1     1     2    10
     -0.4256048891 a       651     1     1     2    11
     -0.6112813048 a       652     1     1     2    12
      0.0664440764 a       653     1     1     2    13
     -0.3800578654 a       654     1     1     2    14
      0.3309870927 a       655     1     1     2    15
      0.3164940667 a       656     1     1     2    16
      0.0556750000 a       657     1     1     2    17
     -0.1124731205 a       658     1     1     2    18
      0.5460879807 a       659     1     1     2    19
      0.0948093385 a       660     1     1     2    20
     -0.3257432645 a       661     1     2     2     1
      0.4779436760 a       662     1     2     2     2
      0.5365806612 a       663     1     2     2     3
      0.0883666946 a       664     1     2     2     4
     -0.6590852370 a       665     1     2     2     5
      0.0221554716 a       666     1     2     2     6
     -0.1684088552 a       667     1     2     2     7
      0.3011448395 a       668     1     2     2     8
     -0.3786229079 a       669     1     2     2     9
      0.3149387848 a       670     1     2     2    10
      0.4746858029 a       671     1     2     2    11
     -0.4529002360 a       672     1     2     2    12
      0.2657927029 a       673     1     2     2    13
      0.0948576411 a       674     1     2     2    14
      0.1735680635 a       675     1     2     2    15
     -0.2241457587 a       676     1     2     2    16
     -0.0519597435 a       677     1     2     2    17
      0.5419918810 a       678     1     2     2    18
      0.3949834448 a       679     1     2     2    19
     -0.4492305089 a       680     1     2     2    20
     -0.4246611037 a       681     1     3     2     1
     -0.2658810535 a       682     1     3     2     2
     -0.0530035015 a       683     1     3     2     3
     -0.4617874158 a       684     1     3     2     4
     -0.2015434491 a       685     1     3     2     5
     -0.3039431261 a       686     1     3     2     6
     -0.2637745534 a       687     1     3     2     7
     -0.1716737655 a       688     1     3     2     8
     -0.1137783557 a       689     1     3     2     9
      0.6335921502 a       690     1     3     2    10
      0.6568245797 a       691     1     3     2    11
      0.0614189283 a       692     1     3     2    12
      0.0535241254 a       693     1     3     2    13
     -0.3459519156 a       694     1     3     2    14
     -0.2645076167 a       695     1     3     2    15
      0.1521163092 a       696     1     3     2    16
      0.0350522163 a       697     1     3     2    17
      0.1526938619 a       698     1     3     2    18
      0.0737229838 a       699     1     3     2    19
      0.4396553415 a       700     1     3     2    20
      0.5669917993 a       701     1     4     2     1
     -0.4851642340 a       702     1     4     2     2
      0.4431949416 a       703     1     4     2     3
      0.4025994165 a       704     1     4     2     4
     -0.3581715122 a       705     1     4     2     5
      0.4025888600 a       706     1     4     2     6
     -0.5424552575 a       707     1     4     2     7
     -0.2056667485 a       708     1     4     2     8
      0.5496804897 a       709     1     4     2     9
     -0.0161592946 a       710     1     4     2    10
     -0.2395929710 a       711     1     4     2    11
      0.3941791006 a       712     1     4     2    12
      0.4944712124 a       713     1     4     2    13
     -0.0636975363 a       714     1     4     2    14
     -0.1125192232 a       715     1     4     2    15
     -0.5821883295 a       716     1     4     2    16
     -0.0801333090 a       717     1     4     2    17
     -0.5741692193 a       718     1     4     2    18
      0.5271573547 a       719     1     4     2    19
     -0.3429601900 a       720     1     4     2    20
      0.3811915704 a       721     1     5     2     1
     -0.6484349323 a       722     1     5     2     2
      0.4750353019 a       723     1     5     2     3
      0.4235660200 a       724     1     5     2     4
     -0.2531083357 a       725     1     5     2     5
     -0.3979260453 a       726     1     5     2     6
     -0.1142573493 a       727     1     5     2     7
      0.0801897267 a       728     1     5     2     8
      0.2175620460 a       729     1     5     2     9
     -0.1910792335 a       730     1     5     2    10
     -0.5392818532 a       731     1     5     2    11
      0.4878214952 a       732     1     5     2    12
     -0.4306119128 a       733     1     5     2    13
      0.4470558127 a       734     1     5     2    14
     -0.0725703474 a       735     1     5     2    15
     -0.2860871748 a       736     1     5     2    16
     -0.0959843848 a       737     1     5     2    17
      0.1607515425 a       738     1     5     2    18
     -0.5631424821 a       739     1     5     2    19
     -0.0042114532 a       740     1     5     2    20
     -0.2751680027 a       741     1     6     2     1
     -0.0389884572 a       742     1     6     2     2
     -0.4543831013 a       743     1     6     2     3
      0.3235262863 a       744     1     6     2     4
     -0.0194759191 a       745     1     6     2     5
     -0.2937126937 a       746     1     6     2     6
     -0.4451812752 a       747     1     6     2     7
     -0.1375748877 a       748     1     6     2     8
     -0.4956091865 a       749     1     6     2     9
     -0.5913797810 a       750     1     6     2    10
     -0.1997651392 a       751     1     6     2    11
      0.0479398549 a       752     1     6     2    12
      0.4254436895 a       753     1     6     2    13
     -0.1804315989 a       754     1     6     2    14
      0.0034408502 a       755     1     6     2    15
     -0.3858663977 a       756     1     6     2    16
     -0.1875231434 a       757     1     6     2    17
     -0.2194202814 a       758     1     6     2    18
      0.4603160671 a       759     1     6     2    19
      0.4928813960 a       760     1     6     2    20
      0.3392868203 a       761     1     7     2     1
     -0.4001243566 a       762     1     7     2     2
      0.3440885918 a       763     1     7     2     3
      0.0192330418 a       764     1     7     2     4
     -0.1014585057 a       765     1     7     2     5
     -0.0019399098 a       766     1     7     2     6
      0.4281628115 a       767     1     7     2     7
     -0.4009644200 a       768     1     7     2     8
     -0.1058015434 a       769     1     7     2     9
     -0.0241630165 a       770     1     7     2    10
     -0.5397027037 a       771     1     7     2    11
      0.5756208789 a       772     1     7     2    12
      0.3157879604 a       773     1     7     2    13
     -0.4657660653 a       774     1     7     2    14
     -0.4492294577 a       775     1     7     2    15
      0.3237424034 a       776     1     7     2    16
      0.7193965688 a       777     1     7     2    17
      0.1578250255 a       778     1     7     2    18
     -0.1705812031 a       779     1     7     2    19
      0.3723233349 a       780     1     7     2    20
      0.5481694067 a       781     1     8     2     1
      0.4940845707 a       782     1     8     2     2
      0.4523090326 a       783     1     8     2     3
      0.3740628585 a       784     1     8     2     4
     -0.1463072546 a       785     1     8     2     5
     -0.1119858226 a       786     1     8     2     6
      0.5697518471 a       787     1     8     2     7
      0.0601816661 a       788     1     8     2     8
     -0.4999886504 a       789     1     8     2     9
      0.6561187989 a       790     1     8     2    10
     -0.0271413045 a       791     1     8     2    11
     -0.0739747036 a       792     1     8     2    12
     -0.4964328129 a       793     1     8     2    13
      0.4943180127 a       794     1     8     2    14
      0.4213334054 a       795     1     8     2    15
      0.5348004549 a       796     1     8     2    16
     -0.3964297172 a       797     1     8     2    17
      0.3075730654 a       798     1     8     2    18
      0.0192529546 a       799     1     8     2    19
     -0.0322000012 a       800     1     8     2    20
     -0.1171180793 a       801     1     9     2     1
      0.3648811282 a       802     1     9     2     2
      0.0701283368 a       803     1     9     2     3
     -0.4125878377 a       804     1     9     2     4
      0.5649936977 a       805     1     9     2     5
      0.5016289033 a       806     1     9     2     6
     -0.5680863262 a       807     1     9     2     7
      0.5894645502 a       808     1     9     2     8
     -0.0788150305 a       809     1     9     2     9
     -0.5823127904 a       810     1     9     2    10
      0.4585252294 a       811     1     9     2    11
      0.3325740845 a       812     1     9     2    12
     -0.0591798597 a       813     1     9     2    13
     -0.1866203843 a       814     1     9     2    14
      0.1968017237 a       815     1     9     2    15
      0.2284175752 a       816     1     9     2    16
      0.0001087491 a       817     1     9     2    17
      0.3373290857 a       818     1     9     2    18
     -0.5280374591 a       819     1     9     2    19
     -0.1124897531 a       820     1     9     2    20
     -0.0004717047 a       821     1    10     2     1
      0.1338257253 a       822     1    10     2     2
      0.3536598048 a       823     1    10     2     3
     -0.1021628816 a       824     1    10     2     4
      0.5389718836 a       825     1    10     2     5
      0.1674135003 a       826     1    10     2     6
     -0.3030265895 a       827     1    10     2     7
     -0.2231509678 a       828     1    10     2     8
      0.0923347237 a       829     1    10     2     9
      0.1032314318 a       830     1    10     2    10
      0.4360005124 a       831     1    10     2    11
      0.3868658439 a       832     1    10     2    12
     -0.5067793917 a       833     1    10     2    13
     -0.4663114581 a       834     1    10     2    14
     -0.6100868134 a       835     1    10     2    15
      0.2088714907 a       836     1    10     2    16
      0.0506864668 a       837     1    10     2    17
      0.1709679303 a       838     1    10     2    18
     -0.5134126700 a       839     1    10     2    19
      0.5099355266 a       840     1    10     2    20
     -0.4832982882 a       841     1    11     2     1
      0.3870757357 a       842     1    11     2     2
      0.2344897485 a       843     1    11     2     3
     -0.1793442457 a       844     1    11     2     4
      0.0503804439 a       845     1    11     2     5
     -0.5867545413 a       846     1    11     2     6
     -0.1867390068 a       847     1    11     2     7
      0.2271378952 a       848     1    11     2     8
      0.0908839621 a       849     1    11     2     9
      0.2142934453 a       850     1    11     2    10
     -0.2562057614 a       851     1    11     2    11
     -0.4633779435 a       852     1    11     2    12
      0.4046566675 a       853     1    11     2    13
     -0.1265215782 a       854     1    11     2    14
      0.2975917092 a       855     1    11     2    15
      0.0050227865 a       856     1    11     2    16
     -0.4642679066 a       857     1    11     2    17
     -0.2759017508 a       858     1    11     2    18
      0.2550202342 a       859     1    11     2    19
      0.4628378013 a       860     1    11     2    20
     -0.4342960732 a       861     1    12     2     1
     -0.1350753675 a       862     1    12     2     2
     -0.2832736081 a       863     1    12     2     3
     -0.4214967717 a       864     1    12     2     4
      0.2682892653 a       865     1    12     2     5
      0.4171600250 a       866     1    12     2     6
      0.3746980403 a       867     1    12     2     7
      0.1907058655 a       868     1    12     2     8
      0.4698083749 a       869     1    12     2     9
      0.1053580313 a       870     1    12     2    10
     -0.2815536099 a       871     1    12     2    11
     -0.5177525123 a       872     1    12     2    12
     -0.3267889650 a       873     1    12     2    13
      0.4972532367 a       874     1    12     2    14
     -0.4096461882 a       875     1    12     2    15
     -0.3872840373 a       876     1    12     2    16
     -0.5283406931 a       877     1    12     2    17
      0.3784782481 a       878     1    12     2    18
      0.0894748443 a       879     1    12     2    19
     -0.0737425610 a       880     1    12     2    20
     -0.4213743622 a       881     1    13     2     1
     -0.1802336161 a       882     1    13     2     2
     -0.4179064928 a       883     1    13     2     3
      0.5606217093 a       884     1    13     2     4
      0.7288407153 a       885     1    13     2     5
     -0.4991429820 a       886     1    13     2     6
     -0.1301703390 a       887     1    13     2     7
     -0.6074766660 a       888     1    13     2     8
     -0.5168935490 a       889     1    13     2     9
      0.4197789114 a       890     1    13     2    10
      0.2413257066 a       891     1    13     2    11
     -0.0080258164 a       892     1    13     2    12
     -0.4019701804 a       893     1    13     2    13
      0.1236004282 a       894     1    13     2    14
     -0.4969076594 a       895     1    13     2    15
      0.5068525402 a       896     1    13     2    16
     -0.2134458764 a       897     1    13     2    17
     -0.4442358397 a       898     1    13     2    18
     -0.1796264400 a       899     1    13     2    19
     -0.4420244994 a       900     1    13     2    20
     -0.3668017645 a       901     1    14     2     1
     -0.0955200114 a       902     1    14     2     2
      0.4258448830 a       903     1    14     2     3
     -0.3564782581 a       904     1    14     2     4
      0.1799521313 a       905     1    14     2     5
     -0.2828876049 a       906     1    14     2     6
     -0.0357781678 a       907     1    14     2     7
     -0.3110389229 a       908     1    14     2     8
     -0.2586143244 a       909     1    14     2     9
      0.5004944610 a       910     1    14     2    10
      0.1036777808 a       911     1    14     2    11
     -0.0566633537 a       912     1    14     2    12
     -0.0186945307 a       913     1    14     2    13
     -0.3185779688 a       914     1    14     2    14
      0.4779377506 a       915     1    14     2    15
     -0.2624098181 a       916     1    14     2    16
     -0.2088411874 a       917     1    14     2    17
      0.1648575419 a       918     1    14     2    18
      0.2061789534 a       919     1    14     2    19
     -0.5227274523 a       920     1    14     2    20
      0.2131998325 a       921     1    15     2     1
     -0.2456211078 a       922     1    15     2     2
      0.4708285160 a       923     1    15     2     3
     -0.3692660551 a       924     1    15     2     4
     -0.4895636034 a       925     1    15     2     5
      0.2549948542 a       926     1    15     2     6
      0.4625741101 a       927     1    15     2     7
     -0.7056406939 a       928     1    15     2     8
      0.4242238257 a       929     1    15     2     9
      0.0589303973 a       930     1    15     2    10
     -0.1111930274 a       931     1    15     2    11
     -0.0292335422 a       932     1    15     2    12
     -0.4967278661 a       933     1    15     2    13
     -0.2931127761 a       934     1    15     2    14
      0.0442640173 a       935     1    15     2    15
     -0.5570011511 a       936     1    15     2    16
      0.6188441167 a       937     1    15     2    17
      0.3024143493 a       938     1    15     2    18
     -0.1185107257 a       939     1    15     2    19
     -0.0985429954 a       940     1    15     2    20
     -0.3763934139 a       941     1    16     2     1
     -0.4477994936 a       942     1    16     2     2
      0.0915246502 a       943     1    16     2     3
     -0.5165987435 a       944     1    16     2     4
     -0.0686249462 a       945     1    16     2     5
      0.4288837608 a       946     1    16     2     6
      0.5508168588 a       947     1    16     2     7
     -0.2342741774 a       948     1    16     2     8
      0.3910876159 a       949     1    16     2     9
     -0.0483620800 a       950     1    16     2    10
     -0.2402934185 a       951     1    16     2    11
      0.1308493878 a       952     1    16     2    12
      0.3034839132 a       953     1    16     2    13
      0.3764646426 a       954     1    16     2    14
     -0.2488933734 a       955     1    16     2    15
      0.4488674268 a       956     1    16     2    16
      0.4233248029 a       957     1    16     2    17
      0.0175660501 a       958     1    16     2    18
      0.1380867865 a       959     1    16     2    19
     -0.3928915584 a       960     1    16     2    20
      0.1523254698 a       961     1    17     2     1
     -0.5367242452 a       962     1    17     2     2
     -0.4334472430 a       963     1    17     2     3
      0.2534295363 a       964     1    17     2     4
      0.5838375441 a       965     1    17     2     5
      0.5069392331 a       966     1    17     2     6
      0.3133985376 a       967     1    17     2     7
     -0.0808702409 a       968     1    17     2     8
     -0.0689856971 a       969     1    17     2     9
     -0.5964108454 a       970     1    17     2    10
     -0.1441376621 a       971     1    17     2    11
     -0.1127953922 a       972     1    17     2    12
      0.0078905891 a       973     1    17     2    13
      0.4523050436 a       974     1    17     2    14
     -0.6174486556 a       975     1    17     2    15
      0.5438379766 a       976     1    17     2    16
     -0.4217616592 a       977     1    17     2    17
     -0.3049307883 a       978     1    17     2    18
      0.3408278261 a       979     1    17     2    19
     -0.4563562454 a       980     1    17     2    20
     -0.1591080891 a       981     1    18     2     1
      0.2890028719 a       982     1    18     2     2
      0.0274687292 a       983     1    18     2     3
     -0.1876176074 a       984     1    18     2     4
      0.0723812020 a       985     1    18     2     5
     -0.3619943652 a       986     1    18     2     6
      0.2164895722 a       987     1    18     2     7
     -0.2628514366 a       988     1    18     2     8
     -0.5548614534 a       989     1    18     2     9
     -0.2061276347 a       990     1    18     2    10
      0.3661422070 a       991     1    18     2    11
     -0.4251356560 a       992     1    18     2    12
      0.2602973582 a       993     1    18     2    13
      0.2147591930 a       994     1    18     2    14
      0.5379071355 a       995     1    18     2    15
     -0.2777582161 a       996     1    18     2    16
     -0.2856543007 a       997     1    18     2    17
     -0.6874601287 a       998     1    18     2    18
      0.2518987194 a       999     1    18     2    19
      0.3627331910 a      1000     1    18     2    20
      0.4163772475 a      1001     1    19     2     1
      0.0781435747 a      1002     1    19     2     2
     -0.0765295409 a      1003     1    19     2     3
      0.5218292216 a      1004     1    19     2     4
     -0.1405422197 a      1005     1    19     2     5
     -0.0135318823 a      1006     1    19     2     6
      0.0980643920 a      1007     1    19     2     7
     -0.4349349606 a      1008     1    19     2     8
     -0.3544513974 a      1009     1    19     2     9
      0.2513431953 a      1010     1    19     2    10
     -0.4837987566 a      1011     1    19     2    11
     -0.5483204478 a      1012     1    19     2    12
     -0.4858741562 a      1013     1    19     2    13
      0.5740389079 a      1014     1    19     2    14
     -0.3314983762 a      1015     1    19     2    15
     -0.0637782535 a      1016     1    19     2    16
     -0.3656822499 a      1017     1    19     2    17
      0.4394581841 a      1018     1    19     2    18
     -0.5403491116 a      1019     1    19     2    19
     -0.0239622850 a      1020     1    19     2    20
      0.4833410169 a      1021     1    20     2     1
      0.4364589823 a      1022     1    20     2     2
      0.2643161069 a      1023     1    20     2     3
      0.4337269109 a      1024     1    20     2     4
      0.2731217680 a      1025     1    20     2     5
     -0.2970338992 a      1026     1    20     2     6
      0.3688628944 a      1027     1    20     2     7
      0.7045963378 a      1028     1    20     2     8
     -0.5309697466 a      1029     1    20     2     9
     -0.0375983147 a      1030     1    20     2    10
     -0.2308975136 a      1031     1    20     2    11
      0.2667483100 a      1032     1    20     2    12
      0.5234919795 a      1033     1    20     2    13
     -0.4832553632 a      1034     1    20     2    14
      0.2250537609 a      1035     1    20     2    15
      0.2241848911 a      1036     1    20     2    16
     -0.6084987889 a      1037     1    20     2    17
     -0.5952514946 a      1038     1    20     2    18
     -0.3919341265 a      1039     1    20     2    19
     -0.5242213113 a      1040     1    20     2    20
      1.0888002413 b      1041     2     1
      1.2270031121 b      1042     2     2
     -1.5000895206 b      1043     2     3
      0.9239477228 b      1044     2     4
     -1.6210190820 b      1045     2     5
      1.2370789824 b      1046     2     6
     -1.2726705651 b      1047     2     7
      1.5362820577 b      1048     2     8
     -0.8479027924 b      1049     2     9
      1.4974534470 b      1050     2    10
      0.3052488067 b      1051     2    11
      1.2174374361 b      1052     2    12
      0.3583517507 b      1053     2    13
     -0.7027566714 b      1054     2    14
     -1.6129392282 b      1055     2    15
      0.4336212614 b      1056     2    16
     -0.8504870663 b      1057     2    17
      0.3453226734 b      1058     2    18
      1.4829582674 b      1059     2    19
      0.6185633461 b      1060     2    20
      0.0000615448 a      1061     2     1     3     1
     -0.0005877827 a      1062     2     2     3     1
      0.0000677003 a      1063     2     3     3     1
      0.0005844951 a      1064     2     4     3     1
     -0.0007610715 a      1065     2     5     3     1
     -0.0011389574 a      1066     2     6     3     1
      0.0007107415 a      1067     2     7     3     1
     -0.0009333650 a      1068     2     8     3     1
     -0.0004086290 a      1069     2     9     3     1
      0.0007745763 a      1070     2    10     3     1
     -0.0012998142 a      1071     2    11     3     1
      0.0008518288 a      1072     2    12     3     1
      0.0007609147 a      1073     2    13     3     1
      0.0001299646 a      1074     2    14     3     1
     -0.0016795742 a      1075     2    15     3     1
      0.0011723071 a      1076     2    16     3     1
     -0.0002845523 a      1077     2    17     3     1
     -0.0016577855 a      1078     2    18     3     1
     -0.0015589648 a      1079     2    19     3     1
     -0.0001613891 a      1080     2    20     3     1
     19.6508965277 b      1081     3     1
