     -0.7651180229 a         1     0     1     1     1
     -0.8108604638 a         2     0     1     1     2
     -0.1007216553 a         3     0     1     1     3
      0.9048412612 a         4     0     1     1     4
     -0.8202418538 a         5     0     1     1     5
     -0.0051127351 a         6     0     1     1     6
      0.7374669245 a         7     0     1     1     7
      0.8859047552 a         8     0     1     1     8
     -0.4224799149 a         9     0     1     1     9
      0.3114830298 a        10     0     1     1    10
     -0.8119430263 a        11     0     1     1    11
     -0.5162318088 a        12     0     1     1    12
      0.8597462289 a        13     0     1     1    13
      0.6916142483 a        14     0     1     1    14
     -0.7977372002 a        15     0     1     1    15
     -0.5529865400 a        16     0     2     1     1
      0.3643568304 a        17     0     2     1     2
     -0.9068965137 a        18     0     2     1     3
     -0.9154754086 a        19     0     2     1     4
     -0.3522065171 a        20     0     2     1     5
      0.4192657374 a        21     0     2     1     6
      0.1714161283 a        22     0     2     1     7
     -0.7900854577 a        23     0     2     1     8
     -0.7650775346 a        24     0     2     1     9
      0.2496395228 a        25     0     2     1    10
      0.9544898017 a        26     0     2     1    11
     -0.0185720924 a        27     0     2     1    12
      0.8692189152 a        28     0     2     1    13
     -0.3372696235 a        29     0     2     1    14
      0.2327892339 a        30     0     2     1    15
      0.4916767443 a        31     0     3     1     1
      0.7204389356 a        32     0     3     1     2
     -0.0079461721 a        33     0     3     1     3
     -0.9099275837 a        34     0     3     1     4
     -0.1696236558 a        35     0     3     1     5
      0.4273435035 a        36     0     3     1     6
     -0.6196525144 a        37     0     3     1     7
     -0.1951160462 a        38     0     3     1     8
     -0.2928907936 a        39     0     3     1     9
      0.6759212849 a        40     0     3     1    10
     -0.6337028088 a        41     0     3     1    11
      0.1084193408 a        42     0     3     1    12
      0.3798913044 a        43     0     3     1    13
      0.3406390517 a        44     0     3     1    14
     -0.3821955971 a        45     0     3     1    15
     -0.0796317859 a        46     0     4     1     1
      0.5974001568 a        47     0     4     1     2
     -0.0478025411 a        48     0     4     1     3
     -0.6787241223 a        49     0     4     1     4
     -0.2107488645 a        50     0     4     1     5
      0.8355577155 a        51     0     4     1     6
      0.1009442861 a        52     0     4     1     7
      0.6267612972 a        53     0     4     1     8
     -0.4197006975 a        54     0     4     1     9
      0.6899436280 a        55     0     4     1    10
      0.7015733687 a        56     0     4     1    11
     -0.9445054555 a        57     0     4     1    12
     -0.2826656998 a        58     0     4     1    13
      0.9650674087 a        59     0     4     1    14
      0.6075107666 a        60     0     4     1    15
      0.5184243413 a        61     0     5     1     1
     -0.2969988605 a        62     0     5     1     2
      0.2881135501 a        63     0     5     1     3
     -0.8011039458 a        64     0     5     1     4
     -0.8343789993 a        65     0     5     1     5
     -0.7359826533 a        66     0     5     1     6
     -0.8361489382 a        67     0     5     1     7
     -0.4349751428 a        68     0     5     1     8
     -0.8857889318 a        69     0     5     1     9
      0.1596357596 a        70     0     5     1    10
     -0.5522568035 a        71     0     5     1    11
     -0.9835584843 a        72     0     5     1    12
     -0.7361199102 a        73     0     5     1    13
      0.7870372740 a        74     0     5     1    14
      0.5960468558 a        75     0     5     1    15
      0.0189248464 a        76     0     6     1     1
     -0.4183108576 a        77     0     6     1     2
     -0.2248418365 a        78     0     6     1     3
     -0.1449969571 a        79     0     6     1     4
      0.4778233970 a        80     0     6     1     5
     -0.8770594532 a        81     0     6     1     6
      0.7560473401 a        82     0     6     1     7
      0.8681130061 a        83     0     6     1     8
     -0.2668291721 a        84     0     6     1     9
     -0.5102514225 a        85     0     6     1    10
      0.9101767885 a        86     0     6     1    11
     -0.6827814077 a        87     0     6     1    12
      0.3096742330 a        88     0     6     1    13
     -0.3920238602 a        89     0     6     1    14
     -0.5653288055 a        90     0     6     1    15
     -0.4768448694 a        91     0     7     1     1
     -0.6654444203 a        92     0     7     1     2
      0.9446262295 a        93     0     7     1     3
     -0.2279542058 a        94     0     7     1     4
     -0.0133122704 a        95     0     7     1     5
     -0.3345234481 a        96     0     7     1     6
      0.9185492876 a        97     0     7     1     7
     -0.7291277608 a        98     0     7     1     8
     -0.4667414514 a        99     0     7     1     9
      0.7524559146 a       100     0     7     1    10
     -0.8321350529 a       101     0     7     1    11
     -0.2352560668 a       102     0     7     1    12
     -0.5728162837 a       103     0     7     1    13
      0.6126251421 a       104     0     7     1    14
      0.9720618728 a       105     0     7     1    15
     -0.5783274159 a       106     0     8     1     1
     -0.3639524995 a       107     0     8     1     2
     -0.7529313099 a       108     0     8     1     3
      0.7233920223 a       109     0     8     1     4
      0.5140456748 a       110     0     8     1     5
      0.6709665130 a       111     0     8     1     6
     -0.6669811863 a       112     0     8     1     7
     -0.0699226277 a       113     0     8     1     8
      0.8726704184 a       114     0     8     1     9
     -0.9808688132 a       115     0     8     1    10
      0.2828319352 a       116     0     8     1    11
      0.2856478895 a       117     0     8     1    12
      0.6606377639 a       118     0     8     1    13
      0.0592363510 a       119     0     8     1    14
     -0.1980890883 a       120     0     8     1    15
     -0.1162098396 a       121     0     9     1     1
     -0.2917705930 a       122     0     9     1     2
     -0.8861294459 a       123     0     9     1     3
     -0.4270373006 a       124     0     9     1     4
      0.7248366394 a       125     0     9     1     5
     -0.7254949972 a       126     0     9     1     6
     -0.5426907946 a       127     0     9     1     7
     -0.6011422200 a       128     0     9     1     8
      0.0295949430 a       129     0     9     1     9
      0.3099262051 a       130     0     9     1    10
      0.2935063153 a       131     0     9     1    11
      0.9255337240 a       132     0     9     1    12
     -0.6634421431 a       133     0     9     1    13
      0.1913452022 a       134     0     9     1    14
      0.3386298805 a       135     0     9     1    15
     -0.5039233416 a       136     0    10     1     1
     -0.3653339287 a       137     0    10     1     2
      0.1547738246 a       138     0    10     1     3
      0.9715232995 a       139     0    10     1     4
     -0.3237463659 a       140     0    10     1     5
     -0.8658321053 a       141     0    10     1     6
     -0.1327321085 a       142     0    10     1     7
      0.4759228055 a       143     0    10     1     8
     -0.5388175571 a       144     0    10     1     9
      0.7323361118 a       145     0    10     1    10
     -0.9331549835 a       146     0    10     1    11
     -0.8855827832 a       147     0    10     1    12
      0.6081555332 a       148     0    10     1    13
     -0.9938043468 a       149     0    10     1    14
      0.3869466197 a       150     0    10     1    15
     -0.2705266010 a       151     0    11     1     1
      0.2842771241 a       152     0    11     1     2
     -0.7297947691 a       153     0    11     1     3
     -0.1617941205 a       154     0    11     1     4
      0.5806789171 a       155     0    11     1     5
      0.1751289779 a       156     0    11     1     6
      0.0430316296 a       157     0    11     1     7
     -0.8990946588 a       158     0    11     1     8
     -0.3774807522 a       159     0    11     1     9
      0.0721623058 a       160     0    11     1    10
     -0.8147481139 a       161     0    11     1    11
     -0.0151653891 a       162     0    11     1    12
      0.6925162697 a       163     0    11     1    13
      0.0766471686 a       164     0    11     1    14
     -0.2828034509 a       165     0    11     1    15
      0.9364859500 a       166     0    12     1     1
      0.9516002370 a       167     0    12     1     2
      0.0463805222 a       168     0    12     1     3
      0.2063398281 a       169     0    12     1     4
     -0.6938856982 a       170     0    12     1     5
      0.5606226228 a       171     0    12     1     6
     -0.7604756764 a       172     0    12     1     7
     -0.8568003303 a       173     0    12     1     8
      0.3153100241 a       174     0    12     1     9
     -0.1567451540 a       175     0    12     1    10
      0.6513055295 a       176     0    12     1    11
      0.0269417539 a       177     0    12     1    12
     -0.6057054141 a       178     0    12     1    13
      0.1867485512 a       179     0    12     1    14
      0.3717311850 a       180     0    12     1    15
      0.0774051943 a       181     0    13     1     1
      0.0607110502 a       182     0    13     1     2
     -0.8485398970 a       183     0    13     1     3
     -0.1404478890 a       184     0    13     1     4
      0.7714934409 a       185     0    13     1     5
      0.3679561154 a       186     0    13     1     6
      0.7962404633 a       187     0    13     1     7
     -0.0380779293 a       188     0    13     1     8
     -0.3777649116 a       189     0    13     1     9
     -0.9423857874 a       190     0    13     1    10
      0.4178246077 a       191     0    13     1    11
     -0.9844987180 a       192     0    13     1    12
     -0.8841243187 a       193     0    13     1    13
     -0.1706745810 a       194     0    13     1    14
     -0.2038379793 a       195     0    13     1    15
     -0.3047813397 a       196     0    14     1     1
      0.0551635009 a       197     0    14     1     2
     -0.1557689062 a       198     0    14     1     3
     -0.2152286996 a       199     0    14     1     4
      0.1032761762 a       200     0    14     1     5
      0.7061422576 a       201     0    14     1     6
     -0.6267141732 a       202     0    14     1     7
     -0.3936496337 a       203     0    14     1     8
     -0.7167556297 a       204     0    14     1     9
      0.2649703572 a       205     0    14     1    10
     -0.6645573483 a       206     0    14     1    11
      0.2187001427 a       207     0    14     1    12
      0.4819802873 a       208     0    14     1    13
     -0.8156287728 a       209     0    14     1    14
     -0.9529840038 a       210     0    14     1    15
      0.3737993128 a       211     0    15     1     1
      0.8713693379 a       212     0    15     1     2
     -0.6287761521 a       213     0    15     1     3
     -0.5203060189 a       214     0    15     1     4
      0.6181680481 a       215     0    15     1     5
     -0.9023787750 a       216     0    15     1     6
     -0.0749514310 a       217     0    15     1     7
      0.2226524984 a       218     0    15     1     8
      0.9581614333 a       219     0    15     1     9
      0.4559053857 a       220     0    15     1    10
      0.7344175392 a       221     0    15     1    11
     -1.0171184691 a       222     0    15     1    12
      0.2896212713 a       223     0    15     1    13
      0.8562723567 a       224     0    15     1    14
      0.2351993248 a       225     0    15     1    15
      0.9665239902 a       226     0    16     1     1
      0.6155629330 a       227     0    16     1     2
     -0.4649427772 a       228     0    16     1     3
      0.7975142134 a       229     0    16     1     4
      0.3552782907 a       230     0    16     1     5
     -0.8587167678 a       231     0    16     1     6
     -0.8125440776 a       232     0    16     1     7
     -0.6862148577 a       233     0    16     1     8
      0.2485951431 a       234     0    16     1     9
     -0.1030177458 a       235     0    16     1    10
      0.3043732596 a       236     0    16     1    11
     -0.6513608616 a       237     0    16     1    12
     -0.8410550409 a       238     0    16     1    13
     -0.3413553349 a       239     0    16     1    14
      0.0213610614 a       240     0    16     1    15
      0.8550153812 a       241     0    17     1     1
     -0.3827284419 a       242     0    17     1     2
      0.2575612228 a       243     0    17     1     3
      0.3924053996 a       244     0    17     1     4
      0.2190544489 a       245     0    17     1     5
      0.2190934622 a       246     0    17     1     6
     -0.7561123336 a       247     0    17     1     7
      0.1088689023 a       248     0    17     1     8
      0.2664976900 a       249     0    17     1     9
     -0.8523561095 a       250     0    17     1    10
     -0.3561809291 a       251     0    17     1    11
      0.7270238943 a       252     0    17     1    12
      0.0968419514 a       253     0    17     1    13
     -0.1414219431 a       254     0    17     1    14
      0.7785236871 a       255     0    17     1    15
      0.2922641663 a       256     0    18     1     1
      0.5202986202 a       257     0    18     1     2
      0.7978783340 a       258     0    18     1     3
     -0.2265978007 a       259     0    18     1     4
     -0.3721485115 a       260     0    18     1     5
     -0.8639434246 a       261     0    18     1     6
     -0.8643273197 a       262     0    18     1     7
     -0.1554231789 a       263     0    18     1     8
     -0.5277859885 a       264     0    18     1     9
     -0.6354357531 a       265     0    18     1    10
     -0.3587027294 a       266     0    18     1    11
     -0.1511198372 a       267     0    18     1    12
      0.3341030258 a       268     0    18     1    13
      0.6816770790 a       269     0    18     1    14
      0.6323168985 a       270     0    18     1    15
     -0.3845931996 a       271     0    19     1     1
     -0.2664008404 a       272     0    19     1     2
      0.0416426068 a       273     0    19     1     3
      0.9855353605 a       274     0    19     1     4
     -0.5223275222 a       275     0    19     1     5
      0.9476207094 a       276     0    19     1     6
      0.9275319521 a       277     0    19     1     7
     -0.2035117994 a       278     0    19     1     8
     -0.7711626995 a       279     0    19     1     9
      0.5517133946 a       280     0    19     1    10
      0.7799422242 a       281     0    19     1    11
      0.4452635541 a       282     0    19     1    12
     -0.1241829997 a       283     0    19     1    13
     -0.9527833610 a       284     0    19     1    14
     -0.2990525140 a       285     0    19     1    15
     -0.6821694048 a       286     0    20     1     1
      0.6465887865 a       287     0    20     1     2
      0.7503849774 a       288     0    20     1     3
      0.3667288695 a       289     0    20     1     4
      0.9426761012 a       290     0    20     1     5
      0.4091908848 a       291     0    20     1     6
      0.0049986096 a       292     0    20     1     7
     -0.8417015615 a       293     0    20     1     8
     -0.4477434244 a       294     0    20     1     9
     -0.4924185572 a       295     0    20     1    10
      0.8119033270 a       296     0    20     1    11
     -0.8837542113 a       297     0    20     1    12
      0.7134462215 a       298     0    20     1    13
      0.1882801616 a       299     0    20     1    14
     -0.9265033604 a       300     0    20     1    15
      0.0224850434 a       301     0    21     1     1
      0.1324437013 a       302     0    21     1     2
      0.1264008260 a       303     0    21     1     3
      0.9012338617 a       304     0    21     1     4
      0.7686383858 a       305     0    21     1     5
     -0.6510320790 a       306     0    21     1     6
      0.7318080152 a       307     0    21     1     7
      0.9050602829 a       308     0    21     1     8
      0.7062638410 a       309     0    21     1     9
      0.9783195903 a       310     0    21     1    10
     -0.1098283805 a       311     0    21     1    11
     -0.8953669237 a       312     0    21     1    12
     -0.7156168827 a       313     0    21     1    13
      0.7970370997 a       314     0    21     1    14
     -0.2008484053 a       315     0    21     1    15
      0.6028982852 a       316     0    22     1     1
     -0.6099927084 a       317     0    22     1     2
     -0.2572604080 a       318     0    22     1     3
     -0.3766218110 a       319     0    22     1     4
     -0.5484700326 a       320     0    22     1     5
     -0.2281030520 a       321     0    22     1     6
     -0.4803098866 a       322     0    22     1     7
     -0.1851123763 a       323     0    22     1     8
      0.4726818935 a       324     0    22     1     9
      0.8835188832 a       325     0    22     1    10
      0.9122665988 a       326     0    22     1    11
      0.3809951936 a       327     0    22     1    12
     -0.0152625715 a       328     0    22     1    13
      0.5796441150 a       329     0    22     1    14
      0.3881128215 a       330     0    22     1    15
      0.8531234979 a       331     0    23     1     1
     -0.6038335516 a       332     0    23     1     2
      0.1687476001 a       333     0    23     1     3
     -0.0771839744 a       334     0    23     1     4
      0.8301893837 a       335     0    23     1     5
      0.1133703065 a       336     0    23     1     6
     -0.1432815134 a       337     0    23     1     7
     -0.3305175014 a       338     0    23     1     8
     -0.5785521327 a       339     0    23     1     9
     -0.6391736630 a       340     0    23     1    10
      0.0125056976 a       341     0    23     1    11
     -0.0111868008 a       342     0    23     1    12
      0.1482771318 a       343     0    23     1    13
     -0.7527884756 a       344     0    23     1    14
     -0.3349310369 a       345     0    23     1    15
      0.6911493821 a       346     0    24     1     1
     -0.5121656393 a       347     0    24     1     2
     -0.6346271636 a       348     0    24     1     3
     -0.3287974225 a       349     0    24     1     4
      1.0413558717 a       350     0    24     1     5
     -0.5812758949 a       351     0    24     1     6
      0.4244203301 a       352     0    24     1     7
     -0.0620218633 a       353     0    24     1     8
      0.6963845164 a       354     0    24     1     9
     -0.2956301576 a       355     0    24     1    10
      0.8117096161 a       356     0    24     1    11
      0.3614666687 a       357     0    24     1    12
     -0.7336718065 a       358     0    24     1    13
     -0.0485689267 a       359     0    24     1    14
     -0.7393953114 a       360     0    24     1    15
      0.2340420082 a       361     0    25     1     1
      0.1864876407 a       362     0    25     1     2
      0.3303394581 a       363     0    25     1     3
      0.6800545306 a       364     0    25     1     4
     -0.6962381862 a       365     0    25     1     5
      0.3191770379 a       366     0    25     1     6
      0.8058627362 a       367     0    25     1     7
      0.3165055361 a       368     0    25     1     8
     -0.2033270864 a       369     0    25     1     9
      0.1218398381 a       370     0    25     1    10
     -0.8063249248 a       371     0    25     1    11
     -0.6354987505 a       372     0    25     1    12
      0.4996525422 a       373     0    25     1    13
      0.3342044747 a       374     0    25     1    14
      0.5453996162 a       375     0    25     1    15
      0.3985369080 a       376     0    26     1     1
      0.0867835285 a       377     0    26     1     2
     -0.6442875897 a       378     0    26     1     3
     -0.6666278959 a       379     0    26     1     4
     -0.2107738735 a       380     0    26     1     5
     -0.0599860893 a       381     0    26     1     6
      0.1068557500 a       382     0    26     1     7
     -0.6680566166 a       383     0    26     1     8
      0.8866671188 a       384     0    26     1     9
      0.1031724628 a       385     0    26     1    10
      0.0072611879 a       386     0    26     1    11
     -0.4185264070 a       387     0    26     1    12
      0.4868957910 a       388     0    26     1    13
      0.1151507708 a       389     0    26     1    14
     -0.8431863080 a       390     0    26     1    15
      0.1573300173 a       391     0    27     1     1
     -0.5368804483 a       392     0    27     1     2
      0.1079736113 a       393     0    27     1     3
     -0.3267190326 a       394     0    27     1     4
     -0.2330552752 a       395     0    27     1     5
      0.3689471661 a       396     0    27     1     6
     -0.2483967176 a       397     0    27     1     7
     -0.7812033222 a       398     0    27     1     8
     -0.9684582097 a       399     0    27     1     9
      0.6298938305 a       400     0    27     1    10
     -0.8245847059 a       401     0    27     1    11
      0.6614457508 a       402     0    27     1    12
     -0.2444346164 a       403     0    27     1    13
      0.8853795539 a       404     0    27     1    14
      0.7468762479 a       405     0    27     1    15
      0.6573480607 b       406     1     1
     -0.4231738217 b       407     1     2
      1.1671249268 b       408     1     3
     -0.6761900359 b       409     1     4
      0.4670123754 b       410     1     5
     -0.1884053626 b       411     1     6
      0.5325679208 b       412     1     7
     -0.6760889492 b       413     1     8
      0.5686955753 b       414     1     9
      0.6225803388 b       415     1    10
      0.2911430589 b       416     1    11
     -0.6261773512 b       417     1    12
      0.8836530144 b       418     1    13
     -0.5604530381 b       419     1    14
     -0.5671208625 b       420     1    15
      0.6446628375 a       421     1     1     2     1
     -0.1050719371 a       422     1     1     2     2
      0.1168644686 a       423     1     1     2     3
     -0.4134363154 a       424     1     1     2     4
      0.6061751491 a       425     1     1     2     5
      0.7373358966 a       426     1     1     2     6
     -0.0295406583 a       427     1     1     2     7
     -0.0534072059 a       428     1     1     2     8
     -0.9259494102 a       429     1     1     2     9
      0.6654197588 a       430     1     1     2    10
     -0.1155818846 a       431     1     1     2    11
     -0.9798201081 a       432     1     1     2    12
      0.3528567556 a       433     1     1     2    13
     -0.8930046932 a       434     1     1     2    14
      0.9344386874 a       435     1     1     2    15
     -0.0976589542 a       436     1     2     2     1
     -0.1912731992 a       437     1     2     2     2
     -0.0493046133 a       438     1     2     2     3
      0.2165006295 a       439     1     2     2     4
      0.4840751414 a       440     1     2     2     5
     -0.9288136961 a       441     1     2     2     6
      0.8224213684 a       442     1     2     2     7
      0.4227092016 a       443     1     2     2     8
     -0.4289796216 a       444     1     2     2     9
     -0.1817652194 a       445     1     2     2    10
      0.1427378118 a       446     1     2     2    11
     -0.9124027790 a       447     1     2     2    12
      0.2630339687 a       448     1     2     2    13
      0.4165055626 a       449     1     2     2    14
      0.1628612858 a       450     1     2     2    15
     -0.5578448784 a       451     1     3     2     1
      0.7551229964 a       452     1     3     2     2
     -0.6414907196 a       453     1     3     2     3
     -0.2088711938 a       454     1     3     2     4
      0.9144518234 a       455     1     3     2     5
     -0.9345604800 a       456     1     3     2     6
     -0.8617038858 a       457     1     3     2     7
     -0.9140262993 a       458     1     3     2     8
      0.2326596973 a       459     1     3     2     9
     -0.3810922431 a       460     1     3     2    10
      0.5633048519 a       461     1     3     2    11
      0.0163559775 a       462     1     3     2    12
      0.9109466560 a       463     1     3     2    13
     -0.3112272904 a       464     1     3     2    14
     -0.2357077825 a       465     1     3     2    15
     -1.0047630203 a       466     1     4     2     1
      0.8061992417 a       467     1     4     2     2
      0.9120509603 a       468     1     4     2     3
     -0.4006877659 a       469     1     4     2     4
     -0.0490472106 a       470     1     4     2     5
      0.1640580358 a       471     1     4     2     6
      0.1007067965 a       472     1     4     2     7
     -0.8880970699 a       473     1     4     2     8
      0.5186430203 a       474     1     4     2     9
     -0.4651284842 a       475     1     4     2    10
      0.3998816558 a       476     1     4     2    11
      0.3492536688 a       477     1     4     2    12
     -0.0458032705 a       478     1     4     2    13
      0.8721284695 a       479     1     4     2    14
      0.2114196328 a       480     1     4     2    15
      0.1139077422 a       481     1     5     2     1
      0.8956428819 a       482     1     5     2     2
      0.8265047938 a       483     1     5     2     3
     -0.7091943141 a       484     1     5     2     4
     -0.2049940491 a       485     1     5     2     5
     -0.6905249987 a       486     1     5     2     6
     -0.1277018849 a       487     1     5     2     7
      0.3772288297 a       488     1     5     2     8
      0.3603430975 a       489     1     5     2     9
     -0.4656280946 a       490     1     5     2    10
      1.0215446001 a       491     1     5     2    11
     -0.8085523660 a       492     1     5     2    12
      0.9742026546 a       493     1     5     2    13
      0.1662751658 a       494     1     5     2    14
      0.9012197352 a       495     1     5     2    15
     -0.9401416418 a       496     1     6     2     1
      0.7206847916 a       497     1     6     2     2
      0.8080085607 a       498     1     6     2     3
     -0.1256122519 a       499     1     6     2     4
      0.8652558692 a       500     1     6     2     5
     -0.3842619893 a       501     1     6     2     6
      0.0125245908 a       502     1     6     2     7
      0.2276980713 a       503     1     6     2     8
     -0.2123369230 a       504     1     6     2     9
      0.4453643582 a       505     1     6     2    10
      0.4028959500 a       506     1     6     2    11
     -0.1692413723 a       507     1     6     2    12
      0.0535135828 a       508     1     6     2    13
     -0.6383152422 a       509     1     6     2    14
      0.2185914020 a       510     1     6     2    15
      0.4637428605 a       511     1     7     2     1
     -0.4491572555 a       512     1     7     2     2
     -0.6696566676 a       513     1     7     2     3
     -0.8882393320 a       514     1     7     2     4
     -0.1076522677 a       515     1     7     2     5
      0.0445888468 a       516     1     7     2     6
     -0.0377627827 a       517     1     7     2     7
      0.9167158202 a       518     1     7     2     8
     -0.4182260115 a       519     1     7     2     9
      0.9878303792 a       520     1     7     2    10
      0.8031404077 a       521     1     7     2    11
     -0.4730845671 a       522     1     7     2    12
     -0.5286350220 a       523     1     7     2    13
      0.9547763173 a       524     1     7     2    14
     -0.7475463060 a       525     1     7     2    15
     -0.5459064840 a       526     1     8     2     1
     -0.5795946346 a       527     1     8     2     2
      0.7063222064 a       528     1     8     2     3
      0.7775660008 a       529     1     8     2     4
     -0.5807237026 a       530     1     8     2     5
     -0.2203969457 a       531     1     8     2     6
     -0.8714218891 a       532     1     8     2     7
     -0.0000533753 a       533     1     8     2     8
      0.5726547314 a       534     1     8     2     9
     -0.9894772375 a       535     1     8     2    10
      0.7260900295 a       536     1     8     2    11
     -0.1374996332 a       537     1     8     2    12
     -0.7176497863 a       538     1     8     2    13
      0.3592853751 a       539     1     8     2    14
     -0.0440436206 a       540     1     8     2    15
     -0.6853500532 a       541     1     9     2     1
      0.5075877048 a       542     1     9     2     2
      0.7787248826 a       543     1     9     2     3
      0.2268487287 a       544     1     9     2     4
      0.5057524216 a       545     1     9     2     5
     -0.5126643265 a       546     1     9     2     6
     -0.6872703753 a       547     1     9     2     7
     -0.0756173848 a       548     1     9     2     8
     -0.7108047056 a       549     1     9     2     9
     -0.8090291151 a       550     1     9     2    10
     -0.0026454149 a       551     1     9     2    11
     -0.2675608242 a       552     1     9     2    12
      0.4343913280 a       553     1     9     2    13
     -0.0900736802 a       554     1     9     2    14
     -0.2338192207 a       555     1     9     2    15
      0.3572725045 a       556     1    10     2     1
     -0.5136821813 a       557     1    10     2     2
      0.5094776344 a       558     1    10     2     3
      0.3603134722 a       559     1    10     2     4
      0.4507622876 a       560     1    10     2     5
      0.7097513525 a       561     1    10     2     6
     -0.5993860942 a       562     1    10     2     7
     -0.0686627535 a       563     1    10     2     8
      0.5066550188 a       564     1    10     2     9
     -0.8433116971 a       565     1    10     2    10
      0.5585300193 a       566     1    10     2    11
     -0.0087592715 a       567     1    10     2    12
     -0.3459564048 a       568     1    10     2    13
      0.8317997422 a       569     1    10     2    14
     -0.1880115196 a       570     1    10     2    15
      0.1654649648 a       571     1    11     2     1
      0.4626586210 a       572     1    11     2     2
     -0.0918026826 a       573     1    11     2     3
      0.4323372354 a       574     1    11     2     4
     -0.7163494948 a       575     1    11     2     5
      0.2550108077 a       576     1    11     2     6
     -0.5973392411 a       577     1    11     2     7
     -0.5232736125 a       578     1    11     2     8
      0.2019217414 a       579     1    11     2     9
      0.7062620925 a       580     1    11     2    10
      0.5913509574 a       581     1    11     2    11
      0.9144677283 a       582     1    11     2    12
      0.6707447215 a       583     1    11     2    13
      0.5509956520 a       584     1    11     2    14
     -0.7869662783 a       585     1    11     2    15
      0.9108018805 a       586     1    12     2     1
     -0.1456685377 a       587     1    12     2     2
      0.6252499667 a       588     1    12     2     3
     -0.4562539638 a       589     1    12     2     4
     -0.3905157003 a       590     1    12     2     5
      0.6207382200 a       591     1    12     2     6
      0.0560335326 a       592     1    12     2     7
     -0.7906642838 a       593     1    12     2     8
      0.5042921098 a       594     1    12     2     9
      0.1587104136 a       595     1    12     2    10
      0.0397021371 a       596     1    12     2    11
     -0.2758231897 a       597     1    12     2    12
     -0.0000795233 a       598     1    12     2    13
     -0.3326557538 a       599     1    12     2    14
     -0.2971684481 a       600     1    12     2    15
      0.7061666745 a       601     1    13     2     1
     -0.1632976771 a       602     1    13     2     2
      0.8834430182 a       603     1    13     2     3
      0.8404418452 a       604     1    13     2     4
     -0.5891179233 a       605     1    13     2     5
      0.6713552128 a       606     1    13     2     6
     -0.6571501689 a       607     1    13     2     7
      0.3971871524 a       608     1    13     2     8
      0.4841780122 a       609     1    13     2     9
      0.6282362775 a       610     1    13     2    10
     -0.6311840775 a       611     1    13     2    11
      0.2479753819 a       612     1    13     2    12
     -0.4915580921 a       613     1    13     2    13
     -0.6503845369 a       614     1    13     2    14
      0.5085311440 a       615     1    13     2    15
      0.2929535835 a       616     1    14     2     1
     -0.2949776997 a       617     1    14     2     2
     -0.8642388136 a       618     1    14     2     3
      0.0085155007 a       619     1    14     2     4
      0.7946802722 a       620     1    14     2     5
     -0.8347981664 a       621     1    14     2     6
      0.9336725804 a       622     1    14     2     7
     -0.0369482866 a       623     1    14     2     8
      0.5952082173 a       624     1    14     2     9
     -1.0527584657 a       625     1    14     2    10
      0.1251006786 a       626     1    14     2    11
     -0.0419472941 a       627     1    14     2    12
     -0.3764976090 a       628     1    14     2    13
     -0.5320710043 a       629     1    14     2    14
     -0.3209492404 a       630     1    14     2    15
     -0.1217840621 a       631     1    15     2     1
      0.0263879180 a       632     1    15     2     2
      0.7034696192 a       633     1    15     2     3
     -0.9536648608 a       634     1    15     2     4
     -0.0002094773 a       635     1    15     2     5
     -0.0991682218 a       636     1    15     2     6
      0.0647050962 a       637     1    15     2     7
     -0.6037736495 a       638     1    15     2     8
     -0.2228267462 a       639     1    15     2     9
     -0.6962150443 a       640     1    15     2    10
     -0.4384017939 a       641     1    15     2    11
     -0.5908632378 a       642     1    15     2    12
     -0.4246657333 a       643     1    15     2    13
     -0.3111625849 a       644     1    15     2    14
      0.8860463130 a       645     1    15     2    15
      0.7515669284 b       646     2     1
     -0.3430004210 b       647     2     2
     -0.2198096336 b       648     2     3
      0.6260955012 b       649     2     4
     -0.9831512948 b       650     2     5
     -1.0178612753 b       651     2     6
      0.6694923555 b       652     2     7
     -0.7115234971 b       653     2     8
      0.1941334304 b       654     2     9
     -0.0807998618 b       655     2    10
      1.1542164445 b       656     2    11
     -0.4884274258 b       657     2    12
      0.3726539328 b       658     2    13
      0.2818629795 b       659     2    14
      0.7074832598 b       660     2    15
     -0.6513626096 a       661     2     1     3     1
      0.0380761175 a       662     2     2     3     1
      0.5219468950 a       663     2     3     3     1
      0.4585460556 a       664     2     4     3     1
     -0.1627277699 a       665     2     5     3     1
     -0.3692911084 a       666     2     6     3     1
      0.3458140917 a       667     2     7     3     1
      0.0614355346 a       668     2     8     3     1
     -0.0505148703 a       669     2     9     3     1
     -0.5416868596 a       670     2    10     3     1
     -1.2424376579 a       671     2    11     3     1
      0.6831920104 a       672     2    12     3     1
     -0.5847442599 a       673     2    13     3     1
      0.2751008858 a       674     2    14     3     1
      0.7697575489 a       675     2    15     3     1
     -0.7589714824 b       676     3     1
