     -0.3049243272 a         1     0     1     1     1
      0.2619543630 a         2     0     1     1     2
      0.9880907815 a         3     0     1     1     3
      0.4003696032 a         4     0     1     1     4
     -0.2592640865 a         5     0     1     1     5
     -0.6398607302 a         6     0     1     1     6
      0.9228093455 a         7     0     1     1     7
      0.4060123763 a         8     0     1     1     8
     -0.5905716934 a         9     0     1     1     9
      0.0312550922 a        10     0     1     1    10
      0.6044172294 a        11     0     1     1    11
     -0.1464127046 a        12     0     1     1    12
     -0.5611865104 a        13     0     1     1    13
     -0.4880352057 a        14     0     1     1    14
     -0.7924425204 a        15     0     1     1    15
     -0.8756400316 a        16     0     2     1     1
     -0.8409970343 a        17     0     2     1     2
      0.2477087015 a        18     0     2     1     3
      0.6198879358 a        19     0     2     1     4
      0.0567693973 a        20     0     2     1     5
     -0.8118070871 a        21     0     2     1     6
     -0.9104272522 a        22     0     2     1     7
      0.9722831905 a        23     0     2     1     8
     -0.5216767444 a        24     0     2     1     9
      0.5522738274 a        25     0     2     1    10
     -0.2825913004 a        26     0     2     1    11
     -0.3671571773 a        27     0     2     1    12
     -0.3207690356 a        28     0     2     1    13
     -0.9915243120 a        29     0     2     1    14
      0.7692980684 a        30     0     2     1    15
     -0.8399566411 a        31     0     3     1     1
      0.1191865000 a        32     0     3     1     2
     -0.7055643775 a        33     0     3     1     3
      0.6866065225 a        34     0     3     1     4
     -0.3860935440 a        35     0     3     1     5
      0.8242398503 a        36     0     3     1     6
      0.9113556509 a        37     0     3     1     7
      0.7365505919 a        38     0     3     1     8
      0.5425834768 a        39     0     3     1     9
     -0.2870625962 a        40     0     3     1    10
      0.0175805908 a        41     0     3     1    11
     -0.1137136324 a        42     0     3     1    12
     -0.5029855855 a        43     0     3     1    13
     -0.2238826642 a        44     0     3     1    14
      0.0756713755 a        45     0     3     1    15
     -0.4578173603 a        46     0     4     1     1
      0.6556196048 a        47     0     4     1     2
     -0.9005697942 a        48     0     4     1     3
     -0.7835244763 a        49     0     4     1     4
      0.6061766708 a        50     0     4     1     5
      0.7301915656 a        51     0     4     1     6
     -0.7591370628 a        52     0     4     1     7
      0.7351398889 a        53     0     4     1     8
      0.8403164252 a        54     0     4     1     9
      0.4986374934 a        55     0     4     1    10
      0.5036820373 a        56     0     4     1    11
      0.1640786480 a        57     0     4     1    12
     -0.1035547861 a        58     0     4     1    13
      0.0101767389 a        59     0     4     1    14
      0.8928893539 a        60     0     4     1    15
      0.2413153790 a        61     0     5     1     1
     -0.0127851391 a        62     0     5     1     2
     -0.1768142526 a        63     0     5     1     3
     -0.9531167034 a        64     0     5     1     4
      0.4527542781 a        65     0     5     1     5
     -0.2989463291 a        66     0     5     1     6
     -0.2819497337 a        67     0     5     1     7
     -0.8637713686 a        68     0     5     1     8
      0.9375434370 a        69     0     5     1     9
     -0.7206750077 a        70     0     5     1    10
     -0.8619329723 a        71     0     5     1    11
     -0.2186131031 a        72     0     5     1    12
     -0.3698008038 a        73     0     5     1    13
     -0.4896762331 a        74     0     5     1    14
     -0.1051078629 a        75     0     5     1    15
     -0.9812914673 a        76     0     6     1     1
      0.5440090470 a        77     0     6     1     2
     -0.6398106280 a        78     0     6     1     3
      0.8302970161 a        79     0     6     1     4
      0.3254946037 a        80     0     6     1     5
      0.4041832602 a        81     0     6     1     6
     -0.8933025091 a        82     0     6     1     7
     -0.5735355466 a        83     0     6     1     8
     -0.1831945622 a        84     0     6     1     9
     -0.2884900459 a        85     0     6     1    10
     -0.5082313742 a        86     0     6     1    11
      0.9213368612 a        87     0     6     1    12
     -0.9093672869 a        88     0     6     1    13
     -0.3966760477 a        89     0     6     1    14
     -0.0402556005 a        90     0     6     1    15
      0.6856920802 a        91     0     7     1     1
     -0.3455635049 a        92     0     7     1     2
      0.1526216504 a        93     0     7     1     3
      0.7249676180 a        94     0     7     1     4
      0.1342453526 a        95     0     7     1     5
     -0.8347686175 a        96     0     7     1     6
      0.6351681325 a        97     0     7     1     7
     -0.9231353399 a        98     0     7     1     8
     -0.1613888938 a        99     0     7     1     9
     -0.4563732616 a       100     0     7     1    10
     -0.3242802264 a       101     0     7     1    11
      0.5211251755 a       102     0     7     1    12
     -0.5458083303 a       103     0     7     1    13
     -0.4845386147 a       104     0     7     1    14
      0.4424847566 a       105     0     7     1    15
     -0.3273932340 a       106     0     8     1     1
      0.3950161512 a       107     0     8     1     2
      0.6069129595 a       108     0     8     1     3
      0.2707037381 a       109     0     8     1     4
     -0.2608144304 a       110     0     8     1     5
     -0.8072905605 a       111     0     8     1     6
      0.5444994807 a       112     0     8     1     7
     -0.9637453484 a       113     0     8     1     8
      0.0578854423 a       114     0     8     1     9
      0.8354235458 a       115     0     8     1    10
      0.1518611692 a       116     0     8     1    11
      0.2000843302 a       117     0     8     1    12
     -0.2574947379 a       118     0     8     1    13
      0.9284705065 a       119     0     8     1    14
     -0.3310558341 a       120     0     8     1    15
      0.4975732884 a       121     0     9     1     1
      0.6066873062 a       122     0     9     1     2
      0.8768366473 a       123     0     9     1     3
      0.4734165422 a       124     0     9     1     4
      0.8921443018 a       125     0     9     1     5
      0.5476316765 a       126     0     9     1     6
     -0.1253428042 a       127     0     9     1     7
      0.1191686410 a       128     0     9     1     8
      0.2897523856 a       129     0     9     1     9
      0.9637478838 a       130     0     9     1    10
     -0.7757572424 a       131     0     9     1    11
     -0.0476539754 a       132     0     9     1    12
     -0.0998384585 a       133     0     9     1    13
      0.1956281246 a       134     0     9     1    14
     -0.5945378511 a       135     0     9     1    15
      0.1362738470 a       136     0    10     1     1
      0.3681651434 a       137     0    10     1     2
     -0.9235925768 a       138     0    10     1     3
     -0.3647147022 a       139     0    10     1     4
     -0.2898112823 a       140     0    10     1     5
     -0.2534878452 a       141     0    10     1     6
     -0.0138433708 a       142     0    10     1     7
     -0.9921413844 a       143     0    10     1     8
      0.4182910779 a       144     0    10     1     9
      0.5430905665 a       145     0    10     1    10
      0.4976515686 a       146     0    10     1    11
     -0.4861833300 a       147     0    10     1    12
     -0.1611517795 a       148     0    10     1    13
     -0.5488422468 a       149     0    10     1    14
     -0.6403980880 a       150     0    10     1    15
      0.1827890609 a       151     0    11     1     1
     -0.1471654336 a       152     0    11     1     2
      0.1287796063 a       153     0    11     1     3
      0.3783418978 a       154     0    11     1     4
     -0.9315641473 a       155     0    11     1     5
     -0.4484541462 a       156     0    11     1     6
      0.7543061211 a       157     0    11     1     7
     -0.2518404223 a       158     0    11     1     8
      0.5287463948 a       159     0    11     1     9
     -0.1020425536 a       160     0    11     1    10
     -0.8261902822 a       161     0    11     1    11
      0.6078112075 a       162     0    11     1    12
     -0.5982871427 a       163     0    11     1    13
      0.0623329795 a       164     0    11     1    14
     -0.7714051052 a       165     0    11     1    15
      0.0421451787 a       166     0    12     1     1
     -0.3078777620 a       167     0    12     1     2
     -0.1462946580 a       168     0    12     1     3
      0.8479937711 a       169     0    12     1     4
      0.6483146037 a       170     0    12     1     5
     -0.4810289722 a       171     0    12     1     6
     -0.6044636132 a       172     0    12     1     7
     -0.2490000986 a       173     0    12     1     8
      0.5126629420 a       174     0    12     1     9
      0.2008248750 a       175     0    12     1    10
      0.1051779917 a       176     0    12     1    11
      0.4065358927 a       177     0    12     1    12
      0.8981877311 a       178     0    12     1    13
     -0.4117896204 a       179     0    12     1    14
      0.2753431179 a       180     0    12     1    15
      0.1869585672 a       181     0    13     1     1
     -0.2132894116 a       182     0    13     1     2
     -0.5509367647 a       183     0    13     1     3
     -0.4523689626 a       184     0    13     1     4
     -0.6966025183 a       185     0    13     1     5
      0.6248201354 a       186     0    13     1     6
      0.2127330319 a       187     0    13     1     7
     -0.8536474469 a       188     0    13     1     8
     -0.2061821773 a       189     0    13     1     9
      0.4670273320 a       190     0    13     1    10
     -0.6718485384 a       191     0    13     1    11
      0.5242473460 a       192     0    13     1    12
      0.2985835924 a       193     0    13     1    13
     -0.7055208322 a       194     0    13     1    14
      0.8106467715 a       195     0    13     1    15
      0.3878717076 a       196     0    14     1     1
      0.4165491698 a       197     0    14     1     2
      0.6065860217 a       198     0    14     1     3
     -0.8100146282 a       199     0    14     1     4
      0.8217064610 a       200     0    14     1     5
      0.9644304006 a       201     0    14     1     6
     -0.3537309822 a       202     0    14     1     7
      0.4575820200 a       203     0    14     1     8
     -0.6161147262 a       204     0    14     1     9
     -0.0736454035 a       205     0    14     1    10
      0.6722451181 a       206     0    14     1    11
      0.4017126971 a       207     0    14     1    12
     -0.8493265172 a       208     0    14     1    13
      0.8224583432 a       209     0    14     1    14
     -0.5770884270 a       210     0    14     1    15
     -0.9326302379 a       211     0    15     1     1
      0.3050998762 a       212     0    15     1     2
     -0.9170591137 a       213     0    15     1     3
      0.4162457253 a       214     0    15     1     4
      0.7865039983 a       215     0    15     1     5
      0.7131749054 a       216     0    15     1     6
      0.2700539002 a       217     0    15     1     7
      0.6496700345 a       218     0    15     1     8
     -0.1056129353 a       219     0    15     1     9
     -0.4486104327 a       220     0    15     1    10
      0.1074093229 a       221     0    15     1    11
      0.3495326532 a       222     0    15     1    12
     -0.3786041955 a       223     0    15     1    13
     -0.6386080105 a       224     0    15     1    14
     -0.6666874544 a       225     0    15     1    15
      0.3682131841 a       226     0    16     1     1
      0.4728503028 a       227     0    16     1     2
     -0.9107352178 a       228     0    16     1     3
     -0.0858169171 a       229     0    16     1     4
      0.3486225939 a       230     0    16     1     5
      0.6713414904 a       231     0    16     1     6
      0.1682160510 a       232     0    16     1     7
      0.4382899460 a       233     0    16     1     8
      0.9358309940 a       234     0    16     1     9
      0.9853138553 a       235     0    16     1    10
     -0.0384010846 a       236     0    16     1    11
      1.0012069992 a       237     0    16     1    12
      0.2215432218 a       238     0    16     1    13
      0.9711636494 a       239     0    16     1    14
     -0.4872741735 a       240     0    16     1    15
      0.9399058986 a       241     0    17     1     1
     -0.9161662135 a       242     0    17     1     2
      0.6999110914 a       243     0    17     1     3
      0.2682258234 a       244     0    17     1     4
     -0.4670071657 a       245     0    17     1     5
     -0.0290646232 a       246     0    17     1     6
      0.0968638790 a       247     0    17     1     7
      0.1115125689 a       248     0    17     1     8
      0.0992077713 a       249     0    17     1     9
      0.5381003905 a       250     0    17     1    10
     -0.2580881947 a       251     0    17     1    11
     -0.2126099351 a       252     0    17     1    12
      0.2256480275 a       253     0    17     1    13
     -0.9610774586 a       254     0    17     1    14
      0.8269046779 a       255     0    17     1    15
      0.1803373834 a       256     0    18     1     1
      0.2928495047 a       257     0    18     1     2
     -0.1842789750 a       258     0    18     1     3
      0.4171363461 a       259     0    18     1     4
     -0.5767358422 a       260     0    18     1     5
     -0.1219044643 a       261     0    18     1     6
      0.7307796728 a       262     0    18     1     7
      0.7572386045 a       263     0    18     1     8
      0.6511587904 a       264     0    18     1     9
      0.2810959542 a       265     0    18     1    10
      0.3147053326 a       266     0    18     1    11
      0.6465912285 a       267     0    18     1    12
     -0.4901432857 a       268     0    18     1    13
      0.8058689800 a       269     0    18     1    14
     -0.5842829290 a       270     0    18     1    15
     -0.5286848385 a       271     0    19     1     1
     -0.2826871875 a       272     0    19     1     2
     -0.0885100578 a       273     0    19     1     3
      0.0857470919 a       274     0    19     1     4
      0.0797048336 a       275     0    19     1     5
     -0.2325059092 a       276     0    19     1     6
      0.6266531332 a       277     0    19     1     7
     -0.7176527942 a       278     0    19     1     8
     -0.5265280205 a       279     0    19     1     9
     -0.4098545480 a       280     0    19     1    10
      0.1185177653 a       281     0    19     1    11
      0.8252901871 a       282     0    19     1    12
     -0.1950599697 a       283     0    19     1    13
      0.8536197451 a       284     0    19     1    14
      0.4736854148 a       285     0    19     1    15
     -0.4808453830 a       286     0    20     1     1
      0.0745611188 a       287     0    20     1     2
      0.4282908495 a       288     0    20     1     3
     -0.7854107429 a       289     0    20     1     4
      0.2996827762 a       290     0    20     1     5
     -0.6973983295 a       291     0    20     1     6
      0.0835108231 a       292     0    20     1     7
     -0.1737389151 a       293     0    20     1     8
      0.3864282882 a       294     0    20     1     9
     -0.0451773838 a       295     0    20     1    10
     -0.2734753744 a       296     0    20     1    11
     -0.4104452375 a       297     0    20     1    12
     -0.3672331953 a       298     0    20     1    13
     -0.2044144569 a       299     0    20     1    14
     -0.1210149539 a       300     0    20     1    15
      0.8496319442 a       301     0    21     1     1
      0.2532947270 a       302     0    21     1     2
      0.6861248568 a       303     0    21     1     3
     -0.1124923434 a       304     0    21     1     4
      0.2718264155 a       305     0    21     1     5
     -0.7778742384 a       306     0    21     1     6
     -0.5505826717 a       307     0    21     1     7
     -0.2557459295 a       308     0    21     1     8
      0.7257004775 a       309     0    21     1     9
      0.8846330831 a       310     0    21     1    10
     -0.6987731153 a       311     0    21     1    11
     -0.9726813391 a       312     0    21     1    12
     -0.4048260140 a       313     0    21     1    13
      0.0809703679 a       314     0    21     1    14
     -0.1272787466 a       315     0    21     1    15
      0.4684795147 a       316     0    22     1     1
     -0.1858096723 a       317     0    22     1     2
      0.3276767930 a       318     0    22     1     3
      0.4976873398 a       319     0    22     1     4
     -0.1018788833 a       320     0    22     1     5
     -0.6628931618 a       321     0    22     1     6
     -0.3145979304 a       322     0    22     1     7
      0.4645946725 a       323     0    22     1     8
     -0.7234382828 a       324     0    22     1     9
      0.6434369717 a       325     0    22     1    10
      0.4747859459 a       326     0    22     1    11
     -0.7239352633 a       327     0    22     1    12
     -0.2199486641 a       328     0    22     1    13
     -0.1935326301 a       329     0    22     1    14
     -0.5977382638 a       330     0    22     1    15
     -0.9385938315 a       331     0    23     1     1
     -0.9203402745 a       332     0    23     1     2
      0.7897166200 a       333     0    23     1     3
     -0.6573374298 a       334     0    23     1     4
     -0.6730816618 a       335     0    23     1     5
      0.6640904554 a       336     0    23     1     6
      0.0565500462 a       337     0    23     1     7
      0.4724513002 a       338     0    23     1     8
      0.4899849512 a       339     0    23     1     9
     -0.2153165464 a       340     0    23     1    10
      0.0054896695 a       341     0    23     1    11
     -0.2398313681 a       342     0    23     1    12
     -0.5695113061 a       343     0    23     1    13
     -0.4029953612 a       344     0    23     1    14
     -0.1145852487 a       345     0    23     1    15
     -0.1466910467 a       346     0    24     1     1
      0.2548213835 a       347     0    24     1     2
      0.4002310134 a       348     0    24     1     3
      0.4337755735 a       349     0    24     1     4
      0.2341640840 a       350     0    24     1     5
     -0.6513136313 a       351     0    24     1     6
     -0.3673621241 a       352     0    24     1     7
      0.8865567722 a       353     0    24     1     8
      0.8039647379 a       354     0    24     1     9
     -0.8528594829 a       355     0    24     1    10
     -0.4850300715 a       356     0    24     1    11
     -0.0635201905 a       357     0    24     1    12
     -0.4350464605 a       358     0    24     1    13
     -0.1925800916 a       359     0    24     1    14
     -0.8473731943 a       360     0    24     1    15
     -0.0027809604 a       361     0    25     1     1
      0.8367054755 a       362     0    25     1     2
      0.2043085134 a       363     0    25     1     3
      0.2580444383 a       364     0    25     1     4
      0.0066519009 a       365     0    25     1     5
      0.6057731398 a       366     0    25     1     6
     -0.8668566822 a       367     0    25     1     7
     -0.2196753871 a       368     0    25     1     8
      0.5976425755 a       369     0    25     1     9
      0.7061800661 a       370     0    25     1    10
     -0.8288708474 a       371     0    25     1    11
     -0.2519138707 a       372     0    25     1    12
      0.8626761413 a       373     0    25     1    13
      0.8439738116 a       374     0    25     1    14
     -0.7099288401 a       375     0    25     1    15
      0.6929758414 a       376     0    26     1     1
     -0.4475274206 a       377     0    26     1     2
     -0.2866980582 a       378     0    26     1     3
      0.0279924063 a       379     0    26     1     4
     -0.5800584998 a       380     0    26     1     5
     -0.6020773806 a       381     0    26     1     6
      0.5696136173 a       382     0    26     1     7
     -0.9245819959 a       383     0    26     1     8
      0.5489204734 a       384     0    26     1     9
      0.3835226133 a       385     0    26     1    10
     -0.4125482015 a       386     0    26     1    11
      0.3427405039 a       387     0    26     1    12
     -0.2149737579 a       388     0    26     1    13
     -0.5015291522 a       389     0    26     1    14
      0.9052067578 a       390     0    26     1    15
     -0.7301051395 a       391     0    27     1     1
      0.6892342248 a       392     0    27     1     2
     -0.9318383775 a       393     0    27     1     3
      0.9050182085 a       394     0    27     1     4
     -0.2953209005 a       395     0    27     1     5
      0.3435959480 a       396     0    27     1     6
      0.5322505719 a       397     0    27     1     7
      0.0908172968 a       398     0    27     1     8
     -0.3352370267 a       399     0    27     1     9
     -0.6704728596 a       400     0    27     1    10
     -0.2019490979 a       401     0    27     1    11
      0.5702194507 a       402     0    27     1    12
     -0.1538953503 a       403     0    27     1    13
      0.6764334827 a       404     0    27     1    14
      0.0029870564 a       405     0    27     1    15
     -0.2297833670 a       406     0    28     1     1
      0.9064617297 a       407     0    28     1     2
      0.7250124616 a       408     0    28     1     3
     -0.1433218531 a       409     0    28     1     4
     -0.9752620481 a       410     0    28     1     5
      0.1865604317 a       411     0    28     1     6
     -0.5643759858 a       412     0    28     1     7
      0.8385211350 a       413     0    28     1     8
     -0.2346428991 a       414     0    28     1     9
     -0.1086386654 a       415     0    28     1    10
      0.9760654073 a       416     0    28     1    11
      0.9716398514 a       417     0    28     1    12
     -0.6323928679 a       418     0    28     1    13
      0.2745203065 a       419     0    28     1    14
      0.4654460060 a       420     0    28     1    15
     -0.2540759808 a       421     0    29     1     1
      0.5722607445 a       422     0    29     1     2
      0.2122572373 a       423     0    29     1     3
     -0.1136842516 a       424     0    29     1     4
      0.7797656265 a       425     0    29     1     5
      0.1892805433 a       426     0    29     1     6
     -0.1285856635 a       427     0    29     1     7
      0.1170178019 a       428     0    29     1     8
      0.5570539456 a       429     0    29     1     9
      0.0076658838 a       430     0    29     1    10
      0.0507232673 a       431     0    29     1    11
      0.2032184840 a       432     0    29     1    12
     -0.2281570403 a       433     0    29     1    13
     -0.2682666744 a       434     0    29     1    14
     -0.8887645079 a       435     0    29     1    15
     -0.3993620590 a       436     0    30     1     1
      0.5214940713 a       437     0    30     1     2
      0.4537057852 a       438     0    30     1     3
      0.8162255161 a       439     0    30     1     4
      0.4174820550 a       440     0    30     1     5
     -0.2181691442 a       441     0    30     1     6
     -0.3689750538 a       442     0    30     1     7
     -0.3937158045 a       443     0    30     1     8
      0.7000980773 a       444     0    30     1     9
      0.7088666708 a       445     0    30     1    10
     -0.0842397468 a       446     0    30     1    11
      0.3312329228 a       447     0    30     1    12
     -0.5544712886 a       448     0    30     1    13
      0.1875996173 a       449     0    30     1    14
      0.1905694595 a       450     0    30     1    15
      0.5945762701 b       451     1     1
      0.4054074479 b       452     1     2
      0.8030135676 b       453     1     3
      0.5664174205 b       454     1     4
     -0.8566940528 b       455     1     5
      0.3882764845 b       456     1     6
     -0.5125372064 b       457     1     7
      0.0461485194 b       458     1     8
      0.7341373856 b       459     1     9
     -0.5308658356 b       460     1    10
     -0.6506226997 b       461     1    11
     -0.4081529706 b       462     1    12
     -0.6983560778 b       463     1    13
     -0.9597417628 b       464     1    14
     -0.6469220286 b       465     1    15
      0.4037766822 a       466     1     1     2     1
      0.4053445100 a       467     1     1     2     2
      0.3008302137 a       468     1     1     2     3
     -0.6247563621 a       469     1     1     2     4
     -0.0804863347 a       470     1     1     2     5
      0.1953388034 a       471     1     1     2     6
      0.4007139643 a       472     1     1     2     7
     -0.6034175961 a       473     1     1     2     8
      0.8895532441 a       474     1     1     2     9
     -0.6731490154 a       475     1     1     2    10
     -0.7304790030 a       476     1     1     2    11
     -0.6824827267 a       477     1     1     2    12
     -0.4240932307 a       478     1     1     2    13
     -0.4555250937 a       479     1     1     2    14
      0.4611522557 a       480     1     1     2    15
      0.9585937269 a       481     1     2     2     1
      0.8153895147 a       482     1     2     2     2
      0.6854924444 a       483     1     2     2     3
     -0.7191618240 a       484     1     2     2     4
     -0.7946497069 a       485     1     2     2     5
     -0.2824817772 a       486     1     2     2     6
      0.4407533724 a       487     1     2     2     7
     -0.2204476064 a       488     1     2     2     8
      0.6978051498 a       489     1     2     2     9
      0.1496642548 a       490     1     2     2    10
     -1.0327609280 a       491     1     2     2    11
     -0.9351972115 a       492     1     2     2    12
     -0.5479234743 a       493     1     2     2    13
     -0.2768851525 a       494     1     2     2    14
     -0.8127217157 a       495     1     2     2    15
     -0.3250980805 a       496     1     3     2     1
     -0.6867417180 a       497     1     3     2     2
     -0.1696935909 a       498     1     3     2     3
      0.7572128614 a       499     1     3     2     4
     -0.8615565721 a       500     1     3     2     5
      0.5860566279 a       501     1     3     2     6
     -0.0981664182 a       502     1     3     2     7
     -0.0889997978 a       503     1     3     2     8
      0.5477880673 a       504     1     3     2     9
      0.2415285732 a       505     1     3     2    10
      0.4713432749 a       506     1     3     2    11
     -0.5592270220 a       507     1     3     2    12
     -0.7893840536 a       508     1     3     2    13
     -0.6192640089 a       509     1     3     2    14
      0.4623990503 a       510     1     3     2    15
     -0.9491488486 a       511     1     4     2     1
     -0.5550876196 a       512     1     4     2     2
     -0.6729440907 a       513     1     4     2     3
      0.0916929609 a       514     1     4     2     4
      0.4735027255 a       515     1     4     2     5
      0.3716525762 a       516     1     4     2     6
     -0.7298158825 a       517     1     4     2     7
     -0.5079848606 a       518     1     4     2     8
      0.3922809201 a       519     1     4     2     9
      0.6128760627 a       520     1     4     2    10
     -0.5646344620 a       521     1     4     2    11
      0.8839747400 a       522     1     4     2    12
     -0.9239256517 a       523     1     4     2    13
     -0.8720713846 a       524     1     4     2    14
      0.1463431678 a       525     1     4     2    15
     -0.7284198716 a       526     1     5     2     1
     -0.9996728704 a       527     1     5     2     2
      0.6363672146 a       528     1     5     2     3
     -0.7542030263 a       529     1     5     2     4
     -0.4639290274 a       530     1     5     2     5
      0.6404983046 a       531     1     5     2     6
     -0.2573587610 a       532     1     5     2     7
      0.3055429386 a       533     1     5     2     8
      0.0133595864 a       534     1     5     2     9
     -0.1399371004 a       535     1     5     2    10
     -0.6526199182 a       536     1     5     2    11
     -0.8250470496 a       537     1     5     2    12
      0.4952113216 a       538     1     5     2    13
     -0.3788027885 a       539     1     5     2    14
      0.6532845652 a       540     1     5     2    15
      0.9036017709 a       541     1     6     2     1
     -0.4587522379 a       542     1     6     2     2
     -0.9350384104 a       543     1     6     2     3
     -0.7978059496 a       544     1     6     2     4
      0.3653072859 a       545     1     6     2     5
     -0.6204083869 a       546     1     6     2     6
     -0.1413941853 a       547     1     6     2     7
     -0.7114693947 a       548     1     6     2     8
     -0.2057592120 a       549     1     6     2     9
      0.7441352171 a       550     1     6     2    10
     -0.4346935861 a       551     1     6     2    11
     -0.6670887808 a       552     1     6     2    12
      0.3215096873 a       553     1     6     2    13
     -0.2295197221 a       554     1     6     2    14
      0.8541136417 a       555     1     6     2    15
     -0.8009250185 a       556     1     7     2     1
      0.5253621483 a       557     1     7     2     2
      0.1967065220 a       558     1     7     2     3
     -0.2480969011 a       559     1     7     2     4
     -0.4153630841 a       560     1     7     2     5
     -0.3126298290 a       561     1     7     2     6
     -0.9370548951 a       562     1     7     2     7
     -0.9694723360 a       563     1     7     2     8
     -0.8634592910 a       564     1     7     2     9
      0.5709560272 a       565     1     7     2    10
     -0.2463312607 a       566     1     7     2    11
      1.0020023812 a       567     1     7     2    12
     -0.6596288148 a       568     1     7     2    13
     -0.7697064953 a       569     1     7     2    14
     -0.2399890811 a       570     1     7     2    15
      0.7465545538 a       571     1     8     2     1
     -0.0023543633 a       572     1     8     2     2
     -0.9660518670 a       573     1     8     2     3
      0.6921922017 a       574     1     8     2     4
     -0.1239742929 a       575     1     8     2     5
      0.8767965386 a       576     1     8     2     6
      0.3854681631 a       577     1     8     2     7
     -0.3089167900 a       578     1     8     2     8
     -0.8333081344 a       579     1     8     2     9
      0.6692970415 a       580     1     8     2    10
     -0.1993463931 a       581     1     8     2    11
     -0.4605519439 a       582     1     8     2    12
      0.1297095799 a       583     1     8     2    13
     -0.3393977223 a       584     1     8     2    14
      0.9026994835 a       585     1     8     2    15
     -0.2891101627 a       586     1     9     2     1
      0.9127274046 a       587     1     9     2     2
      0.8103893521 a       588     1     9     2     3
     -0.6311875390 a       589     1     9     2     4
      0.9403754077 a       590     1     9     2     5
      0.5974397863 a       591     1     9     2     6
      0.9784677840 a       592     1     9     2     7
      0.5113368040 a       593     1     9     2     8
      0.2543016142 a       594     1     9     2     9
      0.2794550918 a       595     1     9     2    10
      0.4326629849 a       596     1     9     2    11
     -0.7794528328 a       597     1     9     2    12
     -0.4912082963 a       598     1     9     2    13
     -0.4747031660 a       599     1     9     2    14
     -0.0792411838 a       600     1     9     2    15
      0.7294845060 a       601     1    10     2     1
      0.4466961081 a       602     1    10     2     2
     -0.9612465966 a       603     1    10     2     3
     -0.2253657630 a       604     1    10     2     4
      0.8959783062 a       605     1    10     2     5
      0.7899057979 a       606     1    10     2     6
      0.3087942848 a       607     1    10     2     7
      0.2632136342 a       608     1    10     2     8
     -0.1494316681 a       609     1    10     2     9
      0.4957436339 a       610     1    10     2    10
     -0.5085681477 a       611     1    10     2    11
     -0.3360933366 a       612     1    10     2    12
     -0.3971406868 a       613     1    10     2    13
     -0.7134595851 a       614     1    10     2    14
      0.9192852578 a       615     1    10     2    15
      0.7732849139 a       616     1    11     2     1
     -0.4677576704 a       617     1    11     2     2
     -0.1913045971 a       618     1    11     2     3
     -0.2085582996 a       619     1    11     2     4
     -0.2121190057 a       620     1    11     2     5
     -0.9861907035 a       621     1    11     2     6
     -0.4163830456 a       622     1    11     2     7
     -0.5555766668 a       623     1    11     2     8
     -0.7622094855 a       624     1    11     2     9
      0.5372576336 a       625     1    11     2    10
      0.8815576224 a       626     1    11     2    11
     -0.5885111690 a       627     1    11     2    12
     -0.5718248133 a       628     1    11     2    13
      0.8897289353 a       629     1    11     2    14
     -0.8133875416 a       630     1    11     2    15
     -0.8293326381 a       631     1    12     2     1
     -0.9799554727 a       632     1    12     2     2
     -0.0934844941 a       633     1    12     2     3
      0.7228925018 a       634     1    12     2     4
      1.0115373430 a       635     1    12     2     5
      0.5635966065 a       636     1    12     2     6
      0.4784755300 a       637     1    12     2     7
      0.5757952958 a       638     1    12     2     8
     -0.1781323674 a       639     1    12     2     9
     -0.9878260727 a       640     1    12     2    10
     -0.4159301496 a       641     1    12     2    11
     -0.4496759326 a       642     1    12     2    12
      0.3097524964 a       643     1    12     2    13
     -0.2776614773 a       644     1    12     2    14
     -0.5316750655 a       645     1    12     2    15
     -0.2456438755 a       646     1    13     2     1
      0.6909261291 a       647     1    13     2     2
     -0.5518178340 a       648     1    13     2     3
     -0.9849660222 a       649     1    13     2     4
     -0.0460508323 a       650     1    13     2     5
      0.6722183093 a       651     1    13     2     6
      0.9145970466 a       652     1    13     2     7
     -0.4729295089 a       653     1    13     2     8
     -0.6715740215 a       654     1    13     2     9
     -0.7418682070 a       655     1    13     2    10
      0.8199685640 a       656     1    13     2    11
     -0.1796319456 a       657     1    13     2    12
     -0.9477287134 a       658     1    13     2    13
     -0.0652450872 a       659     1    13     2    14
      0.5760642494 a       660     1    13     2    15
     -0.6028784709 a       661     1    14     2     1
     -0.8266194234 a       662     1    14     2     2
     -0.4513275717 a       663     1    14     2     3
     -0.7836991711 a       664     1    14     2     4
     -0.2234025338 a       665     1    14     2     5
     -0.6823674269 a       666     1    14     2     6
     -0.3221933447 a       667     1    14     2     7
     -0.5945257275 a       668     1    14     2     8
      0.6586376448 a       669     1    14     2     9
     -0.5459012470 a       670     1    14     2    10
      0.8523737235 a       671     1    14     2    11
     -0.6876806492 a       672     1    14     2    12
      0.1454748033 a       673     1    14     2    13
      0.4305783007 a       674     1    14     2    14
      0.9259394569 a       675     1    14     2    15
     -0.8881346765 a       676     1    15     2     1
     -0.2328756567 a       677     1    15     2     2
     -0.5992900681 a       678     1    15     2     3
      0.2159853474 a       679     1    15     2     4
     -0.5325617110 a       680     1    15     2     5
     -0.0176063720 a       681     1    15     2     6
      0.8397432947 a       682     1    15     2     7
     -0.0915135622 a       683     1    15     2     8
      0.1903380172 a       684     1    15     2     9
      0.7408055397 a       685     1    15     2    10
     -0.2453128849 a       686     1    15     2    11
      0.4359763407 a       687     1    15     2    12
     -0.8166063413 a       688     1    15     2    13
     -0.7617309094 a       689     1    15     2    14
     -0.9568857240 a       690     1    15     2    15
      0.4742062284 b       691     2     1
      0.0634372959 b       692     2     2
      0.9281598182 b       693     2     3
      0.7015567892 b       694     2     4
      0.1782061022 b       695     2     5
      0.6353658276 b       696     2     6
     -0.8683278253 b       697     2     7
      0.5376551613 b       698     2     8
     -0.0660304553 b       699     2     9
      0.8248781490 b       700     2    10
      0.6061416793 b       701     2    11
      0.9692567630 b       702     2    12
      0.2504405160 b       703     2    13
      0.5440087443 b       704     2    14
      0.4504460972 b       705     2    15
     -0.2934929146 a       706     2     1     3     1
      0.4090310226 a       707     2     2     3     1
     -0.7958125681 a       708     2     3     3     1
     -0.6402191317 a       709     2     4     3     1
     -0.6125989394 a       710     2     5     3     1
      0.1347051708 a       711     2     6     3     1
      0.0426276250 a       712     2     7     3     1
     -0.8015145417 a       713     2     8     3     1
      0.4455374304 a       714     2     9     3     1
      1.2307039830 a       715     2    10     3     1
     -1.0262919507 a       716     2    11     3     1
     -0.4694427246 a       717     2    12     3     1
     -0.0943783027 a       718     2    13     3     1
      0.1557085379 a       719     2    14     3     1
     -0.4578808217 a       720     2    15     3     1
     -0.4619717242 b       721     3     1
