     -0.7711060628 a         1     0     1     1     1
     -0.8139277690 a         2     0     1     1     2
     -0.0968021618 a         3     0     1     1     3
      0.8989547455 a         4     0     1     1     4
     -0.8146931203 a         5     0     1     1     5
     -0.0122809269 a         6     0     1     1     6
      0.7481336977 a         7     0     1     1     7
      0.8801766871 a         8     0     1     1     8
     -0.4320662279 a         9     0     1     1     9
      0.3103813874 a        10     0     1     1    10
     -0.8012536716 a        11     0     1     1    11
     -0.5133977482 a        12     0     1     1    12
      0.8522939359 a        13     0     1     1    13
      0.6968913800 a        14     0     1     1    14
     -0.8023963397 a        15     0     1     1    15
     -0.5584103676 a        16     0     2     1     1
      0.3616710495 a        17     0     2     1     2
     -0.9076695534 a        18     0     2     1     3
     -0.9233143399 a        19     0     2     1     4
     -0.3493628137 a        20     0     2     1     5
      0.4146836332 a        21     0     2     1     6
      0.1794024127 a        22     0     2     1     7
     -0.7937941381 a        23     0     2     1     8
     -0.7731293754 a        24     0     2     1     9
      0.2493547193 a        25     0     2     1    10
      0.9678780059 a        26     0     2     1    11
     -0.0152558136 a        27     0     2     1    12
      0.8672098303 a        28     0     2     1    13
     -0.3363858608 a        29     0     2     1    14
      0.2260221294 a        30     0     2     1    15
      0.4874913740 a        31     0     3     1     1
      0.7179466074 a        32     0     3     1     2
     -0.0057524122 a        33     0     3     1     3
     -0.9138067860 a        34     0     3     1     4
     -0.1641545623 a        35     0     3     1     5
      0.4238632818 a        36     0     3     1     6
     -0.6138208215 a        37     0     3     1     7
     -0.1965595191 a        38     0     3     1     8
     -0.3004955760 a        39     0     3     1     9
      0.6761445484 a        40     0     3     1    10
     -0.6288527613 a        41     0     3     1    11
      0.1093706029 a        42     0     3     1    12
      0.3764792138 a        43     0     3     1    13
      0.3444991173 a        44     0     3     1    14
     -0.3825268079 a        45     0     3     1    15
     -0.0832320583 a        46     0     4     1     1
      0.5954295912 a        47     0     4     1     2
     -0.0510110371 a        48     0     4     1     3
     -0.6834542697 a        49     0     4     1     4
     -0.2087088952 a        50     0     4     1     5
      0.8356480643 a        51     0     4     1     6
      0.1025215923 a        52     0     4     1     7
      0.6292135172 a        53     0     4     1     8
     -0.4250162080 a        54     0     4     1     9
      0.6913756452 a        55     0     4     1    10
      0.7079625449 a        56     0     4     1    11
     -0.9440797298 a        57     0     4     1    12
     -0.2790337565 a        58     0     4     1    13
      0.9643767448 a        59     0     4     1    14
      0.6057405717 a        60     0     4     1    15
      0.5164658396 a        61     0     5     1     1
     -0.2998821690 a        62     0     5     1     2
      0.2886452635 a        63     0     5     1     3
     -0.8008139801 a        64     0     5     1     4
     -0.8293541080 a        65     0     5     1     5
     -0.7348632655 a        66     0     5     1     6
     -0.8364035051 a        67     0     5     1     7
     -0.4307821126 a        68     0     5     1     8
     -0.8905153214 a        69     0     5     1     9
      0.1614368484 a        70     0     5     1    10
     -0.5550108279 a        71     0     5     1    11
     -0.9859177787 a        72     0     5     1    12
     -0.7346865936 a        73     0     5     1    13
      0.7893562764 a        74     0     5     1    14
      0.6016887189 a        75     0     5     1    15
      0.0187584275 a        76     0     6     1     1
     -0.4205226927 a        77     0     6     1     2
     -0.2303072982 a        78     0     6     1     3
     -0.1447322541 a        79     0     6     1     4
      0.4790260713 a        80     0     6     1     5
     -0.8706616370 a        81     0     6     1     6
      0.7507931919 a        82     0     6     1     7
      0.8775857267 a        83     0     6     1     8
     -0.2682768280 a        84     0     6     1     9
     -0.5068320039 a        85     0     6     1    10
      0.9076478345 a        86     0     6     1    11
     -0.6858482555 a        87     0     6     1    12
      0.3204091346 a        88     0     6     1    13
     -0.3953248429 a        89     0     6     1    14
     -0.5607577238 a        90     0     6     1    15
     -0.4772394035 a        91     0     7     1     1
     -0.6691478793 a        92     0     7     1     2
      0.9452682879 a        93     0     7     1     3
     -0.2234615625 a        94     0     7     1     4
     -0.0082857245 a        95     0     7     1     5
     -0.3303652068 a        96     0     7     1     6
      0.9149621094 a        97     0     7     1     7
     -0.7222399682 a        98     0     7     1     8
     -0.4687740255 a        99     0     7     1     9
      0.7554711767 a       100     0     7     1    10
     -0.8390573854 a       101     0     7     1    11
     -0.2397603951 a       102     0     7     1    12
     -0.5691984403 a       103     0     7     1    13
      0.6141039171 a       104     0     7     1    14
      0.9813765489 a       105     0     7     1    15
     -0.5746333237 a       106     0     8     1     1
     -0.3676166481 a       107     0     8     1     2
     -0.7573863454 a       108     0     8     1     3
      0.7274925341 a       109     0     8     1     4
      0.5155576221 a       110     0     8     1     5
      0.6822682394 a       111     0     8     1     6
     -0.6731264633 a       112     0     8     1     7
     -0.0584077619 a       113     0     8     1     8
      0.8738852000 a       114     0     8     1     9
     -0.9761657643 a       115     0     8     1    10
      0.2761144726 a       116     0     8     1    11
      0.2812163436 a       117     0     8     1    12
      0.6733857121 a       118     0     8     1    13
      0.0546559778 a       119     0     8     1    14
     -0.1899385847 a       120     0     8     1    15
     -0.1086711230 a       121     0     9     1     1
     -0.2984992333 a       122     0     9     1     2
     -0.8861545038 a       123     0     9     1     3
     -0.4211360124 a       124     0     9     1     4
      0.7290105641 a       125     0     9     1     5
     -0.7130196835 a       126     0     9     1     6
     -0.5423349402 a       127     0     9     1     7
     -0.5927646887 a       128     0     9     1     8
      0.0309093681 a       129     0     9     1     9
      0.3151113065 a       130     0     9     1    10
      0.2893836485 a       131     0     9     1    11
      0.9219094644 a       132     0     9     1    12
     -0.6546609947 a       133     0     9     1    13
      0.1859407763 a       134     0     9     1    14
      0.3463812081 a       135     0     9     1    15
     -0.5032496249 a       136     0    10     1     1
     -0.3698346226 a       137     0    10     1     2
      0.1553542914 a       138     0    10     1     3
      0.9782380400 a       139     0    10     1     4
     -0.3187182210 a       140     0    10     1     5
     -0.8599907886 a       141     0    10     1     6
     -0.1377675599 a       142     0    10     1     7
      0.4844874950 a       143     0    10     1     8
     -0.5394637934 a       144     0    10     1     9
      0.7359118050 a       145     0    10     1    10
     -0.9417625670 a       146     0    10     1    11
     -0.8914162252 a       147     0    10     1    12
      0.6133949846 a       148     0    10     1    13
     -0.9934709231 a       149     0    10     1    14
      0.3976630243 a       150     0    10     1    15
     -0.2621500574 a       151     0    11     1     1
      0.2821005922 a       152     0    11     1     2
     -0.7295585552 a       153     0    11     1     3
     -0.1582665639 a       154     0    11     1     4
      0.5867716562 a       155     0    11     1     5
      0.1877067853 a       156     0    11     1     6
      0.0462211687 a       157     0    11     1     7
     -0.8874706906 a       158     0    11     1     8
     -0.3751135234 a       159     0    11     1     9
      0.0792130342 a       160     0    11     1    10
     -0.8200997639 a       161     0    11     1    11
     -0.0177648690 a       162     0    11     1    12
      0.6993752458 a       163     0    11     1    13
      0.0705167585 a       164     0    11     1    14
     -0.2752564156 a       165     0    11     1    15
      0.9386249939 a       166     0    12     1     1
      0.9462256201 a       167     0    12     1     2
      0.0500039045 a       168     0    12     1     3
      0.2167049319 a       169     0    12     1     4
     -0.6892924593 a       170     0    12     1     5
      0.5649400796 a       171     0    12     1     6
     -0.7645968157 a       172     0    12     1     7
     -0.8526803227 a       173     0    12     1     8
      0.3163636794 a       174     0    12     1     9
     -0.1535257133 a       175     0    12     1    10
      0.6468397056 a       176     0    12     1    11
      0.0211303061 a       177     0    12     1    12
     -0.6056056067 a       178     0    12     1    13
      0.1888243114 a       179     0    12     1    14
      0.3811731082 a       180     0    12     1    15
      0.0892932671 a       181     0    13     1     1
      0.0715207659 a       182     0    13     1     2
     -0.8563927550 a       183     0    13     1     3
     -0.1471476329 a       184     0    13     1     4
      0.7716858106 a       185     0    13     1     5
      0.3835502348 a       186     0    13     1     6
      0.7918818377 a       187     0    13     1     7
     -0.0125632799 a       188     0    13     1     8
     -0.3719151930 a       189     0    13     1     9
     -0.9309366201 a       190     0    13     1    10
      0.3947009020 a       191     0    13     1    11
     -0.9858325004 a       192     0    13     1    12
     -0.8707676181 a       193     0    13     1    13
     -0.1762204222 a       194     0    13     1    14
     -0.1894261238 a       195     0    13     1    15
     -0.3046081793 a       196     0    14     1     1
      0.0526826911 a       197     0    14     1     2
     -0.1473877727 a       198     0    14     1     3
     -0.2033775072 a       199     0    14     1     4
      0.1041093369 a       200     0    14     1     5
      0.7004591456 a       201     0    14     1     6
     -0.6298991138 a       202     0    14     1     7
     -0.4012127546 a       203     0    14     1     8
     -0.7164399565 a       204     0    14     1     9
      0.2655624208 a       205     0    14     1    10
     -0.6606358797 a       206     0    14     1    11
      0.2163460008 a       207     0    14     1    12
      0.4687222074 a       208     0    14     1    13
     -0.8080114795 a       209     0    14     1    14
     -0.9499384934 a       210     0    14     1    15
      0.3851309777 a       211     0    15     1     1
      0.8837915869 a       212     0    15     1     2
     -0.6374272099 a       213     0    15     1     3
     -0.5304824260 a       214     0    15     1     4
      0.6151745642 a       215     0    15     1     5
     -0.8901402228 a       216     0    15     1     6
     -0.0809174214 a       217     0    15     1     7
      0.2454725623 a       218     0    15     1     8
      0.9633455323 a       219     0    15     1     9
      0.4658099067 a       220     0    15     1    10
      0.7095749198 a       221     0    15     1    11
     -1.0172736286 a       222     0    15     1    12
      0.3024088463 a       223     0    15     1    13
      0.8530572977 a       224     0    15     1    14
      0.2488615672 a       225     0    15     1    15
      0.9664499715 a       226     0    16     1     1
      0.6205909629 a       227     0    16     1     2
     -0.4564795879 a       228     0    16     1     3
      0.8029080039 a       229     0    16     1     4
      0.3539139159 a       230     0    16     1     5
     -0.8706385519 a       231     0    16     1     6
     -0.8160111774 a       232     0    16     1     7
     -0.6984944987 a       233     0    16     1     8
      0.2488792732 a       234     0    16     1     9
     -0.1047981770 a       235     0    16     1    10
      0.3081892300 a       236     0    16     1    11
     -0.6492073496 a       237     0    16     1    12
     -0.8610326963 a       238     0    16     1    13
     -0.3302310581 a       239     0    16     1    14
      0.0212917670 a       240     0    16     1    15
      0.8544711103 a       241     0    17     1     1
     -0.3940177375 a       242     0    17     1     2
      0.2597713908 a       243     0    17     1     3
      0.4051900462 a       244     0    17     1     4
      0.2325975623 a       245     0    17     1     5
      0.2315719315 a       246     0    17     1     6
     -0.7610876321 a       247     0    17     1     7
      0.1169915344 a       248     0    17     1     8
      0.2649124549 a       249     0    17     1     9
     -0.8508359083 a       250     0    17     1    10
     -0.3561211843 a       251     0    17     1    11
      0.7172067609 a       252     0    17     1    12
      0.1061476546 a       253     0    17     1    13
     -0.1509342703 a       254     0    17     1    14
      0.7876746312 a       255     0    17     1    15
      0.2843009135 a       256     0    18     1     1
      0.5196441333 a       257     0    18     1     2
      0.7955413406 a       258     0    18     1     3
     -0.2337849531 a       259     0    18     1     4
     -0.3763845438 a       260     0    18     1     5
     -0.8750214078 a       261     0    18     1     6
     -0.8718452193 a       262     0    18     1     7
     -0.1596441382 a       263     0    18     1     8
     -0.5361034146 a       264     0    18     1     9
     -0.6403781754 a       265     0    18     1    10
     -0.3520786164 a       266     0    18     1    11
     -0.1470487946 a       267     0    18     1    12
      0.3334063100 a       268     0    18     1    13
      0.6840570578 a       269     0    18     1    14
      0.6287615247 a       270     0    18     1    15
     -0.3765144327 a       271     0    19     1     1
     -0.2776598361 a       272     0    19     1     2
      0.0446087235 a       273     0    19     1     3
      0.9897233666 a       274     0    19     1     4
     -0.5186689156 a       275     0    19     1     5
      0.9571996208 a       276     0    19     1     6
      0.9344082787 a       277     0    19     1     7
     -0.1995394665 a       278     0    19     1     8
     -0.7730419748 a       279     0    19     1     9
      0.5552640673 a       280     0    19     1    10
      0.7767370127 a       281     0    19     1    11
      0.4437361821 a       282     0    19     1    12
     -0.1191322337 a       283     0    19     1    13
     -0.9561867795 a       284     0    19     1    14
     -0.2922937828 a       285     0    19     1    15
     -0.6855443471 a       286     0    20     1     1
      0.6444189183 a       287     0    20     1     2
      0.7455677318 a       288     0    20     1     3
      0.3675544557 a       289     0    20     1     4
      0.9422625970 a       290     0    20     1     5
      0.4109555954 a       291     0    20     1     6
     -0.0072725201 a       292     0    20     1     7
     -0.8343292560 a       293     0    20     1     8
     -0.4513225986 a       294     0    20     1     9
     -0.4918123979 a       295     0    20     1    10
      0.8063440659 a       296     0    20     1    11
     -0.8868872493 a       297     0    20     1    12
      0.7225292058 a       298     0    20     1    13
      0.1870255620 a       299     0    20     1    14
     -0.9196150939 a       300     0    20     1    15
      0.0250695844 a       301     0    21     1     1
      0.1288924226 a       302     0    21     1     2
      0.1280696099 a       303     0    21     1     3
      0.9086004578 a       304     0    21     1     4
      0.7754119443 a       305     0    21     1     5
     -0.6438358787 a       306     0    21     1     6
      0.7317218588 a       307     0    21     1     7
      0.9129781143 a       308     0    21     1     8
      0.7072971399 a       309     0    21     1     9
      0.9830935252 a       310     0    21     1    10
     -0.1148288481 a       311     0    21     1    11
     -0.9005275303 a       312     0    21     1    12
     -0.7122549153 a       313     0    21     1    13
      0.7978324388 a       314     0    21     1    14
     -0.1928544676 a       315     0    21     1    15
      0.6072614508 a       316     0    22     1     1
     -0.6162077771 a       317     0    22     1     2
     -0.2577348591 a       318     0    22     1     3
     -0.3701171735 a       319     0    22     1     4
     -0.5452471461 a       320     0    22     1     5
     -0.2183813747 a       321     0    22     1     6
     -0.4806792733 a       322     0    22     1     7
     -0.1786579156 a       323     0    22     1     8
      0.4737721840 a       324     0    22     1     9
      0.8876378971 a       325     0    22     1    10
      0.9115835296 a       326     0    22     1    11
      0.3774026631 a       327     0    22     1    12
     -0.0078156581 a       328     0    22     1    13
      0.5756600813 a       329     0    22     1    14
      0.3931757515 a       330     0    22     1    15
      0.8545724428 a       331     0    23     1     1
     -0.6067912525 a       332     0    23     1     2
      0.1658097959 a       333     0    23     1     3
     -0.0740760331 a       334     0    23     1     4
      0.8301937869 a       335     0    23     1     5
      0.1175988263 a       336     0    23     1     6
     -0.1530242776 a       337     0    23     1     7
     -0.3225572156 a       338     0    23     1     8
     -0.5797646117 a       339     0    23     1     9
     -0.6369317681 a       340     0    23     1    10
      0.0040957873 a       341     0    23     1    11
     -0.0147719591 a       342     0    23     1    12
      0.1559098028 a       343     0    23     1    13
     -0.7535109511 a       344     0    23     1    14
     -0.3258803702 a       345     0    23     1    15
      0.6990322680 a       346     0    24     1     1
     -0.5079644270 a       347     0    24     1     2
     -0.6445963068 a       348     0    24     1     3
     -0.3401936209 a       349     0    24     1     4
      1.0252389223 a       350     0    24     1     5
     -0.5807158794 a       351     0    24     1     6
      0.4175232708 a       352     0    24     1     7
     -0.0555373520 a       353     0    24     1     8
      0.6972434550 a       354     0    24     1     9
     -0.2926955840 a       355     0    24     1    10
      0.7994831107 a       356     0    24     1    11
      0.3671382034 a       357     0    24     1    12
     -0.7237171403 a       358     0    24     1    13
     -0.0442587011 a       359     0    24     1    14
     -0.7366674845 a       360     0    24     1    15
      0.2332610309 a       361     0    25     1     1
      0.1850239078 a       362     0    25     1     2
      0.3338694202 a       363     0    25     1     3
      0.6946998280 a       364     0    25     1     4
     -0.6876265453 a       365     0    25     1     5
      0.3238423114 a       366     0    25     1     6
      0.7989097560 a       367     0    25     1     7
      0.3225853632 a       368     0    25     1     8
     -0.2000770099 a       369     0    25     1     9
      0.1257651417 a       370     0    25     1    10
     -0.8085614711 a       371     0    25     1    11
     -0.6439347878 a       372     0    25     1    12
      0.4987567464 a       373     0    25     1    13
      0.3362456072 a       374     0    25     1    14
      0.5540760307 a       375     0    25     1    15
      0.4063642698 a       376     0    26     1     1
      0.0819123019 a       377     0    26     1     2
     -0.6428656667 a       378     0    26     1     3
     -0.6670776453 a       379     0    26     1     4
     -0.2151243492 a       380     0    26     1     5
     -0.0597756938 a       381     0    26     1     6
      0.1062179643 a       382     0    26     1     7
     -0.6686174711 a       383     0    26     1     8
      0.8847125516 a       384     0    26     1     9
      0.1050372177 a       385     0    26     1    10
      0.0021152828 a       386     0    26     1    11
     -0.4171539037 a       387     0    26     1    12
      0.4862365533 a       388     0    26     1    13
      0.1176003275 a       389     0    26     1    14
     -0.8373007707 a       390     0    26     1    15
      0.1733528613 a       391     0    27     1     1
     -0.5345567268 a       392     0    27     1     2
      0.1179968190 a       393     0    27     1     3
     -0.3431944519 a       394     0    27     1     4
     -0.2467494077 a       395     0    27     1     5
      0.3559178910 a       396     0    27     1     6
     -0.2291930141 a       397     0    27     1     7
     -0.7989528264 a       398     0    27     1     8
     -0.9747730049 a       399     0    27     1     9
      0.6297922914 a       400     0    27     1    10
     -0.8276169249 a       401     0    27     1    11
      0.6771630354 a       402     0    27     1    12
     -0.2671077238 a       403     0    27     1    13
      0.9008576653 a       404     0    27     1    14
      0.7445988203 a       405     0    27     1    15
      0.6685927181 b       406     1     1
     -0.4075457690 b       407     1     2
      1.1376094100 b       408     1     3
     -0.6339830855 b       409     1     4
      0.5007299231 b       410     1     5
     -0.1741240326 b       411     1     6
      0.5333504238 b       412     1     7
     -0.6321169007 b       413     1     8
      0.5510626045 b       414     1     9
      0.6196475519 b       415     1    10
      0.2873714158 b       416     1    11
     -0.5996593677 b       417     1    12
      0.8353348147 b       418     1    13
     -0.5317680629 b       419     1    14
     -0.5149372035 b       420     1    15
      0.6353040474 a       421     1     1     2     1
     -0.1069776280 a       422     1     1     2     2
      0.1342781395 a       423     1     1     2     3
     -0.4293053502 a       424     1     1     2     4
      0.6104320322 a       425     1     1     2     5
      0.7540111349 a       426     1     1     2     6
     -0.0197136691 a       427     1     1     2     7
     -0.0531249894 a       428     1     1     2     8
     -0.9270716571 a       429     1     1     2     9
      0.6521347046 a       430     1     1     2    10
     -0.1373897865 a       431     1     1     2    11
     -0.9940057024 a       432     1     1     2    12
      0.3474714987 a       433     1     1     2    13
     -0.8997873285 a       434     1     1     2    14
      0.9373564696 a       435     1     1     2    15
     -0.0974485066 a       436     1     2     2     1
     -0.1819860560 a       437     1     2     2     2
     -0.0541718517 a       438     1     2     2     3
      0.2331792770 a       439     1     2     2     4
      0.4740680136 a       440     1     2     2     5
     -0.9446528463 a       441     1     2     2     6
      0.8274124643 a       442     1     2     2     7
      0.4233762722 a       443     1     2     2     8
     -0.4277900346 a       444     1     2     2     9
     -0.1844150214 a       445     1     2     2    10
      0.1389206405 a       446     1     2     2    11
     -0.9085423613 a       447     1     2     2    12
      0.2640694864 a       448     1     2     2    13
      0.4364471724 a       449     1     2     2    14
      0.1593823715 a       450     1     2     2    15
     -0.5613566173 a       451     1     3     2     1
      0.7625736219 a       452     1     3     2     2
     -0.6452392575 a       453     1     3     2     3
     -0.2298348968 a       454     1     3     2     4
      0.9165205872 a       455     1     3     2     5
     -0.9211438825 a       456     1     3     2     6
     -0.8555027425 a       457     1     3     2     7
     -0.9148911498 a       458     1     3     2     8
      0.2306031802 a       459     1     3     2     9
     -0.3861799666 a       460     1     3     2    10
      0.5396034503 a       461     1     3     2    11
     -0.0055169127 a       462     1     3     2    12
      0.9071543222 a       463     1     3     2    13
     -0.3201020910 a       464     1     3     2    14
     -0.2436317563 a       465     1     3     2    15
     -1.0019082175 a       466     1     4     2     1
      0.8189182929 a       467     1     4     2     2
      0.9074860256 a       468     1     4     2     3
     -0.4012700816 a       469     1     4     2     4
     -0.0550348359 a       470     1     4     2     5
      0.1498871420 a       471     1     4     2     6
      0.0846928186 a       472     1     4     2     7
     -0.8869405390 a       473     1     4     2     8
      0.5180104984 a       474     1     4     2     9
     -0.4626157711 a       475     1     4     2    10
      0.4173768907 a       476     1     4     2    11
      0.3767535716 a       477     1     4     2    12
     -0.0429232522 a       478     1     4     2    13
      0.8844378252 a       479     1     4     2    14
      0.2261755504 a       480     1     4     2    15
      0.1098033417 a       481     1     5     2     1
      0.8594323903 a       482     1     5     2     2
      0.8659117602 a       483     1     5     2     3
     -0.7029832144 a       484     1     5     2     4
     -0.1846057288 a       485     1     5     2     5
     -0.6581899185 a       486     1     5     2     6
     -0.1192485176 a       487     1     5     2     7
      0.3767785235 a       488     1     5     2     8
      0.3639930057 a       489     1     5     2     9
     -0.4742149856 a       490     1     5     2    10
      1.0397117749 a       491     1     5     2    11
     -0.8453730096 a       492     1     5     2    12
      0.9876912582 a       493     1     5     2    13
      0.1350400862 a       494     1     5     2    14
      0.9001902026 a       495     1     5     2    15
     -0.9374075514 a       496     1     6     2     1
      0.7321811452 a       497     1     6     2     2
      0.7991605524 a       498     1     6     2     3
     -0.1344216468 a       499     1     6     2     4
      0.8619696195 a       500     1     6     2     5
     -0.3872353193 a       501     1     6     2     6
      0.0041427974 a       502     1     6     2     7
      0.2277602854 a       503     1     6     2     8
     -0.2133266685 a       504     1     6     2     9
      0.4523822616 a       505     1     6     2    10
      0.4058537563 a       506     1     6     2    11
     -0.1535395665 a       507     1     6     2    12
      0.0529964812 a       508     1     6     2    13
     -0.6330013639 a       509     1     6     2    14
      0.2164422386 a       510     1     6     2    15
      0.4579981441 a       511     1     7     2     1
     -0.4686302942 a       512     1     7     2     2
     -0.6519993810 a       513     1     7     2     3
     -0.8870336046 a       514     1     7     2     4
     -0.0946147160 a       515     1     7     2     5
      0.0656278860 a       516     1     7     2     6
     -0.0328689693 a       517     1     7     2     7
      0.9157224528 a       518     1     7     2     8
     -0.4169728464 a       519     1     7     2     9
      0.9859188211 a       520     1     7     2    10
      0.8026268612 a       521     1     7     2    11
     -0.5041914134 a       522     1     7     2    12
     -0.5305990611 a       523     1     7     2    13
      0.9345926153 a       524     1     7     2    14
     -0.7502515405 a       525     1     7     2    15
     -0.5386949953 a       526     1     8     2     1
     -0.5763642539 a       527     1     8     2     2
      0.6971198058 a       528     1     8     2     3
      0.8078067290 a       529     1     8     2     4
     -0.5890223636 a       530     1     8     2     5
     -0.2484220218 a       531     1     8     2     6
     -0.8801711559 a       532     1     8     2     7
      0.0013142946 a       533     1     8     2     8
      0.5736109540 a       534     1     8     2     9
     -0.9799904099 a       535     1     8     2    10
      0.7467102396 a       536     1     8     2    11
     -0.1205484969 a       537     1     8     2    12
     -0.7102933181 a       538     1     8     2    13
      0.3710972348 a       539     1     8     2    14
     -0.0363819094 a       540     1     8     2    15
     -0.6945753323 a       541     1     9     2     1
      0.4949871146 a       542     1     9     2     2
      0.8052933953 a       543     1     9     2     3
      0.2404273398 a       544     1     9     2     4
      0.5172969730 a       545     1     9     2     5
     -0.4937430439 a       546     1     9     2     6
     -0.6838347470 a       547     1     9     2     7
     -0.0761426847 a       548     1     9     2     8
     -0.7079795193 a       549     1     9     2     9
     -0.8214455456 a       550     1     9     2    10
     -0.0046781963 a       551     1     9     2    11
     -0.3005176901 a       552     1     9     2    12
      0.4425057194 a       553     1     9     2    13
     -0.1122681892 a       554     1     9     2    14
     -0.2475556603 a       555     1     9     2    15
      0.3564016596 a       556     1    10     2     1
     -0.5040342807 a       557     1    10     2     2
      0.5038340960 a       558     1    10     2     3
      0.3293063270 a       559     1    10     2     4
      0.4547978101 a       560     1    10     2     5
      0.7249948207 a       561     1    10     2     6
     -0.5993347143 a       562     1    10     2     7
     -0.0696180165 a       563     1    10     2     8
      0.5049422135 a       564     1    10     2     9
     -0.8443473827 a       565     1    10     2    10
      0.5542187686 a       566     1    10     2    11
     -0.0300507772 a       567     1    10     2    12
     -0.3506033674 a       568     1    10     2    13
      0.8295580012 a       569     1    10     2    14
     -0.2009872869 a       570     1    10     2    15
      0.1667612130 a       571     1    11     2     1
      0.4236560030 a       572     1    11     2     2
     -0.0611812817 a       573     1    11     2     3
      0.4510286617 a       574     1    11     2     4
     -0.7016076069 a       575     1    11     2     5
      0.2697882561 a       576     1    11     2     6
     -0.5954132571 a       577     1    11     2     7
     -0.5230566316 a       578     1    11     2     8
      0.2033099035 a       579     1    11     2     9
      0.7123587864 a       580     1    11     2    10
      0.6163083577 a       581     1    11     2    11
      0.9017460962 a       582     1    11     2    12
      0.6807096793 a       583     1    11     2    13
      0.5235532476 a       584     1    11     2    14
     -0.7817048838 a       585     1    11     2    15
      0.9165981724 a       586     1    12     2     1
     -0.1305901189 a       587     1    12     2     2
      0.5944308578 a       588     1    12     2     3
     -0.4578836231 a       589     1    12     2     4
     -0.3956222311 a       590     1    12     2     5
      0.6156364731 a       591     1    12     2     6
      0.0466861550 a       592     1    12     2     7
     -0.7937505492 a       593     1    12     2     8
      0.5054708176 a       594     1    12     2     9
      0.1662282301 a       595     1    12     2    10
      0.0451393942 a       596     1    12     2    11
     -0.2579792751 a       597     1    12     2    12
      0.0049542164 a       598     1    12     2    13
     -0.3364796141 a       599     1    12     2    14
     -0.3212291801 a       600     1    12     2    15
      0.7026670051 a       601     1    13     2     1
     -0.1627113170 a       602     1    13     2     2
      0.8935317319 a       603     1    13     2     3
      0.8266870580 a       604     1    13     2     4
     -0.5908130853 a       605     1    13     2     5
      0.6739579697 a       606     1    13     2     6
     -0.6487020721 a       607     1    13     2     7
      0.3987101270 a       608     1    13     2     8
      0.4807469484 a       609     1    13     2     9
      0.6284305189 a       610     1    13     2    10
     -0.6521308105 a       611     1    13     2    11
      0.2528216695 a       612     1    13     2    12
     -0.4988561949 a       613     1    13     2    13
     -0.6497466363 a       614     1    13     2    14
      0.5206589173 a       615     1    13     2    15
      0.3022079817 a       616     1    14     2     1
     -0.3031772909 a       617     1    14     2     2
     -0.8747222507 a       618     1    14     2     3
      0.0138594234 a       619     1    14     2     4
      0.7929055260 a       620     1    14     2     5
     -0.8466477604 a       621     1    14     2     6
      0.9295398913 a       622     1    14     2     7
     -0.0373820836 a       623     1    14     2     8
      0.5957552122 a       624     1    14     2     9
     -1.0415464745 a       625     1    14     2    10
      0.1560005424 a       626     1    14     2    11
     -0.0326921115 a       627     1    14     2    12
     -0.3717461208 a       628     1    14     2    13
     -0.5229745960 a       629     1    14     2    14
     -0.3099300832 a       630     1    14     2    15
     -0.1144076939 a       631     1    15     2     1
      0.0292897922 a       632     1    15     2     2
      0.6953522851 a       633     1    15     2     3
     -0.9483991288 a       634     1    15     2     4
     -0.0018734519 a       635     1    15     2     5
     -0.1094798165 a       636     1    15     2     6
      0.0527955955 a       637     1    15     2     7
     -0.6040054454 a       638     1    15     2     8
     -0.2219454257 a       639     1    15     2     9
     -0.6885147578 a       640     1    15     2    10
     -0.4125700016 a       641     1    15     2    11
     -0.5777071341 a       642     1    15     2    12
     -0.4170669370 a       643     1    15     2    13
     -0.3050920720 a       644     1    15     2    14
      0.8967732236 a       645     1    15     2    15
      0.7465957681 b       646     2     1
     -0.3382093575 b       647     2     2
     -0.2066213536 b       648     2     3
      0.6028029059 b       649     2     4
     -0.9811817353 b       650     2     5
     -1.0031532053 b       651     2     6
      0.6779846981 b       652     2     7
     -0.7108315159 b       653     2     8
      0.1916262249 b       654     2     9
     -0.0880461163 b       655     2    10
      1.1415440129 b       656     2    11
     -0.5112599309 b       657     2    12
      0.3722522260 b       658     2    13
      0.2757235643 b       659     2    14
      0.7073102900 b       660     2    15
     -0.6462817225 a       661     2     1     3     1
     -0.0307971129 a       662     2     2     3     1
      0.5956941972 a       663     2     3     3     1
      0.5212430047 a       664     2     4     3     1
     -0.1460784013 a       665     2     5     3     1
     -0.3497261079 a       666     2     6     3     1
      0.3705299777 a       667     2     7     3     1
      0.0812809860 a       668     2     8     3     1
     -0.0251860466 a       669     2     9     3     1
     -0.5152996700 a       670     2    10     3     1
     -1.2299712239 a       671     2    11     3     1
      0.7050316456 a       672     2    12     3     1
     -0.5837483705 a       673     2    13     3     1
      0.2108803628 a       674     2    14     3     1
      0.7898131061 a       675     2    15     3     1
     -0.7563945275 b       676     3     1
