     -0.7651133195 a         1     0     1     1     1
     -0.8104089432 a         2     0     1     1     2
     -0.1002308030 a         3     0     1     1     3
      0.9126117029 a         4     0     1     1     4
     -0.8180140047 a         5     0     1     1     5
     -0.0012141471 a         6     0     1     1     6
      0.7296025337 a         7     0     1     1     7
      0.8899410818 a         8     0     1     1     8
     -0.4184535050 a         9     0     1     1     9
      0.3114144198 a        10     0     1     1    10
     -0.8149003251 a        11     0     1     1    11
     -0.5198549894 a        12     0     1     1    12
      0.8615614407 a        13     0     1     1    13
      0.6890710800 a        14     0     1     1    14
     -0.7946732191 a        15     0     1     1    15
     -0.5528182758 a        16     0     2     1     1
      0.3649440881 a        17     0     2     1     2
     -0.9045251081 a        18     0     2     1     3
     -0.9068655834 a        19     0     2     1     4
     -0.3497198627 a        20     0     2     1     5
      0.4224631423 a        21     0     2     1     6
      0.1638582107 a        22     0     2     1     7
     -0.7858733801 a        23     0     2     1     8
     -0.7613499020 a        24     0     2     1     9
      0.2497486311 a        25     0     2     1    10
      0.9486470876 a        26     0     2     1    11
     -0.0223838590 a        27     0     2     1    12
      0.8691494609 a        28     0     2     1    13
     -0.3373401944 a        29     0     2     1    14
      0.2377274463 a        30     0     2     1    15
      0.4913620855 a        31     0     3     1     1
      0.7205186046 a        32     0     3     1     2
     -0.0067589651 a        33     0     3     1     3
     -0.9038907366 a        34     0     3     1     4
     -0.1683280977 a        35     0     3     1     5
      0.4291592140 a        36     0     3     1     6
     -0.6244084432 a        37     0     3     1     7
     -0.1930955632 a        38     0     3     1     8
     -0.2900485356 a        39     0     3     1     9
      0.6753466092 a        40     0     3     1    10
     -0.6343739660 a        41     0     3     1    11
      0.1061560502 a        42     0     3     1    12
      0.3798466714 a        43     0     3     1    13
      0.3389264572 a        44     0     3     1    14
     -0.3810500894 a        45     0     3     1    15
     -0.0796247134 a        46     0     4     1     1
      0.5976905152 a        47     0     4     1     2
     -0.0445326243 a        48     0     4     1     3
     -0.6725915501 a        49     0     4     1     4
     -0.2091053387 a        50     0     4     1     5
      0.8362904361 a        51     0     4     1     6
      0.0972097510 a        52     0     4     1     7
      0.6281918145 a        53     0     4     1     8
     -0.4173830449 a        54     0     4     1     9
      0.6895006268 a        55     0     4     1    10
      0.6983014993 a        56     0     4     1    11
     -0.9463625955 a        57     0     4     1    12
     -0.2851801756 a        58     0     4     1    13
      0.9659036035 a        59     0     4     1    14
      0.6103046595 a        60     0     4     1    15
      0.5177743273 a        61     0     5     1     1
     -0.2968061222 a        62     0     5     1     2
      0.2898661066 a        63     0     5     1     3
     -0.7982234437 a        64     0     5     1     4
     -0.8341247445 a        65     0     5     1     5
     -0.7368205089 a        66     0     5     1     6
     -0.8369255752 a        67     0     5     1     7
     -0.4356829217 a        68     0     5     1     8
     -0.8846699836 a        69     0     5     1     9
      0.1585149133 a        70     0     5     1    10
     -0.5498657658 a        71     0     5     1    11
     -0.9835986219 a        72     0     5     1    12
     -0.7383344922 a        73     0     5     1    13
      0.7861108600 a        74     0     5     1    14
      0.5944249561 a        75     0     5     1    15
      0.0180250103 a        76     0     6     1     1
     -0.4177495068 a        77     0     6     1     2
     -0.2210664727 a        78     0     6     1     3
     -0.1426470223 a        79     0     6     1     4
      0.4781112982 a        80     0     6     1     5
     -0.8796318126 a        81     0     6     1     6
      0.7563670866 a        82     0     6     1     7
      0.8666196155 a        83     0     6     1     8
     -0.2663793781 a        84     0     6     1     9
     -0.5111796644 a        85     0     6     1    10
      0.9101837345 a        86     0     6     1    11
     -0.6824498324 a        87     0     6     1    12
      0.3042860835 a        88     0     6     1    13
     -0.3898777330 a        89     0     6     1    14
     -0.5652888746 a        90     0     6     1    15
     -0.4779258530 a        91     0     7     1     1
     -0.6649521950 a        92     0     7     1     2
      0.9460525744 a        93     0     7     1     3
     -0.2278930724 a        94     0     7     1     4
     -0.0138322027 a        95     0     7     1     5
     -0.3373065829 a        96     0     7     1     6
      0.9200295560 a        97     0     7     1     7
     -0.7312859482 a        98     0     7     1     8
     -0.4672591578 a        99     0     7     1     9
      0.7508304492 a       100     0     7     1    10
     -0.8278999819 a       101     0     7     1    11
     -0.2339646803 a       102     0     7     1    12
     -0.5759906973 a       103     0     7     1    13
      0.6119463684 a       104     0     7     1    14
      0.9685440721 a       105     0     7     1    15
     -0.5810944463 a       106     0     8     1     1
     -0.3624750505 a       107     0     8     1     2
     -0.7504753861 a       108     0     8     1     3
      0.7230558916 a       109     0     8     1     4
      0.5131180149 a       110     0     8     1     5
      0.6657825928 a       111     0     8     1     6
     -0.6662408466 a       112     0     8     1     7
     -0.0718119161 a       113     0     8     1     8
      0.8720248735 a       114     0     8     1     9
     -0.9820982496 a       115     0     8     1    10
      0.2844130800 a       116     0     8     1    11
      0.2865489318 a       117     0     8     1    12
      0.6550654818 a       118     0     8     1    13
      0.0615669450 a       119     0     8     1    14
     -0.1998073503 a       120     0     8     1    15
     -0.1216581742 a       121     0     9     1     1
     -0.2885800726 a       122     0     9     1     2
     -0.8868278869 a       123     0     9     1     3
     -0.4282432014 a       124     0     9     1     4
      0.7225421027 a       125     0     9     1     5
     -0.7311678496 a       126     0     9     1     6
     -0.5461436864 a       127     0     9     1     7
     -0.6009318504 a       128     0     9     1     8
      0.0293227507 a       129     0     9     1     9
      0.3084777709 a       130     0     9     1    10
      0.2940271754 a       131     0     9     1    11
      0.9253569045 a       132     0     9     1    12
     -0.6661993987 a       133     0     9     1    13
      0.1931994516 a       134     0     9     1    14
      0.3367942071 a       135     0     9     1    15
     -0.5054201776 a       136     0    10     1     1
     -0.3645787900 a       137     0    10     1     2
      0.1560383213 a       138     0    10     1     3
      0.9701869268 a       139     0    10     1     4
     -0.3245790453 a       140     0    10     1     5
     -0.8695805124 a       141     0    10     1     6
     -0.1302875797 a       142     0    10     1     7
      0.4729305024 a       143     0    10     1     8
     -0.5401309682 a       144     0    10     1     9
      0.7304930885 a       145     0    10     1    10
     -0.9281876099 a       146     0    10     1    11
     -0.8835406374 a       147     0    10     1    12
      0.6043191605 a       148     0    10     1    13
     -0.9941521880 a       149     0    10     1    14
      0.3828166860 a       150     0    10     1    15
     -0.2759791173 a       151     0    11     1     1
      0.2863777819 a       152     0    11     1     2
     -0.7315140518 a       153     0    11     1     3
     -0.1619531315 a       154     0    11     1     4
      0.5776774583 a       155     0    11     1     5
      0.1696325379 a       156     0    11     1     6
      0.0383807102 a       157     0    11     1     7
     -0.9003432720 a       158     0    11     1     8
     -0.3777628870 a       159     0    11     1     9
      0.0701744616 a       160     0    11     1    10
     -0.8135487507 a       161     0    11     1    11
     -0.0152472477 a       162     0    11     1    12
      0.6914318087 a       163     0    11     1    13
      0.0789903517 a       164     0    11     1    14
     -0.2851285069 a       165     0    11     1    15
      0.9332000235 a       166     0    12     1     1
      0.9526774126 a       167     0    12     1     2
      0.0459354502 a       168     0    12     1     3
      0.2034913996 a       169     0    12     1     4
     -0.6939022142 a       170     0    12     1     5
      0.5569627957 a       171     0    12     1     6
     -0.7586281520 a       172     0    12     1     7
     -0.8582571557 a       173     0    12     1     8
      0.3128302669 a       174     0    12     1     9
     -0.1585834913 a       175     0    12     1    10
      0.6552827330 a       176     0    12     1    11
      0.0286275698 a       177     0    12     1    12
     -0.6071879784 a       178     0    12     1    13
      0.1849838611 a       179     0    12     1    14
      0.3673422185 a       180     0    12     1    15
      0.0723664331 a       181     0    13     1     1
      0.0583656108 a       182     0    13     1     2
     -0.8465337008 a       183     0    13     1     3
     -0.1366777185 a       184     0    13     1     4
      0.7699548780 a       185     0    13     1     5
      0.3608864642 a       186     0    13     1     6
      0.7974936378 a       187     0    13     1     7
     -0.0460342419 a       188     0    13     1     8
     -0.3793219537 a       189     0    13     1     9
     -0.9453335929 a       190     0    13     1    10
      0.4261521340 a       191     0    13     1    11
     -0.9831013638 a       192     0    13     1    12
     -0.8873001841 a       193     0    13     1    13
     -0.1667330082 a       194     0    13     1    14
     -0.2093215004 a       195     0    13     1    15
     -0.3076583935 a       196     0    14     1     1
      0.0557804153 a       197     0    14     1     2
     -0.1583669635 a       198     0    14     1     3
     -0.2198734726 a       199     0    14     1     4
      0.1052352569 a       200     0    14     1     5
      0.7063526883 a       201     0    14     1     6
     -0.6244687478 a       202     0    14     1     7
     -0.3917518479 a       203     0    14     1     8
     -0.7190018485 a       204     0    14     1     9
      0.2640408495 a       205     0    14     1    10
     -0.6632986160 a       206     0    14     1    11
      0.2191202193 a       207     0    14     1    12
      0.4859990491 a       208     0    14     1    13
     -0.8189465006 a       209     0    14     1    14
     -0.9568491177 a       210     0    14     1    15
      0.3694313915 a       211     0    15     1     1
      0.8680340373 a       212     0    15     1     2
     -0.6258128267 a       213     0    15     1     3
     -0.5151555824 a       214     0    15     1     4
      0.6181464492 a       215     0    15     1     5
     -0.9079665109 a       216     0    15     1     6
     -0.0722831910 a       217     0    15     1     7
      0.2151073214 a       218     0    15     1     8
      0.9566343858 a       219     0    15     1     9
      0.4534092634 a       220     0    15     1    10
      0.7434706654 a       221     0    15     1    11
     -1.0160709842 a       222     0    15     1    12
      0.2863495768 a       223     0    15     1    13
      0.8593199669 a       224     0    15     1    14
      0.2302304123 a       225     0    15     1    15
      0.9648423197 a       226     0    16     1     1
      0.6140449090 a       227     0    16     1     2
     -0.4678220213 a       228     0    16     1     3
      0.7945868018 a       229     0    16     1     4
      0.3574601336 a       230     0    16     1     5
     -0.8549320114 a       231     0    16     1     6
     -0.8099176189 a       232     0    16     1     7
     -0.6827078268 a       233     0    16     1     8
      0.2472873369 a       234     0    16     1     9
     -0.1026518939 a       235     0    16     1    10
      0.3043994800 a       236     0    16     1    11
     -0.6524582866 a       237     0    16     1    12
     -0.8334953881 a       238     0    16     1    13
     -0.3448001840 a       239     0    16     1    14
      0.0184682297 a       240     0    16     1    15
      0.8541019253 a       241     0    17     1     1
     -0.3775184878 a       242     0    17     1     2
      0.2561438758 a       243     0    17     1     3
      0.3877479726 a       244     0    17     1     4
      0.2130395759 a       245     0    17     1     5
      0.2137440499 a       246     0    17     1     6
     -0.7569229113 a       247     0    17     1     7
      0.1094939082 a       248     0    17     1     8
      0.2675097368 a       249     0    17     1     9
     -0.8523147847 a       250     0    17     1    10
     -0.3575425839 a       251     0    17     1    11
      0.7296745675 a       252     0    17     1    12
      0.0939765725 a       253     0    17     1    13
     -0.1379348293 a       254     0    17     1    14
      0.7760033686 a       255     0    17     1    15
      0.2951899476 a       256     0    18     1     1
      0.5203902067 a       257     0    18     1     2
      0.8001010258 a       258     0    18     1     3
     -0.2190589234 a       259     0    18     1     4
     -0.3677899140 a       260     0    18     1     5
     -0.8566463167 a       261     0    18     1     6
     -0.8652140461 a       262     0    18     1     7
     -0.1517450294 a       263     0    18     1     8
     -0.5230465828 a       264     0    18     1     9
     -0.6324970894 a       265     0    18     1    10
     -0.3615639591 a       266     0    18     1    11
     -0.1546830956 a       267     0    18     1    12
      0.3351269435 a       268     0    18     1    13
      0.6808791752 a       269     0    18     1    14
      0.6350791123 a       270     0    18     1    15
     -0.3897168833 a       271     0    19     1     1
     -0.2628728648 a       272     0    19     1     2
      0.0408613141 a       273     0    19     1     3
      0.9848474851 a       274     0    19     1     4
     -0.5237228918 a       275     0    19     1     5
      0.9420404762 a       276     0    19     1     6
      0.9236284493 a       277     0    19     1     7
     -0.2035737217 a       278     0    19     1     8
     -0.7716016892 a       279     0    19     1     9
      0.5502269745 a       280     0    19     1    10
      0.7818276157 a       281     0    19     1    11
      0.4449973209 a       282     0    19     1    12
     -0.1274648225 a       283     0    19     1    13
     -0.9519209871 a       284     0    19     1    14
     -0.3008780358 a       285     0    19     1    15
     -0.6805844938 a       286     0    20     1     1
      0.6468327942 a       287     0    20     1     2
      0.7539780573 a       288     0    20     1     3
      0.3682384158 a       289     0    20     1     4
      0.9433510450 a       290     0    20     1     5
      0.4086773846 a       291     0    20     1     6
      0.0094101479 a       292     0    20     1     7
     -0.8436315771 a       293     0    20     1     8
     -0.4464933454 a       294     0    20     1     9
     -0.4922530409 a       295     0    20     1    10
      0.8140834444 a       296     0    20     1    11
     -0.8826967652 a       297     0    20     1    12
      0.7086246025 a       298     0    20     1    13
      0.1896843050 a       299     0    20     1    14
     -0.9284169432 a       300     0    20     1    15
      0.0193738004 a       301     0    21     1     1
      0.1328611815 a       302     0    21     1     2
      0.1269854070 a       303     0    21     1     3
      0.8997893873 a       304     0    21     1     4
      0.7672869917 a       305     0    21     1     5
     -0.6553975027 a       306     0    21     1     6
      0.7314383939 a       307     0    21     1     7
      0.9026454024 a       308     0    21     1     8
      0.7043207899 a       309     0    21     1     9
      0.9758256909 a       310     0    21     1    10
     -0.1064341161 a       311     0    21     1    11
     -0.8941661608 a       312     0    21     1    12
     -0.7184749725 a       313     0    21     1    13
      0.7961328299 a       314     0    21     1    14
     -0.2037065676 a       315     0    21     1    15
      0.5994101447 a       316     0    22     1     1
     -0.6075587055 a       317     0    22     1     2
     -0.2571768814 a       318     0    22     1     3
     -0.3785265145 a       319     0    22     1     4
     -0.5501252293 a       320     0    22     1     5
     -0.2326025745 a       321     0    22     1     6
     -0.4822358470 a       322     0    22     1     7
     -0.1854133204 a       323     0    22     1     8
      0.4721443072 a       324     0    22     1     9
      0.8820645589 a       325     0    22     1    10
      0.9118434208 a       326     0    22     1    11
      0.3812800445 a       327     0    22     1    12
     -0.0185174803 a       328     0    22     1    13
      0.5810371235 a       329     0    22     1    14
      0.3869836591 a       330     0    22     1    15
      0.8521115866 a       331     0    23     1     1
     -0.6031997902 a       332     0    23     1     2
      0.1711811018 a       333     0    23     1     3
     -0.0775156454 a       334     0    23     1     4
      0.8303187912 a       335     0    23     1     5
      0.1109180342 a       336     0    23     1     6
     -0.1391624000 a       337     0    23     1     7
     -0.3332189687 a       338     0    23     1     8
     -0.5787986974 a       339     0    23     1     9
     -0.6398725777 a       340     0    23     1    10
      0.0163754498 a       341     0    23     1    11
     -0.0098126617 a       342     0    23     1    12
      0.1440206111 a       343     0    23     1    13
     -0.7519465714 a       344     0    23     1    14
     -0.3383351897 a       345     0    23     1    15
      0.6876721031 a       346     0    24     1     1
     -0.5149398547 a       347     0    24     1     2
     -0.6287230530 a       348     0    24     1     3
     -0.3220572315 a       349     0    24     1     4
      1.0484465281 a       350     0    24     1     5
     -0.5815980411 a       351     0    24     1     6
      0.4270824468 a       352     0    24     1     7
     -0.0652686913 a       353     0    24     1     8
      0.6957580827 a       354     0    24     1     9
     -0.2964069004 a       355     0    24     1    10
      0.8168672664 a       356     0    24     1    11
      0.3588938022 a       357     0    24     1    12
     -0.7391016127 a       358     0    24     1    13
     -0.0498388449 a       359     0    24     1    14
     -0.7391056632 a       360     0    24     1    15
      0.2321351987 a       361     0    25     1     1
      0.1866753587 a       362     0    25     1     2
      0.3296446321 a       363     0    25     1     3
      0.6748172468 a       364     0    25     1     4
     -0.6977987355 a       365     0    25     1     5
      0.3155899873 a       366     0    25     1     6
      0.8087487422 a       367     0    25     1     7
      0.3144721261 a       368     0    25     1     8
     -0.2063527116 a       369     0    25     1     9
      0.1197151444 a       370     0    25     1    10
     -0.8036594501 a       371     0    25     1    11
     -0.6326666031 a       372     0    25     1    12
      0.4990537602 a       373     0    25     1    13
      0.3327341784 a       374     0    25     1    14
      0.5409475306 a       375     0    25     1    15
      0.3936515322 a       376     0    26     1     1
      0.0884368601 a       377     0    26     1     2
     -0.6443993069 a       378     0    26     1     3
     -0.6655060698 a       379     0    26     1     4
     -0.2086148470 a       380     0    26     1     5
     -0.0612840551 a       381     0    26     1     6
      0.1067352006 a       382     0    26     1     7
     -0.6678375248 a       383     0    26     1     8
      0.8865967393 a       384     0    26     1     9
      0.1025794846 a       385     0    26     1    10
      0.0106314421 a       386     0    26     1    11
     -0.4195160319 a       387     0    26     1    12
      0.4862959007 a       388     0    26     1    13
      0.1143147862 a       389     0    26     1    14
     -0.8463056251 a       390     0    26     1    15
      0.1476648124 a       391     0    27     1     1
     -0.5374832677 a       392     0    27     1     2
      0.1044106812 a       393     0    27     1     3
     -0.3184744671 a       394     0    27     1     4
     -0.2257201897 a       395     0    27     1     5
      0.3727493145 a       396     0    27     1     6
     -0.2562145141 a       397     0    27     1     7
     -0.7759640227 a       398     0    27     1     8
     -0.9663487729 a       399     0    27     1     9
      0.6298406483 a       400     0    27     1    10
     -0.8204545970 a       401     0    27     1    11
      0.6541113162 a       402     0    27     1    12
     -0.2361619366 a       403     0    27     1    13
      0.8799595503 a       404     0    27     1    14
      0.7451034260 a       405     0    27     1    15
      0.6564454902 b       406     1     1
     -0.4276889488 b       407     1     2
      1.1743788184 b       408     1     3
     -0.6918810748 b       409     1     4
      0.4551471370 b       410     1     5
     -0.1979620687 b       411     1     6
      0.5244086144 b       412     1     7
     -0.6945079393 b       413     1     8
      0.5736843979 b       414     1     9
      0.6277212882 b       415     1    10
      0.2933799810 b       416     1    11
     -0.6444935663 b       417     1    12
      0.9035411820 b       418     1    13
     -0.5750551853 b       419     1    14
     -0.5866464872 b       420     1    15
      0.6492599970 a       421     1     1     2     1
     -0.1036126459 a       422     1     1     2     2
      0.1075686999 a       423     1     1     2     3
     -0.4054278938 a       424     1     1     2     4
      0.6034256374 a       425     1     1     2     5
      0.7303225362 a       426     1     1     2     6
     -0.0325883330 a       427     1     1     2     7
     -0.0534972721 a       428     1     1     2     8
     -0.9247609739 a       429     1     1     2     9
      0.6710466876 a       430     1     1     2    10
     -0.1077740195 a       431     1     1     2    11
     -0.9748793210 a       432     1     1     2    12
      0.3546590703 a       433     1     1     2    13
     -0.8893886438 a       434     1     1     2    14
      0.9323475238 a       435     1     1     2    15
     -0.0989177473 a       436     1     2     2     1
     -0.1952354367 a       437     1     2     2     2
     -0.0454675665 a       438     1     2     2     3
      0.2114646386 a       439     1     2     2     4
      0.4878932944 a       440     1     2     2     5
     -0.9227775531 a       441     1     2     2     6
      0.8208851655 a       442     1     2     2     7
      0.4227388238 a       443     1     2     2     8
     -0.4300994988 a       444     1     2     2     9
     -0.1814281884 a       445     1     2     2    10
      0.1477549791 a       446     1     2     2    11
     -0.9135249366 a       447     1     2     2    12
      0.2627363594 a       448     1     2     2    13
      0.4078575512 a       449     1     2     2    14
      0.1661283680 a       450     1     2     2    15
     -0.5546479242 a       451     1     3     2     1
      0.7529844833 a       452     1     3     2     2
     -0.6420536078 a       453     1     3     2     3
     -0.2014564300 a       454     1     3     2     4
      0.9133323005 a       455     1     3     2     5
     -0.9399277602 a       456     1     3     2     6
     -0.8638432735 a       457     1     3     2     7
     -0.9136141152 a       458     1     3     2     8
      0.2351308447 a       459     1     3     2     9
     -0.3770566009 a       460     1     3     2    10
      0.5722081503 a       461     1     3     2    11
      0.0252742989 a       462     1     3     2    12
      0.9136165249 a       463     1     3     2    13
     -0.3064460297 a       464     1     3     2    14
     -0.2315671505 a       465     1     3     2    15
     -1.0051772293 a       466     1     4     2     1
      0.8007305456 a       467     1     4     2     2
      0.9118572465 a       468     1     4     2     3
     -0.4034713112 a       469     1     4     2     4
     -0.0460466147 a       470     1     4     2     5
      0.1709104475 a       471     1     4     2     6
      0.1067583265 a       472     1     4     2     7
     -0.8877330350 a       473     1     4     2     8
      0.5188647811 a       474     1     4     2     9
     -0.4654700023 a       475     1     4     2    10
      0.3941871479 a       476     1     4     2    11
      0.3394882221 a       477     1     4     2    12
     -0.0477626487 a       478     1     4     2    13
      0.8662483442 a       479     1     4     2    14
      0.2055328512 a       480     1     4     2    15
      0.1142863766 a       481     1     5     2     1
      0.9088911399 a       482     1     5     2     2
      0.8085262455 a       483     1     5     2     3
     -0.7109458873 a       484     1     5     2     4
     -0.2122878326 a       485     1     5     2     5
     -0.6997894412 a       486     1     5     2     6
     -0.1294777829 a       487     1     5     2     7
      0.3752499879 a       488     1     5     2     8
      0.3579358748 a       489     1     5     2     9
     -0.4640963036 a       490     1     5     2    10
      1.0091083000 a       491     1     5     2    11
     -0.8023343206 a       492     1     5     2    12
      0.9665788934 a       493     1     5     2    13
      0.1771108961 a       494     1     5     2    14
      0.8940110135 a       495     1     5     2    15
     -0.9413623432 a       496     1     6     2     1
      0.7162339455 a       497     1     6     2     2
      0.8123157769 a       498     1     6     2     3
     -0.1222551263 a       499     1     6     2     4
      0.8659887983 a       500     1     6     2     5
     -0.3840972640 a       501     1     6     2     6
      0.0166039089 a       502     1     6     2     7
      0.2286002409 a       503     1     6     2     8
     -0.2117579931 a       504     1     6     2     9
      0.4420198455 a       505     1     6     2    10
      0.3997006916 a       506     1     6     2    11
     -0.1721631997 a       507     1     6     2    12
      0.0521669860 a       508     1     6     2    13
     -0.6395013757 a       509     1     6     2    14
      0.2214866241 a       510     1     6     2    15
      0.4659606747 a       511     1     7     2     1
     -0.4405722355 a       512     1     7     2     2
     -0.6793131653 a       513     1     7     2     3
     -0.8904217794 a       514     1     7     2     4
     -0.1132531113 a       515     1     7     2     5
      0.0374310840 a       516     1     7     2     6
     -0.0380825203 a       517     1     7     2     7
      0.9157944401 a       518     1     7     2     8
     -0.4189722363 a       519     1     7     2     9
      0.9881292241 a       520     1     7     2    10
      0.7989903195 a       521     1     7     2    11
     -0.4614470270 a       522     1     7     2    12
     -0.5277463558 a       523     1     7     2    13
      0.9638610349 a       524     1     7     2    14
     -0.7470839143 a       525     1     7     2    15
     -0.5494521004 a       526     1     8     2     1
     -0.5832733120 a       527     1     8     2     2
      0.7140362106 a       528     1     8     2     3
      0.7640544882 a       529     1     8     2     4
     -0.5749724433 a       530     1     8     2     5
     -0.2067086834 a       531     1     8     2     6
     -0.8677249278 a       532     1     8     2     7
     -0.0005339720 a       533     1     8     2     8
      0.5718726896 a       534     1     8     2     9
     -0.9927343926 a       535     1     8     2    10
      0.7181109867 a       536     1     8     2    11
     -0.1452627640 a       537     1     8     2    12
     -0.7199950912 a       538     1     8     2    13
      0.3515123384 a       539     1     8     2    14
     -0.0475498983 a       540     1     8     2    15
     -0.6804448163 a       541     1     9     2     1
      0.5096253956 a       542     1     9     2     2
      0.7677497251 a       543     1     9     2     3
      0.2234581375 a       544     1     9     2     4
      0.5028480646 a       545     1     9     2     5
     -0.5171966669 a       546     1     9     2     6
     -0.6860862470 a       547     1     9     2     7
     -0.0762488086 a       548     1     9     2     8
     -0.7116453981 a       549     1     9     2     9
     -0.8027364607 a       550     1     9     2    10
     -0.0046894579 a       551     1     9     2    11
     -0.2614790159 a       552     1     9     2    12
      0.4298542498 a       553     1     9     2    13
     -0.0829034808 a       554     1     9     2    14
     -0.2310898380 a       555     1     9     2    15
      0.3580730645 a       556     1    10     2     1
     -0.5143276539 a       557     1    10     2     2
      0.5082881264 a       558     1    10     2     3
      0.3720199462 a       559     1    10     2     4
      0.4462108514 a       560     1    10     2     5
      0.7002192268 a       561     1    10     2     6
     -0.5987269955 a       562     1    10     2     7
     -0.0676260698 a       563     1    10     2     8
      0.5078672029 a       564     1    10     2     9
     -0.8431693666 a       565     1    10     2    10
      0.5585176862 a       566     1    10     2    11
      0.0063812814 a       567     1    10     2    12
     -0.3443412501 a       568     1    10     2    13
      0.8367003259 a       569     1    10     2    14
     -0.1774276643 a       570     1    10     2    15
      0.1631004655 a       571     1    11     2     1
      0.4769765064 a       572     1    11     2     2
     -0.1044730643 a       573     1    11     2     3
      0.4228740580 a       574     1    11     2     4
     -0.7203110061 a       575     1    11     2     5
      0.2534837552 a       576     1    11     2     6
     -0.5986421849 a       577     1    11     2     7
     -0.5255154897 a       578     1    11     2     8
      0.2009332035 a       579     1    11     2     9
      0.7013099494 a       580     1    11     2    10
      0.5759561365 a       581     1    11     2    11
      0.9106554381 a       582     1    11     2    12
      0.6650080410 a       583     1    11     2    13
      0.5591939678 a       584     1    11     2    14
     -0.7944403161 a       585     1    11     2    15
      0.9102899016 a       586     1    12     2     1
     -0.1538369438 a       587     1    12     2     2
      0.6402058233 a       588     1    12     2     3
     -0.4569274376 a       589     1    12     2     4
     -0.3859350542 a       590     1    12     2     5
      0.6240943571 a       591     1    12     2     6
      0.0602275583 a       592     1    12     2     7
     -0.7886680732 a       593     1    12     2     8
      0.5040304363 a       594     1    12     2     9
      0.1584070128 a       595     1    12     2    10
      0.0380852070 a       596     1    12     2    11
     -0.2826371273 a       597     1    12     2    12
     -0.0033908846 a       598     1    12     2    13
     -0.3327818371 a       599     1    12     2    14
     -0.2881710522 a       600     1    12     2    15
      0.7075904786 a       601     1    13     2     1
     -0.1635000387 a       602     1    13     2     2
      0.8796977740 a       603     1    13     2     3
      0.8478798908 a       604     1    13     2     4
     -0.5892158919 a       605     1    13     2     5
      0.6695088309 a       606     1    13     2     6
     -0.6603900972 a       607     1    13     2     7
      0.3968347295 a       608     1    13     2     8
      0.4871017140 a       609     1    13     2     9
      0.6276590466 a       610     1    13     2    10
     -0.6251105358 a       611     1    13     2    11
      0.2456688749 a       612     1    13     2    12
     -0.4884803694 a       613     1    13     2    13
     -0.6505701143 a       614     1    13     2    14
      0.5051927473 a       615     1    13     2    15
      0.2870503118 a       616     1    14     2     1
     -0.2903788148 a       617     1    14     2     2
     -0.8591853124 a       618     1    14     2     3
      0.0040505520 a       619     1    14     2     4
      0.7952071852 a       620     1    14     2     5
     -0.8300609468 a       621     1    14     2     6
      0.9329322374 a       622     1    14     2     7
     -0.0374225354 a       623     1    14     2     8
      0.5938125392 a       624     1    14     2     9
     -1.0592704947 a       625     1    14     2    10
      0.1158199184 a       626     1    14     2    11
     -0.0456696109 a       627     1    14     2    12
     -0.3774235018 a       628     1    14     2    13
     -0.5362739834 a       629     1    14     2    14
     -0.3266846760 a       630     1    14     2    15
     -0.1265667868 a       631     1    15     2     1
      0.0245886489 a       632     1    15     2     2
      0.7103322020 a       633     1    15     2     3
     -0.9553661461 a       634     1    15     2     4
      0.0004543148 a       635     1    15     2     5
     -0.0959072201 a       636     1    15     2     6
      0.0699015895 a       637     1    15     2     7
     -0.6032472514 a       638     1    15     2     8
     -0.2240104754 a       639     1    15     2     9
     -0.7009581053 a       640     1    15     2    10
     -0.4510241197 a       641     1    15     2    11
     -0.5935581267 a       642     1    15     2    12
     -0.4292341404 a       643     1    15     2    13
     -0.3131935504 a       644     1    15     2    14
      0.8841337803 a       645     1    15     2    15
      0.7545670727 b       646     2     1
     -0.3451891600 b       647     2     2
     -0.2250294800 b       648     2     3
      0.6385025701 b       649     2     4
     -0.9846369625 b       650     2     5
     -1.0238073263 b       651     2     6
      0.6673748230 b       652     2     7
     -0.7115278028 b       653     2     8
      0.1970010348 b       654     2     9
     -0.0771569578 b       655     2    10
      1.1568659309 b       656     2    11
     -0.4807806380 b       657     2    12
      0.3733275657 b       658     2    13
      0.2844549009 b       659     2    14
      0.7078506373 b       660     2    15
     -0.6525125889 a       661     2     1     3     1
      0.0552718737 a       662     2     2     3     1
      0.4842262381 a       663     2     3     3     1
      0.4333003784 a       664     2     4     3     1
     -0.1540639496 a       665     2     5     3     1
     -0.3663933823 a       666     2     6     3     1
      0.3369851238 a       667     2     7     3     1
      0.0523855127 a       668     2     8     3     1
     -0.0612567505 a       669     2     9     3     1
     -0.5534142890 a       670     2    10     3     1
     -1.2462495399 a       671     2    11     3     1
      0.6676533465 a       672     2    12     3     1
     -0.5833494881 a       673     2    13     3     1
      0.2968540010 a       674     2    14     3     1
      0.7601879497 a       675     2    15     3     1
     -0.7585134073 b       676     3     1
