     -0.0795021390 a         1     0     1     1     1
      0.1279683917 a         2     0     1     1     2
      0.1877152813 a         3     0     1     1     3
      0.2229482482 a         4     0     1     1     4
      0.1136404094 a         5     0     1     1     5
     -0.2899162432 a         6     0     1     1     6
     -0.1690947928 a         7     0     1     1     7
      0.4221803046 a         8     0     1     1     8
      0.3819365622 a         9     0     1     1     9
     -0.3454379016 a        10     0     1     1    10
     -0.2048032826 a        11     0     1     1    11
     -0.0325759553 a        12     0     1     1    12
     -0.2432504172 a        13     0     1     1    13
     -0.1093712730 a        14     0     1     1    14
     -0.4370429772 a        15     0     1     1    15
     -0.0039039833 a        16     0     1     1    16
      0.3878678406 a        17     0     1     1    17
      0.0923899713 a        18     0     1     1    18
      0.1351740526 a        19     0     1     1    19
      0.0043296243 a        20     0     1     1    20
      0.3484192944 a        21     0     2     1     1
     -0.3867320027 a        22     0     2     1     2
     -0.0970217074 a        23     0     2     1     3
      0.2920664326 a        24     0     2     1     4
      0.3228585760 a        25     0     2     1     5
     -0.3736531229 a        26     0     2     1     6
     -0.1207154701 a        27     0     2     1     7
      0.4011947521 a        28     0     2     1     8
      0.3999265467 a        29     0     2     1     9
     -0.2847661909 a        30     0     2     1    10
      0.2989060033 a        31     0     2     1    11
     -0.1918389512 a        32     0     2     1    12
     -0.1567304036 a        33     0     2     1    13
      0.0301616460 a        34     0     2     1    14
     -0.3005822730 a        35     0     2     1    15
     -0.2876826754 a        36     0     2     1    16
      0.2668843196 a        37     0     2     1    17
     -0.4217039474 a        38     0     2     1    18
      0.2637236766 a        39     0     2     1    19
      0.1814198751 a        40     0     2     1    20
     -0.2346703450 a        41     0     3     1     1
      0.1486950669 a        42     0     3     1     2
     -0.1038893023 a        43     0     3     1     3
     -0.2419782196 a        44     0     3     1     4
      0.4269470091 a        45     0     3     1     5
     -0.3352734440 a        46     0     3     1     6
      0.3360712037 a        47     0     3     1     7
     -0.4389888235 a        48     0     3     1     8
      0.4391078583 a        49     0     3     1     9
     -0.1193045752 a        50     0     3     1    10
      0.1489236430 a        51     0     3     1    11
      0.2678821533 a        52     0     3     1    12
      0.0541887359 a        53     0     3     1    13
     -0.1839300604 a        54     0     3     1    14
     -0.3492587783 a        55     0     3     1    15
     -0.0966168037 a        56     0     3     1    16
      0.2559745271 a        57     0     3     1    17
     -0.0747951781 a        58     0     3     1    18
      0.3300614496 a        59     0     3     1    19
      0.0033595639 a        60     0     3     1    20
     -0.1355815584 a        61     0     4     1     1
      0.4284703555 a        62     0     4     1     2
      0.3375825375 a        63     0     4     1     3
     -0.0532255631 a        64     0     4     1     4
     -0.4422837636 a        65     0     4     1     5
      0.0883201197 a        66     0     4     1     6
     -0.2608675570 a        67     0     4     1     7
      0.4016770059 a        68     0     4     1     8
     -0.1089505630 a        69     0     4     1     9
     -0.0464067078 a        70     0     4     1    10
      0.4200987480 a        71     0     4     1    11
      0.4795842541 a        72     0     4     1    12
     -0.3564633183 a        73     0     4     1    13
      0.1518093404 a        74     0     4     1    14
      0.2554701238 a        75     0     4     1    15
     -0.1110938875 a        76     0     4     1    16
      0.2655714557 a        77     0     4     1    17
      0.0974515221 a        78     0     4     1    18
     -0.0532234625 a        79     0     4     1    19
      0.3692388480 a        80     0     4     1    20
      0.1219410207 a        81     0     5     1     1
     -0.0555327519 a        82     0     5     1     2
      0.0604200154 a        83     0     5     1     3
      0.2710218130 a        84     0     5     1     4
      0.0102440135 a        85     0     5     1     5
      0.0181535826 a        86     0     5     1     6
      0.0950128638 a        87     0     5     1     7
     -0.1062424745 a        88     0     5     1     8
     -0.1311232072 a        89     0     5     1     9
     -0.3574300374 a        90     0     5     1    10
     -0.1600132201 a        91     0     5     1    11
      0.2929542263 a        92     0     5     1    12
      0.2514237889 a        93     0     5     1    13
      0.4779316320 a        94     0     5     1    14
      0.2241230795 a        95     0     5     1    15
     -0.0932903301 a        96     0     5     1    16
     -0.1507774537 a        97     0     5     1    17
     -0.1734923717 a        98     0     5     1    18
      0.3317434349 a        99     0     5     1    19
      0.3370702854 a       100     0     5     1    20
     -0.0469420695 a       101     0     6     1     1
      0.1393415145 a       102     0     6     1     2
     -0.2609434129 a       103     0     6     1     3
      0.0870612073 a       104     0     6     1     4
      0.0998929386 a       105     0     6     1     5
      0.1809314211 a       106     0     6     1     6
      0.0292826899 a       107     0     6     1     7
      0.3701863263 a       108     0     6     1     8
      0.1936430872 a       109     0     6     1     9
     -0.3635436167 a       110     0     6     1    10
      0.1340634629 a       111     0     6     1    11
     -0.2979445411 a       112     0     6     1    12
     -0.0253448715 a       113     0     6     1    13
      0.4253923200 a       114     0     6     1    14
     -0.3029092591 a       115     0     6     1    15
     -0.2814734354 a       116     0     6     1    16
     -0.1367673284 a       117     0     6     1    17
     -0.3015217553 a       118     0     6     1    18
     -0.3910068522 a       119     0     6     1    19
     -0.3633807125 a       120     0     6     1    20
      0.2288817543 a       121     0     7     1     1
      0.1888906978 a       122     0     7     1     2
      0.1423361749 a       123     0     7     1     3
     -0.2757498846 a       124     0     7     1     4
     -0.0355073989 a       125     0     7     1     5
      0.0843771845 a       126     0     7     1     6
      0.1950290857 a       127     0     7     1     7
     -0.2864139809 a       128     0     7     1     8
      0.4153154838 a       129     0     7     1     9
     -0.3201893034 a       130     0     7     1    10
     -0.2875499665 a       131     0     7     1    11
     -0.3386192156 a       132     0     7     1    12
     -0.2362301835 a       133     0     7     1    13
     -0.2632276808 a       134     0     7     1    14
      0.2443596650 a       135     0     7     1    15
      0.4691966196 a       136     0     7     1    16
      0.3499217324 a       137     0     7     1    17
      0.3211243837 a       138     0     7     1    18
     -0.3461093556 a       139     0     7     1    19
     -0.3500368868 a       140     0     7     1    20
     -0.1635408880 a       141     0     8     1     1
      0.1977679949 a       142     0     8     1     2
     -0.0826509640 a       143     0     8     1     3
      0.3286189929 a       144     0     8     1     4
      0.0723807787 a       145     0     8     1     5
     -0.4297694107 a       146     0     8     1     6
     -0.4391964727 a       147     0     8     1     7
     -0.2537339427 a       148     0     8     1     8
     -0.1343695946 a       149     0     8     1     9
     -0.3215669414 a       150     0     8     1    10
     -0.1435404148 a       151     0     8     1    11
     -0.3483557969 a       152     0     8     1    12
     -0.0776406234 a       153     0     8     1    13
      0.4445526329 a       154     0     8     1    14
     -0.4443900282 a       155     0     8     1    15
      0.2792743423 a       156     0     8     1    16
     -0.0373100093 a       157     0     8     1    17
     -0.0320479629 a       158     0     8     1    18
      0.2533803149 a       159     0     8     1    19
      0.0972282364 a       160     0     8     1    20
      0.3106355775 a       161     0     9     1     1
     -0.2555193340 a       162     0     9     1     2
     -0.3650774217 a       163     0     9     1     3
     -0.3020036170 a       164     0     9     1     4
      0.2135770457 a       165     0     9     1     5
     -0.4353824396 a       166     0     9     1     6
     -0.2794473415 a       167     0     9     1     7
     -0.3131361865 a       168     0     9     1     8
      0.0411621032 a       169     0     9     1     9
      0.2065377128 a       170     0     9     1    10
      0.1537141123 a       171     0     9     1    11
     -0.3569264548 a       172     0     9     1    12
     -0.2663425450 a       173     0     9     1    13
      0.2170250686 a       174     0     9     1    14
      0.3377619692 a       175     0     9     1    15
     -0.2445970319 a       176     0     9     1    16
      0.3994131291 a       177     0     9     1    17
     -0.4246574233 a       178     0     9     1    18
     -0.4252407372 a       179     0     9     1    19
      0.0774408441 a       180     0     9     1    20
     -0.4061985329 a       181     0    10     1     1
     -0.4349850013 a       182     0    10     1     2
      0.2790190180 a       183     0    10     1     3
     -0.3825857497 a       184     0    10     1     4
     -0.2269196054 a       185     0    10     1     5
      0.3038332455 a       186     0    10     1     6
     -0.1292609379 a       187     0    10     1     7
      0.1231324887 a       188     0    10     1     8
      0.0314009857 a       189     0    10     1     9
     -0.0275052350 a       190     0    10     1    10
     -0.3308593093 a       191     0    10     1    11
     -0.4169518455 a       192     0    10     1    12
      0.2678784045 a       193     0    10     1    13
     -0.2033818342 a       194     0    10     1    14
      0.3354058387 a       195     0    10     1    15
      0.4445835830 a       196     0    10     1    16
     -0.2083325587 a       197     0    10     1    17
     -0.4208634225 a       198     0    10     1    18
     -0.3613787772 a       199     0    10     1    19
      0.1903909239 a       200     0    10     1    20
     -0.3614884170 a       201     0    11     1     1
     -0.0651149059 a       202     0    11     1     2
     -0.3155340045 a       203     0    11     1     3
     -0.1152720833 a       204     0    11     1     4
      0.2934612163 a       205     0    11     1     5
     -0.1517097045 a       206     0    11     1     6
     -0.3146432398 a       207     0    11     1     7
      0.1531041664 a       208     0    11     1     8
     -0.1176686940 a       209     0    11     1     9
      0.3575090038 a       210     0    11     1    10
     -0.3342433908 a       211     0    11     1    11
      0.2783814966 a       212     0    11     1    12
      0.0977591411 a       213     0    11     1    13
     -0.1462041677 a       214     0    11     1    14
     -0.2282406245 a       215     0    11     1    15
     -0.1469172001 a       216     0    11     1    16
     -0.4267252100 a       217     0    11     1    17
     -0.4601213638 a       218     0    11     1    18
     -0.4051406707 a       219     0    11     1    19
      0.2749465301 a       220     0    11     1    20
     -0.1935952306 a       221     0    12     1     1
      0.4483442522 a       222     0    12     1     2
     -0.3054526568 a       223     0    12     1     3
     -0.3648317984 a       224     0    12     1     4
     -0.1117437811 a       225     0    12     1     5
      0.3415900259 a       226     0    12     1     6
     -0.0126566632 a       227     0    12     1     7
     -0.4472197072 a       228     0    12     1     8
      0.3285165120 a       229     0    12     1     9
     -0.0406124898 a       230     0    12     1    10
      0.3671721604 a       231     0    12     1    11
      0.1851116779 a       232     0    12     1    12
     -0.1527059887 a       233     0    12     1    13
     -0.4809159499 a       234     0    12     1    14
      0.3547378240 a       235     0    12     1    15
     -0.0838280639 a       236     0    12     1    16
     -0.1978253200 a       237     0    12     1    17
      0.0653869199 a       238     0    12     1    18
     -0.1637410177 a       239     0    12     1    19
      0.4372961015 a       240     0    12     1    20
     -0.1735497299 a       241     0    13     1     1
      0.4030440100 a       242     0    13     1     2
      0.3739878009 a       243     0    13     1     3
     -0.3021404443 a       244     0    13     1     4
      0.4466329880 a       245     0    13     1     5
      0.2664580754 a       246     0    13     1     6
      0.4765426401 a       247     0    13     1     7
      0.2414699098 a       248     0    13     1     8
      0.1177058218 a       249     0    13     1     9
      0.1271059444 a       250     0    13     1    10
      0.2124751415 a       251     0    13     1    11
     -0.3829306800 a       252     0    13     1    12
     -0.2758758971 a       253     0    13     1    13
     -0.2741792203 a       254     0    13     1    14
     -0.0320396029 a       255     0    13     1    15
      0.3555780022 a       256     0    13     1    16
      0.2139990208 a       257     0    13     1    17
     -0.4646856491 a       258     0    13     1    18
     -0.1376194515 a       259     0    13     1    19
      0.4137609999 a       260     0    13     1    20
      0.4623343936 a       261     0    14     1     1
      0.1391389283 a       262     0    14     1     2
      0.1017314642 a       263     0    14     1     3
     -0.0490399925 a       264     0    14     1     4
      0.2761885665 a       265     0    14     1     5
     -0.2764863782 a       266     0    14     1     6
     -0.1809902064 a       267     0    14     1     7
     -0.1892202477 a       268     0    14     1     8
     -0.3300249093 a       269     0    14     1     9
      0.3641688235 a       270     0    14     1    10
      0.3312920323 a       271     0    14     1    11
     -0.2367687281 a       272     0    14     1    12
     -0.1085075998 a       273     0    14     1    13
     -0.1324276681 a       274     0    14     1    14
     -0.1181256237 a       275     0    14     1    15
     -0.4799852701 a       276     0    14     1    16
     -0.1940106252 a       277     0    14     1    17
     -0.2595304515 a       278     0    14     1    18
     -0.3574830964 a       279     0    14     1    19
      0.2799282900 a       280     0    14     1    20
      0.4628905271 a       281     0    15     1     1
     -0.2614832211 a       282     0    15     1     2
     -0.2684651388 a       283     0    15     1     3
      0.4386859349 a       284     0    15     1     4
     -0.3676541144 a       285     0    15     1     5
     -0.3805906951 a       286     0    15     1     6
     -0.4586944535 a       287     0    15     1     7
     -0.0651482025 a       288     0    15     1     8
      0.3110180227 a       289     0    15     1     9
      0.4053502173 a       290     0    15     1    10
      0.2475584516 a       291     0    15     1    11
      0.2456066350 a       292     0    15     1    12
      0.2844475898 a       293     0    15     1    13
     -0.0792235361 a       294     0    15     1    14
     -0.4576239092 a       295     0    15     1    15
     -0.2299419665 a       296     0    15     1    16
     -0.2219920280 a       297     0    15     1    17
      0.1348773488 a       298     0    15     1    18
     -0.1319065778 a       299     0    15     1    19
     -0.2579740483 a       300     0    15     1    20
     -0.1302250667 a       301     0    16     1     1
      0.3289708940 a       302     0    16     1     2
     -0.2595753987 a       303     0    16     1     3
     -0.4592408077 a       304     0    16     1     4
     -0.0416433748 a       305     0    16     1     5
      0.3083409195 a       306     0    16     1     6
      0.4313836306 a       307     0    16     1     7
     -0.2249000288 a       308     0    16     1     8
     -0.3166994754 a       309     0    16     1     9
     -0.3493225866 a       310     0    16     1    10
      0.3221852156 a       311     0    16     1    11
     -0.0903715691 a       312     0    16     1    12
     -0.5197982064 a       313     0    16     1    13
     -0.0343378662 a       314     0    16     1    14
      0.2921213473 a       315     0    16     1    15
     -0.2900736364 a       316     0    16     1    16
     -0.3581883861 a       317     0    16     1    17
     -0.2174149974 a       318     0    16     1    18
     -0.3934910626 a       319     0    16     1    19
     -0.1275153996 a       320     0    16     1    20
     -0.3735541894 a       321     0    17     1     1
     -0.1512178829 a       322     0    17     1     2
     -0.3012737371 a       323     0    17     1     3
      0.3441183807 a       324     0    17     1     4
     -0.2297973403 a       325     0    17     1     5
      0.3395239150 a       326     0    17     1     6
     -0.3396077479 a       327     0    17     1     7
      0.0645057990 a       328     0    17     1     8
      0.2103924985 a       329     0    17     1     9
      0.3715961382 a       330     0    17     1    10
     -0.3697210207 a       331     0    17     1    11
     -0.1103886560 a       332     0    17     1    12
     -0.3356758718 a       333     0    17     1    13
      0.1120135975 a       334     0    17     1    14
     -0.2954698030 a       335     0    17     1    15
     -0.0014514482 a       336     0    17     1    16
      0.3685046815 a       337     0    17     1    17
     -0.0496667924 a       338     0    17     1    18
      0.1023358393 a       339     0    17     1    19
      0.3704429372 a       340     0    17     1    20
     -0.2017414650 a       341     0    18     1     1
      0.2018780782 a       342     0    18     1     2
     -0.3769393180 a       343     0    18     1     3
     -0.3589469372 a       344     0    18     1     4
     -0.4426261980 a       345     0    18     1     5
      0.2094084205 a       346     0    18     1     6
      0.0049786364 a       347     0    18     1     7
      0.4623474842 a       348     0    18     1     8
      0.3571285757 a       349     0    18     1     9
      0.0977415689 a       350     0    18     1    10
      0.2519592362 a       351     0    18     1    11
     -0.4216294144 a       352     0    18     1    12
      0.3335220499 a       353     0    18     1    13
     -0.0755619067 a       354     0    18     1    14
      0.3795736885 a       355     0    18     1    15
      0.3972724563 a       356     0    18     1    16
      0.4452236050 a       357     0    18     1    17
      0.1216852592 a       358     0    18     1    18
      0.2503346635 a       359     0    18     1    19
      0.2277485893 a       360     0    18     1    20
     -0.2693314308 a       361     0    19     1     1
      0.1258214635 a       362     0    19     1     2
     -0.4283667609 a       363     0    19     1     3
     -0.3442856155 a       364     0    19     1     4
     -0.2392159306 a       365     0    19     1     5
      0.0350949540 a       366     0    19     1     6
      0.0757180887 a       367     0    19     1     7
     -0.3650316270 a       368     0    19     1     8
      0.1660333794 a       369     0    19     1     9
      0.4027488015 a       370     0    19     1    10
     -0.4093617548 a       371     0    19     1    11
     -0.3048583043 a       372     0    19     1    12
     -0.0526728068 a       373     0    19     1    13
      0.0207986325 a       374     0    19     1    14
     -0.2002233749 a       375     0    19     1    15
     -0.3133316623 a       376     0    19     1    16
      0.4187869966 a       377     0    19     1    17
     -0.2642745387 a       378     0    19     1    18
     -0.0435425462 a       379     0    19     1    19
      0.1610005008 a       380     0    19     1    20
     -0.3745310502 a       381     0    20     1     1
      0.4002962627 a       382     0    20     1     2
      0.1919466940 a       383     0    20     1     3
      0.2097681961 a       384     0    20     1     4
     -0.1011833222 a       385     0    20     1     5
     -0.2568806046 a       386     0    20     1     6
     -0.0082975072 a       387     0    20     1     7
      0.1893566369 a       388     0    20     1     8
      0.2819122136 a       389     0    20     1     9
     -0.2198344733 a       390     0    20     1    10
     -0.1623191498 a       391     0    20     1    11
     -0.0816398497 a       392     0    20     1    12
      0.0034395943 a       393     0    20     1    13
      0.3268857209 a       394     0    20     1    14
     -0.2561022938 a       395     0    20     1    15
     -0.2399610088 a       396     0    20     1    16
      0.2631356982 a       397     0    20     1    17
      0.1754023664 a       398     0    20     1    18
     -0.3409544081 a       399     0    20     1    19
      0.3316617760 a       400     0    20     1    20
      0.1608875559 a       401     0    21     1     1
     -0.1316369282 a       402     0    21     1     2
     -0.3045400749 a       403     0    21     1     3
     -0.0337277850 a       404     0    21     1     4
     -0.1390257154 a       405     0    21     1     5
     -0.3835127445 a       406     0    21     1     6
      0.1385349570 a       407     0    21     1     7
     -0.2693007411 a       408     0    21     1     8
     -0.2665822992 a       409     0    21     1     9
     -0.1684967169 a       410     0    21     1    10
      0.3487836919 a       411     0    21     1    11
      0.0826125040 a       412     0    21     1    12
      0.3401405005 a       413     0    21     1    13
      0.1624893898 a       414     0    21     1    14
     -0.1248782473 a       415     0    21     1    15
     -0.0307296917 a       416     0    21     1    16
      0.1935771223 a       417     0    21     1    17
     -0.2145593236 a       418     0    21     1    18
     -0.0254278318 a       419     0    21     1    19
     -0.1331967669 a       420     0    21     1    20
      0.3978948681 a       421     0    22     1     1
      0.1297201354 a       422     0    22     1     2
     -0.1766489987 a       423     0    22     1     3
      0.0233130774 a       424     0    22     1     4
     -0.3485566867 a       425     0    22     1     5
      0.1001791545 a       426     0    22     1     6
      0.3890044005 a       427     0    22     1     7
      0.0565483400 a       428     0    22     1     8
      0.2692213671 a       429     0    22     1     9
      0.0555709508 a       430     0    22     1    10
      0.2233979870 a       431     0    22     1    11
      0.2964100169 a       432     0    22     1    12
      0.0863915759 a       433     0    22     1    13
      0.1454794765 a       434     0    22     1    14
     -0.2007555539 a       435     0    22     1    15
     -0.4064925702 a       436     0    22     1    16
     -0.1354130296 a       437     0    22     1    17
      0.2146269406 a       438     0    22     1    18
     -0.0473690036 a       439     0    22     1    19
     -0.4179876725 a       440     0    22     1    20
     -0.1730746658 a       441     0    23     1     1
      0.0548458441 a       442     0    23     1     2
     -0.3458915495 a       443     0    23     1     3
     -0.1407842780 a       444     0    23     1     4
     -0.4388568733 a       445     0    23     1     5
      0.4472778736 a       446     0    23     1     6
     -0.2325861179 a       447     0    23     1     7
      0.0237782823 a       448     0    23     1     8
     -0.0723588706 a       449     0    23     1     9
     -0.3278242483 a       450     0    23     1    10
     -0.2994902682 a       451     0    23     1    11
      0.0967258284 a       452     0    23     1    12
     -0.5487077367 a       453     0    23     1    13
     -0.2240944322 a       454     0    23     1    14
      0.0951984129 a       455     0    23     1    15
     -0.1698734631 a       456     0    23     1    16
     -0.2457266000 a       457     0    23     1    17
     -0.3766394290 a       458     0    23     1    18
     -0.3240309622 a       459     0    23     1    19
     -0.1565077701 a       460     0    23     1    20
      0.5266012401 a       461     0    24     1     1
     -0.1370932341 a       462     0    24     1     2
     -0.3380024329 a       463     0    24     1     3
      0.2898251180 a       464     0    24     1     4
     -0.3938346881 a       465     0    24     1     5
     -0.0493307581 a       466     0    24     1     6
     -0.3975051561 a       467     0    24     1     7
     -0.1535632563 a       468     0    24     1     8
     -0.1810225601 a       469     0    24     1     9
     -0.2178799059 a       470     0    24     1    10
     -0.1315506841 a       471     0    24     1    11
     -0.3181314562 a       472     0    24     1    12
     -0.0032635540 a       473     0    24     1    13
     -0.0253601834 a       474     0    24     1    14
      0.1409962530 a       475     0    24     1    15
     -0.4215070012 a       476     0    24     1    16
     -0.0255638042 a       477     0    24     1    17
      0.2879738328 a       478     0    24     1    18
     -0.3684675643 a       479     0    24     1    19
      0.2646006860 a       480     0    24     1    20
      0.1003629394 a       481     0    25     1     1
      0.1676085648 a       482     0    25     1     2
      0.3399319126 a       483     0    25     1     3
      0.4167634970 a       484     0    25     1     4
      0.0808134134 a       485     0    25     1     5
      0.1854004273 a       486     0    25     1     6
     -0.4156882262 a       487     0    25     1     7
      0.2182137484 a       488     0    25     1     8
     -0.2173334183 a       489     0    25     1     9
      0.0138887611 a       490     0    25     1    10
      0.1779588387 a       491     0    25     1    11
     -0.3703068989 a       492     0    25     1    12
      0.4196676355 a       493     0    25     1    13
     -0.1734510362 a       494     0    25     1    14
     -0.1940424233 a       495     0    25     1    15
     -0.2065667547 a       496     0    25     1    16
      0.3645200757 a       497     0    25     1    17
      0.3874273966 a       498     0    25     1    18
      0.0491919843 a       499     0    25     1    19
      0.3565519582 a       500     0    25     1    20
     -0.0684565435 a       501     0    26     1     1
      0.4481087764 a       502     0    26     1     2
      0.2321053902 a       503     0    26     1     3
     -0.0717693003 a       504     0    26     1     4
     -0.2057417866 a       505     0    26     1     5
      0.3051229448 a       506     0    26     1     6
      0.2013597708 a       507     0    26     1     7
     -0.3263461670 a       508     0    26     1     8
      0.3998626717 a       509     0    26     1     9
      0.2965148130 a       510     0    26     1    10
     -0.2867478891 a       511     0    26     1    11
      0.2355736562 a       512     0    26     1    12
     -0.4533708668 a       513     0    26     1    13
      0.5045858694 a       514     0    26     1    14
     -0.0482606458 a       515     0    26     1    15
     -0.3125464658 a       516     0    26     1    16
     -0.1583349713 a       517     0    26     1    17
      0.2618714601 a       518     0    26     1    18
     -0.1788474089 a       519     0    26     1    19
     -0.2164148859 a       520     0    26     1    20
      0.3588405590 a       521     0    27     1     1
      0.4207661336 a       522     0    27     1     2
      0.4169919041 a       523     0    27     1     3
      0.1779057364 a       524     0    27     1     4
      0.4425528104 a       525     0    27     1     5
      0.0746503561 a       526     0    27     1     6
      0.3712634050 a       527     0    27     1     7
     -0.4187932240 a       528     0    27     1     8
      0.1142205005 a       529     0    27     1     9
      0.3745843758 a       530     0    27     1    10
      0.3908589017 a       531     0    27     1    11
     -0.3132612166 a       532     0    27     1    12
      0.1882095877 a       533     0    27     1    13
     -0.5168866303 a       534     0    27     1    14
      0.1446490781 a       535     0    27     1    15
      0.0488431179 a       536     0    27     1    16
     -0.2929020850 a       537     0    27     1    17
      0.1645447052 a       538     0    27     1    18
      0.4017968081 a       539     0    27     1    19
      0.4333469537 a       540     0    27     1    20
      0.2836450547 a       541     0    28     1     1
     -0.4066008526 a       542     0    28     1     2
     -0.4376420456 a       543     0    28     1     3
     -0.4740772569 a       544     0    28     1     4
     -0.2180401608 a       545     0    28     1     5
     -0.1164135022 a       546     0    28     1     6
     -0.2199029314 a       547     0    28     1     7
      0.2229815726 a       548     0    28     1     8
     -0.2247762831 a       549     0    28     1     9
      0.3674986709 a       550     0    28     1    10
     -0.3905468757 a       551     0    28     1    11
     -0.1175658769 a       552     0    28     1    12
     -0.2362946711 a       553     0    28     1    13
     -0.4021507789 a       554     0    28     1    14
      0.0223879723 a       555     0    28     1    15
     -0.0205945444 a       556     0    28     1    16
      0.2607663027 a       557     0    28     1    17
     -0.3064949627 a       558     0    28     1    18
      0.0113942078 a       559     0    28     1    19
     -0.3423019985 a       560     0    28     1    20
     -0.1015527382 a       561     0    29     1     1
      0.1698001348 a       562     0    29     1     2
     -0.0718833590 a       563     0    29     1     3
      0.1449226836 a       564     0    29     1     4
      0.0909040810 a       565     0    29     1     5
     -0.2280577010 a       566     0    29     1     6
     -0.1211690375 a       567     0    29     1     7
     -0.0049397116 a       568     0    29     1     8
     -0.3963262199 a       569     0    29     1     9
      0.1377576676 a       570     0    29     1    10
      0.1684330589 a       571     0    29     1    11
     -0.1839484418 a       572     0    29     1    12
      0.4646389723 a       573     0    29     1    13
      0.0709815962 a       574     0    29     1    14
      0.3347050415 a       575     0    29     1    15
      0.1587690340 a       576     0    29     1    16
     -0.3224114358 a       577     0    29     1    17
      0.3694730318 a       578     0    29     1    18
     -0.4141188748 a       579     0    29     1    19
      0.2266610127 a       580     0    29     1    20
     -0.2265374971 a       581     0    30     1     1
     -0.2675632996 a       582     0    30     1     2
     -0.2246375285 a       583     0    30     1     3
      0.1694973688 a       584     0    30     1     4
     -0.3727898542 a       585     0    30     1     5
      0.1495870804 a       586     0    30     1     6
      0.1579194121 a       587     0    30     1     7
      0.1699922231 a       588     0    30     1     8
     -0.3324179732 a       589     0    30     1     9
     -0.1252222882 a       590     0    30     1    10
      0.2882650050 a       591     0    30     1    11
      0.0833589486 a       592     0    30     1    12
      0.2465484684 a       593     0    30     1    13
      0.2833976558 a       594     0    30     1    14
      0.2583683667 a       595     0    30     1    15
     -0.4668671198 a       596     0    30     1    16
      0.2124888030 a       597     0    30     1    17
      0.2272606184 a       598     0    30     1    18
      0.2156759333 a       599     0    30     1    19
      0.2081978361 a       600     0    30     1    20
      0.0662633233 a       601     0    31     1     1
      0.3470550873 a       602     0    31     1     2
     -0.1223823525 a       603     0    31     1     3
      0.1953357749 a       604     0    31     1     4
      0.1440630611 a       605     0    31     1     5
     -0.4456379322 a       606     0    31     1     6
     -0.3448066163 a       607     0    31     1     7
     -0.0413714211 a       608     0    31     1     8
     -0.4281500961 a       609     0    31     1     9
     -0.3837439867 a       610     0    31     1    10
      0.0482690047 a       611     0    31     1    11
      0.3308034861 a       612     0    31     1    12
      0.1417957425 a       613     0    31     1    13
      0.4061644206 a       614     0    31     1    14
     -0.3551066115 a       615     0    31     1    15
      0.1828641844 a       616     0    31     1    16
      0.1235743449 a       617     0    31     1    17
     -0.2659865923 a       618     0    31     1    18
      0.2373742188 a       619     0    31     1    19
     -0.1070397038 a       620     0    31     1    20
      1.3664235757 b       621     1     1
      0.5416602417 b       622     1     2
      0.7726725862 b       623     1     3
     -0.4279280689 b       624     1     4
      0.5577361904 b       625     1     5
      1.4184397875 b       626     1     6
      1.4584134311 b       627     1     7
     -0.4256763481 b       628     1     8
     -0.7079153684 b       629     1     9
     -0.6018933115 b       630     1    10
      0.9386224135 b       631     1    11
     -0.5600606487 b       632     1    12
      0.3161297978 b       633     1    13
     -0.8844713961 b       634     1    14
      1.0792409851 b       635     1    15
      1.1712144103 b       636     1    16
     -0.5675308563 b       637     1    17
     -0.0305409519 b       638     1    18
      1.2906248037 b       639     1    19
     -0.8139750801 b       640     1    20
      0.0983787782 a       641     1     1     2     1
     -0.3061216754 a       642     1     1     2     2
     -0.5359589182 a       643     1     1     2     3
     -0.2057394587 a       644     1     1     2     4
      0.1117866456 a       645     1     1     2     5
     -0.5288386776 a       646     1     1     2     6
     -0.3429209038 a       647     1     1     2     7
      0.1649392092 a       648     1     1     2     8
      0.0374402906 a       649     1     1     2     9
      0.1551781346 a       650     1     1     2    10
     -0.4243737046 a       651     1     1     2    11
     -0.6124987300 a       652     1     1     2    12
      0.0655245826 a       653     1     1     2    13
     -0.3790526734 a       654     1     1     2    14
      0.3328297642 a       655     1     1     2    15
      0.3164176569 a       656     1     1     2    16
      0.0562092809 a       657     1     1     2    17
     -0.1126611672 a       658     1     1     2    18
      0.5453325126 a       659     1     1     2    19
      0.0949879475 a       660     1     1     2    20
     -0.3245903764 a       661     1     2     2     1
      0.4742235711 a       662     1     2     2     2
      0.5362600257 a       663     1     2     2     3
      0.0882494445 a       664     1     2     2     4
     -0.6590834957 a       665     1     2     2     5
      0.0220019456 a       666     1     2     2     6
     -0.1687287052 a       667     1     2     2     7
      0.3025913625 a       668     1     2     2     8
     -0.3791960631 a       669     1     2     2     9
      0.3152002217 a       670     1     2     2    10
      0.4750730723 a       671     1     2     2    11
     -0.4514030804 a       672     1     2     2    12
      0.2649516469 a       673     1     2     2    13
      0.0949641517 a       674     1     2     2    14
      0.1762162919 a       675     1     2     2    15
     -0.2249213788 a       676     1     2     2    16
     -0.0528937867 a       677     1     2     2    17
      0.5423782851 a       678     1     2     2    18
      0.3945689255 a       679     1     2     2    19
     -0.4490292476 a       680     1     2     2    20
     -0.4244548649 a       681     1     3     2     1
     -0.2655305148 a       682     1     3     2     2
     -0.0531766906 a       683     1     3     2     3
     -0.4628120481 a       684     1     3     2     4
     -0.2015594931 a       685     1     3     2     5
     -0.3062729023 a       686     1     3     2     6
     -0.2638805716 a       687     1     3     2     7
     -0.1719099392 a       688     1     3     2     8
     -0.1103580217 a       689     1     3     2     9
      0.6306905818 a       690     1     3     2    10
      0.6583023068 a       691     1     3     2    11
      0.0657883164 a       692     1     3     2    12
      0.0531658039 a       693     1     3     2    13
     -0.3451110642 a       694     1     3     2    14
     -0.2662372407 a       695     1     3     2    15
      0.1518501569 a       696     1     3     2    16
      0.0343872758 a       697     1     3     2    17
      0.1528882845 a       698     1     3     2    18
      0.0732964811 a       699     1     3     2    19
      0.4392582633 a       700     1     3     2    20
      0.5658378075 a       701     1     4     2     1
     -0.4810900606 a       702     1     4     2     2
      0.4434051469 a       703     1     4     2     3
      0.4036906132 a       704     1     4     2     4
     -0.3581848653 a       705     1     4     2     5
      0.4033106421 a       706     1     4     2     6
     -0.5421331501 a       707     1     4     2     7
     -0.2066530372 a       708     1     4     2     8
      0.5561016188 a       709     1     4     2     9
     -0.0166078947 a       710     1     4     2    10
     -0.2403068764 a       711     1     4     2    11
      0.3918155101 a       712     1     4     2    12
      0.4951630782 a       713     1     4     2    13
     -0.0639010093 a       714     1     4     2    14
     -0.1153105655 a       715     1     4     2    15
     -0.5811815637 a       716     1     4     2    16
     -0.0795671088 a       717     1     4     2    17
     -0.5752186564 a       718     1     4     2    18
      0.5278251598 a       719     1     4     2    19
     -0.3431792658 a       720     1     4     2    20
      0.3822504946 a       721     1     5     2     1
     -0.6497739313 a       722     1     5     2     2
      0.4748597441 a       723     1     5     2     3
      0.4226412969 a       724     1     5     2     4
     -0.2531135437 a       725     1     5     2     5
     -0.3991016489 a       726     1     5     2     6
     -0.1140446029 a       727     1     5     2     7
      0.0797593859 a       728     1     5     2     8
      0.2163812840 a       729     1     5     2     9
     -0.1924639722 a       730     1     5     2    10
     -0.5382322113 a       731     1     5     2    11
      0.4923354016 a       732     1     5     2    12
     -0.4311505788 a       733     1     5     2    13
      0.4474519734 a       734     1     5     2    14
     -0.0736238572 a       735     1     5     2    15
     -0.2885367614 a       736     1     5     2    16
     -0.0958532769 a       737     1     5     2    17
      0.1617336276 a       738     1     5     2    18
     -0.5636978678 a       739     1     5     2    19
     -0.0041548596 a       740     1     5     2    20
     -0.2736026172 a       741     1     6     2     1
     -0.0412187944 a       742     1     6     2     2
     -0.4548038261 a       743     1     6     2     3
      0.3222137124 a       744     1     6     2     4
     -0.0194777501 a       745     1     6     2     5
     -0.2948536691 a       746     1     6     2     6
     -0.4460318697 a       747     1     6     2     7
     -0.1369609324 a       748     1     6     2     8
     -0.4965271388 a       749     1     6     2     9
     -0.5921552264 a       750     1     6     2    10
     -0.1981416946 a       751     1     6     2    11
      0.0491303071 a       752     1     6     2    12
      0.4243221918 a       753     1     6     2    13
     -0.1795075317 a       754     1     6     2    14
      0.0058061408 a       755     1     6     2    15
     -0.3862076476 a       756     1     6     2    16
     -0.1878572208 a       757     1     6     2    17
     -0.2190966422 a       758     1     6     2    18
      0.4593743154 a       759     1     6     2    19
      0.4929991890 a       760     1     6     2    20
      0.3403527524 a       761     1     7     2     1
     -0.4000942619 a       762     1     7     2     2
      0.3436129961 a       763     1     7     2     3
      0.0186457284 a       764     1     7     2     4
     -0.1014687474 a       765     1     7     2     5
     -0.0021491201 a       766     1     7     2     6
      0.4271743361 a       767     1     7     2     7
     -0.4010425697 a       768     1     7     2     8
     -0.1026916909 a       769     1     7     2     9
     -0.0250715121 a       770     1     7     2    10
     -0.5382292329 a       771     1     7     2    11
      0.5746920927 a       772     1     7     2    12
      0.3148850834 a       773     1     7     2    13
     -0.4647401592 a       774     1     7     2    14
     -0.4472566148 a       775     1     7     2    15
      0.3244023575 a       776     1     7     2    16
      0.7195836623 a       777     1     7     2    17
      0.1575213322 a       778     1     7     2    18
     -0.1713718901 a       779     1     7     2    19
      0.3723925852 a       780     1     7     2    20
      0.5469180058 a       781     1     8     2     1
      0.4951317683 a       782     1     8     2     2
      0.4525510261 a       783     1     8     2     3
      0.3747868038 a       784     1     8     2     4
     -0.1463243113 a       785     1     8     2     5
     -0.1124111018 a       786     1     8     2     6
      0.5700502392 a       787     1     8     2     7
      0.0602615479 a       788     1     8     2     8
     -0.4936335030 a       789     1     8     2     9
      0.6557803624 a       790     1     8     2    10
     -0.0274158079 a       791     1     8     2    11
     -0.0742891520 a       792     1     8     2    12
     -0.4958219177 a       793     1     8     2    13
      0.4941370285 a       794     1     8     2    14
      0.4185557377 a       795     1     8     2    15
      0.5360152611 a       796     1     8     2    16
     -0.3966361778 a       797     1     8     2    17
      0.3067700426 a       798     1     8     2    18
      0.0198922690 a       799     1     8     2    19
     -0.0324706569 a       800     1     8     2    20
     -0.1180514426 a       801     1     9     2     1
      0.3634981081 a       802     1     9     2     2
      0.0703552196 a       803     1     9     2     3
     -0.4122779732 a       804     1     9     2     4
      0.5649586869 a       805     1     9     2     5
      0.5005065721 a       806     1     9     2     6
     -0.5667154252 a       807     1     9     2     7
      0.5909217413 a       808     1     9     2     8
     -0.0731426550 a       809     1     9     2     9
     -0.5836007168 a       810     1     9     2    10
      0.4578879668 a       811     1     9     2    11
      0.3386177373 a       812     1     9     2    12
     -0.0586767183 a       813     1     9     2    13
     -0.1873346312 a       814     1     9     2    14
      0.1939635748 a       815     1     9     2    15
      0.2267237424 a       816     1     9     2    16
     -0.0008771240 a       817     1     9     2    17
      0.3379376388 a       818     1     9     2    18
     -0.5271094543 a       819     1     9     2    19
     -0.1128703338 a       820     1     9     2    20
      0.0003628877 a       821     1    10     2     1
      0.1337527672 a       822     1    10     2     2
      0.3539303271 a       823     1    10     2     3
     -0.1018376526 a       824     1    10     2     4
      0.5389766713 a       825     1    10     2     5
      0.1683215086 a       826     1    10     2     6
     -0.3012112899 a       827     1    10     2     7
     -0.2239753510 a       828     1    10     2     8
      0.0869099431 a       829     1    10     2     9
      0.1030653326 a       830     1    10     2    10
      0.4345578971 a       831     1    10     2    11
      0.3900575450 a       832     1    10     2    12
     -0.5070254600 a       833     1    10     2    13
     -0.4671287927 a       834     1    10     2    14
     -0.6130100170 a       835     1    10     2    15
      0.2033479950 a       836     1    10     2    16
      0.0515139173 a       837     1    10     2    17
      0.1725184465 a       838     1    10     2    18
     -0.5132107543 a       839     1    10     2    19
      0.5101109683 a       840     1    10     2    20
     -0.4820415380 a       841     1    11     2     1
      0.3882365289 a       842     1    11     2     2
      0.2339980158 a       843     1    11     2     3
     -0.1789496257 a       844     1    11     2     4
      0.0503700985 a       845     1    11     2     5
     -0.5856686901 a       846     1    11     2     6
     -0.1876923660 a       847     1    11     2     7
      0.2265981028 a       848     1    11     2     8
      0.0943316053 a       849     1    11     2     9
      0.2144579786 a       850     1    11     2    10
     -0.2555101415 a       851     1    11     2    11
     -0.4679979076 a       852     1    11     2    12
      0.4037366847 a       853     1    11     2    13
     -0.1257127662 a       854     1    11     2    14
      0.2999535121 a       855     1    11     2    15
      0.0054975781 a       856     1    11     2    16
     -0.4633930172 a       857     1    11     2    17
     -0.2765169290 a       858     1    11     2    18
      0.2543246319 a       859     1    11     2    19
      0.4631466046 a       860     1    11     2    20
     -0.4366391738 a       861     1    12     2     1
     -0.1299057145 a       862     1    12     2     2
     -0.2830229978 a       863     1    12     2     3
     -0.4197437427 a       864     1    12     2     4
      0.2682821421 a       865     1    12     2     5
      0.4185249871 a       866     1    12     2     6
      0.3751640721 a       867     1    12     2     7
      0.1887902378 a       868     1    12     2     8
      0.4734626990 a       869     1    12     2     9
      0.1053713826 a       870     1    12     2    10
     -0.2823805983 a       871     1    12     2    11
     -0.5210445205 a       872     1    12     2    12
     -0.3257598224 a       873     1    12     2    13
      0.4967904868 a       874     1    12     2    14
     -0.4121481583 a       875     1    12     2    15
     -0.3850600515 a       876     1    12     2    16
     -0.5275213796 a       877     1    12     2    17
      0.3781178969 a       878     1    12     2    18
      0.0902399455 a       879     1    12     2    19
     -0.0740138827 a       880     1    12     2    20
     -0.4206318657 a       881     1    13     2     1
     -0.1776656003 a       882     1    13     2     2
     -0.4179843745 a       883     1    13     2     3
      0.5603139532 a       884     1    13     2     4
      0.7288316169 a       885     1    13     2     5
     -0.4990999764 a       886     1    13     2     6
     -0.1297007828 a       887     1    13     2     7
     -0.6086607037 a       888     1    13     2     8
     -0.5147051060 a       889     1    13     2     9
      0.4179744823 a       890     1    13     2    10
      0.2416259340 a       891     1    13     2    11
     -0.0065599857 a       892     1    13     2    12
     -0.4021962313 a       893     1    13     2    13
      0.1240391422 a       894     1    13     2    14
     -0.4990823599 a       895     1    13     2    15
      0.5043425304 a       896     1    13     2    16
     -0.2125259022 a       897     1    13     2    17
     -0.4436638947 a       898     1    13     2    18
     -0.1798475239 a       899     1    13     2    19
     -0.4419983284 a       900     1    13     2    20
     -0.3687148259 a       901     1    14     2     1
     -0.0942061347 a       902     1    14     2     2
      0.4262359803 a       903     1    14     2     3
     -0.3554777714 a       904     1    14     2     4
      0.1799650326 a       905     1    14     2     5
     -0.2828136728 a       906     1    14     2     6
     -0.0356941862 a       907     1    14     2     7
     -0.3108674654 a       908     1    14     2     8
     -0.2579240799 a       909     1    14     2     9
      0.5008429638 a       910     1    14     2    10
      0.1028016485 a       911     1    14     2    11
     -0.0583917059 a       912     1    14     2    12
     -0.0175670735 a       913     1    14     2    13
     -0.3192108085 a       914     1    14     2    14
      0.4765619834 a       915     1    14     2    15
     -0.2600157372 a       916     1    14     2    16
     -0.2094267279 a       917     1    14     2    17
      0.1641267385 a       918     1    14     2    18
      0.2069596230 a       919     1    14     2    19
     -0.5230572336 a       920     1    14     2    20
      0.2149617041 a       921     1    15     2     1
     -0.2506792815 a       922     1    15     2     2
      0.4705394758 a       923     1    15     2     3
     -0.3714156884 a       924     1    15     2     4
     -0.4895389837 a       925     1    15     2     5
      0.2523437273 a       926     1    15     2     6
      0.4618070313 a       927     1    15     2     7
     -0.7043258732 a       928     1    15     2     8
      0.4175655129 a       929     1    15     2     9
      0.0580451163 a       930     1    15     2    10
     -0.1091340447 a       931     1    15     2    11
     -0.0250604697 a       932     1    15     2    12
     -0.4978078463 a       933     1    15     2    13
     -0.2923620975 a       934     1    15     2    14
      0.0469053036 a       935     1    15     2    15
     -0.5579188075 a       936     1    15     2    16
      0.6175231161 a       937     1    15     2    17
      0.3035556650 a       938     1    15     2    18
     -0.1196546827 a       939     1    15     2    19
     -0.0984649608 a       940     1    15     2    20
     -0.3747284030 a       941     1    16     2     1
     -0.4472458750 a       942     1    16     2     2
      0.0912209825 a       943     1    16     2     3
     -0.5179767294 a       944     1    16     2     4
     -0.0686279788 a       945     1    16     2     5
      0.4272968760 a       946     1    16     2     6
      0.5506757743 a       947     1    16     2     7
     -0.2352028881 a       948     1    16     2     8
      0.3919206432 a       949     1    16     2     9
     -0.0512015482 a       950     1    16     2    10
     -0.2387098534 a       951     1    16     2    11
      0.1342469334 a       952     1    16     2    12
      0.3026782412 a       953     1    16     2    13
      0.3774433766 a       954     1    16     2    14
     -0.2503445290 a       955     1    16     2    15
      0.4465226788 a       956     1    16     2    16
      0.4234817059 a       957     1    16     2    17
      0.0182402118 a       958     1    16     2    18
      0.1372698308 a       959     1    16     2    19
     -0.3929223614 a       960     1    16     2    20
      0.1514270113 a       961     1    17     2     1
     -0.5410394343 a       962     1    17     2     2
     -0.4330439674 a       963     1    17     2     3
      0.2522259716 a       964     1    17     2     4
      0.5838278461 a       965     1    17     2     5
      0.5046365251 a       966     1    17     2     6
      0.3136318679 a       967     1    17     2     7
     -0.0780040843 a       968     1    17     2     8
     -0.0650082453 a       969     1    17     2     9
     -0.5965575849 a       970     1    17     2    10
     -0.1439617460 a       971     1    17     2    11
     -0.1062467350 a       972     1    17     2    12
      0.0087916429 a       973     1    17     2    13
      0.4518697663 a       974     1    17     2    14
     -0.6180832407 a       975     1    17     2    15
      0.5447956732 a       976     1    17     2    16
     -0.4241128441 a       977     1    17     2    17
     -0.3047696047 a       978     1    17     2    18
      0.3415747111 a       979     1    17     2    19
     -0.4567674344 a       980     1    17     2    20
     -0.1604384430 a       981     1    18     2     1
      0.2892814654 a       982     1    18     2     2
      0.0276497027 a       983     1    18     2     3
     -0.1883624137 a       984     1    18     2     4
      0.0723923395 a       985     1    18     2     5
     -0.3642077427 a       986     1    18     2     6
      0.2165706822 a       987     1    18     2     7
     -0.2626445051 a       988     1    18     2     8
     -0.5602673053 a       989     1    18     2     9
     -0.2076057003 a       990     1    18     2    10
      0.3667067255 a       991     1    18     2    11
     -0.4223285864 a       992     1    18     2    12
      0.2605165595 a       993     1    18     2    13
      0.2148504487 a       994     1    18     2    14
      0.5369345560 a       995     1    18     2    15
     -0.2761819828 a       996     1    18     2    16
     -0.2868619643 a       997     1    18     2    17
     -0.6871038387 a       998     1    18     2    18
      0.2519180317 a       999     1    18     2    19
      0.3622062673 a      1000     1    18     2    20
      0.4162388896 a      1001     1    19     2     1
      0.0789664369 a      1002     1    19     2     2
     -0.0768631037 a      1003     1    19     2     3
      0.5213001373 a      1004     1    19     2     4
     -0.1405568433 a      1005     1    19     2     5
     -0.0146488000 a      1006     1    19     2     6
      0.0971612140 a      1007     1    19     2     7
     -0.4351009182 a      1008     1    19     2     8
     -0.3493743123 a      1009     1    19     2     9
      0.2497734025 a      1010     1    19     2    10
     -0.4822567015 a      1011     1    19     2    11
     -0.5482080232 a      1012     1    19     2    12
     -0.4864382336 a      1013     1    19     2    13
      0.5750104681 a      1014     1    19     2    14
     -0.3305685333 a      1015     1    19     2    15
     -0.0616569575 a      1016     1    19     2    16
     -0.3661424221 a      1017     1    19     2    17
      0.4390439892 a      1018     1    19     2    18
     -0.5408654299 a      1019     1    19     2    19
     -0.0241923521 a      1020     1    19     2    20
      0.4839192154 a      1021     1    20     2     1
      0.4301151783 a      1022     1    20     2     2
      0.2645974205 a      1023     1    20     2     3
      0.4332682732 a      1024     1    20     2     4
      0.2731395289 a      1025     1    20     2     5
     -0.2976329024 a      1026     1    20     2     6
      0.3696171908 a      1027     1    20     2     7
      0.7069101758 a      1028     1    20     2     8
     -0.5397275507 a      1029     1    20     2     9
     -0.0350838920 a      1030     1    20     2    10
     -0.2318762495 a      1031     1    20     2    11
      0.2700093343 a      1032     1    20     2    12
      0.5234196655 a      1033     1    20     2    13
     -0.4843977650 a      1034     1    20     2    14
      0.2266153683 a      1035     1    20     2    15
      0.2218963425 a      1036     1    20     2    16
     -0.6095450082 a      1037     1    20     2    17
     -0.5938830691 a      1038     1    20     2    18
     -0.3916813780 a      1039     1    20     2    19
     -0.5238226275 a      1040     1    20     2    20
      1.0904074551 b      1041     2     1
      1.2265560439 b      1042     2     2
     -1.5006215937 b      1043     2     3
      0.9230810207 b      1044     2     4
     -1.6210307717 b      1045     2     5
      1.2368888813 b      1046     2     6
     -1.2737178048 b      1047     2     7
      1.5363487387 b      1048     2     8
     -0.8444087513 b      1049     2     9
      1.4967059064 b      1050     2    10
      0.3068520235 b      1051     2    11
      1.2166712717 b      1052     2    12
      0.3572830957 b      1053     2    13
     -0.7016226373 b      1054     2    14
     -1.6105529741 b      1055     2    15
      0.4337987838 b      1056     2    16
     -0.8502118034 b      1057     2    17
      0.3451237574 b      1058     2    18
      1.4820450978 b      1059     2    19
      0.6187561433 b      1060     2    20
     -0.0066685338 a      1061     2     1     3     1
      0.0186606499 a      1062     2     2     3     1
     -0.0131588273 a      1063     2     3     3     1
      0.0146106173 a      1064     2     4     3     1
     -0.0047352587 a      1065     2     5     3     1
      0.0119664669 a      1066     2     6     3     1
     -0.0126564194 a      1067     2     7     3     1
     -0.0059644646 a      1068     2     8     3     1
      0.0519836355 a      1069     2     9     3     1
      0.0310907473 a      1070     2    10     3     1
     -0.0090537624 a      1071     2    11     3     1
     -0.0322544054 a      1072     2    12     3     1
      0.0013708512 a      1073     2    13     3     1
      0.0013913026 a      1074     2    14     3     1
      0.0507823203 a      1075     2    15     3     1
      0.0125430548 a      1076     2    16     3     1
      0.0089751379 a      1077     2    17     3     1
     -0.0093608752 a      1078     2    18     3     1
      0.0131377336 a      1079     2    19     3     1
      0.0116863439 a      1080     2    20     3     1
     19.6570676419 b      1081     3     1
