     -0.0794277556 a         1     0     1     1     1
      0.1301261679 a         2     0     1     1     2
      0.1881491106 a         3     0     1     1     3
      0.2193797905 a         4     0     1     1     4
      0.1092759672 a         5     0     1     1     5
     -0.2893330063 a         6     0     1     1     6
     -0.1687671988 a         7     0     1     1     7
      0.4251281918 a         8     0     1     1     8
      0.3806745351 a         9     0     1     1     9
     -0.3450167094 a        10     0     1     1    10
     -0.2042536689 a        11     0     1     1    11
     -0.0339947963 a        12     0     1     1    12
     -0.2406845452 a        13     0     1     1    13
     -0.1095621872 a        14     0     1     1    14
     -0.4377742718 a        15     0     1     1    15
     -0.0048869003 a        16     0     1     1    16
      0.3878006390 a        17     0     1     1    17
      0.0961990161 a        18     0     1     1    18
      0.1349478608 a        19     0     1     1    19
      0.0050393738 a        20     0     1     1    20
      0.3474085066 a        21     0     2     1     1
     -0.3856817397 a        22     0     2     1     2
     -0.0965655333 a        23     0     2     1     3
      0.2893988024 a        24     0     2     1     4
      0.3215461884 a        25     0     2     1     5
     -0.3733674758 a        26     0     2     1     6
     -0.1202549488 a        27     0     2     1     7
      0.4035461654 a        28     0     2     1     8
      0.3991941426 a        29     0     2     1     9
     -0.2834408352 a        30     0     2     1    10
      0.2977067882 a        31     0     2     1    11
     -0.1945858335 a        32     0     2     1    12
     -0.1545708042 a        33     0     2     1    13
      0.0306224102 a        34     0     2     1    14
     -0.3006379896 a        35     0     2     1    15
     -0.2888005741 a        36     0     2     1    16
      0.2663183313 a        37     0     2     1    17
     -0.4191450497 a        38     0     2     1    18
      0.2629579111 a        39     0     2     1    19
      0.1824016600 a        40     0     2     1    20
     -0.2346933337 a        41     0     3     1     1
      0.1503418159 a        42     0     3     1     2
     -0.1034634122 a        43     0     3     1     3
     -0.2449851425 a        44     0     3     1     4
      0.4235504477 a        45     0     3     1     5
     -0.3347698612 a        46     0     3     1     6
      0.3363949533 a        47     0     3     1     7
     -0.4366194136 a        48     0     3     1     8
      0.4380269367 a        49     0     3     1     9
     -0.1188354054 a        50     0     3     1    10
      0.1492392351 a        51     0     3     1    11
      0.2665207956 a        52     0     3     1    12
      0.0565819702 a        53     0     3     1    13
     -0.1841090472 a        54     0     3     1    14
     -0.3499888595 a        55     0     3     1    15
     -0.0973516643 a        56     0     3     1    16
      0.2560747798 a        57     0     3     1    17
     -0.0717347793 a        58     0     3     1    18
      0.3297077727 a        59     0     3     1    19
      0.0039377170 a        60     0     3     1    20
     -0.1366419753 a        61     0     4     1     1
      0.4291195937 a        62     0     4     1     2
      0.3379762083 a        63     0     4     1     3
     -0.0553048035 a        64     0     4     1     4
     -0.4427927414 a        65     0     4     1     5
      0.0884625685 a        66     0     4     1     6
     -0.2604402751 a        67     0     4     1     7
      0.4033829639 a        68     0     4     1     8
     -0.1095047506 a        69     0     4     1     9
     -0.0451071790 a        70     0     4     1    10
      0.4188443065 a        71     0     4     1    11
      0.4771535788 a        72     0     4     1    12
     -0.3545523091 a        73     0     4     1    13
      0.1521253901 a        74     0     4     1    14
      0.2554015916 a        75     0     4     1    15
     -0.1119142834 a        76     0     4     1    16
      0.2652688971 a        77     0     4     1    17
      0.0991031060 a        78     0     4     1    18
     -0.0541771217 a        79     0     4     1    19
      0.3700652978 a        80     0     4     1    20
      0.1218210177 a        81     0     5     1     1
     -0.0542806682 a        82     0     5     1     2
      0.0605491782 a        83     0     5     1     3
      0.2686806178 a        84     0     5     1     4
      0.0073605548 a        85     0     5     1     5
      0.0184244416 a        86     0     5     1     6
      0.0952040217 a        87     0     5     1     7
     -0.1046467476 a        88     0     5     1     8
     -0.1320651188 a        89     0     5     1     9
     -0.3570237415 a        90     0     5     1    10
     -0.1597644722 a        91     0     5     1    11
      0.2920328354 a        92     0     5     1    12
      0.2533190403 a        93     0     5     1    13
      0.4775794731 a        94     0     5     1    14
      0.2234766445 a        95     0     5     1    15
     -0.0935282892 a        96     0     5     1    16
     -0.1504104221 a        97     0     5     1    17
     -0.1714888502 a        98     0     5     1    18
      0.3313117190 a        99     0     5     1    19
      0.3370638617 a       100     0     5     1    20
     -0.0479473003 a       101     0     6     1     1
      0.1397780730 a       102     0     6     1     2
     -0.2609955006 a       103     0     6     1     3
      0.0858014598 a       104     0     6     1     4
      0.0994750140 a       105     0     6     1     5
      0.1806645642 a       106     0     6     1     6
      0.0294906312 a       107     0     6     1     7
      0.3708474474 a       108     0     6     1     8
      0.1931559115 a       109     0     6     1     9
     -0.3624809682 a       110     0     6     1    10
      0.1333402904 a       111     0     6     1    11
     -0.2990479493 a       112     0     6     1    12
     -0.0242262959 a       113     0     6     1    13
      0.4251618371 a       114     0     6     1    14
     -0.3029076074 a       115     0     6     1    15
     -0.2817257429 a       116     0     6     1    16
     -0.1366286606 a       117     0     6     1    17
     -0.3013307082 a       118     0     6     1    18
     -0.3921580384 a       119     0     6     1    19
     -0.3632428822 a       120     0     6     1    20
      0.2287056156 a       121     0     7     1     1
      0.1901307241 a       122     0     7     1     2
      0.1419154647 a       123     0     7     1     3
     -0.2775971946 a       124     0     7     1     4
     -0.0386380988 a       125     0     7     1     5
      0.0844008799 a       126     0     7     1     6
      0.1949769981 a       127     0     7     1     7
     -0.2854796457 a       128     0     7     1     8
      0.4145354391 a       129     0     7     1     9
     -0.3200741954 a       130     0     7     1    10
     -0.2872176418 a       131     0     7     1    11
     -0.3388942320 a       132     0     7     1    12
     -0.2350715546 a       133     0     7     1    13
     -0.2638708463 a       134     0     7     1    14
      0.2438260325 a       135     0     7     1    15
      0.4695588068 a       136     0     7     1    16
      0.3505644539 a       137     0     7     1    17
      0.3221491235 a       138     0     7     1    18
     -0.3464380647 a       139     0     7     1    19
     -0.3508731421 a       140     0     7     1    20
     -0.1644593596 a       141     0     8     1     1
      0.1982166343 a       142     0     8     1     2
     -0.0832863744 a       143     0     8     1     3
      0.3281297305 a       144     0     8     1     4
      0.0716395098 a       145     0     8     1     5
     -0.4305083580 a       146     0     8     1     6
     -0.4392372060 a       147     0     8     1     7
     -0.2542282101 a       148     0     8     1     8
     -0.1348302531 a       149     0     8     1     9
     -0.3208693387 a       150     0     8     1    10
     -0.1433875855 a       151     0     8     1    11
     -0.3475847279 a       152     0     8     1    12
     -0.0776171787 a       153     0     8     1    13
      0.4436323280 a       154     0     8     1    14
     -0.4442403358 a       155     0     8     1    15
      0.2795696456 a       156     0     8     1    16
     -0.0367551153 a       157     0     8     1    17
     -0.0333277899 a       158     0     8     1    18
      0.2520905634 a       159     0     8     1    19
      0.0965951269 a       160     0     8     1    20
      0.3102259623 a       161     0     9     1     1
     -0.2542674476 a       162     0     9     1     2
     -0.3660180432 a       163     0     9     1     3
     -0.3033410600 a       164     0     9     1     4
      0.2107780663 a       165     0     9     1     5
     -0.4354405833 a       166     0     9     1     6
     -0.2796358428 a       167     0     9     1     7
     -0.3129318765 a       168     0     9     1     8
      0.0408078400 a       169     0     9     1     9
      0.2062167201 a       170     0     9     1    10
      0.1537877681 a       171     0     9     1    11
     -0.3567467188 a       172     0     9     1    12
     -0.2659949799 a       173     0     9     1    13
      0.2161961901 a       174     0     9     1    14
      0.3373280965 a       175     0     9     1    15
     -0.2436984031 a       176     0     9     1    16
      0.4003441498 a       177     0     9     1    17
     -0.4247251404 a       178     0     9     1    18
     -0.4254667354 a       179     0     9     1    19
      0.0761230260 a       180     0     9     1    20
     -0.4068966718 a       181     0    10     1     1
     -0.4343064676 a       182     0    10     1     2
      0.2783684676 a       183     0    10     1     3
     -0.3835443096 a       184     0    10     1     4
     -0.2288158020 a       185     0    10     1     5
      0.3032064753 a       186     0    10     1     6
     -0.1294331639 a       187     0    10     1     7
      0.1234807199 a       188     0    10     1     8
      0.0306301794 a       189     0    10     1     9
     -0.0267615584 a       190     0    10     1    10
     -0.3307618368 a       191     0    10     1    11
     -0.4169066830 a       192     0    10     1    12
      0.2684207156 a       193     0    10     1    13
     -0.2041313506 a       194     0    10     1    14
      0.3354526497 a       195     0    10     1    15
      0.4447767295 a       196     0    10     1    16
     -0.2079396050 a       197     0    10     1    17
     -0.4212398641 a       198     0    10     1    18
     -0.3624005289 a       199     0    10     1    19
      0.1895518620 a       200     0    10     1    20
     -0.3613770357 a       201     0    11     1     1
     -0.0638360160 a       202     0    11     1     2
     -0.3153366989 a       203     0    11     1     3
     -0.1177033468 a       204     0    11     1     4
      0.2916773270 a       205     0    11     1     5
     -0.1507023574 a       206     0    11     1     6
     -0.3147434422 a       207     0    11     1     7
      0.1538847833 a       208     0    11     1     8
     -0.1161930854 a       209     0    11     1     9
      0.3568852891 a       210     0    11     1    10
     -0.3351663607 a       211     0    11     1    11
      0.2760314347 a       212     0    11     1    12
      0.0997178370 a       213     0    11     1    13
     -0.1465882416 a       214     0    11     1    14
     -0.2302018248 a       215     0    11     1    15
     -0.1456085475 a       216     0    11     1    16
     -0.4255103986 a       217     0    11     1    17
     -0.4593395283 a       218     0    11     1    18
     -0.4052069710 a       219     0    11     1    19
      0.2747913722 a       220     0    11     1    20
     -0.1941073545 a       221     0    12     1     1
      0.4492464785 a       222     0    12     1     2
     -0.3069312318 a       223     0    12     1     3
     -0.3650397690 a       224     0    12     1     4
     -0.1147722436 a       225     0    12     1     5
      0.3403648554 a       226     0    12     1     6
     -0.0132053587 a       227     0    12     1     7
     -0.4481531995 a       228     0    12     1     8
      0.3276204755 a       229     0    12     1     9
     -0.0404075377 a       230     0    12     1    10
      0.3685876143 a       231     0    12     1    11
      0.1876289547 a       232     0    12     1    12
     -0.1535374648 a       233     0    12     1    13
     -0.4825613609 a       234     0    12     1    14
      0.3549877501 a       235     0    12     1    15
     -0.0830112817 a       236     0    12     1    16
     -0.1969889006 a       237     0    12     1    17
      0.0635111142 a       238     0    12     1    18
     -0.1647920264 a       239     0    12     1    19
      0.4353894716 a       240     0    12     1    20
     -0.1709695325 a       241     0    13     1     1
      0.4054970269 a       242     0    13     1     2
      0.3754426926 a       243     0    13     1     3
     -0.3069167991 a       244     0    13     1     4
      0.4402618763 a       245     0    13     1     5
      0.2684744141 a       246     0    13     1     6
      0.4756179339 a       247     0    13     1     7
      0.2446787519 a       248     0    13     1     8
      0.1204501066 a       249     0    13     1     9
      0.1258415706 a       250     0    13     1    10
      0.2127033849 a       251     0    13     1    11
     -0.3877445838 a       252     0    13     1    12
     -0.2713761410 a       253     0    13     1    13
     -0.2744299062 a       254     0    13     1    14
     -0.0362884074 a       255     0    13     1    15
      0.3575449963 a       256     0    13     1    16
      0.2152121048 a       257     0    13     1    17
     -0.4605902610 a       258     0    13     1    18
     -0.1363583036 a       259     0    13     1    19
      0.4134704410 a       260     0    13     1    20
      0.4611890653 a       261     0    14     1     1
      0.1391332115 a       262     0    14     1     2
      0.1008634217 a       263     0    14     1     3
     -0.0484065391 a       264     0    14     1     4
      0.2769971514 a       265     0    14     1     5
     -0.2776395878 a       266     0    14     1     6
     -0.1809983531 a       267     0    14     1     7
     -0.1916404209 a       268     0    14     1     8
     -0.3300269409 a       269     0    14     1     9
      0.3645247717 a       270     0    14     1    10
      0.3319739187 a       271     0    14     1    11
     -0.2340096646 a       272     0    14     1    12
     -0.1097602755 a       273     0    14     1    13
     -0.1338873309 a       274     0    14     1    14
     -0.1177598936 a       275     0    14     1    15
     -0.4791825825 a       276     0    14     1    16
     -0.1930043684 a       277     0    14     1    17
     -0.2628813124 a       278     0    14     1    18
     -0.3591267153 a       279     0    14     1    19
      0.2791847103 a       280     0    14     1    20
      0.4654322187 a       281     0    15     1     1
     -0.2605165579 a       282     0    15     1     2
     -0.2645709452 a       283     0    15     1     3
      0.4339704760 a       284     0    15     1     4
     -0.3684017415 a       285     0    15     1     5
     -0.3775645646 a       286     0    15     1     6
     -0.4589641759 a       287     0    15     1     7
     -0.0618848678 a       288     0    15     1     8
      0.3155057206 a       289     0    15     1     9
      0.4051635881 a       290     0    15     1    10
      0.2459065246 a       291     0    15     1    11
      0.2371388549 a       292     0    15     1    12
      0.2914687399 a       293     0    15     1    13
     -0.0778948756 a       294     0    15     1    14
     -0.4630502703 a       295     0    15     1    15
     -0.2285113837 a       296     0    15     1    16
     -0.2207400137 a       297     0    15     1    17
      0.1393800788 a       298     0    15     1    18
     -0.1311045881 a       299     0    15     1    19
     -0.2555426434 a       300     0    15     1    20
     -0.1329724819 a       301     0    16     1     1
      0.3275456005 a       302     0    16     1     2
     -0.2584857503 a       303     0    16     1     3
     -0.4579374206 a       304     0    16     1     4
     -0.0320142230 a       305     0    16     1     5
      0.3080732385 a       306     0    16     1     6
      0.4330367971 a       307     0    16     1     7
     -0.2284410392 a       308     0    16     1     8
     -0.3146738701 a       309     0    16     1     9
     -0.3478775079 a       310     0    16     1    10
      0.3201441735 a       311     0    16     1    11
     -0.0894242058 a       312     0    16     1    12
     -0.5207768256 a       313     0    16     1    13
     -0.0346866990 a       314     0    16     1    14
      0.2925861296 a       315     0    16     1    15
     -0.2903710038 a       316     0    16     1    16
     -0.3574331941 a       317     0    16     1    17
     -0.2219994146 a       318     0    16     1    18
     -0.3965673842 a       319     0    16     1    19
     -0.1245781741 a       320     0    16     1    20
     -0.3744202971 a       321     0    17     1     1
     -0.1504564246 a       322     0    17     1     2
     -0.3010602875 a       323     0    17     1     3
      0.3424655586 a       324     0    17     1     4
     -0.2298731320 a       325     0    17     1     5
      0.3394504780 a       326     0    17     1     6
     -0.3392041965 a       327     0    17     1     7
      0.0648977950 a       328     0    17     1     8
      0.2100733072 a       329     0    17     1     9
      0.3718074207 a       330     0    17     1    10
     -0.3701056598 a       331     0    17     1    11
     -0.1108365545 a       332     0    17     1    12
     -0.3340313723 a       333     0    17     1    13
      0.1116805398 a       334     0    17     1    14
     -0.2958907461 a       335     0    17     1    15
     -0.0012508021 a       336     0    17     1    16
      0.3693045945 a       337     0    17     1    17
     -0.0497979684 a       338     0    17     1    18
      0.1012545520 a       339     0    17     1    19
      0.3709861332 a       340     0    17     1    20
     -0.2025611210 a       341     0    18     1     1
      0.2024560752 a       342     0    18     1     2
     -0.3779494062 a       343     0    18     1     3
     -0.3586129355 a       344     0    18     1     4
     -0.4431932370 a       345     0    18     1     5
      0.2085462590 a       346     0    18     1     6
      0.0049421646 a       347     0    18     1     7
      0.4609055946 a       348     0    18     1     8
      0.3569959454 a       349     0    18     1     9
      0.0980317979 a       350     0    18     1    10
      0.2529628819 a       351     0    18     1    11
     -0.4192566991 a       352     0    18     1    12
      0.3324171246 a       353     0    18     1    13
     -0.0770733579 a       354     0    18     1    14
      0.3798402233 a       355     0    18     1    15
      0.3976980935 a       356     0    18     1    16
      0.4460212460 a       357     0    18     1    17
      0.1197276002 a       358     0    18     1    18
      0.2488705390 a       359     0    18     1    19
      0.2270626821 a       360     0    18     1    20
     -0.2699114313 a       361     0    19     1     1
      0.1265979428 a       362     0    19     1     2
     -0.4283276716 a       363     0    19     1     3
     -0.3460072391 a       364     0    19     1     4
     -0.2410467914 a       365     0    19     1     5
      0.0349109286 a       366     0    19     1     6
      0.0758678364 a       367     0    19     1     7
     -0.3640861291 a       368     0    19     1     8
      0.1653426384 a       369     0    19     1     9
      0.4037770721 a       370     0    19     1    10
     -0.4091655060 a       371     0    19     1    11
     -0.3056142939 a       372     0    19     1    12
     -0.0514004783 a       373     0    19     1    13
      0.0203570597 a       374     0    19     1    14
     -0.2005613978 a       375     0    19     1    15
     -0.3137125702 a       376     0    19     1    16
      0.4188141955 a       377     0    19     1    17
     -0.2632885404 a       378     0    19     1    18
     -0.0445551388 a       379     0    19     1    19
      0.1611049691 a       380     0    19     1    20
     -0.3755135251 a       381     0    20     1     1
      0.4015862482 a       382     0    20     1     2
      0.1935360887 a       383     0    20     1     3
      0.2058536063 a       384     0    20     1     4
     -0.1010619892 a       385     0    20     1     5
     -0.2560098788 a       386     0    20     1     6
     -0.0074515846 a       387     0    20     1     7
      0.1920469308 a       388     0    20     1     8
      0.2816825988 a       389     0    20     1     9
     -0.2182889227 a       390     0    20     1    10
     -0.1636117625 a       391     0    20     1    11
     -0.0855512844 a       392     0    20     1    12
      0.0071721957 a       393     0    20     1    13
      0.3277872303 a       394     0    20     1    14
     -0.2568463210 a       395     0    20     1    15
     -0.2417493149 a       396     0    20     1    16
      0.2625163508 a       397     0    20     1    17
      0.1789789904 a       398     0    20     1    18
     -0.3419073102 a       399     0    20     1    19
      0.3340953786 a       400     0    20     1    20
      0.1599245715 a       401     0    21     1     1
     -0.1316108998 a       402     0    21     1     2
     -0.3018279294 a       403     0    21     1     3
     -0.0378778917 a       404     0    21     1     4
     -0.1347631547 a       405     0    21     1     5
     -0.3813209968 a       406     0    21     1     6
      0.1400246615 a       407     0    21     1     7
     -0.2666635160 a       408     0    21     1     8
     -0.2652454447 a       409     0    21     1     9
     -0.1677396027 a       410     0    21     1    10
      0.3456377383 a       411     0    21     1    11
      0.0755245463 a       412     0    21     1    12
      0.3465649425 a       413     0    21     1    13
      0.1642065629 a       414     0    21     1    14
     -0.1272964280 a       415     0    21     1    15
     -0.0310029784 a       416     0    21     1    16
      0.1947142817 a       417     0    21     1    17
     -0.2116979926 a       418     0    21     1    18
     -0.0261507074 a       419     0    21     1    19
     -0.1291653866 a       420     0    21     1    20
      0.3973447451 a       421     0    22     1     1
      0.1290993333 a       422     0    22     1     2
     -0.1756627095 a       423     0    22     1     3
      0.0218596566 a       424     0    22     1     4
     -0.3478624988 a       425     0    22     1     5
      0.1004969377 a       426     0    22     1     6
      0.3895888238 a       427     0    22     1     7
      0.0575180652 a       428     0    22     1     8
      0.2688729959 a       429     0    22     1     9
      0.0572964752 a       430     0    22     1    10
      0.2225015934 a       431     0    22     1    11
      0.2935159755 a       432     0    22     1    12
      0.0886122165 a       433     0    22     1    13
      0.1458950542 a       434     0    22     1    14
     -0.2015535486 a       435     0    22     1    15
     -0.4071235786 a       436     0    22     1    16
     -0.1356407986 a       437     0    22     1    17
      0.2162903289 a       438     0    22     1    18
     -0.0483611094 a       439     0    22     1    19
     -0.4171108771 a       440     0    22     1    20
     -0.1732764336 a       441     0    23     1     1
      0.0563282638 a       442     0    23     1     2
     -0.3462512570 a       443     0    23     1     3
     -0.1429141608 a       444     0    23     1     4
     -0.4415212904 a       445     0    23     1     5
      0.4476815212 a       446     0    23     1     6
     -0.2326102333 a       447     0    23     1     7
      0.0246812829 a       448     0    23     1     8
     -0.0724782131 a       449     0    23     1     9
     -0.3281245961 a       450     0    23     1    10
     -0.2993520267 a       451     0    23     1    11
      0.0959538643 a       452     0    23     1    12
     -0.5472116181 a       453     0    23     1    13
     -0.2247097613 a       454     0    23     1    14
      0.0942345640 a       455     0    23     1    15
     -0.1692277043 a       456     0    23     1    16
     -0.2447173959 a       457     0    23     1    17
     -0.3756970968 a       458     0    23     1    18
     -0.3243052389 a       459     0    23     1    19
     -0.1569498059 a       460     0    23     1    20
      0.5259230235 a       461     0    24     1     1
     -0.1361995110 a       462     0    24     1     2
     -0.3386892225 a       463     0    24     1     3
      0.2887418853 a       464     0    24     1     4
     -0.3956750331 a       465     0    24     1     5
     -0.0497061638 a       466     0    24     1     6
     -0.3974964286 a       467     0    24     1     7
     -0.1537196184 a       468     0    24     1     8
     -0.1815158865 a       469     0    24     1     9
     -0.2176609393 a       470     0    24     1    10
     -0.1312708198 a       471     0    24     1    11
     -0.3175667045 a       472     0    24     1    12
     -0.0027530753 a       473     0    24     1    13
     -0.0262723350 a       474     0    24     1    14
      0.1409256522 a       475     0    24     1    15
     -0.4210964172 a       476     0    24     1    16
     -0.0247344230 a       477     0    24     1    17
      0.2876325449 a       478     0    24     1    18
     -0.3693379264 a       479     0    24     1    19
      0.2638676285 a       480     0    24     1    20
      0.0993087329 a       481     0    25     1     1
      0.1679348057 a       482     0    25     1     2
      0.3402384613 a       483     0    25     1     3
      0.4154495498 a       484     0    25     1     4
      0.0813743178 a       485     0    25     1     5
      0.1854830012 a       486     0    25     1     6
     -0.4152397951 a       487     0    25     1     7
      0.2184323859 a       488     0    25     1     8
     -0.2174620580 a       489     0    25     1     9
      0.0148258407 a       490     0    25     1    10
      0.1770841502 a       491     0    25     1    11
     -0.3717722586 a       492     0    25     1    12
      0.4215073111 a       493     0    25     1    13
     -0.1736296716 a       494     0    25     1    14
     -0.1943566008 a       495     0    25     1    15
     -0.2067987412 a       496     0    25     1    16
      0.3651678729 a       497     0    25     1    17
      0.3879028240 a       498     0    25     1    18
      0.0480549638 a       499     0    25     1    19
      0.3572194720 a       500     0    25     1    20
     -0.0689642059 a       501     0    26     1     1
      0.4478933010 a       502     0    26     1     2
      0.2316587470 a       503     0    26     1     3
     -0.0720315687 a       504     0    26     1     4
     -0.2073125937 a       505     0    26     1     5
      0.3045465577 a       506     0    26     1     6
      0.2014019108 a       507     0    26     1     7
     -0.3264954217 a       508     0    26     1     8
      0.3987777401 a       509     0    26     1     9
      0.2974137620 a       510     0    26     1    10
     -0.2871670716 a       511     0    26     1    11
      0.2354093858 a       512     0    26     1    12
     -0.4532220910 a       513     0    26     1    13
      0.5042249867 a       514     0    26     1    14
     -0.0479347721 a       515     0    26     1    15
     -0.3122212643 a       516     0    26     1    16
     -0.1582591766 a       517     0    26     1    17
      0.2618949460 a       518     0    26     1    18
     -0.1792902148 a       519     0    26     1    19
     -0.2179698025 a       520     0    26     1    20
      0.3580657161 a       521     0    27     1     1
      0.4209512418 a       522     0    27     1     2
      0.4163014600 a       523     0    27     1     3
      0.1776890047 a       524     0    27     1     4
      0.4417265847 a       525     0    27     1     5
      0.0738558655 a       526     0    27     1     6
      0.3711929830 a       527     0    27     1     7
     -0.4197052485 a       528     0    27     1     8
      0.1138350081 a       529     0    27     1     9
      0.3753706515 a       530     0    27     1    10
      0.3913085835 a       531     0    27     1    11
     -0.3122414618 a       532     0    27     1    12
      0.1880321334 a       533     0    27     1    13
     -0.5179296463 a       534     0    27     1    14
      0.1446968989 a       535     0    27     1    15
      0.0493044371 a       536     0    27     1    16
     -0.2922998809 a       537     0    27     1    17
      0.1631255983 a       538     0    27     1    18
      0.4006067459 a       539     0    27     1    19
      0.4323911379 a       540     0    27     1    20
      0.2828672026 a       541     0    28     1     1
     -0.4058279491 a       542     0    28     1     2
     -0.4368847932 a       543     0    28     1     3
     -0.4764892008 a       544     0    28     1     4
     -0.2184116855 a       545     0    28     1     5
     -0.1161001830 a       546     0    28     1     6
     -0.2194928084 a       547     0    28     1     7
      0.2240924207 a       548     0    28     1     8
     -0.2251198184 a       549     0    28     1     9
      0.3685959124 a       550     0    28     1    10
     -0.3911952079 a       551     0    28     1    11
     -0.1198404630 a       552     0    28     1    12
     -0.2334636685 a       553     0    28     1    13
     -0.4020568704 a       554     0    28     1    14
      0.0216966994 a       555     0    28     1    15
     -0.0212417237 a       556     0    28     1    16
      0.2610882020 a       557     0    28     1    17
     -0.3047234953 a       558     0    28     1    18
      0.0102998221 a       559     0    28     1    19
     -0.3412819120 a       560     0    28     1    20
     -0.1012946041 a       561     0    29     1     1
      0.1715931234 a       562     0    29     1     2
     -0.0719533977 a       563     0    29     1     3
      0.1421928904 a       564     0    29     1     4
      0.0877630397 a       565     0    29     1     5
     -0.2272129089 a       566     0    29     1     6
     -0.1214131171 a       567     0    29     1     7
     -0.0039141308 a       568     0    29     1     8
     -0.3954049804 a       569     0    29     1     9
      0.1370328245 a       570     0    29     1    10
      0.1682413737 a       571     0    29     1    11
     -0.1856592040 a       572     0    29     1    12
      0.4666929312 a       573     0    29     1    13
      0.0703577482 a       574     0    29     1    14
      0.3328912180 a       575     0    29     1    15
      0.1600383342 a       576     0    29     1    16
     -0.3211256760 a       577     0    29     1    17
      0.3705892956 a       578     0    29     1    18
     -0.4141392875 a       579     0    29     1    19
      0.2260582488 a       580     0    29     1    20
     -0.2272208481 a       581     0    30     1     1
     -0.2684998248 a       582     0    30     1     2
     -0.2267064242 a       583     0    30     1     3
      0.1718077102 a       584     0    30     1     4
     -0.3757282411 a       585     0    30     1     5
      0.1476159303 a       586     0    30     1     6
      0.1573929821 a       587     0    30     1     7
      0.1678269470 a       588     0    30     1     8
     -0.3343291703 a       589     0    30     1     9
     -0.1247751826 a       590     0    30     1    10
      0.2876930318 a       591     0    30     1    11
      0.0865034623 a       592     0    30     1    12
      0.2433134083 a       593     0    30     1    13
      0.2824604240 a       594     0    30     1    14
      0.2604237145 a       595     0    30     1    15
     -0.4655186458 a       596     0    30     1    16
      0.2122938661 a       597     0    30     1    17
      0.2242424826 a       598     0    30     1    18
      0.2157429643 a       599     0    30     1    19
      0.2035977016 a       600     0    30     1    20
      0.0662036907 a       601     0    31     1     1
      0.3478269749 a       602     0    31     1     2
     -0.1230560695 a       603     0    31     1     3
      0.1953494832 a       604     0    31     1     4
      0.1424945979 a       605     0    31     1     5
     -0.4466829739 a       606     0    31     1     6
     -0.3447886359 a       607     0    31     1     7
     -0.0419947751 a       608     0    31     1     8
     -0.4280743982 a       609     0    31     1     9
     -0.3837859164 a       610     0    31     1    10
      0.0477453069 a       611     0    31     1    11
      0.3323809233 a       612     0    31     1    12
      0.1412229197 a       613     0    31     1    13
      0.4055884276 a       614     0    31     1    14
     -0.3534401472 a       615     0    31     1    15
      0.1828552398 a       616     0    31     1    16
      0.1233598883 a       617     0    31     1    17
     -0.2663529516 a       618     0    31     1    18
      0.2379267477 a       619     0    31     1    19
     -0.1063401386 a       620     0    31     1    20
      1.3658916830 b       621     1     1
      0.5412728585 b       622     1     2
      0.7743361375 b       623     1     3
     -0.4304113123 b       624     1     4
      0.5607714004 b       625     1     5
      1.4224605987 b       626     1     6
      1.4587042625 b       627     1     7
     -0.4217072216 b       628     1     8
     -0.7094579247 b       629     1     9
     -0.6027389388 b       630     1    10
      0.9407308237 b       631     1    11
     -0.5651102752 b       632     1    12
      0.3183279494 b       633     1    13
     -0.8826157844 b       634     1    14
      1.0737384870 b       635     1    15
      1.1709821748 b       636     1    16
     -0.5665871479 b       637     1    17
     -0.0275331458 b       638     1    18
      1.2885875251 b       639     1    19
     -0.8169240025 b       640     1    20
      0.0982115062 a       641     1     1     2     1
     -0.3077812449 a       642     1     1     2     2
     -0.5354896808 a       643     1     1     2     3
     -0.2059540519 a       644     1     1     2     4
      0.1118008561 a       645     1     1     2     5
     -0.5295877540 a       646     1     1     2     6
     -0.3420738149 a       647     1     1     2     7
      0.1654547302 a       648     1     1     2     8
      0.0336022401 a       649     1     1     2     9
      0.1560758027 a       650     1     1     2    10
     -0.4249502184 a       651     1     1     2    11
     -0.6113128264 a       652     1     1     2    12
      0.0665047341 a       653     1     1     2    13
     -0.3795761820 a       654     1     1     2    14
      0.3309789854 a       655     1     1     2    15
      0.3172487501 a       656     1     1     2    16
      0.0559956136 a       657     1     1     2    17
     -0.1140239905 a       658     1     1     2    18
      0.5460958057 a       659     1     1     2    19
      0.0948127604 a       660     1     1     2    20
     -0.3250977896 a       661     1     2     2     1
      0.4771890290 a       662     1     2     2     2
      0.5365709389 a       663     1     2     2     3
      0.0883052593 a       664     1     2     2     4
     -0.6590836594 a       665     1     2     2     5
      0.0216905947 a       666     1     2     2     6
     -0.1684416364 a       667     1     2     2     7
      0.3013561000 a       668     1     2     2     8
     -0.3785527577 a       669     1     2     2     9
      0.3149935035 a       670     1     2     2    10
      0.4749930083 a       671     1     2     2    11
     -0.4529105695 a       672     1     2     2    12
      0.2657941207 a       673     1     2     2    13
      0.0950458109 a       674     1     2     2    14
      0.1735818892 a       675     1     2     2    15
     -0.2236471783 a       676     1     2     2    16
     -0.0520375533 a       677     1     2     2    17
      0.5415296459 a       678     1     2     2    18
      0.3949771677 a       679     1     2     2    19
     -0.4492318380 a       680     1     2     2    20
     -0.4238156931 a       681     1     3     2     1
     -0.2667871237 a       682     1     3     2     2
     -0.0530238539 a       683     1     3     2     3
     -0.4624382870 a       684     1     3     2     4
     -0.2015445871 a       685     1     3     2     5
     -0.3041319788 a       686     1     3     2     6
     -0.2637109613 a       687     1     3     2     7
     -0.1715109730 a       688     1     3     2     8
     -0.1137802041 a       689     1     3     2     9
      0.6336140243 a       690     1     3     2    10
      0.6573153412 a       691     1     3     2    11
      0.0619495438 a       692     1     3     2    12
      0.0536244656 a       693     1     3     2    13
     -0.3455979914 a       694     1     3     2    14
     -0.2645160021 a       695     1     3     2    15
      0.1524465423 a       696     1     3     2    16
      0.0353179103 a       697     1     3     2    17
      0.1515408893 a       698     1     3     2    18
      0.0737350247 a       699     1     3     2    19
      0.4396507398 a       700     1     3     2    20
      0.5663230572 a       701     1     4     2     1
     -0.4843371476 a       702     1     4     2     2
      0.4432007089 a       703     1     4     2     3
      0.4028245350 a       704     1     4     2     4
     -0.3581727747 a       705     1     4     2     5
      0.4029459221 a       706     1     4     2     6
     -0.5424590082 a       707     1     4     2     7
     -0.2058709819 a       708     1     4     2     8
      0.5498971863 a       709     1     4     2     9
     -0.0162810142 a       710     1     4     2    10
     -0.2399102233 a       711     1     4     2    11
      0.3940883883 a       712     1     4     2    12
      0.4943801368 a       713     1     4     2    13
     -0.0639153720 a       714     1     4     2    14
     -0.1125286816 a       715     1     4     2    15
     -0.5826514704 a       716     1     4     2    16
     -0.0801798220 a       717     1     4     2    17
     -0.5736166869 a       718     1     4     2    18
      0.5271626600 a       719     1     4     2    19
     -0.3429708288 a       720     1     4     2    20
      0.3818838569 a       721     1     5     2     1
     -0.6494011990 a       722     1     5     2     2
      0.4750309116 a       723     1     5     2     3
      0.4230674828 a       724     1     5     2     4
     -0.2531092616 a       725     1     5     2     5
     -0.3982001928 a       726     1     5     2     6
     -0.1141743401 a       727     1     5     2     7
      0.0804161659 a       728     1     5     2     8
      0.2174628732 a       729     1     5     2     9
     -0.1910792959 a       730     1     5     2    10
     -0.5389442318 a       731     1     5     2    11
      0.4887764337 a       732     1     5     2    12
     -0.4305461149 a       733     1     5     2    13
      0.4473180781 a       734     1     5     2    14
     -0.0725790902 a       735     1     5     2    15
     -0.2859773896 a       736     1     5     2    16
     -0.0959259797 a       737     1     5     2    17
      0.1602146925 a       738     1     5     2    18
     -0.5631370720 a       739     1     5     2    19
     -0.0042145301 a       740     1     5     2    20
     -0.2738577208 a       741     1     6     2     1
     -0.0402320840 a       742     1     6     2     2
     -0.4544027580 a       743     1     6     2     3
      0.3228411355 a       744     1     6     2     4
     -0.0194751894 a       745     1     6     2     5
     -0.2942307918 a       746     1     6     2     6
     -0.4451510645 a       747     1     6     2     7
     -0.1373289113 a       748     1     6     2     8
     -0.4955913888 a       749     1     6     2     9
     -0.5912300390 a       750     1     6     2    10
     -0.1990868076 a       751     1     6     2    11
      0.0480038893 a       752     1     6     2    12
      0.4255534556 a       753     1     6     2    13
     -0.1799455863 a       754     1     6     2    14
      0.0034373597 a       755     1     6     2    15
     -0.3850758683 a       756     1     6     2    16
     -0.1872319661 a       757     1     6     2    17
     -0.2209514241 a       758     1     6     2    18
      0.4603197023 a       759     1     6     2    19
      0.4928873871 a       760     1     6     2    20
      0.3405957299 a       761     1     7     2     1
     -0.4012919816 a       762     1     7     2     2
      0.3440619935 a       763     1     7     2     3
      0.0185506986 a       764     1     7     2     4
     -0.1014583295 a       765     1     7     2     5
     -0.0024120139 a       766     1     7     2     6
      0.4281912138 a       767     1     7     2     7
     -0.4007306187 a       768     1     7     2     8
     -0.1056276263 a       769     1     7     2     9
     -0.0240078104 a       770     1     7     2    10
     -0.5390191094 a       771     1     7     2    11
      0.5756152476 a       772     1     7     2    12
      0.3158761620 a       773     1     7     2    13
     -0.4652678241 a       774     1     7     2    14
     -0.4492303901 a       775     1     7     2    15
      0.3245391110 a       776     1     7     2    16
      0.7197362135 a       777     1     7     2    17
      0.1562150492 a       778     1     7     2    18
     -0.1705736555 a       779     1     7     2    19
      0.3723343374 a       780     1     7     2    20
      0.5475993511 a       781     1     8     2     1
      0.4945860299 a       782     1     8     2     2
      0.4523092934 a       783     1     8     2     3
      0.3742417739 a       784     1     8     2     4
     -0.1463085273 a       785     1     8     2     5
     -0.1116883047 a       786     1     8     2     6
      0.5697484763 a       787     1     8     2     7
      0.0600720669 a       788     1     8     2     8
     -0.4998840777 a       789     1     8     2     9
      0.6559711630 a       790     1     8     2    10
     -0.0273895084 a       791     1     8     2    11
     -0.0737597842 a       792     1     8     2    12
     -0.4965184574 a       793     1     8     2    13
      0.4941302772 a       794     1     8     2    14
      0.4213351503 a       795     1     8     2    15
      0.5343081542 a       796     1     8     2    16
     -0.3964309290 a       797     1     8     2    17
      0.3081132462 a       798     1     8     2    18
      0.0192582125 a       799     1     8     2    19
     -0.0322096739 a       800     1     8     2    20
     -0.1178039385 a       801     1     9     2     1
      0.3652238197 a       802     1     9     2     2
      0.0701430961 a       803     1     9     2     3
     -0.4123357148 a       804     1     9     2     4
      0.5649940763 a       805     1     9     2     5
      0.5017511385 a       806     1     9     2     6
     -0.5680900272 a       807     1     9     2     7
      0.5894158194 a       808     1     9     2     8
     -0.0788834060 a       809     1     9     2     9
     -0.5825803487 a       810     1     9     2    10
      0.4582187203 a       811     1     9     2    11
      0.3335229074 a       812     1     9     2    12
     -0.0592858298 a       813     1     9     2    13
     -0.1869407365 a       814     1     9     2    14
      0.1968110370 a       815     1     9     2    15
      0.2276940880 a       816     1     9     2    16
     -0.0003532450 a       817     1     9     2    17
      0.3384911890 a       818     1     9     2    18
     -0.5280383504 a       819     1     9     2    19
     -0.1125249579 a       820     1     9     2    20
     -0.0009557797 a       821     1    10     2     1
      0.1344989625 a       822     1    10     2     2
      0.3536726951 a       823     1    10     2     3
     -0.1019366811 a       824     1    10     2     4
      0.5389709084 a       825     1    10     2     5
      0.1676452460 a       826     1    10     2     6
     -0.3029892758 a       827     1    10     2     7
     -0.2232613816 a       828     1    10     2     8
      0.0923541720 a       829     1    10     2     9
      0.1030689315 a       830     1    10     2    10
      0.4356462745 a       831     1    10     2    11
      0.3871830300 a       832     1    10     2    12
     -0.5069538781 a       833     1    10     2    13
     -0.4665065557 a       834     1    10     2    14
     -0.6100967727 a       835     1    10     2    15
      0.2081806520 a       836     1    10     2    16
      0.0505680974 a       837     1    10     2    17
      0.1719769691 a       838     1    10     2    18
     -0.5134094882 a       839     1    10     2    19
      0.5099172489 a       840     1    10     2    20
     -0.4821888690 a       841     1    11     2     1
      0.3863546168 a       842     1    11     2     2
      0.2344649768 a       843     1    11     2     3
     -0.1798105574 a       844     1    11     2     4
      0.0503809259 a       845     1    11     2     5
     -0.5871756396 a       846     1    11     2     6
     -0.1867415636 a       847     1    11     2     7
      0.2272612337 a       848     1    11     2     8
      0.0911885397 a       849     1    11     2     9
      0.2144199636 a       850     1    11     2    10
     -0.2556642890 a       851     1    11     2    11
     -0.4638173460 a       852     1    11     2    12
      0.4046628060 a       853     1    11     2    13
     -0.1261158149 a       854     1    11     2    14
      0.2975925327 a       855     1    11     2    15
      0.0057524800 a       856     1    11     2    16
     -0.4639719609 a       857     1    11     2    17
     -0.2772118527 a       858     1    11     2    18
      0.2550259835 a       859     1    11     2    19
      0.4628428103 a       860     1    11     2    20
     -0.4351583790 a       861     1    12     2     1
     -0.1340926914 a       862     1    12     2     2
     -0.2832600202 a       863     1    12     2     3
     -0.4211687648 a       864     1    12     2     4
      0.2682879105 a       865     1    12     2     5
      0.4177345532 a       866     1    12     2     6
      0.3747171688 a       867     1    12     2     7
      0.1904840467 a       868     1    12     2     8
      0.4699217403 a       869     1    12     2     9
      0.1052753168 a       870     1    12     2    10
     -0.2819755729 a       871     1    12     2    11
     -0.5179198629 a       872     1    12     2    12
     -0.3268340985 a       873     1    12     2    13
      0.4970094062 a       874     1    12     2    14
     -0.4096531307 a       875     1    12     2    15
     -0.3878137743 a       876     1    12     2    16
     -0.5283764478 a       877     1    12     2    17
      0.3792954941 a       878     1    12     2    18
      0.0894801702 a       879     1    12     2    19
     -0.0737438801 a       880     1    12     2    20
     -0.4209367860 a       881     1    13     2     1
     -0.1805614058 a       882     1    13     2     2
     -0.4179043724 a       883     1    13     2     3
      0.5601735477 a       884     1    13     2     4
      0.7288397509 a       885     1    13     2     5
     -0.4992435589 a       886     1    13     2     6
     -0.1301066045 a       887     1    13     2     7
     -0.6074401960 a       888     1    13     2     8
     -0.5168879514 a       889     1    13     2     9
      0.4197248604 a       890     1    13     2    10
      0.2415225832 a       891     1    13     2    11
     -0.0074199994 a       892     1    13     2    12
     -0.4019722057 a       893     1    13     2    13
      0.1237615618 a       894     1    13     2    14
     -0.4969264474 a       895     1    13     2    15
      0.5067413230 a       896     1    13     2    16
     -0.2133349344 a       897     1    13     2    17
     -0.4445633584 a       898     1    13     2    18
     -0.1796188907 a       899     1    13     2    19
     -0.4420376077 a       900     1    13     2    20
     -0.3679384415 a       901     1    14     2     1
     -0.0944427450 a       902     1    14     2     2
      0.4258628630 a       903     1    14     2     3
     -0.3558362082 a       904     1    14     2     4
      0.1799518957 a       905     1    14     2     5
     -0.2823897736 a       906     1    14     2     6
     -0.0358318691 a       907     1    14     2     7
     -0.3112528191 a       908     1    14     2     8
     -0.2586711187 a       909     1    14     2     9
      0.5004275679 a       910     1    14     2    10
      0.1031160499 a       911     1    14     2    11
     -0.0570643632 a       912     1    14     2    12
     -0.0187433545 a       913     1    14     2    13
     -0.3189883739 a       914     1    14     2    14
      0.4779458229 a       915     1    14     2    15
     -0.2629308324 a       916     1    14     2    16
     -0.2090462011 a       917     1    14     2    17
      0.1660251696 a       918     1    14     2    18
      0.2061732976 a       919     1    14     2    19
     -0.5227236119 a       920     1    14     2    20
      0.2143606162 a       921     1    15     2     1
     -0.2468717098 a       922     1    15     2     2
      0.4708210356 a       923     1    15     2     3
     -0.3698307450 a       924     1    15     2     4
     -0.4895624690 a       925     1    15     2     5
      0.2545286152 a       926     1    15     2     6
      0.4625982061 a       927     1    15     2     7
     -0.7053631250 a       928     1    15     2     8
      0.4240554991 a       929     1    15     2     9
      0.0591107265 a       930     1    15     2    10
     -0.1106077286 a       931     1    15     2    11
     -0.0291493318 a       932     1    15     2    12
     -0.4965781125 a       933     1    15     2    13
     -0.2926847442 a       934     1    15     2    14
      0.0442647113 a       935     1    15     2    15
     -0.5562567130 a       936     1    15     2    16
      0.6190492094 a       937     1    15     2    17
      0.3011581767 a       938     1    15     2    18
     -0.1185124651 a       939     1    15     2    19
     -0.0985325098 a       940     1    15     2    20
     -0.3752788122 a       941     1    16     2     1
     -0.4488411636 a       942     1    16     2     2
      0.0915092529 a       943     1    16     2     3
     -0.5173206312 a       944     1    16     2     4
     -0.0686261557 a       945     1    16     2     5
      0.4284809631 a       946     1    16     2     6
      0.5508988677 a       947     1    16     2     7
     -0.2341142914 a       948     1    16     2     8
      0.3911645435 a       949     1    16     2     9
     -0.0483088978 a       950     1    16     2    10
     -0.2397211016 a       951     1    16     2    11
      0.1313562500 a       952     1    16     2    12
      0.3035656890 a       953     1    16     2    13
      0.3768928629 a       954     1    16     2    14
     -0.2489131345 a       955     1    16     2    15
      0.4493256124 a       956     1    16     2    16
      0.4235936249 a       957     1    16     2    17
      0.0163010719 a       958     1    16     2    18
      0.1380969413 a       959     1    16     2    19
     -0.3928970458 a       960     1    16     2    20
      0.1515165057 a       961     1    17     2     1
     -0.5362972438 a       962     1    17     2     2
     -0.4334306232 a       963     1    17     2     3
      0.2537605254 a       964     1    17     2     4
      0.5838387113 a       965     1    17     2     5
      0.5071560135 a       966     1    17     2     6
      0.3133401608 a       967     1    17     2     7
     -0.0809509744 a       968     1    17     2     8
     -0.0691042511 a       969     1    17     2     9
     -0.5965407152 a       970     1    17     2    10
     -0.1444588900 a       971     1    17     2    11
     -0.1125147362 a       972     1    17     2    12
      0.0078717631 a       973     1    17     2    13
      0.4519834317 a       974     1    17     2    14
     -0.6174342260 a       975     1    17     2    15
      0.5434070108 a       976     1    17     2    16
     -0.4220901674 a       977     1    17     2    17
     -0.3040736869 a       978     1    17     2    18
      0.3408209047 a       979     1    17     2    19
     -0.4563655777 a       980     1    17     2    20
     -0.1591704837 a       981     1    18     2     1
      0.2889828140 a       982     1    18     2     2
      0.0274712684 a       983     1    18     2     3
     -0.1877139574 a       984     1    18     2     4
      0.0723810132 a       985     1    18     2     5
     -0.3617581806 a       986     1    18     2     6
      0.2165091810 a       987     1    18     2     7
     -0.2628509963 a       988     1    18     2     8
     -0.5552635464 a       989     1    18     2     9
     -0.2060729219 a       990     1    18     2    10
      0.3661685985 a       991     1    18     2    11
     -0.4252475886 a       992     1    18     2    12
      0.2604477936 a       993     1    18     2    13
      0.2147880225 a       994     1    18     2    14
      0.5379067077 a       995     1    18     2    15
     -0.2777278832 a       996     1    18     2    16
     -0.2855256617 a       997     1    18     2    17
     -0.6876795326 a       998     1    18     2    18
      0.2518990904 a       999     1    18     2    19
      0.3627408415 a      1000     1    18     2    20
      0.4174442510 a      1001     1    19     2     1
      0.0771502309 a      1002     1    19     2     2
     -0.0765558448 a      1003     1    19     2     3
      0.5211076805 a      1004     1    19     2     4
     -0.1405426546 a      1005     1    19     2     5
     -0.0137807539 a      1006     1    19     2     6
      0.0980874353 a      1007     1    19     2     7
     -0.4347675467 a      1008     1    19     2     8
     -0.3543044631 a      1009     1    19     2     9
      0.2514889850 a      1010     1    19     2    10
     -0.4831682197 a      1011     1    19     2    11
     -0.5483709274 a      1012     1    19     2    12
     -0.4857572991 a      1013     1    19     2    13
      0.5744875221 a      1014     1    19     2    14
     -0.3315114699 a      1015     1    19     2    15
     -0.0630600119 a      1016     1    19     2    16
     -0.3652807807 a      1017     1    19     2    17
      0.4377324780 a      1018     1    19     2    18
     -0.5403370825 a      1019     1    19     2    19
     -0.0239521874 a      1020     1    19     2    20
      0.4825575656 a      1021     1    20     2     1
      0.4368216594 a      1022     1    20     2     2
      0.2643512538 a      1023     1    20     2     3
      0.4343047864 a      1024     1    20     2     4
      0.2731239547 a      1025     1    20     2     5
     -0.2970128300 a      1026     1    20     2     6
      0.3688076446 a      1027     1    20     2     7
      0.7046001969 a      1028     1    20     2     8
     -0.5314125921 a      1029     1    20     2     9
     -0.0377024090 a      1030     1    20     2    10
     -0.2313542721 a      1031     1    20     2    11
      0.2670586177 a      1032     1    20     2    12
      0.5234399929 a      1033     1    20     2    13
     -0.4836384694 a      1034     1    20     2    14
      0.2250683944 a      1035     1    20     2    15
      0.2236666082 a      1036     1    20     2    16
     -0.6089985358 a      1037     1    20     2    17
     -0.5937712041 a      1038     1    20     2    18
     -0.3919546351 a      1039     1    20     2    19
     -0.5242340382 a      1040     1    20     2    20
      1.0902483312 b      1041     2     1
      1.2257326808 b      1042     2     2
     -1.5001160478 b      1043     2     3
      0.9231785698 b      1044     2     4
     -1.6210186427 b      1045     2     5
      1.2365113869 b      1046     2     6
     -1.2726391790 b      1047     2     7
      1.5365205001 b      1048     2     8
     -0.8477043918 b      1049     2     9
      1.4976047943 b      1050     2    10
      0.3059999909 b      1051     2    11
      1.2174510842 b      1052     2    12
      0.3584372090 b      1053     2    13
     -0.7022148209 b      1054     2    14
     -1.6129445387 b      1055     2    15
      0.4344861053 b      1056     2    16
     -0.8501324506 b      1057     2    17
      0.3435835162 b      1058     2    18
      1.4829652816 b      1059     2    19
      0.6185704853 b      1060     2    20
     -0.0003992148 a      1061     2     1     3     1
      0.0140843990 a      1062     2     2     3     1
     -0.0022780404 a      1063     2     3     3     1
      0.0078461250 a      1064     2     4     3     1
     -0.0031789074 a      1065     2     5     3     1
      0.0049217689 a      1066     2     6     3     1
     -0.0031239850 a      1067     2     7     3     1
     -0.0053883335 a      1068     2     8     3     1
      0.0271313097 a      1069     2     9     3     1
      0.0107799383 a      1070     2    10     3     1
     -0.0028547883 a      1071     2    11     3     1
     -0.0216933991 a      1072     2    12     3     1
     -0.0014123298 a      1073     2    13     3     1
      0.0019767467 a      1074     2    14     3     1
      0.0029903318 a      1075     2    15     3     1
      0.0053734090 a      1076     2    16     3     1
      0.0072564442 a      1077     2    17     3     1
     -0.0075679941 a      1078     2    18     3     1
      0.0023512808 a      1079     2    19     3     1
      0.0048987373 a      1080     2    20     3     1
     19.6533241022 b      1081     3     1
