     -0.2964463717 a         1     0     1     1     1
      0.1856190327 a         2     0     1     1     2
      1.0007920657 a         3     0     1     1     3
      0.3536272766 a         4     0     1     1     4
     -0.2777845762 a         5     0     1     1     5
     -0.6149145318 a         6     0     1     1     6
      0.8494636037 a         7     0     1     1     7
      0.4241440958 a         8     0     1     1     8
     -0.5642016243 a         9     0     1     1     9
      0.0568524031 a        10     0     1     1    10
      0.6103406667 a        11     0     1     1    11
     -0.1061462786 a        12     0     1     1    12
     -0.5437995297 a        13     0     1     1    13
     -0.4599874228 a        14     0     1     1    14
     -0.7959889330 a        15     0     1     1    15
     -0.8237576527 a        16     0     2     1     1
     -0.8114606384 a        17     0     2     1     2
      0.2451741045 a        18     0     2     1     3
      0.6203879193 a        19     0     2     1     4
      0.0506189884 a        20     0     2     1     5
     -0.7579303273 a        21     0     2     1     6
     -0.9364255972 a        22     0     2     1     7
      1.0105619670 a        23     0     2     1     8
     -0.5412117424 a        24     0     2     1     9
      0.5914441722 a        25     0     2     1    10
     -0.2937542235 a        26     0     2     1    11
     -0.3665986186 a        27     0     2     1    12
     -0.3241722964 a        28     0     2     1    13
     -0.9716777800 a        29     0     2     1    14
      0.8058002797 a        30     0     2     1    15
     -0.8349125907 a        31     0     3     1     1
      0.0474112778 a        32     0     3     1     2
     -0.6943964627 a        33     0     3     1     3
      0.6415432856 a        34     0     3     1     4
     -0.4016807790 a        35     0     3     1     5
      0.8506826919 a        36     0     3     1     6
      0.8466252630 a        37     0     3     1     7
      0.7505081882 a        38     0     3     1     8
      0.5677845863 a        39     0     3     1     9
     -0.2665936022 a        40     0     3     1    10
      0.0301600315 a        41     0     3     1    11
     -0.0780102809 a        42     0     3     1    12
     -0.4865987865 a        43     0     3     1    13
     -0.1990361076 a        44     0     3     1    14
      0.0680530079 a        45     0     3     1    15
     -0.4190856249 a        46     0     4     1     1
      0.6625057720 a        47     0     4     1     2
     -0.9034565998 a        48     0     4     1     3
     -0.7877238520 a        49     0     4     1     4
      0.5983745109 a        50     0     4     1     5
      0.7782064189 a        51     0     4     1     6
     -0.7863479953 a        52     0     4     1     7
      0.7661403140 a        53     0     4     1     8
      0.8287505899 a        54     0     4     1     9
      0.5328999058 a        55     0     4     1    10
      0.4967253667 a        56     0     4     1    11
      0.1685172811 a        57     0     4     1    12
     -0.1040392292 a        58     0     4     1    13
      0.0267294811 a        59     0     4     1    14
      0.9153641998 a        60     0     4     1    15
      0.2443916326 a        61     0     5     1     1
     -0.0669756728 a        62     0     5     1     2
     -0.1715124359 a        63     0     5     1     3
     -0.9900988955 a        64     0     5     1     4
      0.4420464683 a        65     0     5     1     5
     -0.2663846864 a        66     0     5     1     6
     -0.3283605854 a        67     0     5     1     7
     -0.8530768367 a        68     0     5     1     8
      0.9568327944 a        69     0     5     1     9
     -0.7096027316 a        70     0     5     1    10
     -0.8394821357 a        71     0     5     1    11
     -0.1919351545 a        72     0     5     1    12
     -0.3564871929 a        73     0     5     1    13
     -0.4700101835 a        74     0     5     1    14
     -0.1109654398 a        75     0     5     1    15
     -0.9544226193 a        76     0     6     1     1
      0.5375386848 a        77     0     6     1     2
     -0.6491650804 a        78     0     6     1     3
      0.8168256344 a        79     0     6     1     4
      0.3171342111 a        80     0     6     1     5
      0.4470826148 a        81     0     6     1     6
     -0.9182688460 a        82     0     6     1     7
     -0.5529179064 a        83     0     6     1     8
     -0.1859776894 a        84     0     6     1     9
     -0.2629563164 a        85     0     6     1    10
     -0.5055193914 a        86     0     6     1    11
      0.9286879681 a        87     0     6     1    12
     -0.9078206356 a        88     0     6     1    13
     -0.3871287480 a        89     0     6     1    14
     -0.0301957073 a        90     0     6     1    15
      0.6924768542 a        91     0     7     1     1
     -0.3740816289 a        92     0     7     1     2
      0.1533921106 a        93     0     7     1     3
      0.7014672677 a        94     0     7     1     4
      0.1297746867 a        95     0     7     1     5
     -0.8019216565 a        96     0     7     1     6
      0.6098995802 a        97     0     7     1     7
     -0.9152269676 a        98     0     7     1     8
     -0.1538491880 a        99     0     7     1     9
     -0.4585766640 a       100     0     7     1    10
     -0.2969405651 a       101     0     7     1    11
      0.5365947294 a       102     0     7     1    12
     -0.5366008638 a       103     0     7     1    13
     -0.4690962393 a       104     0     7     1    14
      0.4464840632 a       105     0     7     1    15
     -0.3053995748 a       106     0     8     1     1
      0.3954523263 a       107     0     8     1     2
      0.5874015861 a       108     0     8     1     3
      0.2514201695 a       109     0     8     1     4
     -0.2690855492 a       110     0     8     1     5
     -0.7705826411 a       111     0     8     1     6
      0.5245534175 a       112     0     8     1     7
     -0.9547944868 a       113     0     8     1     8
      0.0567128467 a       114     0     8     1     9
      0.8478694632 a       115     0     8     1    10
      0.1639060468 a       116     0     8     1    11
      0.2081698571 a       117     0     8     1    12
     -0.2584674676 a       118     0     8     1    13
      0.9269887352 a       119     0     8     1    14
     -0.3245537862 a       120     0     8     1    15
      0.5136002812 a       121     0     9     1     1
      0.6030423985 a       122     0     9     1     2
      0.8769202894 a       123     0     9     1     3
      0.4744772270 a       124     0     9     1     4
      0.8918730600 a       125     0     9     1     5
      0.5692114756 a       126     0     9     1     6
     -0.1256805415 a       127     0     9     1     7
      0.1254857812 a       128     0     9     1     8
      0.2769263006 a       129     0     9     1     9
      0.9432078898 a       130     0     9     1    10
     -0.7499851194 a       131     0     9     1    11
     -0.0409566127 a       132     0     9     1    12
     -0.0954416789 a       133     0     9     1    13
      0.2093088870 a       134     0     9     1    14
     -0.5715223681 a       135     0     9     1    15
      0.1569224573 a       136     0    10     1     1
      0.3609791777 a       137     0    10     1     2
     -0.9369241638 a       138     0    10     1     3
     -0.3792166727 a       139     0    10     1     4
     -0.2959378439 a       140     0    10     1     5
     -0.2083741511 a       141     0    10     1     6
     -0.0356970554 a       142     0    10     1     7
     -0.9753299931 a       143     0    10     1     8
      0.4166881162 a       144     0    10     1     9
      0.5642862183 a       145     0    10     1    10
      0.5036272817 a       146     0    10     1    11
     -0.4782149155 a       147     0    10     1    12
     -0.1604566550 a       148     0    10     1    13
     -0.5436317501 a       149     0    10     1    14
     -0.6352385391 a       150     0    10     1    15
      0.1937269676 a       151     0    11     1     1
     -0.1799776645 a       152     0    11     1     2
      0.1383885799 a       153     0    11     1     3
      0.3866912894 a       154     0    11     1     4
     -0.9346928991 a       155     0    11     1     5
     -0.4729145953 a       156     0    11     1     6
      0.7407364333 a       157     0    11     1     7
     -0.2512548288 a       158     0    11     1     8
      0.5194407843 a       159     0    11     1     9
     -0.1317935878 a       160     0    11     1    10
     -0.8157076348 a       161     0    11     1    11
      0.6131547536 a       162     0    11     1    12
     -0.5844022418 a       163     0    11     1    13
      0.0925680835 a       164     0    11     1    14
     -0.7506699028 a       165     0    11     1    15
      0.0649680532 a       166     0    12     1     1
     -0.2893172688 a       167     0    12     1     2
     -0.1732276550 a       168     0    12     1     3
      0.8273962711 a       169     0    12     1     4
      0.6416999983 a       170     0    12     1     5
     -0.4424936510 a       171     0    12     1     6
     -0.6152643264 a       172     0    12     1     7
     -0.2454260309 a       173     0    12     1     8
      0.5077468130 a       174     0    12     1     9
      0.2074882850 a       175     0    12     1    10
      0.1237159917 a       176     0    12     1    11
      0.4098116011 a       177     0    12     1    12
      0.8930796984 a       178     0    12     1    13
     -0.4193027471 a       179     0    12     1    14
      0.2832169934 a       180     0    12     1    15
      0.1718009327 a       181     0    13     1     1
     -0.2886167584 a       182     0    13     1     2
     -0.5404375916 a       183     0    13     1     3
     -0.4595505617 a       184     0    13     1     4
     -0.7045112885 a       185     0    13     1     5
      0.5625678218 a       186     0    13     1     6
      0.1662736748 a       187     0    13     1     7
     -0.8603720489 a       188     0    13     1     8
     -0.1813841741 a       189     0    13     1     9
      0.4496802687 a       190     0    13     1    10
     -0.6679711020 a       191     0    13     1    11
      0.5214388730 a       192     0    13     1    12
      0.3237678259 a       193     0    13     1    13
     -0.6584057490 a       194     0    13     1    14
      0.8032542594 a       195     0    13     1    15
      0.4101062952 a       196     0    14     1     1
      0.4397405702 a       197     0    14     1     2
      0.5728800742 a       198     0    14     1     3
     -0.8380905369 a       199     0    14     1     4
      0.8097317098 a       200     0    14     1     5
      0.9818663084 a       201     0    14     1     6
     -0.3637509668 a       202     0    14     1     7
      0.4464383066 a       203     0    14     1     8
     -0.6165901682 a       204     0    14     1     9
     -0.0811026881 a       205     0    14     1    10
      0.6993551815 a       206     0    14     1    11
      0.4076480259 a       207     0    14     1    12
     -0.8544907031 a       208     0    14     1    13
      0.8058055302 a       209     0    14     1    14
     -0.5678730066 a       210     0    14     1    15
     -0.9513948715 a       211     0    15     1     1
      0.2393581115 a       212     0    15     1     2
     -0.9104546976 a       213     0    15     1     3
      0.4082959852 a       214     0    15     1     4
      0.7786057048 a       215     0    15     1     5
      0.6573991012 a       216     0    15     1     6
      0.2237985933 a       217     0    15     1     7
      0.6448025678 a       218     0    15     1     8
     -0.0750787931 a       219     0    15     1     9
     -0.4558052131 a       220     0    15     1    10
      0.1123040285 a       221     0    15     1    11
      0.3375244921 a       222     0    15     1    12
     -0.3545556895 a       223     0    15     1    13
     -0.5938969421 a       224     0    15     1    14
     -0.6751484466 a       225     0    15     1    15
      0.3817231508 a       226     0    16     1     1
      0.4524072539 a       227     0    16     1     2
     -0.9305466228 a       228     0    16     1     3
     -0.1233444410 a       229     0    16     1     4
      0.3244898291 a       230     0    16     1     5
      0.6535840538 a       231     0    16     1     6
      0.1410301229 a       232     0    16     1     7
      0.4158590142 a       233     0    16     1     8
      0.9464112174 a       234     0    16     1     9
      0.9686437610 a       235     0    16     1    10
     -0.0153147600 a       236     0    16     1    11
      1.0279999284 a       237     0    16     1    12
      0.2212249945 a       238     0    16     1    13
      0.9589985291 a       239     0    16     1    14
     -0.4860218595 a       240     0    16     1    15
      0.9418035973 a       241     0    17     1     1
     -0.9206734241 a       242     0    17     1     2
      0.6946329708 a       243     0    17     1     3
      0.2546547436 a       244     0    17     1     4
     -0.4739585448 a       245     0    17     1     5
     -0.0051793729 a       246     0    17     1     6
      0.0887033772 a       247     0    17     1     7
      0.1122854297 a       248     0    17     1     8
      0.1012826409 a       249     0    17     1     9
      0.5261912761 a       250     0    17     1    10
     -0.2340795246 a       251     0    17     1    11
     -0.2039928734 a       252     0    17     1    12
      0.2287872667 a       253     0    17     1    13
     -0.9493802138 a       254     0    17     1    14
      0.8355865095 a       255     0    17     1    15
      0.2045768023 a       256     0    18     1     1
      0.3198094320 a       257     0    18     1     2
     -0.2045365963 a       258     0    18     1     3
      0.4017880663 a       259     0    18     1     4
     -0.5821469326 a       260     0    18     1     5
     -0.0984116951 a       261     0    18     1     6
      0.7224603858 a       262     0    18     1     7
      0.7568630215 a       263     0    18     1     8
      0.6473761948 a       264     0    18     1     9
      0.2828712134 a       265     0    18     1    10
      0.3306234367 a       266     0    18     1    11
      0.6417416204 a       267     0    18     1    12
     -0.4939876465 a       268     0    18     1    13
      0.7993747449 a       269     0    18     1    14
     -0.5734065077 a       270     0    18     1    15
     -0.4943624813 a       271     0    19     1     1
     -0.2452761687 a       272     0    19     1     2
     -0.1067052023 a       273     0    19     1     3
      0.0721260186 a       274     0    19     1     4
      0.0810279804 a       275     0    19     1     5
     -0.1664797086 a       276     0    19     1     6
      0.6078677966 a       277     0    19     1     7
     -0.6903961710 a       278     0    19     1     8
     -0.5229312796 a       279     0    19     1     9
     -0.3754501579 a       280     0    19     1    10
      0.1371240140 a       281     0    19     1    11
      0.8067068384 a       282     0    19     1    12
     -0.1927569692 a       283     0    19     1    13
      0.8581105953 a       284     0    19     1    14
      0.4924832932 a       285     0    19     1    15
     -0.4274926826 a       286     0    20     1     1
      0.1288327545 a       287     0    20     1     2
      0.4282461325 a       288     0    20     1     3
     -0.7594028390 a       289     0    20     1     4
      0.3100019916 a       290     0    20     1     5
     -0.6193777642 a       291     0    20     1     6
      0.0787337560 a       292     0    20     1     7
     -0.1145556766 a       293     0    20     1     8
      0.3693827807 a       294     0    20     1     9
      0.0141422264 a       295     0    20     1    10
     -0.2873898113 a       296     0    20     1    11
     -0.4463061396 a       297     0    20     1    12
     -0.3639876845 a       298     0    20     1    13
     -0.1835439561 a       299     0    20     1    14
     -0.0816741289 a       300     0    20     1    15
      0.8616793160 a       301     0    21     1     1
      0.3172829663 a       302     0    21     1     2
      0.6718982031 a       303     0    21     1     3
     -0.1044861485 a       304     0    21     1     4
      0.2671565606 a       305     0    21     1     5
     -0.7399002719 a       306     0    21     1     6
     -0.5306645600 a       307     0    21     1     7
     -0.2621652511 a       308     0    21     1     8
      0.7046237523 a       309     0    21     1     9
      0.8408411317 a       310     0    21     1    10
     -0.6450660445 a       311     0    21     1    11
     -0.9585529871 a       312     0    21     1    12
     -0.4056874877 a       313     0    21     1    13
      0.0920238767 a       314     0    21     1    14
     -0.0714915282 a       315     0    21     1    15
      0.4639079592 a       316     0    22     1     1
     -0.2130316951 a       317     0    22     1     2
      0.3213145551 a       318     0    22     1     3
      0.4426593867 a       319     0    22     1     4
     -0.1039427808 a       320     0    22     1     5
     -0.6075022614 a       321     0    22     1     6
     -0.3590410595 a       322     0    22     1     7
      0.4771120219 a       323     0    22     1     8
     -0.6724819909 a       324     0    22     1     9
      0.6758187231 a       325     0    22     1    10
      0.5166190556 a       326     0    22     1    11
     -0.7353146553 a       327     0    22     1    12
     -0.1997752771 a       328     0    22     1    13
     -0.1829158745 a       329     0    22     1    14
     -0.6155731269 a       330     0    22     1    15
     -0.9158846078 a       331     0    23     1     1
     -0.9153900636 a       332     0    23     1     2
      0.7895685088 a       333     0    23     1     3
     -0.6512373292 a       334     0    23     1     4
     -0.6733067798 a       335     0    23     1     5
      0.6826172362 a       336     0    23     1     6
      0.0546417510 a       337     0    23     1     7
      0.4787736724 a       338     0    23     1     8
      0.4691438449 a       339     0    23     1     9
     -0.2339943109 a       340     0    23     1    10
      0.0225113060 a       341     0    23     1    11
     -0.2282650024 a       342     0    23     1    12
     -0.5680519592 a       343     0    23     1    13
     -0.3884595465 a       344     0    23     1    14
     -0.0876280120 a       345     0    23     1    15
     -0.1438043410 a       346     0    24     1     1
      0.1980815779 a       347     0    24     1     2
      0.4025133113 a       348     0    24     1     3
      0.4094548594 a       349     0    24     1     4
      0.2214070058 a       350     0    24     1     5
     -0.6427437591 a       351     0    24     1     6
     -0.3975780647 a       352     0    24     1     7
      0.8895102901 a       353     0    24     1     8
      0.8120631128 a       354     0    24     1     9
     -0.8490055452 a       355     0    24     1    10
     -0.4791895296 a       356     0    24     1    11
     -0.0381114839 a       357     0    24     1    12
     -0.4279003177 a       358     0    24     1    13
     -0.1846436083 a       359     0    24     1    14
     -0.8567730975 a       360     0    24     1    15
      0.0031722203 a       361     0    25     1     1
      0.8031708306 a       362     0    25     1     2
      0.2040656120 a       363     0    25     1     3
      0.2497640769 a       364     0    25     1     4
      0.0035857572 a       365     0    25     1     5
      0.6337315264 a       366     0    25     1     6
     -0.8852824407 a       367     0    25     1     7
     -0.1987482881 a       368     0    25     1     8
      0.6059130017 a       369     0    25     1     9
      0.7324782813 a       370     0    25     1    10
     -0.8317042938 a       371     0    25     1    11
     -0.2490695863 a       372     0    25     1    12
      0.8680025369 a       373     0    25     1    13
      0.8472603967 a       374     0    25     1    14
     -0.7162065534 a       375     0    25     1    15
      0.6881385253 a       376     0    26     1     1
     -0.4900242143 a       377     0    26     1     2
     -0.2821264271 a       378     0    26     1     3
     -0.0191489567 a       379     0    26     1     4
     -0.5782660397 a       380     0    26     1     5
     -0.5646313430 a       381     0    26     1     6
      0.5360288696 a       382     0    26     1     7
     -0.9129493910 a       383     0    26     1     8
      0.5861584180 a       384     0    26     1     9
      0.4050939799 a       385     0    26     1    10
     -0.3799006228 a       386     0    26     1    11
      0.3306638611 a       387     0    26     1    12
     -0.2012445021 a       388     0    26     1    13
     -0.4943505432 a       389     0    26     1    14
      0.8788673156 a       390     0    26     1    15
     -0.7051716108 a       391     0    27     1     1
      0.7238611543 a       392     0    27     1     2
     -0.9574692692 a       393     0    27     1     3
      0.8833666097 a       394     0    27     1     4
     -0.2952918909 a       395     0    27     1     5
      0.3905626742 a       396     0    27     1     6
      0.5243238866 a       397     0    27     1     7
      0.0982414145 a       398     0    27     1     8
     -0.3304367351 a       399     0    27     1     9
     -0.6556108734 a       400     0    27     1    10
     -0.1733973519 a       401     0    27     1    11
      0.5555034249 a       402     0    27     1    12
     -0.1555283981 a       403     0    27     1    13
      0.6676246669 a       404     0    27     1    14
      0.0127388441 a       405     0    27     1    15
     -0.2382840762 a       406     0    28     1     1
      0.8320592831 a       407     0    28     1     2
      0.7359845299 a       408     0    28     1     3
     -0.1512150294 a       409     0    28     1     4
     -0.9750748417 a       410     0    28     1     5
      0.2201078501 a       411     0    28     1     6
     -0.5939110526 a       412     0    28     1     7
      0.8673780385 a       413     0    28     1     8
     -0.2053069191 a       414     0    28     1     9
     -0.0669398012 a       415     0    28     1    10
      0.9675654858 a       416     0    28     1    11
      0.9701432904 a       417     0    28     1    12
     -0.6119528226 a       418     0    28     1    13
      0.2949427676 a       419     0    28     1    14
      0.4421391922 a       420     0    28     1    15
     -0.2284347993 a       421     0    29     1     1
      0.5699351531 a       422     0    29     1     2
      0.2169626165 a       423     0    29     1     3
     -0.0980255941 a       424     0    29     1     4
      0.7804067305 a       425     0    29     1     5
      0.1826051203 a       426     0    29     1     6
     -0.1292505922 a       427     0    29     1     7
      0.1236050723 a       428     0    29     1     8
      0.5332518386 a       429     0    29     1     9
     -0.0170921755 a       430     0    29     1    10
      0.0602349865 a       431     0    29     1    11
      0.1994877222 a       432     0    29     1    12
     -0.2227853040 a       433     0    29     1    13
     -0.2440145699 a       434     0    29     1    14
     -0.8593929604 a       435     0    29     1    15
     -0.4274331221 a       436     0    30     1     1
      0.3959220084 a       437     0    30     1     2
      0.4741035153 a       438     0    30     1     3
      0.7408061222 a       439     0    30     1     4
      0.4167887628 a       440     0    30     1     5
     -0.2071035211 a       441     0    30     1     6
     -0.4266746836 a       442     0    30     1     7
     -0.3858462265 a       443     0    30     1     8
      0.7736148757 a       444     0    30     1     9
      0.7358705966 a       445     0    30     1    10
     -0.0497357417 a       446     0    30     1    11
      0.3187735745 a       447     0    30     1    12
     -0.5269336683 a       448     0    30     1    13
      0.1954766552 a       449     0    30     1    14
      0.1246687412 a       450     0    30     1    15
      0.4895420911 b       451     1     1
      0.3959717340 b       452     1     2
      0.6082618250 b       453     1     3
      0.6203599090 b       454     1     4
     -0.8704305859 b       455     1     5
      0.4947926257 b       456     1     6
     -0.5051353170 b       457     1     7
     -0.0327408282 b       458     1     8
      0.6494474835 b       459     1     9
     -0.5398151338 b       460     1    10
     -0.6572938778 b       461     1    11
     -0.3267640396 b       462     1    12
     -0.7512404238 b       463     1    13
     -1.1509617532 b       464     1    14
     -0.7263407575 b       465     1    15
      0.3973235401 a       466     1     1     2     1
      0.3983537840 a       467     1     1     2     2
      0.3922395959 a       468     1     1     2     3
     -0.6545039643 a       469     1     1     2     4
     -0.0580715999 a       470     1     1     2     5
      0.1815848263 a       471     1     1     2     6
      0.3912835110 a       472     1     1     2     7
     -0.5603284258 a       473     1     1     2     8
      0.8507069335 a       474     1     1     2     9
     -0.6036071249 a       475     1     1     2    10
     -0.6909250698 a       476     1     1     2    11
     -0.6631319581 a       477     1     1     2    12
     -0.4264211076 a       478     1     1     2    13
     -0.4264302602 a       479     1     1     2    14
      0.4060116704 a       480     1     1     2    15
      0.9571208210 a       481     1     2     2     1
      0.8234836066 a       482     1     2     2     2
      0.6580250231 a       483     1     2     2     3
     -0.7253643733 a       484     1     2     2     4
     -0.7640412082 a       485     1     2     2     5
     -0.2727937689 a       486     1     2     2     6
      0.4453647046 a       487     1     2     2     7
     -0.2468889713 a       488     1     2     2     8
      0.7035811080 a       489     1     2     2     9
      0.1494773026 a       490     1     2     2    10
     -1.0451806643 a       491     1     2     2    11
     -0.9459053304 a       492     1     2     2    12
     -0.5443772500 a       493     1     2     2    13
     -0.2542027086 a       494     1     2     2    14
     -0.8163778402 a       495     1     2     2    15
     -0.3198534870 a       496     1     3     2     1
     -0.7199813799 a       497     1     3     2     2
     -0.1571348007 a       498     1     3     2     3
      0.7454062679 a       499     1     3     2     4
     -0.8220869136 a       500     1     3     2     5
      0.5814059342 a       501     1     3     2     6
     -0.0953787692 a       502     1     3     2     7
     -0.1034979103 a       503     1     3     2     8
      0.5250612302 a       504     1     3     2     9
      0.1742177808 a       505     1     3     2    10
      0.5074972922 a       506     1     3     2    11
     -0.4815898574 a       507     1     3     2    12
     -0.7752535470 a       508     1     3     2    13
     -0.6193623412 a       509     1     3     2    14
      0.4897634489 a       510     1     3     2    15
     -0.9468466801 a       511     1     4     2     1
     -0.5498057817 a       512     1     4     2     2
     -0.6766696473 a       513     1     4     2     3
      0.1009620655 a       514     1     4     2     4
      0.5286119630 a       515     1     4     2     5
      0.3651567350 a       516     1     4     2     6
     -0.7256635017 a       517     1     4     2     7
     -0.4999692791 a       518     1     4     2     8
      0.3757180040 a       519     1     4     2     9
      0.5922809889 a       520     1     4     2    10
     -0.5203274588 a       521     1     4     2    11
      0.8572516148 a       522     1     4     2    12
     -0.9180343002 a       523     1     4     2    13
     -0.8474460046 a       524     1     4     2    14
      0.1448019034 a       525     1     4     2    15
     -0.7342378794 a       526     1     5     2     1
     -0.9883518299 a       527     1     5     2     2
      0.6261399314 a       528     1     5     2     3
     -0.7422065540 a       529     1     5     2     4
     -0.5184369367 a       530     1     5     2     5
      0.6384628558 a       531     1     5     2     6
     -0.2476403269 a       532     1     5     2     7
      0.2812629035 a       533     1     5     2     8
      0.0000097411 a       534     1     5     2     9
     -0.1579118305 a       535     1     5     2    10
     -0.6396191987 a       536     1     5     2    11
     -0.8826601982 a       537     1     5     2    12
      0.4780258635 a       538     1     5     2    13
     -0.3964757860 a       539     1     5     2    14
      0.6315854831 a       540     1     5     2    15
      0.9088466263 a       541     1     6     2     1
     -0.4653305434 a       542     1     6     2     2
     -0.9003088423 a       543     1     6     2     3
     -0.7745114237 a       544     1     6     2     4
      0.4000628902 a       545     1     6     2     5
     -0.6186254528 a       546     1     6     2     6
     -0.1516845052 a       547     1     6     2     7
     -0.6284716888 a       548     1     6     2     8
     -0.1955440948 a       549     1     6     2     9
      0.7174665674 a       550     1     6     2    10
     -0.4173164878 a       551     1     6     2    11
     -0.5943082578 a       552     1     6     2    12
      0.3370988825 a       553     1     6     2    13
     -0.2245588583 a       554     1     6     2    14
      0.8604866102 a       555     1     6     2    15
     -0.8008374010 a       556     1     7     2     1
      0.5229133549 a       557     1     7     2     2
      0.2048518442 a       558     1     7     2     3
     -0.2493069483 a       559     1     7     2     4
     -0.4534618919 a       560     1     7     2     5
     -0.3184373400 a       561     1     7     2     6
     -0.9324542349 a       562     1     7     2     7
     -0.9420492846 a       563     1     7     2     8
     -0.8727895340 a       564     1     7     2     9
      0.5913517849 a       565     1     7     2    10
     -0.1875789693 a       566     1     7     2    11
      0.9555605961 a       567     1     7     2    12
     -0.6684391990 a       568     1     7     2    13
     -0.7988438545 a       569     1     7     2    14
     -0.2367511265 a       570     1     7     2    15
      0.7449793493 a       571     1     8     2     1
      0.0075287551 a       572     1     8     2     2
     -0.9916613646 a       573     1     8     2     3
      0.7463959444 a       574     1     8     2     4
     -0.1042012445 a       575     1     8     2     5
      0.8800002916 a       576     1     8     2     6
      0.3847816821 a       577     1     8     2     7
     -0.3011512975 a       578     1     8     2     8
     -0.8161432305 a       579     1     8     2     9
      0.6117388369 a       580     1     8     2    10
     -0.2095260091 a       581     1     8     2    11
     -0.4437393592 a       582     1     8     2    12
      0.1297285943 a       583     1     8     2    13
     -0.3354740278 a       584     1     8     2    14
      0.8876329184 a       585     1     8     2    15
     -0.2849939184 a       586     1     9     2     1
      0.8998674903 a       587     1     9     2     2
      0.7890617419 a       588     1     9     2     3
     -0.6371547435 a       589     1     9     2     4
      0.9711069521 a       590     1     9     2     5
      0.5983230083 a       591     1     9     2     6
      0.9792888092 a       592     1     9     2     7
      0.5038758939 a       593     1     9     2     8
      0.2300962551 a       594     1     9     2     9
      0.1800048368 a       595     1     9     2    10
      0.4597490418 a       596     1     9     2    11
     -0.7528783802 a       597     1     9     2    12
     -0.4795557301 a       598     1     9     2    13
     -0.4544896443 a       599     1     9     2    14
     -0.0920713547 a       600     1     9     2    15
      0.7206006909 a       601     1    10     2     1
      0.4577476029 a       602     1    10     2     2
     -0.9798332797 a       603     1    10     2     3
     -0.2224213982 a       604     1    10     2     4
      0.8524287730 a       605     1    10     2     5
      0.7917683530 a       606     1    10     2     6
      0.3312980268 a       607     1    10     2     7
      0.2123737228 a       608     1    10     2     8
     -0.1628802661 a       609     1    10     2     9
      0.4567778309 a       610     1    10     2    10
     -0.5080350688 a       611     1    10     2    11
     -0.3919150724 a       612     1    10     2    12
     -0.4177616407 a       613     1    10     2    13
     -0.7122093441 a       614     1    10     2    14
      0.9039198698 a       615     1    10     2    15
      0.7680154481 a       616     1    11     2     1
     -0.4452641794 a       617     1    11     2     2
     -0.1805512545 a       618     1    11     2     3
     -0.1355558781 a       619     1    11     2     4
     -0.1879164572 a       620     1    11     2     5
     -0.9977790173 a       621     1    11     2     6
     -0.4152009796 a       622     1    11     2     7
     -0.5376250339 a       623     1    11     2     8
     -0.7730191969 a       624     1    11     2     9
      0.5005611102 a       625     1    11     2    10
      0.8964273189 a       626     1    11     2    11
     -0.6465380007 a       627     1    11     2    12
     -0.5830593586 a       628     1    11     2    13
      0.8849569506 a       629     1    11     2    14
     -0.8238765842 a       630     1    11     2    15
     -0.8307108632 a       631     1    12     2     1
     -0.9722613141 a       632     1    12     2     2
     -0.1139577384 a       633     1    12     2     3
      0.7251581111 a       634     1    12     2     4
      1.0101708223 a       635     1    12     2     5
      0.5681590321 a       636     1    12     2     6
      0.4959699885 a       637     1    12     2     7
      0.5736988693 a       638     1    12     2     8
     -0.1835088272 a       639     1    12     2     9
     -1.0287867252 a       640     1    12     2    10
     -0.3513181612 a       641     1    12     2    11
     -0.4827600462 a       642     1    12     2    12
      0.3045479970 a       643     1    12     2    13
     -0.2905431803 a       644     1    12     2    14
     -0.5115153655 a       645     1    12     2    15
     -0.2496066503 a       646     1    13     2     1
      0.6742677493 a       647     1    13     2     2
     -0.4747946093 a       648     1    13     2     3
     -1.0030463551 a       649     1    13     2     4
     -0.0809350186 a       650     1    13     2     5
      0.6638075933 a       651     1    13     2     6
      0.9066604088 a       652     1    13     2     7
     -0.4345694003 a       653     1    13     2     8
     -0.6661677837 a       654     1    13     2     9
     -0.6413082945 a       655     1    13     2    10
      0.7770143806 a       656     1    13     2    11
     -0.1431638936 a       657     1    13     2    12
     -0.9501835320 a       658     1    13     2    13
     -0.0796246470 a       659     1    13     2    14
      0.6046507060 a       660     1    13     2    15
     -0.6144146606 a       661     1    14     2     1
     -0.8151725531 a       662     1    14     2     2
     -0.4352586345 a       663     1    14     2     3
     -0.7493343772 a       664     1    14     2     4
     -0.2460229005 a       665     1    14     2     5
     -0.6903948571 a       666     1    14     2     6
     -0.3167328955 a       667     1    14     2     7
     -0.5882943048 a       668     1    14     2     8
      0.6334741381 a       669     1    14     2     9
     -0.5857108535 a       670     1    14     2    10
      0.8771136927 a       671     1    14     2    11
     -0.7277826015 a       672     1    14     2    12
      0.1288165516 a       673     1    14     2    13
      0.4168188195 a       674     1    14     2    14
      0.8926001604 a       675     1    14     2    15
     -0.8893003119 a       676     1    15     2     1
     -0.2221502076 a       677     1    15     2     2
     -0.6041808463 a       678     1    15     2     3
      0.2686381728 a       679     1    15     2     4
     -0.5401472000 a       680     1    15     2     5
     -0.0287844715 a       681     1    15     2     6
      0.8483634427 a       682     1    15     2     7
     -0.1114297576 a       683     1    15     2     8
      0.1893383592 a       684     1    15     2     9
      0.7089583830 a       685     1    15     2    10
     -0.1998180883 a       686     1    15     2    11
      0.3881199163 a       687     1    15     2    12
     -0.8305408780 a       688     1    15     2    13
     -0.7945832444 a       689     1    15     2    14
     -0.9485223425 a       690     1    15     2    15
      0.4785368491 b       691     2     1
      0.0638799281 b       692     2     2
      0.9333024626 b       693     2     3
      0.6765555817 b       694     2     4
      0.2357361353 b       695     2     5
      0.6431706776 b       696     2     6
     -0.8823165095 b       697     2     7
      0.5513452058 b       698     2     8
     -0.0468300129 b       699     2     9
      0.8668598773 b       700     2    10
      0.5364704624 b       701     2    11
      1.0326922727 b       702     2    12
      0.2678584599 b       703     2    13
      0.5937608403 b       704     2    14
      0.4389378851 b       705     2    15
     -0.2675039588 a       706     2     1     3     1
      0.3962799520 a       707     2     2     3     1
     -0.7916484961 a       708     2     3     3     1
     -0.7652383642 a       709     2     4     3     1
     -0.5729822462 a       710     2     5     3     1
      0.1745612846 a       711     2     6     3     1
     -0.0765657795 a       712     2     7     3     1
     -0.6323254920 a       713     2     8     3     1
      0.3104239668 a       714     2     9     3     1
      1.1615563299 a       715     2    10     3     1
     -1.1544607098 a       716     2    11     3     1
     -0.3402502736 a       717     2    12     3     1
     -0.0562094695 a       718     2    13     3     1
      0.2992977289 a       719     2    14     3     1
     -0.3717965393 a       720     2    15     3     1
     -0.4500068171 b       721     3     1
