     -0.7648364570 a         1     0     1     1     1
     -0.8110393468 a         2     0     1     1     2
     -0.1018766672 a         3     0     1     1     3
      0.9248934909 a         4     0     1     1     4
     -0.8158806646 a         5     0     1     1     5
      0.0035463328 a         6     0     1     1     6
      0.7145155348 a         7     0     1     1     7
      0.8938163408 a         8     0     1     1     8
     -0.4139483805 a         9     0     1     1     9
      0.3071759669 a        10     0     1     1    10
     -0.8231350363 a        11     0     1     1    11
     -0.5231131351 a        12     0     1     1    12
      0.8618285978 a        13     0     1     1    13
      0.6871255364 a        14     0     1     1    14
     -0.7865217085 a        15     0     1     1    15
     -0.5514342509 a        16     0     2     1     1
      0.3649132691 a        17     0     2     1     2
     -0.9036066992 a        18     0     2     1     3
     -0.8931196795 a        19     0     2     1     4
     -0.3457192605 a        20     0     2     1     5
      0.4272270411 a        21     0     2     1     6
      0.1510896845 a        22     0     2     1     7
     -0.7807134535 a        23     0     2     1     8
     -0.7566675115 a        24     0     2     1     9
      0.2467115174 a        25     0     2     1    10
      0.9345404834 a        26     0     2     1    11
     -0.0256155028 a        27     0     2     1    12
      0.8657320285 a        28     0     2     1    13
     -0.3352779138 a        29     0     2     1    14
      0.2497661081 a        30     0     2     1    15
      0.4925422341 a        31     0     3     1     1
      0.7193868617 a        32     0     3     1     2
     -0.0067981691 a        33     0     3     1     3
     -0.8956154769 a        34     0     3     1     4
     -0.1689495855 a        35     0     3     1     5
      0.4303249562 a        36     0     3     1     6
     -0.6322317142 a        37     0     3     1     7
     -0.1927291740 a        38     0     3     1     8
     -0.2873605454 a        39     0     3     1     9
      0.6710517751 a        40     0     3     1    10
     -0.6387549128 a        41     0     3     1    11
      0.1059383318 a        42     0     3     1    12
      0.3770486742 a        43     0     3     1    13
      0.3388413628 a        44     0     3     1    14
     -0.3769585145 a        45     0     3     1    15
     -0.0770752584 a        46     0     4     1     1
      0.5975413864 a        47     0     4     1     2
     -0.0417409782 a        48     0     4     1     3
     -0.6643877372 a        49     0     4     1     4
     -0.2078961534 a        50     0     4     1     5
      0.8368607235 a        51     0     4     1     6
      0.0927197632 a        52     0     4     1     7
      0.6284496628 a        53     0     4     1     8
     -0.4148679948 a        54     0     4     1     9
      0.6864283100 a        55     0     4     1    10
      0.6884026909 a        56     0     4     1    11
     -0.9454139458 a        57     0     4     1    12
     -0.2925345538 a        58     0     4     1    13
      0.9698155077 a        59     0     4     1    14
      0.6179827315 a        60     0     4     1    15
      0.5199913738 a        61     0     5     1     1
     -0.2972435752 a        62     0     5     1     2
      0.2913902162 a        63     0     5     1     3
     -0.7966468921 a        64     0     5     1     4
     -0.8377490635 a        65     0     5     1     5
     -0.7399448262 a        66     0     5     1     6
     -0.8361275585 a        67     0     5     1     7
     -0.4400320616 a        68     0     5     1     8
     -0.8843978361 a        69     0     5     1     9
      0.1545831092 a        70     0     5     1    10
     -0.5486786205 a        71     0     5     1    11
     -0.9792777851 a        72     0     5     1    12
     -0.7445695726 a        73     0     5     1    13
      0.7875362274 a        74     0     5     1    14
      0.5925668131 a        75     0     5     1    15
      0.0194747261 a        76     0     6     1     1
     -0.4167965647 a        77     0     6     1     2
     -0.2166899752 a        78     0     6     1     3
     -0.1412464150 a        79     0     6     1     4
      0.4755681114 a        80     0     6     1     5
     -0.8842493288 a        81     0     6     1     6
      0.7597833757 a        82     0     6     1     7
      0.8625134621 a        83     0     6     1     8
     -0.2663431999 a        84     0     6     1     9
     -0.5132850200 a        85     0     6     1    10
      0.9065499070 a        86     0     6     1    11
     -0.6779656626 a        87     0     6     1    12
      0.2922229101 a        88     0     6     1    13
     -0.3836644555 a        89     0     6     1    14
     -0.5631667788 a        90     0     6     1    15
     -0.4762193664 a        91     0     7     1     1
     -0.6646959967 a        92     0     7     1     2
      0.9474499716 a        93     0     7     1     3
     -0.2313180146 a        94     0     7     1     4
     -0.0195794646 a        95     0     7     1     5
     -0.3436144350 a        96     0     7     1     6
      0.9244891618 a        97     0     7     1     7
     -0.7377912962 a        98     0     7     1     8
     -0.4692771673 a        99     0     7     1     9
      0.7469084271 a       100     0     7     1    10
     -0.8226783429 a       101     0     7     1    11
     -0.2278509645 a       102     0     7     1    12
     -0.5835097341 a       103     0     7     1    13
      0.6134161049 a       104     0     7     1    14
      0.9624644357 a       105     0     7     1    15
     -0.5849929386 a       106     0     8     1     1
     -0.3597917215 a       107     0     8     1     2
     -0.7475820064 a       108     0     8     1     3
      0.7220348212 a       109     0     8     1     4
      0.5086638205 a       110     0     8     1     5
      0.6570200411 a       111     0     8     1     6
     -0.6632988640 a       112     0     8     1     7
     -0.0750287608 a       113     0     8     1     8
      0.8710518359 a       114     0     8     1     9
     -0.9830766613 a       115     0     8     1    10
      0.2854935585 a       116     0     8     1    11
      0.2898396301 a       117     0     8     1    12
      0.6431833821 a       118     0     8     1    13
      0.0667286801 a       119     0     8     1    14
     -0.2014832255 a       120     0     8     1    15
     -0.1345758315 a       121     0     9     1     1
     -0.2832535519 a       122     0     9     1     2
     -0.8886647546 a       123     0     9     1     3
     -0.4262918865 a       124     0     9     1     4
      0.7176597947 a       125     0     9     1     5
     -0.7398400810 a       126     0     9     1     6
     -0.5537279985 a       127     0     9     1     7
     -0.5986218381 a       128     0     9     1     8
      0.0301883267 a       129     0     9     1     9
      0.3081950560 a       130     0     9     1    10
      0.2961386284 a       131     0     9     1    11
      0.9232243819 a       132     0     9     1    12
     -0.6724511134 a       133     0     9     1    13
      0.1952370173 a       134     0     9     1    14
      0.3344113619 a       135     0     9     1    15
     -0.5048430735 a       136     0    10     1     1
     -0.3638751473 a       137     0    10     1     2
      0.1574044869 a       138     0    10     1     3
      0.9647598077 a       139     0    10     1     4
     -0.3307012223 a       140     0    10     1     5
     -0.8773294695 a       141     0    10     1     6
     -0.1244764249 a       142     0    10     1     7
      0.4652685687 a       143     0    10     1     8
     -0.5430780441 a       144     0    10     1     9
      0.7267612157 a       145     0    10     1    10
     -0.9211071572 a       146     0    10     1    11
     -0.8766339107 a       147     0    10     1    12
      0.5956965463 a       148     0    10     1    13
     -0.9924673588 a       149     0    10     1    14
      0.3755227558 a       150     0    10     1    15
     -0.2902761147 a       151     0    11     1     1
      0.2883467495 a       152     0    11     1     2
     -0.7346188661 a       153     0    11     1     3
     -0.1575385155 a       154     0    11     1     4
      0.5711139579 a       155     0    11     1     5
      0.1605569729 a       156     0    11     1     6
      0.0272126615 a       157     0    11     1     7
     -0.9006647553 a       158     0    11     1     8
     -0.3774751439 a       159     0    11     1     9
      0.0685921401 a       160     0    11     1    10
     -0.8095961439 a       161     0    11     1    11
     -0.0176522137 a       162     0    11     1    12
      0.6891289141 a       163     0    11     1    13
      0.0806839866 a       164     0    11     1    14
     -0.2878270622 a       165     0    11     1    15
      0.9279003805 a       166     0    12     1     1
      0.9533831046 a       167     0    12     1     2
      0.0444685461 a       168     0    12     1     3
      0.1972852868 a       169     0    12     1     4
     -0.6991797566 a       170     0    12     1     5
      0.5492759364 a       171     0    12     1     6
     -0.7576314347 a       172     0    12     1     7
     -0.8624773733 a       173     0    12     1     8
      0.3082231801 a       174     0    12     1     9
     -0.1619431356 a       175     0    12     1    10
      0.6618613021 a       176     0    12     1    11
      0.0329789680 a       177     0    12     1    12
     -0.6102322545 a       178     0    12     1    13
      0.1827695225 a       179     0    12     1    14
      0.3589336057 a       180     0    12     1    15
      0.0627346195 a       181     0    13     1     1
      0.0517803507 a       182     0    13     1     2
     -0.8424318877 a       183     0    13     1     3
     -0.1297050720 a       184     0    13     1     4
      0.7607544835 a       185     0    13     1     5
      0.3473742651 a       186     0    13     1     6
      0.7996808036 a       187     0    13     1     7
     -0.0595983124 a       188     0    13     1     8
     -0.3830670061 a       189     0    13     1     9
     -0.9490471947 a       190     0    13     1    10
      0.4389330785 a       191     0    13     1    11
     -0.9791454764 a       192     0    13     1    12
     -0.8915291028 a       193     0    13     1    13
     -0.1605516178 a       194     0    13     1    14
     -0.2159551396 a       195     0    13     1    15
     -0.3137681777 a       196     0    14     1     1
      0.0554850498 a       197     0    14     1     2
     -0.1621670552 a       198     0    14     1     3
     -0.2298530981 a       199     0    14     1     4
      0.1011137386 a       200     0    14     1     5
      0.7056377542 a       201     0    14     1     6
     -0.6255443853 a       202     0    14     1     7
     -0.3907149147 a       203     0    14     1     8
     -0.7233617219 a       204     0    14     1     9
      0.2613535922 a       205     0    14     1    10
     -0.6598264831 a       206     0    14     1    11
      0.2201825312 a       207     0    14     1    12
      0.4944347013 a       208     0    14     1    13
     -0.8235335811 a       209     0    14     1    14
     -0.9667617985 a       210     0    14     1    15
      0.3625025579 a       211     0    15     1     1
      0.8602533614 a       212     0    15     1     2
     -0.6197074337 a       213     0    15     1     3
     -0.5069036874 a       214     0    15     1     4
      0.6118976065 a       215     0    15     1     5
     -0.9187960340 a       216     0    15     1     6
     -0.0663401765 a       217     0    15     1     7
      0.2021103538 a       218     0    15     1     8
      0.9524731023 a       219     0    15     1     9
      0.4500293820 a       220     0    15     1    10
      0.7564018845 a       221     0    15     1    11
     -1.0119596417 a       222     0    15     1    12
      0.2819943705 a       223     0    15     1    13
      0.8646684319 a       224     0    15     1    14
      0.2245682726 a       225     0    15     1    15
      0.9615971068 a       226     0    16     1     1
      0.6105512616 a       227     0    16     1     2
     -0.4701055869 a       228     0    16     1     3
      0.7854918056 a       229     0    16     1     4
      0.3545829421 a       230     0    16     1     5
     -0.8487513330 a       231     0    16     1     6
     -0.8068300826 a       232     0    16     1     7
     -0.6794115379 a       233     0    16     1     8
      0.2437239473 a       234     0    16     1     9
     -0.1036018118 a       235     0    16     1    10
      0.3060385689 a       236     0    16     1    11
     -0.6536335055 a       237     0    16     1    12
     -0.8184057430 a       238     0    16     1    13
     -0.3485737689 a       239     0    16     1    14
      0.0086630457 a       240     0    16     1    15
      0.8509926222 a       241     0    17     1     1
     -0.3676454707 a       242     0    17     1     2
      0.2524764339 a       243     0    17     1     3
      0.3827823371 a       244     0    17     1     4
      0.2025919818 a       245     0    17     1     5
      0.2061790693 a       246     0    17     1     6
     -0.7587024979 a       247     0    17     1     7
      0.1130993421 a       248     0    17     1     8
      0.2705393864 a       249     0    17     1     9
     -0.8504860283 a       250     0    17     1    10
     -0.3587230322 a       251     0    17     1    11
      0.7327334958 a       252     0    17     1    12
      0.0877171502 a       253     0    17     1    13
     -0.1320788990 a       254     0    17     1    14
      0.7709986708 a       255     0    17     1    15
      0.3018332168 a       256     0    18     1     1
      0.5198512037 a       257     0    18     1     2
      0.8020980495 a       258     0    18     1     3
     -0.2070219011 a       259     0    18     1     4
     -0.3591179475 a       260     0    18     1     5
     -0.8429009278 a       261     0    18     1     6
     -0.8666801336 a       262     0    18     1     7
     -0.1451391779 a       263     0    18     1     8
     -0.5166334311 a       264     0    18     1     9
     -0.6292961102 a       265     0    18     1    10
     -0.3709729463 a       266     0    18     1    11
     -0.1579944015 a       267     0    18     1    12
      0.3355064699 a       268     0    18     1    13
      0.6818637618 a       269     0    18     1    14
      0.6436573811 a       270     0    18     1    15
     -0.3977531659 a       271     0    19     1     1
     -0.2569519530 a       272     0    19     1     2
      0.0384598362 a       273     0    19     1     3
      0.9833844401 a       274     0    19     1     4
     -0.5280193538 a       275     0    19     1     5
      0.9323733801 a       276     0    19     1     6
      0.9177763865 a       277     0    19     1     7
     -0.2044529987 a       278     0    19     1     8
     -0.7715609416 a       279     0    19     1     9
      0.5489584411 a       280     0    19     1    10
      0.7850882286 a       281     0    19     1    11
      0.4463701758 a       282     0    19     1    12
     -0.1363490657 a       283     0    19     1    13
     -0.9497403419 a       284     0    19     1    14
     -0.3039445011 a       285     0    19     1    15
     -0.6726776991 a       286     0    20     1     1
      0.6467025111 a       287     0    20     1     2
      0.7589830189 a       288     0    20     1     3
      0.3665179019 a       289     0    20     1     4
      0.9403495776 a       290     0    20     1     5
      0.4075945562 a       291     0    20     1     6
      0.0214443050 a       292     0    20     1     7
     -0.8488486310 a       293     0    20     1     8
     -0.4454169113 a       294     0    20     1     9
     -0.4928227202 a       295     0    20     1    10
      0.8140080146 a       296     0    20     1    11
     -0.8756841849 a       297     0    20     1    12
      0.6975874782 a       298     0    20     1    13
      0.1959600156 a       299     0    20     1    14
     -0.9304605044 a       300     0    20     1    15
      0.0147049881 a       301     0    21     1     1
      0.1328197748 a       302     0    21     1     2
      0.1266335462 a       303     0    21     1     3
      0.8957110351 a       304     0    21     1     4
      0.7604122093 a       305     0    21     1     5
     -0.6643055776 a       306     0    21     1     6
      0.7297269030 a       307     0    21     1     7
      0.8964471876 a       308     0    21     1     8
      0.7003627497 a       309     0    21     1     9
      0.9709904091 a       310     0    21     1    10
     -0.1016408924 a       311     0    21     1    11
     -0.8900886753 a       312     0    21     1    12
     -0.7247549477 a       313     0    21     1    13
      0.7955735512 a       314     0    21     1    14
     -0.2083755401 a       315     0    21     1    15
      0.5913690457 a       316     0    22     1     1
     -0.6034046708 a       317     0    22     1     2
     -0.2580891766 a       318     0    22     1     3
     -0.3798254787 a       319     0    22     1     4
     -0.5541096752 a       320     0    22     1     5
     -0.2397605556 a       321     0    22     1     6
     -0.4862449822 a       322     0    22     1     7
     -0.1852235338 a       323     0    22     1     8
      0.4721154986 a       324     0    22     1     9
      0.8807782728 a       325     0    22     1    10
      0.9115766737 a       326     0    22     1    11
      0.3812170147 a       327     0    22     1    12
     -0.0260799183 a       328     0    22     1    13
      0.5830970231 a       329     0    22     1    14
      0.3854044446 a       330     0    22     1    15
      0.8531503712 a       331     0    23     1     1
     -0.6026218070 a       332     0    23     1     2
      0.1748028073 a       333     0    23     1     3
     -0.0805021443 a       334     0    23     1     4
      0.8260261738 a       335     0    23     1     5
      0.1062886771 a       336     0    23     1     6
     -0.1299028169 a       337     0    23     1     7
     -0.3392314619 a       338     0    23     1     8
     -0.5797358049 a       339     0    23     1     9
     -0.6410823891 a       340     0    23     1    10
      0.0208930130 a       341     0    23     1    11
     -0.0042591806 a       342     0    23     1    12
      0.1349088207 a       343     0    23     1    13
     -0.7479479807 a       344     0    23     1    14
     -0.3436745331 a       345     0    23     1    15
      0.6826457755 a       346     0    24     1     1
     -0.5204560072 a       347     0    24     1     2
     -0.6200154153 a       348     0    24     1     3
     -0.3118127930 a       349     0    24     1     4
      1.0581613743 a       350     0    24     1     5
     -0.5832759266 a       351     0    24     1     6
      0.4311183349 a       352     0    24     1     7
     -0.0713588458 a       353     0    24     1     8
      0.6928005531 a       354     0    24     1     9
     -0.2979503841 a       355     0    24     1    10
      0.8203988055 a       356     0    24     1    11
      0.3575652570 a       357     0    24     1    12
     -0.7495172982 a       358     0    24     1    13
     -0.0507612410 a       359     0    24     1    14
     -0.7334846625 a       360     0    24     1    15
      0.2271448445 a       361     0    25     1     1
      0.1859892423 a       362     0    25     1     2
      0.3273994658 a       363     0    25     1     3
      0.6657690590 a       364     0    25     1     4
     -0.7057453040 a       365     0    25     1     5
      0.3082698819 a       366     0    25     1     6
      0.8080985062 a       367     0    25     1     7
      0.3103452959 a       368     0    25     1     8
     -0.2119995992 a       369     0    25     1     9
      0.1153641616 a       370     0    25     1    10
     -0.7992449788 a       371     0    25     1    11
     -0.6279235151 a       372     0    25     1    12
      0.4993077907 a       373     0    25     1    13
      0.3302194846 a       374     0    25     1    14
      0.5326427837 a       375     0    25     1    15
      0.3850738217 a       376     0    26     1     1
      0.0899952106 a       377     0    26     1     2
     -0.6438389053 a       378     0    26     1     3
     -0.6636564740 a       379     0    26     1     4
     -0.2094996696 a       380     0    26     1     5
     -0.0638107577 a       381     0    26     1     6
      0.1065287606 a       382     0    26     1     7
     -0.6685731181 a       383     0    26     1     8
      0.8862456648 a       384     0    26     1     9
      0.1021244558 a       385     0    26     1    10
      0.0167116694 a       386     0    26     1    11
     -0.4199955095 a       387     0    26     1    12
      0.4838584022 a       388     0    26     1    13
      0.1140882457 a       389     0    26     1    14
     -0.8522140329 a       390     0    26     1    15
      0.1302119352 a       391     0    27     1     1
     -0.5407081393 a       392     0    27     1     2
      0.1023405866 a       393     0    27     1     3
     -0.3075083666 a       394     0    27     1     4
     -0.2216195289 a       395     0    27     1     5
      0.3767196112 a       396     0    27     1     6
     -0.2671137466 a       397     0    27     1     7
     -0.7719128685 a       398     0    27     1     8
     -0.9645271638 a       399     0    27     1     9
      0.6289744746 a       400     0    27     1    10
     -0.8103947830 a       401     0    27     1    11
      0.6433927428 a       402     0    27     1    12
     -0.2233431957 a       403     0    27     1    13
      0.8734225274 a       404     0    27     1    14
      0.7377458599 a       405     0    27     1    15
      0.6609007524 b       406     1     1
     -0.4269948432 b       407     1     2
      1.1822148485 b       408     1     3
     -0.7221875411 b       409     1     4
      0.4395800967 b       410     1     5
     -0.2146781559 b       411     1     6
      0.5010736383 b       412     1     7
     -0.7242953022 b       413     1     8
      0.5772240360 b       414     1     9
      0.6434542866 b       415     1    10
      0.2997656367 b       416     1    11
     -0.6874155496 b       417     1    12
      0.9358200858 b       418     1    13
     -0.5937525484 b       419     1    14
     -0.6239963692 b       420     1    15
      0.6561812504 a       421     1     1     2     1
     -0.1017671669 a       422     1     1     2     2
      0.0893452988 a       423     1     1     2     3
     -0.3862568166 a       424     1     1     2     4
      0.6006292612 a       425     1     1     2     5
      0.7190696603 a       426     1     1     2     6
     -0.0358124142 a       427     1     1     2     7
     -0.0536491238 a       428     1     1     2     8
     -0.9223720716 a       429     1     1     2     9
      0.6811402694 a       430     1     1     2    10
     -0.0915558505 a       431     1     1     2    11
     -0.9680382668 a       432     1     1     2    12
      0.3547974767 a       433     1     1     2    13
     -0.8832851253 a       434     1     1     2    14
      0.9313890972 a       435     1     1     2    15
     -0.1013114989 a       436     1     2     2     1
     -0.2020693895 a       437     1     2     2     2
     -0.0392747784 a       438     1     2     2     3
      0.2010981634 a       439     1     2     2     4
      0.4921920097 a       440     1     2     2     5
     -0.9114499191 a       441     1     2     2     6
      0.8173389603 a       442     1     2     2     7
      0.4233279935 a       443     1     2     2     8
     -0.4321841419 a       444     1     2     2     9
     -0.1812469658 a       445     1     2     2    10
      0.1543028298 a       446     1     2     2    11
     -0.9099206694 a       447     1     2     2    12
      0.2629608658 a       448     1     2     2    13
      0.3895596744 a       449     1     2     2    14
      0.1743690819 a       450     1     2     2    15
     -0.5487919482 a       451     1     3     2     1
      0.7498885747 a       452     1     3     2     2
     -0.6454167151 a       453     1     3     2     3
     -0.1835695300 a       454     1     3     2     4
      0.9135464296 a       455     1     3     2     5
     -0.9475328017 a       456     1     3     2     6
     -0.8634496672 a       457     1     3     2     7
     -0.9125593003 a       458     1     3     2     8
      0.2403503501 a       459     1     3     2     9
     -0.3699208716 a       460     1     3     2    10
      0.5900420022 a       461     1     3     2    11
      0.0320693707 a       462     1     3     2    12
      0.9162281541 a       463     1     3     2    13
     -0.2972886493 a       464     1     3     2    14
     -0.2201964158 a       465     1     3     2    15
     -1.0085851699 a       466     1     4     2     1
      0.7905532369 a       467     1     4     2     2
      0.9156837752 a       468     1     4     2     3
     -0.4057376939 a       469     1     4     2     4
     -0.0414085211 a       470     1     4     2     5
      0.1841457884 a       471     1     4     2     6
      0.1149723492 a       472     1     4     2     7
     -0.8857479118 a       473     1     4     2     8
      0.5197984517 a       474     1     4     2     9
     -0.4675235727 a       475     1     4     2    10
      0.3813931135 a       476     1     4     2    11
      0.3241931340 a       477     1     4     2    12
     -0.0486753165 a       478     1     4     2    13
      0.8531725832 a       479     1     4     2    14
      0.1844369248 a       480     1     4     2    15
      0.1153565955 a       481     1     5     2     1
      0.9297046684 a       482     1     5     2     2
      0.7763263387 a       483     1     5     2     3
     -0.7149238164 a       484     1     5     2     4
     -0.2212232280 a       485     1     5     2     5
     -0.7132703130 a       486     1     5     2     6
     -0.1336353305 a       487     1     5     2     7
      0.3687833148 a       488     1     5     2     8
      0.3522075780 a       489     1     5     2     9
     -0.4604326683 a       490     1     5     2    10
      0.9869102091 a       491     1     5     2    11
     -0.7967013697 a       492     1     5     2    12
      0.9516252989 a       493     1     5     2    13
      0.1979453981 a       494     1     5     2    14
      0.8808907054 a       495     1     5     2    15
     -0.9444184397 a       496     1     6     2     1
      0.7094556907 a       497     1     6     2     2
      0.8242341155 a       498     1     6     2     3
     -0.1154675122 a       499     1     6     2     4
      0.8661693029 a       500     1     6     2     5
     -0.3845644228 a       501     1     6     2     6
      0.0240557583 a       502     1     6     2     7
      0.2313211438 a       503     1     6     2     8
     -0.2105252710 a       504     1     6     2     9
      0.4359920382 a       505     1     6     2    10
      0.3913103528 a       506     1     6     2    11
     -0.1725084757 a       507     1     6     2    12
      0.0498256106 a       508     1     6     2    13
     -0.6404964373 a       509     1     6     2    14
      0.2225259910 a       510     1     6     2    15
      0.4699412798 a       511     1     7     2     1
     -0.4248715341 a       512     1     7     2     2
     -0.6972272894 a       513     1     7     2     3
     -0.8955623050 a       514     1     7     2     4
     -0.1218883190 a       515     1     7     2     5
      0.0252844589 a       516     1     7     2     6
     -0.0339386928 a       517     1     7     2     7
      0.9125084472 a       518     1     7     2     8
     -0.4214064864 a       519     1     7     2     9
      0.9862012181 a       520     1     7     2    10
      0.7829607270 a       521     1     7     2    11
     -0.4409990479 a       522     1     7     2    12
     -0.5286596829 a       523     1     7     2    13
      0.9851466779 a       524     1     7     2    14
     -0.7381199864 a       525     1     7     2    15
     -0.5562504803 a       526     1     8     2     1
     -0.5881376003 a       527     1     8     2     2
      0.7309541874 a       528     1     8     2     3
      0.7387243156 a       529     1     8     2     4
     -0.5674075069 a       530     1     8     2     5
     -0.1836334064 a       531     1     8     2     6
     -0.8628643601 a       532     1     8     2     7
     -0.0007762864 a       533     1     8     2     8
      0.5699554825 a       534     1     8     2     9
     -0.9999066702 a       535     1     8     2    10
      0.6991664430 a       536     1     8     2    11
     -0.1560041106 a       537     1     8     2    12
     -0.7201070588 a       538     1     8     2    13
      0.3398698241 a       539     1     8     2    14
     -0.0512502226 a       540     1     8     2    15
     -0.6724265219 a       541     1     9     2     1
      0.5154259521 a       542     1     9     2     2
      0.7515751927 a       543     1     9     2     3
      0.2235743223 a       544     1     9     2     4
      0.5000555926 a       545     1     9     2     5
     -0.5266226679 a       546     1     9     2     6
     -0.6882428289 a       547     1     9     2     7
     -0.0791061921 a       548     1     9     2     8
     -0.7143931531 a       549     1     9     2     9
     -0.7915579989 a       550     1     9     2    10
     -0.0068041066 a       551     1     9     2    11
     -0.2580389222 a       552     1     9     2    12
      0.4259792049 a       553     1     9     2    13
     -0.0613549292 a       554     1     9     2    14
     -0.2225188777 a       555     1     9     2    15
      0.3603432225 a       556     1    10     2     1
     -0.5147348040 a       557     1    10     2     2
      0.4984858996 a       558     1    10     2     3
      0.3918633135 a       559     1    10     2     4
      0.4393388148 a       560     1    10     2     5
      0.6851104633 a       561     1    10     2     6
     -0.5937808172 a       562     1    10     2     7
     -0.0651755413 a       563     1    10     2     8
      0.5106652200 a       564     1    10     2     9
     -0.8416518898 a       565     1    10     2    10
      0.5617666109 a       566     1    10     2    11
      0.0307203426 a       567     1    10     2    12
     -0.3442405015 a       568     1    10     2    13
      0.8429558444 a       569     1    10     2    14
     -0.1587221092 a       570     1    10     2    15
      0.1615721636 a       571     1    11     2     1
      0.5001422697 a       572     1    11     2     2
     -0.1246491246 a       573     1    11     2     3
      0.4010916551 a       574     1    11     2     4
     -0.7246574801 a       575     1    11     2     5
      0.2525947599 a       576     1    11     2     6
     -0.6010375414 a       577     1    11     2     7
     -0.5314227519 a       578     1    11     2     8
      0.1982506316 a       579     1    11     2     9
      0.6926908890 a       580     1    11     2    10
      0.5517846133 a       581     1    11     2    11
      0.8950663861 a       582     1    11     2    12
      0.6534139627 a       583     1    11     2    13
      0.5750298661 a       584     1    11     2    14
     -0.8048161529 a       585     1    11     2    15
      0.9061055675 a       586     1    12     2     1
     -0.1628870000 a       587     1    12     2     2
      0.6767435185 a       588     1    12     2     3
     -0.4490082618 a       589     1    12     2     4
     -0.3825239620 a       590     1    12     2     5
      0.6170669896 a       591     1    12     2     6
      0.0640229063 a       592     1    12     2     7
     -0.7851932416 a       593     1    12     2     8
      0.5015133735 a       594     1    12     2     9
      0.1560184041 a       595     1    12     2    10
      0.0311392666 a       596     1    12     2    11
     -0.2764814287 a       597     1    12     2    12
     -0.0074796571 a       598     1    12     2    13
     -0.3167443287 a       599     1    12     2    14
     -0.2602895012 a       600     1    12     2    15
      0.7105839533 a       601     1    13     2     1
     -0.1633217870 a       602     1    13     2     2
      0.8735826396 a       603     1    13     2     3
      0.8631564286 a       604     1    13     2     4
     -0.5889226975 a       605     1    13     2     5
      0.6656438668 a       606     1    13     2     6
     -0.6624065730 a       607     1    13     2     7
      0.3974761810 a       608     1    13     2     8
      0.4926443937 a       609     1    13     2     9
      0.6270066294 a       610     1    13     2    10
     -0.6097751068 a       611     1    13     2    11
      0.2387038232 a       612     1    13     2    12
     -0.4863007964 a       613     1    13     2    13
     -0.6510274014 a       614     1    13     2    14
      0.5078970192 a       615     1    13     2    15
      0.2768333550 a       616     1    14     2     1
     -0.2846706319 a       617     1    14     2     2
     -0.8535791738 a       618     1    14     2     3
     -0.0119449327 a       619     1    14     2     4
      0.7928174728 a       620     1    14     2     5
     -0.8240238413 a       621     1    14     2     6
      0.9345599822 a       622     1    14     2     7
     -0.0385293415 a       623     1    14     2     8
      0.5906186872 a       624     1    14     2     9
     -1.0723516165 a       625     1    14     2    10
      0.0930957229 a       626     1    14     2    11
     -0.0406109613 a       627     1    14     2    12
     -0.3841137384 a       628     1    14     2    13
     -0.5468220389 a       629     1    14     2    14
     -0.3317488575 a       630     1    14     2    15
     -0.1354281029 a       631     1    15     2     1
      0.0214237110 a       632     1    15     2     2
      0.7240478600 a       633     1    15     2     3
     -0.9621971605 a       634     1    15     2     4
      0.0007768068 a       635     1    15     2     5
     -0.0899312291 a       636     1    15     2     6
      0.0774493063 a       637     1    15     2     7
     -0.6023241658 a       638     1    15     2     8
     -0.2262803093 a       639     1    15     2     9
     -0.7096101321 a       640     1    15     2    10
     -0.4766772608 a       641     1    15     2    11
     -0.5957696338 a       642     1    15     2    12
     -0.4351431814 a       643     1    15     2    13
     -0.3168261503 a       644     1    15     2    14
      0.8735217281 a       645     1    15     2    15
      0.7591792918 b       646     2     1
     -0.3473586949 b       647     2     2
     -0.2355074710 b       648     2     3
      0.6676790455 b       649     2     4
     -0.9854154739 b       650     2     5
     -1.0354561985 b       651     2     6
      0.6674472065 b       652     2     7
     -0.7105520098 b       653     2     8
      0.2020646186 b       654     2     9
     -0.0706721858 b       655     2    10
      1.1658469841 b       656     2    11
     -0.4707555937 b       657     2    12
      0.3706360957 b       658     2    13
      0.2916872226 b       659     2    14
      0.7193849320 b       660     2    15
     -0.6537700449 a       661     2     1     3     1
      0.0662187885 a       662     2     2     3     1
      0.4476359886 a       663     2     3     3     1
      0.3842828456 a       664     2     4     3     1
     -0.1485880831 a       665     2     5     3     1
     -0.3608241926 a       666     2     6     3     1
      0.3349021575 a       667     2     7     3     1
      0.0277292561 a       668     2     8     3     1
     -0.0695710171 a       669     2     9     3     1
     -0.5742286782 a       670     2    10     3     1
     -1.2491916934 a       671     2    11     3     1
      0.6156602387 a       672     2    12     3     1
     -0.5837233792 a       673     2    13     3     1
      0.3335998320 a       674     2    14     3     1
      0.7201749355 a       675     2    15     3     1
     -0.7543591158 b       676     3     1
