     -0.3808692166 a         1     0     1     1     1
     -0.4815346155 a         2     0     1     1     2
     -0.0442745647 a         3     0     1     1     3
      0.4114349315 a         4     0     1     1     4
     -0.4332589135 a         5     0     1     1     5
     -0.0099236257 a         6     0     1     1     6
      0.3427932613 a         7     0     1     1     7
      0.4772417176 a         8     0     1     1     8
     -0.2295858416 a         9     0     1     1     9
      0.1497977971 a        10     0     1     1    10
     -0.4433129124 a        11     0     1     1    11
     -0.2263030470 a        12     0     1     1    12
      0.4070713713 a        13     0     1     1    13
      0.3776040844 a        14     0     1     1    14
     -0.4217417838 a        15     0     1     1    15
     -0.3013659874 a        16     0     1     1    16
      0.2016158823 a        17     0     1     1    17
     -0.4201791173 a        18     0     1     1    18
     -0.4985728842 a        19     0     1     1    19
     -0.2210832556 a        20     0     1     1    20
      0.1882107055 a        21     0     2     1     1
      0.0988091890 a        22     0     2     1     2
     -0.4367374092 a        23     0     2     1     3
     -0.3636939779 a        24     0     2     1     4
      0.1255914881 a        25     0     2     1     5
      0.4453416904 a        26     0     2     1     6
     -0.0090431343 a        27     0     2     1     7
      0.4716019588 a        28     0     2     1     8
     -0.1575226419 a        29     0     2     1     9
      0.0980500046 a        30     0     2     1    10
      0.2564210376 a        31     0     2     1    11
      0.3055085207 a        32     0     2     1    12
      0.0067548195 a        33     0     2     1    13
     -0.4754872772 a        34     0     2     1    14
     -0.0999442578 a        35     0     2     1    15
      0.2148690379 a        36     0     2     1    16
     -0.3462588498 a        37     0     2     1    17
     -0.0930364640 a        38     0     2     1    18
     -0.1723331314 a        39     0     2     1    19
      0.3741269279 a        40     0     2     1    20
     -0.2935382607 a        41     0     3     1     1
      0.0578242339 a        42     0     3     1     2
      0.2024866766 a        43     0     3     1     3
      0.1675025961 a        44     0     3     1     4
     -0.2050512958 a        45     0     3     1     5
     -0.0431029338 a        46     0     3     1     6
      0.2799147501 a        47     0     3     1     7
     -0.0227342092 a        48     0     3     1     8
     -0.3536013987 a        49     0     3     1     9
     -0.1255326037 a        50     0     3     1    10
      0.4556852789 a        51     0     3     1    11
      0.0460122204 a        52     0     3     1    12
      0.2854640504 a        53     0     3     1    13
     -0.2350491861 a        54     0     3     1    14
      0.3552702638 a        55     0     3     1    15
      0.3764564097 a        56     0     3     1    16
     -0.5221263876 a        57     0     3     1    17
     -0.1285664973 a        58     0     3     1    18
      0.5257601814 a        59     0     3     1    19
      0.3198635992 a        60     0     3     1    20
      0.2376937656 a        61     0     4     1     1
     -0.1862154375 a        62     0     4     1     2
      0.1689871801 a        63     0     4     1     3
     -0.3633976484 a        64     0     4     1     4
     -0.4403511204 a        65     0     4     1     5
     -0.3363974561 a        66     0     4     1     6
     -0.3941291337 a        67     0     4     1     7
     -0.2382134413 a        68     0     4     1     8
     -0.4594348324 a        69     0     4     1     9
      0.0780603685 a        70     0     4     1    10
     -0.2987987058 a        71     0     4     1    11
     -0.4226521692 a        72     0     4     1    12
     -0.3519299281 a        73     0     4     1    13
      0.4215469330 a        74     0     4     1    14
      0.2999980442 a        75     0     4     1    15
      0.0130149565 a        76     0     4     1    16
     -0.2450385090 a        77     0     4     1    17
     -0.1054634312 a        78     0     4     1    18
     -0.0890591263 a        79     0     4     1    19
      0.2395932189 a        80     0     4     1    20
     -0.4152595008 a        81     0     5     1     1
      0.4616543453 a        82     0     5     1     2
      0.4508467606 a        83     0     5     1     3
     -0.1292735606 a        84     0     5     1     4
     -0.2588408449 a        85     0     5     1     5
      0.4298393032 a        86     0     5     1     6
     -0.3199770685 a        87     0     5     1     7
      0.1745975347 a        88     0     5     1     8
     -0.1955361147 a        89     0     5     1     9
     -0.2922672568 a        90     0     5     1    10
     -0.2692307488 a        91     0     5     1    11
     -0.2928956695 a        92     0     5     1    12
      0.4603150264 a        93     0     5     1    13
     -0.1143682555 a        94     0     5     1    14
     -0.0212261302 a        95     0     5     1    15
     -0.1711605283 a        96     0     5     1    16
      0.5125600884 a        97     0     5     1    17
     -0.3433634140 a        98     0     5     1    18
     -0.2558686697 a        99     0     5     1    19
      0.4194232695 a       100     0     5     1    20
     -0.3850604714 a       101     0     6     1     1
     -0.1484902021 a       102     0     6     1     2
     -0.3111950195 a       103     0     6     1     3
      0.2834138841 a       104     0     6     1     4
      0.4923029026 a       105     0     6     1     5
     -0.2528857373 a       106     0     6     1     6
     -0.1871600117 a       107     0     6     1     7
     -0.4153999286 a       108     0     6     1     8
      0.3557814796 a       109     0     6     1     9
      0.2288367187 a       110     0     6     1    10
      0.3761704087 a       111     0     6     1    11
     -0.2812383401 a       112     0     6     1    12
     -0.0504893023 a       113     0     6     1    13
      0.4546577202 a       114     0     6     1    14
     -0.5006923666 a       115     0     6     1    15
      0.1684894002 a       116     0     6     1    16
      0.1662271194 a       117     0     6     1    17
      0.3198367015 a       118     0     6     1    18
      0.0255818160 a       119     0     6     1    19
     -0.1273815643 a       120     0     6     1    20
     -0.0399469604 a       121     0     7     1     1
     -0.1913782429 a       122     0     7     1     2
     -0.4997960509 a       123     0     7     1     3
     -0.2007050069 a       124     0     7     1     4
      0.3499110404 a       125     0     7     1     5
     -0.3251421807 a       126     0     7     1     6
     -0.2686552114 a       127     0     7     1     7
     -0.3463953627 a       128     0     7     1     8
      0.0220113094 a       129     0     7     1     9
      0.1570885066 a       130     0     7     1    10
      0.1925818917 a       131     0     7     1    11
      0.3985669199 a       132     0     7     1    12
     -0.2969291358 a       133     0     7     1    13
      0.0852627654 a       134     0     7     1    14
      0.1588783600 a       135     0     7     1    15
     -0.2637084851 a       136     0     7     1    16
     -0.2194372112 a       137     0     7     1    17
      0.0839154318 a       138     0     7     1    18
      0.5266139415 a       139     0     7     1    19
     -0.1971185024 a       140     0     7     1    20
     -0.4050552832 a       141     0     8     1     1
     -0.0803365689 a       142     0     8     1     2
      0.2546111327 a       143     0     8     1     3
     -0.2475324914 a       144     0     8     1     4
      0.3770303077 a       145     0     8     1     5
     -0.4162246635 a       146     0     8     1     6
     -0.4298553358 a       147     0     8     1     7
      0.3277673442 a       148     0     8     1     8
     -0.5003057698 a       149     0     8     1     9
      0.1849340257 a       150     0     8     1    10
     -0.1275755189 a       151     0     8     1    11
      0.1205146281 a       152     0     8     1    12
     -0.3771966390 a       153     0     8     1    13
     -0.1021097019 a       154     0     8     1    14
      0.2841891633 a       155     0     8     1    15
      0.0891299103 a       156     0     8     1    16
      0.0166885280 a       157     0     8     1    17
     -0.4384298452 a       158     0     8     1    18
     -0.1971998089 a       159     0     8     1    19
      0.0470004664 a       160     0     8     1    20
     -0.3756111679 a       161     0     9     1     1
      0.0041409546 a       162     0     9     1     2
      0.3899882246 a       163     0     9     1     3
      0.0289603165 a       164     0     9     1     4
     -0.1553401494 a       165     0     9     1     5
      0.4208487332 a       166     0     9     1     6
      0.4415673874 a       167     0     9     1     7
      0.0363218457 a       168     0     9     1     8
      0.1204863456 a       169     0     9     1     9
     -0.3568948676 a       170     0     9     1    10
      0.3157406003 a       171     0     9     1    11
     -0.3398714557 a       172     0     9     1    12
     -0.4099765342 a       173     0     9     1    13
      0.1727459270 a       174     0     9     1    14
     -0.0805428616 a       175     0     9     1    15
      0.3522760469 a       176     0     9     1    16
     -0.0008173084 a       177     0     9     1    17
     -0.2841471164 a       178     0     9     1    18
      0.0983947418 a       179     0     9     1    19
      0.1990165154 a       180     0     9     1    20
      0.0704607152 a       181     0    10     1     1
      0.0599832414 a       182     0    10     1     2
     -0.4968427561 a       183     0    10     1     3
     -0.1054665933 a       184     0    10     1     4
      0.3829806609 a       185     0    10     1     5
      0.1562641387 a       186     0    10     1     6
      0.4066994468 a       187     0    10     1     7
     -0.0447203929 a       188     0    10     1     8
     -0.2013185639 a       189     0    10     1     9
     -0.4533580019 a       190     0    10     1    10
      0.1950933895 a       191     0    10     1    11
     -0.3936517714 a       192     0    10     1    12
     -0.4159704078 a       193     0    10     1    13
     -0.0713418772 a       194     0    10     1    14
     -0.1029666060 a       195     0    10     1    15
     -0.1665760191 a       196     0    10     1    16
      0.0376727001 a       197     0    10     1    17
     -0.0702212299 a       198     0    10     1    18
     -0.0945380965 a       199     0    10     1    19
      0.0429478862 a       200     0    10     1    20
      0.3279659272 a       201     0    11     1     1
     -0.4236840177 a       202     0    11     1     2
     -0.2311412275 a       203     0    11     1     3
     -0.3079473803 a       204     0    11     1     4
      0.1296886771 a       205     0    11     1     5
     -0.2845437510 a       206     0    11     1     6
      0.0911033701 a       207     0    11     1     7
      0.2424032340 a       208     0    11     1     8
     -0.4053874947 a       209     0    11     1     9
     -0.4794822624 a       210     0    11     1    10
      0.2443007412 a       211     0    11     1    11
      0.3886220596 a       212     0    11     1    12
     -0.3250666352 a       213     0    11     1    13
     -0.3186685466 a       214     0    11     1    14
      0.3085712158 a       215     0    11     1    15
     -0.4794282146 a       216     0    11     1    16
     -0.0067963505 a       217     0    11     1    17
      0.0871929692 a       218     0    11     1    18
      0.4977294388 a       219     0    11     1    19
      0.2600093422 a       220     0    11     1    20
      0.3080200072 a       221     0    12     1     1
     -0.5742428381 a       222     0    12     1     2
      0.1570541153 a       223     0    12     1     3
      0.4074236536 a       224     0    12     1     4
      0.1284581749 a       225     0    12     1     5
      0.4376650698 a       226     0    12     1     6
      0.3175977666 a       227     0    12     1     7
     -0.2582273884 a       228     0    12     1     8
      0.4065639050 a       229     0    12     1     9
      0.1747309484 a       230     0    12     1    10
     -0.4952318350 a       231     0    12     1    11
     -0.3737114415 a       232     0    12     1    12
     -0.3512233858 a       233     0    12     1    13
      0.1467833943 a       234     0    12     1    14
     -0.0620418125 a       235     0    12     1    15
      0.1640367993 a       236     0    12     1    16
     -0.3629450978 a       237     0    12     1    17
     -0.4185535089 a       238     0    12     1    18
     -0.1622002333 a       239     0    12     1    19
      0.0003602771 a       240     0    12     1    20
      0.4072860055 a       241     0    13     1     1
     -0.2491762230 a       242     0    13     1     2
      0.1237505236 a       243     0    13     1     3
      0.1874839194 a       244     0    13     1     4
      0.1091690509 a       245     0    13     1     5
      0.1132699034 a       246     0    13     1     6
     -0.3873596316 a       247     0    13     1     7
      0.0587908658 a       248     0    13     1     8
      0.1400704492 a       249     0    13     1     9
     -0.4126931122 a       250     0    13     1    10
     -0.1696253576 a       251     0    13     1    11
      0.3002213198 a       252     0    13     1    12
      0.0733522347 a       253     0    13     1    13
     -0.0989935099 a       254     0    13     1    14
      0.3975260201 a       255     0    13     1    15
      0.1392098902 a       256     0    13     1    16
      0.2848064962 a       257     0    13     1    17
      0.3719796921 a       258     0    13     1    18
     -0.1404763919 a       259     0    13     1    19
     -0.2487158900 a       260     0    13     1    20
     -0.4317075273 a       261     0    14     1     1
     -0.5293292022 a       262     0    14     1     2
     -0.1141257648 a       263     0    14     1     3
     -0.2594154680 a       264     0    14     1     4
     -0.3401954112 a       265     0    14     1     5
     -0.1605698384 a       266     0    14     1     6
     -0.0639717479 a       267     0    14     1     7
      0.1750278513 a       268     0    14     1     8
      0.3613071079 a       269     0    14     1     9
      0.2938564354 a       270     0    14     1    10
     -0.2046351624 a       271     0    14     1    11
     -0.1370551504 a       272     0    14     1    12
      0.0210733280 a       273     0    14     1    13
      0.5159541674 a       274     0    14     1    14
     -0.2984865506 a       275     0    14     1    15
      0.4965121743 a       276     0    14     1    16
      0.5137055867 a       277     0    14     1    17
     -0.1085200578 a       278     0    14     1    18
     -0.4149489197 a       279     0    14     1    19
      0.3098191679 a       280     0    14     1    20
      0.3931510390 a       281     0    15     1     1
      0.2646316925 a       282     0    15     1     2
     -0.0550436099 a       283     0    15     1     3
     -0.4427082974 a       284     0    15     1     4
     -0.1661864847 a       285     0    15     1     5
     -0.3110254648 a       286     0    15     1     6
      0.2944518260 a       287     0    15     1     7
      0.4098734701 a       288     0    15     1     8
      0.1735439418 a       289     0    15     1     9
      0.4321303679 a       290     0    15     1    10
      0.2169786482 a       291     0    15     1    11
      0.0058201713 a       292     0    15     1    12
     -0.4191481582 a       293     0    15     1    13
     -0.2489856593 a       294     0    15     1    14
     -0.2584407956 a       295     0    15     1    15
      0.4305184672 a       296     0    15     1    16
     -0.4853067877 a       297     0    15     1    17
      0.3322673087 a       298     0    15     1    18
      0.1091083975 a       299     0    15     1    19
     -0.5303679565 a       300     0    15     1    20
      0.0094387705 a       301     0    16     1     1
      0.0660482594 a       302     0    16     1     2
      0.0768600847 a       303     0    16     1     3
      0.4167551147 a       304     0    16     1     4
      0.3819694983 a       305     0    16     1     5
     -0.2903171358 a       306     0    16     1     6
      0.3470474757 a       307     0    16     1     7
      0.4856929392 a       308     0    16     1     8
      0.3594542926 a       309     0    16     1     9
      0.4829153720 a       310     0    16     1    10
     -0.0435732924 a       311     0    16     1    11
     -0.3877919500 a       312     0    16     1    12
     -0.3382745898 a       313     0    16     1    13
      0.4164968001 a       314     0    16     1    14
     -0.1124448589 a       315     0    16     1    15
      0.3205494256 a       316     0    16     1    16
     -0.3557673008 a       317     0    16     1    17
     -0.1323101393 a       318     0    16     1    18
     -0.2029218452 a       319     0    16     1    19
     -0.3260679701 a       320     0    16     1    20
     -0.1021999854 a       321     0    17     1     1
     -0.2970954724 a       322     0    17     1     2
     -0.1173226568 a       323     0    17     1     3
      0.2202651689 a       324     0    17     1     4
      0.4577908304 a       325     0    17     1     5
      0.4415664654 a       326     0    17     1     6
      0.1836331166 a       327     0    17     1     7
      0.0073333496 a       328     0    17     1     8
      0.2808838987 a       329     0    17     1     9
      0.1737437910 a       330     0    17     1    10
      0.4784128750 a       331     0    17     1    11
     -0.2689410839 a       332     0    17     1    12
      0.0838084757 a       333     0    17     1    13
     -0.0482078038 a       334     0    17     1    14
      0.4026651677 a       335     0    17     1    15
      0.0537815366 a       336     0    17     1    16
     -0.0763777274 a       337     0    17     1    17
     -0.1717943377 a       338     0    17     1    18
     -0.3154425982 a       339     0    17     1    19
     -0.3574726097 a       340     0    17     1    20
      0.0178709640 a       341     0    18     1     1
     -0.0032667365 a       342     0    18     1     2
      0.0779559758 a       343     0    18     1     3
     -0.3382039353 a       344     0    18     1     4
     -0.1841182509 a       345     0    18     1     5
      0.3302723445 a       346     0    18     1     6
     -0.2571479805 a       347     0    18     1     7
     -0.3298657577 a       348     0    18     1     8
     -0.1995807524 a       349     0    18     1     9
      0.4700735587 a       350     0    18     1    10
     -0.3401092228 a       351     0    18     1    11
      0.2179983290 a       352     0    18     1    12
     -0.0655603358 a       353     0    18     1    13
      0.3479480261 a       354     0    18     1    14
     -0.1561612686 a       355     0    18     1    15
      0.4270231929 a       356     0    18     1    16
      0.2277283038 a       357     0    18     1    17
     -0.3587257589 a       358     0    18     1    18
     -0.0048669596 a       359     0    18     1    19
     -0.4370306401 a       360     0    18     1    20
      0.1041708337 a       361     0    19     1     1
      0.1131438127 a       362     0    19     1     2
      0.1805049583 a       363     0    19     1     3
      0.3271223529 a       364     0    19     1     4
     -0.3599794604 a       365     0    19     1     5
      0.1508003658 a       366     0    19     1     6
      0.3568943373 a       367     0    19     1     7
      0.1726854401 a       368     0    19     1     8
     -0.0867253375 a       369     0    19     1     9
      0.0624515126 a       370     0    19     1    10
     -0.4321655572 a       371     0    19     1    11
     -0.2849679651 a       372     0    19     1    12
      0.2372760336 a       373     0    19     1    13
      0.1747433770 a       374     0    19     1    14
      0.2749968857 a       375     0    19     1    15
      0.2180259397 a       376     0    19     1    16
      0.0348162503 a       377     0    19     1    17
     -0.3031978874 a       378     0    19     1    18
     -0.3699370892 a       379     0    19     1    19
     -0.1505974147 a       380     0    19     1    20
     -0.0393166358 a       381     0    20     1     1
      0.0603441728 a       382     0    20     1     2
     -0.3970162180 a       383     0    20     1     3
      0.4025046493 a       384     0    20     1     4
      0.0473630604 a       385     0    20     1     5
      0.0211069881 a       386     0    20     1     6
     -0.1926784205 a       387     0    20     1     7
      0.2520392458 a       388     0    20     1     8
      0.0624250565 a       389     0    20     1     9
     -0.4305547489 a       390     0    20     1    10
      0.1134364224 a       391     0    20     1    11
     -0.2148351393 a       392     0    20     1    12
      0.0453662776 a       393     0    20     1    13
     -0.2078160158 a       394     0    20     1    14
     -0.1364921709 a       395     0    20     1    15
      0.1581448253 a       396     0    20     1    16
     -0.1177249510 a       397     0    20     1    17
     -0.4211845205 a       398     0    20     1    18
     -0.5191971681 a       399     0    20     1    19
      0.3360236675 a       400     0    20     1    20
     -0.3822222846 a       401     0    21     1     1
      0.4270546142 a       402     0    21     1     2
     -0.1815694256 a       403     0    21     1     3
      0.4286607439 a       404     0    21     1     4
      0.3595161522 a       405     0    21     1     5
      0.2067737183 a       406     0    21     1     6
     -0.1767388205 a       407     0    21     1     7
      0.5055417616 a       408     0    21     1     8
     -0.2051887343 a       409     0    21     1     9
      0.1524144845 a       410     0    21     1    10
     -0.0955121358 a       411     0    21     1    11
      0.0723553429 a       412     0    21     1    12
     -0.1954428155 a       413     0    21     1    13
      0.3072439475 a       414     0    21     1    14
      0.3087116277 a       415     0    21     1    15
      0.0281302510 a       416     0    21     1    16
     -0.4125394968 a       417     0    21     1    17
      0.3749923183 a       418     0    21     1    18
     -0.2020387149 a       419     0    21     1    19
     -0.1867536579 a       420     0    21     1    20
      0.2740565112 a       421     0    22     1     1
     -0.0598689174 a       422     0    22     1     2
      0.0839206547 a       423     0    22     1     3
     -0.1835211465 a       424     0    22     1     4
      0.3143014744 a       425     0    22     1     5
      0.3606475332 a       426     0    22     1     6
      0.0291946850 a       427     0    22     1     7
     -0.0287650581 a       428     0    22     1     8
     -0.4697672682 a       429     0    22     1     9
      0.2935512118 a       430     0    22     1    10
     -0.1799924795 a       431     0    22     1    11
     -0.4106843095 a       432     0    22     1    12
      0.1395978706 a       433     0    22     1    13
     -0.4755672809 a       434     0    22     1    14
      0.4413561693 a       435     0    22     1    15
     -0.0370692107 a       436     0    22     1    16
     -0.0997126420 a       437     0    22     1    17
     -0.0446936501 a       438     0    22     1    18
      0.1226027373 a       439     0    22     1    19
      0.2551971420 a       440     0    22     1    20
     -0.4649717705 a       441     0    23     1     1
      0.5060062019 a       442     0    23     1     2
      0.2312238795 a       443     0    23     1     3
     -0.1944559998 a       444     0    23     1     4
     -0.1010539563 a       445     0    23     1     5
      0.0842439612 a       446     0    23     1     6
     -0.4551985813 a       447     0    23     1     7
      0.1523036803 a       448     0    23     1     8
      0.2348978567 a       449     0    23     1     9
      0.1053858643 a       450     0    23     1    10
     -0.3561264121 a       451     0    23     1    11
      0.3338334302 a       452     0    23     1    12
     -0.2951333111 a       453     0    23     1    13
     -0.1149524186 a       454     0    23     1    14
      0.4665916950 a       455     0    23     1    15
     -0.4742464537 a       456     0    23     1    16
     -0.4516046205 a       457     0    23     1    17
     -0.4213732220 a       458     0    23     1    18
      0.1187650110 a       459     0    23     1    19
     -0.2500529334 a       460     0    23     1    20
      0.1924303421 a       461     0    24     1     1
      0.0562763200 a       462     0    24     1     2
      0.4374448906 a       463     0    24     1     3
     -0.1436790555 a       464     0    24     1     4
     -0.1104163235 a       465     0    24     1     5
     -0.4482761740 a       466     0    24     1     6
      0.3993040340 a       467     0    24     1     7
      0.5079739765 a       468     0    24     1     8
     -0.1993116731 a       469     0    24     1     9
     -0.0334757191 a       470     0    24     1    10
      0.0593022394 a       471     0    24     1    11
     -0.0014429610 a       472     0    24     1    12
     -0.4154996956 a       473     0    24     1    13
      0.2652393468 a       474     0    24     1    14
     -0.2170641721 a       475     0    24     1    15
      0.2805465039 a       476     0    24     1    16
      0.2313908402 a       477     0    24     1    17
      0.0062228945 a       478     0    24     1    18
      0.4840030102 a       479     0    24     1    19
      0.1582735645 a       480     0    24     1    20
      0.0478421712 a       481     0    25     1     1
      0.4846865997 a       482     0    25     1     2
      0.4383860035 a       483     0    25     1     3
     -0.3454410566 a       484     0    25     1     4
     -0.0631040790 a       485     0    25     1     5
     -0.2334593003 a       486     0    25     1     6
     -0.0245246631 a       487     0    25     1     7
      0.1802121369 a       488     0    25     1     8
      0.1971890997 a       489     0    25     1     9
     -0.2432514911 a       490     0    25     1    10
      0.4972134246 a       491     0    25     1    11
     -0.4170415485 a       492     0    25     1    12
      0.4668606312 a       493     0    25     1    13
      0.0285917011 a       494     0    25     1    14
      0.3518559022 a       495     0    25     1    15
     -0.4845182982 a       496     0    25     1    16
      0.4123159582 a       497     0    25     1    17
      0.3976415305 a       498     0    25     1    18
     -0.0560825732 a       499     0    25     1    19
      0.4700304130 a       500     0    25     1    20
     -0.1992628915 a       501     0    26     1     1
     -0.0148611106 a       502     0    26     1     2
      0.1296215381 a       503     0    26     1     3
     -0.1008256467 a       504     0    26     1     4
      0.2399260815 a       505     0    26     1     5
      0.1885501627 a       506     0    26     1     6
     -0.0429477049 a       507     0    26     1     7
      0.0305201347 a       508     0    26     1     8
     -0.3092994172 a       509     0    26     1     9
      0.1308978120 a       510     0    26     1    10
      0.2160128653 a       511     0    26     1    11
     -0.2183563778 a       512     0    26     1    12
     -0.3071746452 a       513     0    26     1    13
     -0.4690750208 a       514     0    26     1    14
     -0.0345090040 a       515     0    26     1    15
      0.0630102830 a       516     0    26     1    16
      0.0091496196 a       517     0    26     1    17
      0.4188243417 a       518     0    26     1    18
     -0.2157251806 a       519     0    26     1    19
      0.5164965281 a       520     0    26     1    20
      0.3189165931 a       521     0    27     1     1
     -0.2963421456 a       522     0    27     1     2
     -0.3292123567 a       523     0    27     1     3
      0.4120155544 a       524     0    27     1     4
     -0.3767127247 a       525     0    27     1     5
     -0.2328306147 a       526     0    27     1     6
     -0.2832913367 a       527     0    27     1     7
      0.3835126890 a       528     0    27     1     8
      0.4000951376 a       529     0    27     1     9
     -0.2899205164 a       530     0    27     1    10
     -0.1672566748 a       531     0    27     1    11
     -0.4077229322 a       532     0    27     1    12
      0.0014853389 a       533     0    27     1    13
      0.3021706959 a       534     0    27     1    14
     -0.4963789348 a       535     0    27     1    15
      0.4752213428 a       536     0    27     1    16
     -0.0790831208 a       537     0    27     1    17
     -0.3163557079 a       538     0    27     1    18
      0.2063988500 a       539     0    27     1    19
      0.0520253631 a       540     0    27     1    20
     -0.3484096881 a       541     0    28     1     1
      0.2595749731 a       542     0    28     1     2
      0.4734429895 a       543     0    28     1     3
      0.1241748511 a       544     0    28     1     4
      0.2824505367 a       545     0    28     1     5
     -0.2013548515 a       546     0    28     1     6
     -0.3246351224 a       547     0    28     1     7
     -0.0522326602 a       548     0    28     1     8
     -0.3489265908 a       549     0    28     1     9
     -0.4298203574 a       550     0    28     1    10
     -0.0293803332 a       551     0    28     1    11
     -0.1524573417 a       552     0    28     1    12
      0.2149777009 a       553     0    28     1    13
     -0.0750948307 a       554     0    28     1    14
     -0.1291282118 a       555     0    28     1    15
      0.1513628785 a       556     0    28     1    16
     -0.2619934202 a       557     0    28     1    17
      0.2601060092 a       558     0    28     1    18
      0.2064112778 a       559     0    28     1    19
      0.2429395994 a       560     0    28     1    20
      1.1197042102 b       561     1     1
     -0.8363491050 b       562     1     2
     -0.0767721662 b       563     1     3
      0.7684514183 b       564     1     4
     -1.3897476868 b       565     1     5
      0.6847554502 b       566     1     6
      0.0756155061 b       567     1     7
     -0.6528903572 b       568     1     8
      1.3240788345 b       569     1     9
     -0.3209669802 b       570     1    10
      0.2657249942 b       571     1    11
      0.5804032205 b       572     1    12
     -0.1677356292 b       573     1    13
      0.6140566473 b       574     1    14
     -1.0122244649 b       575     1    15
      0.5948014081 b       576     1    16
     -0.9079907506 b       577     1    17
     -0.8762014650 b       578     1    18
      0.3523386795 b       579     1    19
      1.1396983836 b       580     1    20
      0.3696356132 a       581     1     1     2     1
      0.5946984643 a       582     1     1     2     2
      0.4450498891 a       583     1     1     2     3
      0.2611858749 a       584     1     1     2     4
     -0.5003863442 a       585     1     1     2     5
      0.6062248152 a       586     1     1     2     6
     -0.0818624393 a       587     1     1     2     7
      0.6280506009 a       588     1     1     2     8
     -0.3580965575 a       589     1     1     2     9
     -0.2455824272 a       590     1     1     2    10
      0.3113275368 a       591     1     1     2    11
     -0.0278006722 a       592     1     1     2    12
     -0.4788813174 a       593     1     1     2    13
      0.3110062342 a       594     1     1     2    14
      0.1401387562 a       595     1     1     2    15
      0.1184914154 a       596     1     1     2    16
     -0.1535167449 a       597     1     1     2    17
      0.0320955520 a       598     1     1     2    18
     -0.1956131126 a       599     1     1     2    19
     -0.1589470534 a       600     1     1     2    20
      0.4354001919 a       601     1     2     2     1
     -0.1178877543 a       602     1     2     2     2
      0.6408445166 a       603     1     2     2     3
      0.5239151096 a       604     1     2     2     4
     -0.3242661844 a       605     1     2     2     5
      0.4240910967 a       606     1     2     2     6
     -0.3353589425 a       607     1     2     2     7
      0.4128742276 a       608     1     2     2     8
      0.3465142011 a       609     1     2     2     9
      0.3553052177 a       610     1     2     2    10
     -0.4563015402 a       611     1     2     2    11
      0.2436778774 a       612     1     2     2    12
     -0.3520655804 a       613     1     2     2    13
     -0.3987509650 a       614     1     2     2    14
      0.3651959860 a       615     1     2     2    15
      0.2883123320 a       616     1     2     2    16
     -0.2041126754 a       617     1     2     2    17
     -0.6282998492 a       618     1     2     2    18
     -0.0234255859 a       619     1     2     2    19
      0.5321806548 a       620     1     2     2    20
     -0.5664725883 a       621     1     3     2     1
      0.6645845998 a       622     1     3     2     2
     -0.0284744621 a       623     1     3     2     3
      0.3474458156 a       624     1     3     2     4
     -0.5253354898 a       625     1     3     2     5
      0.1815582689 a       626     1     3     2     6
     -0.0739835151 a       627     1     3     2     7
     -0.3227197433 a       628     1     3     2     8
     -0.3843877904 a       629     1     3     2     9
     -0.2302619770 a       630     1     3     2    10
     -0.0348971813 a       631     1     3     2    11
      0.0199941218 a       632     1     3     2    12
      0.4162353249 a       633     1     3     2    13
     -0.6025973931 a       634     1     3     2    14
     -0.0019398173 a       635     1     3     2    15
     -0.1023568200 a       636     1     3     2    16
      0.0015983221 a       637     1     3     2    17
     -0.3839740651 a       638     1     3     2    18
     -0.1317022055 a       639     1     3     2    19
     -0.4328459343 a       640     1     3     2    20
     -0.2032082337 a       641     1     4     2     1
     -0.4402783654 a       642     1     4     2     2
     -0.2412977070 a       643     1     4     2     3
     -0.1726312320 a       644     1     4     2     4
      0.5030575841 a       645     1     4     2     5
      0.4123545991 a       646     1     4     2     6
     -0.2002716591 a       647     1     4     2     7
     -0.1164380440 a       648     1     4     2     8
      0.4962486687 a       649     1     4     2     9
     -0.6010904775 a       650     1     4     2    10
     -0.5412163640 a       651     1     4     2    11
      0.5435545262 a       652     1     4     2    12
     -0.4213594509 a       653     1     4     2    13
      0.1171969308 a       654     1     4     2    14
     -0.1214753658 a       655     1     4     2    15
      0.7050153120 a       656     1     4     2    16
     -0.2965694903 a       657     1     4     2    17
      0.1718240251 a       658     1     4     2    18
      0.1658358538 a       659     1     4     2    19
      0.4673790427 a       660     1     4     2    20
     -0.3187395637 a       661     1     5     2     1
     -0.2061500340 a       662     1     5     2     2
      0.5300964951 a       663     1     5     2     3
      0.4519200644 a       664     1     5     2     4
      0.0064291434 a       665     1     5     2     5
     -0.0965366661 a       666     1     5     2     6
      0.2635523760 a       667     1     5     2     7
     -0.0434729533 a       668     1     5     2     8
     -0.0202506237 a       669     1     5     2     9
     -0.1787707160 a       670     1     5     2    10
     -0.5079565208 a       671     1     5     2    11
      0.4016779660 a       672     1     5     2    12
     -0.2713769960 a       673     1     5     2    13
      0.0462048632 a       674     1     5     2    14
      0.4201357512 a       675     1     5     2    15
     -0.4369873854 a       676     1     5     2    16
     -0.2323719307 a       677     1     5     2    17
      0.2033875938 a       678     1     5     2    18
      0.5901030050 a       679     1     5     2    19
      0.2987076711 a       680     1     5     2    20
     -0.1679506205 a       681     1     6     2     1
     -0.4518848204 a       682     1     6     2     2
      0.6364609184 a       683     1     6     2     3
      0.2515270067 a       684     1     6     2     4
     -0.3141440731 a       685     1     6     2     5
      0.0222033870 a       686     1     6     2     6
      0.3597939235 a       687     1     6     2     7
     -0.1610136009 a       688     1     6     2     8
     -0.4234019431 a       689     1     6     2     9
     -0.3044720631 a       690     1     6     2    10
     -0.4199510915 a       691     1     6     2    11
     -0.6247649022 a       692     1     6     2    12
     -0.4831086643 a       693     1     6     2    13
      0.1571154663 a       694     1     6     2    14
      0.4481129189 a       695     1     6     2    15
      0.0505947923 a       696     1     6     2    16
     -0.5782031628 a       697     1     6     2    17
     -0.5627135729 a       698     1     6     2    18
      0.5940831879 a       699     1     6     2    19
     -0.3384914845 a       700     1     6     2    20
      0.3760520101 a       701     1     7     2     1
     -0.1882189184 a       702     1     7     2     2
     -0.2493683661 a       703     1     7     2     3
     -0.1966428398 a       704     1     7     2     4
     -0.5350088251 a       705     1     7     2     5
      0.4965546935 a       706     1     7     2     6
     -0.4957341991 a       707     1     7     2     7
      0.1730832930 a       708     1     7     2     8
     -0.5101862791 a       709     1     7     2     9
      0.4411326078 a       710     1     7     2    10
     -0.2069886183 a       711     1     7     2    11
      0.5742145026 a       712     1     7     2    12
      0.5667784901 a       713     1     7     2    13
      0.4724770502 a       714     1     7     2    14
      0.3680430810 a       715     1     7     2    15
     -0.2187374961 a       716     1     7     2    16
      0.0176123101 a       717     1     7     2    17
     -0.0789616153 a       718     1     7     2    18
     -0.3097121411 a       719     1     7     2    19
     -0.1576410301 a       720     1     7     2    20
      0.0680902646 a       721     1     8     2     1
     -0.3484228190 a       722     1     8     2     2
      0.4582244526 a       723     1     8     2     3
     -0.5194884228 a       724     1     8     2     4
     -0.3993632375 a       725     1     8     2     5
      0.3859300495 a       726     1     8     2     6
      0.4297922844 a       727     1     8     2     7
     -0.7420764165 a       728     1     8     2     8
      0.5508202460 a       729     1     8     2     9
      0.5185412163 a       730     1     8     2    10
      0.2752775149 a       731     1     8     2    11
      0.3574553316 a       732     1     8     2    12
      0.0960613082 a       733     1     8     2    13
     -0.0735285658 a       734     1     8     2    14
      0.0034210269 a       735     1     8     2    15
      0.6997465489 a       736     1     8     2    16
      0.1759446612 a       737     1     8     2    17
      0.0220298387 a       738     1     8     2    18
     -0.1031637953 a       739     1     8     2    19
     -0.6165920462 a       740     1     8     2    20
      0.3109093388 a       741     1     9     2     1
     -0.2073340714 a       742     1     9     2     2
     -0.1718985471 a       743     1     9     2     3
     -0.4910962661 a       744     1     9     2     4
      0.5017392055 a       745     1     9     2     5
     -0.4525199878 a       746     1     9     2     6
     -0.5035903478 a       747     1     9     2     7
     -0.2268332284 a       748     1     9     2     8
     -0.2778359496 a       749     1     9     2     9
     -0.3039359883 a       750     1     9     2    10
     -0.0456219611 a       751     1     9     2    11
     -0.6858206563 a       752     1     9     2    12
      0.3425333338 a       753     1     9     2    13
     -0.3948215802 a       754     1     9     2    14
      0.5827385826 a       755     1     9     2    15
      0.2537679571 a       756     1     9     2    16
      0.2960500133 a       757     1     9     2    17
     -0.5588870597 a       758     1     9     2    18
     -0.3305570665 a       759     1     9     2    19
     -0.1148171902 a       760     1     9     2    20
     -0.1935150462 a       761     1    10     2     1
     -0.3584156071 a       762     1    10     2     2
      0.6123504998 a       763     1    10     2     3
     -0.5328247008 a       764     1    10     2     4
     -0.2124735637 a       765     1    10     2     5
     -0.0177800451 a       766     1    10     2     6
      0.4098220957 a       767     1    10     2     7
     -0.3051770553 a       768     1    10     2     8
      0.1133376595 a       769     1    10     2     9
      0.4534203729 a       770     1    10     2    10
      0.0763542628 a       771     1    10     2    11
     -0.5645920306 a       772     1    10     2    12
      0.3935800880 a       773     1    10     2    13
     -0.5661678018 a       774     1    10     2    14
     -0.1113625839 a       775     1    10     2    15
     -0.3491989013 a       776     1    10     2    16
     -0.2393414407 a       777     1    10     2    17
      0.3277480585 a       778     1    10     2    18
     -0.3282319301 a       779     1    10     2    19
     -0.3303383509 a       780     1    10     2    20
      0.3118893516 a       781     1    11     2     1
     -0.2421360733 a       782     1    11     2     2
      0.2727282418 a       783     1    11     2     3
      0.3559972824 a       784     1    11     2     4
      0.1588522839 a       785     1    11     2     5
     -0.1628272641 a       786     1    11     2     6
     -0.4649109838 a       787     1    11     2     7
      0.5564007823 a       788     1    11     2     8
     -0.6898594628 a       789     1    11     2     9
      0.0416479669 a       790     1    11     2    10
      0.4608295332 a       791     1    11     2    11
      0.1087283868 a       792     1    11     2    12
      0.1207612376 a       793     1    11     2    13
     -0.1621575699 a       794     1    11     2    14
      0.6312619017 a       795     1    11     2    15
     -0.2492626344 a       796     1    11     2    16
      0.3788479642 a       797     1    11     2    17
      0.4086333839 a       798     1    11     2    18
      0.5237368076 a       799     1    11     2    19
      0.3242606968 a       800     1    11     2    20
      0.6057230847 a       801     1    12     2     1
      0.4093524249 a       802     1    12     2     2
     -0.0744083018 a       803     1    12     2     3
      0.0762640724 a       804     1    12     2     4
      0.1535371375 a       805     1    12     2     5
      0.6105884213 a       806     1    12     2     6
     -0.4603524146 a       807     1    12     2     7
     -0.0558101881 a       808     1    12     2     8
     -0.0718677830 a       809     1    12     2     9
      0.1129113843 a       810     1    12     2    10
     -0.3183596196 a       811     1    12     2    11
      0.0858941765 a       812     1    12     2    12
      0.2337153263 a       813     1    12     2    13
     -0.5712085712 a       814     1    12     2    14
     -0.2270793854 a       815     1    12     2    15
     -0.2208893104 a       816     1    12     2    16
     -0.1768891206 a       817     1    12     2    17
     -0.0019542926 a       818     1    12     2    18
     -0.5814057038 a       819     1    12     2    19
      0.2864513612 a       820     1    12     2    20
      0.3686040530 a       821     1    13     2     1
      0.3632833367 a       822     1    13     2     2
     -0.3224222375 a       823     1    13     2     3
     -0.0971917511 a       824     1    13     2     4
     -0.2926859895 a       825     1    13     2     5
     -0.3971495447 a       826     1    13     2     6
      0.1205302458 a       827     1    13     2     7
     -0.1356672514 a       828     1    13     2     8
      0.0949849326 a       829     1    13     2     9
      0.2298557002 a       830     1    13     2    10
     -0.5118650957 a       831     1    13     2    11
     -0.2899522807 a       832     1    13     2    12
      0.4585560618 a       833     1    13     2    13
     -0.1474879301 a       834     1    13     2    14
      0.3576061955 a       835     1    13     2    15
     -0.0712269575 a       836     1    13     2    16
     -0.5998279752 a       837     1    13     2    17
      0.3836166357 a       838     1    13     2    18
     -0.3517868461 a       839     1    13     2    19
      0.0325090271 a       840     1    13     2    20
     -0.5162968138 a       841     1    14     2     1
      0.0263272043 a       842     1    14     2     2
     -0.1989420665 a       843     1    14     2     3
     -0.0803001045 a       844     1    14     2     4
      0.4667851744 a       845     1    14     2     5
      0.4090382032 a       846     1    14     2     6
     -0.2743300931 a       847     1    14     2     7
     -0.6026075555 a       848     1    14     2     8
     -0.1716651739 a       849     1    14     2     9
      0.3176687930 a       850     1    14     2    10
      0.1126273453 a       851     1    14     2    11
      0.0751946086 a       852     1    14     2    12
      0.2458108843 a       853     1    14     2    13
      0.5589627603 a       854     1    14     2    14
     -0.2718890248 a       855     1    14     2    15
      0.2151665292 a       856     1    14     2    16
      0.1316239610 a       857     1    14     2    17
     -0.1552738767 a       858     1    14     2    18
     -0.3300657678 a       859     1    14     2    19
     -0.3088719279 a       860     1    14     2    20
     -0.4752652154 a       861     1    15     2     1
      0.4581651235 a       862     1    15     2     2
      0.1373161955 a       863     1    15     2     3
     -0.4901421344 a       864     1    15     2     4
     -0.1093156775 a       865     1    15     2     5
      0.2973607684 a       866     1    15     2     6
     -0.3917012915 a       867     1    15     2     7
      0.5369478234 a       868     1    15     2     8
      0.2222549615 a       869     1    15     2     9
     -0.4378525828 a       870     1    15     2    10
      0.4434752956 a       871     1    15     2    11
      0.2651280069 a       872     1    15     2    12
      0.2511794473 a       873     1    15     2    13
      0.3834136151 a       874     1    15     2    14
     -0.5350624087 a       875     1    15     2    15
      0.6324586170 a       876     1    15     2    16
      0.7041787023 a       877     1    15     2    17
     -0.2237307290 a       878     1    15     2    18
      0.2802149229 a       879     1    15     2    19
     -0.4034186356 a       880     1    15     2    20
     -0.0449848765 a       881     1    16     2     1
      0.4864647064 a       882     1    16     2     2
      0.2664136769 a       883     1    16     2     3
     -0.4890778828 a       884     1    16     2     4
      0.4481298897 a       885     1    16     2     5
     -0.3634723968 a       886     1    16     2     6
     -0.5523561210 a       887     1    16     2     7
      0.2601343460 a       888     1    16     2     8
     -0.6708171108 a       889     1    16     2     9
      0.2451180258 a       890     1    16     2    10
      0.4281554268 a       891     1    16     2    11
      0.4914366265 a       892     1    16     2    12
      0.1550436797 a       893     1    16     2    13
      0.4060692641 a       894     1    16     2    14
     -0.0698134541 a       895     1    16     2    15
     -0.3441938145 a       896     1    16     2    16
      0.0782092612 a       897     1    16     2    17
      0.2319630734 a       898     1    16     2    18
     -0.2212313617 a       899     1    16     2    19
     -0.4368334348 a       900     1    16     2    20
     -0.4569224430 a       901     1    17     2     1
      0.2669784469 a       902     1    17     2     2
      0.3185129620 a       903     1    17     2     3
     -0.5233322698 a       904     1    17     2     4
     -0.0388788762 a       905     1    17     2     5
      0.2204581483 a       906     1    17     2     6
      0.4038020435 a       907     1    17     2     7
      0.1752597305 a       908     1    17     2     8
      0.3298368888 a       909     1    17     2     9
      0.5749181315 a       910     1    17     2    10
      0.5462490176 a       911     1    17     2    11
     -0.0246315200 a       912     1    17     2    12
      0.5992832101 a       913     1    17     2    13
      0.1421802542 a       914     1    17     2    14
      0.6650715726 a       915     1    17     2    15
     -0.3759317323 a       916     1    17     2    16
      0.6819212105 a       917     1    17     2    17
     -0.5678793553 a       918     1    17     2    18
      0.4187195061 a       919     1    17     2    19
      0.1953277781 a       920     1    17     2    20
     -0.3146276694 a       921     1    18     2     1
     -0.0111786701 a       922     1    18     2     2
      0.0718887047 a       923     1    18     2     3
      0.0726641321 a       924     1    18     2     4
      0.0533061703 a       925     1    18     2     5
      0.3412994461 a       926     1    18     2     6
     -0.1535028024 a       927     1    18     2     7
     -0.2156549174 a       928     1    18     2     8
      0.1604021772 a       929     1    18     2     9
     -0.5863974667 a       930     1    18     2    10
      0.4634433378 a       931     1    18     2    11
      0.1209185738 a       932     1    18     2    12
      0.1762849341 a       933     1    18     2    13
     -0.1121857746 a       934     1    18     2    14
      0.2916812738 a       935     1    18     2    15
     -0.4436433389 a       936     1    18     2    16
     -0.0834720305 a       937     1    18     2    17
      0.4673975281 a       938     1    18     2    18
      0.4540355304 a       939     1    18     2    19
      0.4413458048 a       940     1    18     2    20
      0.1922214601 a       941     1    19     2     1
      0.2260472660 a       942     1    19     2     2
      0.4335379036 a       943     1    19     2     3
     -0.2835590156 a       944     1    19     2     4
      0.4353795202 a       945     1    19     2     5
     -0.3684181178 a       946     1    19     2     6
     -0.3215049936 a       947     1    19     2     7
     -0.2623076305 a       948     1    19     2     8
     -0.0608859664 a       949     1    19     2     9
      0.0717512018 a       950     1    19     2    10
      0.0468571099 a       951     1    19     2    11
     -0.1566982081 a       952     1    19     2    12
      0.3870227133 a       953     1    19     2    13
     -0.4361184785 a       954     1    19     2    14
     -0.3463559293 a       955     1    19     2    15
     -0.3127218672 a       956     1    19     2    16
      0.0925778225 a       957     1    19     2    17
      0.5254637324 a       958     1    19     2    18
     -0.1227508089 a       959     1    19     2    19
      0.5697530916 a       960     1    19     2    20
      0.3269985648 a       961     1    20     2     1
     -0.3723159075 a       962     1    20     2     2
      0.0787737829 a       963     1    20     2     3
      0.2507908486 a       964     1    20     2     4
     -0.3995562193 a       965     1    20     2     5
      0.1949831681 a       966     1    20     2     6
     -0.4031676686 a       967     1    20     2     7
      0.1126257665 a       968     1    20     2     8
     -0.1080991519 a       969     1    20     2     9
      0.2423227813 a       970     1    20     2    10
     -0.0242598754 a       971     1    20     2    11
     -0.1707754849 a       972     1    20     2    12
     -0.2518162764 a       973     1    20     2    13
     -0.2418139326 a       974     1    20     2    14
     -0.1457241826 a       975     1    20     2    15
     -0.0773856886 a       976     1    20     2    16
      0.6264160883 a       977     1    20     2    17
      0.1678550367 a       978     1    20     2    18
      0.4090527388 a       979     1    20     2    19
     -0.0661725068 a       980     1    20     2    20
      0.4399549061 b       981     2     1
     -1.2477671692 b       982     2     2
     -0.8894387809 b       983     2     3
     -0.4019350318 b       984     2     4
      1.1838357668 b       985     2     5
      1.4518289638 b       986     2     6
     -1.1629394357 b       987     2     7
     -1.5794250404 b       988     2     8
     -0.6581463237 b       989     2     9
      0.1144081320 b       990     2    10
     -0.1840081121 b       991     2    11
      0.7416405402 b       992     2    12
     -0.2439657735 b       993     2    13
      0.5392613437 b       994     2    14
      0.8640933381 b       995     2    15
     -0.1531792048 b       996     2    16
     -1.0693333711 b       997     2    17
     -0.4778218414 b       998     2    18
      0.7814804506 b       999     2    19
     -1.1633282361 b      1000     2    20
     -0.0007636252 a      1001     2     1     3     1
      0.0003839102 a      1002     2     2     3     1
     -0.0025069964 a      1003     2     3     3     1
      0.0024486789 a      1004     2     4     3     1
      0.0020996742 a      1005     2     5     3     1
      0.0015942865 a      1006     2     6     3     1
     -0.0005325894 a      1007     2     7     3     1
     -0.0026824189 a      1008     2     8     3     1
      0.0000673405 a      1009     2     9     3     1
     -0.0027957692 a      1010     2    10     3     1
      0.0054001454 a      1011     2    11     3     1
      0.0031097673 a      1012     2    12     3     1
      0.0032766619 a      1013     2    13     3     1
     -0.0046235389 a      1014     2    14     3     1
      0.0025783432 a      1015     2    15     3     1
      0.0003034488 a      1016     2    16     3     1
      0.0009946318 a      1017     2    17     3     1
     -0.0007287754 a      1018     2    18     3     1
     -0.0016230772 a      1019     2    19     3     1
     -0.0015756817 a      1020     2    20     3     1
     19.6520508959 b      1021     3     1
