     -0.0794539990 a         1     0     1     1     1
      0.1301923803 a         2     0     1     1     2
      0.1880562824 a         3     0     1     1     3
      0.2192117150 a         4     0     1     1     4
      0.1089143927 a         5     0     1     1     5
     -0.2893543722 a         6     0     1     1     6
     -0.1688103318 a         7     0     1     1     7
      0.4252360928 a         8     0     1     1     8
      0.3805047429 a         9     0     1     1     9
     -0.3450781448 a        10     0     1     1    10
     -0.2043128081 a        11     0     1     1    11
     -0.0341574916 a        12     0     1     1    12
     -0.2406964511 a        13     0     1     1    13
     -0.1095622577 a        14     0     1     1    14
     -0.4377415317 a        15     0     1     1    15
     -0.0048861970 a        16     0     1     1    16
      0.3877394192 a        17     0     1     1    17
      0.0963414834 a        18     0     1     1    18
      0.1350191721 a        19     0     1     1    19
      0.0048738334 a        20     0     1     1    20
      0.3473124435 a        21     0     2     1     1
     -0.3856835017 a        22     0     2     1     2
     -0.0966370658 a        23     0     2     1     3
      0.2893291478 a        24     0     2     1     4
      0.3215160448 a        25     0     2     1     5
     -0.3734044721 a        26     0     2     1     6
     -0.1202615152 a        27     0     2     1     7
      0.4036240334 a        28     0     2     1     8
      0.3991082044 a        29     0     2     1     9
     -0.2834423286 a        30     0     2     1    10
      0.2976092510 a        31     0     2     1    11
     -0.1946827210 a        32     0     2     1    12
     -0.1546844878 a        33     0     2     1    13
      0.0306480860 a        34     0     2     1    14
     -0.3006137338 a        35     0     2     1    15
     -0.2887920512 a        36     0     2     1    16
      0.2662567452 a        37     0     2     1    17
     -0.4192203504 a        38     0     2     1    18
      0.2629770446 a        39     0     2     1    19
      0.1823486972 a        40     0     2     1    20
     -0.2347263696 a        41     0     3     1     1
      0.1503780847 a        42     0     3     1     2
     -0.1035539164 a        43     0     3     1     3
     -0.2451152919 a        44     0     3     1     4
      0.4232496108 a        45     0     3     1     5
     -0.3347888875 a        46     0     3     1     6
      0.3363542843 a        47     0     3     1     7
     -0.4365372988 a        48     0     3     1     8
      0.4378864860 a        49     0     3     1     9
     -0.1188963354 a        50     0     3     1    10
      0.1491718672 a        51     0     3     1    11
      0.2663657429 a        52     0     3     1    12
      0.0565631166 a        53     0     3     1    13
     -0.1841053068 a        54     0     3     1    14
     -0.3499606607 a        55     0     3     1    15
     -0.0973477982 a        56     0     3     1    16
      0.2560271935 a        57     0     3     1    17
     -0.0716243122 a        58     0     3     1    18
      0.3297612065 a        59     0     3     1    19
      0.0037787414 a        60     0     3     1    20
     -0.1367454616 a        61     0     4     1     1
      0.4290920612 a        62     0     4     1     2
      0.3379116770 a        63     0     4     1     3
     -0.0553382021 a        64     0     4     1     4
     -0.4427455270 a        65     0     4     1     5
      0.0884223146 a        66     0     4     1     6
     -0.2604420660 a        67     0     4     1     7
      0.4034290818 a        68     0     4     1     8
     -0.1095602382 a        69     0     4     1     9
     -0.0451050365 a        70     0     4     1    10
      0.4187396525 a        71     0     4     1    11
      0.4770799735 a        72     0     4     1    12
     -0.3546867238 a        73     0     4     1    13
      0.1521497524 a        74     0     4     1    14
      0.2554269778 a        75     0     4     1    15
     -0.1118980787 a        76     0     4     1    16
      0.2652153853 a        77     0     4     1    17
      0.0989768252 a        78     0     4     1    18
     -0.0541845510 a        79     0     4     1    19
      0.3700130448 a        80     0     4     1    20
      0.1217828604 a        81     0     5     1     1
     -0.0542668037 a        82     0     5     1     2
      0.0604524769 a        83     0     5     1     3
      0.2685851122 a        84     0     5     1     4
      0.0070798483 a        85     0     5     1     5
      0.0184067152 a        86     0     5     1     6
      0.0951615171 a        87     0     5     1     7
     -0.1045980388 a        88     0     5     1     8
     -0.1321788636 a        89     0     5     1     9
     -0.3570912773 a        90     0     5     1    10
     -0.1598215715 a        91     0     5     1    11
      0.2918970255 a        92     0     5     1    12
      0.2532972295 a        93     0     5     1    13
      0.4775831425 a        94     0     5     1    14
      0.2235019304 a        95     0     5     1    15
     -0.0935187128 a        96     0     5     1    16
     -0.1504434355 a        97     0     5     1    17
     -0.1713831959 a        98     0     5     1    18
      0.3313340367 a        99     0     5     1    19
      0.3368985769 a       100     0     5     1    20
     -0.0480575098 a       101     0     6     1     1
      0.1397263773 a       102     0     6     1     2
     -0.2610593377 a       103     0     6     1     3
      0.0858116891 a       104     0     6     1     4
      0.0995766573 a       105     0     6     1     5
      0.1806110196 a       106     0     6     1     6
      0.0294880118 a       107     0     6     1     7
      0.3708318210 a       108     0     6     1     8
      0.1931322682 a       109     0     6     1     9
     -0.3624817128 a       110     0     6     1    10
      0.1332527111 a       111     0     6     1    11
     -0.2990567311 a       112     0     6     1    12
     -0.0244048420 a       113     0     6     1    13
      0.4251753338 a       114     0     6     1    14
     -0.3028648122 a       115     0     6     1    15
     -0.2816914389 a       116     0     6     1    16
     -0.1366837830 a       117     0     6     1    17
     -0.3014998081 a       118     0     6     1    18
     -0.3922101893 a       119     0     6     1    19
     -0.3633164095 a       120     0     6     1    20
      0.2286686739 a       121     0     7     1     1
      0.1901525753 a       122     0     7     1     2
      0.1418060515 a       123     0     7     1     3
     -0.2776831477 a       124     0     7     1     4
     -0.0389933264 a       125     0     7     1     5
      0.0843888708 a       126     0     7     1     6
      0.1949281791 a       127     0     7     1     7
     -0.2854565832 a       128     0     7     1     8
      0.4144360005 a       129     0     7     1     9
     -0.3201553772 a       130     0     7     1    10
     -0.2872433688 a       131     0     7     1    11
     -0.3390079342 a       132     0     7     1    12
     -0.2350739786 a       133     0     7     1    13
     -0.2638707014 a       134     0     7     1    14
      0.2438441503 a       135     0     7     1    15
      0.4695785247 a       136     0     7     1    16
      0.3505477981 a       137     0     7     1    17
      0.3223103451 a       138     0     7     1    18
     -0.3464518385 a       139     0     7     1    19
     -0.3510550098 a       140     0     7     1    20
     -0.1645771982 a       141     0     8     1     1
      0.1981444582 a       142     0     8     1     2
     -0.0833466746 a       143     0     8     1     3
      0.3281814991 a       144     0     8     1     4
      0.0717574299 a       145     0     8     1     5
     -0.4305761322 a       146     0     8     1     6
     -0.4392413710 a       147     0     8     1     7
     -0.2543291061 a       148     0     8     1     8
     -0.1348214125 a       149     0     8     1     9
     -0.3208703965 a       150     0     8     1    10
     -0.1434464066 a       151     0     8     1    11
     -0.3475200052 a       152     0     8     1    12
     -0.0778507933 a       153     0     8     1    13
      0.4436377916 a       154     0     8     1    14
     -0.4441644183 a       155     0     8     1    15
      0.2796254947 a       156     0     8     1    16
     -0.0368313463 a       157     0     8     1    17
     -0.0335046426 a       158     0     8     1    18
      0.2519911878 a       159     0     8     1    19
      0.0964916209 a       160     0     8     1    20
      0.3101846287 a       161     0     9     1     1
     -0.2542158397 a       162     0     9     1     2
     -0.3661479791 a       163     0     9     1     3
     -0.3034252885 a       164     0     9     1     4
      0.2102831022 a       165     0     9     1     5
     -0.4354382226 a       166     0     9     1     6
     -0.2796913000 a       167     0     9     1     7
     -0.3129403740 a       168     0     9     1     8
      0.0407361127 a       169     0     9     1     9
      0.2061191585 a       170     0     9     1    10
      0.1537936760 a       171     0     9     1    11
     -0.3568336621 a       172     0     9     1    12
     -0.2659738656 a       173     0     9     1    13
      0.2161970338 a       174     0     9     1    14
      0.3373350323 a       175     0     9     1    15
     -0.2436635653 a       176     0     9     1    16
      0.4003456403 a       177     0     9     1    17
     -0.4244657336 a       178     0     9     1    18
     -0.4255233167 a       179     0     9     1    19
      0.0759186330 a       180     0     9     1    20
     -0.4069882087 a       181     0    10     1     1
     -0.4343396658 a       182     0    10     1     2
      0.2782811058 a       183     0    10     1     3
     -0.3835429682 a       184     0    10     1     4
     -0.2287825800 a       185     0    10     1     5
      0.3031374649 a       186     0    10     1     6
     -0.1294547322 a       187     0    10     1     7
      0.1234597802 a       188     0    10     1     8
      0.0305808071 a       189     0    10     1     9
     -0.0267896515 a       190     0    10     1    10
     -0.3307993674 a       191     0    10     1    11
     -0.4168515761 a       192     0    10     1    12
      0.2682423365 a       193     0    10     1    13
     -0.2041443276 a       194     0    10     1    14
      0.3355009358 a       195     0    10     1    15
      0.4448207508 a       196     0    10     1    16
     -0.2079845094 a       197     0    10     1    17
     -0.4213870605 a       198     0    10     1    18
     -0.3624596429 a       199     0    10     1    19
      0.1894425149 a       200     0    10     1    20
     -0.3613387694 a       201     0    11     1     1
     -0.0637030547 a       202     0    11     1     2
     -0.3154548185 a       203     0    11     1     3
     -0.1178780909 a       204     0    11     1     4
      0.2907428388 a       205     0    11     1     5
     -0.1506407760 a       206     0    11     1     6
     -0.3148218191 a       207     0    11     1     7
      0.1539394975 a       208     0    11     1     8
     -0.1163090553 a       209     0    11     1     9
      0.3567779769 a       210     0    11     1    10
     -0.3351372184 a       211     0    11     1    11
      0.2758287905 a       212     0    11     1    12
      0.0999887225 a       213     0    11     1    13
     -0.1466157053 a       214     0    11     1    14
     -0.2303148184 a       215     0    11     1    15
     -0.1455373440 a       216     0    11     1    16
     -0.4253875767 a       217     0    11     1    17
     -0.4588273168 a       218     0    11     1    18
     -0.4052760616 a       219     0    11     1    19
      0.2745847550 a       220     0    11     1    20
     -0.1941973191 a       221     0    12     1     1
      0.4492112246 a       222     0    12     1     2
     -0.3070304510 a       223     0    12     1     3
     -0.3650172103 a       224     0    12     1     4
     -0.1148259858 a       225     0    12     1     5
      0.3402717210 a       226     0    12     1     6
     -0.0132432273 a       227     0    12     1     7
     -0.4482746626 a       228     0    12     1     8
      0.3275735842 a       229     0    12     1     9
     -0.0404530416 a       230     0    12     1    10
      0.3686135092 a       231     0    12     1    11
      0.1877895826 a       232     0    12     1    12
     -0.1537738802 a       233     0    12     1    13
     -0.4825913481 a       234     0    12     1    14
      0.3550878897 a       235     0    12     1    15
     -0.0829404056 a       236     0    12     1    16
     -0.1970735450 a       237     0    12     1    17
      0.0634211481 a       238     0    12     1    18
     -0.1648892181 a       239     0    12     1    19
      0.4352157247 a       240     0    12     1    20
     -0.1707307828 a       241     0    13     1     1
      0.4057383579 a       242     0    13     1     2
      0.3753963138 a       243     0    13     1     3
     -0.3072687522 a       244     0    13     1     4
      0.4387866953 a       245     0    13     1     5
      0.2685936260 a       246     0    13     1     6
      0.4754912213 a       247     0    13     1     7
      0.2449360190 a       248     0    13     1     8
      0.1201261755 a       249     0    13     1     9
      0.1257007500 a       250     0    13     1    10
      0.2128216914 a       251     0    13     1    11
     -0.3881260236 a       252     0    13     1    12
     -0.2706492171 a       253     0    13     1    13
     -0.2745433602 a       254     0    13     1    14
     -0.0365944157 a       255     0    13     1    15
      0.3576601929 a       256     0    13     1    16
      0.2155410285 a       257     0    13     1    17
     -0.4598018484 a       258     0    13     1    18
     -0.1363573157 a       259     0    13     1    19
      0.4133089938 a       260     0    13     1    20
      0.4610405744 a       261     0    14     1     1
      0.1390092456 a       262     0    14     1     2
      0.1008343414 a       263     0    14     1     3
     -0.0482748842 a       264     0    14     1     4
      0.2771747796 a       265     0    14     1     5
     -0.2777186975 a       266     0    14     1     6
     -0.1809892507 a       267     0    14     1     7
     -0.1919075362 a       268     0    14     1     8
     -0.3299403815 a       269     0    14     1     9
      0.3645488008 a       270     0    14     1    10
      0.3319232379 a       271     0    14     1    11
     -0.2338715453 a       272     0    14     1    12
     -0.1100940091 a       273     0    14     1    13
     -0.1338665164 a       274     0    14     1    14
     -0.1176163358 a       275     0    14     1    15
     -0.4790981222 a       276     0    14     1    16
     -0.1931470666 a       277     0    14     1    17
     -0.2630580792 a       278     0    14     1    18
     -0.3592961446 a       279     0    14     1    19
      0.2790522695 a       280     0    14     1    20
      0.4655816387 a       281     0    15     1     1
     -0.2604464705 a       282     0    15     1     2
     -0.2643875427 a       283     0    15     1     3
      0.4338243307 a       284     0    15     1     4
     -0.3689751321 a       285     0    15     1     5
     -0.3773642533 a       286     0    15     1     6
     -0.4589492596 a       287     0    15     1     7
     -0.0616150134 a       288     0    15     1     8
      0.3154286388 a       289     0    15     1     9
      0.4051958279 a       290     0    15     1    10
      0.2457246592 a       291     0    15     1    11
      0.2364831910 a       292     0    15     1    12
      0.2922276210 a       293     0    15     1    13
     -0.0778853469 a       294     0    15     1    14
     -0.4634554328 a       295     0    15     1    15
     -0.2284113726 a       296     0    15     1    16
     -0.2203448541 a       297     0    15     1    17
      0.1396426126 a       298     0    15     1    18
     -0.1312052191 a       299     0    15     1    19
     -0.2554059940 a       300     0    15     1    20
     -0.1333042988 a       301     0    16     1     1
      0.3271490640 a       302     0    16     1     2
     -0.2582734568 a       303     0    16     1     3
     -0.4575086391 a       304     0    16     1     4
     -0.0308509788 a       305     0    16     1     5
      0.3080936339 a       306     0    16     1     6
      0.4332339633 a       307     0    16     1     7
     -0.2288928547 a       308     0    16     1     8
     -0.3141624264 a       309     0    16     1     9
     -0.3475980987 a       310     0    16     1    10
      0.3197309236 a       311     0    16     1    11
     -0.0895770862 a       312     0    16     1    12
     -0.5212789174 a       313     0    16     1    13
     -0.0344873409 a       314     0    16     1    14
      0.2927126354 a       315     0    16     1    15
     -0.2902954975 a       316     0    16     1    16
     -0.3576104673 a       317     0    16     1    17
     -0.2226460808 a       318     0    16     1    18
     -0.3969134468 a       319     0    16     1    19
     -0.1244074128 a       320     0    16     1    20
     -0.3745558718 a       321     0    17     1     1
     -0.1505762092 a       322     0    17     1     2
     -0.3010449014 a       323     0    17     1     3
      0.3425632434 a       324     0    17     1     4
     -0.2296162175 a       325     0    17     1     5
      0.3394430397 a       326     0    17     1     6
     -0.3391615412 a       327     0    17     1     7
      0.0648067185 a       328     0    17     1     8
      0.2101304321 a       329     0    17     1     9
      0.3718269252 a       330     0    17     1    10
     -0.3703081318 a       331     0    17     1    11
     -0.1109820922 a       332     0    17     1    12
     -0.3341987921 a       333     0    17     1    13
      0.1117424751 a       334     0    17     1    14
     -0.2958524583 a       335     0    17     1    15
     -0.0012092847 a       336     0    17     1    16
      0.3692529150 a       337     0    17     1    17
     -0.0500390345 a       338     0    17     1    18
      0.1011276056 a       339     0    17     1    19
      0.3709560786 a       340     0    17     1    20
     -0.2026582024 a       341     0    18     1     1
      0.2023815190 a       342     0    18     1     2
     -0.3779959429 a       343     0    18     1     3
     -0.3585453763 a       344     0    18     1     4
     -0.4431339793 a       345     0    18     1     5
      0.2084821936 a       346     0    18     1     6
      0.0049347747 a       347     0    18     1     7
      0.4607213520 a       348     0    18     1     8
      0.3570388716 a       349     0    18     1     9
      0.0980118768 a       350     0    18     1    10
      0.2529654709 a       351     0    18     1    11
     -0.4191222582 a       352     0    18     1    12
      0.3321946054 a       353     0    18     1    13
     -0.0770804593 a       354     0    18     1    14
      0.3799258341 a       355     0    18     1    15
      0.3977684835 a       356     0    18     1    16
      0.4459459468 a       357     0    18     1    17
      0.1196427853 a       358     0    18     1    18
      0.2487206486 a       359     0    18     1    19
      0.2269733522 a       360     0    18     1    20
     -0.2699700106 a       361     0    19     1     1
      0.1266132223 a       362     0    19     1     2
     -0.4284188515 a       363     0    19     1     3
     -0.3460807209 a       364     0    19     1     4
     -0.2412252382 a       365     0    19     1     5
      0.0348586596 a       366     0    19     1     6
      0.0758305977 a       367     0    19     1     7
     -0.3640706190 a       368     0    19     1     8
      0.1652686674 a       369     0    19     1     9
      0.4037502873 a       370     0    19     1    10
     -0.4091830452 a       371     0    19     1    11
     -0.3056182889 a       372     0    19     1    12
     -0.0515029268 a       373     0    19     1    13
      0.0203469033 a       374     0    19     1    14
     -0.2005171709 a       375     0    19     1    15
     -0.3136778481 a       376     0    19     1    16
      0.4187659534 a       377     0    19     1    17
     -0.2632829731 a       378     0    19     1    18
     -0.0445422683 a       379     0    19     1    19
      0.1609580322 a       380     0    19     1    20
     -0.3755994759 a       381     0    20     1     1
      0.4016224798 a       382     0    20     1     2
      0.1935155861 a       383     0    20     1     3
      0.2057644250 a       384     0    20     1     4
     -0.1011705509 a       385     0    20     1     5
     -0.2560032979 a       386     0    20     1     6
     -0.0074453413 a       387     0    20     1     7
      0.1921333442 a       388     0    20     1     8
      0.2816612392 a       389     0    20     1     9
     -0.2182381371 a       390     0    20     1    10
     -0.1637007046 a       391     0    20     1    11
     -0.0856734515 a       392     0    20     1    12
      0.0071380303 a       393     0    20     1    13
      0.3278404702 a       394     0    20     1    14
     -0.2568783952 a       395     0    20     1    15
     -0.2417464436 a       396     0    20     1    16
      0.2624950172 a       397     0    20     1    17
      0.1789643515 a       398     0    20     1    18
     -0.3418789562 a       399     0    20     1    19
      0.3340967486 a       400     0    20     1    20
      0.1597925898 a       401     0    21     1     1
     -0.1317215494 a       402     0    21     1     2
     -0.3017340067 a       403     0    21     1     3
     -0.0377874504 a       404     0    21     1     4
     -0.1344801090 a       405     0    21     1     5
     -0.3812348102 a       406     0    21     1     6
      0.1401054877 a       407     0    21     1     7
     -0.2666730172 a       408     0    21     1     8
     -0.2651049300 a       409     0    21     1     9
     -0.1677028483 a       410     0    21     1    10
      0.3452828837 a       411     0    21     1    11
      0.0750979220 a       412     0    21     1    12
      0.3465717996 a       413     0    21     1    13
      0.1643297697 a       414     0    21     1    14
     -0.1273401454 a       415     0    21     1    15
     -0.0309669405 a       416     0    21     1    16
      0.1947421223 a       417     0    21     1    17
     -0.2119331029 a       418     0    21     1    18
     -0.0262663153 a       419     0    21     1    19
     -0.1291372689 a       420     0    21     1    20
      0.3973111880 a       421     0    22     1     1
      0.1290537272 a       422     0    22     1     2
     -0.1757185121 a       423     0    22     1     3
      0.0218033121 a       424     0    22     1     4
     -0.3480334712 a       425     0    22     1     5
      0.1004733908 a       426     0    22     1     6
      0.3895498419 a       427     0    22     1     7
      0.0575296976 a       428     0    22     1     8
      0.2687855383 a       429     0    22     1     9
      0.0572935497 a       430     0    22     1    10
      0.2224352716 a       431     0    22     1    11
      0.2933511382 a       432     0    22     1    12
      0.0886167447 a       433     0    22     1    13
      0.1459214311 a       434     0    22     1    14
     -0.2015225994 a       435     0    22     1    15
     -0.4071058875 a       436     0    22     1    16
     -0.1357002510 a       437     0    22     1    17
      0.2164027754 a       438     0    22     1    18
     -0.0483051056 a       439     0    22     1    19
     -0.4172536389 a       440     0    22     1    20
     -0.1733030494 a       441     0    23     1     1
      0.0563895985 a       442     0    23     1     2
     -0.3463630205 a       443     0    23     1     3
     -0.1430050338 a       444     0    23     1     4
     -0.4419928263 a       445     0    23     1     5
      0.4476955435 a       446     0    23     1     6
     -0.2326598259 a       447     0    23     1     7
      0.0246986594 a       448     0    23     1     8
     -0.0725464678 a       449     0    23     1     9
     -0.3282182600 a       450     0    23     1    10
     -0.2993536467 a       451     0    23     1    11
      0.0958438112 a       452     0    23     1    12
     -0.5471650691 a       453     0    23     1    13
     -0.2247171625 a       454     0    23     1    14
      0.0942182938 a       455     0    23     1    15
     -0.1692001434 a       456     0    23     1    16
     -0.2446960666 a       457     0    23     1    17
     -0.3754654474 a       458     0    23     1    18
     -0.3243692567 a       459     0    23     1    19
     -0.1571139513 a       460     0    23     1    20
      0.5258316020 a       461     0    24     1     1
     -0.1362300329 a       462     0    24     1     2
     -0.3387920811 a       463     0    24     1     3
      0.2887434288 a       464     0    24     1     4
     -0.3957613537 a       465     0    24     1     5
     -0.0497614159 a       466     0    24     1     6
     -0.3975240077 a       467     0    24     1     7
     -0.1537752573 a       468     0    24     1     8
     -0.1815733026 a       469     0    24     1     9
     -0.2176964388 a       470     0    24     1    10
     -0.1313140576 a       471     0    24     1    11
     -0.3175399619 a       472     0    24     1    12
     -0.0029256458 a       473     0    24     1    13
     -0.0262754783 a       474     0    24     1    14
      0.1409985666 a       475     0    24     1    15
     -0.4210622820 a       476     0    24     1    16
     -0.0248086843 a       477     0    24     1    17
      0.2875755855 a       478     0    24     1    18
     -0.3694091377 a       479     0    24     1    19
      0.2637232217 a       480     0    24     1    20
      0.0991889917 a       481     0    25     1     1
      0.1678544720 a       482     0    25     1     2
      0.3401964306 a       483     0    25     1     3
      0.4155078255 a       484     0    25     1     4
      0.0816451299 a       485     0    25     1     5
      0.1854592898 a       486     0    25     1     6
     -0.4152222997 a       487     0    25     1     7
      0.2184490312 a       488     0    25     1     8
     -0.2174746114 a       489     0    25     1     9
      0.0148432063 a       490     0    25     1    10
      0.1769346073 a       491     0    25     1    11
     -0.3718582024 a       492     0    25     1    12
      0.4213624997 a       493     0    25     1    13
     -0.1735791026 a       494     0    25     1    14
     -0.1943338607 a       495     0    25     1    15
     -0.2068026723 a       496     0    25     1    16
      0.3651106378 a       497     0    25     1    17
      0.3876522349 a       498     0    25     1    18
      0.0480158496 a       499     0    25     1    19
      0.3572165337 a       500     0    25     1    20
     -0.0690290847 a       501     0    26     1     1
      0.4477960130 a       502     0    26     1     2
      0.2315714549 a       503     0    26     1     3
     -0.0720361499 a       504     0    26     1     4
     -0.2074311668 a       505     0    26     1     5
      0.3045076548 a       506     0    26     1     6
      0.2013649537 a       507     0    26     1     7
     -0.3265401324 a       508     0    26     1     8
      0.3986767418 a       509     0    26     1     9
      0.2973809258 a       510     0    26     1    10
     -0.2872434031 a       511     0    26     1    11
      0.2352972560 a       512     0    26     1    12
     -0.4532691227 a       513     0    26     1    13
      0.5042576664 a       514     0    26     1    14
     -0.0478733170 a       515     0    26     1    15
     -0.3121999808 a       516     0    26     1    16
     -0.1583194626 a       517     0    26     1    17
      0.2619677564 a       518     0    26     1    18
     -0.1792912718 a       519     0    26     1    19
     -0.2181347798 a       520     0    26     1    20
      0.3579710613 a       521     0    27     1     1
      0.4208869029 a       522     0    27     1     2
      0.4162290722 a       523     0    27     1     3
      0.1777222896 a       524     0    27     1     4
      0.4417325463 a       525     0    27     1     5
      0.0737900526 a       526     0    27     1     6
      0.3711713819 a       527     0    27     1     7
     -0.4198172181 a       528     0    27     1     8
      0.1138371411 a       529     0    27     1     9
      0.3753618936 a       530     0    27     1    10
      0.3912786838 a       531     0    27     1    11
     -0.3121805723 a       532     0    27     1    12
      0.1878419335 a       533     0    27     1    13
     -0.5179261059 a       534     0    27     1    14
      0.1447815805 a       535     0    27     1    15
      0.0493586996 a       536     0    27     1    16
     -0.2923743901 a       537     0    27     1    17
      0.1630472673 a       538     0    27     1    18
      0.4005396356 a       539     0    27     1    19
      0.4322485489 a       540     0    27     1    20
      0.2827774318 a       541     0    28     1     1
     -0.4058612300 a       542     0    28     1     2
     -0.4369181114 a       543     0    28     1     3
     -0.4764795913 a       544     0    28     1     4
     -0.2182526375 a       545     0    28     1     5
     -0.1161042403 a       546     0    28     1     6
     -0.2194822259 a       547     0    28     1     7
      0.2241801797 a       548     0    28     1     8
     -0.2251550867 a       549     0    28     1     9
      0.3686282213 a       550     0    28     1    10
     -0.3913278570 a       551     0    28     1    11
     -0.1199679762 a       552     0    28     1    12
     -0.2335303442 a       553     0    28     1    13
     -0.4020024408 a       554     0    28     1    14
      0.0216780623 a       555     0    28     1    15
     -0.0212653785 a       556     0    28     1    16
      0.2610641126 a       557     0    28     1    17
     -0.3048952379 a       558     0    28     1    18
      0.0103239150 a       559     0    28     1    19
     -0.3412679712 a       560     0    28     1    20
     -0.1012673150 a       561     0    29     1     1
      0.1716985955 a       562     0    29     1     2
     -0.0720679404 a       563     0    29     1     3
      0.1420405372 a       564     0    29     1     4
      0.0869192121 a       565     0    29     1     5
     -0.2271602701 a       566     0    29     1     6
     -0.1214865088 a       567     0    29     1     7
     -0.0038902797 a       568     0    29     1     8
     -0.3955109347 a       569     0    29     1     9
      0.1369249841 a       570     0    29     1    10
      0.1682818387 a       571     0    29     1    11
     -0.1858349678 a       572     0    29     1    12
      0.4669274353 a       573     0    29     1    13
      0.0703303938 a       574     0    29     1    14
      0.3327951054 a       575     0    29     1    15
      0.1601024306 a       576     0    29     1    16
     -0.3210174005 a       577     0    29     1    17
      0.3710677068 a       578     0    29     1    18
     -0.4142439558 a       579     0    29     1    19
      0.2258713440 a       580     0    29     1    20
     -0.2273288245 a       581     0    30     1     1
     -0.2687083985 a       582     0    30     1     2
     -0.2268342059 a       583     0    30     1     3
      0.1718940075 a       584     0    30     1     4
     -0.3758040774 a       585     0    30     1     5
      0.1475465717 a       586     0    30     1     6
      0.1573471643 a       587     0    30     1     7
      0.1676786529 a       588     0    30     1     8
     -0.3344481894 a       589     0    30     1     9
     -0.1248202774 a       590     0    30     1    10
      0.2875660630 a       591     0    30     1    11
      0.0864365778 a       592     0    30     1    12
      0.2432084101 a       593     0    30     1    13
      0.2825146482 a       594     0    30     1    14
      0.2605332994 a       595     0    30     1    15
     -0.4654539734 a       596     0    30     1    16
      0.2122324670 a       597     0    30     1    17
      0.2242883706 a       598     0    30     1    18
      0.2157283997 a       599     0    30     1    19
      0.2033644127 a       600     0    30     1    20
      0.0662491537 a       601     0    31     1     1
      0.3474026190 a       602     0    31     1     2
     -0.1229867555 a       603     0    31     1     3
      0.1954837832 a       604     0    31     1     4
      0.1424260627 a       605     0    31     1     5
     -0.4467552334 a       606     0    31     1     6
     -0.3447383224 a       607     0    31     1     7
     -0.0419611295 a       608     0    31     1     8
     -0.4281219765 a       609     0    31     1     9
     -0.3837034657 a       610     0    31     1    10
      0.0475203308 a       611     0    31     1    11
      0.3320539005 a       612     0    31     1    12
      0.1415980754 a       613     0    31     1    13
      0.4054988222 a       614     0    31     1    14
     -0.3534086882 a       615     0    31     1    15
      0.1828754739 a       616     0    31     1    16
      0.1236638861 a       617     0    31     1    17
     -0.2662025778 a       618     0    31     1    18
      0.2379121071 a       619     0    31     1    19
     -0.1061312742 a       620     0    31     1    20
      1.3656638343 b       621     1     1
      0.5428610895 b       622     1     2
      0.7740217968 b       623     1     3
     -0.4310241586 b       624     1     4
      0.5608028550 b       625     1     5
      1.4227701871 b       626     1     6
      1.4585594752 b       627     1     7
     -0.4217634495 b       628     1     8
     -0.7092797226 b       629     1     9
     -0.6030991121 b       630     1    10
      0.9414734962 b       631     1    11
     -0.5641126008 b       632     1    12
      0.3169791113 b       633     1    13
     -0.8822476142 b       634     1    14
      1.0736205018 b       635     1    15
      1.1708437526 b       636     1    16
     -0.5677080899 b       637     1    17
     -0.0279177034 b       638     1    18
      1.2886399840 b       639     1    19
     -0.8177225506 b       640     1    20
      0.0971330317 a       641     1     1     2     1
     -0.3066973353 a       642     1     1     2     2
     -0.5354724488 a       643     1     1     2     3
     -0.2054109471 a       644     1     1     2     4
      0.1118003677 a       645     1     1     2     5
     -0.5291273771 a       646     1     1     2     6
     -0.3420976710 a       647     1     1     2     7
      0.1654039312 a       648     1     1     2     8
      0.0336348441 a       649     1     1     2     9
      0.1559830899 a       650     1     1     2    10
     -0.4256555378 a       651     1     1     2    11
     -0.6115750933 a       652     1     1     2    12
      0.0666066032 a       653     1     1     2    13
     -0.3799193844 a       654     1     1     2    14
      0.3309717442 a       655     1     1     2    15
      0.3159724682 a       656     1     1     2    16
      0.0557454501 a       657     1     1     2    17
     -0.1127381562 a       658     1     1     2    18
      0.5460966263 a       659     1     1     2    19
      0.0948102010 a       660     1     1     2    20
     -0.3256963646 a       661     1     2     2     1
      0.4779634717 a       662     1     2     2     2
      0.5365775989 a       663     1     2     2     3
      0.0883033896 a       664     1     2     2     4
     -0.6590851845 a       665     1     2     2     5
      0.0221697472 a       666     1     2     2     6
     -0.1684098661 a       667     1     2     2     7
      0.3012042327 a       668     1     2     2     8
     -0.3784949032 a       669     1     2     2     9
      0.3149503473 a       670     1     2     2    10
      0.4746626627 a       671     1     2     2    11
     -0.4530167344 a       672     1     2     2    12
      0.2658315951 a       673     1     2     2    13
      0.0949007791 a       674     1     2     2    14
      0.1735622955 a       675     1     2     2    15
     -0.2243530577 a       676     1     2     2    16
     -0.0519255146 a       677     1     2     2    17
      0.5419095021 a       678     1     2     2    18
      0.3949872651 a       679     1     2     2    19
     -0.4492307669 a       680     1     2     2    20
     -0.4245126411 a       681     1     3     2     1
     -0.2658667955 a       682     1     3     2     2
     -0.0530088709 a       683     1     3     2     3
     -0.4618988967 a       684     1     3     2     4
     -0.2015438255 a       685     1     3     2     5
     -0.3039402609 a       686     1     3     2     6
     -0.2637661581 a       687     1     3     2     7
     -0.1715576186 a       688     1     3     2     8
     -0.1135766659 a       689     1     3     2     9
      0.6336226829 a       690     1     3     2    10
      0.6567947120 a       691     1     3     2    11
      0.0611785334 a       692     1     3     2    12
      0.0536647014 a       693     1     3     2    13
     -0.3458375307 a       694     1     3     2    14
     -0.2645233954 a       695     1     3     2    15
      0.1517184129 a       696     1     3     2    16
      0.0351032957 a       697     1     3     2    17
      0.1524723382 a       698     1     3     2    18
      0.0737305807 a       699     1     3     2    19
      0.4396570294 a       700     1     3     2    20
      0.5669341950 a       701     1     4     2     1
     -0.4851743459 a       702     1     4     2     2
      0.4431983854 a       703     1     4     2     3
      0.4026818782 a       704     1     4     2     4
     -0.3581715667 a       705     1     4     2     5
      0.4025669682 a       706     1     4     2     6
     -0.5424558598 a       707     1     4     2     7
     -0.2057309859 a       708     1     4     2     8
      0.5495401092 a       709     1     4     2     9
     -0.0161729324 a       710     1     4     2    10
     -0.2395760988 a       711     1     4     2    11
      0.3943147614 a       712     1     4     2    12
      0.4943986304 a       713     1     4     2    13
     -0.0637527861 a       714     1     4     2    14
     -0.1125122429 a       715     1     4     2    15
     -0.5819310644 a       716     1     4     2    16
     -0.0801726284 a       717     1     4     2    17
     -0.5740819141 a       718     1     4     2    18
      0.5271521927 a       719     1     4     2    19
     -0.3429604001 a       720     1     4     2    20
      0.3812858836 a       721     1     5     2     1
     -0.6484604608 a       722     1     5     2     2
      0.4750318585 a       723     1     5     2     3
      0.4234796586 a       724     1     5     2     4
     -0.2531086269 a       725     1     5     2     5
     -0.3979048980 a       726     1     5     2     6
     -0.1142523170 a       727     1     5     2     7
      0.0803044367 a       728     1     5     2     8
      0.2177028189 a       729     1     5     2     9
     -0.1910568536 a       730     1     5     2    10
     -0.5393022670 a       731     1     5     2    11
      0.4876982528 a       732     1     5     2    12
     -0.4305210808 a       733     1     5     2    13
      0.4471455270 a       734     1     5     2    14
     -0.0725810234 a       735     1     5     2    15
     -0.2863990778 a       736     1     5     2    16
     -0.0959454651 a       737     1     5     2    17
      0.1606204400 a       738     1     5     2    18
     -0.5631372424 a       739     1     5     2    19
     -0.0042099853 a       740     1     5     2    20
     -0.2749847737 a       741     1     6     2     1
     -0.0389407973 a       742     1     6     2     2
     -0.4543911349 a       743     1     6     2     3
      0.3233718547 a       744     1     6     2     4
     -0.0194760937 a       745     1     6     2     5
     -0.2937188213 a       746     1     6     2     6
     -0.4451719570 a       747     1     6     2     7
     -0.1374368689 a       748     1     6     2     8
     -0.4953188256 a       749     1     6     2     9
     -0.5913493014 a       750     1     6     2    10
     -0.1998129339 a       751     1     6     2    11
      0.0476294757 a       752     1     6     2    12
      0.4256173935 a       753     1     6     2    13
     -0.1802925079 a       754     1     6     2    14
      0.0034249743 a       755     1     6     2    15
     -0.3864080590 a       756     1     6     2    16
     -0.1874490527 a       757     1     6     2    17
     -0.2196878525 a       758     1     6     2    18
      0.4603256718 a       759     1     6     2    19
      0.4928822196 a       760     1     6     2    20
      0.3394733800 a       761     1     7     2     1
     -0.4000832596 a       762     1     7     2     2
      0.3440808357 a       763     1     7     2     3
      0.0190776777 a       764     1     7     2     4
     -0.1014587218 a       765     1     7     2     5
     -0.0019410241 a       766     1     7     2     6
      0.4281724441 a       767     1     7     2     7
     -0.4008209874 a       768     1     7     2     8
     -0.1055127937 a       769     1     7     2     9
     -0.0241313767 a       770     1     7     2    10
     -0.5397491289 a       771     1     7     2    11
      0.5753077541 a       772     1     7     2    12
      0.3159626262 a       773     1     7     2    13
     -0.4656221766 a       774     1     7     2    14
     -0.4492457707 a       775     1     7     2    15
      0.3231965160 a       776     1     7     2    16
      0.7194707428 a       777     1     7     2    17
      0.1575597109 a       778     1     7     2    18
     -0.1705714653 a       779     1     7     2    19
      0.3723243586 a       780     1     7     2    20
      0.5481217465 a       781     1     8     2     1
      0.4940337325 a       782     1     8     2     2
      0.4523130350 a       783     1     8     2     3
      0.3741339945 a       784     1     8     2     4
     -0.1463072592 a       785     1     8     2     5
     -0.1119921804 a       786     1     8     2     6
      0.5697517310 a       787     1     8     2     7
      0.0601682172 a       788     1     8     2     8
     -0.5001162972 a       789     1     8     2     9
      0.6561022587 a       790     1     8     2    10
     -0.0271326734 a       791     1     8     2    11
     -0.0738113159 a       792     1     8     2    12
     -0.4964950466 a       793     1     8     2    13
      0.4942775660 a       794     1     8     2    14
      0.4213421677 a       795     1     8     2    15
      0.5350024588 a       796     1     8     2    16
     -0.3964668777 a       797     1     8     2    17
      0.3076699869 a       798     1     8     2    18
      0.0192483894 a       799     1     8     2    19
     -0.0322008272 a       800     1     8     2    20
     -0.1172055359 a       801     1     9     2     1
      0.3648141840 a       802     1     9     2     2
      0.0701343760 a       803     1     9     2     3
     -0.4124942997 a       804     1     9     2     4
      0.5649939421 a       805     1     9     2     5
      0.5016502775 a       806     1     9     2     6
     -0.5680918595 a       807     1     9     2     7
      0.5894193662 a       808     1     9     2     8
     -0.0790016803 a       809     1     9     2     9
     -0.5823385099 a       810     1     9     2    10
      0.4585357566 a       811     1     9     2    11
      0.3328091218 a       812     1     9     2    12
     -0.0592944420 a       813     1     9     2    13
     -0.1866974050 a       814     1     9     2    14
      0.1968159251 a       815     1     9     2    15
      0.2287044489 a       816     1     9     2    16
      0.0000586820 a       817     1     9     2    17
      0.3375310191 a       818     1     9     2    18
     -0.5280432528 a       819     1     9     2    19
     -0.1124917663 a       820     1     9     2    20
     -0.0005437567 a       821     1    10     2     1
      0.1337905497 a       822     1    10     2     2
      0.3536631164 a       823     1    10     2     3
     -0.1020730238 a       824     1    10     2     4
      0.5389718558 a       825     1    10     2     5
      0.1673766943 a       826     1    10     2     6
     -0.3030284849 a       827     1    10     2     7
     -0.2231941510 a       828     1    10     2     8
      0.0921615941 a       829     1    10     2     9
      0.1032141509 a       830     1    10     2    10
      0.4360042324 a       831     1    10     2    11
      0.3870990325 a       832     1    10     2    12
     -0.5069058766 a       833     1    10     2    13
     -0.4663619411 a       834     1    10     2    14
     -0.6100772043 a       835     1    10     2    15
      0.2090922963 a       836     1    10     2    16
      0.0506469757 a       837     1    10     2    17
      0.1711189440 a       838     1    10     2    18
     -0.5134188788 a       839     1    10     2    19
      0.5099353486 a       840     1    10     2    20
     -0.4831519331 a       841     1    11     2     1
      0.3871206230 a       842     1    11     2     2
      0.2344832078 a       843     1    11     2     3
     -0.1794618593 a       844     1    11     2     4
      0.0503803022 a       845     1    11     2     5
     -0.5867652927 a       846     1    11     2     6
     -0.1867314765 a       847     1    11     2     7
      0.2272447522 a       848     1    11     2     8
      0.0911117271 a       849     1    11     2     9
      0.2143170676 a       850     1    11     2    10
     -0.2562490500 a       851     1    11     2    11
     -0.4636079492 a       852     1    11     2    12
      0.4047801447 a       853     1    11     2    13
     -0.1264086099 a       854     1    11     2    14
      0.2975798258 a       855     1    11     2    15
      0.0045898061 a       856     1    11     2    16
     -0.4642082089 a       857     1    11     2    17
     -0.2761078848 a       858     1    11     2    18
      0.2550271363 a       859     1    11     2    19
      0.4628382825 a       860     1    11     2    20
     -0.4343669098 a       861     1    12     2     1
     -0.1350988301 a       862     1    12     2     2
     -0.2832681897 a       863     1    12     2     3
     -0.4214098603 a       864     1    12     2     4
      0.2682893041 a       865     1    12     2     5
      0.4171576345 a       866     1    12     2     6
      0.3746985227 a       867     1    12     2     7
      0.1906281855 a       868     1    12     2     8
      0.4696294470 a       869     1    12     2     9
      0.1053419561 a       870     1    12     2    10
     -0.2815224076 a       871     1    12     2    11
     -0.5176006678 a       872     1    12     2    12
     -0.3268605211 a       873     1    12     2    13
      0.4971969201 a       874     1    12     2    14
     -0.4096374208 a       875     1    12     2    15
     -0.3869874121 a       876     1    12     2    16
     -0.5283821230 a       877     1    12     2    17
      0.3786193482 a       878     1    12     2    18
      0.0894694541 a       879     1    12     2    19
     -0.0737427134 a       880     1    12     2    20
     -0.4212964080 a       881     1    13     2     1
     -0.1802317299 a       882     1    13     2     2
     -0.4179094142 a       883     1    13     2     3
      0.5605797043 a       884     1    13     2     4
      0.7288404809 a       885     1    13     2     5
     -0.4991612274 a       886     1    13     2     6
     -0.1301648610 a       887     1    13     2     7
     -0.6074181048 a       888     1    13     2     8
     -0.5168198623 a       889     1    13     2     9
      0.4197908708 a       890     1    13     2    10
      0.2413055276 a       891     1    13     2    11
     -0.0080897050 a       892     1    13     2    12
     -0.4019213358 a       893     1    13     2    13
      0.1236574672 a       894     1    13     2    14
     -0.4969129906 a       895     1    13     2    15
      0.5066591366 a       896     1    13     2    16
     -0.2134265747 a       897     1    13     2    17
     -0.4443244944 a       898     1    13     2    18
     -0.1796239768 a       899     1    13     2    19
     -0.4420235699 a       900     1    13     2    20
     -0.3669529540 a       901     1    14     2     1
     -0.0955460064 a       902     1    14     2     2
      0.4258515992 a       903     1    14     2     3
     -0.3563551484 a       904     1    14     2     4
      0.1799523306 a       905     1    14     2     5
     -0.2828738025 a       906     1    14     2     6
     -0.0357860872 a       907     1    14     2     7
     -0.3111698780 a       908     1    14     2     8
     -0.2588468801 a       909     1    14     2     9
      0.5004706227 a       910     1    14     2    10
      0.1037250362 a       911     1    14     2    11
     -0.0564524747 a       912     1    14     2    12
     -0.0188255977 a       913     1    14     2    13
     -0.3186990559 a       914     1    14     2    14
      0.4779497264 a       915     1    14     2    15
     -0.2619445245 a       916     1    14     2    16
     -0.2089009912 a       917     1    14     2    17
      0.1650677383 a       918     1    14     2    18
      0.2061716793 a       919     1    14     2    19
     -0.5227280903 a       920     1    14     2    20
      0.2133513452 a       921     1    15     2     1
     -0.2455812721 a       922     1    15     2     2
      0.4708213555 a       923     1    15     2     3
     -0.3694105117 a       924     1    15     2     4
     -0.4895637069 a       925     1    15     2     5
      0.2550049057 a       926     1    15     2     6
      0.4625807897 a       927     1    15     2     7
     -0.7055225948 a       928     1    15     2     8
      0.4244863494 a       929     1    15     2     9
      0.0589587484 a       930     1    15     2    10
     -0.1112277009 a       931     1    15     2    11
     -0.0295202057 a       932     1    15     2    12
     -0.4965693907 a       933     1    15     2    13
     -0.2929946514 a       934     1    15     2    14
      0.0442491006 a       935     1    15     2    15
     -0.5574824818 a       936     1    15     2    16
      0.6189124179 a       937     1    15     2    17
      0.3021826112 a       938     1    15     2    18
     -0.1185015019 a       939     1    15     2    19
     -0.0985420803 a       940     1    15     2    20
     -0.3762298554 a       941     1    16     2     1
     -0.4477753627 a       942     1    16     2     2
      0.0915171171 a       943     1    16     2     3
     -0.5167330148 a       944     1    16     2     4
     -0.0686254673 a       945     1    16     2     5
      0.4288762066 a       946     1    16     2     6
      0.5508250130 a       947     1    16     2     7
     -0.2341383790 a       948     1    16     2     8
      0.3913390076 a       949     1    16     2     9
     -0.0483213225 a       950     1    16     2    10
     -0.2403280804 a       951     1    16     2    11
      0.1305700898 a       952     1    16     2    12
      0.3036386983 a       953     1    16     2    13
      0.3765950845 a       954     1    16     2    14
     -0.2489138408 a       955     1    16     2    15
      0.4483920368 a       956     1    16     2    16
      0.4233895047 a       957     1    16     2    17
      0.0172901739 a       958     1    16     2    18
      0.1380952460 a       959     1    16     2    19
     -0.3928889518 a       960     1    16     2    20
      0.1522219719 a       961     1    17     2     1
     -0.5367723468 a       962     1    17     2     2
     -0.4334418474 a       963     1    17     2     3
      0.2535176325 a       964     1    17     2     4
      0.5838379039 a       965     1    17     2     5
      0.5069560541 a       966     1    17     2     6
      0.3133928526 a       967     1    17     2     7
     -0.0809400914 a       968     1    17     2     8
     -0.0691509852 a       969     1    17     2     9
     -0.5964386144 a       970     1    17     2    10
     -0.1441172637 a       971     1    17     2    11
     -0.1126024070 a       972     1    17     2    12
      0.0077982483 a       973     1    17     2    13
      0.4522125681 a       974     1    17     2    14
     -0.6174346129 a       975     1    17     2    15
      0.5441545220 a       976     1    17     2    16
     -0.4218098639 a       977     1    17     2    17
     -0.3047480236 a       978     1    17     2    18
      0.3408225419 a       979     1    17     2    19
     -0.4563583522 a       980     1    17     2    20
     -0.1590732087 a       981     1    18     2     1
      0.2890330838 a       982     1    18     2     2
      0.0274685739 a       983     1    18     2     3
     -0.1876347751 a       984     1    18     2     4
      0.0723811515 a       985     1    18     2     5
     -0.3619940507 a       986     1    18     2     6
      0.2164930145 a       987     1    18     2     7
     -0.2628667661 a       988     1    18     2     8
     -0.5548430872 a       989     1    18     2     9
     -0.2061198699 a       990     1    18     2    10
      0.3661520295 a       991     1    18     2    11
     -0.4252429987 a       992     1    18     2    12
      0.2603486205 a       993     1    18     2    13
      0.2147750891 a       994     1    18     2    14
      0.5379020908 a       995     1    18     2    15
     -0.2777824245 a       996     1    18     2    16
     -0.2856470611 a       997     1    18     2    17
     -0.6875186120 a       998     1    18     2    18
      0.2519009340 a       999     1    18     2    19
      0.3627339547 a      1000     1    18     2    20
      0.4165530543 a      1001     1    19     2     1
      0.0781770541 a      1002     1    19     2     2
     -0.0765363219 a      1003     1    19     2     3
      0.5216838248 a      1004     1    19     2     4
     -0.1405425317 a      1005     1    19     2     5
     -0.0135222305 a      1006     1    19     2     6
      0.0980739031 a      1007     1    19     2     7
     -0.4348078411 a      1008     1    19     2     8
     -0.3541887497 a      1009     1    19     2     9
      0.2513815142 a      1010     1    19     2    10
     -0.4838335129 a      1011     1    19     2    11
     -0.5486442002 a      1012     1    19     2    12
     -0.4856970721 a      1013     1    19     2    13
      0.5741720876 a      1014     1    19     2    14
     -0.3315180832 a      1015     1    19     2    15
     -0.0642665520 a      1016     1    19     2    16
     -0.3656132232 a      1017     1    19     2    17
      0.4391913411 a      1018     1    19     2    18
     -0.5403394179 a      1019     1    19     2    19
     -0.0239605076 a      1020     1    19     2    20
      0.4831888778 a      1021     1    20     2     1
      0.4364082854 a      1022     1    20     2     2
      0.2643223838 a      1023     1    20     2     3
      0.4338363579 a      1024     1    20     2     4
      0.2731222374 a      1025     1    20     2     5
     -0.2970166061 a      1026     1    20     2     6
      0.3688534803 a      1027     1    20     2     7
      0.7045134428 a      1028     1    20     2     8
     -0.5311744945 a      1029     1    20     2     9
     -0.0376309769 a      1030     1    20     2    10
     -0.2308753990 a      1031     1    20     2    11
      0.2670375543 a      1032     1    20     2    12
      0.5233493973 a      1033     1    20     2    13
     -0.4833717984 a      1034     1    20     2    14
      0.2250707989 a      1035     1    20     2    15
      0.2245625555 a      1036     1    20     2    16
     -0.6085510993 a      1037     1    20     2    17
     -0.5950109755 a      1038     1    20     2    18
     -0.3919416634 a      1039     1    20     2    19
     -0.5242236857 a      1040     1    20     2    20
      1.0890052784 b      1041     2     1
      1.2270543828 b      1042     2     2
     -1.5000984676 b      1043     2     3
      0.9237804887 b      1044     2     4
     -1.6210193113 b      1045     2     5
      1.2370665129 b      1046     2     6
     -1.2726597518 b      1047     2     7
      1.5364367660 b      1048     2     8
     -0.8475837264 b      1049     2     9
      1.4974867552 b      1050     2    10
      0.3051936798 b      1051     2    11
      1.2171037102 b      1052     2    12
      0.3585399669 b      1053     2    13
     -0.7026013474 b      1054     2    14
     -1.6129565345 b      1055     2    15
      0.4330243599 b      1056     2    16
     -0.8504065390 b      1057     2    17
      0.3450261706 b      1058     2    18
      1.4829684924 b      1059     2    19
      0.6185642813 b      1060     2    20
      0.0006446047 a      1061     2     1     3     1
      0.0051224314 a      1062     2     2     3     1
     -0.0010054777 a      1063     2     3     3     1
     -0.0002278313 a      1064     2     4     3     1
     -0.0014897179 a      1065     2     5     3     1
     -0.0017997624 a      1066     2     6     3     1
      0.0000638756 a      1067     2     7     3     1
     -0.0035670816 a      1068     2     8     3     1
      0.0037895313 a      1069     2     9     3     1
      0.0045107389 a      1070     2    10     3     1
      0.0006331041 a      1071     2    11     3     1
     -0.0071525839 a      1072     2    12     3     1
      0.0011422637 a      1073     2    13     3     1
      0.0007335585 a      1074     2    14     3     1
     -0.0030041536 a      1075     2    15     3     1
      0.0007062138 a      1076     2    16     3     1
      0.0019180153 a      1077     2    17     3     1
     -0.0079017478 a      1078     2    18     3     1
     -0.0002109061 a      1079     2    19     3     1
      0.0008484576 a      1080     2    20     3     1
     19.6516300939 b      1081     3     1
