     -0.0792389948 a         1     0     1     1     1
      0.1301740999 a         2     0     1     1     2
      0.1882288516 a         3     0     1     1     3
      0.2193880950 a         4     0     1     1     4
      0.1097035267 a         5     0     1     1     5
     -0.2894243694 a         6     0     1     1     6
     -0.1690091275 a         7     0     1     1     7
      0.4254409661 a         8     0     1     1     8
      0.3805999281 a         9     0     1     1     9
     -0.3450708164 a        10     0     1     1    10
     -0.2041147106 a        11     0     1     1    11
     -0.0343724671 a        12     0     1     1    12
     -0.2409468384 a        13     0     1     1    13
     -0.1094166396 a        14     0     1     1    14
     -0.4379071900 a        15     0     1     1    15
     -0.0045531145 a        16     0     1     1    16
      0.3876750035 a        17     0     1     1    17
      0.0961911139 a        18     0     1     1    18
      0.1351236723 a        19     0     1     1    19
      0.0049561268 a        20     0     1     1    20
      0.3479815617 a        21     0     2     1     1
     -0.3850755459 a        22     0     2     1     2
     -0.0966197277 a        23     0     2     1     3
      0.2891307980 a        24     0     2     1     4
      0.3204471644 a        25     0     2     1     5
     -0.3734931264 a        26     0     2     1     6
     -0.1206487463 a        27     0     2     1     7
      0.4039652983 a        28     0     2     1     8
      0.3987898364 a        29     0     2     1     9
     -0.2838797354 a        30     0     2     1    10
      0.2985629849 a        31     0     2     1    11
     -0.1942590805 a        32     0     2     1    12
     -0.1550372887 a        33     0     2     1    13
      0.0303646685 a        34     0     2     1    14
     -0.3009164819 a        35     0     2     1    15
     -0.2883269337 a        36     0     2     1    16
      0.2663205805 a        37     0     2     1    17
     -0.4187011376 a        38     0     2     1    18
      0.2633117529 a        39     0     2     1    19
      0.1818713818 a        40     0     2     1    20
     -0.2345692130 a        41     0     3     1     1
      0.1503684718 a        42     0     3     1     2
     -0.1033119487 a        43     0     3     1     3
     -0.2448585686 a        44     0     3     1     4
      0.4241551014 a        45     0     3     1     5
     -0.3348479781 a        46     0     3     1     6
      0.3362094437 a        47     0     3     1     7
     -0.4364036808 a        48     0     3     1     8
      0.4380123620 a        49     0     3     1     9
     -0.1188970604 a        50     0     3     1    10
      0.1493177339 a        51     0     3     1    11
      0.2662755607 a        52     0     3     1    12
      0.0562120587 a        53     0     3     1    13
     -0.1839574443 a        54     0     3     1    14
     -0.3500606462 a        55     0     3     1    15
     -0.0971133564 a        56     0     3     1    16
      0.2558991482 a        57     0     3     1    17
     -0.0718256999 a        58     0     3     1    18
      0.3298022091 a        59     0     3     1    19
      0.0040264273 a        60     0     3     1    20
     -0.1361604703 a        61     0     4     1     1
      0.4296392158 a        62     0     4     1     2
      0.3380059167 a        63     0     4     1     3
     -0.0554802752 a        64     0     4     1     4
     -0.4436547630 a        65     0     4     1     5
      0.0883832969 a        66     0     4     1     6
     -0.2607745970 a        67     0     4     1     7
      0.4037435086 a        68     0     4     1     8
     -0.1098596516 a        69     0     4     1     9
     -0.0455536159 a        70     0     4     1    10
      0.4195070061 a        71     0     4     1    11
      0.4774200285 a        72     0     4     1    12
     -0.3550560465 a        73     0     4     1    13
      0.1519779549 a        74     0     4     1    14
      0.2551940784 a        75     0     4     1    15
     -0.1115468666 a        76     0     4     1    16
      0.2651803130 a        77     0     4     1    17
      0.0995610213 a        78     0     4     1    18
     -0.0538617751 a        79     0     4     1    19
      0.3696902555 a        80     0     4     1    20
      0.1218359714 a        81     0     5     1     1
     -0.0544292634 a        82     0     5     1     2
      0.0609237012 a        83     0     5     1     3
      0.2690697234 a        84     0     5     1     4
      0.0085927527 a        85     0     5     1     5
      0.0183944393 a        86     0     5     1     6
      0.0951475692 a        87     0     5     1     7
     -0.1046666016 a        88     0     5     1     8
     -0.1319439937 a        89     0     5     1     9
     -0.3570780116 a        90     0     5     1    10
     -0.1598503686 a        91     0     5     1    11
      0.2919384780 a        92     0     5     1    12
      0.2528588307 a        93     0     5     1    13
      0.4777927627 a        94     0     5     1    14
      0.2234591643 a        95     0     5     1    15
     -0.0934609314 a        96     0     5     1    16
     -0.1506469412 a        97     0     5     1    17
     -0.1717826110 a        98     0     5     1    18
      0.3312379427 a        99     0     5     1    19
      0.3375484864 a       100     0     5     1    20
     -0.0476583566 a       101     0     6     1     1
      0.1400660486 a       102     0     6     1     2
     -0.2606904087 a       103     0     6     1     3
      0.0857442786 a       104     0     6     1     4
      0.0993784801 a       105     0     6     1     5
      0.1807212271 a       106     0     6     1     6
      0.0293165327 a       107     0     6     1     7
      0.3711416768 a       108     0     6     1     8
      0.1929379246 a       109     0     6     1     9
     -0.3629075837 a       110     0     6     1    10
      0.1335017944 a       111     0     6     1    11
     -0.2991443796 a       112     0     6     1    12
     -0.0246142301 a       113     0     6     1    13
      0.4252930722 a       114     0     6     1    14
     -0.3030386686 a       115     0     6     1    15
     -0.2815593514 a       116     0     6     1    16
     -0.1368581116 a       117     0     6     1    17
     -0.3008219080 a       118     0     6     1    18
     -0.3919245191 a       119     0     6     1    19
     -0.3632080513 a       120     0     6     1    20
      0.2286067365 a       121     0     7     1     1
      0.1896151493 a       122     0     7     1     2
      0.1426038876 a       123     0     7     1     3
     -0.2768736706 a       124     0     7     1     4
     -0.0364686329 a       125     0     7     1     5
      0.0844109271 a       126     0     7     1     6
      0.1950803927 a       127     0     7     1     7
     -0.2858526269 a       128     0     7     1     8
      0.4147958255 a       129     0     7     1     9
     -0.3200810446 a       130     0     7     1    10
     -0.2875443453 a       131     0     7     1    11
     -0.3389035643 a       132     0     7     1    12
     -0.2355046046 a       133     0     7     1    13
     -0.2635302508 a       134     0     7     1    14
      0.2438576313 a       135     0     7     1    15
      0.4694663075 a       136     0     7     1    16
      0.3502878814 a       137     0     7     1    17
      0.3215555442 a       138     0     7     1    18
     -0.3467165137 a       139     0     7     1    19
     -0.3499591395 a       140     0     7     1    20
     -0.1643725260 a       141     0     8     1     1
      0.1982536328 a       142     0     8     1     2
     -0.0826859713 a       143     0     8     1     3
      0.3281510298 a       144     0     8     1     4
      0.0723433900 a       145     0     8     1     5
     -0.4303135218 a       146     0     8     1     6
     -0.4392405840 a       147     0     8     1     7
     -0.2539534783 a       148     0     8     1     8
     -0.1349261088 a       149     0     8     1     9
     -0.3212554696 a       150     0     8     1    10
     -0.1438131735 a       151     0     8     1    11
     -0.3481609576 a       152     0     8     1    12
     -0.0777943512 a       153     0     8     1    13
      0.4440561728 a       154     0     8     1    14
     -0.4442944776 a       155     0     8     1    15
      0.2795482392 a       156     0     8     1    16
     -0.0371107448 a       157     0     8     1    17
     -0.0327342759 a       158     0     8     1    18
      0.2522615411 a       159     0     8     1    19
      0.0970220531 a       160     0     8     1    20
      0.3100280670 a       161     0     9     1     1
     -0.2552524577 a       162     0     9     1     2
     -0.3649884679 a       163     0     9     1     3
     -0.3022680847 a       164     0     9     1     4
      0.2139062065 a       165     0     9     1     5
     -0.4354709486 a       166     0     9     1     6
     -0.2793950912 a       167     0     9     1     7
     -0.3137423242 a       168     0     9     1     8
      0.0411350531 a       169     0     9     1     9
      0.2062956552 a       170     0     9     1    10
      0.1532131926 a       171     0     9     1    11
     -0.3566893934 a       172     0     9     1    12
     -0.2663316897 a       173     0     9     1    13
      0.2166772082 a       174     0     9     1    14
      0.3374591163 a       175     0     9     1    15
     -0.2438804527 a       176     0     9     1    16
      0.4000194028 a       177     0     9     1    17
     -0.4256493588 a       178     0     9     1    18
     -0.4259603951 a       179     0     9     1    19
      0.0773327384 a       180     0     9     1    20
     -0.4067840862 a       181     0    10     1     1
     -0.4342750142 a       182     0    10     1     2
      0.2790107985 a       183     0    10     1     3
     -0.3835416659 a       184     0    10     1     4
     -0.2278857733 a       185     0    10     1     5
      0.3034245279 a       186     0    10     1     6
     -0.1294164024 a       187     0    10     1     7
      0.1236993767 a       188     0    10     1     8
      0.0306388636 a       189     0    10     1     9
     -0.0271057714 a       190     0    10     1    10
     -0.3310508529 a       191     0    10     1    11
     -0.4174513178 a       192     0    10     1    12
      0.2682701986 a       193     0    10     1    13
     -0.2037215216 a       194     0    10     1    14
      0.3353007002 a       195     0    10     1    15
      0.4447750427 a       196     0    10     1    16
     -0.2082313947 a       197     0    10     1    17
     -0.4207788638 a       198     0    10     1    18
     -0.3623022275 a       199     0    10     1    19
      0.1900864580 a       200     0    10     1    20
     -0.3616694342 a       201     0    11     1     1
     -0.0654501191 a       202     0    11     1     2
     -0.3149193376 a       203     0    11     1     3
     -0.1158768507 a       204     0    11     1     4
      0.2946231894 a       205     0    11     1     5
     -0.1512284826 a       206     0    11     1     6
     -0.3146810407 a       207     0    11     1     7
      0.1524951144 a       208     0    11     1     8
     -0.1164096194 a       209     0    11     1     9
      0.3569795636 a       210     0    11     1    10
     -0.3357641521 a       211     0    11     1    11
      0.2770291461 a       212     0    11     1    12
      0.0986163973 a       213     0    11     1    13
     -0.1459000310 a       214     0    11     1    14
     -0.2294324425 a       215     0    11     1    15
     -0.1456593901 a       216     0    11     1    16
     -0.4259254344 a       217     0    11     1    17
     -0.4611719245 a       218     0    11     1    18
     -0.4055558817 a       219     0    11     1    19
      0.2749805323 a       220     0    11     1    20
     -0.1942596837 a       221     0    12     1     1
      0.4489382391 a       222     0    12     1     2
     -0.3058784102 a       223     0    12     1     3
     -0.3649717482 a       224     0    12     1     4
     -0.1126747957 a       225     0    12     1     5
      0.3407583865 a       226     0    12     1     6
     -0.0129555684 a       227     0    12     1     7
     -0.4479267582 a       228     0    12     1     8
      0.3278261488 a       229     0    12     1     9
     -0.0406442307 a       230     0    12     1    10
      0.3674867635 a       231     0    12     1    11
      0.1863608771 a       232     0    12     1    12
     -0.1533767184 a       233     0    12     1    13
     -0.4817642910 a       234     0    12     1    14
      0.3549201947 a       235     0    12     1    15
     -0.0832110740 a       236     0    12     1    16
     -0.1974205706 a       237     0    12     1    17
      0.0640304588 a       238     0    12     1    18
     -0.1647859773 a       239     0    12     1    19
      0.4364122805 a       240     0    12     1    20
     -0.1714560994 a       241     0    13     1     1
      0.4032259100 a       242     0    13     1     2
      0.3746810619 a       243     0    13     1     3
     -0.3045908032 a       244     0    13     1     4
      0.4427812466 a       245     0    13     1     5
      0.2676213985 a       246     0    13     1     6
      0.4755253114 a       247     0    13     1     7
      0.2430177331 a       248     0    13     1     8
      0.1197458624 a       249     0    13     1     9
      0.1260042645 a       250     0    13     1    10
      0.2118871533 a       251     0    13     1    11
     -0.3861875732 a       252     0    13     1    12
     -0.2731643370 a       253     0    13     1    13
     -0.2732884277 a       254     0    13     1    14
     -0.0348894290 a       255     0    13     1    15
      0.3576059965 a       256     0    13     1    16
      0.2148821051 a       257     0    13     1    17
     -0.4635412299 a       258     0    13     1    18
     -0.1363002638 a       259     0    13     1    19
      0.4122588839 a       260     0    13     1    20
      0.4611068726 a       261     0    14     1     1
      0.1390658619 a       262     0    14     1     2
      0.1014886685 a       263     0    14     1     3
     -0.0482815246 a       264     0    14     1     4
      0.2777018445 a       265     0    14     1     5
     -0.2774369434 a       266     0    14     1     6
     -0.1809458603 a       267     0    14     1     7
     -0.1913056319 a       268     0    14     1     8
     -0.3301909341 a       269     0    14     1     9
      0.3641289185 a       270     0    14     1    10
      0.3310222634 a       271     0    14     1    11
     -0.2348335093 a       272     0    14     1    12
     -0.1099901786 a       273     0    14     1    13
     -0.1333366009 a       274     0    14     1    14
     -0.1175746044 a       275     0    14     1    15
     -0.4793076469 a       276     0    14     1    16
     -0.1935301370 a       277     0    14     1    17
     -0.2621197524 a       278     0    14     1    18
     -0.3588931852 a       279     0    14     1    19
      0.2795628057 a       280     0    14     1    20
      0.4652875007 a       281     0    15     1     1
     -0.2618845948 a       282     0    15     1     2
     -0.2669577621 a       283     0    15     1     3
      0.4361723968 a       284     0    15     1     4
     -0.3701404780 a       285     0    15     1     5
     -0.3788279643 a       286     0    15     1     6
     -0.4595952455 a       287     0    15     1     7
     -0.0632277308 a       288     0    15     1     8
      0.3140023505 a       289     0    15     1     9
      0.4048253615 a       290     0    15     1    10
      0.2463782207 a       291     0    15     1    11
      0.2402681880 a       292     0    15     1    12
      0.2884173738 a       293     0    15     1    13
     -0.0775880799 a       294     0    15     1    14
     -0.4611520368 a       295     0    15     1    15
     -0.2281668285 a       296     0    15     1    16
     -0.2210617504 a       297     0    15     1    17
      0.1368135721 a       298     0    15     1    18
     -0.1303810057 a       299     0    15     1    19
     -0.2585109377 a       300     0    15     1    20
     -0.1324947885 a       301     0    16     1     1
      0.3282657812 a       302     0    16     1     2
     -0.2590452597 a       303     0    16     1     3
     -0.4578959515 a       304     0    16     1     4
     -0.0354012651 a       305     0    16     1     5
      0.3077586518 a       306     0    16     1     6
      0.4323966403 a       307     0    16     1     7
     -0.2278939990 a       308     0    16     1     8
     -0.3159537176 a       309     0    16     1     9
     -0.3488149872 a       310     0    16     1    10
      0.3205707341 a       311     0    16     1    11
     -0.0886305756 a       312     0    16     1    12
     -0.5216353649 a       313     0    16     1    13
     -0.0349685749 a       314     0    16     1    14
      0.2929745510 a       315     0    16     1    15
     -0.2901638079 a       316     0    16     1    16
     -0.3578868983 a       317     0    16     1    17
     -0.2205740878 a       318     0    16     1    18
     -0.3957168183 a       319     0    16     1    19
     -0.1258442101 a       320     0    16     1    20
     -0.3743441877 a       321     0    17     1     1
     -0.1508278616 a       322     0    17     1     2
     -0.3008945691 a       323     0    17     1     3
      0.3434543963 a       324     0    17     1     4
     -0.2289229728 a       325     0    17     1     5
      0.3393362037 a       326     0    17     1     6
     -0.3394019956 a       327     0    17     1     7
      0.0644822714 a       328     0    17     1     8
      0.2101337102 a       329     0    17     1     9
      0.3717363322 a       330     0    17     1    10
     -0.3702330652 a       331     0    17     1    11
     -0.1106634360 a       332     0    17     1    12
     -0.3351260410 a       333     0    17     1    13
      0.1117630295 a       334     0    17     1    14
     -0.2956776455 a       335     0    17     1    15
     -0.0012400507 a       336     0    17     1    16
      0.3688491086 a       337     0    17     1    17
     -0.0501569980 a       338     0    17     1    18
      0.1012473002 a       339     0    17     1    19
      0.3710475254 a       340     0    17     1    20
     -0.2026809486 a       341     0    18     1     1
      0.2021333698 a       342     0    18     1     2
     -0.3770917419 a       343     0    18     1     3
     -0.3586654361 a       344     0    18     1     4
     -0.4417006967 a       345     0    18     1     5
      0.2088508437 a       346     0    18     1     6
      0.0050671112 a       347     0    18     1     7
      0.4612912646 a       348     0    18     1     8
      0.3568385722 a       349     0    18     1     9
      0.0978134571 a       350     0    18     1    10
      0.2518258934 a       351     0    18     1    11
     -0.4206133717 a       352     0    18     1    12
      0.3328106973 a       353     0    18     1    13
     -0.0762561298 a       354     0    18     1    14
      0.3797953159 a       355     0    18     1    15
      0.3976011980 a       356     0    18     1    16
      0.4456326750 a       357     0    18     1    17
      0.1202156346 a       358     0    18     1    18
      0.2490517640 a       359     0    18     1    19
      0.2277191305 a       360     0    18     1    20
     -0.2698047316 a       361     0    19     1     1
      0.1266195288 a       362     0    19     1     2
     -0.4279210357 a       363     0    19     1     3
     -0.3459580823 a       364     0    19     1     4
     -0.2404124604 a       365     0    19     1     5
      0.0349538998 a       366     0    19     1     6
      0.0757660092 a       367     0    19     1     7
     -0.3637680507 a       368     0    19     1     8
      0.1652331213 a       369     0    19     1     9
      0.4035367013 a       370     0    19     1    10
     -0.4094277034 a       371     0    19     1    11
     -0.3060358198 a       372     0    19     1    12
     -0.0517735554 a       373     0    19     1    13
      0.0206558597 a       374     0    19     1    14
     -0.2005961418 a       375     0    19     1    15
     -0.3135150590 a       376     0    19     1    16
      0.4185861842 a       377     0    19     1    17
     -0.2630299252 a       378     0    19     1    18
     -0.0444431585 a       379     0    19     1    19
      0.1613020277 a       380     0    19     1    20
     -0.3748935624 a       381     0    20     1     1
      0.4019700574 a       382     0    20     1     2
      0.1930603953 a       383     0    20     1     3
      0.2063872910 a       384     0    20     1     4
     -0.1028420543 a       385     0    20     1     5
     -0.2565540824 a       386     0    20     1     6
     -0.0080531953 a       387     0    20     1     7
      0.1919551882 a       388     0    20     1     8
      0.2811227210 a       389     0    20     1     9
     -0.2187219976 a       390     0    20     1    10
     -0.1624717329 a       391     0    20     1    11
     -0.0840847784 a       392     0    20     1    12
      0.0055296998 a       393     0    20     1    13
      0.3271227245 a       394     0    20     1    14
     -0.2566852634 a       395     0    20     1    15
     -0.2409594542 a       396     0    20     1    16
      0.2624764917 a       397     0    20     1    17
      0.1787565015 a       398     0    20     1    18
     -0.3416803641 a       399     0    20     1    19
      0.3329157209 a       400     0    20     1    20
      0.1600338173 a       401     0    21     1     1
     -0.1322679937 a       402     0    21     1     2
     -0.3027966521 a       403     0    21     1     3
     -0.0351683941 a       404     0    21     1     4
     -0.1349313544 a       405     0    21     1     5
     -0.3823729535 a       406     0    21     1     6
      0.1394041395 a       407     0    21     1     7
     -0.2684058430 a       408     0    21     1     8
     -0.2655410729 a       409     0    21     1     9
     -0.1679505651 a       410     0    21     1    10
      0.3464853100 a       411     0    21     1    11
      0.0786513646 a       412     0    21     1    12
      0.3430879011 a       413     0    21     1    13
      0.1634660901 a       414     0    21     1    14
     -0.1261161323 a       415     0    21     1    15
     -0.0306896651 a       416     0    21     1    16
      0.1940938468 a       417     0    21     1    17
     -0.2138948644 a       418     0    21     1    18
     -0.0262534751 a       419     0    21     1    19
     -0.1304853584 a       420     0    21     1    20
      0.3973745743 a       421     0    22     1     1
      0.1293574888 a       422     0    22     1     2
     -0.1755050898 a       423     0    22     1     3
      0.0221532029 a       424     0    22     1     4
     -0.3475877340 a       425     0    22     1     5
      0.1004320222 a       426     0    22     1     6
      0.3894689432 a       427     0    22     1     7
      0.0577712760 a       428     0    22     1     8
      0.2688405855 a       429     0    22     1     9
      0.0570717002 a       430     0    22     1    10
      0.2225334966 a       431     0    22     1    11
      0.2939503819 a       432     0    22     1    12
      0.0877274066 a       433     0    22     1    13
      0.1458907641 a       434     0    22     1    14
     -0.2014004325 a       435     0    22     1    15
     -0.4069972832 a       436     0    22     1    16
     -0.1357882114 a       437     0    22     1    17
      0.2162047479 a       438     0    22     1    18
     -0.0483764577 a       439     0    22     1    19
     -0.4168217423 a       440     0    22     1    20
     -0.1734409256 a       441     0    23     1     1
      0.0553975261 a       442     0    23     1     2
     -0.3456371488 a       443     0    23     1     3
     -0.1416782943 a       444     0    23     1     4
     -0.4391001454 a       445     0    23     1     5
      0.4474476612 a       446     0    23     1     6
     -0.2325466808 a       447     0    23     1     7
      0.0238830746 a       448     0    23     1     8
     -0.0723872592 a       449     0    23     1     9
     -0.3281144558 a       450     0    23     1    10
     -0.2998051464 a       451     0    23     1    11
      0.0963421473 a       452     0    23     1    12
     -0.5479946916 a       453     0    23     1    13
     -0.2243291856 a       454     0    23     1    14
      0.0945820315 a       455     0    23     1    15
     -0.1692583963 a       456     0    23     1    16
     -0.2451049856 a       457     0    23     1    17
     -0.3768393014 a       458     0    23     1    18
     -0.3246225478 a       459     0    23     1    19
     -0.1563285847 a       460     0    23     1    20
      0.5260078611 a       461     0    24     1     1
     -0.1363032861 a       462     0    24     1     2
     -0.3380991615 a       463     0    24     1     3
      0.2890257696 a       464     0    24     1     4
     -0.3946304533 a       465     0    24     1     5
     -0.0496324837 a       466     0    24     1     6
     -0.3975311692 a       467     0    24     1     7
     -0.1536156666 a       468     0    24     1     8
     -0.1815155681 a       469     0    24     1     9
     -0.2179151791 a       470     0    24     1    10
     -0.1315694049 a       471     0    24     1    11
     -0.3178375096 a       472     0    24     1    12
     -0.0030932003 a       473     0    24     1    13
     -0.0259129169 a       474     0    24     1    14
      0.1409266094 a       475     0    24     1    15
     -0.4211396336 a       476     0    24     1    16
     -0.0251361989 a       477     0    24     1    17
      0.2877353563 a       478     0    24     1    18
     -0.3692974090 a       479     0    24     1    19
      0.2643603403 a       480     0    24     1    20
      0.0996867533 a       481     0    25     1     1
      0.1682592473 a       482     0    25     1     2
      0.3402334758 a       483     0    25     1     3
      0.4157133518 a       484     0    25     1     4
      0.0805816362 a       485     0    25     1     5
      0.1852975666 a       486     0    25     1     6
     -0.4156039502 a       487     0    25     1     7
      0.2185863789 a       488     0    25     1     8
     -0.2177516491 a       489     0    25     1     9
      0.0143416329 a       490     0    25     1    10
      0.1776041386 a       491     0    25     1    11
     -0.3710688048 a       492     0    25     1    12
      0.4204635541 a       493     0    25     1    13
     -0.1737478104 a       494     0    25     1    14
     -0.1942734629 a       495     0    25     1    15
     -0.2065404442 a       496     0    25     1    16
      0.3647878690 a       497     0    25     1    17
      0.3879129869 a       498     0    25     1    18
      0.0482197931 a       499     0    25     1    19
      0.3568653615 a       500     0    25     1    20
     -0.0689311281 a       501     0    26     1     1
      0.4480249651 a       502     0    26     1     2
      0.2324154856 a       503     0    26     1     3
     -0.0720714729 a       504     0    26     1     4
     -0.2059864538 a       505     0    26     1     5
      0.3048591080 a       506     0    26     1     6
      0.2015316491 a       507     0    26     1     7
     -0.3262151599 a       508     0    26     1     8
      0.3991461234 a       509     0    26     1     9
      0.2973099204 a       510     0    26     1    10
     -0.2871753255 a       511     0    26     1    11
      0.2351949661 a       512     0    26     1    12
     -0.4532335602 a       513     0    26     1    13
      0.5044477308 a       514     0    26     1    14
     -0.0482778550 a       515     0    26     1    15
     -0.3124703622 a       516     0    26     1    16
     -0.1584090614 a       517     0    26     1    17
      0.2621417257 a       518     0    26     1    18
     -0.1795627290 a       519     0    26     1    19
     -0.2166496209 a       520     0    26     1    20
      0.3580339825 a       521     0    27     1     1
      0.4208551864 a       522     0    27     1     2
      0.4169995173 a       523     0    27     1     3
      0.1778023443 a       524     0    27     1     4
      0.4428338894 a       525     0    27     1     5
      0.0740626003 a       526     0    27     1     6
      0.3712609666 a       527     0    27     1     7
     -0.4194290702 a       528     0    27     1     8
      0.1138056999 a       529     0    27     1     9
      0.3750492665 a       530     0    27     1    10
      0.3906469012 a       531     0    27     1    11
     -0.3128288975 a       532     0    27     1    12
      0.1878228801 a       533     0    27     1    13
     -0.5174288465 a       534     0    27     1    14
      0.1447289769 a       535     0    27     1    15
      0.0492132776 a       536     0    27     1    16
     -0.2926851873 a       537     0    27     1    17
      0.1635665516 a       538     0    27     1    18
      0.4006561654 a       539     0    27     1    19
      0.4330484109 a       540     0    27     1    20
      0.2832994565 a       541     0    28     1     1
     -0.4055307143 a       542     0    28     1     2
     -0.4370578721 a       543     0    28     1     3
     -0.4759593014 a       544     0    28     1     4
     -0.2193691423 a       545     0    28     1     5
     -0.1164204123 a       546     0    28     1     6
     -0.2199322591 a       547     0    28     1     7
      0.2240858782 a       548     0    28     1     8
     -0.2253957652 a       549     0    28     1     9
      0.3681367409 a       550     0    28     1    10
     -0.3904734268 a       551     0    28     1    11
     -0.1186791321 a       552     0    28     1    12
     -0.2349669331 a       553     0    28     1    13
     -0.4023844272 a       554     0    28     1    14
      0.0218958269 a       555     0    28     1    15
     -0.0208429557 a       556     0    28     1    16
      0.2607694351 a       557     0    28     1    17
     -0.3049965749 a       558     0    28     1    18
      0.0104289902 a       559     0    28     1    19
     -0.3418559815 a       560     0    28     1    20
     -0.1015819635 a       561     0    29     1     1
      0.1700842823 a       562     0    29     1     2
     -0.0714913081 a       563     0    29     1     3
      0.1439839340 a       564     0    29     1     4
      0.0906262943 a       565     0    29     1     5
     -0.2276893355 a       566     0    29     1     6
     -0.1213384916 a       567     0    29     1     7
     -0.0051855438 a       568     0    29     1     8
     -0.3955662124 a       569     0    29     1     9
      0.1370605145 a       570     0    29     1    10
      0.1676412546 a       571     0    29     1    11
     -0.1847297067 a       572     0    29     1    12
      0.4655045748 a       573     0    29     1    13
      0.0709902123 a       574     0    29     1    14
      0.3336114059 a       575     0    29     1    15
      0.1599893820 a       576     0    29     1    16
     -0.3215745355 a       577     0    29     1    17
      0.3688370434 a       578     0    29     1    18
     -0.4144776995 a       579     0    29     1    19
      0.2264234468 a       580     0    29     1    20
     -0.2270975505 a       581     0    30     1     1
     -0.2681217612 a       582     0    30     1     2
     -0.2250987655 a       583     0    30     1     3
      0.1706609008 a       584     0    30     1     4
     -0.3736202733 a       585     0    30     1     5
      0.1485646219 a       586     0    30     1     6
      0.1578471817 a       587     0    30     1     7
      0.1685949215 a       588     0    30     1     8
     -0.3334836972 a       589     0    30     1     9
     -0.1247019459 a       590     0    30     1    10
      0.2877142425 a       591     0    30     1    11
      0.0850314649 a       592     0    30     1    12
      0.2448667371 a       593     0    30     1    13
      0.2829753804 a       594     0    30     1    14
      0.2592699903 a       595     0    30     1    15
     -0.4662280542 a       596     0    30     1    16
      0.2123015129 a       597     0    30     1    17
      0.2257014011 a       598     0    30     1    18
      0.2151925580 a       599     0    30     1    19
      0.2062368223 a       600     0    30     1    20
      0.0664114833 a       601     0    31     1     1
      0.3477130884 a       602     0    31     1     2
     -0.1231078450 a       603     0    31     1     3
      0.1950896211 a       604     0    31     1     4
      0.1426501274 a       605     0    31     1     5
     -0.4462652172 a       606     0    31     1     6
     -0.3446968981 a       607     0    31     1     7
     -0.0420037707 a       608     0    31     1     8
     -0.4281272928 a       609     0    31     1     9
     -0.3844798258 a       610     0    31     1    10
      0.0483489063 a       611     0    31     1    11
      0.3324028948 a       612     0    31     1    12
      0.1409391920 a       613     0    31     1    13
      0.4055288642 a       614     0    31     1    14
     -0.3540351933 a       615     0    31     1    15
      0.1830228282 a       616     0    31     1    16
      0.1237007041 a       617     0    31     1    17
     -0.2658970892 a       618     0    31     1    18
      0.2380846977 a       619     0    31     1    19
     -0.1068382306 a       620     0    31     1    20
      1.3654078052 b       621     1     1
      0.5417423403 b       622     1     2
      0.7744766469 b       623     1     3
     -0.4286252281 b       624     1     4
      0.5597809263 b       625     1     5
      1.4204668347 b       626     1     6
      1.4581772956 b       627     1     7
     -0.4226459261 b       628     1     8
     -0.7093720632 b       629     1     9
     -0.6003200015 b       630     1    10
      0.9398112372 b       631     1    11
     -0.5632793105 b       632     1    12
      0.3182334218 b       633     1    13
     -0.8831294470 b       634     1    14
      1.0760710856 b       635     1    15
      1.1704964425 b       636     1    16
     -0.5679223352 b       637     1    17
     -0.0299821019 b       638     1    18
      1.2876487094 b       639     1    19
     -0.8152354832 b       640     1    20
      0.0979091897 a       641     1     1     2     1
     -0.3064102554 a       642     1     1     2     2
     -0.5353508613 a       643     1     1     2     3
     -0.2047076760 a       644     1     1     2     4
      0.1117749314 a       645     1     1     2     5
     -0.5286732351 a       646     1     1     2     6
     -0.3427511450 a       647     1     1     2     7
      0.1644738917 a       648     1     1     2     8
      0.0367366663 a       649     1     1     2     9
      0.1565255780 a       650     1     1     2    10
     -0.4240556565 a       651     1     1     2    11
     -0.6112577220 a       652     1     1     2    12
      0.0657227402 a       653     1     1     2    13
     -0.3803527463 a       654     1     1     2    14
      0.3313450484 a       655     1     1     2    15
      0.3163098286 a       656     1     1     2    16
      0.0561327232 a       657     1     1     2    17
     -0.1137409731 a       658     1     1     2    18
      0.5460496892 a       659     1     1     2    19
      0.0947075162 a       660     1     1     2    20
     -0.3246094478 a       661     1     2     2     1
      0.4765989012 a       662     1     2     2     2
      0.5366261747 a       663     1     2     2     3
      0.0880611725 a       664     1     2     2     4
     -0.6590968155 a       665     1     2     2     5
      0.0221553915 a       666     1     2     2     6
     -0.1685533273 a       667     1     2     2     7
      0.3015181867 a       668     1     2     2     8
     -0.3794472452 a       669     1     2     2     9
      0.3155396081 a       670     1     2     2    10
      0.4753796672 a       671     1     2     2    11
     -0.4513611986 a       672     1     2     2    12
      0.2652073162 a       673     1     2     2    13
      0.0946855942 a       674     1     2     2    14
      0.1739813683 a       675     1     2     2    15
     -0.2252785854 a       676     1     2     2    16
     -0.0518275358 a       677     1     2     2    17
      0.5416069364 a       678     1     2     2    18
      0.3949034574 a       679     1     2     2    19
     -0.4492582926 a       680     1     2     2    20
     -0.4246469428 a       681     1     3     2     1
     -0.2648913661 a       682     1     3     2     2
     -0.0529103011 a       683     1     3     2     3
     -0.4609714513 a       684     1     3     2     4
     -0.2015540356 a       685     1     3     2     5
     -0.3043432276 a       686     1     3     2     6
     -0.2642446784 a       687     1     3     2     7
     -0.1729781465 a       688     1     3     2     8
     -0.1110635877 a       689     1     3     2     9
      0.6329779338 a       690     1     3     2    10
      0.6580359416 a       691     1     3     2    11
      0.0615882895 a       692     1     3     2    12
      0.0531568798 a       693     1     3     2    13
     -0.3462424699 a       694     1     3     2    14
     -0.2647143891 a       695     1     3     2    15
      0.1527234354 a       696     1     3     2    16
      0.0346752566 a       697     1     3     2    17
      0.1520033441 a       698     1     3     2    18
      0.0737082573 a       699     1     3     2    19
      0.4394947488 a       700     1     3     2    20
      0.5661570075 a       701     1     4     2     1
     -0.4827097189 a       702     1     4     2     2
      0.4431064665 a       703     1     4     2     3
      0.4029496444 a       704     1     4     2     4
     -0.3581583727 a       705     1     4     2     5
      0.4029944703 a       706     1     4     2     6
     -0.5423716209 a       707     1     4     2     7
     -0.2063349425 a       708     1     4     2     8
      0.5517101263 a       709     1     4     2     9
     -0.0166516032 a       710     1     4     2    10
     -0.2404326515 a       711     1     4     2    11
      0.3913474195 a       712     1     4     2    12
      0.4949326055 a       713     1     4     2    13
     -0.0634859022 a       714     1     4     2    14
     -0.1127528050 a       715     1     4     2    15
     -0.5808250186 a       716     1     4     2    16
     -0.0803206644 a       717     1     4     2    17
     -0.5740825947 a       718     1     4     2    18
      0.5272480897 a       719     1     4     2    19
     -0.3429339732 a       720     1     4     2    20
      0.3812205220 a       721     1     5     2     1
     -0.6493332002 a       722     1     5     2     2
      0.4751073756 a       723     1     5     2     3
      0.4239017972 a       724     1     5     2     4
     -0.2531183363 a       725     1     5     2     5
     -0.3984567616 a       726     1     5     2     6
     -0.1141858076 a       727     1     5     2     7
      0.0796202122 a       728     1     5     2     8
      0.2185738528 a       729     1     5     2     9
     -0.1914519965 a       730     1     5     2    10
     -0.5384137495 a       731     1     5     2    11
      0.4903294816 a       732     1     5     2    12
     -0.4309256998 a       733     1     5     2    13
      0.4466925298 a       734     1     5     2    14
     -0.0729129131 a       735     1     5     2    15
     -0.2866842322 a       736     1     5     2    16
     -0.0962181229 a       737     1     5     2    17
      0.1609987691 a       738     1     5     2    18
     -0.5631481678 a       739     1     5     2    19
     -0.0042989663 a       740     1     5     2    20
     -0.2741513129 a       741     1     6     2     1
     -0.0402903287 a       742     1     6     2     2
     -0.4542239125 a       743     1     6     2     3
      0.3237730880 a       744     1     6     2     4
     -0.0194997834 a       745     1     6     2     5
     -0.2939536439 a       746     1     6     2     6
     -0.4457957303 a       747     1     6     2     7
     -0.1378021834 a       748     1     6     2     8
     -0.4948768880 a       749     1     6     2     9
     -0.5908201312 a       750     1     6     2    10
     -0.1980262023 a       751     1     6     2    11
      0.0495474421 a       752     1     6     2    12
      0.4245951867 a       753     1     6     2    13
     -0.1808145992 a       754     1     6     2    14
      0.0038036425 a       755     1     6     2    15
     -0.3865638809 a       756     1     6     2    16
     -0.1873526566 a       757     1     6     2    17
     -0.2204337283 a       758     1     6     2    18
      0.4602202620 a       759     1     6     2    19
      0.4927707663 a       760     1     6     2    20
      0.3401990184 a       761     1     7     2     1
     -0.4004705138 a       762     1     7     2     2
      0.3442286974 a       763     1     7     2     3
      0.0197070894 a       764     1     7     2     4
     -0.1014810124 a       765     1     7     2     5
     -0.0019878819 a       766     1     7     2     6
      0.4275091501 a       767     1     7     2     7
     -0.4016102496 a       768     1     7     2     8
     -0.1036138414 a       769     1     7     2     9
     -0.0238109802 a       770     1     7     2    10
     -0.5379891453 a       771     1     7     2    11
      0.5765368346 a       772     1     7     2    12
      0.3150186060 a       773     1     7     2    13
     -0.4661037294 a       774     1     7     2    14
     -0.4489790299 a       775     1     7     2    15
      0.3234071852 a       776     1     7     2    16
      0.7195769268 a       777     1     7     2    17
      0.1566492869 a       778     1     7     2    18
     -0.1706548288 a       779     1     7     2    19
      0.3721994174 a       780     1     7     2    20
      0.5471116615 a       781     1     8     2     1
      0.4953462645 a       782     1     8     2     2
      0.4522358841 a       783     1     8     2     3
      0.3744603393 a       784     1     8     2     4
     -0.1462984975 a       785     1     8     2     5
     -0.1118990773 a       786     1     8     2     6
      0.5698152514 a       787     1     8     2     7
      0.0598089715 a       788     1     8     2     8
     -0.4985485307 a       789     1     8     2     9
      0.6560048160 a       790     1     8     2    10
     -0.0276870379 a       791     1     8     2    11
     -0.0764563701 a       792     1     8     2    12
     -0.4960552065 a       793     1     8     2    13
      0.4944794745 a       794     1     8     2    14
      0.4213411759 a       795     1     8     2    15
      0.5364218743 a       796     1     8     2    16
     -0.3966873568 a       797     1     8     2    17
      0.3076890244 a       798     1     8     2    18
      0.0193428433 a       799     1     8     2    19
     -0.0321526036 a       800     1     8     2    20
     -0.1178185367 a       801     1     9     2     1
      0.3647365358 a       802     1     9     2     2
      0.0700596920 a       803     1     9     2     3
     -0.4127271093 a       804     1     9     2     4
      0.5650045406 a       805     1     9     2     5
      0.5012871805 a       806     1     9     2     6
     -0.5675180505 a       807     1     9     2     7
      0.5899085922 a       808     1     9     2     8
     -0.0786347938 a       809     1     9     2     9
     -0.5824937971 a       810     1     9     2    10
      0.4577990476 a       811     1     9     2    11
      0.3335325711 a       812     1     9     2    12
     -0.0587324128 a       813     1     9     2    13
     -0.1865718182 a       814     1     9     2    14
      0.1970556848 a       815     1     9     2    15
      0.2288723409 a       816     1     9     2    16
     -0.0009456175 a       817     1     9     2    17
      0.3384652074 a       818     1     9     2    18
     -0.5279403610 a       819     1     9     2    19
     -0.1124709592 a       820     1     9     2    20
     -0.0009511621 a       821     1    10     2     1
      0.1344282618 a       822     1    10     2     2
      0.3535755687 a       823     1    10     2     3
     -0.1022976702 a       824     1    10     2     4
      0.5389817093 a       825     1    10     2     5
      0.1677445367 a       826     1    10     2     6
     -0.3020040507 a       827     1    10     2     7
     -0.2232983379 a       828     1    10     2     8
      0.0939632652 a       829     1    10     2     9
      0.1025886996 a       830     1    10     2    10
      0.4349336608 a       831     1    10     2    11
      0.3875458841 a       832     1    10     2    12
     -0.5062461794 a       833     1    10     2    13
     -0.4663182818 a       834     1    10     2    14
     -0.6106186938 a       835     1    10     2    15
      0.2082215287 a       836     1    10     2    16
      0.0505167506 a       837     1    10     2    17
      0.1723989102 a       838     1    10     2    18
     -0.5132620502 a       839     1    10     2    19
      0.5099491026 a       840     1    10     2    20
     -0.4823670340 a       841     1    11     2     1
      0.3874791269 a       842     1    11     2     2
      0.2345532818 a       843     1    11     2     3
     -0.1788516399 a       844     1    11     2     4
      0.0503584931 a       845     1    11     2     5
     -0.5862822806 a       846     1    11     2     6
     -0.1872112143 a       847     1    11     2     7
      0.2264057951 a       848     1    11     2     8
      0.0936109939 a       849     1    11     2     9
      0.2149540936 a       850     1    11     2    10
     -0.2550038269 a       851     1    11     2    11
     -0.4639728590 a       852     1    11     2    12
      0.4039768178 a       853     1    11     2    13
     -0.1268381453 a       854     1    11     2    14
      0.2979648014 a       855     1    11     2    15
      0.0047731477 a       856     1    11     2    16
     -0.4637387143 a       857     1    11     2    17
     -0.2770754518 a       858     1    11     2    18
      0.2549987872 a       859     1    11     2    19
      0.4627647560 a       860     1    11     2    20
     -0.4356707512 a       861     1    12     2     1
     -0.1326340062 a       862     1    12     2     2
     -0.2833591756 a       863     1    12     2     3
     -0.4208138900 a       864     1    12     2     4
      0.2683032654 a       865     1    12     2     5
      0.4177426444 a       866     1    12     2     6
      0.3750606736 a       867     1    12     2     7
      0.1898333159 a       868     1    12     2     8
      0.4710613251 a       869     1    12     2     9
      0.1047848910 a       870     1    12     2    10
     -0.2825992282 a       871     1    12     2    11
     -0.5203468183 a       872     1    12     2    12
     -0.3260342270 a       873     1    12     2    13
      0.4974729900 a       874     1    12     2    14
     -0.4099762348 a       875     1    12     2    15
     -0.3856693152 a       876     1    12     2    16
     -0.5285014573 a       877     1    12     2    17
      0.3791688764 a       878     1    12     2    18
      0.0895916052 a       879     1    12     2    19
     -0.0737014354 a       880     1    12     2    20
     -0.4213645237 a       881     1    13     2     1
     -0.1797287240 a       882     1    13     2     2
     -0.4178452414 a       883     1    13     2     3
      0.5607954209 a       884     1    13     2     4
      0.7288366162 a       885     1    13     2     5
     -0.4992342481 a       886     1    13     2     6
     -0.1300659659 a       887     1    13     2     7
     -0.6081538688 a       888     1    13     2     8
     -0.5146166251 a       889     1    13     2     9
      0.4191862431 a       890     1    13     2    10
      0.2417733232 a       891     1    13     2    11
     -0.0067614437 a       892     1    13     2    12
     -0.4020273352 a       893     1    13     2    13
      0.1234054493 a       894     1    13     2    14
     -0.4972898198 a       895     1    13     2    15
      0.5064438379 a       896     1    13     2    16
     -0.2136347486 a       897     1    13     2    17
     -0.4439309379 a       898     1    13     2    18
     -0.1795856887 a       899     1    13     2    19
     -0.4421169897 a       900     1    13     2    20
     -0.3676865498 a       901     1    14     2     1
     -0.0941467180 a       902     1    14     2     2
      0.4257435431 a       903     1    14     2     3
     -0.3565834993 a       904     1    14     2     4
      0.1799749614 a       905     1    14     2     5
     -0.2826863534 a       906     1    14     2     6
     -0.0356515742 a       907     1    14     2     7
     -0.3107504218 a       908     1    14     2     8
     -0.2597870431 a       909     1    14     2     9
      0.5000496175 a       910     1    14     2    10
      0.1023104414 a       911     1    14     2    11
     -0.0592508972 a       912     1    14     2    12
     -0.0179277945 a       913     1    14     2    13
     -0.3180982396 a       914     1    14     2    14
      0.4777197681 a       915     1    14     2    15
     -0.2612492114 a       916     1    14     2    16
     -0.2089694381 a       917     1    14     2    17
      0.1652589200 a       918     1    14     2    18
      0.2062073833 a       919     1    14     2    19
     -0.5226387592 a       920     1    14     2    20
      0.2141479192 a       921     1    15     2     1
     -0.2483806800 a       922     1    15     2     2
      0.4710068407 a       923     1    15     2     3
     -0.3693793906 a       924     1    15     2     4
     -0.4895822018 a       925     1    15     2     5
      0.2542514935 a       926     1    15     2     6
      0.4620881214 a       927     1    15     2     7
     -0.7051774162 a       928     1    15     2     8
      0.4226056910 a       929     1    15     2     9
      0.0593705778 a       930     1    15     2    10
     -0.1095665639 a       931     1    15     2    11
     -0.0263054688 a       932     1    15     2    12
     -0.4975119959 a       933     1    15     2    13
     -0.2934622574 a       934     1    15     2    14
      0.0445148878 a       935     1    15     2    15
     -0.5581767722 a       936     1    15     2    16
      0.6188883016 a       937     1    15     2    17
      0.3018423155 a       938     1    15     2    18
     -0.1186513513 a       939     1    15     2    19
     -0.0986413551 a       940     1    15     2    20
     -0.3757415118 a       941     1    16     2     1
     -0.4479532360 a       942     1    16     2     2
      0.0916463856 a       943     1    16     2     3
     -0.5162470091 a       944     1    16     2     4
     -0.0686382616 a       945     1    16     2     5
      0.4284280590 a       946     1    16     2     6
      0.5504819472 a       947     1    16     2     7
     -0.2352864288 a       948     1    16     2     8
      0.3928668620 a       949     1    16     2     9
     -0.0490273542 a       950     1    16     2    10
     -0.2389235426 a       951     1    16     2    11
      0.1329560111 a       952     1    16     2    12
      0.3028009474 a       953     1    16     2    13
      0.3760597232 a       954     1    16     2    14
     -0.2494320857 a       955     1    16     2    15
      0.4479374578 a       956     1    16     2    16
      0.4232013667 a       957     1    16     2    17
      0.0171423931 a       958     1    16     2    18
      0.1380411320 a       959     1    16     2    19
     -0.3930484861 a       960     1    16     2    20
      0.1517156007 a       961     1    17     2     1
     -0.5374652102 a       962     1    17     2     2
     -0.4334681972 a       963     1    17     2     3
      0.2529782522 a       964     1    17     2     4
      0.5838466176 a       965     1    17     2     5
      0.5065406441 a       966     1    17     2     6
      0.3132423922 a       967     1    17     2     7
     -0.0795476725 a       968     1    17     2     8
     -0.0689069862 a       969     1    17     2     9
     -0.5960803777 a       970     1    17     2    10
     -0.1446863997 a       971     1    17     2    11
     -0.1128904312 a       972     1    17     2    12
      0.0084676064 a       973     1    17     2    13
      0.4527116512 a       974     1    17     2    14
     -0.6169599086 a       975     1    17     2    15
      0.5449248297 a       976     1    17     2    16
     -0.4224308742 a       977     1    17     2    17
     -0.3046861823 a       978     1    17     2    18
      0.3408370639 a       979     1    17     2    19
     -0.4562620279 a       980     1    17     2    20
     -0.1595128177 a       981     1    18     2     1
      0.2893386737 a       982     1    18     2     2
      0.0275403414 a       983     1    18     2     3
     -0.1873963929 a       984     1    18     2     4
      0.0723901594 a       985     1    18     2     5
     -0.3625922689 a       986     1    18     2     6
      0.2163244082 a       987     1    18     2     7
     -0.2631716118 a       988     1    18     2     8
     -0.5582527225 a       989     1    18     2     9
     -0.2068265579 a       990     1    18     2    10
      0.3663217329 a       991     1    18     2    11
     -0.4252877315 a       992     1    18     2    12
      0.2603720837 a       993     1    18     2    13
      0.2147265604 a       994     1    18     2    14
      0.5377172816 a       995     1    18     2    15
     -0.2772172529 a       996     1    18     2    16
     -0.2861761669 a       997     1    18     2    17
     -0.6873690009 a       998     1    18     2    18
      0.2518309654 a       999     1    18     2    19
      0.3626578219 a      1000     1    18     2    20
      0.4168265020 a      1001     1    19     2     1
      0.0784186073 a      1002     1    19     2     2
     -0.0763981542 a      1003     1    19     2     3
      0.5224422835 a      1004     1    19     2     4
     -0.1405549857 a      1005     1    19     2     5
     -0.0141461396 a      1006     1    19     2     6
      0.0974292807 a      1007     1    19     2     7
     -0.4359427012 a      1008     1    19     2     8
     -0.3522014742 a      1009     1    19     2     9
      0.2509395818 a      1010     1    19     2    10
     -0.4821514814 a      1011     1    19     2    11
     -0.5473016890 a      1012     1    19     2    12
     -0.4865550258 a      1013     1    19     2    13
      0.5736837648 a      1014     1    19     2    14
     -0.3315603178 a      1015     1    19     2    15
     -0.0635772202 a      1016     1    19     2    16
     -0.3660883087 a      1017     1    19     2    17
      0.4384132274 a      1018     1    19     2    18
     -0.5404078867 a      1019     1    19     2    19
     -0.0241279859 a      1020     1    19     2    20
      0.4832473905 a      1021     1    20     2     1
      0.4332713227 a      1022     1    20     2     2
      0.2642526643 a      1023     1    20     2     3
      0.4326178853 a      1024     1    20     2     4
      0.2731312254 a      1025     1    20     2     5
     -0.2974834866 a      1026     1    20     2     6
      0.3695492185 a      1027     1    20     2     7
      0.7067053125 a      1028     1    20     2     8
     -0.5358426932 a      1029     1    20     2     9
     -0.0367592067 a      1030     1    20     2    10
     -0.2318897480 a      1031     1    20     2    11
      0.2688640995 a      1032     1    20     2    12
      0.5237250369 a      1033     1    20     2    13
     -0.4831814325 a      1034     1    20     2    14
      0.2255129018 a      1035     1    20     2    15
      0.2231643427 a      1036     1    20     2    16
     -0.6086943619 a      1037     1    20     2    17
     -0.5938944250 a      1038     1    20     2    18
     -0.3919383431 a      1039     1    20     2    19
     -0.5240501813 a      1040     1    20     2    20
      1.0898971285 b      1041     2     1
      1.2266320637 b      1042     2     2
     -1.4999415946 b      1043     2     3
      0.9244142088 b      1044     2     4
     -1.6210475047 b      1045     2     5
      1.2372731524 b      1046     2     6
     -1.2734273977 b      1047     2     7
      1.5356703694 b      1048     2     8
     -0.8450665035 b      1049     2     9
      1.4981521473 b      1050     2    10
      0.3071010584 b      1051     2    11
      1.2180875396 b      1052     2    12
      0.3574807295 b      1053     2    13
     -0.7031153986 b      1054     2    14
     -1.6125213684 b      1055     2    15
      0.4332618378 b      1056     2    16
     -0.8500654281 b      1057     2    17
      0.3439177511 b      1058     2    18
      1.4828851292 b      1059     2    19
      0.6184559729 b      1060     2    20
     -0.0032277103 a      1061     2     1     3     1
      0.0179327668 a      1062     2     2     3     1
     -0.0048424365 a      1063     2     3     3     1
      0.0081075484 a      1064     2     4     3     1
     -0.0118463862 a      1065     2     5     3     1
      0.0076856250 a      1066     2     6     3     1
     -0.0074204735 a      1067     2     7     3     1
     -0.0059177745 a      1068     2     8     3     1
      0.0501700789 a      1069     2     9     3     1
      0.0188332447 a      1070     2    10     3     1
     -0.0003191005 a      1071     2    11     3     1
     -0.0296847969 a      1072     2    12     3     1
      0.0028577844 a      1073     2    13     3     1
      0.0031785231 a      1074     2    14     3     1
      0.0204968506 a      1075     2    15     3     1
      0.0121456437 a      1076     2    16     3     1
      0.0101292392 a      1077     2    17     3     1
     -0.0105451330 a      1078     2    18     3     1
      0.0077004301 a      1079     2    19     3     1
      0.0055529161 a      1080     2    20     3     1
     19.6622501993 b      1081     3     1
