     -0.0793791338 a         1     0     1     1     1
      0.1300333337 a         2     0     1     1     2
      0.1881642652 a         3     0     1     1     3
      0.2196084768 a         4     0     1     1     4
      0.1098158841 a         5     0     1     1     5
     -0.2893602837 a         6     0     1     1     6
     -0.1687850209 a         7     0     1     1     7
      0.4250151772 a         8     0     1     1     8
      0.3807803761 a         9     0     1     1     9
     -0.3450565763 a        10     0     1     1    10
     -0.2042552270 a        11     0     1     1    11
     -0.0340069428 a        12     0     1     1    12
     -0.2408432865 a        13     0     1     1    13
     -0.1096009191 a        14     0     1     1    14
     -0.4377348121 a        15     0     1     1    15
     -0.0047467308 a        16     0     1     1    16
      0.3878363677 a        17     0     1     1    17
      0.0959332104 a        18     0     1     1    18
      0.1348856654 a        19     0     1     1    19
      0.0052247541 a        20     0     1     1    20
      0.3475442239 a        21     0     2     1     1
     -0.3856000323 a        22     0     2     1     2
     -0.0966381751 a        23     0     2     1     3
      0.2894540973 a        24     0     2     1     4
      0.3214941607 a        25     0     2     1     5
     -0.3733950914 a        26     0     2     1     6
     -0.1203165504 a        27     0     2     1     7
      0.4035698822 a        28     0     2     1     8
      0.3991555461 a        29     0     2     1     9
     -0.2835695218 a        30     0     2     1    10
      0.2978077994 a        31     0     2     1    11
     -0.1945610550 a        32     0     2     1    12
     -0.1547625931 a        33     0     2     1    13
      0.0305218287 a        34     0     2     1    14
     -0.3006246595 a        35     0     2     1    15
     -0.2886298416 a        36     0     2     1    16
      0.2663432682 a        37     0     2     1    17
     -0.4191798598 a        38     0     2     1    18
      0.2630000980 a        39     0     2     1    19
      0.1823719656 a        40     0     2     1    20
     -0.2346588361 a        41     0     3     1     1
      0.1502613977 a        42     0     3     1     2
     -0.1034204433 a        43     0     3     1     3
     -0.2447600462 a        44     0     3     1     4
      0.4240673896 a        45     0     3     1     5
     -0.3347994933 a        46     0     3     1     6
      0.3363831145 a        47     0     3     1     7
     -0.4367262663 a        48     0     3     1     8
      0.4381467900 a        49     0     3     1     9
     -0.1188585674 a        50     0     3     1    10
      0.1492057678 a        51     0     3     1    11
      0.2665086733 a        52     0     3     1    12
      0.0564102964 a        53     0     3     1    13
     -0.1841370486 a        54     0     3     1    14
     -0.3499251371 a        55     0     3     1    15
     -0.0972479121 a        56     0     3     1    16
      0.2560827561 a        57     0     3     1    17
     -0.0719878595 a        58     0     3     1    18
      0.3296278829 a        59     0     3     1    19
      0.0041322859 a        60     0     3     1    20
     -0.1365184204 a        61     0     4     1     1
      0.4292180013 a        62     0     4     1     2
      0.3379498854 a        63     0     4     1     3
     -0.0552849756 a        64     0     4     1     4
     -0.4428870599 a        65     0     4     1     5
      0.0884487129 a        66     0     4     1     6
     -0.2604946763 a        67     0     4     1     7
      0.4034290140 a        68     0     4     1     8
     -0.1095353240 a        69     0     4     1     9
     -0.0452234067 a        70     0     4     1    10
      0.4189048651 a        71     0     4     1    11
      0.4771424723 a        72     0     4     1    12
     -0.3547158353 a        73     0     4     1    13
      0.1520579478 a        74     0     4     1    14
      0.2554246685 a        75     0     4     1    15
     -0.1117892776 a        76     0     4     1    16
      0.2652676381 a        77     0     4     1    17
      0.0991249874 a        78     0     4     1    18
     -0.0541494499 a        79     0     4     1    19
      0.3700515611 a        80     0     4     1    20
      0.1218373630 a        81     0     5     1     1
     -0.0543810300 a        82     0     5     1     2
      0.0606633261 a        83     0     5     1     3
      0.2689244328 a        84     0     5     1     4
      0.0079323271 a        85     0     5     1     5
      0.0183961311 a        86     0     5     1     6
      0.0952087185 a        87     0     5     1     7
     -0.1047847614 a        88     0     5     1     8
     -0.1319151753 a        89     0     5     1     9
     -0.3570192597 a        90     0     5     1    10
     -0.1598627653 a        91     0     5     1    11
      0.2919998622 a        92     0     5     1    12
      0.2531588324 a        93     0     5     1    13
      0.4775771190 a        94     0     5     1    14
      0.2235594423 a        95     0     5     1    15
     -0.0934791165 a        96     0     5     1    16
     -0.1504358171 a        97     0     5     1    17
     -0.1717426085 a        98     0     5     1    18
      0.3311962928 a        99     0     5     1    19
      0.3372987149 a       100     0     5     1    20
     -0.0478493795 a       101     0     6     1     1
      0.1398807951 a       102     0     6     1     2
     -0.2608957824 a       103     0     6     1     3
      0.0857282446 a       104     0     6     1     4
      0.0994377692 a       105     0     6     1     5
      0.1807018241 a       106     0     6     1     6
      0.0294688701 a       107     0     6     1     7
      0.3709397102 a       108     0     6     1     8
      0.1931495779 a       109     0     6     1     9
     -0.3625717517 a       110     0     6     1    10
      0.1332809836 a       111     0     6     1    11
     -0.2992308891 a       112     0     6     1    12
     -0.0242328892 a       113     0     6     1    13
      0.4251878171 a       114     0     6     1    14
     -0.3029048607 a       115     0     6     1    15
     -0.2816871356 a       116     0     6     1    16
     -0.1366615727 a       117     0     6     1    17
     -0.3011898715 a       118     0     6     1    18
     -0.3921553145 a       119     0     6     1    19
     -0.3631744987 a       120     0     6     1    20
      0.2287074518 a       121     0     7     1     1
      0.1899448142 a       122     0     7     1     2
      0.1421247053 a       123     0     7     1     3
     -0.2772985806 a       124     0     7     1     4
     -0.0379023560 a       125     0     7     1     5
      0.0843627696 a       126     0     7     1     6
      0.1949993672 a       127     0     7     1     7
     -0.2857169727 a       128     0     7     1     8
      0.4147135200 a       129     0     7     1     9
     -0.3200338658 a       130     0     7     1    10
     -0.2873945143 a       131     0     7     1    11
     -0.3389676911 a       132     0     7     1    12
     -0.2351867957 a       133     0     7     1    13
     -0.2638357298 a       134     0     7     1    14
      0.2439177917 a       135     0     7     1    15
      0.4695715661 a       136     0     7     1    16
      0.3505107956 a       137     0     7     1    17
      0.3218469998 a       138     0     7     1    18
     -0.3465930849 a       139     0     7     1    19
     -0.3506109300 a       140     0     7     1    20
     -0.1643877874 a       141     0     8     1     1
      0.1983142012 a       142     0     8     1     2
     -0.0830462189 a       143     0     8     1     3
      0.3279565868 a       144     0     8     1     4
      0.0717319271 a       145     0     8     1     5
     -0.4304101679 a       146     0     8     1     6
     -0.4392158570 a       147     0     8     1     7
     -0.2540896177 a       148     0     8     1     8
     -0.1348194503 a       149     0     8     1     9
     -0.3209377460 a       150     0     8     1    10
     -0.1435891510 a       151     0     8     1    11
     -0.3479777239 a       152     0     8     1    12
     -0.0774081291 a       153     0     8     1    13
      0.4437604563 a       154     0     8     1    14
     -0.4442784168 a       155     0     8     1    15
      0.2795146940 a       156     0     8     1    16
     -0.0368090445 a       157     0     8     1    17
     -0.0330581625 a       158     0     8     1    18
      0.2520785164 a       159     0     8     1    19
      0.0967635812 a       160     0     8     1    20
      0.3102222186 a       161     0     9     1     1
     -0.2545819150 a       162     0     9     1     2
     -0.3656927189 a       163     0     9     1     3
     -0.3029745247 a       164     0     9     1     4
      0.2117553699 a       165     0     9     1     5
     -0.4355150535 a       166     0     9     1     6
     -0.2796086850 a       167     0     9     1     7
     -0.3133195688 a       168     0     9     1     8
      0.0409900797 a       169     0     9     1     9
      0.2062998735 a       170     0     9     1    10
      0.1535252178 a       171     0     9     1    11
     -0.3568818571 a       172     0     9     1    12
     -0.2660162017 a       173     0     9     1    13
      0.2162728399 a       174     0     9     1    14
      0.3374294624 a       175     0     9     1    15
     -0.2436991041 a       176     0     9     1    16
      0.4002572504 a       177     0     9     1    17
     -0.4250951185 a       178     0     9     1    18
     -0.4256543324 a       179     0     9     1    19
      0.0763525335 a       180     0     9     1    20
     -0.4068327447 a       181     0    10     1     1
     -0.4342464395 a       182     0    10     1     2
      0.2785990230 a       183     0    10     1     3
     -0.3836941803 a       184     0    10     1     4
     -0.2286804231 a       185     0    10     1     5
      0.3032989846 a       186     0    10     1     6
     -0.1294123672 a       187     0    10     1     7
      0.1235948374 a       188     0    10     1     8
      0.0306792863 a       189     0    10     1     9
     -0.0268118200 a       190     0    10     1    10
     -0.3309418207 a       191     0    10     1    11
     -0.4172999888 a       192     0    10     1    12
      0.2685840970 a       193     0    10     1    13
     -0.2040034452 a       194     0    10     1    14
      0.3354203761 a       195     0    10     1    15
      0.4447657608 a       196     0    10     1    16
     -0.2079846781 a       197     0    10     1    17
     -0.4210402235 a       198     0    10     1    18
     -0.3624419623 a       199     0    10     1    19
      0.1897370924 a       200     0    10     1    20
     -0.3613771505 a       201     0    11     1     1
     -0.0643389295 a       202     0    11     1     2
     -0.3153080597 a       203     0    11     1     3
     -0.1169274107 a       204     0    11     1     4
      0.2925451568 a       205     0    11     1     5
     -0.1510037995 a       206     0    11     1     6
     -0.3148166766 a       207     0    11     1     7
      0.1531826737 a       208     0    11     1     8
     -0.1161078763 a       209     0    11     1     9
      0.3569522241 a       210     0    11     1    10
     -0.3352485134 a       211     0    11     1    11
      0.2764038848 a       212     0    11     1    12
      0.0990505587 a       213     0    11     1    13
     -0.1465861192 a       214     0    11     1    14
     -0.2298830712 a       215     0    11     1    15
     -0.1454263093 a       216     0    11     1    16
     -0.4256784194 a       217     0    11     1    17
     -0.4602695478 a       218     0    11     1    18
     -0.4053150338 a       219     0    11     1    19
      0.2745566600 a       220     0    11     1    20
     -0.1940851576 a       221     0    12     1     1
      0.4492685642 a       222     0    12     1     2
     -0.3064979885 a       223     0    12     1     3
     -0.3652960344 a       224     0    12     1     4
     -0.1143424473 a       225     0    12     1     5
      0.3405397041 a       226     0    12     1     6
     -0.0131157676 a       227     0    12     1     7
     -0.4480025155 a       228     0    12     1     8
      0.3277125591 a       229     0    12     1     9
     -0.0404171991 a       230     0    12     1    10
      0.3681988686 a       231     0    12     1    11
      0.1869268373 a       232     0    12     1    12
     -0.1530774994 a       233     0    12     1    13
     -0.4822924926 a       234     0    12     1    14
      0.3548943091 a       235     0    12     1    15
     -0.0831280062 a       236     0    12     1    16
     -0.1970508113 a       237     0    12     1    17
      0.0638369415 a       238     0    12     1    18
     -0.1648687359 a       239     0    12     1    19
      0.4357368754 a       240     0    12     1    20
     -0.1710558604 a       241     0    13     1     1
      0.4047034029 a       242     0    13     1     2
      0.3749356621 a       243     0    13     1     3
     -0.3056617319 a       244     0    13     1     4
      0.4409599193 a       245     0    13     1     5
      0.2679704586 a       246     0    13     1     6
      0.4754859669 a       247     0    13     1     7
      0.2436904575 a       248     0    13     1     8
      0.1205149695 a       249     0    13     1     9
      0.1259379949 a       250     0    13     1    10
      0.2128337041 a       251     0    13     1    11
     -0.3868050126 a       252     0    13     1    12
     -0.2729822896 a       253     0    13     1    13
     -0.2744294702 a       254     0    13     1    14
     -0.0357046080 a       255     0    13     1    15
      0.3579821440 a       256     0    13     1    16
      0.2149964149 a       257     0    13     1    17
     -0.4624038127 a       258     0    13     1    18
     -0.1363833247 a       259     0    13     1    19
      0.4128051921 a       260     0    13     1    20
      0.4612509679 a       261     0    14     1     1
      0.1392881560 a       262     0    14     1     2
      0.1011860543 a       263     0    14     1     3
     -0.0486394083 a       264     0    14     1     4
      0.2770995248 a       265     0    14     1     5
     -0.2775085021 a       266     0    14     1     6
     -0.1809548423 a       267     0    14     1     7
     -0.1914599868 a       268     0    14     1     8
     -0.3300544058 a       269     0    14     1     9
      0.3644497578 a       270     0    14     1    10
      0.3316667900 a       271     0    14     1    11
     -0.2344908774 a       272     0    14     1    12
     -0.1094128849 a       273     0    14     1    13
     -0.1337183116 a       274     0    14     1    14
     -0.1178173082 a       275     0    14     1    15
     -0.4793501104 a       276     0    14     1    16
     -0.1930884853 a       277     0    14     1    17
     -0.2624629637 a       278     0    14     1    18
     -0.3591154093 a       279     0    14     1    19
      0.2793740040 a       280     0    14     1    20
      0.4654219777 a       281     0    15     1     1
     -0.2609494466 a       282     0    15     1     2
     -0.2658401790 a       283     0    15     1     3
      0.4352690359 a       284     0    15     1     4
     -0.3694231080 a       285     0    15     1     5
     -0.3782836012 a       286     0    15     1     6
     -0.4593122644 a       287     0    15     1     7
     -0.0626826651 a       288     0    15     1     8
      0.3152655702 a       289     0    15     1     9
      0.4051266112 a       290     0    15     1    10
      0.2464669095 a       291     0    15     1    11
      0.2387442866 a       292     0    15     1    12
      0.2890197527 a       293     0    15     1    13
     -0.0782450075 a       294     0    15     1    14
     -0.4621102851 a       295     0    15     1    15
     -0.2279749644 a       296     0    15     1    16
     -0.2210804677 a       297     0    15     1    17
      0.1376482835 a       298     0    15     1    18
     -0.1308185553 a       299     0    15     1    19
     -0.2569158538 a       300     0    15     1    20
     -0.1327666925 a       301     0    16     1     1
      0.3279625696 a       302     0    16     1     2
     -0.2586170292 a       303     0    16     1     3
     -0.4580599534 a       304     0    16     1     4
     -0.0328752876 a       305     0    16     1     5
      0.3080414206 a       306     0    16     1     6
      0.4329134336 a       307     0    16     1     7
     -0.2282063102 a       308     0    16     1     8
     -0.3150256440 a       309     0    16     1     9
     -0.3481559790 a       310     0    16     1    10
      0.3202546716 a       311     0    16     1    11
     -0.0891439216 a       312     0    16     1    12
     -0.5208552830 a       313     0    16     1    13
     -0.0348412768 a       314     0    16     1    14
      0.2926234274 a       315     0    16     1    15
     -0.2905206144 a       316     0    16     1    16
     -0.3575086621 a       317     0    16     1    17
     -0.2215018822 a       318     0    16     1    18
     -0.3962964010 a       319     0    16     1    19
     -0.1248709691 a       320     0    16     1    20
     -0.3743385807 a       321     0    17     1     1
     -0.1504062072 a       322     0    17     1     2
     -0.3011350565 a       323     0    17     1     3
      0.3427054819 a       324     0    17     1     4
     -0.2300198007 a       325     0    17     1     5
      0.3393351462 a       326     0    17     1     6
     -0.3393041337 a       327     0    17     1     7
      0.0647677726 a       328     0    17     1     8
      0.2101055716 a       329     0    17     1     9
      0.3717768182 a       330     0    17     1    10
     -0.3700616365 a       331     0    17     1    11
     -0.1105920664 a       332     0    17     1    12
     -0.3344877114 a       333     0    17     1    13
      0.1115578571 a       334     0    17     1    14
     -0.2957301998 a       335     0    17     1    15
     -0.0011984947 a       336     0    17     1    16
      0.3691870587 a       337     0    17     1    17
     -0.0499978136 a       338     0    17     1    18
      0.1012134489 a       339     0    17     1    19
      0.3708657056 a       340     0    17     1    20
     -0.2024994996 a       341     0    18     1     1
      0.2024955499 a       342     0    18     1     2
     -0.3777342037 a       343     0    18     1     3
     -0.3588491560 a       344     0    18     1     4
     -0.4432533598 a       345     0    18     1     5
      0.2086662098 a       346     0    18     1     6
      0.0049393199 a       347     0    18     1     7
      0.4610779069 a       348     0    18     1     8
      0.3569086293 a       349     0    18     1     9
      0.0979784782 a       350     0    18     1    10
      0.2527238585 a       351     0    18     1    11
     -0.4198612148 a       352     0    18     1    12
      0.3328311246 a       353     0    18     1    13
     -0.0768943339 a       354     0    18     1    14
      0.3797518423 a       355     0    18     1    15
      0.3976591389 a       356     0    18     1    16
      0.4459785191 a       357     0    18     1    17
      0.1201218903 a       358     0    18     1    18
      0.2489223915 a       359     0    18     1    19
      0.2271282612 a       360     0    18     1    20
     -0.2698557680 a       361     0    19     1     1
      0.1266737955 a       362     0    19     1     2
     -0.4282312842 a       363     0    19     1     3
     -0.3460558531 a       364     0    19     1     4
     -0.2408719592 a       365     0    19     1     5
      0.0349610567 a       366     0    19     1     6
      0.0758554729 a       367     0    19     1     7
     -0.3639398823 a       368     0    19     1     8
      0.1653778976 a       369     0    19     1     9
      0.4037301131 a       370     0    19     1    10
     -0.4093290162 a       371     0    19     1    11
     -0.3059231680 a       372     0    19     1    12
     -0.0513841434 a       373     0    19     1    13
      0.0204098578 a       374     0    19     1    14
     -0.2005271148 a       375     0    19     1    15
     -0.3136877873 a       376     0    19     1    16
      0.4187792987 a       377     0    19     1    17
     -0.2631613321 a       378     0    19     1    18
     -0.0445666471 a       379     0    19     1    19
      0.1612169997 a       380     0    19     1    20
     -0.3753562289 a       381     0    20     1     1
      0.4017402241 a       382     0    20     1     2
      0.1933273030 a       383     0    20     1     3
      0.2060722716 a       384     0    20     1     4
     -0.1013417063 a       385     0    20     1     5
     -0.2561345661 a       386     0    20     1     6
     -0.0075818283 a       387     0    20     1     7
      0.1920186245 a       388     0    20     1     8
      0.2816376902 a       389     0    20     1     9
     -0.2184355380 a       390     0    20     1    10
     -0.1634399077 a       391     0    20     1    11
     -0.0851892731 a       392     0    20     1    12
      0.0066338506 a       393     0    20     1    13
      0.3275346479 a       394     0    20     1    14
     -0.2567017397 a       395     0    20     1    15
     -0.2415231080 a       396     0    20     1    16
      0.2625223399 a       397     0    20     1    17
      0.1788406946 a       398     0    20     1    18
     -0.3418492943 a       399     0    20     1    19
      0.3338327199 a       400     0    20     1    20
      0.1600420028 a       401     0    21     1     1
     -0.1315271211 a       402     0    21     1     2
     -0.3024531867 a       403     0    21     1     3
     -0.0370671930 a       404     0    21     1     4
     -0.1354471606 a       405     0    21     1     5
     -0.3818022982 a       406     0    21     1     6
      0.1397263252 a       407     0    21     1     7
     -0.2670666763 a       408     0    21     1     8
     -0.2652974221 a       409     0    21     1     9
     -0.1677593662 a       410     0    21     1    10
      0.3459958538 a       411     0    21     1    11
      0.0767954979 a       412     0    21     1    12
      0.3450349212 a       413     0    21     1    13
      0.1637157981 a       414     0    21     1    14
     -0.1266937164 a       415     0    21     1    15
     -0.0308469604 a       416     0    21     1    16
      0.1944731557 a       417     0    21     1    17
     -0.2125283167 a       418     0    21     1    18
     -0.0261276589 a       419     0    21     1    19
     -0.1298883838 a       420     0    21     1    20
      0.3973555045 a       421     0    22     1     1
      0.1292537321 a       422     0    22     1     2
     -0.1755518652 a       423     0    22     1     3
      0.0219247135 a       424     0    22     1     4
     -0.3475580478 a       425     0    22     1     5
      0.1005548785 a       426     0    22     1     6
      0.3896266380 a       427     0    22     1     7
      0.0577106932 a       428     0    22     1     8
      0.2689886139 a       429     0    22     1     9
      0.0572545369 a       430     0    22     1    10
      0.2223827967 a       431     0    22     1    11
      0.2934297356 a       432     0    22     1    12
      0.0884767877 a       433     0    22     1    13
      0.1458684216 a       434     0    22     1    14
     -0.2014647928 a       435     0    22     1    15
     -0.4071641705 a       436     0    22     1    16
     -0.1356647438 a       437     0    22     1    17
      0.2163567740 a       438     0    22     1    18
     -0.0484572577 a       439     0    22     1    19
     -0.4168031112 a       440     0    22     1    20
     -0.1732681141 a       441     0    23     1     1
      0.0560559280 a       442     0    23     1     2
     -0.3461208153 a       443     0    23     1     3
     -0.1424660403 a       444     0    23     1     4
     -0.4408338235 a       445     0    23     1     5
      0.4475307077 a       446     0    23     1     6
     -0.2326398248 a       447     0    23     1     7
      0.0243151952 a       448     0    23     1     8
     -0.0723610969 a       449     0    23     1     9
     -0.3280642689 a       450     0    23     1    10
     -0.2995288546 a       451     0    23     1    11
      0.0960317154 a       452     0    23     1    12
     -0.5475095379 a       453     0    23     1    13
     -0.2247119964 a       454     0    23     1    14
      0.0944376193 a       455     0    23     1    15
     -0.1691581902 a       456     0    23     1    16
     -0.2448227607 a       457     0    23     1    17
     -0.3761985675 a       458     0    23     1    18
     -0.3244241599 a       459     0    23     1    19
     -0.1569281519 a       460     0    23     1    20
      0.5259822824 a       461     0    24     1     1
     -0.1361789203 a       462     0    24     1     2
     -0.3384182196 a       463     0    24     1     3
      0.2887608295 a       464     0    24     1     4
     -0.3953030266 a       465     0    24     1     5
     -0.0496729936 a       466     0    24     1     6
     -0.3974654129 a       467     0    24     1     7
     -0.1537402907 a       468     0    24     1     8
     -0.1814301818 a       469     0    24     1     9
     -0.2177096104 a       470     0    24     1    10
     -0.1314152986 a       471     0    24     1    11
     -0.3177228417 a       472     0    24     1    12
     -0.0027062832 a       473     0    24     1    13
     -0.0262032561 a       474     0    24     1    14
      0.1409242550 a       475     0    24     1    15
     -0.4211098525 a       476     0    24     1    16
     -0.0247831397 a       477     0    24     1    17
      0.2876120245 a       478     0    24     1    18
     -0.3694109549 a       479     0    24     1    19
      0.2640830843 a       480     0    24     1    20
      0.0994079101 a       481     0    25     1     1
      0.1680791253 a       482     0    25     1     2
      0.3403318424 a       483     0    25     1     3
      0.4155044689 a       484     0    25     1     4
      0.0813660258 a       485     0    25     1     5
      0.1854700333 a       486     0    25     1     6
     -0.4152625720 a       487     0    25     1     7
      0.2184596349 a       488     0    25     1     8
     -0.2173993937 a       489     0    25     1     9
      0.0147286188 a       490     0    25     1    10
      0.1771243619 a       491     0    25     1    11
     -0.3716226711 a       492     0    25     1    12
      0.4212537454 a       493     0    25     1    13
     -0.1736854399 a       494     0    25     1    14
     -0.1943117518 a       495     0    25     1    15
     -0.2067482423 a       496     0    25     1    16
      0.3651257697 a       497     0    25     1    17
      0.3878108853 a       498     0    25     1    18
      0.0480113362 a       499     0    25     1    19
      0.3572869277 a       500     0    25     1    20
     -0.0689692121 a       501     0    26     1     1
      0.4478637086 a       502     0    26     1     2
      0.2320064229 a       503     0    26     1     3
     -0.0719714850 a       504     0    26     1     4
     -0.2065729727 a       505     0    26     1     5
      0.3046746694 a       506     0    26     1     6
      0.2015003610 a       507     0    26     1     7
     -0.3264978219 a       508     0    26     1     8
      0.3990196527 a       509     0    26     1     9
      0.2974183904 a       510     0    26     1    10
     -0.2873369902 a       511     0    26     1    11
      0.2351367269 a       512     0    26     1    12
     -0.4530780196 a       513     0    26     1    13
      0.5043129860 a       514     0    26     1    14
     -0.0480223094 a       515     0    26     1    15
     -0.3123120888 a       516     0    26     1    16
     -0.1582662687 a       517     0    26     1    17
      0.2619445127 a       518     0    26     1    18
     -0.1794844407 a       519     0    26     1    19
     -0.2174037180 a       520     0    26     1    20
      0.3581168764 a       521     0    27     1     1
      0.4210739473 a       522     0    27     1     2
      0.4165511043 a       523     0    27     1     3
      0.1775234931 a       524     0    27     1     4
      0.4418608287 a       525     0    27     1     5
      0.0739661122 a       526     0    27     1     6
      0.3712228475 a       527     0    27     1     7
     -0.4195210858 a       528     0    27     1     8
      0.1138633791 a       529     0    27     1     9
      0.3753170485 a       530     0    27     1    10
      0.3910702218 a       531     0    27     1    11
     -0.3126484078 a       532     0    27     1    12
      0.1882386806 a       533     0    27     1    13
     -0.5178056446 a       534     0    27     1    14
      0.1446806657 a       535     0    27     1    15
      0.0492038129 a       536     0    27     1    16
     -0.2923673319 a       537     0    27     1    17
      0.1634296873 a       538     0    27     1    18
      0.4005762547 a       539     0    27     1    19
      0.4326033102 a       540     0    27     1    20
      0.2829688374 a       541     0    28     1     1
     -0.4056463358 a       542     0    28     1     2
     -0.4368438367 a       543     0    28     1     3
     -0.4763736216 a       544     0    28     1     4
     -0.2184428340 a       545     0    28     1     5
     -0.1161365660 a       546     0    28     1     6
     -0.2195319236 a       547     0    28     1     7
      0.2241282864 a       548     0    28     1     8
     -0.2250231067 a       549     0    28     1     9
      0.3685066938 a       550     0    28     1    10
     -0.3910910389 a       551     0    28     1    11
     -0.1195315395 a       552     0    28     1    12
     -0.2338740061 a       553     0    28     1    13
     -0.4021928148 a       554     0    28     1    14
      0.0217627617 a       555     0    28     1    15
     -0.0211683363 a       556     0    28     1    16
      0.2610527719 a       557     0    28     1    17
     -0.3049042884 a       558     0    28     1    18
      0.0102187533 a       559     0    28     1    19
     -0.3412461714 a       560     0    28     1    20
     -0.1012870818 a       561     0    29     1     1
      0.1711441114 a       562     0    29     1     2
     -0.0719332964 a       563     0    29     1     3
      0.1429307337 a       564     0    29     1     4
      0.0885183149 a       565     0    29     1     5
     -0.2274930784 a       566     0    29     1     6
     -0.1214839612 a       567     0    29     1     7
     -0.0045366764 a       568     0    29     1     8
     -0.3953243609 a       569     0    29     1     9
      0.1370888937 a       570     0    29     1    10
      0.1681365502 a       571     0    29     1    11
     -0.1853269526 a       572     0    29     1    12
      0.4660334266 a       573     0    29     1    13
      0.0703397250 a       574     0    29     1    14
      0.3332065738 a       575     0    29     1    15
      0.1602037424 a       576     0    29     1    16
     -0.3212915197 a       577     0    29     1    17
      0.3697405498 a       578     0    29     1    18
     -0.4142312251 a       579     0    29     1    19
      0.2258616974 a       580     0    29     1    20
     -0.2272537001 a       581     0    30     1     1
     -0.2686658343 a       582     0    30     1     2
     -0.2259677312 a       583     0    30     1     3
      0.1716612495 a       584     0    30     1     4
     -0.3743757698 a       585     0    30     1     5
      0.1479176034 a       586     0    30     1     6
      0.1576025532 a       587     0    30     1     7
      0.1677413840 a       588     0    30     1     8
     -0.3339204015 a       589     0    30     1     9
     -0.1247232974 a       590     0    30     1    10
      0.2874112189 a       591     0    30     1    11
      0.0857142878 a       592     0    30     1    12
      0.2440389695 a       593     0    30     1    13
      0.2827562601 a       594     0    30     1    14
      0.2600430472 a       595     0    30     1    15
     -0.4657085371 a       596     0    30     1    16
      0.2123208798 a       597     0    30     1    17
      0.2245491713 a       598     0    30     1    18
      0.2154203812 a       599     0    30     1    19
      0.2045973398 a       600     0    30     1    20
      0.0663537650 a       601     0    31     1     1
      0.3476560909 a       602     0    31     1     2
     -0.1229541552 a       603     0    31     1     3
      0.1949340742 a       604     0    31     1     4
      0.1428193270 a       605     0    31     1     5
     -0.4464796858 a       606     0    31     1     6
     -0.3447169579 a       607     0    31     1     7
     -0.0418501130 a       608     0    31     1     8
     -0.4280240936 a       609     0    31     1     9
     -0.3840701002 a       610     0    31     1    10
      0.0480039679 a       611     0    31     1    11
      0.3321517265 a       612     0    31     1    12
      0.1413205220 a       613     0    31     1    13
      0.4055652449 a       614     0    31     1    14
     -0.3538187125 a       615     0    31     1    15
      0.1829911168 a       616     0    31     1    16
      0.1234667567 a       617     0    31     1    17
     -0.2662108235 a       618     0    31     1    18
      0.2379919233 a       619     0    31     1    19
     -0.1063001263 a       620     0    31     1    20
      1.3653429226 b       621     1     1
      0.5415552935 b       622     1     2
      0.7743506198 b       623     1     3
     -0.4285038043 b       624     1     4
      0.5606169409 b       625     1     5
      1.4216251137 b       626     1     6
      1.4585390553 b       627     1     7
     -0.4227354957 b       628     1     8
     -0.7094840217 b       629     1     9
     -0.6015920053 b       630     1    10
      0.9396879630 b       631     1    11
     -0.5641171779 b       632     1    12
      0.3179691711 b       633     1    13
     -0.8825749712 b       634     1    14
      1.0752229508 b       635     1    15
      1.1705111577 b       636     1    16
     -0.5669699384 b       637     1    17
     -0.0284608285 b       638     1    18
      1.2881506617 b       639     1    19
     -0.8167707643 b       640     1    20
      0.0978432800 a       641     1     1     2     1
     -0.3075649520 a       642     1     1     2     2
     -0.5353268312 a       643     1     1     2     3
     -0.2048649226 a       644     1     1     2     4
      0.1117986698 a       645     1     1     2     5
     -0.5282656406 a       646     1     1     2     6
     -0.3417725045 a       647     1     1     2     7
      0.1648626334 a       648     1     1     2     8
      0.0349635373 a       649     1     1     2     9
      0.1563726711 a       650     1     1     2    10
     -0.4240311623 a       651     1     1     2    11
     -0.6110752358 a       652     1     1     2    12
      0.0663495793 a       653     1     1     2    13
     -0.3800144758 a       654     1     1     2    14
      0.3309539218 a       655     1     1     2    15
      0.3160486588 a       656     1     1     2    16
      0.0561409257 a       657     1     1     2    17
     -0.1138054209 a       658     1     1     2    18
      0.5461064675 a       659     1     1     2    19
      0.0949481783 a       660     1     1     2    20
     -0.3250828547 a       661     1     2     2     1
      0.4764508660 a       662     1     2     2     2
      0.5366385313 a       663     1     2     2     3
      0.0887033835 a       664     1     2     2     4
     -0.6590843682 a       665     1     2     2     5
      0.0220703065 a       666     1     2     2     6
     -0.1683054536 a       667     1     2     2     7
      0.3016757709 a       668     1     2     2     8
     -0.3792286165 a       669     1     2     2     9
      0.3152329992 a       670     1     2     2    10
      0.4755140479 a       671     1     2     2    11
     -0.4522672620 a       672     1     2     2    12
      0.2654429089 a       673     1     2     2    13
      0.0948035980 a       674     1     2     2    14
      0.1736161365 a       675     1     2     2    15
     -0.2246575495 a       676     1     2     2    16
     -0.0518419812 a       677     1     2     2    17
      0.5415804868 a       678     1     2     2    18
      0.3949789219 a       679     1     2     2    19
     -0.4491348753 a       680     1     2     2    20
     -0.4242542154 a       681     1     3     2     1
     -0.2665784330 a       682     1     3     2     2
     -0.0528871412 a       683     1     3     2     3
     -0.4616561294 a       684     1     3     2     4
     -0.2015440112 a       685     1     3     2     5
     -0.3036061498 a       686     1     3     2     6
     -0.2633749775 a       687     1     3     2     7
     -0.1723397797 a       688     1     3     2     8
     -0.1130323081 a       689     1     3     2     9
      0.6335229497 a       690     1     3     2    10
      0.6579861016 a       691     1     3     2    11
      0.0624860737 a       692     1     3     2    12
      0.0536411320 a       693     1     3     2    13
     -0.3459611530 a       694     1     3     2    14
     -0.2646211158 a       695     1     3     2    15
      0.1517121651 a       696     1     3     2    16
      0.0349634742 a       697     1     3     2    17
      0.1519083872 a       698     1     3     2    18
      0.0737220278 a       699     1     3     2    19
      0.4396823525 a       700     1     3     2    20
      0.5665669000 a       701     1     4     2     1
     -0.4834253864 a       702     1     4     2     2
      0.4431145512 a       703     1     4     2     3
      0.4023218976 a       704     1     4     2     4
     -0.3581729484 a       705     1     4     2     5
      0.4026467219 a       706     1     4     2     6
     -0.5426596520 a       707     1     4     2     7
     -0.2060396013 a       708     1     4     2     8
      0.5507674687 a       709     1     4     2     9
     -0.0164696150 a       710     1     4     2    10
     -0.2405560631 a       711     1     4     2    11
      0.3931949263 a       712     1     4     2    12
      0.4946863587 a       713     1     4     2    13
     -0.0636710893 a       714     1     4     2    14
     -0.1125270426 a       715     1     4     2    15
     -0.5816259227 a       716     1     4     2    16
     -0.0803008592 a       717     1     4     2    17
     -0.5738128415 a       718     1     4     2    18
      0.5271700873 a       719     1     4     2    19
     -0.3430545347 a       720     1     4     2    20
      0.3814246042 a       721     1     5     2     1
     -0.6495342277 a       722     1     5     2     2
      0.4751257139 a       723     1     5     2     3
      0.4236504990 a       724     1     5     2     4
     -0.2531098594 a       725     1     5     2     5
     -0.3978912435 a       726     1     5     2     6
     -0.1139022278 a       727     1     5     2     7
      0.0799492386 a       728     1     5     2     8
      0.2184364659 a       729     1     5     2     9
     -0.1911243181 a       730     1     5     2    10
     -0.5383876068 a       731     1     5     2    11
      0.4895274596 a       732     1     5     2    12
     -0.4304687229 a       733     1     5     2    13
      0.4470234447 a       734     1     5     2    14
     -0.0726791330 a       735     1     5     2    15
     -0.2865430746 a       736     1     5     2    16
     -0.0961228497 a       737     1     5     2    17
      0.1605369098 a       738     1     5     2    18
     -0.5631301780 a       739     1     5     2    19
     -0.0041783388 a       740     1     5     2    20
     -0.2743362586 a       741     1     6     2     1
     -0.0406511940 a       742     1     6     2     2
     -0.4542221787 a       743     1     6     2     3
      0.3238894840 a       744     1     6     2     4
     -0.0194763769 a       745     1     6     2     5
     -0.2931575297 a       746     1     6     2     6
     -0.4447898104 a       747     1     6     2     7
     -0.1377316779 a       748     1     6     2     8
     -0.4951633701 a       749     1     6     2     9
     -0.5909389458 a       750     1     6     2    10
     -0.1980430157 a       751     1     6     2    11
      0.0488132634 a       752     1     6     2    12
      0.4253402903 a       753     1     6     2    13
     -0.1804265180 a       754     1     6     2    14
      0.0034073433 a       755     1     6     2    15
     -0.3864867737 a       756     1     6     2    16
     -0.1871988122 a       757     1     6     2    17
     -0.2206521277 a       758     1     6     2    18
      0.4603152150 a       759     1     6     2    19
      0.4930258184 a       760     1     6     2    20
      0.3401508627 a       761     1     7     2     1
     -0.4013956292 a       762     1     7     2     2
      0.3442390589 a       763     1     7     2     3
      0.0196518266 a       764     1     7     2     4
     -0.1014593588 a       765     1     7     2     5
     -0.0012998429 a       766     1     7     2     6
      0.4285447127 a       767     1     7     2     7
     -0.4012923798 a       768     1     7     2     8
     -0.1047423058 a       769     1     7     2     9
     -0.0237855546 a       770     1     7     2    10
     -0.5379948436 a       771     1     7     2    11
      0.5762399248 a       772     1     7     2    12
      0.3156903199 a       773     1     7     2    13
     -0.4657389483 a       774     1     7     2    14
     -0.4492793383 a       775     1     7     2    15
      0.3232040945 a       776     1     7     2    16
      0.7197354505 a       777     1     7     2    17
      0.1564910623 a       778     1     7     2    18
     -0.1705755581 a       779     1     7     2    19
      0.3724587669 a       780     1     7     2    20
      0.5476467211 a       781     1     8     2     1
      0.4948867655 a       782     1     8     2     2
      0.4522364560 a       783     1     8     2     3
      0.3737930695 a       784     1     8     2     4
     -0.1463083715 a       785     1     8     2     5
     -0.1121308958 a       786     1     8     2     6
      0.5695804252 a       787     1     8     2     7
      0.0600629603 a       788     1     8     2     8
     -0.4994527275 a       789     1     8     2     9
      0.6558923068 a       790     1     8     2    10
     -0.0279692039 a       791     1     8     2    11
     -0.0742799726 a       792     1     8     2    12
     -0.4962096499 a       793     1     8     2    13
      0.4943139481 a       794     1     8     2    14
      0.4213634641 a       795     1     8     2    15
      0.5352733275 a       796     1     8     2    16
     -0.3966814034 a       797     1     8     2    17
      0.3079603991 a       798     1     8     2    18
      0.0192605624 a       799     1     8     2    19
     -0.0322718602 a       800     1     8     2    20
     -0.1174569050 a       801     1     9     2     1
      0.3652349543 a       802     1     9     2     2
      0.0700369884 a       803     1     9     2     3
     -0.4129823235 a       804     1     9     2     4
      0.5649936768 a       805     1     9     2     5
      0.5011952452 a       806     1     9     2     6
     -0.5682595024 a       807     1     9     2     7
      0.5898375524 a       808     1     9     2     8
     -0.0791278522 a       809     1     9     2     9
     -0.5826480882 a       810     1     9     2    10
      0.4574128157 a       811     1     9     2    11
      0.3335849253 a       812     1     9     2    12
     -0.0591798478 a       813     1     9     2    13
     -0.1867682212 a       814     1     9     2    14
      0.1968855829 a       815     1     9     2    15
      0.2284713889 a       816     1     9     2    16
     -0.0004736313 a       817     1     9     2    17
      0.3382957996 a       818     1     9     2    18
     -0.5280351714 a       819     1     9     2    19
     -0.1125861012 a       820     1     9     2    20
     -0.0007433212 a       821     1    10     2     1
      0.1354226690 a       822     1    10     2     2
      0.3535860796 a       823     1    10     2     3
     -0.1024765090 a       824     1    10     2     4
      0.5389705732 a       825     1    10     2     5
      0.1673918395 a       826     1    10     2     6
     -0.3031379226 a       827     1    10     2     7
     -0.2234022348 a       828     1    10     2     8
      0.0935679175 a       829     1    10     2     9
      0.1029032164 a       830     1    10     2    10
      0.4350076189 a       831     1    10     2    11
      0.3866781814 a       832     1    10     2    12
     -0.5065473721 a       833     1    10     2    13
     -0.4663140611 a       834     1    10     2    14
     -0.6101217287 a       835     1    10     2    15
      0.2090209833 a       836     1    10     2    16
      0.0504715229 a       837     1    10     2    17
      0.1720260104 a       838     1    10     2    18
     -0.5133704198 a       839     1    10     2    19
      0.5098297116 a       840     1    10     2    20
     -0.4824937220 a       841     1    11     2     1
      0.3865998039 a       842     1    11     2     2
      0.2345905437 a       843     1    11     2     3
     -0.1789146012 a       844     1    11     2     4
      0.0503787782 a       845     1    11     2     5
     -0.5860635098 a       846     1    11     2     6
     -0.1864915134 a       847     1    11     2     7
      0.2267846650 a       848     1    11     2     8
      0.0923841145 a       849     1    11     2     9
      0.2147341533 a       850     1    11     2    10
     -0.2549217251 a       851     1    11     2    11
     -0.4637284326 a       852     1    11     2    12
      0.4045540793 a       853     1    11     2    13
     -0.1265197928 a       854     1    11     2    14
      0.2975846371 a       855     1    11     2    15
      0.0047613256 a       856     1    11     2    16
     -0.4638087295 a       857     1    11     2    17
     -0.2771009233 a       858     1    11     2    18
      0.2550438145 a       859     1    11     2    19
      0.4629656682 a       860     1    11     2    20
     -0.4350021328 a       861     1    12     2     1
     -0.1333174480 a       862     1    12     2     2
     -0.2833591630 a       863     1    12     2     3
     -0.4216573263 a       864     1    12     2     4
      0.2682892256 a       865     1    12     2     5
      0.4171990037 a       866     1    12     2     6
      0.3745080198 a       867     1    12     2     7
      0.1902201704 a       868     1    12     2     8
      0.4703921992 a       869     1    12     2     9
      0.1049820765 a       870     1    12     2    10
     -0.2826885352 a       871     1    12     2    11
     -0.5187676570 a       872     1    12     2    12
     -0.3264554208 a       873     1    12     2    13
      0.4973316755 a       874     1    12     2    14
     -0.4096700863 a       875     1    12     2    15
     -0.3866495888 a       876     1    12     2    16
     -0.5286094305 a       877     1    12     2    17
      0.3791734134 a       878     1    12     2    18
      0.0894715078 a       879     1    12     2    19
     -0.0738641636 a       880     1    12     2    20
     -0.4211128475 a       881     1    13     2     1
     -0.1798143912 a       882     1    13     2     2
     -0.4178476656 a       883     1    13     2     3
      0.5604128452 a       884     1    13     2     4
      0.7288385152 a       885     1    13     2     5
     -0.4986695529 a       886     1    13     2     6
     -0.1299769999 a       887     1    13     2     7
     -0.6080959804 a       888     1    13     2     8
     -0.5155088105 a       889     1    13     2     9
      0.4197036687 a       890     1    13     2    10
      0.2417167869 a       891     1    13     2    11
     -0.0074239346 a       892     1    13     2    12
     -0.4017702898 a       893     1    13     2    13
      0.1235934799 a       894     1    13     2    14
     -0.4969933408 a       895     1    13     2    15
      0.5065976832 a       896     1    13     2    16
     -0.2133853078 a       897     1    13     2    17
     -0.4444122486 a       898     1    13     2    18
     -0.1796023294 a       899     1    13     2    19
     -0.4420267552 a       900     1    13     2    20
     -0.3675119799 a       901     1    14     2     1
     -0.0944341513 a       902     1    14     2     2
      0.4257231010 a       903     1    14     2     3
     -0.3567312021 a       904     1    14     2     4
      0.1799541699 a       905     1    14     2     5
     -0.2834374461 a       906     1    14     2     6
     -0.0361457170 a       907     1    14     2     7
     -0.3107844776 a       908     1    14     2     8
     -0.2597259976 a       909     1    14     2     9
      0.5001362883 a       910     1    14     2    10
      0.1023152245 a       911     1    14     2    11
     -0.0575873104 a       912     1    14     2    12
     -0.0186437912 a       913     1    14     2    13
     -0.3185585165 a       914     1    14     2    14
      0.4779757410 a       915     1    14     2    15
     -0.2618684097 a       916     1    14     2    16
     -0.2091465450 a       917     1    14     2    17
      0.1657722479 a       918     1    14     2    18
      0.2061570712 a       919     1    14     2    19
     -0.5228448536 a       920     1    14     2    20
      0.2138466627 a       921     1    15     2     1
     -0.2478027963 a       922     1    15     2     2
      0.4709923864 a       923     1    15     2     3
     -0.3689566480 a       924     1    15     2     4
     -0.4895624076 a       925     1    15     2     5
      0.2552115371 a       926     1    15     2     6
      0.4629492003 a       927     1    15     2     7
     -0.7055215775 a       928     1    15     2     8
      0.4236943336 a       929     1    15     2     9
      0.0593266683 a       930     1    15     2    10
     -0.1095407637 a       931     1    15     2    11
     -0.0279293246 a       932     1    15     2    12
     -0.4968163218 a       933     1    15     2    13
     -0.2930996455 a       934     1    15     2    14
      0.0442254753 a       935     1    15     2    15
     -0.5576824995 a       936     1    15     2    16
      0.6190103759 a       937     1    15     2    17
      0.3015177344 a       938     1    15     2    18
     -0.1185271972 a       939     1    15     2    19
     -0.0984146926 a       940     1    15     2    20
     -0.3757256320 a       941     1    16     2     1
     -0.4483964515 a       942     1    16     2     2
      0.0916682768 a       943     1    16     2     3
     -0.5164051363 a       944     1    16     2     4
     -0.0686276088 a       945     1    16     2     5
      0.4294445054 a       946     1    16     2     6
      0.5512496019 a       947     1    16     2     7
     -0.2350054616 a       948     1    16     2     8
      0.3924993639 a       949     1    16     2     9
     -0.0482572320 a       950     1    16     2    10
     -0.2388231427 a       951     1    16     2    11
      0.1316241003 a       952     1    16     2    12
      0.3035425007 a       953     1    16     2    13
      0.3764689931 a       954     1    16     2    14
     -0.2490339073 a       955     1    16     2    15
      0.4483663473 a       956     1    16     2    16
      0.4235533610 a       957     1    16     2    17
      0.0165927506 a       958     1    16     2    18
      0.1381048270 a       959     1    16     2    19
     -0.3928145645 a       960     1    16     2    20
      0.1518281963 a       961     1    17     2     1
     -0.5368899470 a       962     1    17     2     2
     -0.4335279357 a       963     1    17     2     3
      0.2530910874 a       964     1    17     2     4
      0.5838393277 a       965     1    17     2     5
      0.5064685706 a       966     1    17     2     6
      0.3130714671 a       967     1    17     2     7
     -0.0801325911 a       968     1    17     2     8
     -0.0698684990 a       969     1    17     2     9
     -0.5965712335 a       970     1    17     2    10
     -0.1451068284 a       971     1    17     2    11
     -0.1123139052 a       972     1    17     2    12
      0.0078511740 a       973     1    17     2    13
      0.4522670413 a       974     1    17     2    14
     -0.6173254946 a       975     1    17     2    15
      0.5441048688 a       976     1    17     2    16
     -0.4221776541 a       977     1    17     2    17
     -0.3042826087 a       978     1    17     2    18
      0.3408077925 a       979     1    17     2    19
     -0.4564071047 a       980     1    17     2    20
     -0.1593042396 a       981     1    18     2     1
      0.2886770769 a       982     1    18     2     2
      0.0275131367 a       983     1    18     2     3
     -0.1876952822 a       984     1    18     2     4
      0.0723845648 a       985     1    18     2     5
     -0.3620913594 a       986     1    18     2     6
      0.2166216519 a       987     1    18     2     7
     -0.2631387084 a       988     1    18     2     8
     -0.5570866509 a       989     1    18     2     9
     -0.2062994563 a       990     1    18     2    10
      0.3662758465 a       991     1    18     2    11
     -0.4248837495 a       992     1    18     2    12
      0.2604572230 a       993     1    18     2    13
      0.2147837060 a       994     1    18     2    14
      0.5378630480 a       995     1    18     2    15
     -0.2778756788 a       996     1    18     2    16
     -0.2859151667 a       997     1    18     2    17
     -0.6874412757 a       998     1    18     2    18
      0.2518449907 a       999     1    18     2    19
      0.3626865528 a      1000     1    18     2    20
      0.4169663448 a      1001     1    19     2     1
      0.0770865768 a      1002     1    19     2     2
     -0.0763840973 a      1003     1    19     2     3
      0.5220849804 a      1004     1    19     2     4
     -0.1405420461 a      1005     1    19     2     5
     -0.0131071906 a      1006     1    19     2     6
      0.0984694876 a      1007     1    19     2     7
     -0.4354895660 a      1008     1    19     2     8
     -0.3538096841 a      1009     1    19     2     9
      0.2514773004 a      1010     1    19     2    10
     -0.4822370281 a      1011     1    19     2    11
     -0.5475174378 a      1012     1    19     2    12
     -0.4859055007 a      1013     1    19     2    13
      0.5740371366 a      1014     1    19     2    14
     -0.3316076851 a      1015     1    19     2    15
     -0.0642024051 a      1016     1    19     2    16
     -0.3655685352 a      1017     1    19     2    17
      0.4380665940 a      1018     1    19     2    18
     -0.5403569395 a      1019     1    19     2    19
     -0.0238792060 a      1020     1    19     2    20
      0.4828041375 a      1021     1    20     2     1
      0.4357887676 a      1022     1    20     2     2
      0.2642143797 a      1023     1    20     2     3
      0.4334322299 a      1024     1    20     2     4
      0.2731233070 a      1025     1    20     2     5
     -0.2977884940 a      1026     1    20     2     6
      0.3685254093 a      1027     1    20     2     7
      0.7057789166 a      1028     1    20     2     8
     -0.5329133153 a      1029     1    20     2     9
     -0.0374835422 a      1030     1    20     2    10
     -0.2320407971 a      1031     1    20     2    11
      0.2672058321 a      1032     1    20     2    12
      0.5234234483 a      1033     1    20     2    13
     -0.4833695453 a      1034     1    20     2    14
      0.2252198631 a      1035     1    20     2    15
      0.2243290552 a      1036     1    20     2    16
     -0.6087505717 a      1037     1    20     2    17
     -0.5940979098 a      1038     1    20     2    18
     -0.3919467331 a      1039     1    20     2    19
     -0.5242381262 a      1040     1    20     2    20
      1.0897831864 b      1041     2     1
      1.2256936490 b      1042     2     2
     -1.4999277948 b      1043     2     3
      0.9243781041 b      1044     2     4
     -1.6210208775 b      1045     2     5
      1.2379192646 b      1046     2     6
     -1.2722850833 b      1047     2     7
      1.5359501220 b      1048     2     8
     -0.8464990487 b      1049     2     9
      1.4979617638 b      1050     2    10
      0.3070892128 b      1051     2    11
      1.2179253371 b      1052     2    12
      0.3582333037 b      1053     2    13
     -0.7027294493 b      1054     2    14
     -1.6129695971 b      1055     2    15
      0.4330598239 b      1056     2    16
     -0.8499870510 b      1057     2    17
      0.3438167392 b      1058     2    18
      1.4829713643 b      1059     2    19
      0.6187307243 b      1060     2    20
      0.0016104794 a      1061     2     1     3     1
      0.0193544067 a      1062     2     2     3     1
     -0.0041684355 a      1063     2     3     3     1
      0.0044587195 a      1064     2     4     3     1
     -0.0074872976 a      1065     2     5     3     1
      0.0105717792 a      1066     2     6     3     1
     -0.0065292481 a      1067     2     7     3     1
     -0.0081544835 a      1068     2     8     3     1
      0.0447482458 a      1069     2     9     3     1
      0.0153272539 a      1070     2    10     3     1
     -0.0063051626 a      1071     2    11     3     1
     -0.0242770303 a      1072     2    12     3     1
      0.0018550271 a      1073     2    13     3     1
      0.0022495386 a      1074     2    14     3     1
      0.0087354480 a      1075     2    15     3     1
      0.0071881460 a      1076     2    16     3     1
      0.0095543132 a      1077     2    17     3     1
     -0.0118148044 a      1078     2    18     3     1
      0.0048059714 a      1079     2    19     3     1
      0.0034211079 a      1080     2    20     3     1
     19.6579219802 b      1081     3     1
