     -0.3232986328 a         1     0     1     1     1
      0.3199257856 a         2     0     1     1     2
      0.9923511752 a         3     0     1     1     3
      0.4467039114 a         4     0     1     1     4
     -0.2482672331 a         5     0     1     1     5
     -0.6277767120 a         6     0     1     1     6
      0.9567700633 a         7     0     1     1     7
      0.4335939890 a         8     0     1     1     8
     -0.5864202378 a         9     0     1     1     9
      0.0351411108 a        10     0     1     1    10
      0.6169953353 a        11     0     1     1    11
     -0.1600869891 a        12     0     1     1    12
     -0.5825251935 a        13     0     1     1    13
     -0.5011462269 a        14     0     1     1    14
     -0.7648544609 a        15     0     1     1    15
     -0.9089547321 a        16     0     2     1     1
     -0.8021507262 a        17     0     2     1     2
      0.2527912860 a        18     0     2     1     3
      0.6629419334 a        19     0     2     1     4
      0.0656390195 a        20     0     2     1     5
     -0.8047173618 a        21     0     2     1     6
     -0.8848099485 a        22     0     2     1     7
      0.9991964110 a        23     0     2     1     8
     -0.5061845777 a        24     0     2     1     9
      0.5559432513 a        25     0     2     1    10
     -0.2614610192 a        26     0     2     1    11
     -0.3748639819 a        27     0     2     1    12
     -0.3390848038 a        28     0     2     1    13
     -0.9987036027 a        29     0     2     1    14
      0.7885494240 a        30     0     2     1    15
     -0.8501117229 a        31     0     3     1     1
      0.1721483474 a        32     0     3     1     2
     -0.7019261717 a        33     0     3     1     3
      0.7268176086 a        34     0     3     1     4
     -0.3769360778 a        35     0     3     1     5
      0.8351842173 a        36     0     3     1     6
      0.9408437022 a        37     0     3     1     7
      0.7594778545 a        38     0     3     1     8
      0.5447560555 a        39     0     3     1     9
     -0.2842848298 a        40     0     3     1    10
      0.0245062117 a        41     0     3     1    11
     -0.1241459247 a        42     0     3     1    12
     -0.5208684204 a        43     0     3     1    13
     -0.2357290980 a        44     0     3     1    14
      0.1006435160 a        45     0     3     1    15
     -0.4839240310 a        46     0     4     1     1
      0.6888263233 a        47     0     4     1     2
     -0.8956235796 a        48     0     4     1     3
     -0.7454862296 a        49     0     4     1     4
      0.6130027778 a        50     0     4     1     5
      0.7370299108 a        51     0     4     1     6
     -0.7380997239 a        52     0     4     1     7
      0.7578302629 a        53     0     4     1     8
      0.8538407095 a        54     0     4     1     9
      0.5013697154 a        55     0     4     1    10
      0.5201499468 a        56     0     4     1    11
      0.1596883540 a        57     0     4     1    12
     -0.1185217496 a        58     0     4     1    13
      0.0054090027 a        59     0     4     1    14
      0.9095165737 a        60     0     4     1    15
      0.2448999887 a        61     0     5     1     1
      0.0347371106 a        62     0     5     1     2
     -0.1735540029 a        63     0     5     1     3
     -0.9219694361 a        64     0     5     1     4
      0.4596722132 a        65     0     5     1     5
     -0.2881096003 a        66     0     5     1     6
     -0.2583951351 a        67     0     5     1     7
     -0.8469723015 a        68     0     5     1     8
      0.9365907915 a        69     0     5     1     9
     -0.7187995313 a        70     0     5     1    10
     -0.8635821640 a        71     0     5     1    11
     -0.2255240080 a        72     0     5     1    12
     -0.3822514412 a        73     0     5     1    13
     -0.5000347195 a        74     0     5     1    14
     -0.0833579894 a        75     0     5     1    15
     -0.9978837213 a        76     0     6     1     1
      0.5682969100 a        77     0     6     1     2
     -0.6342082320 a        78     0     6     1     3
      0.8620413549 a        79     0     6     1     4
      0.3296490913 a        80     0     6     1     5
      0.4119188791 a        81     0     6     1     6
     -0.8788335695 a        82     0     6     1     7
     -0.5558500586 a        83     0     6     1     8
     -0.1717311737 a        84     0     6     1     9
     -0.2861009237 a        85     0     6     1    10
     -0.4978330133 a        86     0     6     1    11
      0.9205141075 a        87     0     6     1    12
     -0.9186884388 a        88     0     6     1    13
     -0.3966221211 a        89     0     6     1    14
     -0.0281606909 a        90     0     6     1    15
      0.7027843006 a        91     0     7     1     1
     -0.3035547134 a        92     0     7     1     2
      0.1559318309 a        93     0     7     1     3
      0.7467209108 a        94     0     7     1     4
      0.1391788726 a        95     0     7     1     5
     -0.8210475742 a        96     0     7     1     6
      0.6534830339 a        97     0     7     1     7
     -0.9102257788 a        98     0     7     1     8
     -0.1646012660 a        99     0     7     1     9
     -0.4537593124 a       100     0     7     1    10
     -0.3330448267 a       101     0     7     1    11
      0.5153476006 a       102     0     7     1    12
     -0.5520612894 a       103     0     7     1    13
     -0.4939334390 a       104     0     7     1    14
      0.4610973603 a       105     0     7     1    15
     -0.3363830444 a       106     0     8     1     1
      0.4099847084 a       107     0     8     1     2
      0.6138094670 a       108     0     8     1     3
      0.2965277439 a       109     0     8     1     4
     -0.2586301562 a       110     0     8     1     5
     -0.7972539215 a       111     0     8     1     6
      0.5534033782 a       112     0     8     1     7
     -0.9491242431 a       113     0     8     1     8
      0.0688307290 a       114     0     8     1     9
      0.8390645988 a       115     0     8     1    10
      0.1580413585 a       116     0     8     1    11
      0.2003772264 a       117     0     8     1    12
     -0.2605501410 a       118     0     8     1    13
      0.9342342623 a       119     0     8     1    14
     -0.3240002987 a       120     0     8     1    15
      0.5271995074 a       121     0     9     1     1
      0.6424038417 a       122     0     9     1     2
      0.8808523424 a       123     0     9     1     3
      0.4848512417 a       124     0     9     1     4
      0.8954941042 a       125     0     9     1     5
      0.5685659653 a       126     0     9     1     6
     -0.1118503209 a       127     0     9     1     7
      0.1313909297 a       128     0     9     1     8
      0.2866050010 a       129     0     9     1     9
      0.9695490607 a       130     0     9     1    10
     -0.7894362806 a       131     0     9     1    11
     -0.0554589625 a       132     0     9     1    12
     -0.0988762971 a       133     0     9     1    13
      0.1864354615 a       134     0     9     1    14
     -0.5798700152 a       135     0     9     1    15
      0.1247329717 a       136     0    10     1     1
      0.3877600437 a       137     0    10     1     2
     -0.9178518727 a       138     0    10     1     3
     -0.3364245293 a       139     0    10     1     4
     -0.2871569392 a       140     0    10     1     5
     -0.2462071177 a       141     0    10     1     6
     -0.0031521316 a       142     0    10     1     7
     -0.9777813814 a       143     0    10     1     8
      0.4283063418 a       144     0    10     1     9
      0.5449219948 a       145     0    10     1    10
      0.5046418911 a       146     0    10     1    11
     -0.4846889971 a       147     0    10     1    12
     -0.1675817367 a       148     0    10     1    13
     -0.5463575123 a       149     0    10     1    14
     -0.6306772827 a       150     0    10     1    15
      0.2066915040 a       151     0    11     1     1
     -0.1349359747 a       152     0    11     1     2
      0.1306823497 a       153     0    11     1     3
      0.3785963064 a       154     0    11     1     4
     -0.9320177138 a       155     0    11     1     5
     -0.4216837285 a       156     0    11     1     6
      0.7612162836 a       157     0    11     1     7
     -0.2370125648 a       158     0    11     1     8
      0.5294168002 a       159     0    11     1     9
     -0.0925111171 a       160     0    11     1    10
     -0.8347353339 a       161     0    11     1    11
      0.6031658656 a       162     0    11     1    12
     -0.5916553436 a       163     0    11     1    13
      0.0486247544 a       164     0    11     1    14
     -0.7632512300 a       165     0    11     1    15
      0.0365146403 a       166     0    12     1     1
     -0.2990503308 a       167     0    12     1     2
     -0.1385808584 a       168     0    12     1     3
      0.8713423021 a       169     0    12     1     4
      0.6494632966 a       170     0    12     1     5
     -0.4704349039 a       171     0    12     1     6
     -0.5992881654 a       172     0    12     1     7
     -0.2361799475 a       173     0    12     1     8
      0.5238415009 a       174     0    12     1     9
      0.2049211269 a       175     0    12     1    10
      0.1091455226 a       176     0    12     1    11
      0.4078598028 a       177     0    12     1    12
      0.8987681874 a       178     0    12     1    13
     -0.4027917383 a       179     0    12     1    14
      0.2795373207 a       180     0    12     1    15
      0.1831234698 a       181     0    13     1     1
     -0.2442169782 a       182     0    13     1     2
     -0.5550343094 a       183     0    13     1     3
     -0.4618731735 a       184     0    13     1     4
     -0.7026455401 a       185     0    13     1     5
      0.6365327842 a       186     0    13     1     6
      0.2064113622 a       187     0    13     1     7
     -0.8450171947 a       188     0    13     1     8
     -0.2040535208 a       189     0    13     1     9
      0.4723821885 a       190     0    13     1    10
     -0.6717121600 a       191     0    13     1    11
      0.5339623696 a       192     0    13     1    12
      0.3057819610 a       193     0    13     1    13
     -0.7220320104 a       194     0    13     1    14
      0.8077815779 a       195     0    13     1    15
      0.3859354263 a       196     0    14     1     1
      0.4172437197 a       197     0    14     1     2
      0.6158866889 a       198     0    14     1     3
     -0.7915260195 a       199     0    14     1     4
      0.8220967062 a       200     0    14     1     5
      0.9800468691 a       201     0    14     1     6
     -0.3516111371 a       202     0    14     1     7
      0.4711962944 a       203     0    14     1     8
     -0.6032049952 a       204     0    14     1     9
     -0.0664796825 a       205     0    14     1    10
      0.6756947047 a       206     0    14     1    11
      0.4004971987 a       207     0    14     1    12
     -0.8434083163 a       208     0    14     1    13
      0.8365218647 a       209     0    14     1    14
     -0.5773158370 a       210     0    14     1    15
     -0.9472089745 a       211     0    15     1     1
      0.2587658172 a       212     0    15     1     2
     -0.9229247197 a       213     0    15     1     3
      0.4042826897 a       214     0    15     1     4
      0.7794796236 a       215     0    15     1     5
      0.7145985372 a       216     0    15     1     6
      0.2571935659 a       217     0    15     1     7
      0.6529361016 a       218     0    15     1     8
     -0.1036739346 a       219     0    15     1     9
     -0.4474261401 a       220     0    15     1    10
      0.1087858681 a       221     0    15     1    11
      0.3645879036 a       222     0    15     1    12
     -0.3720267412 a       223     0    15     1    13
     -0.6532204150 a       224     0    15     1    14
     -0.6755297779 a       225     0    15     1    15
      0.3709453350 a       226     0    16     1     1
      0.4787944561 a       227     0    16     1     2
     -0.9022474289 a       228     0    16     1     3
     -0.0725679394 a       229     0    16     1     4
      0.3502523905 a       230     0    16     1     5
      0.6924599416 a       231     0    16     1     6
      0.1742401128 a       232     0    16     1     7
      0.4537957913 a       233     0    16     1     8
      0.9465695628 a       234     0    16     1     9
      0.9949405202 a       235     0    16     1    10
     -0.0355212088 a       236     0    16     1    11
      0.9950751074 a       237     0    16     1    12
      0.2281777864 a       238     0    16     1    13
      0.9849176415 a       239     0    16     1    14
     -0.4884304998 a       240     0    16     1    15
      0.9490752228 a       241     0    17     1     1
     -0.8926813751 a       242     0    17     1     2
      0.7041287429 a       243     0    17     1     3
      0.2921124702 a       244     0    17     1     4
     -0.4651642440 a       245     0    17     1     5
     -0.0154632922 a       246     0    17     1     6
      0.1080577378 a       247     0    17     1     7
      0.1254298692 a       248     0    17     1     8
      0.0995146041 a       249     0    17     1     9
      0.5421394116 a       250     0    17     1    10
     -0.2632364032 a       251     0    17     1    11
     -0.2145403024 a       252     0    17     1    12
      0.2206838136 a       253     0    17     1    13
     -0.9666898288 a       254     0    17     1    14
      0.8440635212 a       255     0    17     1    15
      0.1761344676 a       256     0    18     1     1
      0.2928434616 a       257     0    18     1     2
     -0.1806132790 a       258     0    18     1     3
      0.4321665770 a       259     0    18     1     4
     -0.5764333902 a       260     0    18     1     5
     -0.1160983440 a       261     0    18     1     6
      0.7349772460 a       262     0    18     1     7
      0.7635306127 a       263     0    18     1     8
      0.6599800594 a       264     0    18     1     9
      0.2841860061 a       265     0    18     1    10
      0.3139555460 a       266     0    18     1    11
      0.6517231471 a       267     0    18     1    12
     -0.4890335796 a       268     0    18     1    13
      0.8127217300 a       269     0    18     1    14
     -0.5851461588 a       270     0    18     1    15
     -0.5513334272 a       271     0    19     1     1
     -0.2608487007 a       272     0    19     1     2
     -0.0837675925 a       273     0    19     1     3
      0.1185270552 a       274     0    19     1     4
      0.0851889853 a       275     0    19     1     5
     -0.2280810472 a       276     0    19     1     6
      0.6423096664 a       277     0    19     1     7
     -0.7008099555 a       278     0    19     1     8
     -0.5129057167 a       279     0    19     1     9
     -0.4064896104 a       280     0    19     1    10
      0.1288050418 a       281     0    19     1    11
      0.8260720976 a       282     0    19     1    12
     -0.2064108845 a       283     0    19     1    13
      0.8519357451 a       284     0    19     1    14
      0.4834582812 a       285     0    19     1    15
     -0.5172774194 a       286     0    20     1     1
      0.1184287076 a       287     0    20     1     2
      0.4322755343 a       288     0    20     1     3
     -0.7458612918 a       289     0    20     1     4
      0.3094727998 a       290     0    20     1     5
     -0.6913719176 a       291     0    20     1     6
      0.1120872502 a       292     0    20     1     7
     -0.1487237212 a       293     0    20     1     8
      0.3999497896 a       294     0    20     1     9
     -0.0444010492 a       295     0    20     1    10
     -0.2487307784 a       296     0    20     1    11
     -0.4183012245 a       297     0    20     1    12
     -0.3883034584 a       298     0    20     1    13
     -0.2162254449 a       299     0    20     1    14
     -0.1007394787 a       300     0    20     1    15
      0.8716763266 a       301     0    21     1     1
      0.2637405401 a       302     0    21     1     2
      0.6880407340 a       303     0    21     1     3
     -0.0989902612 a       304     0    21     1     4
      0.2705558544 a       305     0    21     1     5
     -0.7673318832 a       306     0    21     1     6
     -0.5469296871 a       307     0    21     1     7
     -0.2472345826 a       308     0    21     1     8
      0.7279640443 a       309     0    21     1     9
      0.8926807650 a       310     0    21     1    10
     -0.7151169776 a       311     0    21     1    11
     -0.9711670559 a       312     0    21     1    12
     -0.4047081468 a       313     0    21     1    13
      0.0706781153 a       314     0    21     1    14
     -0.1132590171 a       315     0    21     1    15
      0.4558725363 a       316     0    22     1     1
     -0.1501557823 a       317     0    22     1     2
      0.3317980772 a       318     0    22     1     3
      0.5310826308 a       319     0    22     1     4
     -0.0942855474 a       320     0    22     1     5
     -0.6576006411 a       321     0    22     1     6
     -0.2938965556 a       322     0    22     1     7
      0.4805904633 a       323     0    22     1     8
     -0.7153776883 a       324     0    22     1     9
      0.6470209367 a       325     0    22     1    10
      0.4815418726 a       326     0    22     1    11
     -0.7259018122 a       327     0    22     1    12
     -0.2318200466 a       328     0    22     1    13
     -0.1994752881 a       329     0    22     1    14
     -0.5814787744 a       330     0    22     1    15
     -0.9138388112 a       331     0    23     1     1
     -0.8888681754 a       332     0    23     1     2
      0.7926074274 a       333     0    23     1     3
     -0.6467941998 a       334     0    23     1     4
     -0.6700374185 a       335     0    23     1     5
      0.6810297973 a       336     0    23     1     6
      0.0685715680 a       337     0    23     1     7
      0.4829230315 a       338     0    23     1     8
      0.4882364279 a       339     0    23     1     9
     -0.2107459303 a       340     0    23     1    10
     -0.0066784616 a       341     0    23     1    11
     -0.2445748445 a       342     0    23     1    12
     -0.5691921411 a       343     0    23     1    13
     -0.4120962021 a       344     0    23     1    14
     -0.1012756821 a       345     0    23     1    15
     -0.1400435563 a       346     0    24     1     1
      0.2883564239 a       347     0    24     1     2
      0.4061673885 a       348     0    24     1     3
      0.4547057158 a       349     0    24     1     4
      0.2384341960 a       350     0    24     1     5
     -0.6361844836 a       351     0    24     1     6
     -0.3525375721 a       352     0    24     1     7
      0.9013390549 a       353     0    24     1     8
      0.8056850441 a       354     0    24     1     9
     -0.8505077212 a       355     0    24     1    10
     -0.4832551477 a       356     0    24     1    11
     -0.0692829486 a       357     0    24     1    12
     -0.4382812975 a       358     0    24     1    13
     -0.1934214231 a       359     0    24     1    14
     -0.8337008356 a       360     0    24     1    15
     -0.0099443789 a       361     0    25     1     1
      0.8646521576 a       362     0    25     1     2
      0.2090961938 a       363     0    25     1     3
      0.2795269495 a       364     0    25     1     4
      0.0102702383 a       365     0    25     1     5
      0.6121940619 a       366     0    25     1     6
     -0.8541803210 a       367     0    25     1     7
     -0.2086868283 a       368     0    25     1     8
      0.6001490361 a       369     0    25     1     9
      0.7039434917 a       370     0    25     1    10
     -0.8209823965 a       371     0    25     1    11
     -0.2511539456 a       372     0    25     1    12
      0.8555271633 a       373     0    25     1    13
      0.8450825222 a       374     0    25     1    14
     -0.6985955833 a       375     0    25     1    15
      0.7039688833 a       376     0    26     1     1
     -0.3948522208 a       377     0    26     1     2
     -0.2816651461 a       378     0    26     1     3
      0.0541100506 a       379     0    26     1     4
     -0.5725345312 a       380     0    26     1     5
     -0.5880529581 a       381     0    26     1     6
      0.5937460668 a       382     0    26     1     7
     -0.9095885977 a       383     0    26     1     8
      0.5444389588 a       384     0    26     1     9
      0.3848149782 a       385     0    26     1    10
     -0.4137363431 a       386     0    26     1    11
      0.3330621725 a       387     0    26     1    12
     -0.2236275670 a       388     0    26     1    13
     -0.5084234772 a       389     0    26     1    14
      0.9267128714 a       390     0    26     1    15
     -0.7360800504 a       391     0    27     1     1
      0.7023903139 a       392     0    27     1     2
     -0.9252735674 a       393     0    27     1     3
      0.9272152193 a       394     0    27     1     4
     -0.2930711505 a       395     0    27     1     5
      0.3528612858 a       396     0    27     1     6
      0.5402572161 a       397     0    27     1     7
      0.1030329470 a       398     0    27     1     8
     -0.3250232932 a       399     0    27     1     9
     -0.6665197908 a       400     0    27     1    10
     -0.1982167360 a       401     0    27     1    11
      0.5709433562 a       402     0    27     1    12
     -0.1553708311 a       403     0    27     1    13
      0.6826921708 a       404     0    27     1    14
      0.0079585318 a       405     0    27     1    15
     -0.2410334942 a       406     0    28     1     1
      0.9503617295 a       407     0    28     1     2
      0.7298080928 a       408     0    28     1     3
     -0.1147717830 a       409     0    28     1     4
     -0.9694654364 a       410     0    28     1     5
      0.1944104438 a       411     0    28     1     6
     -0.5438891349 a       412     0    28     1     7
      0.8551061161 a       413     0    28     1     8
     -0.2320528027 a       414     0    28     1     9
     -0.1112042066 a       415     0    28     1    10
      0.9904782780 a       416     0    28     1    11
      0.9676536330 a       417     0    28     1    12
     -0.6459053753 a       418     0    28     1    13
      0.2686074977 a       419     0    28     1    14
      0.4864504343 a       420     0    28     1    15
     -0.2278460261 a       421     0    29     1     1
      0.5914330489 a       422     0    29     1     2
      0.2147847419 a       423     0    29     1     3
     -0.1121686693 a       424     0    29     1     4
      0.7808778293 a       425     0    29     1     5
      0.2146652942 a       426     0    29     1     6
     -0.1201802489 a       427     0    29     1     7
      0.1305739884 a       428     0    29     1     8
      0.5571497685 a       429     0    29     1     9
      0.0154721741 a       430     0    29     1    10
      0.0404711966 a       431     0    29     1    11
      0.1987135415 a       432     0    29     1    12
     -0.2217100259 a       433     0    29     1    13
     -0.2799357769 a       434     0    29     1    14
     -0.8801319673 a       435     0    29     1    15
     -0.3780215380 a       436     0    30     1     1
      0.5920426852 a       437     0    30     1     2
      0.4612865454 a       438     0    30     1     3
      0.8431264170 a       439     0    30     1     4
      0.4256446367 a       440     0    30     1     5
     -0.1904168126 a       441     0    30     1     6
     -0.3354775903 a       442     0    30     1     7
     -0.3718280790 a       443     0    30     1     8
      0.6859469421 a       444     0    30     1     9
      0.7110081918 a       445     0    30     1    10
     -0.0847082134 a       446     0    30     1    11
      0.3094803100 a       447     0    30     1    12
     -0.5638020931 a       448     0    30     1    13
      0.1780340676 a       449     0    30     1    14
      0.2180280690 a       450     0    30     1    15
      0.3971000916 b       451     1     1
      0.0615687375 b       452     1     2
      0.7860063322 b       453     1     3
      0.4089430576 b       454     1     4
     -0.8934185057 b       455     1     5
      0.3151897197 b       456     1     6
     -0.6065356432 b       457     1     7
     -0.0444605943 b       458     1     8
      0.7506053455 b       459     1     9
     -0.5768176017 b       460     1    10
     -0.5735886691 b       461     1    11
     -0.3047928807 b       462     1    12
     -0.6541805266 b       463     1    13
     -0.8119692206 b       464     1    14
     -0.7667993604 b       465     1    15
      0.4030714041 a       466     1     1     2     1
      0.4211522347 a       467     1     1     2     2
      0.3062666660 a       468     1     1     2     3
     -0.5759555696 a       469     1     1     2     4
     -0.0854295488 a       470     1     1     2     5
      0.1855421071 a       471     1     1     2     6
      0.4070563322 a       472     1     1     2     7
     -0.6050527988 a       473     1     1     2     8
      0.8775635965 a       474     1     1     2     9
     -0.7891163974 a       475     1     1     2    10
     -0.6794007121 a       476     1     1     2    11
     -0.6875961124 a       477     1     1     2    12
     -0.4280636308 a       478     1     1     2    13
     -0.4658496974 a       479     1     1     2    14
      0.4643871790 a       480     1     1     2    15
      0.9561957129 a       481     1     2     2     1
      0.7817397125 a       482     1     2     2     2
      0.6994277246 a       483     1     2     2     3
     -0.7172452508 a       484     1     2     2     4
     -0.7408990263 a       485     1     2     2     5
     -0.2900910971 a       486     1     2     2     6
      0.4388540989 a       487     1     2     2     7
     -0.1800035235 a       488     1     2     2     8
      0.6807971008 a       489     1     2     2     9
      0.1571401362 a       490     1     2     2    10
     -0.9466839582 a       491     1     2     2    11
     -0.9172689393 a       492     1     2     2    12
     -0.5390780864 a       493     1     2     2    13
     -0.2855233547 a       494     1     2     2    14
     -0.7908811419 a       495     1     2     2    15
     -0.3393053410 a       496     1     3     2     1
     -0.7048338054 a       497     1     3     2     2
     -0.1417990323 a       498     1     3     2     3
      0.7831947811 a       499     1     3     2     4
     -0.8459231555 a       500     1     3     2     5
      0.5694006688 a       501     1     3     2     6
     -0.0821129676 a       502     1     3     2     7
     -0.0726767775 a       503     1     3     2     8
      0.5216995484 a       504     1     3     2     9
      0.2036381965 a       505     1     3     2    10
      0.5467624671 a       506     1     3     2    11
     -0.5630267559 a       507     1     3     2    12
     -0.7907793968 a       508     1     3     2    13
     -0.6293532251 a       509     1     3     2    14
      0.4603464609 a       510     1     3     2    15
     -0.9573739543 a       511     1     4     2     1
     -0.5840818284 a       512     1     4     2     2
     -0.6632899343 a       513     1     4     2     3
      0.0861847405 a       514     1     4     2     4
      0.5079052454 a       515     1     4     2     5
      0.3638529783 a       516     1     4     2     6
     -0.7237748801 a       517     1     4     2     7
     -0.4842993019 a       518     1     4     2     8
      0.3816648727 a       519     1     4     2     9
      0.6424409158 a       520     1     4     2    10
     -0.4961686728 a       521     1     4     2    11
      0.8927874573 a       522     1     4     2    12
     -0.9208592176 a       523     1     4     2    13
     -0.8809329271 a       524     1     4     2    14
      0.1602476840 a       525     1     4     2    15
     -0.7173773943 a       526     1     5     2     1
     -0.9619443677 a       527     1     5     2     2
      0.6010117537 a       528     1     5     2     3
     -0.7955316751 a       529     1     5     2     4
     -0.5009420810 a       530     1     5     2     5
      0.6664918668 a       531     1     5     2     6
     -0.2703479525 a       532     1     5     2     7
      0.2616804843 a       533     1     5     2     8
      0.0647310023 a       534     1     5     2     9
     -0.0660904642 a       535     1     5     2    10
     -0.7824623882 a       536     1     5     2    11
     -0.8454519808 a       537     1     5     2    12
      0.4884655482 a       538     1     5     2    13
     -0.3604070542 a       539     1     5     2    14
      0.6389544017 a       540     1     5     2    15
      0.9057854422 a       541     1     6     2     1
     -0.4637897608 a       542     1     6     2     2
     -0.9143065586 a       543     1     6     2     3
     -0.7503778337 a       544     1     6     2     4
      0.3997955328 a       545     1     6     2     5
     -0.6368858813 a       546     1     6     2     6
     -0.1410531994 a       547     1     6     2     7
     -0.6812783180 a       548     1     6     2     8
     -0.2445030805 a       549     1     6     2     9
      0.6363817460 a       550     1     6     2    10
     -0.3312106726 a       551     1     6     2    11
     -0.6574447452 a       552     1     6     2    12
      0.3262779718 a       553     1     6     2    13
     -0.2463926074 a       554     1     6     2    14
      0.8792293080 a       555     1     6     2    15
     -0.7926126420 a       556     1     7     2     1
      0.5594205863 a       557     1     7     2     2
      0.1821706300 a       558     1     7     2     3
     -0.2588468191 a       559     1     7     2     4
     -0.4386444089 a       560     1     7     2     5
     -0.2963615653 a       561     1     7     2     6
     -0.9485925734 a       562     1     7     2     7
     -0.9953494985 a       563     1     7     2     8
     -0.8390206694 a       564     1     7     2     9
      0.5795000798 a       565     1     7     2    10
     -0.3422981498 a       566     1     7     2    11
      0.9949030884 a       567     1     7     2    12
     -0.6631020902 a       568     1     7     2    13
     -0.7570804655 a       569     1     7     2    14
     -0.2513983247 a       570     1     7     2    15
      0.7481390245 a       571     1     8     2     1
     -0.0276640650 a       572     1     8     2     2
     -0.9501580521 a       573     1     8     2     3
      0.6936336763 a       574     1     8     2     4
     -0.0997874733 a       575     1     8     2     5
      0.8719213017 a       576     1     8     2     6
      0.3808960920 a       577     1     8     2     7
     -0.2800530788 a       578     1     8     2     8
     -0.8519857078 a       579     1     8     2     9
      0.6762558229 a       580     1     8     2    10
     -0.1688843366 a       581     1     8     2    11
     -0.4394515750 a       582     1     8     2    12
      0.1376603846 a       583     1     8     2    13
     -0.3413507340 a       584     1     8     2    14
      0.9185279616 a       585     1     8     2    15
     -0.3008925912 a       586     1     9     2     1
      0.8987214573 a       587     1     9     2     2
      0.8108147390 a       588     1     9     2     3
     -0.6374153493 a       589     1     9     2     4
      0.9603493222 a       590     1     9     2     5
      0.5905272967 a       591     1     9     2     6
      0.9929505595 a       592     1     9     2     7
      0.5190845734 a       593     1     9     2     8
      0.2543172841 a       594     1     9     2     9
      0.3097817903 a       595     1     9     2    10
      0.5035527951 a       596     1     9     2    11
     -0.7872013300 a       597     1     9     2    12
     -0.4927996991 a       598     1     9     2    13
     -0.4846831558 a       599     1     9     2    14
     -0.0696895119 a       600     1     9     2    15
      0.7282966382 a       601     1    10     2     1
      0.4806927449 a       602     1    10     2     2
     -0.9974583406 a       603     1    10     2     3
     -0.2823304531 a       604     1    10     2     4
      0.8721849926 a       605     1    10     2     5
      0.8126559265 a       606     1    10     2     6
      0.3078608518 a       607     1    10     2     7
      0.2177604442 a       608     1    10     2     8
     -0.1000412103 a       609     1    10     2     9
      0.6069726951 a       610     1    10     2    10
     -0.6106014250 a       611     1    10     2    11
     -0.3779619930 a       612     1    10     2    12
     -0.4067768452 a       613     1    10     2    13
     -0.6987030207 a       614     1    10     2    14
      0.8983628758 a       615     1    10     2    15
      0.7851208456 a       616     1    11     2     1
     -0.4743381140 a       617     1    11     2     2
     -0.2005257603 a       618     1    11     2     3
     -0.2363434431 a       619     1    11     2     4
     -0.2240123746 a       620     1    11     2     5
     -0.9755715281 a       621     1    11     2     6
     -0.4306878445 a       622     1    11     2     7
     -0.5707588492 a       623     1    11     2     8
     -0.7438216804 a       624     1    11     2     9
      0.5889700658 a       625     1    11     2    10
      0.8206951626 a       626     1    11     2    11
     -0.5766984521 a       627     1    11     2    12
     -0.5708990393 a       628     1    11     2    13
      0.8998150833 a       629     1    11     2    14
     -0.8082840293 a       630     1    11     2    15
     -0.8297113328 a       631     1    12     2     1
     -0.9584179669 a       632     1    12     2     2
     -0.1307390925 a       633     1    12     2     3
      0.6679954536 a       634     1    12     2     4
      0.9986661681 a       635     1    12     2     5
      0.5813339955 a       636     1    12     2     6
      0.4797127253 a       637     1    12     2     7
      0.5321509844 a       638     1    12     2     8
     -0.1374952194 a       639     1    12     2     9
     -0.8826361075 a       640     1    12     2    10
     -0.4650735853 a       641     1    12     2    11
     -0.4913248418 a       642     1    12     2    12
      0.3030718570 a       643     1    12     2    13
     -0.2717046139 a       644     1    12     2    14
     -0.5391940771 a       645     1    12     2    15
     -0.2349780199 a       646     1    13     2     1
      0.7245458372 a       647     1    13     2     2
     -0.5578002630 a       648     1    13     2     3
     -0.9488943554 a       649     1    13     2     4
     -0.0674315687 a       650     1    13     2     5
      0.6773906953 a       651     1    13     2     6
      0.9047131546 a       652     1    13     2     7
     -0.4851945637 a       653     1    13     2     8
     -0.6652500032 a       654     1    13     2     9
     -0.8567408621 a       655     1    13     2    10
      0.7562217720 a       656     1    13     2    11
     -0.1816474792 a       657     1    13     2    12
     -0.9493699595 a       658     1    13     2    13
     -0.0608938332 a       659     1    13     2    14
      0.5574706799 a       660     1    13     2    15
     -0.5911107062 a       661     1    14     2     1
     -0.7974345981 a       662     1    14     2     2
     -0.4831809399 a       663     1    14     2     3
     -0.8216970562 a       664     1    14     2     4
     -0.2625489232 a       665     1    14     2     5
     -0.6602209507 a       666     1    14     2     6
     -0.3334711787 a       667     1    14     2     7
     -0.6501629947 a       668     1    14     2     8
      0.7106263645 a       669     1    14     2     9
     -0.5027222929 a       670     1    14     2    10
      0.7463135727 a       671     1    14     2    11
     -0.7082681357 a       672     1    14     2    12
      0.1373502021 a       673     1    14     2    13
      0.4449881321 a       674     1    14     2    14
      0.9163517960 a       675     1    14     2    15
     -0.8759579360 a       676     1    15     2     1
     -0.2250614759 a       677     1    15     2     2
     -0.6086632310 a       678     1    15     2     3
      0.1972652679 a       679     1    15     2     4
     -0.5634558497 a       680     1    15     2     5
     -0.0024499889 a       681     1    15     2     6
      0.8234599836 a       682     1    15     2     7
     -0.1086327430 a       683     1    15     2     8
      0.2093641763 a       684     1    15     2     9
      0.7828668363 a       685     1    15     2    10
     -0.3572054503 a       686     1    15     2    11
      0.4482170349 a       687     1    15     2    12
     -0.8163707852 a       688     1    15     2    13
     -0.7436764537 a       689     1    15     2    14
     -0.9702827167 a       690     1    15     2    15
      0.4583810574 b       691     2     1
      0.0102919344 b       692     2     2
      0.9765428313 b       693     2     3
      0.7560088642 b       694     2     4
      0.2414826160 b       695     2     5
      0.5983905799 b       696     2     6
     -0.8500859737 b       697     2     7
      0.6049779660 b       698     2     8
     -0.1360906955 b       699     2     9
      0.7235562808 b       700     2    10
      0.8099597700 b       701     2    11
      0.9944820412 b       702     2    12
      0.2596843248 b       703     2    13
      0.5149329907 b       704     2    14
      0.4790577895 b       705     2    15
     -0.4758564828 a       706     2     1     3     1
      0.2804232841 a       707     2     2     3     1
     -0.9252524450 a       708     2     3     3     1
     -0.7178275882 a       709     2     4     3     1
     -0.5282277165 a       710     2     5     3     1
      0.0766441826 a       711     2     6     3     1
      0.1583404546 a       712     2     7     3     1
     -0.7716814428 a       713     2     8     3     1
      0.3499134785 a       714     2     9     3     1
      0.9950039395 a       715     2    10     3     1
     -0.9678479135 a       716     2    11     3     1
     -0.6198663412 a       717     2    12     3     1
     -0.0937682983 a       718     2    13     3     1
      0.0359146599 a       719     2    14     3     1
     -0.3819026944 a       720     2    15     3     1
     -0.6387259065 b       721     3     1
