     -0.7643024898 a         1     0     1     1     1
     -0.8104571024 a         2     0     1     1     2
     -0.1010127499 a         3     0     1     1     3
      0.9182725166 a         4     0     1     1     4
     -0.8180487314 a         5     0     1     1     5
      0.0016795251 a         6     0     1     1     6
      0.7217684942 a         7     0     1     1     7
      0.8921262321 a         8     0     1     1     8
     -0.4149660119 a         9     0     1     1     9
      0.3093817595 a        10     0     1     1    10
     -0.8196309302 a        11     0     1     1    11
     -0.5217181123 a        12     0     1     1    12
      0.8625570256 a        13     0     1     1    13
      0.6879025106 a        14     0     1     1    14
     -0.7907713802 a        15     0     1     1    15
     -0.5513582319 a        16     0     2     1     1
      0.3650394665 a        17     0     2     1     2
     -0.9039130220 a        18     0     2     1     3
     -0.9007202910 a        19     0     2     1     4
     -0.3494225581 a        20     0     2     1     5
      0.4252260255 a        21     0     2     1     6
      0.1571381590 a        22     0     2     1     7
     -0.7834791691 a        23     0     2     1     8
     -0.7580472062 a        24     0     2     1     9
      0.2480444531 a        25     0     2     1    10
      0.9405994871 a        26     0     2     1    11
     -0.0241223124 a        27     0     2     1    12
      0.8683235360 a        28     0     2     1    13
     -0.3362847874 a        29     0     2     1    14
      0.2437835082 a        30     0     2     1    15
      0.4923798035 a        31     0     3     1     1
      0.7201629632 a        32     0     3     1     2
     -0.0066502547 a        33     0     3     1     3
     -0.9000748612 a        34     0     3     1     4
     -0.1693688726 a        35     0     3     1     5
      0.4302297194 a        36     0     3     1     6
     -0.6285789042 a        37     0     3     1     7
     -0.1927441743 a        38     0     3     1     8
     -0.2875798073 a        39     0     3     1     9
      0.6732511620 a        40     0     3     1    10
     -0.6368594783 a        41     0     3     1    11
      0.1057845640 a        42     0     3     1    12
      0.3792190678 a        43     0     3     1    13
      0.3385817439 a        44     0     3     1    14
     -0.3792019269 a        45     0     3     1    15
     -0.0777571084 a        46     0     4     1     1
      0.5975737570 a        47     0     4     1     2
     -0.0427815419 a        48     0     4     1     3
     -0.6690943185 a        49     0     4     1     4
     -0.2098119949 a        50     0     4     1     5
      0.8369355150 a        51     0     4     1     6
      0.0948641240 a        52     0     4     1     7
      0.6280110377 a        53     0     4     1     8
     -0.4152727079 a        54     0     4     1     9
      0.6877455537 a        55     0     4     1    10
      0.6927671359 a        56     0     4     1    11
     -0.9460006796 a        57     0     4     1    12
     -0.2881264768 a        58     0     4     1    13
      0.9677517262 a        59     0     4     1    14
      0.6140921991 a        60     0     4     1    15
      0.5189816402 a        61     0     5     1     1
     -0.2969141208 a        62     0     5     1     2
      0.2909141468 a        63     0     5     1     3
     -0.7975563880 a        64     0     5     1     4
     -0.8361141587 a        65     0     5     1     5
     -0.7379612306 a        66     0     5     1     6
     -0.8365883015 a        67     0     5     1     7
     -0.4377851825 a        68     0     5     1     8
     -0.8836423076 a        69     0     5     1     9
      0.1564915529 a        70     0     5     1    10
     -0.5491661036 a        71     0     5     1    11
     -0.9817100109 a        72     0     5     1    12
     -0.7408689228 a        73     0     5     1    13
      0.7864310346 a        74     0     5     1    14
      0.5932686243 a        75     0     5     1    15
      0.0191668157 a        76     0     6     1     1
     -0.4175410815 a        77     0     6     1     2
     -0.2182178336 a        78     0     6     1     3
     -0.1424659524 a        79     0     6     1     4
      0.4761776799 a        80     0     6     1     5
     -0.8816224071 a        81     0     6     1     6
      0.7583851260 a        82     0     6     1     7
      0.8641018442 a        83     0     6     1     8
     -0.2657574081 a        84     0     6     1     9
     -0.5125738972 a        85     0     6     1    10
      0.9082283173 a        86     0     6     1    11
     -0.6802247418 a        87     0     6     1    12
      0.2988093872 a        88     0     6     1    13
     -0.3870861724 a        89     0     6     1    14
     -0.5643596214 a        90     0     6     1    15
     -0.4771470788 a        91     0     7     1     1
     -0.6647096674 a        92     0     7     1     2
      0.9471874789 a        93     0     7     1     3
     -0.2296850798 a        94     0     7     1     4
     -0.0163992277 a        95     0     7     1     5
     -0.3401032539 a        96     0     7     1     6
      0.9225757888 a        97     0     7     1     7
     -0.7345485597 a        98     0     7     1     8
     -0.4676367762 a        99     0     7     1     9
      0.7486867762 a       100     0     7     1    10
     -0.8250191828 a       101     0     7     1    11
     -0.2310713500 a       102     0     7     1    12
     -0.5793818331 a       103     0     7     1    13
      0.6123250875 a       104     0     7     1    14
      0.9652665161 a       105     0     7     1    15
     -0.5826866161 a       106     0     8     1     1
     -0.3615178527 a       107     0     8     1     2
     -0.7481621250 a       108     0     8     1     3
      0.7219741438 a       109     0     8     1     4
      0.5107280455 a       110     0     8     1     5
      0.6617028635 a       111     0     8     1     6
     -0.6642482777 a       112     0     8     1     7
     -0.0739198914 a       113     0     8     1     8
      0.8718236689 a       114     0     8     1     9
     -0.9830718510 a       115     0     8     1    10
      0.2847768832 a       116     0     8     1    11
      0.2883030685 a       117     0     8     1    12
      0.6495934715 a       118     0     8     1    13
      0.0637786395 a       119     0     8     1    14
     -0.2006114588 a       120     0     8     1    15
     -0.1277091631 a       121     0     9     1     1
     -0.2863286898 a       122     0     9     1     2
     -0.8867738164 a       123     0     9     1     3
     -0.4280809334 a       124     0     9     1     4
      0.7201512296 a       125     0     9     1     5
     -0.7353192600 a       126     0     9     1     6
     -0.5493825485 a       127     0     9     1     7
     -0.6002033286 a       128     0     9     1     8
      0.0296333338 a       129     0     9     1     9
      0.3077345208 a       130     0     9     1    10
      0.2943621659 a       131     0     9     1    11
      0.9245207248 a       132     0     9     1    12
     -0.6688673562 a       133     0     9     1    13
      0.1939440849 a       134     0     9     1    14
      0.3360650705 a       135     0     9     1    15
     -0.5052458131 a       136     0    10     1     1
     -0.3640669348 a       137     0    10     1     2
      0.1572253977 a       138     0    10     1     3
      0.9673794599 a       139     0    10     1     4
     -0.3270741790 a       140     0    10     1     5
     -0.8731365017 a       141     0    10     1     6
     -0.1268798198 a       142     0    10     1     7
      0.4690506247 a       143     0    10     1     8
     -0.5411499674 a       144     0    10     1     9
      0.7283639733 a       145     0    10     1    10
     -0.9243321659 a       146     0    10     1    11
     -0.8801738552 a       147     0    10     1    12
      0.6002882710 a       148     0    10     1    13
     -0.9936221228 a       149     0    10     1    14
      0.3789155306 a       150     0    10     1    15
     -0.2824917825 a       151     0    11     1     1
      0.2870601818 a       152     0    11     1     2
     -0.7321958306 a       153     0    11     1     3
     -0.1604984185 a       154     0    11     1     4
      0.5742934608 a       155     0    11     1     5
      0.1653222251 a       156     0    11     1     6
      0.0334677943 a       157     0    11     1     7
     -0.9007429868 a       158     0    11     1     8
     -0.3778136644 a       159     0    11     1     9
      0.0689562274 a       160     0    11     1    10
     -0.8126041395 a       161     0    11     1    11
     -0.0160913371 a       162     0    11     1    12
      0.6906040825 a       163     0    11     1    13
      0.0799787629 a       164     0    11     1    14
     -0.2860312947 a       165     0    11     1    15
      0.9306903942 a       166     0    12     1     1
      0.9534342403 a       167     0    12     1     2
      0.0458963393 a       168     0    12     1     3
      0.1999988671 a       169     0    12     1     4
     -0.6955901316 a       170     0    12     1     5
      0.5533499911 a       171     0    12     1     6
     -0.7567105083 a       172     0    12     1     7
     -0.8604824252 a       173     0    12     1     8
      0.3107608681 a       174     0    12     1     9
     -0.1606688728 a       175     0    12     1    10
      0.6586339584 a       176     0    12     1    11
      0.0310350205 a       177     0    12     1    12
     -0.6088489552 a       178     0    12     1    13
      0.1839144969 a       179     0    12     1    14
      0.3628828010 a       180     0    12     1    15
      0.0681682486 a       181     0    13     1     1
      0.0548709067 a       182     0    13     1     2
     -0.8441047957 a       183     0    13     1     3
     -0.1330522169 a       184     0    13     1     4
      0.7652023278 a       185     0    13     1     5
      0.3546643577 a       186     0    13     1     6
      0.7988664325 a       187     0    13     1     7
     -0.0527290620 a       188     0    13     1     8
     -0.3809777103 a       189     0    13     1     9
     -0.9473004599 a       190     0    13     1    10
      0.4321266795 a       191     0    13     1    11
     -0.9809333724 a       192     0    13     1    12
     -0.8892730926 a       193     0    13     1    13
     -0.1632544439 a       194     0    13     1    14
     -0.2128521239 a       195     0    13     1    15
     -0.3104636440 a       196     0    14     1     1
      0.0560407972 a       197     0    14     1     2
     -0.1597568895 a       198     0    14     1     3
     -0.2253234133 a       199     0    14     1     4
      0.1038460813 a       200     0    14     1     5
      0.7059422412 a       201     0    14     1     6
     -0.6230334407 a       202     0    14     1     7
     -0.3912118111 a       203     0    14     1     8
     -0.7210256150 a       204     0    14     1     9
      0.2623301158 a       205     0    14     1    10
     -0.6620136589 a       206     0    14     1    11
      0.2199742503 a       207     0    14     1    12
      0.4895907687 a       208     0    14     1    13
     -0.8209810693 a       209     0    14     1    14
     -0.9618826605 a       210     0    14     1    15
      0.3663393647 a       211     0    15     1     1
      0.8640252186 a       212     0    15     1     2
     -0.6228382885 a       213     0    15     1     3
     -0.5105430245 a       214     0    15     1     4
      0.6148122721 a       215     0    15     1     5
     -0.9128875764 a       216     0    15     1     6
     -0.0694931260 a       217     0    15     1     7
      0.2087876499 a       218     0    15     1     8
      0.9549207756 a       219     0    15     1     9
      0.4517228073 a       220     0    15     1    10
      0.7498938987 a       221     0    15     1    11
     -1.0139952076 a       222     0    15     1    12
      0.2843281633 a       223     0    15     1    13
      0.8622970974 a       224     0    15     1    14
      0.2270011337 a       225     0    15     1    15
      0.9632090148 a       226     0    16     1     1
      0.6122722007 a       227     0    16     1     2
     -0.4691752918 a       228     0    16     1     3
      0.7898717548 a       229     0    16     1     4
      0.3554499239 a       230     0    16     1     5
     -0.8522132313 a       231     0    16     1     6
     -0.8077816648 a       232     0    16     1     7
     -0.6809258413 a       233     0    16     1     8
      0.2456352899 a       234     0    16     1     9
     -0.1033775788 a       235     0    16     1    10
      0.3046181338 a       236     0    16     1    11
     -0.6531185597 a       237     0    16     1    12
     -0.8264218390 a       238     0    16     1    13
     -0.3466263358 a       239     0    16     1    14
      0.0137380632 a       240     0    16     1    15
      0.8528107993 a       241     0    17     1     1
     -0.3729180022 a       242     0    17     1     2
      0.2551831352 a       243     0    17     1     3
      0.3842567351 a       244     0    17     1     4
      0.2074425088 a       245     0    17     1     5
      0.2098440525 a       246     0    17     1     6
     -0.7574548384 a       247     0    17     1     7
      0.1104590674 a       248     0    17     1     8
      0.2688723006 a       249     0    17     1     9
     -0.8520179262 a       250     0    17     1    10
     -0.3586207898 a       251     0    17     1    11
      0.7317790500 a       252     0    17     1    12
      0.0910737071 a       253     0    17     1    13
     -0.1352324614 a       254     0    17     1    14
      0.7737859852 a       255     0    17     1    15
      0.2991331153 a       256     0    18     1     1
      0.5200182626 a       257     0    18     1     2
      0.8012359112 a       258     0    18     1     3
     -0.2135633933 a       259     0    18     1     4
     -0.3647131803 a       260     0    18     1     5
     -0.8496394660 a       261     0    18     1     6
     -0.8652862587 a       262     0    18     1     7
     -0.1488821498 a       263     0    18     1     8
     -0.5193787130 a       264     0    18     1     9
     -0.6309668655 a       265     0    18     1    10
     -0.3670132702 a       266     0    18     1    11
     -0.1563481891 a       267     0    18     1    12
      0.3356312944 a       268     0    18     1    13
      0.6813019574 a       269     0    18     1    14
      0.6393693481 a       270     0    18     1    15
     -0.3936922678 a       271     0    19     1     1
     -0.2598273286 a       272     0    19     1     2
      0.0404150170 a       273     0    19     1     3
      0.9835066855 a       274     0    19     1     4
     -0.5260368478 a       275     0    19     1     5
      0.9372029524 a       276     0    19     1     6
      0.9208061314 a       277     0    19     1     7
     -0.2044277677 a       278     0    19     1     8
     -0.7715409128 a       279     0    19     1     9
      0.5490208749 a       280     0    19     1    10
      0.7831578997 a       281     0    19     1    11
      0.4458558903 a       282     0    19     1    12
     -0.1312737070 a       283     0    19     1    13
     -0.9511122286 a       284     0    19     1    14
     -0.3022995240 a       285     0    19     1    15
     -0.6766880899 a       286     0    20     1     1
      0.6465720319 a       287     0    20     1     2
      0.7570020756 a       288     0    20     1     3
      0.3673757346 a       289     0    20     1     4
      0.9417505683 a       290     0    20     1     5
      0.4084631624 a       291     0    20     1     6
      0.0158126710 a       292     0    20     1     7
     -0.8465218041 a       293     0    20     1     8
     -0.4453528054 a       294     0    20     1     9
     -0.4926674962 a       295     0    20     1    10
      0.8142174947 a       296     0    20     1    11
     -0.8794500162 a       297     0    20     1    12
      0.7035034808 a       298     0    20     1    13
      0.1922580967 a       299     0    20     1    14
     -0.9295538687 a       300     0    20     1    15
      0.0172883907 a       301     0    21     1     1
      0.1330078224 a       302     0    21     1     2
      0.1275005672 a       303     0    21     1     3
      0.8973202194 a       304     0    21     1     4
      0.7641548579 a       305     0    21     1     5
     -0.6595276883 a       306     0    21     1     6
      0.7312469994 a       307     0    21     1     7
      0.8995734304 a       308     0    21     1     8
      0.7028126627 a       309     0    21     1     9
      0.9731495291 a       310     0    21     1    10
     -0.1040875119 a       311     0    21     1    11
     -0.8921024622 a       312     0    21     1    12
     -0.7212568360 a       313     0    21     1    13
      0.7957038285 a       314     0    21     1    14
     -0.2061942353 a       315     0    21     1    15
      0.5958032036 a       316     0    22     1     1
     -0.6058328928 a       317     0    22     1     2
     -0.2566477957 a       318     0    22     1     3
     -0.3799591715 a       319     0    22     1     4
     -0.5520469625 a       320     0    22     1     5
     -0.2359870377 a       321     0    22     1     6
     -0.4835882970 a       322     0    22     1     7
     -0.1856685196 a       323     0    22     1     8
      0.4721422036 a       324     0    22     1     9
      0.8809768702 a       325     0    22     1    10
      0.9111785169 a       326     0    22     1    11
      0.3813946295 a       327     0    22     1    12
     -0.0218619033 a       328     0    22     1    13
      0.5817408248 a       329     0    22     1    14
      0.3865816000 a       330     0    22     1    15
      0.8525262374 a       331     0    23     1     1
     -0.6030703102 a       332     0    23     1     2
      0.1736047780 a       333     0    23     1     3
     -0.0790424308 a       334     0    23     1     4
      0.8286397454 a       335     0    23     1     5
      0.1089434458 a       336     0    23     1     6
     -0.1338650532 a       337     0    23     1     7
     -0.3364046552 a       338     0    23     1     8
     -0.5789060667 a       339     0    23     1     9
     -0.6407358621 a       340     0    23     1    10
      0.0187758390 a       341     0    23     1    11
     -0.0072154123 a       342     0    23     1    12
      0.1396700505 a       343     0    23     1    13
     -0.7503975754 a       344     0    23     1    14
     -0.3410222296 a       345     0    23     1    15
      0.6857440148 a       346     0    24     1     1
     -0.5180002537 a       347     0    24     1     2
     -0.6237137510 a       348     0    24     1     3
     -0.3170417763 a       349     0    24     1     4
      1.0534902941 a       350     0    24     1     5
     -0.5818042219 a       351     0    24     1     6
      0.4305354518 a       352     0    24     1     7
     -0.0685223345 a       353     0    24     1     8
      0.6948863699 a       354     0    24     1     9
     -0.2972556950 a       355     0    24     1    10
      0.8191936580 a       356     0    24     1    11
      0.3580709574 a       357     0    24     1    12
     -0.7441555803 a       358     0    24     1    13
     -0.0505524018 a       359     0    24     1    14
     -0.7369102507 a       360     0    24     1    15
      0.2301383015 a       361     0    25     1     1
      0.1866682707 a       362     0    25     1     2
      0.3293198623 a       363     0    25     1     3
      0.6695900655 a       364     0    25     1     4
     -0.7010904774 a       365     0    25     1     5
      0.3121183874 a       366     0    25     1     6
      0.8101916362 a       367     0    25     1     7
      0.3123897798 a       368     0    25     1     8
     -0.2089825441 a       369     0    25     1     9
      0.1172444634 a       370     0    25     1    10
     -0.8017316520 a       371     0    25     1    11
     -0.6299192042 a       372     0    25     1    12
      0.4989297658 a       373     0    25     1    13
      0.3317032111 a       374     0    25     1    14
      0.5366292411 a       375     0    25     1    15
      0.3892068112 a       376     0    26     1     1
      0.0890682868 a       377     0    26     1     2
     -0.6434466839 a       378     0    26     1     3
     -0.6646631950 a       379     0    26     1     4
     -0.2083189758 a       380     0    26     1     5
     -0.0622453843 a       381     0    26     1     6
      0.1076947992 a       382     0    26     1     7
     -0.6683365020 a       383     0    26     1     8
      0.8864973911 a       384     0    26     1     9
      0.1018972443 a       385     0    26     1    10
      0.0133662390 a       386     0    26     1    11
     -0.4198478803 a       387     0    26     1    12
      0.4850486655 a       388     0    26     1    13
      0.1139626755 a       389     0    26     1    14
     -0.8490012529 a       390     0    26     1    15
      0.1387017398 a       391     0    27     1     1
     -0.5393864106 a       392     0    27     1     2
      0.1031610825 a       393     0    27     1     3
     -0.3125850491 a       394     0    27     1     4
     -0.2236618889 a       395     0    27     1     5
      0.3749629071 a       396     0    27     1     6
     -0.2614805970 a       397     0    27     1     7
     -0.7735580749 a       398     0    27     1     8
     -0.9651633880 a       399     0    27     1     9
      0.6289756699 a       400     0    27     1    10
     -0.8160622733 a       401     0    27     1    11
      0.6483693810 a       402     0    27     1    12
     -0.2298924105 a       403     0    27     1    13
      0.8764988384 a       404     0    27     1    14
      0.7417027046 a       405     0    27     1    15
      0.6562240811 b       406     1     1
     -0.4277447029 b       407     1     2
      1.1815071053 b       408     1     3
     -0.7066548803 b       409     1     4
      0.4457850241 b       410     1     5
     -0.2075650284 b       411     1     6
      0.5163236699 b       412     1     7
     -0.7099308081 b       413     1     8
      0.5776020108 b       414     1     9
      0.6357838554 b       415     1    10
      0.2968453337 b       416     1    11
     -0.6675557070 b       417     1    12
      0.9162513696 b       418     1    13
     -0.5848770067 b       419     1    14
     -0.6058198890 b       420     1    15
      0.6526023295 a       421     1     1     2     1
     -0.1020797568 a       422     1     1     2     2
      0.0969994394 a       423     1     1     2     3
     -0.3972429247 a       424     1     1     2     4
      0.6020729152 a       425     1     1     2     5
      0.7241505911 a       426     1     1     2     6
     -0.0353792811 a       427     1     1     2     7
     -0.0538106422 a       428     1     1     2     8
     -0.9236095476 a       429     1     1     2     9
      0.6760001062 a       430     1     1     2    10
     -0.0999450117 a       431     1     1     2    11
     -0.9721660766 a       432     1     1     2    12
      0.3555597878 a       433     1     1     2    13
     -0.8858392608 a       434     1     1     2    14
      0.9303651077 a       435     1     1     2    15
     -0.1003222891 a       436     1     2     2     1
     -0.1992953886 a       437     1     2     2     2
     -0.0419688490 a       438     1     2     2     3
      0.2072958590 a       439     1     2     2     4
      0.4904161845 a       440     1     2     2     5
     -0.9164120168 a       441     1     2     2     6
      0.8201977027 a       442     1     2     2     7
      0.4230601849 a       443     1     2     2     8
     -0.4308961722 a       444     1     2     2     9
     -0.1816391322 a       445     1     2     2    10
      0.1507436051 a       446     1     2     2    11
     -0.9126626491 a       447     1     2     2    12
      0.2623076565 a       448     1     2     2    13
      0.3983038311 a       449     1     2     2    14
      0.1698764965 a       450     1     2     2    15
     -0.5520759996 a       451     1     3     2     1
      0.7519120796 a       452     1     3     2     2
     -0.6439242472 a       453     1     3     2     3
     -0.1928503616 a       454     1     3     2     4
      0.9132276504 a       455     1     3     2     5
     -0.9456742291 a       456     1     3     2     6
     -0.8644199501 a       457     1     3     2     7
     -0.9133847679 a       458     1     3     2     8
      0.2374461887 a       459     1     3     2     9
     -0.3743184096 a       460     1     3     2    10
      0.5802650600 a       461     1     3     2    11
      0.0307509717 a       462     1     3     2    12
      0.9157825362 a       463     1     3     2    13
     -0.2996161204 a       464     1     3     2    14
     -0.2266301536 a       465     1     3     2    15
     -1.0066076875 a       466     1     4     2     1
      0.7954466994 a       467     1     4     2     2
      0.9131832777 a       468     1     4     2     3
     -0.4040052448 a       469     1     4     2     4
     -0.0440448726 a       470     1     4     2     5
      0.1772724768 a       471     1     4     2     6
      0.1122128610 a       472     1     4     2     7
     -0.8867238854 a       473     1     4     2     8
      0.5192321320 a       474     1     4     2     9
     -0.4660204231 a       475     1     4     2    10
      0.3885313998 a       476     1     4     2    11
      0.3317787945 a       477     1     4     2    12
     -0.0485052743 a       478     1     4     2    13
      0.8600045151 a       479     1     4     2    14
      0.1973282632 a       480     1     4     2    15
      0.1144853953 a       481     1     5     2     1
      0.9200603721 a       482     1     5     2     2
      0.7915482962 a       483     1     5     2     3
     -0.7145142601 a       484     1     5     2     4
     -0.2168711162 a       485     1     5     2     5
     -0.7063183530 a       486     1     5     2     6
     -0.1326787551 a       487     1     5     2     7
      0.3721206068 a       488     1     5     2     8
      0.3552294106 a       489     1     5     2     9
     -0.4619758187 a       490     1     5     2    10
      0.9989904279 a       491     1     5     2    11
     -0.7994241414 a       492     1     5     2    12
      0.9587005505 a       493     1     5     2    13
      0.1868064209 a       494     1     5     2    14
      0.8867538731 a       495     1     5     2    15
     -0.9426656378 a       496     1     6     2     1
      0.7127695163 a       497     1     6     2     2
      0.8177245344 a       498     1     6     2     3
     -0.1187005272 a       499     1     6     2     4
      0.8658358206 a       500     1     6     2     5
     -0.3847979874 a       501     1     6     2     6
      0.0208773770 a       502     1     6     2     7
      0.2299651792 a       503     1     6     2     8
     -0.2112789728 a       504     1     6     2     9
      0.4390094259 a       505     1     6     2    10
      0.3956757605 a       506     1     6     2    11
     -0.1722253519 a       507     1     6     2    12
      0.0508883952 a       508     1     6     2    13
     -0.6397844772 a       509     1     6     2    14
      0.2237531396 a       510     1     6     2    15
      0.4678704444 a       511     1     7     2     1
     -0.4324171220 a       512     1     7     2     2
     -0.6881310565 a       513     1     7     2     3
     -0.8924925186 a       514     1     7     2     4
     -0.1176110999 a       515     1     7     2     5
      0.0310192356 a       516     1     7     2     6
     -0.0371362362 a       517     1     7     2     7
      0.9142442425 a       518     1     7     2     8
     -0.4199613137 a       519     1     7     2     9
      0.9869281635 a       520     1     7     2    10
      0.7927361175 a       521     1     7     2    11
     -0.4520753817 a       522     1     7     2    12
     -0.5273349374 a       523     1     7     2    13
      0.9743295217 a       524     1     7     2    14
     -0.7447635237 a       525     1     7     2    15
     -0.5528675478 a       526     1     8     2     1
     -0.5864395889 a       527     1     8     2     2
      0.7233916729 a       528     1     8     2     3
      0.7527497960 a       529     1     8     2     4
     -0.5711352772 a       530     1     8     2     5
     -0.1940982661 a       531     1     8     2     6
     -0.8638792306 a       532     1     8     2     7
     -0.0006765846 a       533     1     8     2     8
      0.5710168223 a       534     1     8     2     9
     -0.9965714920 a       535     1     8     2    10
      0.7097264773 a       536     1     8     2    11
     -0.1506928795 a       537     1     8     2    12
     -0.7208871011 a       538     1     8     2    13
      0.3452436374 a       539     1     8     2    14
     -0.0485437820 a       540     1     8     2    15
     -0.6766656895 a       541     1     9     2     1
      0.5134648007 a       542     1     9     2     2
      0.7582344294 a       543     1     9     2     3
      0.2223720186 a       544     1     9     2     4
      0.5005193685 a       545     1     9     2     5
     -0.5229347244 a       546     1     9     2     6
     -0.6866420783 a       547     1     9     2     7
     -0.0777261545 a       548     1     9     2     8
     -0.7132862426 a       549     1     9     2     9
     -0.7976308310 a       550     1     9     2    10
     -0.0046281262 a       551     1     9     2    11
     -0.2562097430 a       552     1     9     2    12
      0.4273703311 a       553     1     9     2    13
     -0.0706502985 a       554     1     9     2    14
     -0.2246752752 a       555     1     9     2    15
      0.3591302510 a       556     1    10     2     1
     -0.5146271030 a       557     1    10     2     2
      0.5033444611 a       558     1    10     2     3
      0.3821524771 a       559     1    10     2     4
      0.4429681535 a       560     1    10     2     5
      0.6917438208 a       561     1    10     2     6
     -0.5973499430 a       562     1    10     2     7
     -0.0665262731 a       563     1    10     2     8
      0.5093176697 a       564     1    10     2     9
     -0.8427934709 a       565     1    10     2    10
      0.5586651262 a       566     1    10     2    11
      0.0175481574 a       567     1    10     2    12
     -0.3432515232 a       568     1    10     2    13
      0.8402461295 a       569     1    10     2    14
     -0.1696979728 a       570     1    10     2    15
      0.1625632718 a       571     1    11     2     1
      0.4887437686 a       572     1    11     2     2
     -0.1147844044 a       573     1    11     2     3
      0.4111609037 a       574     1    11     2     4
     -0.7222752356 a       575     1    11     2     5
      0.2536931222 a       576     1    11     2     6
     -0.6007150255 a       577     1    11     2     7
     -0.5282932129 a       578     1    11     2     8
      0.1997028053 a       579     1    11     2     9
      0.6976458121 a       580     1    11     2    10
      0.5634881458 a       581     1    11     2    11
      0.9025831182 a       582     1    11     2    12
      0.6589842531 a       583     1    11     2    13
      0.5655287735 a       584     1    11     2    14
     -0.8015757545 a       585     1    11     2    15
      0.9082458080 a       586     1    12     2     1
     -0.1587475298 a       587     1    12     2     2
      0.6581812960 a       588     1    12     2     3
     -0.4533993851 a       589     1    12     2     4
     -0.3846216010 a       590     1    12     2     5
      0.6217407807 a       591     1    12     2     6
      0.0634064533 a       592     1    12     2     7
     -0.7867103379 a       593     1    12     2     8
      0.5027145299 a       594     1    12     2     9
      0.1572010864 a       595     1    12     2    10
      0.0356319307 a       596     1    12     2    11
     -0.2786589989 a       597     1    12     2    12
     -0.0065698617 a       598     1    12     2    13
     -0.3255580510 a       599     1    12     2    14
     -0.2717956455 a       600     1    12     2    15
      0.7093194871 a       601     1    13     2     1
     -0.1633741626 a       602     1    13     2     2
      0.8761752957 a       603     1    13     2     3
      0.8546720476 a       604     1    13     2     4
     -0.5885938991 a       605     1    13     2     5
      0.6672048692 a       606     1    13     2     6
     -0.6627974822 a       607     1    13     2     7
      0.3968682267 a       608     1    13     2     8
      0.4898400495 a       609     1    13     2     9
      0.6269634281 a       610     1    13     2    10
     -0.6186746657 a       611     1    13     2    11
      0.2410628573 a       612     1    13     2    12
     -0.4862925709 a       613     1    13     2    13
     -0.6505550404 a       614     1    13     2    14
      0.5040091913 a       615     1    13     2    15
      0.2819861606 a       616     1    14     2     1
     -0.2885056010 a       617     1    14     2     2
     -0.8545713696 a       618     1    14     2     3
     -0.0027459018 a       619     1    14     2     4
      0.7950551466 a       620     1    14     2     5
     -0.8247796146 a       621     1    14     2     6
      0.9335619175 a       622     1    14     2     7
     -0.0376402337 a       623     1    14     2     8
      0.5927892448 a       624     1    14     2     9
     -1.0652534911 a       625     1    14     2    10
      0.1039963961 a       626     1    14     2    11
     -0.0467604893 a       627     1    14     2    12
     -0.3809340214 a       628     1    14     2    13
     -0.5443907932 a       629     1    14     2    14
     -0.3322830771 a       630     1    14     2    15
     -0.1309101166 a       631     1    15     2     1
      0.0227672517 a       632     1    15     2     2
      0.7174932412 a       633     1    15     2     3
     -0.9579296006 a       634     1    15     2     4
      0.0003226205 a       635     1    15     2     5
     -0.0926814427 a       636     1    15     2     6
      0.0748894417 a       637     1    15     2     7
     -0.6025517432 a       638     1    15     2     8
     -0.2251386720 a       639     1    15     2     9
     -0.7050201231 a       640     1    15     2    10
     -0.4633758269 a       641     1    15     2    11
     -0.5939326317 a       642     1    15     2    12
     -0.4330725438 a       643     1    15     2    13
     -0.3155408620 a       644     1    15     2    14
      0.8807775386 a       645     1    15     2    15
      0.7566422586 b       646     2     1
     -0.3459950754 b       647     2     2
     -0.2317498919 b       648     2     3
      0.6515685040 b       649     2     4
     -0.9846763379 b       650     2     5
     -1.0301343452 b       651     2     6
      0.6658246482 b       652     2     7
     -0.7115643385 b       653     2     8
      0.1994954560 b       654     2     9
     -0.0746278288 b       655     2    10
      1.1604703018 b       656     2    11
     -0.4763341418 b       657     2    12
      0.3731046970 b       658     2    13
      0.2889189985 b       659     2    14
      0.7110227241 b       660     2    15
     -0.6526029435 a       661     2     1     3     1
      0.0668894750 a       662     2     2     3     1
      0.4587465885 a       663     2     3     3     1
      0.4108607471 a       664     2     4     3     1
     -0.1463857301 a       665     2     5     3     1
     -0.3648446092 a       666     2     6     3     1
      0.3329949650 a       667     2     7     3     1
      0.0369483896 a       668     2     8     3     1
     -0.0700382849 a       669     2     9     3     1
     -0.5650405208 a       670     2    10     3     1
     -1.2471645635 a       671     2    11     3     1
      0.6423545633 a       672     2    12     3     1
     -0.5812233167 a       673     2    13     3     1
      0.3153294210 a       674     2    14     3     1
      0.7436352876 a       675     2    15     3     1
     -0.7554226114 b       676     3     1
