     -0.4729724840 a         1     0     1     1     1
     -0.2708166435 a         2     0     1     1     2
     -0.2551027733 a         3     0     1     1     3
     -0.0805200700 a         4     0     1     1     4
      0.1117844001 a         5     0     1     1     5
      0.2167803789 a         6     0     1     1     6
      0.3804071329 a         7     0     1     1     7
      0.1352729176 a         8     0     1     1     8
      0.4542257684 a         9     0     1     1     9
      0.0845815608 a        10     0     1     1    10
     -0.0198824206 a        11     0     1     1    11
      0.2464967966 a        12     0     1     1    12
      0.2470682849 a        13     0     1     1    13
      0.4131553189 a        14     0     1     1    14
     -0.3226868123 a        15     0     1     1    15
      0.2183303902 a        16     0     1     1    16
     -0.1821561692 a        17     0     1     1    17
     -0.5012695823 a        18     0     1     1    18
     -0.0826687638 a        19     0     1     1    19
     -0.1305366264 a        20     0     1     1    20
     -0.4495164731 a        21     0     2     1     1
     -0.2302448971 a        22     0     2     1     2
      0.1646309346 a        23     0     2     1     3
     -0.4332329001 a        24     0     2     1     4
     -0.0237456693 a        25     0     2     1     5
      0.0179140291 a        26     0     2     1     6
      0.0763283058 a        27     0     2     1     7
      0.1014542052 a        28     0     2     1     8
      0.2584762851 a        29     0     2     1     9
     -0.1899591258 a        30     0     2     1    10
      0.1652883607 a        31     0     2     1    11
      0.1183504210 a        32     0     2     1    12
      0.2561541169 a        33     0     2     1    13
     -0.4248301862 a        34     0     2     1    14
     -0.3293670157 a        35     0     2     1    15
     -0.4212235198 a        36     0     2     1    16
      0.3867731979 a        37     0     2     1    17
     -0.3888269492 a        38     0     2     1    18
     -0.1703012026 a        39     0     2     1    19
     -0.2926088462 a        40     0     2     1    20
     -0.0742563854 a        41     0     3     1     1
      0.0283986324 a        42     0     3     1     2
     -0.0796508676 a        43     0     3     1     3
     -0.0565964852 a        44     0     3     1     4
      0.4405163914 a        45     0     3     1     5
      0.0275079090 a        46     0     3     1     6
     -0.0682878067 a        47     0     3     1     7
     -0.1521975710 a        48     0     3     1     8
     -0.0837194241 a        49     0     3     1     9
      0.2965020353 a        50     0     3     1    10
      0.2100798370 a        51     0     3     1    11
     -0.4624589825 a        52     0     3     1    12
     -0.4408388252 a        53     0     3     1    13
      0.0525051177 a        54     0     3     1    14
     -0.2671329519 a        55     0     3     1    15
     -0.4250563890 a        56     0     3     1    16
      0.0182043147 a        57     0     3     1    17
     -0.2717843648 a        58     0     3     1    18
      0.4066048948 a        59     0     3     1    19
      0.3412514879 a        60     0     3     1    20
      0.1842250739 a        61     0     4     1     1
      0.3433718068 a        62     0     4     1     2
     -0.2923295267 a        63     0     4     1     3
     -0.0742426284 a        64     0     4     1     4
     -0.4215241543 a        65     0     4     1     5
      0.1299686175 a        66     0     4     1     6
     -0.1377651861 a        67     0     4     1     7
     -0.1455992588 a        68     0     4     1     8
      0.4967351323 a        69     0     4     1     9
      0.1483359220 a        70     0     4     1    10
      0.2710015161 a        71     0     4     1    11
     -0.1123357978 a        72     0     4     1    12
     -0.0896660903 a        73     0     4     1    13
      0.3312038365 a        74     0     4     1    14
     -0.1621360869 a        75     0     4     1    15
      0.4371066095 a        76     0     4     1    16
     -0.3433537186 a        77     0     4     1    17
     -0.0713407486 a        78     0     4     1    18
     -0.3233337843 a        79     0     4     1    19
     -0.0138291073 a        80     0     4     1    20
      0.4563295888 a        81     0     5     1     1
     -0.4883694761 a        82     0     5     1     2
      0.3890000463 a        83     0     5     1     3
     -0.4187572446 a        84     0     5     1     4
     -0.3668030209 a        85     0     5     1     5
      0.1077249225 a        86     0     5     1     6
      0.3753601498 a        87     0     5     1     7
     -0.1256596290 a        88     0     5     1     8
     -0.1994833050 a        89     0     5     1     9
     -0.3910263241 a        90     0     5     1    10
     -0.0117957866 a        91     0     5     1    11
     -0.0410606304 a        92     0     5     1    12
     -0.1550179186 a        93     0     5     1    13
      0.4214681521 a        94     0     5     1    14
     -0.3867370169 a        95     0     5     1    15
     -0.2871955323 a        96     0     5     1    16
     -0.1548887185 a        97     0     5     1    17
      0.5361547298 a        98     0     5     1    18
      0.0308358747 a        99     0     5     1    19
     -0.2040791435 a       100     0     5     1    20
      0.1527997882 a       101     0     6     1     1
      0.3359764023 a       102     0     6     1     2
     -0.0014850439 a       103     0     6     1     3
      0.4532193692 a       104     0     6     1     4
     -0.3482507494 a       105     0     6     1     5
      0.3067655033 a       106     0     6     1     6
     -0.3663194731 a       107     0     6     1     7
     -0.3932336781 a       108     0     6     1     8
     -0.1175078379 a       109     0     6     1     9
     -0.2547230646 a       110     0     6     1    10
      0.3457448103 a       111     0     6     1    11
      0.4068741533 a       112     0     6     1    12
     -0.4731605921 a       113     0     6     1    13
      0.3407567425 a       114     0     6     1    14
      0.1322944570 a       115     0     6     1    15
      0.0094193642 a       116     0     6     1    16
      0.3747911135 a       117     0     6     1    17
     -0.5025370679 a       118     0     6     1    18
     -0.2625431290 a       119     0     6     1    19
      0.0160701645 a       120     0     6     1    20
      0.0575887569 a       121     0     7     1     1
      0.1079802890 a       122     0     7     1     2
     -0.4124035773 a       123     0     7     1     3
      0.1784990545 a       124     0     7     1     4
      0.3578436808 a       125     0     7     1     5
      0.3674471490 a       126     0     7     1     6
     -0.3194470378 a       127     0     7     1     7
     -0.0908776974 a       128     0     7     1     8
      0.2083700874 a       129     0     7     1     9
      0.4638049414 a       130     0     7     1    10
      0.0719275018 a       131     0     7     1    11
      0.1143489680 a       132     0     7     1    12
     -0.1521251529 a       133     0     7     1    13
     -0.2453580544 a       134     0     7     1    14
     -0.4110636156 a       135     0     7     1    15
      0.1264115443 a       136     0     7     1    16
      0.3678924092 a       137     0     7     1    17
      0.2694139566 a       138     0     7     1    18
      0.0815519170 a       139     0     7     1    19
     -0.3250722077 a       140     0     7     1    20
      0.1901510498 a       141     0     8     1     1
     -0.1183676365 a       142     0     8     1     2
     -0.1859830163 a       143     0     8     1     3
     -0.1154443658 a       144     0     8     1     4
      0.3415826615 a       145     0     8     1     5
     -0.0474636967 a       146     0     8     1     6
     -0.2853684077 a       147     0     8     1     7
     -0.1467110830 a       148     0     8     1     8
     -0.2456451142 a       149     0     8     1     9
     -0.3060875735 a       150     0     8     1    10
      0.4105085779 a       151     0     8     1    11
      0.0963740277 a       152     0     8     1    12
     -0.2535046122 a       153     0     8     1    13
      0.1074760619 a       154     0     8     1    14
     -0.3615556344 a       155     0     8     1    15
     -0.2517792492 a       156     0     8     1    16
      0.1725720316 a       157     0     8     1    17
      0.2059138186 a       158     0     8     1    18
      0.4417160619 a       159     0     8     1    19
     -0.1507264146 a       160     0     8     1    20
     -0.1752342479 a       161     0     9     1     1
      0.4686356817 a       162     0     9     1     2
     -0.2229697850 a       163     0     9     1     3
      0.2162594488 a       164     0     9     1     4
     -0.1181228683 a       165     0     9     1     5
      0.3814954145 a       166     0     9     1     6
     -0.0983047683 a       167     0     9     1     7
      0.1953624381 a       168     0     9     1     8
      0.0731315869 a       169     0     9     1     9
      0.0474424705 a       170     0     9     1    10
      0.4908997428 a       171     0     9     1    11
      0.4723785092 a       172     0     9     1    12
     -0.3177179572 a       173     0     9     1    13
      0.3425889800 a       174     0     9     1    14
      0.0056293538 a       175     0     9     1    15
     -0.2590852300 a       176     0     9     1    16
      0.3085382191 a       177     0     9     1    17
     -0.1910026973 a       178     0     9     1    18
     -0.1251823527 a       179     0     9     1    19
     -0.3574069945 a       180     0     9     1    20
      0.4983656866 a       181     0    10     1     1
     -0.5003433705 a       182     0    10     1     2
      0.3113886229 a       183     0    10     1     3
     -0.1706172662 a       184     0    10     1     4
      0.0264598857 a       185     0    10     1     5
      0.4035687321 a       186     0    10     1     6
      0.1012002358 a       187     0    10     1     7
     -0.1479897390 a       188     0    10     1     8
      0.0561429602 a       189     0    10     1     9
      0.3876264617 a       190     0    10     1    10
     -0.4183355573 a       191     0    10     1    11
      0.0381746957 a       192     0    10     1    12
      0.1593770128 a       193     0    10     1    13
     -0.2597028433 a       194     0    10     1    14
     -0.3025484689 a       195     0    10     1    15
      0.2808279394 a       196     0    10     1    16
     -0.0176974673 a       197     0    10     1    17
     -0.5001251181 a       198     0    10     1    18
      0.3541024981 a       199     0    10     1    19
     -0.1324881325 a       200     0    10     1    20
      0.0423444091 a       201     0    11     1     1
      0.3432005117 a       202     0    11     1     2
     -0.2028381496 a       203     0    11     1     3
     -0.3549265761 a       204     0    11     1     4
     -0.0187539747 a       205     0    11     1     5
     -0.0227715760 a       206     0    11     1     6
     -0.3379898644 a       207     0    11     1     7
     -0.2899320397 a       208     0    11     1     8
     -0.3079733781 a       209     0    11     1     9
     -0.0720872023 a       210     0    11     1    10
     -0.2403587497 a       211     0    11     1    11
      0.3262473455 a       212     0    11     1    12
      0.0899780711 a       213     0    11     1    13
      0.4409331926 a       214     0    11     1    14
      0.1601846675 a       215     0    11     1    15
      0.2325549518 a       216     0    11     1    16
     -0.2513632143 a       217     0    11     1    17
     -0.2260805964 a       218     0    11     1    18
      0.2102957559 a       219     0    11     1    19
      0.2487004782 a       220     0    11     1    20
      0.2491898035 a       221     0    12     1     1
      0.0357602121 a       222     0    12     1     2
     -0.3490163363 a       223     0    12     1     3
     -0.4501541736 a       224     0    12     1     4
     -0.1539286645 a       225     0    12     1     5
     -0.0302435056 a       226     0    12     1     6
     -0.0004905317 a       227     0    12     1     7
      0.4924187831 a       228     0    12     1     8
     -0.4010425943 a       229     0    12     1     9
      0.0984171979 a       230     0    12     1    10
      0.4957772449 a       231     0    12     1    11
      0.4374300074 a       232     0    12     1    12
      0.1705322185 a       233     0    12     1    13
      0.2914920773 a       234     0    12     1    14
      0.3742817336 a       235     0    12     1    15
      0.1417519540 a       236     0    12     1    16
     -0.1357433393 a       237     0    12     1    17
     -0.0028921823 a       238     0    12     1    18
      0.1654209753 a       239     0    12     1    19
     -0.4726005419 a       240     0    12     1    20
      0.3656943247 a       241     0    13     1     1
      0.2351497388 a       242     0    13     1     2
     -0.3711323638 a       243     0    13     1     3
      0.0155873214 a       244     0    13     1     4
      0.4625949245 a       245     0    13     1     5
      0.3480324930 a       246     0    13     1     6
     -0.3733971137 a       247     0    13     1     7
      0.2351818104 a       248     0    13     1     8
     -0.2622539574 a       249     0    13     1     9
      0.1802242274 a       250     0    13     1    10
     -0.1767275112 a       251     0    13     1    11
      0.3508755745 a       252     0    13     1    12
     -0.1631890191 a       253     0    13     1    13
     -0.3870594875 a       254     0    13     1    14
     -0.2780091479 a       255     0    13     1    15
     -0.4139843162 a       256     0    13     1    16
     -0.0820938052 a       257     0    13     1    17
      0.0894124673 a       258     0    13     1    18
      0.0752822826 a       259     0    13     1    19
     -0.3856690080 a       260     0    13     1    20
      0.2955994615 a       261     0    14     1     1
      0.3774845985 a       262     0    14     1     2
     -0.0086298679 a       263     0    14     1     3
     -0.1905167675 a       264     0    14     1     4
      0.4166523161 a       265     0    14     1     5
      0.4685973920 a       266     0    14     1     6
      0.1305464185 a       267     0    14     1     7
      0.4174574250 a       268     0    14     1     8
      0.4467223488 a       269     0    14     1     9
     -0.2951785516 a       270     0    14     1    10
     -0.2806476864 a       271     0    14     1    11
     -0.2133878111 a       272     0    14     1    12
      0.3919918571 a       273     0    14     1    13
     -0.2479872458 a       274     0    14     1    14
      0.3827314498 a       275     0    14     1    15
     -0.2100562100 a       276     0    14     1    16
      0.2914881420 a       277     0    14     1    17
     -0.3775235190 a       278     0    14     1    18
      0.0343828542 a       279     0    14     1    19
     -0.4276781008 a       280     0    14     1    20
     -0.4595641805 a       281     0    15     1     1
      0.2389494074 a       282     0    15     1     2
      0.1284849863 a       283     0    15     1     3
      0.4626574508 a       284     0    15     1     4
      0.0890790591 a       285     0    15     1     5
      0.4949541487 a       286     0    15     1     6
      0.4212552637 a       287     0    15     1     7
     -0.2434427624 a       288     0    15     1     8
     -0.2592025310 a       289     0    15     1     9
     -0.3688628062 a       290     0    15     1    10
      0.0374049233 a       291     0    15     1    11
      0.1684009940 a       292     0    15     1    12
     -0.4574299510 a       293     0    15     1    13
      0.0138543642 a       294     0    15     1    14
     -0.0212520891 a       295     0    15     1    15
     -0.4468194540 a       296     0    15     1    16
     -0.2734774962 a       297     0    15     1    17
     -0.0108464174 a       298     0    15     1    18
     -0.2025900824 a       299     0    15     1    19
      0.3087971124 a       300     0    15     1    20
     -0.3448748578 a       301     0    16     1     1
     -0.1921479168 a       302     0    16     1     2
     -0.2305355292 a       303     0    16     1     3
      0.0841055845 a       304     0    16     1     4
      0.4092760293 a       305     0    16     1     5
      0.2875769068 a       306     0    16     1     6
     -0.3870860288 a       307     0    16     1     7
     -0.2578614126 a       308     0    16     1     8
      0.0538517562 a       309     0    16     1     9
     -0.3726639051 a       310     0    16     1    10
     -0.3380741027 a       311     0    16     1    11
      0.0683961970 a       312     0    16     1    12
      0.1815691182 a       313     0    16     1    13
     -0.0162288832 a       314     0    16     1    14
      0.2082828046 a       315     0    16     1    15
      0.0162385187 a       316     0    16     1    16
     -0.2129853237 a       317     0    16     1    17
      0.0207377931 a       318     0    16     1    18
      0.2974790322 a       319     0    16     1    19
     -0.4234695282 a       320     0    16     1    20
     -0.3451382924 a       321     0    17     1     1
      0.2989322918 a       322     0    17     1     2
     -0.3314526440 a       323     0    17     1     3
     -0.4081922407 a       324     0    17     1     4
     -0.4021797764 a       325     0    17     1     5
      0.0179534850 a       326     0    17     1     6
     -0.4589646437 a       327     0    17     1     7
     -0.4525317466 a       328     0    17     1     8
     -0.2034608386 a       329     0    17     1     9
     -0.3725733614 a       330     0    17     1    10
     -0.3716651800 a       331     0    17     1    11
      0.0463319027 a       332     0    17     1    12
      0.4651783489 a       333     0    17     1    13
      0.4191337584 a       334     0    17     1    14
     -0.1125247098 a       335     0    17     1    15
      0.4071152635 a       336     0    17     1    16
      0.2577344845 a       337     0    17     1    17
     -0.1197418220 a       338     0    17     1    18
      0.0759829586 a       339     0    17     1    19
     -0.0657533313 a       340     0    17     1    20
     -0.3631453775 a       341     0    18     1     1
     -0.3228364945 a       342     0    18     1     2
     -0.3692838051 a       343     0    18     1     3
      0.3312737930 a       344     0    18     1     4
     -0.4359056342 a       345     0    18     1     5
      0.3193062999 a       346     0    18     1     6
      0.1771788034 a       347     0    18     1     7
     -0.4079128712 a       348     0    18     1     8
      0.1127616878 a       349     0    18     1     9
     -0.0575037331 a       350     0    18     1    10
      0.2451150600 a       351     0    18     1    11
     -0.0821567331 a       352     0    18     1    12
      0.3121712930 a       353     0    18     1    13
     -0.0642204225 a       354     0    18     1    14
     -0.1553141139 a       355     0    18     1    15
     -0.4004071752 a       356     0    18     1    16
     -0.1593364208 a       357     0    18     1    17
     -0.0474856189 a       358     0    18     1    18
     -0.4649960778 a       359     0    18     1    19
      0.1275176037 a       360     0    18     1    20
     -0.0701071230 a       361     0    19     1     1
      0.1026660095 a       362     0    19     1     2
      0.3953814779 a       363     0    19     1     3
      0.0036138542 a       364     0    19     1     4
      0.1906847232 a       365     0    19     1     5
      0.0895724544 a       366     0    19     1     6
     -0.3309527495 a       367     0    19     1     7
      0.1453564009 a       368     0    19     1     8
      0.1685805100 a       369     0    19     1     9
     -0.0810864483 a       370     0    19     1    10
      0.3627137032 a       371     0    19     1    11
      0.1128025884 a       372     0    19     1    12
      0.0678971764 a       373     0    19     1    13
      0.1985725392 a       374     0    19     1    14
      0.4078057557 a       375     0    19     1    15
     -0.0704166082 a       376     0    19     1    16
     -0.3175350873 a       377     0    19     1    17
      0.1265635466 a       378     0    19     1    18
      0.2390297242 a       379     0    19     1    19
     -0.3745789732 a       380     0    19     1    20
     -0.0584070677 a       381     0    20     1     1
     -0.2559194074 a       382     0    20     1     2
     -0.0794258272 a       383     0    20     1     3
      0.1824355121 a       384     0    20     1     4
      0.2133416181 a       385     0    20     1     5
      0.0300412798 a       386     0    20     1     6
      0.2740683492 a       387     0    20     1     7
      0.3493999879 a       388     0    20     1     8
      0.2276124582 a       389     0    20     1     9
      0.4478862212 a       390     0    20     1    10
     -0.1402954922 a       391     0    20     1    11
      0.4821772811 a       392     0    20     1    12
      0.4648014808 a       393     0    20     1    13
     -0.2000242018 a       394     0    20     1    14
      0.4196853064 a       395     0    20     1    15
     -0.2954946498 a       396     0    20     1    16
     -0.0498634511 a       397     0    20     1    17
      0.1042945425 a       398     0    20     1    18
     -0.0963795929 a       399     0    20     1    19
     -0.4719113957 a       400     0    20     1    20
     -0.0218564634 a       401     0    21     1     1
     -0.0223617528 a       402     0    21     1     2
      0.4391392586 a       403     0    21     1     3
      0.1678053055 a       404     0    21     1     4
     -0.1043305052 a       405     0    21     1     5
     -0.5085169868 a       406     0    21     1     6
     -0.3416147019 a       407     0    21     1     7
     -0.1774623854 a       408     0    21     1     8
      0.4945331994 a       409     0    21     1     9
      0.4518336923 a       410     0    21     1    10
     -0.0902105263 a       411     0    21     1    11
      0.1801870632 a       412     0    21     1    12
      0.3043435045 a       413     0    21     1    13
      0.0749594195 a       414     0    21     1    14
     -0.4279851249 a       415     0    21     1    15
      0.0818345820 a       416     0    21     1    16
     -0.3651360215 a       417     0    21     1    17
     -0.4939876754 a       418     0    21     1    18
     -0.4694715666 a       419     0    21     1    19
      0.1274878401 a       420     0    21     1    20
      0.4013505386 a       421     0    22     1     1
      0.4155193240 a       422     0    22     1     2
     -0.4167463131 a       423     0    22     1     3
      0.2919948519 a       424     0    22     1     4
     -0.2378143380 a       425     0    22     1     5
     -0.4670373759 a       426     0    22     1     6
      0.2982603629 a       427     0    22     1     7
     -0.2163354594 a       428     0    22     1     8
      0.2419495018 a       429     0    22     1     9
     -0.1136101190 a       430     0    22     1    10
     -0.5764889482 a       431     0    22     1    11
     -0.1546022647 a       432     0    22     1    12
      0.2054403897 a       433     0    22     1    13
     -0.4859716462 a       434     0    22     1    14
     -0.0160506154 a       435     0    22     1    15
     -0.0220655872 a       436     0    22     1    16
     -0.2822725841 a       437     0    22     1    17
     -0.0200919215 a       438     0    22     1    18
      0.4973461335 a       439     0    22     1    19
     -0.2737740671 a       440     0    22     1    20
      0.0987046799 a       441     0    23     1     1
      0.1549355437 a       442     0    23     1     2
     -0.0945696937 a       443     0    23     1     3
      0.2965499700 a       444     0    23     1     4
     -0.0589392114 a       445     0    23     1     5
      0.2248355429 a       446     0    23     1     6
      0.4619713620 a       447     0    23     1     7
      0.3665953662 a       448     0    23     1     8
     -0.4211607604 a       449     0    23     1     9
     -0.2623113143 a       450     0    23     1    10
      0.3356633742 a       451     0    23     1    11
     -0.4764763231 a       452     0    23     1    12
      0.2355292289 a       453     0    23     1    13
     -0.1619131249 a       454     0    23     1    14
     -0.1644362113 a       455     0    23     1    15
      0.3518383886 a       456     0    23     1    16
     -0.5262235795 a       457     0    23     1    17
     -0.2181799088 a       458     0    23     1    18
      0.3666360821 a       459     0    23     1    19
      0.1984507962 a       460     0    23     1    20
      0.0196251252 a       461     0    24     1     1
     -0.0546927489 a       462     0    24     1     2
     -0.3118454982 a       463     0    24     1     3
     -0.3660137417 a       464     0    24     1     4
     -0.3930841171 a       465     0    24     1     5
     -0.0422970845 a       466     0    24     1     6
     -0.2988434097 a       467     0    24     1     7
      0.1524013740 a       468     0    24     1     8
     -0.0886788674 a       469     0    24     1     9
      0.1695901896 a       470     0    24     1    10
      0.1954934877 a       471     0    24     1    11
     -0.4470553695 a       472     0    24     1    12
     -0.4149995517 a       473     0    24     1    13
      0.4470841568 a       474     0    24     1    14
      0.3562130744 a       475     0    24     1    15
     -0.2699531016 a       476     0    24     1    16
      0.3495355967 a       477     0    24     1    17
     -0.3465791527 a       478     0    24     1    18
     -0.1721588871 a       479     0    24     1    19
     -0.0186942534 a       480     0    24     1    20
      0.2047672090 a       481     0    25     1     1
      0.3708566591 a       482     0    25     1     2
      0.3919558151 a       483     0    25     1     3
     -0.2765993219 a       484     0    25     1     4
      0.4191554339 a       485     0    25     1     5
     -0.5044475299 a       486     0    25     1     6
     -0.0848809427 a       487     0    25     1     7
      0.4652132563 a       488     0    25     1     8
     -0.4543461679 a       489     0    25     1     9
     -0.4567622893 a       490     0    25     1    10
     -0.0572921666 a       491     0    25     1    11
      0.2485942859 a       492     0    25     1    12
      0.1547735719 a       493     0    25     1    13
     -0.3025807435 a       494     0    25     1    14
      0.1028517833 a       495     0    25     1    15
     -0.3891533090 a       496     0    25     1    16
     -0.4846999491 a       497     0    25     1    17
     -0.3970239612 a       498     0    25     1    18
     -0.4943514996 a       499     0    25     1    19
      0.0760311755 a       500     0    25     1    20
      0.4762563613 a       501     0    26     1     1
      0.3476685142 a       502     0    26     1     2
      0.3099828997 a       503     0    26     1     3
      0.1096422084 a       504     0    26     1     4
     -0.1087082332 a       505     0    26     1     5
      0.3872879372 a       506     0    26     1     6
     -0.2866336457 a       507     0    26     1     7
      0.2075558374 a       508     0    26     1     8
     -0.2580603411 a       509     0    26     1     9
     -0.1900285019 a       510     0    26     1    10
      0.3676095177 a       511     0    26     1    11
     -0.3048401686 a       512     0    26     1    12
      0.1595990910 a       513     0    26     1    13
      0.1770543223 a       514     0    26     1    14
     -0.0941105808 a       515     0    26     1    15
      0.0813127885 a       516     0    26     1    16
     -0.4843265271 a       517     0    26     1    17
      0.1918660266 a       518     0    26     1    18
      0.2978251691 a       519     0    26     1    19
     -0.4672724057 a       520     0    26     1    20
     -0.2597209245 a       521     0    27     1     1
      0.2631916182 a       522     0    27     1     2
      0.4195156088 a       523     0    27     1     3
     -0.4483178000 a       524     0    27     1     4
      0.0695063284 a       525     0    27     1     5
     -0.2924838834 a       526     0    27     1     6
      0.1494219061 a       527     0    27     1     7
     -0.3533872849 a       528     0    27     1     8
     -0.1684356626 a       529     0    27     1     9
      0.4289110403 a       530     0    27     1    10
      0.0388142030 a       531     0    27     1    11
     -0.2999652551 a       532     0    27     1    12
      0.3546907530 a       533     0    27     1    13
      0.2333603110 a       534     0    27     1    14
      0.4468754744 a       535     0    27     1    15
     -0.2541455913 a       536     0    27     1    16
     -0.0022294741 a       537     0    27     1    17
     -0.2483163241 a       538     0    27     1    18
     -0.2824638802 a       539     0    27     1    19
      0.2066118426 a       540     0    27     1    20
      0.1745381742 a       541     0    28     1     1
      0.3202777123 a       542     0    28     1     2
      0.2515992260 a       543     0    28     1     3
     -0.4561782010 a       544     0    28     1     4
     -0.2897879047 a       545     0    28     1     5
      0.1089747658 a       546     0    28     1     6
      0.3464024555 a       547     0    28     1     7
     -0.5259711170 a       548     0    28     1     8
     -0.4816304948 a       549     0    28     1     9
      0.3063858683 a       550     0    28     1    10
     -0.2251222366 a       551     0    28     1    11
     -0.4704627492 a       552     0    28     1    12
     -0.3690806634 a       553     0    28     1    13
     -0.1420545509 a       554     0    28     1    14
      0.4400006376 a       555     0    28     1    15
     -0.4447979854 a       556     0    28     1    16
      0.3697725326 a       557     0    28     1    17
     -0.3013856437 a       558     0    28     1    18
     -0.4087629014 a       559     0    28     1    19
      0.4522856561 a       560     0    28     1    20
      1.3785379257 b       561     1     1
      0.4758035057 b       562     1     2
      1.3952404418 b       563     1     3
     -1.4405158731 b       564     1     4
     -1.0650149448 b       565     1     5
      1.3547554918 b       566     1     6
     -0.5464883013 b       567     1     7
      0.9895527786 b       568     1     8
      0.2964995678 b       569     1     9
     -0.7446614606 b       570     1    10
      1.0251598530 b       571     1    11
     -0.3238638065 b       572     1    12
      0.6404819788 b       573     1    13
     -1.3054153789 b       574     1    14
     -0.7579545361 b       575     1    15
     -1.0649616071 b       576     1    16
     -0.1791090215 b       577     1    17
     -1.5151254414 b       578     1    18
     -1.2332348812 b       579     1    19
      1.1563827995 b       580     1    20
     -0.5578247005 a       581     1     1     2     1
      0.0973752046 a       582     1     1     2     2
     -0.3016443277 a       583     1     1     2     3
      0.5034302371 a       584     1     1     2     4
      0.8428576901 a       585     1     1     2     5
     -0.6473039801 a       586     1     1     2     6
     -0.3632289212 a       587     1     1     2     7
      0.2594619466 a       588     1     1     2     8
     -0.0849482459 a       589     1     1     2     9
      0.5171033228 a       590     1     1     2    10
      0.4679877399 a       591     1     1     2    11
      0.3394264721 a       592     1     1     2    12
     -0.1690947085 a       593     1     1     2    13
     -0.2666794512 a       594     1     1     2    14
     -0.0958390105 a       595     1     1     2    15
     -0.1205038132 a       596     1     1     2    16
     -0.4474716196 a       597     1     1     2    17
      0.4204920879 a       598     1     1     2    18
     -0.4411319050 a       599     1     1     2    19
     -0.5777055882 a       600     1     1     2    20
      0.4415245457 a       601     1     2     2     1
     -0.0492033444 a       602     1     2     2     2
     -0.4467942640 a       603     1     2     2     3
      0.2675015418 a       604     1     2     2     4
     -0.4089477847 a       605     1     2     2     5
     -0.2415268041 a       606     1     2     2     6
     -0.4745027988 a       607     1     2     2     7
      0.4422672861 a       608     1     2     2     8
      0.4702487759 a       609     1     2     2     9
      0.4886482566 a       610     1     2     2    10
      0.3853546272 a       611     1     2     2    11
     -0.1191123530 a       612     1     2     2    12
      0.3180532592 a       613     1     2     2    13
     -0.0711162848 a       614     1     2     2    14
     -0.0258680571 a       615     1     2     2    15
     -0.6092566947 a       616     1     2     2    16
      0.0667420380 a       617     1     2     2    17
     -0.3047112952 a       618     1     2     2    18
      0.5035560460 a       619     1     2     2    19
     -0.1572347648 a       620     1     2     2    20
      0.5320886121 a       621     1     3     2     1
      0.5288104352 a       622     1     3     2     2
      0.5206145536 a       623     1     3     2     3
      0.4073710202 a       624     1     3     2     4
      0.0567702772 a       625     1     3     2     5
      0.2999425622 a       626     1     3     2     6
     -0.4105920752 a       627     1     3     2     7
      0.4436419606 a       628     1     3     2     8
     -0.4716725619 a       629     1     3     2     9
      0.1787375478 a       630     1     3     2    10
      0.2687946296 a       631     1     3     2    11
     -0.4617866203 a       632     1     3     2    12
     -0.3561470507 a       633     1     3     2    13
     -0.0902189760 a       634     1     3     2    14
     -0.0205666309 a       635     1     3     2    15
     -0.1397715295 a       636     1     3     2    16
     -0.1770615402 a       637     1     3     2    17
     -0.5091868936 a       638     1     3     2    18
      0.2472270673 a       639     1     3     2    19
     -0.2086704591 a       640     1     3     2    20
     -0.1811453600 a       641     1     4     2     1
      0.3954909990 a       642     1     4     2     2
      0.3583923986 a       643     1     4     2     3
     -0.2639114359 a       644     1     4     2     4
      0.2721269145 a       645     1     4     2     5
      0.2394069560 a       646     1     4     2     6
      0.4895135285 a       647     1     4     2     7
     -0.5018887076 a       648     1     4     2     8
     -0.5222902611 a       649     1     4     2     9
      0.5773409297 a       650     1     4     2    10
      0.4436495398 a       651     1     4     2    11
     -0.4663799843 a       652     1     4     2    12
     -0.4852697564 a       653     1     4     2    13
      0.4753073864 a       654     1     4     2    14
      0.0282570502 a       655     1     4     2    15
     -0.6378627436 a       656     1     4     2    16
      0.3682026135 a       657     1     4     2    17
      0.1852392346 a       658     1     4     2    18
     -0.3659454198 a       659     1     4     2    19
      0.2454140542 a       660     1     4     2    20
      0.3436479923 a       661     1     5     2     1
     -0.5578962133 a       662     1     5     2     2
      0.1650859381 a       663     1     5     2     3
      0.1077040636 a       664     1     5     2     4
      0.0509065491 a       665     1     5     2     5
      0.1993721817 a       666     1     5     2     6
     -0.1364017460 a       667     1     5     2     7
      0.3411807725 a       668     1     5     2     8
      0.0616681073 a       669     1     5     2     9
     -0.0085341471 a       670     1     5     2    10
      0.6144050937 a       671     1     5     2    11
     -0.5055346209 a       672     1     5     2    12
      0.2480459921 a       673     1     5     2    13
     -0.4003620859 a       674     1     5     2    14
      0.6369077207 a       675     1     5     2    15
     -0.3811585635 a       676     1     5     2    16
     -0.5450026843 a       677     1     5     2    17
     -0.0893283392 a       678     1     5     2    18
      0.2572186163 a       679     1     5     2    19
      0.3571694714 a       680     1     5     2    20
      0.5587391554 a       681     1     6     2     1
     -0.4635524754 a       682     1     6     2     2
      0.5088394885 a       683     1     6     2     3
     -0.4327310509 a       684     1     6     2     4
      0.3606021565 a       685     1     6     2     5
     -0.2573203873 a       686     1     6     2     6
      0.3016258874 a       687     1     6     2     7
     -0.4984969717 a       688     1     6     2     8
      0.4537753171 a       689     1     6     2     9
      0.3436219040 a       690     1     6     2    10
      0.1482271330 a       691     1     6     2    11
     -0.2987747922 a       692     1     6     2    12
     -0.6741993532 a       693     1     6     2    13
     -0.3197303174 a       694     1     6     2    14
     -0.5258982715 a       695     1     6     2    15
     -0.6198436571 a       696     1     6     2    16
      0.3425803452 a       697     1     6     2    17
      0.2615747449 a       698     1     6     2    18
     -0.4938011470 a       699     1     6     2    19
      0.3486647449 a       700     1     6     2    20
     -0.1348720196 a       701     1     7     2     1
     -0.5580845845 a       702     1     7     2     2
      0.3833682508 a       703     1     7     2     3
      0.4865745297 a       704     1     7     2     4
      0.1515618708 a       705     1     7     2     5
     -0.2800016626 a       706     1     7     2     6
     -0.3622716124 a       707     1     7     2     7
     -0.4151245914 a       708     1     7     2     8
      0.4045716367 a       709     1     7     2     9
      0.5059698818 a       710     1     7     2    10
     -0.1835066452 a       711     1     7     2    11
     -0.0610436437 a       712     1     7     2    12
     -0.3277137040 a       713     1     7     2    13
      0.4625774880 a       714     1     7     2    14
     -0.6380729768 a       715     1     7     2    15
     -0.0526950043 a       716     1     7     2    16
      0.4631496098 a       717     1     7     2    17
      0.5647394093 a       718     1     7     2    18
      0.4111088742 a       719     1     7     2    19
      0.5841431339 a       720     1     7     2    20
     -0.0197917426 a       721     1     8     2     1
     -0.5564103025 a       722     1     8     2     2
     -0.1808681461 a       723     1     8     2     3
      0.0482560608 a       724     1     8     2     4
      0.4716807784 a       725     1     8     2     5
      0.0091879309 a       726     1     8     2     6
     -0.2964092488 a       727     1     8     2     7
      0.1158956864 a       728     1     8     2     8
     -0.1545949343 a       729     1     8     2     9
      0.1756954973 a       730     1     8     2    10
     -0.2930440842 a       731     1     8     2    11
     -0.4775189559 a       732     1     8     2    12
     -0.4992568369 a       733     1     8     2    13
      0.2317665864 a       734     1     8     2    14
     -0.3910610118 a       735     1     8     2    15
     -0.0180654822 a       736     1     8     2    16
      0.0674961475 a       737     1     8     2    17
      0.2991277557 a       738     1     8     2    18
      0.4016174341 a       739     1     8     2    19
      0.1603290256 a       740     1     8     2    20
      0.0132622577 a       741     1     9     2     1
     -0.2691017588 a       742     1     9     2     2
     -0.5549869770 a       743     1     9     2     3
      0.4859245392 a       744     1     9     2     4
     -0.0079097124 a       745     1     9     2     5
     -0.2231685207 a       746     1     9     2     6
     -0.3815893015 a       747     1     9     2     7
     -0.2255823741 a       748     1     9     2     8
      0.0597081397 a       749     1     9     2     9
      0.5144812214 a       750     1     9     2    10
     -0.0462432518 a       751     1     9     2    11
      0.4519006031 a       752     1     9     2    12
     -0.6966743325 a       753     1     9     2    13
     -0.5049446418 a       754     1     9     2    14
     -0.3870174272 a       755     1     9     2    15
      0.1809052176 a       756     1     9     2    16
     -0.3377004364 a       757     1     9     2    17
     -0.3726274775 a       758     1     9     2    18
      0.1690819306 a       759     1     9     2    19
     -0.4542035287 a       760     1     9     2    20
      0.3553659298 a       761     1    10     2     1
     -0.1732664651 a       762     1    10     2     2
      0.2831686980 a       763     1    10     2     3
     -0.4407604676 a       764     1    10     2     4
      0.4123964327 a       765     1    10     2     5
      0.5550791808 a       766     1    10     2     6
     -0.4655789579 a       767     1    10     2     7
     -0.4075180255 a       768     1    10     2     8
      0.4425707812 a       769     1    10     2     9
     -0.3786262294 a       770     1    10     2    10
      0.1708104399 a       771     1    10     2    11
      0.1672790709 a       772     1    10     2    12
     -0.2951638760 a       773     1    10     2    13
     -0.2686083299 a       774     1    10     2    14
      0.0435542222 a       775     1    10     2    15
     -0.3570100696 a       776     1    10     2    16
     -0.3497388864 a       777     1    10     2    17
     -0.2991697098 a       778     1    10     2    18
      0.1116998857 a       779     1    10     2    19
     -0.5223156915 a       780     1    10     2    20
      0.4708383228 a       781     1    11     2     1
     -0.0088631509 a       782     1    11     2     2
      0.3261092527 a       783     1    11     2     3
      0.5549392884 a       784     1    11     2     4
     -0.6509065995 a       785     1    11     2     5
      0.4274654779 a       786     1    11     2     6
      0.6420148099 a       787     1    11     2     7
     -0.3195378188 a       788     1    11     2     8
     -0.0719253351 a       789     1    11     2     9
     -0.4025367037 a       790     1    11     2    10
     -0.3633633206 a       791     1    11     2    11
      0.1465382132 a       792     1    11     2    12
     -0.1372671858 a       793     1    11     2    13
     -0.2557141245 a       794     1    11     2    14
      0.5120190812 a       795     1    11     2    15
     -0.3724447293 a       796     1    11     2    16
      0.0354924909 a       797     1    11     2    17
      0.5775792868 a       798     1    11     2    18
      0.0157732134 a       799     1    11     2    19
      0.3230026079 a       800     1    11     2    20
      0.3037993734 a       801     1    12     2     1
     -0.2320436588 a       802     1    12     2     2
     -0.2331988904 a       803     1    12     2     3
      0.4229646372 a       804     1    12     2     4
      0.0214294980 a       805     1    12     2     5
      0.1210815297 a       806     1    12     2     6
     -0.0076245372 a       807     1    12     2     7
     -0.2259040629 a       808     1    12     2     8
      0.5036476553 a       809     1    12     2     9
      0.0426647056 a       810     1    12     2    10
      0.1779804358 a       811     1    12     2    11
     -0.3703481734 a       812     1    12     2    12
     -0.0897166383 a       813     1    12     2    13
      0.4571773334 a       814     1    12     2    14
      0.2265597989 a       815     1    12     2    15
      0.0532171917 a       816     1    12     2    16
     -0.4378276651 a       817     1    12     2    17
     -0.3219166763 a       818     1    12     2    18
      0.4767209371 a       819     1    12     2    19
      0.3401542630 a       820     1    12     2    20
     -0.0272976371 a       821     1    13     2     1
      0.1542125378 a       822     1    13     2     2
      0.1544047256 a       823     1    13     2     3
     -0.0008204807 a       824     1    13     2     4
     -0.1893754887 a       825     1    13     2     5
      0.1630843687 a       826     1    13     2     6
      0.2642744729 a       827     1    13     2     7
     -0.4076472177 a       828     1    13     2     8
     -0.3941825678 a       829     1    13     2     9
      0.0029825363 a       830     1    13     2    10
      0.5608038453 a       831     1    13     2    11
     -0.4534783963 a       832     1    13     2    12
      0.0222950741 a       833     1    13     2    13
     -0.2472646777 a       834     1    13     2    14
      0.1856646429 a       835     1    13     2    15
      0.6506683528 a       836     1    13     2    16
     -0.3584221846 a       837     1    13     2    17
     -0.3876919067 a       838     1    13     2    18
      0.0993090871 a       839     1    13     2    19
     -0.3416067772 a       840     1    13     2    20
     -0.3116123203 a       841     1    14     2     1
      0.1099269403 a       842     1    14     2     2
     -0.0042735974 a       843     1    14     2     3
      0.4984010056 a       844     1    14     2     4
      0.2459340103 a       845     1    14     2     5
     -0.7387552389 a       846     1    14     2     6
      0.2059829998 a       847     1    14     2     7
     -0.3356808769 a       848     1    14     2     8
     -0.5119081889 a       849     1    14     2     9
     -0.0720768150 a       850     1    14     2    10
      0.0166830992 a       851     1    14     2    11
      0.4280320693 a       852     1    14     2    12
      0.1021129515 a       853     1    14     2    13
      0.2603370246 a       854     1    14     2    14
      0.3031207649 a       855     1    14     2    15
      0.3042319333 a       856     1    14     2    16
     -0.4747795395 a       857     1    14     2    17
      0.4251305119 a       858     1    14     2    18
      0.2100238847 a       859     1    14     2    19
      0.3192712290 a       860     1    14     2    20
      0.4732200177 a       861     1    15     2     1
      0.3017437984 a       862     1    15     2     2
      0.4947832991 a       863     1    15     2     3
     -0.3412232111 a       864     1    15     2     4
      0.0154629853 a       865     1    15     2     5
      0.5340993172 a       866     1    15     2     6
     -0.4811515981 a       867     1    15     2     7
     -0.3371311604 a       868     1    15     2     8
      0.4194087343 a       869     1    15     2     9
     -0.5096108646 a       870     1    15     2    10
      0.3135919671 a       871     1    15     2    11
      0.3999691298 a       872     1    15     2    12
      0.5359179749 a       873     1    15     2    13
     -0.5331288809 a       874     1    15     2    14
     -0.0746566549 a       875     1    15     2    15
     -0.0159076267 a       876     1    15     2    16
     -0.0804663135 a       877     1    15     2    17
      0.4760175342 a       878     1    15     2    18
     -0.4056198327 a       879     1    15     2    19
      0.0797652343 a       880     1    15     2    20
      0.4278804923 a       881     1    16     2     1
     -0.0698239181 a       882     1    16     2     2
     -0.4707941275 a       883     1    16     2     3
     -0.3270601686 a       884     1    16     2     4
      0.1519223828 a       885     1    16     2     5
     -0.4852366805 a       886     1    16     2     6
      0.2969688242 a       887     1    16     2     7
     -0.5024623507 a       888     1    16     2     8
      0.4117194579 a       889     1    16     2     9
      0.0284624416 a       890     1    16     2    10
      0.2432279307 a       891     1    16     2    11
     -0.2823056521 a       892     1    16     2    12
      0.2212572701 a       893     1    16     2    13
     -0.2239902322 a       894     1    16     2    14
     -0.5448133349 a       895     1    16     2    15
      0.5997313020 a       896     1    16     2    16
     -0.3501809915 a       897     1    16     2    17
     -0.0130944015 a       898     1    16     2    18
      0.2382300997 a       899     1    16     2    19
      0.0377787256 a       900     1    16     2    20
      0.0644476392 a       901     1    17     2     1
     -0.5763980627 a       902     1    17     2     2
     -0.0869424212 a       903     1    17     2     3
     -0.3744717793 a       904     1    17     2     4
      0.4303366859 a       905     1    17     2     5
     -0.2723988899 a       906     1    17     2     6
      0.2659383790 a       907     1    17     2     7
      0.4243093974 a       908     1    17     2     8
      0.3927575593 a       909     1    17     2     9
      0.0959998660 a       910     1    17     2    10
     -0.6714089639 a       911     1    17     2    11
     -0.0990394585 a       912     1    17     2    12
     -0.1898160955 a       913     1    17     2    13
     -0.3954025165 a       914     1    17     2    14
     -0.2169195551 a       915     1    17     2    15
      0.0375137691 a       916     1    17     2    16
     -0.2740189177 a       917     1    17     2    17
      0.4510263769 a       918     1    17     2    18
      0.5840601357 a       919     1    17     2    19
     -0.2596636660 a       920     1    17     2    20
     -0.2193092044 a       921     1    18     2     1
      0.5346701200 a       922     1    18     2     2
      0.5369677489 a       923     1    18     2     3
      0.2679840296 a       924     1    18     2     4
     -0.3301791291 a       925     1    18     2     5
     -0.1080612436 a       926     1    18     2     6
     -0.1590391263 a       927     1    18     2     7
     -0.3203159934 a       928     1    18     2     8
     -0.3423657308 a       929     1    18     2     9
     -0.2489767637 a       930     1    18     2    10
     -0.2202319281 a       931     1    18     2    11
      0.4192071144 a       932     1    18     2    12
     -0.5327838233 a       933     1    18     2    13
     -0.3960750303 a       934     1    18     2    14
      0.0785734047 a       935     1    18     2    15
     -0.0815104290 a       936     1    18     2    16
      0.4784819491 a       937     1    18     2    17
     -0.3041981382 a       938     1    18     2    18
      0.5275971523 a       939     1    18     2    19
      0.4790489615 a       940     1    18     2    20
      0.4195751696 a       941     1    19     2     1
     -0.3323051915 a       942     1    19     2     2
      0.1953220055 a       943     1    19     2     3
      0.2185033032 a       944     1    19     2     4
      0.4182612967 a       945     1    19     2     5
      0.0009177201 a       946     1    19     2     6
     -0.1254115264 a       947     1    19     2     7
      0.2346807932 a       948     1    19     2     8
     -0.1089982940 a       949     1    19     2     9
     -0.4493399733 a       950     1    19     2    10
      0.5552587800 a       951     1    19     2    11
      0.3568845229 a       952     1    19     2    12
     -0.0785145890 a       953     1    19     2    13
     -0.4458255090 a       954     1    19     2    14
      0.1989500076 a       955     1    19     2    15
     -0.2133683525 a       956     1    19     2    16
     -0.5697190346 a       957     1    19     2    17
      0.0126863109 a       958     1    19     2    18
     -0.4339869720 a       959     1    19     2    19
      0.3445266111 a       960     1    19     2    20
      0.4490226477 a       961     1    20     2     1
     -0.1846023833 a       962     1    20     2     2
     -0.3441606726 a       963     1    20     2     3
      0.0577559763 a       964     1    20     2     4
      0.3499588698 a       965     1    20     2     5
     -0.3182552290 a       966     1    20     2     6
     -0.4812681999 a       967     1    20     2     7
      0.0848072168 a       968     1    20     2     8
     -0.1637972050 a       969     1    20     2     9
      0.5037584033 a       970     1    20     2    10
     -0.0733879763 a       971     1    20     2    11
      0.4170142830 a       972     1    20     2    12
      0.1082932755 a       973     1    20     2    13
     -0.4983208071 a       974     1    20     2    14
      0.6373969542 a       975     1    20     2    15
     -0.3004767846 a       976     1    20     2    16
      0.3133063642 a       977     1    20     2    17
     -0.2505443473 a       978     1    20     2    18
      0.0919823926 a       979     1    20     2    19
     -0.4823311730 a       980     1    20     2    20
      1.5744421367 b       981     2     1
      0.4963996337 b       982     2     2
      1.2661808222 b       983     2     3
      0.6505191136 b       984     2     4
      0.7581836226 b       985     2     5
     -0.3593269731 b       986     2     6
     -1.4296144623 b       987     2     7
     -0.6866616875 b       988     2     8
     -0.8212550987 b       989     2     9
      0.4956866926 b       990     2    10
      1.1680030544 b       991     2    11
      0.2114782605 b       992     2    12
     -0.3688901089 b       993     2    13
      1.6199309783 b       994     2    14
     -0.6790658638 b       995     2    15
      1.5900103351 b       996     2    16
      1.5871710148 b       997     2    17
     -0.7036531488 b       998     2    18
     -0.3130175477 b       999     2    19
     -0.3737463771 b      1000     2    20
      0.0430673171 a      1001     2     1     3     1
      0.0051986648 a      1002     2     2     3     1
     -0.0087545652 a      1003     2     3     3     1
      0.0251955634 a      1004     2     4     3     1
      0.0011399703 a      1005     2     5     3     1
      0.0101401270 a      1006     2     6     3     1
      0.0061792577 a      1007     2     7     3     1
     -0.0192384586 a      1008     2     8     3     1
      0.0003355576 a      1009     2     9     3     1
     -0.0013648363 a      1010     2    10     3     1
     -0.0042437776 a      1011     2    11     3     1
     -0.0019999246 a      1012     2    12     3     1
      0.0012174368 a      1013     2    13     3     1
     -0.0231597374 a      1014     2    14     3     1
      0.0041148357 a      1015     2    15     3     1
     -0.0189966439 a      1016     2    16     3     1
     -0.0427852855 a      1017     2    17     3     1
      0.0172610890 a      1018     2    18     3     1
      0.0050041962 a      1019     2    19     3     1
      0.0046120148 a      1020     2    20     3     1
     19.7197206427 b      1021     3     1
