     -0.4737734497 a         1     0     1     1     1
     -0.2690572045 a         2     0     1     1     2
     -0.2553919253 a         3     0     1     1     3
     -0.0815011383 a         4     0     1     1     4
      0.1063062656 a         5     0     1     1     5
      0.2155988207 a         6     0     1     1     6
      0.3792841981 a         7     0     1     1     7
      0.1354089235 a         8     0     1     1     8
      0.4599030488 a         9     0     1     1     9
      0.0845063281 a        10     0     1     1    10
     -0.0193209020 a        11     0     1     1    11
      0.2485356205 a        12     0     1     1    12
      0.2481427560 a        13     0     1     1    13
      0.4124453547 a        14     0     1     1    14
     -0.3259155470 a        15     0     1     1    15
      0.2165257666 a        16     0     1     1    16
     -0.1797820762 a        17     0     1     1    17
     -0.5011307951 a        18     0     1     1    18
     -0.0841608270 a        19     0     1     1    19
     -0.1297492665 a        20     0     1     1    20
     -0.4500365401 a        21     0     2     1     1
     -0.2283078029 a        22     0     2     1     2
      0.1645066313 a        23     0     2     1     3
     -0.4343484330 a        24     0     2     1     4
     -0.0297087464 a        25     0     2     1     5
      0.0168628612 a        26     0     2     1     6
      0.0762965340 a        27     0     2     1     7
      0.1017467803 a        28     0     2     1     8
      0.2643520466 a        29     0     2     1     9
     -0.1905517999 a        30     0     2     1    10
      0.1679585984 a        31     0     2     1    11
      0.1190165902 a        32     0     2     1    12
      0.2571208078 a        33     0     2     1    13
     -0.4251823317 a        34     0     2     1    14
     -0.3308581966 a        35     0     2     1    15
     -0.4229251467 a        36     0     2     1    16
      0.3901880637 a        37     0     2     1    17
     -0.3885471165 a        38     0     2     1    18
     -0.1717395337 a        39     0     2     1    19
     -0.2928050770 a        40     0     2     1    20
     -0.0750511563 a        41     0     3     1     1
      0.0307284648 a        42     0     3     1     2
     -0.0798763869 a        43     0     3     1     3
     -0.0574705665 a        44     0     3     1     4
      0.4355959603 a        45     0     3     1     5
      0.0260377138 a        46     0     3     1     6
     -0.0697715413 a        47     0     3     1     7
     -0.1521057312 a        48     0     3     1     8
     -0.0791817728 a        49     0     3     1     9
      0.2958183688 a        50     0     3     1    10
      0.2108132744 a        51     0     3     1    11
     -0.4597738163 a        52     0     3     1    12
     -0.4403961570 a        53     0     3     1    13
      0.0515216939 a        54     0     3     1    14
     -0.2711260189 a        55     0     3     1    15
     -0.4276710972 a        56     0     3     1    16
      0.0199126939 a        57     0     3     1    17
     -0.2717427937 a        58     0     3     1    18
      0.4053318076 a        59     0     3     1    19
      0.3421105320 a        60     0     3     1    20
      0.1836431588 a        61     0     4     1     1
      0.3462993895 a        62     0     4     1     2
     -0.2923718326 a        63     0     4     1     3
     -0.0751406523 a        64     0     4     1     4
     -0.4270888419 a        65     0     4     1     5
      0.1284907015 a        66     0     4     1     6
     -0.1382897360 a        67     0     4     1     7
     -0.1452532808 a        68     0     4     1     8
      0.5016374677 a        69     0     4     1     9
      0.1473576796 a        70     0     4     1    10
      0.2743160216 a        71     0     4     1    11
     -0.1108831250 a        72     0     4     1    12
     -0.0897976298 a        73     0     4     1    13
      0.3305714777 a        74     0     4     1    14
     -0.1643171693 a        75     0     4     1    15
      0.4343595063 a        76     0     4     1    16
     -0.3404903102 a        77     0     4     1    17
     -0.0711910019 a        78     0     4     1    18
     -0.3246390330 a        79     0     4     1    19
     -0.0140066678 a        80     0     4     1    20
      0.4555848452 a        81     0     5     1     1
     -0.4848227895 a        82     0     5     1     2
      0.3888672487 a        83     0     5     1     3
     -0.4193323121 a        84     0     5     1     4
     -0.3705938133 a        85     0     5     1     5
      0.1058616036 a        86     0     5     1     6
      0.3736156166 a        87     0     5     1     7
     -0.1255862210 a        88     0     5     1     8
     -0.1978618306 a        89     0     5     1     9
     -0.3933300484 a        90     0     5     1    10
     -0.0110690768 a        91     0     5     1    11
     -0.0375240478 a        92     0     5     1    12
     -0.1560637414 a        93     0     5     1    13
      0.4201402941 a        94     0     5     1    14
     -0.3930912432 a        95     0     5     1    15
     -0.2914380995 a        96     0     5     1    16
     -0.1543213932 a        97     0     5     1    17
      0.5359936575 a        98     0     5     1    18
      0.0299755360 a        99     0     5     1    19
     -0.2036646567 a       100     0     5     1    20
      0.1520687185 a       101     0     6     1     1
      0.3410816135 a       102     0     6     1     2
     -0.0013448671 a       103     0     6     1     3
      0.4529314397 a       104     0     6     1     4
     -0.3525508352 a       105     0     6     1     5
      0.3044435078 a       106     0     6     1     6
     -0.3679351032 a       107     0     6     1     7
     -0.3927290857 a       108     0     6     1     8
     -0.1156844568 a       109     0     6     1     9
     -0.2566689413 a       110     0     6     1    10
      0.3497598243 a       111     0     6     1    11
      0.4097381214 a       112     0     6     1    12
     -0.4759345943 a       113     0     6     1    13
      0.3396928117 a       114     0     6     1    14
      0.1274611390 a       115     0     6     1    15
      0.0044481862 a       116     0     6     1    16
      0.3763080649 a       117     0     6     1    17
     -0.5027166245 a       118     0     6     1    18
     -0.2635757086 a       119     0     6     1    19
      0.0155341593 a       120     0     6     1    20
      0.0570059583 a       121     0     7     1     1
      0.1129374329 a       122     0     7     1     2
     -0.4125707932 a       123     0     7     1     3
      0.1784036549 a       124     0     7     1     4
      0.3553476087 a       125     0     7     1     5
      0.3655570049 a       126     0     7     1     6
     -0.3206797210 a       127     0     7     1     7
     -0.0906797662 a       128     0     7     1     8
      0.2066543916 a       129     0     7     1     9
      0.4595704928 a       130     0     7     1    10
      0.0726885934 a       131     0     7     1    11
      0.1183126452 a       132     0     7     1    12
     -0.1548039422 a       133     0     7     1    13
     -0.2466442297 a       134     0     7     1    14
     -0.4206919200 a       135     0     7     1    15
      0.1206694676 a       136     0     7     1    16
      0.3676974231 a       137     0     7     1    17
      0.2691383427 a       138     0     7     1    18
      0.0810886549 a       139     0     7     1    19
     -0.3258555498 a       140     0     7     1    20
      0.1892406620 a       141     0     8     1     1
     -0.1108822418 a       142     0     8     1     2
     -0.1856422505 a       143     0     8     1     3
     -0.1150515318 a       144     0     8     1     4
      0.3388299860 a       145     0     8     1     5
     -0.0508025281 a       146     0     8     1     6
     -0.2886764476 a       147     0     8     1     7
     -0.1460761548 a       148     0     8     1     8
     -0.2476001104 a       149     0     8     1     9
     -0.3093169891 a       150     0     8     1    10
      0.4143508093 a       151     0     8     1    11
      0.1006196097 a       152     0     8     1    12
     -0.2590599467 a       153     0     8     1    13
      0.1061057095 a       154     0     8     1    14
     -0.3707961574 a       155     0     8     1    15
     -0.2593883503 a       156     0     8     1    16
      0.1725671326 a       157     0     8     1    17
      0.2053252899 a       158     0     8     1    18
      0.4408968633 a       159     0     8     1    19
     -0.1519146893 a       160     0     8     1    20
     -0.1760603363 a       161     0     9     1     1
      0.4764143663 a       162     0     9     1     2
     -0.2224894721 a       163     0     9     1     3
      0.2171693357 a       164     0     9     1     4
     -0.1189771180 a       165     0     9     1     5
      0.3779322348 a       166     0     9     1     6
     -0.1025099177 a       167     0     9     1     7
      0.1960080026 a       168     0     9     1     8
      0.0681546950 a       169     0     9     1     9
      0.0433937001 a       170     0     9     1    10
      0.4937848152 a       171     0     9     1    11
      0.4768902856 a       172     0     9     1    12
     -0.3244289659 a       173     0     9     1    13
      0.3412544224 a       174     0     9     1    14
     -0.0062777441 a       175     0     9     1    15
     -0.2678084256 a       176     0     9     1    16
      0.3072501091 a       177     0     9     1    17
     -0.1916770072 a       178     0     9     1    18
     -0.1257591405 a       179     0     9     1    19
     -0.3591544801 a       180     0     9     1    20
      0.4979302725 a       181     0    10     1     1
     -0.4944373808 a       182     0    10     1     2
      0.3112327605 a       183     0    10     1     3
     -0.1704560600 a       184     0    10     1     4
      0.0245040683 a       185     0    10     1     5
      0.4016577362 a       186     0    10     1     6
      0.1001420292 a       187     0    10     1     7
     -0.1477039171 a       188     0    10     1     8
      0.0522520609 a       189     0    10     1     9
      0.3820679303 a       190     0    10     1    10
     -0.4177562841 a       191     0    10     1    11
      0.0422682941 a       192     0    10     1    12
      0.1552309688 a       193     0    10     1    13
     -0.2609975318 a       194     0    10     1    14
     -0.3141624164 a       195     0    10     1    15
      0.2742932101 a       196     0    10     1    16
     -0.0179528380 a       197     0    10     1    17
     -0.5005123936 a       198     0    10     1    18
      0.3538319214 a       199     0    10     1    19
     -0.1341547133 a       200     0    10     1    20
      0.0426288356 a       201     0    11     1     1
      0.3462236154 a       202     0    11     1     2
     -0.2033432139 a       203     0    11     1     3
     -0.3551399944 a       204     0    11     1     4
     -0.0209874737 a       205     0    11     1     5
     -0.0248503199 a       206     0    11     1     6
     -0.3430639886 a       207     0    11     1     7
     -0.2905392466 a       208     0    11     1     8
     -0.3041366428 a       209     0    11     1     9
     -0.0736444564 a       210     0    11     1    10
     -0.2410047279 a       211     0    11     1    11
      0.3271373360 a       212     0    11     1    12
      0.0922472830 a       213     0    11     1    13
      0.4416695854 a       214     0    11     1    14
      0.1537972875 a       215     0    11     1    15
      0.2287867752 a       216     0    11     1    16
     -0.2500892551 a       217     0    11     1    17
     -0.2263527891 a       218     0    11     1    18
      0.2099122514 a       219     0    11     1    19
      0.2485651987 a       220     0    11     1    20
      0.2490563377 a       221     0    12     1     1
      0.0433781772 a       222     0    12     1     2
     -0.3499377324 a       223     0    12     1     3
     -0.4490393166 a       224     0    12     1     4
     -0.1554902801 a       225     0    12     1     5
     -0.0309525874 a       226     0    12     1     6
      0.0015821772 a       227     0    12     1     7
      0.4934284583 a       228     0    12     1     8
     -0.4047395255 a       229     0    12     1     9
      0.0924426368 a       230     0    12     1    10
      0.4984362414 a       231     0    12     1    11
      0.4423444943 a       232     0    12     1    12
      0.1664852885 a       233     0    12     1    13
      0.2914242085 a       234     0    12     1    14
      0.3588042854 a       235     0    12     1    15
      0.1350933211 a       236     0    12     1    16
     -0.1351465822 a       237     0    12     1    17
     -0.0027210252 a       238     0    12     1    18
      0.1651413797 a       239     0    12     1    19
     -0.4762010033 a       240     0    12     1    20
      0.3672784869 a       241     0    13     1     1
      0.2320122379 a       242     0    13     1     2
     -0.3734535109 a       243     0    13     1     3
      0.0128521196 a       244     0    13     1     4
      0.4560571050 a       245     0    13     1     5
      0.3477831614 a       246     0    13     1     6
     -0.3818562694 a       247     0    13     1     7
      0.2323013339 a       248     0    13     1     8
     -0.2375816601 a       249     0    13     1     9
      0.1856311966 a       250     0    13     1    10
     -0.1814558918 a       251     0    13     1    11
      0.3470903866 a       252     0    13     1    12
     -0.1446473952 a       253     0    13     1    13
     -0.3829914935 a       254     0    13     1    14
     -0.2723998764 a       255     0    13     1    15
     -0.4083463179 a       256     0    13     1    16
     -0.0751640886 a       257     0    13     1    17
      0.0895219282 a       258     0    13     1    18
      0.0747265843 a       259     0    13     1    19
     -0.3806812197 a       260     0    13     1    20
      0.2954511591 a       261     0    14     1     1
      0.3827028610 a       262     0    14     1     2
     -0.0102749751 a       263     0    14     1     3
     -0.1886704671 a       264     0    14     1     4
      0.4166699545 a       265     0    14     1     5
      0.4697565924 a       266     0    14     1     6
      0.1364521165 a       267     0    14     1     7
      0.4189601082 a       268     0    14     1     8
      0.4470271932 a       269     0    14     1     9
     -0.2975530612 a       270     0    14     1    10
     -0.2759409177 a       271     0    14     1    11
     -0.2095929254 a       272     0    14     1    12
      0.3934622800 a       273     0    14     1    13
     -0.2461007492 a       274     0    14     1    14
      0.3695477190 a       275     0    14     1    15
     -0.2142087542 a       276     0    14     1    16
      0.2910032917 a       277     0    14     1    17
     -0.3763296063 a       278     0    14     1    18
      0.0339960441 a       279     0    14     1    19
     -0.4311149992 a       280     0    14     1    20
     -0.4578237295 a       281     0    15     1     1
      0.2334041632 a       282     0    15     1     2
      0.1262105306 a       283     0    15     1     3
      0.4586635776 a       284     0    15     1     4
      0.0802135132 a       285     0    15     1     5
      0.4949410420 a       286     0    15     1     6
      0.4145159492 a       287     0    15     1     7
     -0.2467788075 a       288     0    15     1     8
     -0.2337690789 a       289     0    15     1     9
     -0.3662049248 a       290     0    15     1    10
      0.0285847213 a       291     0    15     1    11
      0.1613943625 a       292     0    15     1    12
     -0.4355083425 a       293     0    15     1    13
      0.0189464150 a       294     0    15     1    14
     -0.0173831217 a       295     0    15     1    15
     -0.4393655756 a       296     0    15     1    16
     -0.2652417970 a       297     0    15     1    17
     -0.0105019987 a       298     0    15     1    18
     -0.2032474002 a       299     0    15     1    19
      0.3119004617 a       300     0    15     1    20
     -0.3451756796 a       301     0    16     1     1
     -0.1897572317 a       302     0    16     1     2
     -0.2320625381 a       303     0    16     1     3
      0.0851147081 a       304     0    16     1     4
      0.4142380053 a       305     0    16     1     5
      0.2890397068 a       306     0    16     1     6
     -0.3822229283 a       307     0    16     1     7
     -0.2573862294 a       308     0    16     1     8
      0.0566342567 a       309     0    16     1     9
     -0.3726152132 a       310     0    16     1    10
     -0.3292816466 a       311     0    16     1    11
      0.0692076956 a       312     0    16     1    12
      0.1880720773 a       313     0    16     1    13
     -0.0136620135 a       314     0    16     1    14
      0.2021771608 a       315     0    16     1    15
      0.0124650478 a       316     0    16     1    16
     -0.2155746762 a       317     0    16     1    17
      0.0221827286 a       318     0    16     1    18
      0.2977752500 a       319     0    16     1    19
     -0.4252153973 a       320     0    16     1    20
     -0.3463671762 a       321     0    17     1     1
      0.3055725284 a       322     0    17     1     2
     -0.3310105215 a       323     0    17     1     3
     -0.4078330956 a       324     0    17     1     4
     -0.4031702042 a       325     0    17     1     5
      0.0145471990 a       326     0    17     1     6
     -0.4630146592 a       327     0    17     1     7
     -0.4516523723 a       328     0    17     1     8
     -0.2074270921 a       329     0    17     1     9
     -0.3758001010 a       330     0    17     1    10
     -0.3676359232 a       331     0    17     1    11
      0.0527601768 a       332     0    17     1    12
      0.4599815984 a       333     0    17     1    13
      0.4171648389 a       334     0    17     1    14
     -0.1218611055 a       335     0    17     1    15
      0.4007637068 a       336     0    17     1    16
      0.2564204812 a       337     0    17     1    17
     -0.1197169355 a       338     0    17     1    18
      0.0750098342 a       339     0    17     1    19
     -0.0664625787 a       340     0    17     1    20
     -0.3632234339 a       341     0    18     1     1
     -0.3229895554 a       342     0    18     1     2
     -0.3700162604 a       343     0    18     1     3
      0.3288327484 a       344     0    18     1     4
     -0.4421321738 a       345     0    18     1     5
      0.3190346409 a       346     0    18     1     6
      0.1770888891 a       347     0    18     1     7
     -0.4079034344 a       348     0    18     1     8
      0.1254556014 a       349     0    18     1     9
     -0.0567522675 a       350     0    18     1    10
      0.2493800430 a       351     0    18     1    11
     -0.0810728662 a       352     0    18     1    12
      0.3170198394 a       353     0    18     1    13
     -0.0637718630 a       354     0    18     1    14
     -0.1518938970 a       355     0    18     1    15
     -0.3979321618 a       356     0    18     1    16
     -0.1523395961 a       357     0    18     1    17
     -0.0461746933 a       358     0    18     1    18
     -0.4667121517 a       359     0    18     1    19
      0.1273420426 a       360     0    18     1    20
     -0.0710952789 a       361     0    19     1     1
      0.1080841657 a       362     0    19     1     2
      0.3954167540 a       363     0    19     1     3
      0.0029898454 a       364     0    19     1     4
      0.1876844269 a       365     0    19     1     5
      0.0868585857 a       366     0    19     1     6
     -0.3341151110 a       367     0    19     1     7
      0.1452992718 a       368     0    19     1     8
      0.1643245652 a       369     0    19     1     9
     -0.0879470030 a       370     0    19     1    10
      0.3615223254 a       371     0    19     1    11
      0.1184081224 a       372     0    19     1    12
      0.0648180123 a       373     0    19     1    13
      0.1973866513 a       374     0    19     1    14
      0.3924973623 a       375     0    19     1    15
     -0.0747251813 a       376     0    19     1    16
     -0.3174402657 a       377     0    19     1    17
      0.1265698660 a       378     0    19     1    18
      0.2379997311 a       379     0    19     1    19
     -0.3768299106 a       380     0    19     1    20
     -0.0589082988 a       381     0    20     1     1
     -0.2518091475 a       382     0    20     1     2
     -0.0795405851 a       383     0    20     1     3
      0.1820425502 a       384     0    20     1     4
      0.2098214922 a       385     0    20     1     5
      0.0283411807 a       386     0    20     1     6
      0.2736818432 a       387     0    20     1     7
      0.3497340920 a       388     0    20     1     8
      0.2288864187 a       389     0    20     1     9
      0.4445575744 a       390     0    20     1    10
     -0.1360174288 a       391     0    20     1    11
      0.4848332164 a       392     0    20     1    12
      0.4623795002 a       393     0    20     1    13
     -0.2008191386 a       394     0    20     1    14
      0.4145667833 a       395     0    20     1    15
     -0.2994465399 a       396     0    20     1    16
     -0.0477069575 a       397     0    20     1    17
      0.1048083499 a       398     0    20     1    18
     -0.0973188773 a       399     0    20     1    19
     -0.4733537851 a       400     0    20     1    20
     -0.0224885243 a       401     0    21     1     1
     -0.0162499779 a       402     0    21     1     2
      0.4390362580 a       403     0    21     1     3
      0.1675666561 a       404     0    21     1     4
     -0.1065512064 a       405     0    21     1     5
     -0.5108198781 a       406     0    21     1     6
     -0.3443465091 a       407     0    21     1     7
     -0.1773961715 a       408     0    21     1     8
      0.4922497277 a       409     0    21     1     9
      0.4477455330 a       410     0    21     1    10
     -0.0904076442 a       411     0    21     1    11
      0.1852539381 a       412     0    21     1    12
      0.3012198675 a       413     0    21     1    13
      0.0732632694 a       414     0    21     1    14
     -0.4387750509 a       415     0    21     1    15
      0.0751501633 a       416     0    21     1    16
     -0.3657438892 a       417     0    21     1    17
     -0.4950127955 a       418     0    21     1    18
     -0.4697059427 a       419     0    21     1    19
      0.1267701212 a       420     0    21     1    20
      0.4003528553 a       421     0    22     1     1
      0.4241828732 a       422     0    22     1     2
     -0.4161071991 a       423     0    22     1     3
      0.2934093845 a       424     0    22     1     4
     -0.2382013829 a       425     0    22     1     5
     -0.4701713585 a       426     0    22     1     6
      0.2956959717 a       427     0    22     1     7
     -0.2151310709 a       428     0    22     1     8
      0.2353738616 a       429     0    22     1     9
     -0.1170953224 a       430     0    22     1    10
     -0.5708568696 a       431     0    22     1    11
     -0.1490967576 a       432     0    22     1    12
      0.1959027093 a       433     0    22     1    13
     -0.4879370205 a       434     0    22     1    14
     -0.0264653381 a       435     0    22     1    15
     -0.0313208281 a       436     0    22     1    16
     -0.2838854233 a       437     0    22     1    17
     -0.0207178326 a       438     0    22     1    18
      0.4967691499 a       439     0    22     1    19
     -0.2757518801 a       440     0    22     1    20
      0.0982544494 a       441     0    23     1     1
      0.1609735505 a       442     0    23     1     2
     -0.0948339319 a       443     0    23     1     3
      0.2973598961 a       444     0    23     1     4
     -0.0607920815 a       445     0    23     1     5
      0.2231238802 a       446     0    23     1     6
      0.4625023886 a       447     0    23     1     7
      0.3674562709 a       448     0    23     1     8
     -0.4236374965 a       449     0    23     1     9
     -0.2664122008 a       450     0    23     1    10
      0.3403034200 a       451     0    23     1    11
     -0.4729136054 a       452     0    23     1    12
      0.2310705792 a       453     0    23     1    13
     -0.1625372132 a       454     0    23     1    14
     -0.1737826589 a       455     0    23     1    15
      0.3452842887 a       456     0    23     1    16
     -0.5257967660 a       457     0    23     1    17
     -0.2179238428 a       458     0    23     1    18
      0.3660230349 a       459     0    23     1    19
      0.1959566480 a       460     0    23     1    20
      0.0197364550 a       461     0    24     1     1
     -0.0541449975 a       462     0    24     1     2
     -0.3125735058 a       463     0    24     1     3
     -0.3672557737 a       464     0    24     1     4
     -0.3979160843 a       465     0    24     1     5
     -0.0426711360 a       466     0    24     1     6
     -0.2960677439 a       467     0    24     1     7
      0.1525068616 a       468     0    24     1     8
     -0.0823868498 a       469     0    24     1     9
      0.1685602943 a       470     0    24     1    10
      0.1991354225 a       471     0    24     1    11
     -0.4466135208 a       472     0    24     1    12
     -0.4124430507 a       473     0    24     1    13
      0.4476953889 a       474     0    24     1    14
      0.3563996588 a       475     0    24     1    15
     -0.2704964762 a       476     0    24     1    16
      0.3538230248 a       477     0    24     1    17
     -0.3460038165 a       478     0    24     1    18
     -0.1727788377 a       479     0    24     1    19
     -0.0209896097 a       480     0    24     1    20
      0.2045420712 a       481     0    25     1     1
      0.3757681411 a       482     0    25     1     2
      0.3907504849 a       483     0    25     1     3
     -0.2772268975 a       484     0    25     1     4
      0.4173737224 a       485     0    25     1     5
     -0.5055694291 a       486     0    25     1     6
     -0.0852405589 a       487     0    25     1     7
      0.4653525875 a       488     0    25     1     8
     -0.4531320177 a       489     0    25     1     9
     -0.4597476989 a       490     0    25     1    10
     -0.0600627819 a       491     0    25     1    11
      0.2540205910 a       492     0    25     1    12
      0.1569236737 a       493     0    25     1    13
     -0.3028047006 a       494     0    25     1    14
      0.0909580206 a       495     0    25     1    15
     -0.3942141021 a       496     0    25     1    16
     -0.4845228369 a       497     0    25     1    17
     -0.3980443870 a       498     0    25     1    18
     -0.4943904243 a       499     0    25     1    19
      0.0742334698 a       500     0    25     1    20
      0.4762034507 a       501     0    26     1     1
      0.3564705526 a       502     0    26     1     2
      0.3089745527 a       503     0    26     1     3
      0.1129888107 a       504     0    26     1     4
     -0.1086995188 a       505     0    26     1     5
      0.3869302592 a       506     0    26     1     6
     -0.2812779912 a       507     0    26     1     7
      0.2096077773 a       508     0    26     1     8
     -0.2630501808 a       509     0    26     1     9
     -0.1953669308 a       510     0    26     1    10
      0.3792703555 a       511     0    26     1    11
     -0.3019624669 a       512     0    26     1    12
      0.1532197396 a       513     0    26     1    13
      0.1785106008 a       514     0    26     1    14
     -0.1088166066 a       515     0    26     1    15
      0.0719210759 a       516     0    26     1    16
     -0.4845778839 a       517     0    26     1    17
      0.1935774750 a       518     0    26     1    18
      0.2971620646 a       519     0    26     1    19
     -0.4727934468 a       520     0    26     1    20
     -0.2592627627 a       521     0    27     1     1
      0.2700725201 a       522     0    27     1     2
      0.4174156512 a       523     0    27     1     3
     -0.4445009332 a       524     0    27     1     4
      0.0727347436 a       525     0    27     1     5
     -0.2900806723 a       526     0    27     1     6
      0.1571503343 a       527     0    27     1     7
     -0.3517403638 a       528     0    27     1     8
     -0.1617426688 a       529     0    27     1     9
      0.4289820636 a       530     0    27     1    10
      0.0623673763 a       531     0    27     1    11
     -0.3020340280 a       532     0    27     1    12
      0.3564839036 a       533     0    27     1    13
      0.2383383241 a       534     0    27     1    14
      0.4420196511 a       535     0    27     1    15
     -0.2594315208 a       536     0    27     1    16
     -0.0015125769 a       537     0    27     1    17
     -0.2442667647 a       538     0    27     1    18
     -0.2828654239 a       539     0    27     1    19
      0.2035726530 a       540     0    27     1    20
      0.1747069011 a       541     0    28     1     1
      0.3194671638 a       542     0    28     1     2
      0.2516151509 a       543     0    28     1     3
     -0.4567469056 a       544     0    28     1     4
     -0.2896433158 a       545     0    28     1     5
      0.1099149157 a       546     0    28     1     6
      0.3476885109 a       547     0    28     1     7
     -0.5258856374 a       548     0    28     1     8
     -0.4824795416 a       549     0    28     1     9
      0.3059691276 a       550     0    28     1    10
     -0.2255075426 a       551     0    28     1    11
     -0.4708570089 a       552     0    28     1    12
     -0.3668499397 a       553     0    28     1    13
     -0.1422563201 a       554     0    28     1    14
      0.4401393723 a       555     0    28     1    15
     -0.4475167509 a       556     0    28     1    16
      0.3692861549 a       557     0    28     1    17
     -0.3012587843 a       558     0    28     1    18
     -0.4085973147 a       559     0    28     1    19
      0.4509544817 a       560     0    28     1    20
      1.3791268920 b       561     1     1
      0.4744255502 b       562     1     2
      1.3956265647 b       563     1     3
     -1.4439134710 b       564     1     4
     -1.0622538638 b       565     1     5
      1.3597509993 b       566     1     6
     -0.5420084715 b       567     1     7
      0.9905440605 b       568     1     8
      0.2908518625 b       569     1     9
     -0.7453584088 b       570     1    10
      1.0244089700 b       571     1    11
     -0.3201941389 b       572     1    12
      0.6542216568 b       573     1    13
     -1.3086676434 b       574     1    14
     -0.7590118123 b       575     1    15
     -1.0869399488 b       576     1    16
     -0.1841224230 b       577     1    17
     -1.5146743592 b       578     1    18
     -1.2326442629 b       579     1    19
      1.1500542393 b       580     1    20
     -0.5565504144 a       581     1     1     2     1
      0.0928874388 a       582     1     1     2     2
     -0.2979795059 a       583     1     1     2     3
      0.5027821868 a       584     1     1     2     4
      0.8443605536 a       585     1     1     2     5
     -0.6475475037 a       586     1     1     2     6
     -0.3632561618 a       587     1     1     2     7
      0.2680952919 a       588     1     1     2     8
     -0.0822343877 a       589     1     1     2     9
      0.5178182947 a       590     1     1     2    10
      0.4693191008 a       591     1     1     2    11
      0.3376952310 a       592     1     1     2    12
     -0.1662974592 a       593     1     1     2    13
     -0.2599295553 a       594     1     1     2    14
     -0.0931186702 a       595     1     1     2    15
     -0.1255043162 a       596     1     1     2    16
     -0.4435189561 a       597     1     1     2    17
      0.4177426589 a       598     1     1     2    18
     -0.4432040696 a       599     1     1     2    19
     -0.5763901914 a       600     1     1     2    20
      0.4428327566 a       601     1     2     2     1
     -0.0477858368 a       602     1     2     2     2
     -0.4527793712 a       603     1     2     2     3
      0.2669230936 a       604     1     2     2     4
     -0.4084901838 a       605     1     2     2     5
     -0.2425001264 a       606     1     2     2     6
     -0.4745526625 a       607     1     2     2     7
      0.4462741373 a       608     1     2     2     8
      0.4667185332 a       609     1     2     2     9
      0.4886246747 a       610     1     2     2    10
      0.3845363282 a       611     1     2     2    11
     -0.1198978511 a       612     1     2     2    12
      0.3197962943 a       613     1     2     2    13
     -0.0634903747 a       614     1     2     2    14
     -0.0231338124 a       615     1     2     2    15
     -0.6194780346 a       616     1     2     2    16
      0.0683410179 a       617     1     2     2    17
     -0.3071482779 a       618     1     2     2    18
      0.5084338350 a       619     1     2     2    19
     -0.1569098452 a       620     1     2     2    20
      0.5339620986 a       621     1     3     2     1
      0.5244839016 a       622     1     3     2     2
      0.5258919697 a       623     1     3     2     3
      0.4072660441 a       624     1     3     2     4
      0.0581153796 a       625     1     3     2     5
      0.2981175563 a       626     1     3     2     6
     -0.4108097458 a       627     1     3     2     7
      0.4488753779 a       628     1     3     2     8
     -0.4690774092 a       629     1     3     2     9
      0.1794694110 a       630     1     3     2    10
      0.2710676292 a       631     1     3     2    11
     -0.4636412417 a       632     1     3     2    12
     -0.3539003173 a       633     1     3     2    13
     -0.0874645503 a       634     1     3     2    14
     -0.0180549631 a       635     1     3     2    15
     -0.1411254580 a       636     1     3     2    16
     -0.1730182167 a       637     1     3     2    17
     -0.5097014009 a       638     1     3     2    18
      0.2450429890 a       639     1     3     2    19
     -0.2073703294 a       640     1     3     2    20
     -0.1838366491 a       641     1     4     2     1
      0.3987826342 a       642     1     4     2     2
      0.3554208371 a       643     1     4     2     3
     -0.2647161315 a       644     1     4     2     4
      0.2709556279 a       645     1     4     2     5
      0.2395246980 a       646     1     4     2     6
      0.4896852994 a       647     1     4     2     7
     -0.5056888851 a       648     1     4     2     8
     -0.5248032165 a       649     1     4     2     9
      0.5766299772 a       650     1     4     2    10
      0.4428506090 a       651     1     4     2    11
     -0.4640775047 a       652     1     4     2    12
     -0.4877263697 a       653     1     4     2    13
      0.4727009735 a       654     1     4     2    14
      0.0257431462 a       655     1     4     2    15
     -0.6361761765 a       656     1     4     2    16
      0.3642052419 a       657     1     4     2    17
      0.1845382002 a       658     1     4     2    18
     -0.3648955788 a       659     1     4     2    19
      0.2441309513 a       660     1     4     2    20
      0.3400481350 a       661     1     5     2     1
     -0.5597706151 a       662     1     5     2     2
      0.1675854934 a       663     1     5     2     3
      0.1073723672 a       664     1     5     2     4
      0.0477552073 a       665     1     5     2     5
      0.1940928848 a       666     1     5     2     6
     -0.1363530380 a       667     1     5     2     7
      0.3392193304 a       668     1     5     2     8
      0.0576320192 a       669     1     5     2     9
     -0.0091094824 a       670     1     5     2    10
      0.6186278170 a       671     1     5     2    11
     -0.5019604786 a       672     1     5     2    12
      0.2450320599 a       673     1     5     2    13
     -0.4062979715 a       674     1     5     2    14
      0.6342420339 a       675     1     5     2    15
     -0.3688965086 a       676     1     5     2    16
     -0.5483948747 a       677     1     5     2    17
     -0.0916068742 a       678     1     5     2    18
      0.2570972203 a       679     1     5     2    19
      0.3558001760 a       680     1     5     2    20
      0.5616690034 a       681     1     6     2     1
     -0.4639967264 a       682     1     6     2     2
      0.5080095727 a       683     1     6     2     3
     -0.4305190451 a       684     1     6     2     4
      0.3626064079 a       685     1     6     2     5
     -0.2545392951 a       686     1     6     2     6
      0.3014382131 a       687     1     6     2     7
     -0.4988739430 a       688     1     6     2     8
      0.4546834791 a       689     1     6     2     9
      0.3444400352 a       690     1     6     2    10
      0.1472619531 a       691     1     6     2    11
     -0.3025031215 a       692     1     6     2    12
     -0.6716211328 a       693     1     6     2    13
     -0.3222003851 a       694     1     6     2    14
     -0.5234337287 a       695     1     6     2    15
     -0.6205249422 a       696     1     6     2    16
      0.3452146434 a       697     1     6     2    17
      0.2633472681 a       698     1     6     2    18
     -0.4937091874 a       699     1     6     2    19
      0.3498078246 a       700     1     6     2    20
     -0.1341569696 a       701     1     7     2     1
     -0.5533096314 a       702     1     7     2     2
      0.3818240879 a       703     1     7     2     3
      0.4900532331 a       704     1     7     2     4
      0.1515056335 a       705     1     7     2     5
     -0.2781614069 a       706     1     7     2     6
     -0.3625156832 a       707     1     7     2     7
     -0.4291933917 a       708     1     7     2     8
      0.4032483771 a       709     1     7     2     9
      0.5059048972 a       710     1     7     2    10
     -0.1850764262 a       711     1     7     2    11
     -0.0622108757 a       712     1     7     2    12
     -0.3299916450 a       713     1     7     2    13
      0.4482533016 a       714     1     7     2    14
     -0.6400515890 a       715     1     7     2    15
     -0.0505447049 a       716     1     7     2    16
      0.4607385499 a       717     1     7     2    17
      0.5746619602 a       718     1     7     2    18
      0.4116637957 a       719     1     7     2    19
      0.5836555379 a       720     1     7     2    20
     -0.0175844351 a       721     1     8     2     1
     -0.5614719994 a       722     1     8     2     2
     -0.1766947103 a       723     1     8     2     3
      0.0478148152 a       724     1     8     2     4
      0.4721773221 a       725     1     8     2     5
      0.0073902178 a       726     1     8     2     6
     -0.2965175767 a       727     1     8     2     7
      0.1210534945 a       728     1     8     2     8
     -0.1516120486 a       729     1     8     2     9
      0.1762144481 a       730     1     8     2    10
     -0.2902592868 a       731     1     8     2    11
     -0.4785241457 a       732     1     8     2    12
     -0.4972520343 a       733     1     8     2    13
      0.2371342494 a       734     1     8     2    14
     -0.3891401761 a       735     1     8     2    15
     -0.0201152575 a       736     1     8     2    16
      0.0706764262 a       737     1     8     2    17
      0.2982257755 a       738     1     8     2    18
      0.3993141802 a       739     1     8     2    19
      0.1614890215 a       740     1     8     2    20
      0.0154029288 a       741     1     9     2     1
     -0.2676844441 a       742     1     9     2     2
     -0.5557353934 a       743     1     9     2     3
      0.4849365842 a       744     1     9     2     4
     -0.0069168495 a       745     1     9     2     5
     -0.2176956834 a       746     1     9     2     6
     -0.3815661295 a       747     1     9     2     7
     -0.2233755622 a       748     1     9     2     8
      0.0635109551 a       749     1     9     2     9
      0.5144059001 a       750     1     9     2    10
     -0.0494091040 a       751     1     9     2    11
      0.4512535193 a       752     1     9     2    12
     -0.6959020491 a       753     1     9     2    13
     -0.4946973606 a       754     1     9     2    14
     -0.3851381491 a       755     1     9     2    15
      0.1693437425 a       756     1     9     2    16
     -0.3348268989 a       757     1     9     2    17
     -0.3721348903 a       758     1     9     2    18
      0.1688532220 a       759     1     9     2    19
     -0.4536732104 a       760     1     9     2    20
      0.3546710649 a       761     1    10     2     1
     -0.1688084703 a       762     1    10     2     2
      0.2808545293 a       763     1    10     2     3
     -0.4386096887 a       764     1    10     2     4
      0.4117285497 a       765     1    10     2     5
      0.5568737168 a       766     1    10     2     6
     -0.4653964014 a       767     1    10     2     7
     -0.4118362703 a       768     1    10     2     8
      0.4417484486 a       769     1    10     2     9
     -0.3791603115 a       770     1    10     2    10
      0.1684783430 a       771     1    10     2    11
      0.1679197073 a       772     1    10     2    12
     -0.2968764682 a       773     1    10     2    13
     -0.2722092530 a       774     1    10     2    14
      0.0421496111 a       775     1    10     2    15
     -0.3603929413 a       776     1    10     2    16
     -0.3518780160 a       777     1    10     2    17
     -0.2947756051 a       778     1    10     2    18
      0.1120229117 a       779     1    10     2    19
     -0.5230562237 a       780     1    10     2    20
      0.4738555434 a       781     1    11     2     1
     -0.0102654662 a       782     1    11     2     2
      0.3269809722 a       783     1    11     2     3
      0.5565958633 a       784     1    11     2     4
     -0.6505774348 a       785     1    11     2     5
      0.4254893771 a       786     1    11     2     6
      0.6421655618 a       787     1    11     2     7
     -0.3135346039 a       788     1    11     2     8
     -0.0683479872 a       789     1    11     2     9
     -0.4023045523 a       790     1    11     2    10
     -0.3669923969 a       791     1    11     2    11
      0.1436314371 a       792     1    11     2    12
     -0.1351391127 a       793     1    11     2    13
     -0.2515382026 a       794     1    11     2    14
      0.5132082285 a       795     1    11     2    15
     -0.3713711337 a       796     1    11     2    16
      0.0391486765 a       797     1    11     2    17
      0.5785791560 a       798     1    11     2    18
      0.0152355161 a       799     1    11     2    19
      0.3239990017 a       800     1    11     2    20
      0.3031353981 a       801     1    12     2     1
     -0.2312942091 a       802     1    12     2     2
     -0.2409183389 a       803     1    12     2     3
      0.4183338750 a       804     1    12     2     4
      0.0209814648 a       805     1    12     2     5
      0.1200966213 a       806     1    12     2     6
     -0.0073017136 a       807     1    12     2     7
     -0.2244253788 a       808     1    12     2     8
      0.5034207859 a       809     1    12     2     9
      0.0422748248 a       810     1    12     2    10
      0.1755216724 a       811     1    12     2    11
     -0.3694495069 a       812     1    12     2    12
     -0.0900884977 a       813     1    12     2    13
      0.4553024022 a       814     1    12     2    14
      0.2253173783 a       815     1    12     2    15
      0.0642441921 a       816     1    12     2    16
     -0.4428767033 a       817     1    12     2    17
     -0.3321762467 a       818     1    12     2    18
      0.4773270154 a       819     1    12     2    19
      0.3396397985 a       820     1    12     2    20
     -0.0213512549 a       821     1    13     2     1
      0.1572702621 a       822     1    13     2     2
      0.1457641277 a       823     1    13     2     3
      0.0071488067 a       824     1    13     2     4
     -0.1897388130 a       825     1    13     2     5
      0.1718521047 a       826     1    13     2     6
      0.2644420022 a       827     1    13     2     7
     -0.4114174972 a       828     1    13     2     8
     -0.3935808525 a       829     1    13     2     9
      0.0031919481 a       830     1    13     2    10
      0.5568648373 a       831     1    13     2    11
     -0.4558324923 a       832     1    13     2    12
      0.0248422355 a       833     1    13     2    13
     -0.2404413056 a       834     1    13     2    14
      0.1899553960 a       835     1    13     2    15
      0.6305868918 a       836     1    13     2    16
     -0.3547691105 a       837     1    13     2    17
     -0.3773055426 a       838     1    13     2    18
      0.1053623374 a       839     1    13     2    19
     -0.3409295667 a       840     1    13     2    20
     -0.3134899961 a       841     1    14     2     1
      0.1136581992 a       842     1    14     2     2
     -0.0082715347 a       843     1    14     2     3
      0.4979457009 a       844     1    14     2     4
      0.2437255342 a       845     1    14     2     5
     -0.7390487606 a       846     1    14     2     6
      0.2062296157 a       847     1    14     2     7
     -0.3372392283 a       848     1    14     2     8
     -0.5141220504 a       849     1    14     2     9
     -0.0730974977 a       850     1    14     2    10
      0.0144370631 a       851     1    14     2    11
      0.4305883596 a       852     1    14     2    12
      0.0998718247 a       853     1    14     2    13
      0.2628546572 a       854     1    14     2    14
      0.3009754245 a       855     1    14     2    15
      0.3034412238 a       856     1    14     2    16
     -0.4776133742 a       857     1    14     2    17
      0.4245992767 a       858     1    14     2    18
      0.2122228666 a       859     1    14     2    19
      0.3179881478 a       860     1    14     2    20
      0.4706332823 a       861     1    15     2     1
      0.3003216003 a       862     1    15     2     2
      0.4996842751 a       863     1    15     2     3
     -0.3372887728 a       864     1    15     2     4
      0.0128338540 a       865     1    15     2     5
      0.5333059506 a       866     1    15     2     6
     -0.4810481929 a       867     1    15     2     7
     -0.3390829278 a       868     1    15     2     8
      0.4155389164 a       869     1    15     2     9
     -0.5098418851 a       870     1    15     2    10
      0.3199139665 a       871     1    15     2    11
      0.4038646489 a       872     1    15     2    12
      0.5342946752 a       873     1    15     2    13
     -0.5345923518 a       874     1    15     2    14
     -0.0754430808 a       875     1    15     2    15
     -0.0191605003 a       876     1    15     2    16
     -0.0812199774 a       877     1    15     2    17
      0.4812430222 a       878     1    15     2    18
     -0.4046143452 a       879     1    15     2    19
      0.0788175566 a       880     1    15     2    20
      0.4222605797 a       881     1    16     2     1
     -0.0742427561 a       882     1    16     2     2
     -0.4615186056 a       883     1    16     2     3
     -0.3323389215 a       884     1    16     2     4
      0.1490852776 a       885     1    16     2     5
     -0.4945938795 a       886     1    16     2     6
      0.2972545891 a       887     1    16     2     7
     -0.4911132132 a       888     1    16     2     8
      0.4112606921 a       889     1    16     2     9
      0.0276800739 a       890     1    16     2    10
      0.2463122740 a       891     1    16     2    11
     -0.2774135206 a       892     1    16     2    12
      0.2184622999 a       893     1    16     2    13
     -0.2102173318 a       894     1    16     2    14
     -0.5477483753 a       895     1    16     2    15
      0.6018937004 a       896     1    16     2    16
     -0.3505030260 a       897     1    16     2    17
     -0.0206508909 a       898     1    16     2    18
      0.2354508085 a       899     1    16     2    19
      0.0367714991 a       900     1    16     2    20
      0.0626416877 a       901     1    17     2     1
     -0.5743853653 a       902     1    17     2     2
     -0.0833205517 a       903     1    17     2     3
     -0.3736153064 a       904     1    17     2     4
      0.4335031383 a       905     1    17     2     5
     -0.2674680382 a       906     1    17     2     6
      0.2655952092 a       907     1    17     2     7
      0.4202159992 a       908     1    17     2     8
      0.3924628503 a       909     1    17     2     9
      0.0966744751 a       910     1    17     2    10
     -0.6708599440 a       911     1    17     2    11
     -0.0999532991 a       912     1    17     2    12
     -0.1901497900 a       913     1    17     2    13
     -0.3979188243 a       914     1    17     2    14
     -0.2169570769 a       915     1    17     2    15
      0.0294438613 a       916     1    17     2    16
     -0.2732986083 a       917     1    17     2    17
      0.4547808521 a       918     1    17     2    18
      0.5823837395 a       919     1    17     2    19
     -0.2595164256 a       920     1    17     2    20
     -0.2215555030 a       921     1    18     2     1
      0.5380110624 a       922     1    18     2     2
      0.5342760868 a       923     1    18     2     3
      0.2665291498 a       924     1    18     2     4
     -0.3313984927 a       925     1    18     2     5
     -0.1077016588 a       926     1    18     2     6
     -0.1589288471 a       927     1    18     2     7
     -0.3255933273 a       928     1    18     2     8
     -0.3444290239 a       929     1    18     2     9
     -0.2496631505 a       930     1    18     2    10
     -0.2199150483 a       931     1    18     2    11
      0.4220136013 a       932     1    18     2    12
     -0.5354229873 a       933     1    18     2    13
     -0.3998098995 a       934     1    18     2    14
      0.0763031170 a       935     1    18     2    15
     -0.0810395783 a       936     1    18     2    16
      0.4744501484 a       937     1    18     2    17
     -0.3048131610 a       938     1    18     2    18
      0.5284699774 a       939     1    18     2    19
      0.4778722976 a       940     1    18     2    20
      0.4165189781 a       941     1    19     2     1
     -0.3307224453 a       942     1    19     2     2
      0.1945206585 a       943     1    19     2     3
      0.2172090053 a       944     1    19     2     4
      0.4164067064 a       945     1    19     2     5
     -0.0000805068 a       946     1    19     2     6
     -0.1250120728 a       947     1    19     2     7
      0.2371732524 a       948     1    19     2     8
     -0.1113880839 a       949     1    19     2     9
     -0.4502104927 a       950     1    19     2    10
      0.5550316610 a       951     1    19     2    11
      0.3603202119 a       952     1    19     2    12
     -0.0805164020 a       953     1    19     2    13
     -0.4381914303 a       954     1    19     2    14
      0.1974522005 a       955     1    19     2    15
     -0.2184118763 a       956     1    19     2    16
     -0.5719927911 a       957     1    19     2    17
      0.0105028922 a       958     1    19     2    18
     -0.4329526434 a       959     1    19     2    19
      0.3433334115 a       960     1    19     2    20
      0.4497296776 a       961     1    20     2     1
     -0.1842925166 a       962     1    20     2     2
     -0.3411091430 a       963     1    20     2     3
      0.0603198909 a       964     1    20     2     4
      0.3551128149 a       965     1    20     2     5
     -0.3147550337 a       966     1    20     2     6
     -0.4814797385 a       967     1    20     2     7
      0.0786455454 a       968     1    20     2     8
     -0.1637632610 a       969     1    20     2     9
      0.5056322977 a       970     1    20     2    10
     -0.0727739595 a       971     1    20     2    11
      0.4118441399 a       972     1    20     2    12
      0.1100664726 a       973     1    20     2    13
     -0.5109203292 a       974     1    20     2    14
      0.6397190624 a       975     1    20     2    15
     -0.3034483083 a       976     1    20     2    16
      0.3152887453 a       977     1    20     2    17
     -0.2448416055 a       978     1    20     2    18
      0.0903270752 a       979     1    20     2    19
     -0.4809745868 a       980     1    20     2    20
      1.5763494974 b       981     2     1
      0.4917309339 b       982     2     2
      1.2713585480 b       983     2     3
      0.6500161955 b       984     2     4
      0.7598030666 b       985     2     5
     -0.3604875725 b       986     2     6
     -1.4298014380 b       987     2     7
     -0.6805203237 b       988     2     8
     -0.8181944396 b       989     2     9
      0.4965349516 b       990     2    10
      1.1697027342 b       991     2    11
      0.2091718656 b       992     2    12
     -0.3662045868 b       993     2    13
      1.6221595153 b       994     2    14
     -0.6766808286 b       995     2    15
      1.5906430894 b       996     2    16
      1.5913582109 b       997     2    17
     -0.7053951561 b       998     2    18
     -0.3154707642 b       999     2    19
     -0.3722988517 b      1000     2    20
      0.0154531786 a      1001     2     1     3     1
      0.0042898379 a      1002     2     2     3     1
     -0.0071268503 a      1003     2     3     3     1
      0.0179495898 a      1004     2     4     3     1
      0.0022670492 a      1005     2     5     3     1
      0.0120555950 a      1006     2     6     3     1
     -0.0028170425 a      1007     2     7     3     1
     -0.0220338101 a      1008     2     8     3     1
     -0.0107266847 a      1009     2     9     3     1
      0.0127082990 a      1010     2    10     3     1
     -0.0024148966 a      1011     2    11     3     1
     -0.0023299052 a      1012     2    12     3     1
     -0.0007619202 a      1013     2    13     3     1
     -0.0144362841 a      1014     2    14     3     1
      0.0011064645 a      1015     2    15     3     1
     -0.0198613296 a      1016     2    16     3     1
     -0.0060669893 a      1017     2    17     3     1
      0.0165518595 a      1018     2    18     3     1
      0.0076481102 a      1019     2    19     3     1
     -0.0007251520 a      1020     2    20     3     1
     19.6729740217 b      1021     3     1
