     -0.8085214233 a         1     0     1     1     1
     -0.5427357480 a         2     0     1     1     2
     -0.5826066189 a         3     0     1     1     3
     -0.1672752536 a         4     0     1     1     4
      0.2183999636 a         5     0     1     1     5
      0.4032083264 a         6     0     1     1     6
      0.7993416602 a         7     0     1     1     7
      0.2427620878 a         8     0     1     1     8
      0.9018018871 a         9     0     1     1     9
      0.1833143856 a        10     0     1     1    10
     -0.0217683762 a        11     0     1     1    11
      0.4829934997 a        12     0     1     1    12
      0.5105028336 a        13     0     1     1    13
      0.7753335184 a        14     0     1     1    14
     -0.7124797123 a        15     0     1     1    15
      0.4725754498 a        16     0     2     1     1
     -0.2893151327 a        17     0     2     1     2
     -0.8899776793 a        18     0     2     1     3
     -0.1566568314 a        19     0     2     1     4
     -0.2662847543 a        20     0     2     1     5
     -0.7702975889 a        21     0     2     1     6
     -0.4711594211 a        22     0     2     1     7
      0.3645741406 a        23     0     2     1     8
     -0.9472546183 a        24     0     2     1     9
     -0.0554885964 a        25     0     2     1    10
      0.0415083399 a        26     0     2     1    11
      0.1483910931 a        27     0     2     1    12
      0.1719721827 a        28     0     2     1    13
      0.5055306275 a        29     0     2     1    14
     -0.3896912129 a        30     0     2     1    15
      0.2814095183 a        31     0     3     1     1
      0.2412213378 a        32     0     3     1     2
      0.5245180734 a        33     0     3     1     3
     -0.8079195678 a        34     0     3     1     4
     -0.7226941608 a        35     0     3     1     5
     -0.9437778833 a        36     0     3     1     6
      0.6249703485 a        37     0     3     1     7
     -0.6869695254 a        38     0     3     1     8
     -0.3427674779 a        39     0     3     1     9
     -0.5883296944 a        40     0     3     1    10
     -0.1152583089 a        41     0     3     1    11
      0.0356601213 a        42     0     3     1    12
     -0.1885414755 a        43     0     3     1    13
     -0.1425804204 a        44     0     3     1    14
      0.8990657304 a        45     0     3     1    15
      0.0465469785 a        46     0     4     1     1
     -0.1423417447 a        47     0     4     1     2
     -0.2765233140 a        48     0     4     1     3
     -0.1441598397 a        49     0     4     1     4
      0.6136000249 a        50     0     4     1     5
      0.3515738284 a        51     0     4     1     6
     -0.9454052987 a        52     0     4     1     7
     -0.9262304722 a        53     0     4     1     8
      0.0905561798 a        54     0     4     1     9
     -0.5855540144 a        55     0     4     1    10
     -0.9290914790 a        56     0     4     1    11
      0.0177189892 a        57     0     4     1    12
     -0.4915279367 a        58     0     4     1    13
      0.7894050770 a        59     0     4     1    14
      0.7060330727 a        60     0     4     1    15
      0.3110368710 a        61     0     5     1     1
      0.6927443021 a        62     0     5     1     2
     -0.6743033780 a        63     0     5     1     3
     -0.1557214684 a        64     0     5     1     4
     -0.8871103155 a        65     0     5     1     5
      0.2246469516 a        66     0     5     1     6
     -0.3179970751 a        67     0     5     1     7
     -0.2607395415 a        68     0     5     1     8
      0.9838989439 a        69     0     5     1     9
      0.3150563283 a        70     0     5     1    10
      0.4774277827 a        71     0     5     1    11
     -0.2574872613 a        72     0     5     1    12
     -0.1978269506 a        73     0     5     1    13
      0.6150041878 a        74     0     5     1    14
     -0.3671329116 a        75     0     5     1    15
      0.9479583027 a        76     0     6     1     1
     -0.5460898258 a        77     0     6     1     2
     -0.1228115942 a        78     0     6     1     3
     -0.6324961810 a        79     0     6     1     4
     -0.0319252652 a        80     0     6     1     5
      0.7793924875 a        81     0     6     1     6
     -0.9791039451 a        82     0     6     1     7
      0.8621336148 a        83     0     6     1     8
     -0.9232704193 a        84     0     6     1     9
     -0.7655161231 a        85     0     6     1    10
      0.2113116167 a        86     0     6     1    11
      0.7911163044 a        87     0     6     1    12
     -0.2366646150 a        88     0     6     1    13
     -0.3984596562 a        89     0     6     1    14
     -0.8018836903 a        90     0     6     1    15
     -0.0208364357 a        91     0     7     1     1
     -0.0855494829 a        92     0     7     1     2
     -0.3574125590 a        93     0     7     1     3
      0.8110036899 a        94     0     7     1     4
     -0.8599064040 a        95     0     7     1     5
     -0.6732638629 a        96     0     7     1     6
     -0.2849677110 a        97     0     7     1     7
      0.9470749548 a        98     0     7     1     8
      0.0583762940 a        99     0     7     1     9
     -0.4064594732 a       100     0     7     1    10
      0.2769598143 a       101     0     7     1    11
      0.6464604727 a       102     0     7     1    12
     -0.0130538578 a       103     0     7     1    13
      0.9568127377 a       104     0     7     1    14
     -0.7487490051 a       105     0     7     1    15
      0.5777125280 a       106     0     8     1     1
     -0.7633458088 a       107     0     8     1     2
     -0.6868990977 a       108     0     8     1     3
     -0.2134336142 a       109     0     8     1     4
     -0.5403767502 a       110     0     8     1     5
      0.6064161466 a       111     0     8     1     6
      0.8445471768 a       112     0     8     1     7
     -1.0075980201 a       113     0     8     1     8
      0.6242759457 a       114     0     8     1     9
      0.2756274589 a       115     0     8     1    10
      0.0118091792 a       116     0     8     1    11
      0.6192138235 a       117     0     8     1    12
     -0.8997547909 a       118     0     8     1    13
     -0.5279569664 a       119     0     8     1    14
      0.0661917671 a       120     0     8     1    15
      0.0858530755 a       121     0     9     1     1
      0.2617610106 a       122     0     9     1     2
     -0.8913386959 a       123     0     9     1     3
      0.3995455757 a       124     0     9     1     4
      0.7302997659 a       125     0     9     1     5
      0.7335567881 a       126     0     9     1     6
     -0.6685865447 a       127     0     9     1     7
     -0.1754115931 a       128     0     9     1     8
      0.3674169928 a       129     0     9     1     9
      0.9491233289 a       130     0     9     1    10
      0.1158419230 a       131     0     9     1    11
      0.2506911409 a       132     0     9     1    12
     -0.3349532485 a       133     0     9     1    13
     -0.4744654079 a       134     0     9     1    14
     -0.8748899283 a       135     0     9     1    15
      0.2634956752 a       136     0    10     1     1
      0.5930261874 a       137     0    10     1     2
      0.4408928921 a       138     0    10     1     3
      0.1628991268 a       139     0    10     1     4
     -0.6645840280 a       140     0    10     1     5
      0.2838320443 a       141     0    10     1     6
     -0.2587914521 a       142     0    10     1     7
     -0.4139325141 a       143     0    10     1     8
     -0.2491884127 a       144     0    10     1     9
      0.7103231346 a       145     0    10     1    10
     -0.0787465184 a       146     0    10     1    11
     -0.6636325561 a       147     0    10     1    12
     -0.2715900365 a       148     0    10     1    13
     -0.5115977812 a       149     0    10     1    14
     -0.6653134717 a       150     0    10     1    15
      0.6877536714 a       151     0    11     1     1
      0.2293282459 a       152     0    11     1     2
     -0.5215463431 a       153     0    11     1     3
      0.2145250992 a       154     0    11     1     4
     -0.8178020903 a       155     0    11     1     5
     -0.5542500940 a       156     0    11     1     6
      0.2961223693 a       157     0    11     1     7
      0.3555162218 a       158     0    11     1     8
      0.8428816808 a       159     0    11     1     9
     -0.3199861212 a       160     0    11     1    10
     -0.3042656725 a       161     0    11     1    11
      0.9548030479 a       162     0    11     1    12
     -0.4999269273 a       163     0    11     1    13
      0.4679833948 a       164     0    11     1    14
     -0.2209427633 a       165     0    11     1    15
      0.7277610457 a       166     0    12     1     1
     -0.2444930209 a       167     0    12     1     2
      0.2936668330 a       168     0    12     1     3
      0.1295551415 a       169     0    12     1     4
      0.0889555136 a       170     0    12     1     5
      0.7675608984 a       171     0    12     1     6
      0.9125120637 a       172     0    12     1     7
     -0.6762132139 a       173     0    12     1     8
      0.6587984120 a       174     0    12     1     9
     -0.0031992603 a       175     0    12     1    10
     -0.5615711426 a       176     0    12     1    11
      0.4364669745 a       177     0    12     1    12
     -0.3487547415 a       178     0    12     1    13
     -0.2856798642 a       179     0    12     1    14
     -0.7759197344 a       180     0    12     1    15
      0.8421018634 a       181     0    13     1     1
     -0.9871717663 a       182     0    13     1     2
      0.6991181672 a       183     0    13     1     3
     -0.3589637842 a       184     0    13     1     4
      0.0400772891 a       185     0    13     1     5
      0.7605995157 a       186     0    13     1     6
      0.2089898869 a       187     0    13     1     7
     -0.2611071875 a       188     0    13     1     8
      0.0814858590 a       189     0    13     1     9
      0.7777871081 a       190     0    13     1    10
     -0.7032942054 a       191     0    13     1    11
      0.0561246600 a       192     0    13     1    12
      0.3316694447 a       193     0    13     1    13
     -0.5084685082 a       194     0    13     1    14
     -0.6984664228 a       195     0    13     1    15
      0.6012865319 a       196     0    14     1     1
     -0.0632103052 a       197     0    14     1     2
     -0.9516615821 a       198     0    14     1     3
      0.6926331704 a       199     0    14     1     4
     -0.2760183614 a       200     0    14     1     5
     -0.0021132709 a       201     0    14     1     6
      0.6238124729 a       202     0    14     1     7
     -0.4499625353 a       203     0    14     1     8
     -0.7649937839 a       204     0    14     1     9
     -0.0315642012 a       205     0    14     1    10
     -0.0203038867 a       206     0    14     1    11
     -0.8064835564 a       207     0    14     1    12
     -0.5293260360 a       208     0    14     1    13
     -0.6346277649 a       209     0    14     1    14
     -0.2139590033 a       210     0    14     1    15
     -0.4093439840 a       211     0    15     1     1
      0.6699252627 a       212     0    15     1     2
      0.1939317065 a       213     0    15     1     3
      0.8573509806 a       214     0    15     1     4
      0.3269866861 a       215     0    15     1     5
      0.4852164821 a       216     0    15     1     6
     -0.4191141448 a       217     0    15     1     7
     -0.3936101951 a       218     0    15     1     8
      0.4003567157 a       219     0    15     1     9
      0.4897019770 a       220     0    15     1    10
      0.4280183480 a       221     0    15     1    11
      0.0576956205 a       222     0    15     1    12
     -0.7721584026 a       223     0    15     1    13
     -0.9797142308 a       224     0    15     1    14
     -0.3402157752 a       225     0    15     1    15
     -0.0613213493 a       226     0    16     1     1
     -0.0357371149 a       227     0    16     1     2
      0.8199555602 a       228     0    16     1     3
     -0.8076752003 a       229     0    16     1     4
      0.1859832782 a       230     0    16     1     5
      0.7653069821 a       231     0    16     1     6
      0.8280071668 a       232     0    16     1     7
      0.3505118119 a       233     0    16     1     8
      0.5631597155 a       234     0    16     1     9
      0.7932004544 a       235     0    16     1    10
      0.3231017386 a       236     0    16     1    11
     -0.2881507041 a       237     0    16     1    12
     -0.0126813874 a       238     0    16     1    13
      0.2888961316 a       239     0    16     1    14
     -1.0342927484 a       240     0    16     1    15
      0.6159047226 a       241     0    17     1     1
      0.4961768758 a       242     0    17     1     2
     -0.8048590695 a       243     0    17     1     3
      0.0400985247 a       244     0    17     1     4
      0.9374565737 a       245     0    17     1     5
      0.7006871914 a       246     0    17     1     6
     -0.7998121560 a       247     0    17     1     7
      0.4048325879 a       248     0    17     1     8
     -0.4997022038 a       249     0    17     1     9
      0.3823321393 a       250     0    17     1    10
     -0.3095976751 a       251     0    17     1    11
      0.7163017929 a       252     0    17     1    12
     -0.3100132808 a       253     0    17     1    13
     -0.7364847140 a       254     0    17     1    14
     -0.5473522212 a       255     0    17     1    15
     -0.8943446067 a       256     0    18     1     1
     -0.1325463957 a       257     0    18     1     2
      0.1358792763 a       258     0    18     1     3
      0.1520603342 a       259     0    18     1     4
     -0.7754434597 a       260     0    18     1     5
      0.4763646943 a       261     0    18     1     6
      0.7458770468 a       262     0    18     1     7
     -0.0188402271 a       263     0    18     1     8
     -0.4008294393 a       264     0    18     1     9
      0.8727800771 a       265     0    18     1    10
      0.9206433991 a       266     0    18     1    11
      0.2574090178 a       267     0    18     1    12
      0.7424863071 a       268     0    18     1    13
      0.8556502290 a       269     0    18     1    14
     -0.6386947968 a       270     0    18     1    15
     -0.4716927988 a       271     0    19     1     1
     -0.4103063576 a       272     0    19     1     2
      0.8248206448 a       273     0    19     1     3
     -0.4617172097 a       274     0    19     1     4
      0.8001328416 a       275     0    19     1     5
     -0.4748569949 a       276     0    19     1     6
      0.4677306152 a       277     0    19     1     7
     -0.6698003840 a       278     0    19     1     8
      0.0414551716 a       279     0    19     1     9
     -0.8801954805 a       280     0    19     1    10
     -0.7729820803 a       281     0    19     1    11
      0.4419413747 a       282     0    19     1    12
      0.2705932185 a       283     0    19     1    13
      0.9739856877 a       284     0    19     1    14
      0.1772513675 a       285     0    19     1    15
      0.9537836070 a       286     0    20     1     1
      0.8874583080 a       287     0    20     1     2
     -0.4620760739 a       288     0    20     1     3
     -0.4483121917 a       289     0    20     1     4
     -0.7640059739 a       290     0    20     1     5
      0.0258420284 a       291     0    20     1     6
      0.3096558987 a       292     0    20     1     7
     -0.9074024826 a       293     0    20     1     8
      0.0371425506 a       294     0    20     1     9
     -0.0283957629 a       295     0    20     1    10
     -0.9484494973 a       296     0    20     1    11
     -0.4654730271 a       297     0    20     1    12
     -0.0276307411 a       298     0    20     1    13
     -0.4219576488 a       299     0    20     1    14
      0.6276691593 a       300     0    20     1    15
     -0.5926296190 a       301     0    21     1     1
     -0.3836995621 a       302     0    21     1     2
     -0.5399836888 a       303     0    21     1     3
      0.1906477258 a       304     0    21     1     4
      0.8562957624 a       305     0    21     1     5
      0.5345486466 a       306     0    21     1     6
     -0.8420743721 a       307     0    21     1     7
     -0.4650838431 a       308     0    21     1     8
      0.1005829092 a       309     0    21     1     9
     -0.7715694354 a       310     0    21     1    10
     -0.5393453376 a       311     0    21     1    11
      0.1049933806 a       312     0    21     1    12
      0.3835130555 a       313     0    21     1    13
     -0.0492824716 a       314     0    21     1    14
      0.4368694030 a       315     0    21     1    15
      0.0157271237 a       316     0    22     1     1
     -0.3269053155 a       317     0    22     1     2
      0.0622457031 a       318     0    22     1     3
      0.6011434323 a       319     0    22     1     4
     -0.8704362275 a       320     0    22     1     5
     -0.5642017621 a       321     0    22     1     6
      0.6324704187 a       322     0    22     1     7
     -0.7525739300 a       323     0    22     1     8
     -0.9123521019 a       324     0    22     1     9
     -0.8375110354 a       325     0    22     1    10
      0.0247284509 a       326     0    22     1    11
     -0.9839180772 a       327     0    22     1    12
     -0.8214243273 a       328     0    22     1    13
     -0.4095169729 a       329     0    22     1    14
     -0.7398158030 a       330     0    22     1    15
     -0.6217874891 a       331     0    23     1     1
      0.1001627490 a       332     0    23     1     2
      0.9359482585 a       333     0    23     1     3
      0.8037213349 a       334     0    23     1     4
     -0.2690624499 a       335     0    23     1     5
      0.8489741935 a       336     0    23     1     6
      0.3949164165 a       337     0    23     1     7
     -0.2118551753 a       338     0    23     1     8
      0.1483525012 a       339     0    23     1     9
     -0.1293494599 a       340     0    23     1    10
     -0.6018990303 a       341     0    23     1    11
     -0.6901125105 a       342     0    23     1    12
     -0.8361976809 a       343     0    23     1    13
      0.6919486971 a       344     0    23     1    14
     -0.9316505533 a       345     0    23     1    15
      0.6157729046 a       346     0    24     1     1
      0.3634172326 a       347     0    24     1     2
     -0.7628162704 a       348     0    24     1     3
      0.2467641763 a       349     0    24     1     4
     -0.1172053660 a       350     0    24     1     5
      0.3905393976 a       351     0    24     1     6
     -0.1828462387 a       352     0    24     1     7
      0.6675840805 a       353     0    24     1     8
     -0.1012468011 a       354     0    24     1     9
     -0.3211124447 a       355     0    24     1    10
     -0.8536817385 a       356     0    24     1    11
     -0.2786124291 a       357     0    24     1    12
     -0.0873732909 a       358     0    24     1    13
     -0.9390354313 a       359     0    24     1    14
      0.2411844929 a       360     0    24     1    15
     -0.1246816980 a       361     0    25     1     1
      0.1957878493 a       362     0    25     1     2
      0.8289271986 a       363     0    25     1     3
      0.0017023140 a       364     0    25     1     4
      0.3867523778 a       365     0    25     1     5
      0.1097604984 a       366     0    25     1     6
     -0.7745815045 a       367     0    25     1     7
      0.2607758197 a       368     0    25     1     8
      0.3208375007 a       369     0    25     1     9
     -0.1721465982 a       370     0    25     1    10
      0.6315867905 a       371     0    25     1    11
      0.1801897367 a       372     0    25     1    12
      0.1242373416 a       373     0    25     1    13
      0.3455486179 a       374     0    25     1    14
      0.8160120593 a       375     0    25     1    15
     -0.1676280641 a       376     0    26     1     1
     -0.5378990896 a       377     0    26     1     2
      0.1814163766 a       378     0    26     1     3
      0.4699850164 a       379     0    26     1     4
     -0.7725127083 a       380     0    26     1     5
     -0.1523812289 a       381     0    26     1     6
     -0.5520210953 a       382     0    26     1     7
     -0.1757878318 a       383     0    26     1     8
      0.3918548429 a       384     0    26     1     9
      0.4397741166 a       385     0    26     1    10
      0.0757819991 a       386     0    26     1    11
      0.5279513856 a       387     0    26     1    12
      0.6196519422 a       388     0    26     1    13
      0.4209641681 a       389     0    26     1    14
      0.8924372511 a       390     0    26     1    15
     -0.2317809315 a       391     0    27     1     1
      0.9615619566 a       392     0    27     1     2
      0.9181221113 a       393     0    27     1     3
     -0.3901284311 a       394     0    27     1     4
      0.8966020336 a       395     0    27     1     5
     -0.7241708167 a       396     0    27     1     6
     -0.1374234201 a       397     0    27     1     7
      0.1905831817 a       398     0    27     1     8
     -0.1957732445 a       399     0    27     1     9
     -0.9610379543 a       400     0    27     1    10
     -0.0144462990 a       401     0    27     1    11
     -0.1007196418 a       402     0    27     1    12
      0.9783821223 a       403     0    27     1    13
      0.3262831687 a       404     0    27     1    14
     -0.2787026566 a       405     0    27     1    15
     -1.0093260497 b       406     1     1
     -0.7854192724 b       407     1     2
     -0.2936888756 b       408     1     3
      0.9967483579 b       409     1     4
      0.9517689480 b       410     1     5
     -0.2455652360 b       411     1     6
      0.6357908524 b       412     1     7
      0.6031658671 b       413     1     8
      0.2059643206 b       414     1     9
     -1.0365084720 b       415     1    10
      0.2240944629 b       416     1    11
     -0.6614505780 b       417     1    12
     -0.8232044964 b       418     1    13
     -1.0098184705 b       419     1    14
      0.2458016465 b       420     1    15
      0.6500285236 a       421     1     1     2     1
      0.7752686201 a       422     1     1     2     2
     -0.9462488814 a       423     1     1     2     3
      0.6368348587 a       424     1     1     2     4
     -0.4848144345 a       425     1     1     2     5
     -0.9089795305 a       426     1     1     2     6
      0.6332931273 a       427     1     1     2     7
     -0.3860746307 a       428     1     1     2     8
      0.4180157343 a       429     1     1     2     9
     -0.2505177237 a       430     1     1     2    10
     -0.9598515906 a       431     1     1     2    11
     -0.3094031669 a       432     1     1     2    12
      0.4088110392 a       433     1     1     2    13
     -0.9691819962 a       434     1     1     2    14
     -0.0474869022 a       435     1     1     2    15
     -0.1068066952 a       436     1     2     2     1
     -0.4883089703 a       437     1     2     2     2
     -0.0582332247 a       438     1     2     2     3
      0.9867283940 a       439     1     2     2     4
     -0.5548615859 a       440     1     2     2     5
      0.1618103494 a       441     1     2     2     6
      0.3223443695 a       442     1     2     2     7
     -0.2119828463 a       443     1     2     2     8
      0.6111989227 a       444     1     2     2     9
     -0.1318911099 a       445     1     2     2    10
      0.4345764832 a       446     1     2     2    11
      0.9646013189 a       447     1     2     2    12
      0.6603234924 a       448     1     2     2    13
     -0.8535633507 a       449     1     2     2    14
     -0.5408680238 a       450     1     2     2    15
      0.5269403204 a       451     1     3     2     1
     -0.7690278627 a       452     1     3     2     2
      0.4591158260 a       453     1     3     2     3
     -0.3107523786 a       454     1     3     2     4
     -0.3832849864 a       455     1     3     2     5
      0.7397004831 a       456     1     3     2     6
     -0.8635874981 a       457     1     3     2     7
     -0.3993797292 a       458     1     3     2     8
      0.7669360639 a       459     1     3     2     9
      0.4157164319 a       460     1     3     2    10
      0.0345433305 a       461     1     3     2    11
     -0.1115459001 a       462     1     3     2    12
     -0.7009509845 a       463     1     3     2    13
     -0.6876380165 a       464     1     3     2    14
     -0.8363250862 a       465     1     3     2    15
     -0.0443829241 a       466     1     4     2     1
     -0.5611077754 a       467     1     4     2     2
      0.2941794422 a       468     1     4     2     3
     -0.1638305066 a       469     1     4     2     4
      0.3414960241 a       470     1     4     2     5
      0.3366620651 a       471     1     4     2     6
     -0.9066116533 a       472     1     4     2     7
     -0.8695061891 a       473     1     4     2     8
      0.9160743033 a       474     1     4     2     9
      0.7917429806 a       475     1     4     2    10
     -0.5987848292 a       476     1     4     2    11
      0.6138110477 a       477     1     4     2    12
     -0.6147161598 a       478     1     4     2    13
     -0.2866935006 a       479     1     4     2    14
     -0.0642971380 a       480     1     4     2    15
      0.3756676615 a       481     1     5     2     1
      0.8047634280 a       482     1     5     2     2
      0.8883553137 a       483     1     5     2     3
     -0.5985760576 a       484     1     5     2     4
      0.8586156423 a       485     1     5     2     5
     -0.9746893071 a       486     1     5     2     6
     -0.1819800666 a       487     1     5     2     7
      0.8382714230 a       488     1     5     2     8
     -0.8466975387 a       489     1     5     2     9
     -0.9561289418 a       490     1     5     2    10
     -0.1029609714 a       491     1     5     2    11
      0.5306812865 a       492     1     5     2    12
      0.3342743252 a       493     1     5     2    13
     -0.5440077419 a       494     1     5     2    14
      0.1805658151 a       495     1     5     2    15
     -0.8731908411 a       496     1     6     2     1
     -0.8154594083 a       497     1     6     2     2
     -0.7070025216 a       498     1     6     2     3
     -0.9821337554 a       499     1     6     2     4
      0.1518543660 a       500     1     6     2     5
      0.8072666173 a       501     1     6     2     6
      0.7216936440 a       502     1     6     2     7
      0.6796872058 a       503     1     6     2     8
      0.2532991637 a       504     1     6     2     9
     -0.2114925776 a       505     1     6     2    10
      0.7406922803 a       506     1     6     2    11
     -0.5712550668 a       507     1     6     2    12
      0.3681099707 a       508     1     6     2    13
     -0.4855401190 a       509     1     6     2    14
     -0.4260710172 a       510     1     6     2    15
      0.6341257815 a       511     1     7     2     1
     -0.4158993099 a       512     1     7     2     2
      0.3196855944 a       513     1     7     2     3
      0.3398190759 a       514     1     7     2     4
     -0.2483214249 a       515     1     7     2     5
      0.1450994075 a       516     1     7     2     6
     -0.7898143139 a       517     1     7     2     7
      0.3256094568 a       518     1     7     2     8
      0.6314939748 a       519     1     7     2     9
     -0.9456595988 a       520     1     7     2    10
     -0.4496947844 a       521     1     7     2    11
      0.5882971448 a       522     1     7     2    12
      0.9232904977 a       523     1     7     2    13
     -0.8335863356 a       524     1     7     2    14
      0.1156384542 a       525     1     7     2    15
     -0.5262295382 a       526     1     8     2     1
      0.3688927976 a       527     1     8     2     2
     -0.6160898718 a       528     1     8     2     3
     -0.3135760339 a       529     1     8     2     4
      0.8893666163 a       530     1     8     2     5
      0.1154234530 a       531     1     8     2     6
     -0.6224424776 a       532     1     8     2     7
      0.7582177098 a       533     1     8     2     8
      0.4786265986 a       534     1     8     2     9
      0.9607685058 a       535     1     8     2    10
     -0.5643700623 a       536     1     8     2    11
     -0.0394772991 a       537     1     8     2    12
     -0.4202176255 a       538     1     8     2    13
     -0.5745820062 a       539     1     8     2    14
      0.4345426462 a       540     1     8     2    15
      0.2890588131 a       541     1     9     2     1
      0.7463885366 a       542     1     9     2     2
      0.5581994542 a       543     1     9     2     3
     -0.9908461870 a       544     1     9     2     4
     -0.6056356317 a       545     1     9     2     5
      0.2017058846 a       546     1     9     2     6
      0.7497167172 a       547     1     9     2     7
     -0.9558108081 a       548     1     9     2     8
     -0.9063444761 a       549     1     9     2     9
      0.6546209766 a       550     1     9     2    10
     -0.3849350542 a       551     1     9     2    11
     -0.9264464425 a       552     1     9     2    12
     -0.7745180124 a       553     1     9     2    13
     -0.1865793633 a       554     1     9     2    14
      0.9349727946 a       555     1     9     2    15
     -1.0219888282 a       556     1    10     2     1
      0.5356900539 a       557     1    10     2     2
     -0.5543560504 a       558     1    10     2     3
     -0.8067097182 a       559     1    10     2     4
      0.9270199881 a       560     1    10     2     5
      0.8837791919 a       561     1    10     2     6
      0.3027950459 a       562     1    10     2     7
      0.8997396627 a       563     1    10     2     8
     -0.9624028828 a       564     1    10     2     9
     -0.6927028750 a       565     1    10     2    10
      0.8795467700 a       566     1    10     2    11
     -0.3845827901 a       567     1    10     2    12
      0.6398387891 a       568     1    10     2    13
      0.1295563698 a       569     1    10     2    14
     -0.4551779774 a       570     1    10     2    15
      0.6511680728 a       571     1    11     2     1
     -0.1353436758 a       572     1    11     2     2
      0.4172921898 a       573     1    11     2     3
     -0.8380520685 a       574     1    11     2     4
     -0.4899484023 a       575     1    11     2     5
     -0.7025255216 a       576     1    11     2     6
     -0.1187669510 a       577     1    11     2     7
     -0.9683989290 a       578     1    11     2     8
     -0.7820080075 a       579     1    11     2     9
      0.7324810686 a       580     1    11     2    10
     -0.9179530658 a       581     1    11     2    11
      0.1391683403 a       582     1    11     2    12
     -0.4754283198 a       583     1    11     2    13
      0.8400179570 a       584     1    11     2    14
      0.9981764120 a       585     1    11     2    15
     -0.7800835869 a       586     1    12     2     1
     -0.6782036166 a       587     1    12     2     2
      0.5096027524 a       588     1    12     2     3
     -0.1499889538 a       589     1    12     2     4
      0.8159738183 a       590     1    12     2     5
      0.7002569813 a       591     1    12     2     6
      0.6541675818 a       592     1    12     2     7
     -0.2050417579 a       593     1    12     2     8
     -0.5201562508 a       594     1    12     2     9
     -0.1506092471 a       595     1    12     2    10
     -0.1751398003 a       596     1    12     2    11
     -0.7687804624 a       597     1    12     2    12
      0.7096038157 a       598     1    12     2    13
     -0.7927465737 a       599     1    12     2    14
     -0.9616169997 a       600     1    12     2    15
      0.6903513101 a       601     1    13     2     1
     -0.0069992083 a       602     1    13     2     2
     -0.7545403750 a       603     1    13     2     3
      0.4399736008 a       604     1    13     2     4
     -0.4773152727 a       605     1    13     2     5
     -0.2957393992 a       606     1    13     2     6
     -0.7194646172 a       607     1    13     2     7
      0.8483712574 a       608     1    13     2     8
      0.8600706856 a       609     1    13     2     9
      0.7579767961 a       610     1    13     2    10
      0.5738791071 a       611     1    13     2    11
     -0.2638715350 a       612     1    13     2    12
      0.4061780611 a       613     1    13     2    13
     -0.1046836912 a       614     1    13     2    14
     -0.0169098351 a       615     1    13     2    15
     -0.9151895570 a       616     1    14     2     1
      0.0860859777 a       617     1    14     2     2
     -0.5457196377 a       618     1    14     2     3
      0.8305676682 a       619     1    14     2     4
     -0.2587976203 a       620     1    14     2     5
      0.8800007568 a       621     1    14     2     6
      0.8811903110 a       622     1    14     2     7
      0.8385895426 a       623     1    14     2     8
      0.6222732283 a       624     1    14     2     9
      0.0637085538 a       625     1    14     2    10
      0.3489528058 a       626     1    14     2    11
     -0.6151489527 a       627     1    14     2    12
      0.8528889368 a       628     1    14     2    13
     -0.9077204748 a       629     1    14     2    14
      0.2833371842 a       630     1    14     2    15
      0.4226017839 a       631     1    15     2     1
     -0.9029777459 a       632     1    15     2     2
     -0.4376421305 a       633     1    15     2     3
     -0.1584315398 a       634     1    15     2     4
     -0.0286370748 a       635     1    15     2     5
     -0.1885573757 a       636     1    15     2     6
     -0.3043508891 a       637     1    15     2     7
     -0.8531293009 a       638     1    15     2     8
      0.3984686175 a       639     1    15     2     9
     -0.3636823548 a       640     1    15     2    10
     -0.2964950200 a       641     1    15     2    11
      0.6143805435 a       642     1    15     2    12
      0.5843191068 a       643     1    15     2    13
     -0.4939873096 a       644     1    15     2    14
      0.3543237772 a       645     1    15     2    15
      0.3358284395 b       646     2     1
      0.8331314015 b       647     2     2
     -0.9404190886 b       648     2     3
     -1.0020821780 b       649     2     4
      0.8880165022 b       650     2     5
      0.6610591987 b       651     2     6
     -0.8951459885 b       652     2     7
     -0.6233247805 b       653     2     8
      0.9461958017 b       654     2     9
      0.0568915573 b       655     2    10
     -0.8985599488 b       656     2    11
      0.6653482790 b       657     2    12
      0.3110638337 b       658     2    13
     -0.5331028212 b       659     2    14
      0.3855474525 b       660     2    15
      0.4574201356 a       661     2     1     3     1
     -0.9918683847 a       662     2     2     3     1
      0.1907434714 a       663     2     3     3     1
      0.1918343637 a       664     2     4     3     1
      0.1105889786 a       665     2     5     3     1
      0.0870621429 a       666     2     6     3     1
     -0.2116291956 a       667     2     7     3     1
      0.6685096085 a       668     2     8     3     1
     -0.2859989954 a       669     2     9     3     1
     -0.1393683677 a       670     2    10     3     1
      0.9377827944 a       671     2    11     3     1
     -0.9680771096 a       672     2    12     3     1
      0.3251571902 a       673     2    13     3     1
     -0.6160987517 a       674     2    14     3     1
      0.9476590402 a       675     2    15     3     1
     -0.5395440959 b       676     3     1
