     -0.4737109682 a         1     0     1     1     1
     -0.2692656349 a         2     0     1     1     2
     -0.2555302352 a         3     0     1     1     3
     -0.0814370535 a         4     0     1     1     4
      0.1059396447 a         5     0     1     1     5
      0.2158390729 a         6     0     1     1     6
      0.3796981407 a         7     0     1     1     7
      0.1354920702 a         8     0     1     1     8
      0.4604065601 a         9     0     1     1     9
      0.0843325002 a        10     0     1     1    10
     -0.0194000289 a        11     0     1     1    11
      0.2487140488 a        12     0     1     1    12
      0.2482914047 a        13     0     1     1    13
      0.4126684031 a        14     0     1     1    14
     -0.3259124451 a        15     0     1     1    15
      0.2168454239 a        16     0     1     1    16
     -0.1793619449 a        17     0     1     1    17
     -0.5011820160 a        18     0     1     1    18
     -0.0842912790 a        19     0     1     1    19
     -0.1297173710 a        20     0     1     1    20
     -0.4500199969 a        21     0     2     1     1
     -0.2287407989 a        22     0     2     1     2
      0.1643234406 a        23     0     2     1     3
     -0.4342554489 a        24     0     2     1     4
     -0.0301256107 a        25     0     2     1     5
      0.0171670695 a        26     0     2     1     6
      0.0769542432 a        27     0     2     1     7
      0.1018466951 a        28     0     2     1     8
      0.2648849188 a        29     0     2     1     9
     -0.1905229170 a        30     0     2     1    10
      0.1680637549 a        31     0     2     1    11
      0.1191681481 a        32     0     2     1    12
      0.2573335281 a        33     0     2     1    13
     -0.4249169734 a        34     0     2     1    14
     -0.3306388587 a        35     0     2     1    15
     -0.4225765378 a        36     0     2     1    16
      0.3906404653 a        37     0     2     1    17
     -0.3885879393 a        38     0     2     1    18
     -0.1718863389 a        39     0     2     1    19
     -0.2928274841 a        40     0     2     1    20
     -0.0749749632 a        41     0     3     1     1
      0.0306931124 a        42     0     3     1     2
     -0.0799954157 a        43     0     3     1     3
     -0.0574029644 a        44     0     3     1     4
      0.4353055439 a        45     0     3     1     5
      0.0262318416 a        46     0     3     1     6
     -0.0695163291 a        47     0     3     1     7
     -0.1520470028 a        48     0     3     1     8
     -0.0787635320 a        49     0     3     1     9
      0.2956020482 a        50     0     3     1    10
      0.2106713970 a        51     0     3     1    11
     -0.4595716871 a        52     0     3     1    12
     -0.4403616615 a        53     0     3     1    13
      0.0516986677 a        54     0     3     1    14
     -0.2712212422 a        55     0     3     1    15
     -0.4274181373 a        56     0     3     1    16
      0.0202556859 a        57     0     3     1    17
     -0.2718414655 a        58     0     3     1    18
      0.4052296707 a        59     0     3     1    19
      0.3421659544 a        60     0     3     1    20
      0.1836599015 a        61     0     4     1     1
      0.3459757364 a        62     0     4     1     2
     -0.2925430902 a        63     0     4     1     3
     -0.0750377826 a        64     0     4     1     4
     -0.4274368914 a        65     0     4     1     5
      0.1287633639 a        66     0     4     1     6
     -0.1377480657 a        67     0     4     1     7
     -0.1451762077 a        68     0     4     1     8
      0.5021054947 a        69     0     4     1     9
      0.1473817515 a        70     0     4     1    10
      0.2743878406 a        71     0     4     1    11
     -0.1106847720 a        72     0     4     1    12
     -0.0896682590 a        73     0     4     1    13
      0.3307975687 a        74     0     4     1    14
     -0.1641634947 a        75     0     4     1    15
      0.4346679843 a        76     0     4     1    16
     -0.3401318241 a        77     0     4     1    17
     -0.0712710639 a        78     0     4     1    18
     -0.3247680540 a        79     0     4     1    19
     -0.0140034764 a        80     0     4     1    20
      0.4557001664 a        81     0     5     1     1
     -0.4845176581 a        82     0     5     1     2
      0.3888006938 a        83     0     5     1     3
     -0.4192720655 a        84     0     5     1     4
     -0.3707440792 a        85     0     5     1     5
      0.1059564814 a        86     0     5     1     6
      0.3735224071 a        87     0     5     1     7
     -0.1255867636 a        88     0     5     1     8
     -0.1977102356 a        89     0     5     1     9
     -0.3937401826 a        90     0     5     1    10
     -0.0114415160 a        91     0     5     1    11
     -0.0373305927 a        92     0     5     1    12
     -0.1562886552 a        93     0     5     1    13
      0.4202205501 a        94     0     5     1    14
     -0.3934826791 a        95     0     5     1    15
     -0.2912959502 a        96     0     5     1    16
     -0.1541015384 a        97     0     5     1    17
      0.5357955916 a        98     0     5     1    18
      0.0299430292 a        99     0     5     1    19
     -0.2036246568 a       100     0     5     1    20
      0.1520753332 a       101     0     6     1     1
      0.3409771932 a       102     0     6     1     2
     -0.0014658293 a       103     0     6     1     3
      0.4530282511 a       104     0     6     1     4
     -0.3527147880 a       105     0     6     1     5
      0.3046210059 a       106     0     6     1     6
     -0.3677179478 a       107     0     6     1     7
     -0.3927192963 a       108     0     6     1     8
     -0.1154627028 a       109     0     6     1     9
     -0.2566897198 a       110     0     6     1    10
      0.3496968142 a       111     0     6     1    11
      0.4099898392 a       112     0     6     1    12
     -0.4760158105 a       113     0     6     1    13
      0.3397984701 a       114     0     6     1    14
      0.1273934886 a       115     0     6     1    15
      0.0046790530 a       116     0     6     1    16
      0.3764426531 a       117     0     6     1    17
     -0.5028780108 a       118     0     6     1    18
     -0.2636547948 a       119     0     6     1    19
      0.0155511951 a       120     0     6     1    20
      0.0571670840 a       121     0     7     1     1
      0.1135530292 a       122     0     7     1     2
     -0.4125680867 a       123     0     7     1     3
      0.1784590033 a       124     0     7     1     4
      0.3553330380 a       125     0     7     1     5
      0.3655530389 a       126     0     7     1     6
     -0.3211232438 a       127     0     7     1     7
     -0.0907340836 a       128     0     7     1     8
      0.2064427214 a       129     0     7     1     9
      0.4588919676 a       130     0     7     1    10
      0.0720322204 a       131     0     7     1    11
      0.1184405180 a       132     0     7     1    12
     -0.1553025441 a       133     0     7     1    13
     -0.2466654696 a       134     0     7     1    14
     -0.4214770136 a       135     0     7     1    15
      0.1206952750 a       136     0     7     1    16
      0.3678032051 a       137     0     7     1    17
      0.2688452353 a       138     0     7     1    18
      0.0811418983 a       139     0     7     1    19
     -0.3258966438 a       140     0     7     1    20
      0.1892176134 a       141     0     8     1     1
     -0.1109334091 a       142     0     8     1     2
     -0.1857125009 a       143     0     8     1     3
     -0.1150015204 a       144     0     8     1     4
      0.3388416110 a       145     0     8     1     5
     -0.0507005941 a       146     0     8     1     6
     -0.2887582933 a       147     0     8     1     7
     -0.1461542237 a       148     0     8     1     8
     -0.2476406073 a       149     0     8     1     9
     -0.3093300025 a       150     0     8     1    10
      0.4141424516 a       151     0     8     1    11
      0.1009133892 a       152     0     8     1    12
     -0.2592827796 a       153     0     8     1    13
      0.1060736276 a       154     0     8     1    14
     -0.3710772675 a       155     0     8     1    15
     -0.2591865142 a       156     0     8     1    16
      0.1724684640 a       157     0     8     1    17
      0.2050934777 a       158     0     8     1    18
      0.4408577949 a       159     0     8     1    19
     -0.1519146675 a       160     0     8     1    20
     -0.1761249622 a       161     0     9     1     1
      0.4761489776 a       162     0     9     1     2
     -0.2225465608 a       163     0     9     1     3
      0.2171747254 a       164     0     9     1     4
     -0.1188755609 a       165     0     9     1     5
      0.3780366443 a       166     0     9     1     6
     -0.1025877378 a       167     0     9     1     7
      0.1958984906 a       168     0     9     1     8
      0.0680011907 a       169     0     9     1     9
      0.0435327338 a       170     0     9     1    10
      0.4936775335 a       171     0     9     1    11
      0.4771673764 a       172     0     9     1    12
     -0.3245889953 a       173     0     9     1    13
      0.3411525580 a       174     0     9     1    14
     -0.0065041803 a       175     0     9     1    15
     -0.2675832967 a       176     0     9     1    16
      0.3070321778 a       177     0     9     1    17
     -0.1918732909 a       178     0     9     1    18
     -0.1257867128 a       179     0     9     1    19
     -0.3591970701 a       180     0     9     1    20
      0.4981143824 a       181     0    10     1     1
     -0.4936144639 a       182     0    10     1     2
      0.3112739856 a       183     0    10     1     3
     -0.1704136738 a       184     0    10     1     4
      0.0245815093 a       185     0    10     1     5
      0.4015702663 a       186     0    10     1     6
      0.0994263829 a       187     0    10     1     7
     -0.1477941174 a       188     0    10     1     8
      0.0517790581 a       189     0    10     1     9
      0.3812162814 a       190     0    10     1    10
     -0.4186514153 a       191     0    10     1    11
      0.0423547812 a       192     0    10     1    12
      0.1545363573 a       193     0    10     1    13
     -0.2610896227 a       194     0    10     1    14
     -0.3152245555 a       195     0    10     1    15
      0.2742647637 a       196     0    10     1    16
     -0.0179142203 a       197     0    10     1    17
     -0.5008839972 a       198     0    10     1    18
      0.3539340709 a       199     0    10     1    19
     -0.1342526754 a       200     0    10     1    20
      0.0426488396 a       201     0    11     1     1
      0.3449783795 a       202     0    11     1     2
     -0.2035135793 a       203     0    11     1     3
     -0.3553950010 a       204     0    11     1     4
     -0.0213475612 a       205     0    11     1     5
     -0.0244070097 a       206     0    11     1     6
     -0.3423964578 a       207     0    11     1     7
     -0.2907068955 a       208     0    11     1     8
     -0.3033806739 a       209     0    11     1     9
     -0.0732090813 a       210     0    11     1    10
     -0.2408320643 a       211     0    11     1    11
      0.3273782412 a       212     0    11     1    12
      0.0929475833 a       213     0    11     1    13
      0.4417507852 a       214     0    11     1    14
      0.1544985276 a       215     0    11     1    15
      0.2292038676 a       216     0    11     1    16
     -0.2499337210 a       217     0    11     1    17
     -0.2263313846 a       218     0    11     1    18
      0.2097632368 a       219     0    11     1    19
      0.2485341119 a       220     0    11     1    20
      0.2492523043 a       221     0    12     1     1
      0.0441340331 a       222     0    12     1     2
     -0.3498677787 a       223     0    12     1     3
     -0.4489355692 a       224     0    12     1     4
     -0.1554515287 a       225     0    12     1     5
     -0.0309891358 a       226     0    12     1     6
      0.0010240211 a       227     0    12     1     7
      0.4933873249 a       228     0    12     1     8
     -0.4053662594 a       229     0    12     1     9
      0.0914933362 a       230     0    12     1    10
      0.4974885792 a       231     0    12     1    11
      0.4423848529 a       232     0    12     1    12
      0.1658128901 a       233     0    12     1    13
      0.2913174790 a       234     0    12     1    14
      0.3574407892 a       235     0    12     1    15
      0.1349854522 a       236     0    12     1    16
     -0.1351684681 a       237     0    12     1    17
     -0.0030866905 a       238     0    12     1    18
      0.1652959873 a       239     0    12     1    19
     -0.4764507201 a       240     0    12     1    20
      0.3674263133 a       241     0    13     1     1
      0.2294389677 a       242     0    13     1     2
     -0.3737532016 a       243     0    13     1     3
      0.0121707649 a       244     0    13     1     4
      0.4549482967 a       245     0    13     1     5
      0.3486956452 a       246     0    13     1     6
     -0.3802897783 a       247     0    13     1     7
      0.2320307791 a       248     0    13     1     8
     -0.2351264354 a       249     0    13     1     9
      0.1864700957 a       250     0    13     1    10
     -0.1808810478 a       251     0    13     1    11
      0.3473960858 a       252     0    13     1    12
     -0.1425296076 a       253     0    13     1    13
     -0.3826079826 a       254     0    13     1    14
     -0.2704031518 a       255     0    13     1    15
     -0.4077961984 a       256     0    13     1    16
     -0.0744923059 a       257     0    13     1    17
      0.0898420827 a       258     0    13     1    18
      0.0743550671 a       259     0    13     1    19
     -0.3804828794 a       260     0    13     1    20
      0.2956041630 a       261     0    14     1     1
      0.3827720376 a       262     0    14     1     2
     -0.0101830531 a       263     0    14     1     3
     -0.1884169445 a       264     0    14     1     4
      0.4165669792 a       265     0    14     1     5
      0.4700323674 a       266     0    14     1     6
      0.1368742802 a       267     0    14     1     7
      0.4190795070 a       268     0    14     1     8
      0.4468677442 a       269     0    14     1     9
     -0.2981156630 a       270     0    14     1    10
     -0.2758234019 a       271     0    14     1    11
     -0.2096556113 a       272     0    14     1    12
      0.3933778081 a       273     0    14     1    13
     -0.2460543363 a       274     0    14     1    14
      0.3688122603 a       275     0    14     1    15
     -0.2144549203 a       276     0    14     1    16
      0.2910196476 a       277     0    14     1    17
     -0.3763190839 a       278     0    14     1    18
      0.0341312306 a       279     0    14     1    19
     -0.4313696283 a       280     0    14     1    20
     -0.4576045201 a       281     0    15     1     1
      0.2309471641 a       282     0    15     1     2
      0.1259780528 a       283     0    15     1     3
      0.4577789048 a       284     0    15     1     4
      0.0789277157 a       285     0    15     1     5
      0.4957311569 a       286     0    15     1     6
      0.4157657469 a       287     0    15     1     7
     -0.2471863550 a       288     0    15     1     8
     -0.2314045051 a       289     0    15     1     9
     -0.3658186983 a       290     0    15     1    10
      0.0285389462 a       291     0    15     1    11
      0.1615850240 a       292     0    15     1    12
     -0.4333194732 a       293     0    15     1    13
      0.0193237782 a       294     0    15     1    14
     -0.0157262380 a       295     0    15     1    15
     -0.4388691043 a       296     0    15     1    16
     -0.2644732911 a       297     0    15     1    17
     -0.0102501933 a       298     0    15     1    18
     -0.2036058262 a       299     0    15     1    19
      0.3120372980 a       300     0    15     1    20
     -0.3449934070 a       301     0    16     1     1
     -0.1902753369 a       302     0    16     1     2
     -0.2319275787 a       303     0    16     1     3
      0.0854229062 a       304     0    16     1     4
      0.4140328850 a       305     0    16     1     5
      0.2894948234 a       306     0    16     1     6
     -0.3813130465 a       307     0    16     1     7
     -0.2572486923 a       308     0    16     1     8
      0.0567043368 a       309     0    16     1     9
     -0.3730284000 a       310     0    16     1    10
     -0.3284093636 a       311     0    16     1    11
      0.0689354905 a       312     0    16     1    12
      0.1883451246 a       313     0    16     1    13
     -0.0134276323 a       314     0    16     1    14
      0.2020737901 a       315     0    16     1    15
      0.0120810332 a       316     0    16     1    16
     -0.2155269398 a       317     0    16     1    17
      0.0224446457 a       318     0    16     1    18
      0.2979075479 a       319     0    16     1    19
     -0.4254602774 a       320     0    16     1    20
     -0.3464257481 a       321     0    17     1     1
      0.3058308557 a       322     0    17     1     2
     -0.3310660751 a       323     0    17     1     3
     -0.4076788902 a       324     0    17     1     4
     -0.4029397518 a       325     0    17     1     5
      0.0145377713 a       326     0    17     1     6
     -0.4632681346 a       327     0    17     1     7
     -0.4516330411 a       328     0    17     1     8
     -0.2076468758 a       329     0    17     1     9
     -0.3756573078 a       330     0    17     1    10
     -0.3674581132 a       331     0    17     1    11
      0.0530637665 a       332     0    17     1    12
      0.4595279358 a       333     0    17     1    13
      0.4170804199 a       334     0    17     1    14
     -0.1222468162 a       335     0    17     1    15
      0.4008118233 a       336     0    17     1    16
      0.2562129439 a       337     0    17     1    17
     -0.1198685777 a       338     0    17     1    18
      0.0749745721 a       339     0    17     1    19
     -0.0664730941 a       340     0    17     1    20
     -0.3632402750 a       341     0    18     1     1
     -0.3239353669 a       342     0    18     1     2
     -0.3702746000 a       343     0    18     1     3
      0.3288795635 a       344     0    18     1     4
     -0.4426316170 a       345     0    18     1     5
      0.3194108224 a       346     0    18     1     6
      0.1779729688 a       347     0    18     1     7
     -0.4078268022 a       348     0    18     1     8
      0.1262968215 a       349     0    18     1     9
     -0.0564544241 a       350     0    18     1    10
      0.2496752502 a       351     0    18     1    11
     -0.0808115433 a       352     0    18     1    12
      0.3176168261 a       353     0    18     1    13
     -0.0634361630 a       354     0    18     1    14
     -0.1511859170 a       355     0    18     1    15
     -0.3974994651 a       356     0    18     1    16
     -0.1520368086 a       357     0    18     1    17
     -0.0461617252 a       358     0    18     1    18
     -0.4669725920 a       359     0    18     1    19
      0.1273567288 a       360     0    18     1    20
     -0.0709866757 a       361     0    19     1     1
      0.1087658636 a       362     0    19     1     2
      0.3954291908 a       363     0    19     1     3
      0.0030331560 a       364     0    19     1     4
      0.1878179474 a       365     0    19     1     5
      0.0867723613 a       366     0    19     1     6
     -0.3347134470 a       367     0    19     1     7
      0.1452228607 a       368     0    19     1     8
      0.1638652820 a       369     0    19     1     9
     -0.0884253438 a       370     0    19     1    10
      0.3610441215 a       371     0    19     1    11
      0.1185126822 a       372     0    19     1    12
      0.0641936848 a       373     0    19     1    13
      0.1972980362 a       374     0    19     1    14
      0.3917158360 a       375     0    19     1    15
     -0.0747201036 a       376     0    19     1    16
     -0.3173870004 a       377     0    19     1    17
      0.1262869208 a       378     0    19     1    18
      0.2380595978 a       379     0    19     1    19
     -0.3769929744 a       380     0    19     1    20
     -0.0588535366 a       381     0    20     1     1
     -0.2518384188 a       382     0    20     1     2
     -0.0796620086 a       383     0    20     1     3
      0.1821323641 a       384     0    20     1     4
      0.2096776767 a       385     0    20     1     5
      0.0284766513 a       386     0    20     1     6
      0.2737797348 a       387     0    20     1     7
      0.3497449533 a       388     0    20     1     8
      0.2290483219 a       389     0    20     1     9
      0.4443231902 a       390     0    20     1    10
     -0.1361039825 a       391     0    20     1    11
      0.4850424318 a       392     0    20     1    12
      0.4622772399 a       393     0    20     1    13
     -0.2007134919 a       394     0    20     1    14
      0.4144334939 a       395     0    20     1    15
     -0.2992602915 a       396     0    20     1    16
     -0.0475573021 a       397     0    20     1    17
      0.1046473142 a       398     0    20     1    18
     -0.0973990078 a       399     0    20     1    19
     -0.4733714912 a       400     0    20     1    20
     -0.0223614572 a       401     0    21     1     1
     -0.0156732198 a       402     0    21     1     2
      0.4390557078 a       403     0    21     1     3
      0.1676065277 a       404     0    21     1     4
     -0.1064734369 a       405     0    21     1     5
     -0.5108507927 a       406     0    21     1     6
     -0.3448894558 a       407     0    21     1     7
     -0.1774841197 a       408     0    21     1     8
      0.4919418157 a       409     0    21     1     9
      0.4472363779 a       410     0    21     1    10
     -0.0911458074 a       411     0    21     1    11
      0.1854028431 a       412     0    21     1    12
      0.3006420937 a       413     0    21     1    13
      0.0731801901 a       414     0    21     1    14
     -0.4395777494 a       415     0    21     1    15
      0.0751776334 a       416     0    21     1    16
     -0.3657893408 a       417     0    21     1    17
     -0.4953494343 a       418     0    21     1    18
     -0.4696141255 a       419     0    21     1    19
      0.1267362403 a       420     0    21     1    20
      0.4002820694 a       421     0    22     1     1
      0.4243638266 a       422     0    22     1     2
     -0.4161295337 a       423     0    22     1     3
      0.2935553596 a       424     0    22     1     4
     -0.2379341763 a       425     0    22     1     5
     -0.4701893740 a       426     0    22     1     6
      0.2954037572 a       427     0    22     1     7
     -0.2151797096 a       428     0    22     1     8
      0.2348909625 a       429     0    22     1     9
     -0.1170750479 a       430     0    22     1    10
     -0.5710449645 a       431     0    22     1    11
     -0.1488655174 a       432     0    22     1    12
      0.1953623306 a       433     0    22     1    13
     -0.4880723572 a       434     0    22     1    14
     -0.0269315920 a       435     0    22     1    15
     -0.0311850514 a       436     0    22     1    16
     -0.2841646927 a       437     0    22     1    17
     -0.0209784823 a       438     0    22     1    18
      0.4967990639 a       439     0    22     1    19
     -0.2758113069 a       440     0    22     1    20
      0.0983275620 a       441     0    23     1     1
      0.1610974242 a       442     0    23     1     2
     -0.0948864784 a       443     0    23     1     3
      0.2974672704 a       444     0    23     1     4
     -0.0608130923 a       445     0    23     1     5
      0.2231899935 a       446     0    23     1     6
      0.4623213837 a       447     0    23     1     7
      0.3674139761 a       448     0    23     1     8
     -0.4238707406 a       449     0    23     1     9
     -0.2668534686 a       450     0    23     1    10
      0.3398884889 a       451     0    23     1    11
     -0.4727299406 a       452     0    23     1    12
      0.2307659230 a       453     0    23     1    13
     -0.1625374267 a       454     0    23     1    14
     -0.1744175264 a       455     0    23     1    15
      0.3453705442 a       456     0    23     1    16
     -0.5258439776 a       457     0    23     1    17
     -0.2181715869 a       458     0    23     1    18
      0.3660204882 a       459     0    23     1    19
      0.1958616092 a       460     0    23     1    20
      0.0197713059 a       461     0    24     1     1
     -0.0545640304 a       462     0    24     1     2
     -0.3126908638 a       463     0    24     1     3
     -0.3672867486 a       464     0    24     1     4
     -0.3982376557 a       465     0    24     1     5
     -0.0425523393 a       466     0    24     1     6
     -0.2959606078 a       467     0    24     1     7
      0.1523731281 a       468     0    24     1     8
     -0.0822244399 a       469     0    24     1     9
      0.1682759973 a       470     0    24     1    10
      0.1983852935 a       471     0    24     1    11
     -0.4463685773 a       472     0    24     1    12
     -0.4123381921 a       473     0    24     1    13
      0.4477713061 a       474     0    24     1    14
      0.3561620506 a       475     0    24     1    15
     -0.2701839291 a       476     0    24     1    16
      0.3537926042 a       477     0    24     1    17
     -0.3462291601 a       478     0    24     1    18
     -0.1728902419 a       479     0    24     1    19
     -0.0210299338 a       480     0    24     1    20
      0.2046944957 a       481     0    25     1     1
      0.3759503278 a       482     0    25     1     2
      0.3907798460 a       483     0    25     1     3
     -0.2772239262 a       484     0    25     1     4
      0.4172588799 a       485     0    25     1     5
     -0.5055250931 a       486     0    25     1     6
     -0.0855860233 a       487     0    25     1     7
      0.4652578435 a       488     0    25     1     8
     -0.4533974697 a       489     0    25     1     9
     -0.4602605786 a       490     0    25     1    10
     -0.0612020241 a       491     0    25     1    11
      0.2541979895 a       492     0    25     1    12
      0.1566357141 a       493     0    25     1    13
     -0.3028702659 a       494     0    25     1    14
      0.0899199455 a       495     0    25     1    15
     -0.3942072588 a       496     0    25     1    16
     -0.4847339954 a       497     0    25     1    17
     -0.3983757053 a       498     0    25     1    18
     -0.4942900327 a       499     0    25     1    19
      0.0741365466 a       500     0    25     1    20
      0.4763027942 a       501     0    26     1     1
      0.3562292988 a       502     0    26     1     2
      0.3089469008 a       503     0    26     1     3
      0.1132553799 a       504     0    26     1     4
     -0.1087755622 a       505     0    26     1     5
      0.3872227729 a       506     0    26     1     6
     -0.2808568199 a       507     0    26     1     7
      0.2096752331 a       508     0    26     1     8
     -0.2633289515 a       509     0    26     1     9
     -0.1958800999 a       510     0    26     1    10
      0.3795134156 a       511     0    26     1    11
     -0.3018937567 a       512     0    26     1    12
      0.1530832721 a       513     0    26     1    13
      0.1785587518 a       514     0    26     1    14
     -0.1094564644 a       515     0    26     1    15
      0.0719203143 a       516     0    26     1    16
     -0.4845501602 a       517     0    26     1    17
      0.1934998846 a       518     0    26     1    18
      0.2971841585 a       519     0    26     1    19
     -0.4731500188 a       520     0    26     1    20
     -0.2590828603 a       521     0    27     1     1
      0.2691037589 a       522     0    27     1     2
      0.4174514626 a       523     0    27     1     3
     -0.4440871191 a       524     0    27     1     4
      0.0724010707 a       525     0    27     1     5
     -0.2892638675 a       526     0    27     1     6
      0.1589325776 a       527     0    27     1     7
     -0.3514617016 a       528     0    27     1     8
     -0.1609312498 a       529     0    27     1     9
      0.4287449974 a       530     0    27     1    10
      0.0646576293 a       531     0    27     1    11
     -0.3022902237 a       532     0    27     1    12
      0.3571094981 a       533     0    27     1    13
      0.2386758961 a       534     0    27     1    14
      0.4427267302 a       535     0    27     1    15
     -0.2597356521 a       536     0    27     1    16
     -0.0010272841 a       537     0    27     1    17
     -0.2437392637 a       538     0    27     1    18
     -0.2828532402 a       539     0    27     1    19
      0.2032335964 a       540     0    27     1    20
      0.1746437970 a       541     0    28     1     1
      0.3198576275 a       542     0    28     1     2
      0.2515038330 a       543     0    28     1     3
     -0.4569116001 a       544     0    28     1     4
     -0.2897190444 a       545     0    28     1     5
      0.1098433168 a       546     0    28     1     6
      0.3477967314 a       547     0    28     1     7
     -0.5258832691 a       548     0    28     1     8
     -0.4823191476 a       549     0    28     1     9
      0.3058571068 a       550     0    28     1    10
     -0.2254249749 a       551     0    28     1    11
     -0.4706664789 a       552     0    28     1    12
     -0.3668735762 a       553     0    28     1    13
     -0.1423034800 a       554     0    28     1    14
      0.4400463724 a       555     0    28     1    15
     -0.4477325766 a       556     0    28     1    16
      0.3695754617 a       557     0    28     1    17
     -0.3011916910 a       558     0    28     1    18
     -0.4086028826 a       559     0    28     1    19
      0.4508950908 a       560     0    28     1    20
      1.3785525546 b       561     1     1
      0.4773252693 b       562     1     2
      1.3947523488 b       563     1     3
     -1.4449628893 b       564     1     4
     -1.0626900225 b       565     1     5
      1.3592084371 b       566     1     6
     -0.5413409290 b       567     1     7
      0.9906636805 b       568     1     8
      0.2919720737 b       569     1     9
     -0.7456595529 b       570     1    10
      1.0249291176 b       571     1    11
     -0.3184973272 b       572     1    12
      0.6538643358 b       573     1    13
     -1.3090413358 b       574     1    14
     -0.7598713778 b       575     1    15
     -1.0885547558 b       576     1    16
     -0.1823520352 b       577     1    17
     -1.5143168790 b       578     1    18
     -1.2327226006 b       579     1    19
      1.1498294208 b       580     1    20
     -0.5562374159 a       581     1     1     2     1
      0.0928544489 a       582     1     1     2     2
     -0.2984023440 a       583     1     1     2     3
      0.5024281106 a       584     1     1     2     4
      0.8431352914 a       585     1     1     2     5
     -0.6491014848 a       586     1     1     2     6
     -0.3632116609 a       587     1     1     2     7
      0.2699452376 a       588     1     1     2     8
     -0.0794091679 a       589     1     1     2     9
      0.5175285258 a       590     1     1     2    10
      0.4687709056 a       591     1     1     2    11
      0.3377902384 a       592     1     1     2    12
     -0.1661417880 a       593     1     1     2    13
     -0.2590364496 a       594     1     1     2    14
     -0.0937194283 a       595     1     1     2    15
     -0.1265331398 a       596     1     1     2    16
     -0.4434322213 a       597     1     1     2    17
      0.4166655239 a       598     1     1     2    18
     -0.4429460180 a       599     1     1     2    19
     -0.5763676013 a       600     1     1     2    20
      0.4433672783 a       601     1     2     2     1
     -0.0483112072 a       602     1     2     2     2
     -0.4532902041 a       603     1     2     2     3
      0.2668907491 a       604     1     2     2     4
     -0.4091705138 a       605     1     2     2     5
     -0.2427964834 a       606     1     2     2     6
     -0.4745075429 a       607     1     2     2     7
      0.4448262817 a       608     1     2     2     8
      0.4678302131 a       609     1     2     2     9
      0.4885618631 a       610     1     2     2    10
      0.3839696817 a       611     1     2     2    11
     -0.1199801806 a       612     1     2     2    12
      0.3200156837 a       613     1     2     2    13
     -0.0634599227 a       614     1     2     2    14
     -0.0237780065 a       615     1     2     2    15
     -0.6191808817 a       616     1     2     2    16
      0.0683662444 a       617     1     2     2    17
     -0.3069665192 a       618     1     2     2    18
      0.5089358865 a       619     1     2     2    19
     -0.1568982986 a       620     1     2     2    20
      0.5342891663 a       621     1     3     2     1
      0.5244637378 a       622     1     3     2     2
      0.5254443238 a       623     1     3     2     3
      0.4071120607 a       624     1     3     2     4
      0.0568095490 a       625     1     3     2     5
      0.2966458366 a       626     1     3     2     6
     -0.4107779967 a       627     1     3     2     7
      0.4503655321 a       628     1     3     2     8
     -0.4663523877 a       629     1     3     2     9
      0.1791974512 a       630     1     3     2    10
      0.2704923578 a       631     1     3     2    11
     -0.4635779802 a       632     1     3     2    12
     -0.3537764833 a       633     1     3     2    13
     -0.0870720909 a       634     1     3     2    14
     -0.0187027029 a       635     1     3     2    15
     -0.1420396418 a       636     1     3     2    16
     -0.1729324685 a       637     1     3     2    17
     -0.5103604780 a       638     1     3     2    18
      0.2455111033 a       639     1     3     2    19
     -0.2073490356 a       640     1     3     2    20
     -0.1842645886 a       641     1     4     2     1
      0.3987974195 a       642     1     4     2     2
      0.3560499768 a       643     1     4     2     3
     -0.2646460959 a       644     1     4     2     4
      0.2722453595 a       645     1     4     2     5
      0.2408915186 a       646     1     4     2     6
      0.4896277532 a       647     1     4     2     7
     -0.5067386838 a       648     1     4     2     8
     -0.5274780381 a       649     1     4     2     9
      0.5768991460 a       650     1     4     2    10
      0.4435591081 a       651     1     4     2    11
     -0.4640746852 a       652     1     4     2    12
     -0.4878876526 a       653     1     4     2    13
      0.4723158106 a       654     1     4     2    14
      0.0263904556 a       655     1     4     2    15
     -0.6351102852 a       656     1     4     2    16
      0.3641254362 a       657     1     4     2    17
      0.1849720751 a       658     1     4     2    18
     -0.3655092789 a       659     1     4     2    19
      0.2441087479 a       660     1     4     2    20
      0.3396611878 a       661     1     5     2     1
     -0.5600474487 a       662     1     5     2     2
      0.1683977110 a       663     1     5     2     3
      0.1075484550 a       664     1     5     2     4
      0.0489187559 a       665     1     5     2     5
      0.1947609875 a       666     1     5     2     6
     -0.1364120797 a       667     1     5     2     7
      0.3386992090 a       668     1     5     2     8
      0.0553021114 a       669     1     5     2     9
     -0.0088820970 a       670     1     5     2    10
      0.6195159949 a       671     1     5     2    11
     -0.5018931941 a       672     1     5     2    12
      0.2449607353 a       673     1     5     2    13
     -0.4066435668 a       674     1     5     2    14
      0.6344333866 a       675     1     5     2    15
     -0.3672414973 a       676     1     5     2    16
     -0.5484661461 a       677     1     5     2    17
     -0.0912942903 a       678     1     5     2    18
      0.2565323847 a       679     1     5     2    19
      0.3557816664 a       680     1     5     2    20
      0.5623218012 a       681     1     6     2     1
     -0.4641693345 a       682     1     6     2     2
      0.5067710266 a       683     1     6     2     3
     -0.4302427290 a       684     1     6     2     4
      0.3613462218 a       685     1     6     2     5
     -0.2550878267 a       686     1     6     2     6
      0.3015122272 a       687     1     6     2     7
     -0.4997812057 a       688     1     6     2     8
      0.4568874229 a       689     1     6     2     9
      0.3442728651 a       690     1     6     2    10
      0.1463693278 a       691     1     6     2    11
     -0.3026179446 a       692     1     6     2    12
     -0.6714672130 a       693     1     6     2    13
     -0.3227084215 a       694     1     6     2    14
     -0.5240519212 a       695     1     6     2    15
     -0.6213663576 a       696     1     6     2    16
      0.3452657584 a       697     1     6     2    17
      0.2639691066 a       698     1     6     2    18
     -0.4925612270 a       699     1     6     2    19
      0.3498271422 a       700     1     6     2    20
     -0.1343876590 a       701     1     7     2     1
     -0.5530634854 a       702     1     7     2     2
      0.3821072855 a       703     1     7     2     3
      0.4903510927 a       704     1     7     2     4
      0.1520643983 a       705     1     7     2     5
     -0.2774298181 a       706     1     7     2     6
     -0.3625543960 a       707     1     7     2     7
     -0.4300437939 a       708     1     7     2     8
      0.4017819875 a       709     1     7     2     9
      0.5060596475 a       710     1     7     2    10
     -0.1848035484 a       711     1     7     2    11
     -0.0623126256 a       712     1     7     2    12
     -0.3301354100 a       713     1     7     2    13
      0.4473236514 a       714     1     7     2    14
     -0.6396623038 a       715     1     7     2    15
     -0.0498542855 a       716     1     7     2    16
      0.4606907839 a       717     1     7     2    17
      0.5754900414 a       718     1     7     2    18
      0.4115984328 a       719     1     7     2    19
      0.5836440473 a       720     1     7     2    20
     -0.0174208097 a       721     1     8     2     1
     -0.5616262865 a       722     1     8     2     2
     -0.1768831681 a       723     1     8     2     3
      0.0474077741 a       724     1     8     2     4
      0.4711027076 a       725     1     8     2     5
      0.0059012864 a       726     1     8     2     6
     -0.2965000578 a       727     1     8     2     7
      0.1230630285 a       728     1     8     2     8
     -0.1492448830 a       729     1     8     2     9
      0.1759646961 a       730     1     8     2    10
     -0.2904913966 a       731     1     8     2    11
     -0.4783905905 a       732     1     8     2    12
     -0.4971180478 a       733     1     8     2    13
      0.2381595316 a       734     1     8     2    14
     -0.3896813610 a       735     1     8     2    15
     -0.0210355831 a       736     1     8     2    16
      0.0707598736 a       737     1     8     2    17
      0.2970202528 a       738     1     8     2    18
      0.3993522804 a       739     1     8     2    19
      0.1615065706 a       740     1     8     2    20
      0.0155028580 a       741     1     9     2     1
     -0.2674728729 a       742     1     9     2     2
     -0.5559791990 a       743     1     9     2     3
      0.4850466598 a       744     1     9     2     4
     -0.0072870360 a       745     1     9     2     5
     -0.2178924350 a       746     1     9     2     6
     -0.3814459313 a       747     1     9     2     7
     -0.2227685791 a       748     1     9     2     8
      0.0636852979 a       749     1     9     2     9
      0.5142983270 a       750     1     9     2    10
     -0.0497798455 a       751     1     9     2    11
      0.4512492281 a       752     1     9     2    12
     -0.6960209316 a       753     1     9     2    13
     -0.4942773236 a       754     1     9     2    14
     -0.3845443362 a       755     1     9     2    15
      0.1672014578 a       756     1     9     2    16
     -0.3347992162 a       757     1     9     2    17
     -0.3718646417 a       758     1     9     2    18
      0.1693527327 a       759     1     9     2    19
     -0.4536595173 a       760     1     9     2    20
      0.3543416410 a       761     1    10     2     1
     -0.1687257879 a       762     1    10     2     2
      0.2811927764 a       763     1    10     2     3
     -0.4384420606 a       764     1    10     2     4
      0.4126248151 a       765     1    10     2     5
      0.5576749385 a       766     1    10     2     6
     -0.4654332041 a       767     1    10     2     7
     -0.4117672833 a       768     1    10     2     8
      0.4398846640 a       769     1    10     2     9
     -0.3790091874 a       770     1    10     2    10
      0.1690625179 a       771     1    10     2    11
      0.1679654340 a       772     1    10     2    12
     -0.2970122836 a       773     1    10     2    13
     -0.2724401212 a       774     1    10     2    14
      0.0426557841 a       775     1    10     2    15
     -0.3601003115 a       776     1    10     2    16
     -0.3519255997 a       777     1    10     2    17
     -0.2943331913 a       778     1    10     2    18
      0.1116772789 a       779     1    10     2    19
     -0.5230703304 a       780     1    10     2    20
      0.4742641860 a       781     1    11     2     1
     -0.0102899032 a       782     1    11     2     2
      0.3262491183 a       783     1    11     2     3
      0.5563544651 a       784     1    11     2     4
     -0.6515527334 a       785     1    11     2     5
      0.4240307691 a       786     1    11     2     6
      0.6422281697 a       787     1    11     2     7
     -0.3125315476 a       788     1    11     2     8
     -0.0658174251 a       789     1    11     2     9
     -0.4025902402 a       790     1    11     2    10
     -0.3674954512 a       791     1    11     2    11
      0.1437027072 a       792     1    11     2    12
     -0.1349300893 a       793     1    11     2    13
     -0.2508581850 a       794     1    11     2    14
      0.5125593369 a       795     1    11     2    15
     -0.3718646327 a       796     1    11     2    16
      0.0392199197 a       797     1    11     2    17
      0.5781242980 a       798     1    11     2    18
      0.0157269244 a       799     1    11     2    19
      0.3240145789 a       800     1    11     2    20
      0.3031103905 a       801     1    12     2     1
     -0.2312612702 a       802     1    12     2     2
     -0.2412924605 a       803     1    12     2     3
      0.4182127013 a       804     1    12     2     4
      0.0217321077 a       805     1    12     2     5
      0.1208776695 a       806     1    12     2     6
     -0.0073428711 a       807     1    12     2     7
     -0.2254776927 a       808     1    12     2     8
      0.5029999628 a       809     1    12     2     9
      0.0423857834 a       810     1    12     2    10
      0.1756898306 a       811     1    12     2    11
     -0.3694417718 a       812     1    12     2    12
     -0.0900264759 a       813     1    12     2    13
      0.4549368556 a       814     1    12     2    14
      0.2252142068 a       815     1    12     2    15
      0.0655518561 a       816     1    12     2    16
     -0.4429217279 a       817     1    12     2    17
     -0.3321365258 a       818     1    12     2    18
      0.4770388771 a       819     1    12     2    19
      0.3396253100 a       820     1    12     2    20
     -0.0210421742 a       821     1    13     2     1
      0.1570158329 a       822     1    13     2     2
      0.1453345795 a       823     1    13     2     3
      0.0073945632 a       824     1    13     2     4
     -0.1904695172 a       825     1    13     2     5
      0.1712018406 a       826     1    13     2     6
      0.2644947656 a       827     1    13     2     7
     -0.4103245126 a       828     1    13     2     8
     -0.3929587759 a       829     1    13     2     9
      0.0030035964 a       830     1    13     2    10
      0.5566091588 a       831     1    13     2    11
     -0.4558836420 a       832     1    13     2    12
      0.0249881247 a       833     1    13     2    13
     -0.2393884613 a       834     1    13     2    14
      0.1897470478 a       835     1    13     2    15
      0.6277290117 a       836     1    13     2    16
     -0.3547043747 a       837     1    13     2    17
     -0.3771130087 a       838     1    13     2    18
      0.1060881831 a       839     1    13     2    19
     -0.3409120981 a       840     1    13     2    20
     -0.3138228547 a       841     1    14     2     1
      0.1136276851 a       842     1    14     2     2
     -0.0077304640 a       843     1    14     2     3
      0.4980476088 a       844     1    14     2     4
      0.2450047977 a       845     1    14     2     5
     -0.7378111016 a       846     1    14     2     6
      0.2062076917 a       847     1    14     2     7
     -0.3382292039 a       848     1    14     2     8
     -0.5168262927 a       849     1    14     2     9
     -0.0728608990 a       850     1    14     2    10
      0.0150582506 a       851     1    14     2    11
      0.4305748502 a       852     1    14     2    12
      0.0997688679 a       853     1    14     2    13
      0.2627680216 a       854     1    14     2    14
      0.3015849525 a       855     1    14     2    15
      0.3041277275 a       856     1    14     2    16
     -0.4776933169 a       857     1    14     2    17
      0.4250910024 a       858     1    14     2    18
      0.2117311926 a       859     1    14     2    19
      0.3179696093 a       860     1    14     2    20
      0.4702596321 a       861     1    15     2     1
      0.3001054576 a       862     1    15     2     2
      0.5008645983 a       863     1    15     2     3
     -0.3370063879 a       864     1    15     2     4
      0.0135721651 a       865     1    15     2     5
      0.5340836502 a       866     1    15     2     6
     -0.4811038591 a       867     1    15     2     7
     -0.3393554205 a       868     1    15     2     8
      0.4132968005 a       869     1    15     2     9
     -0.5096339754 a       870     1    15     2    10
      0.3205354392 a       871     1    15     2    11
      0.4038038632 a       872     1    15     2    12
      0.5342297570 a       873     1    15     2    13
     -0.5346218982 a       874     1    15     2    14
     -0.0750979551 a       875     1    15     2    15
     -0.0189266179 a       876     1    15     2    16
     -0.0812558918 a       877     1    15     2    17
      0.4816161098 a       878     1    15     2    18
     -0.4052280025 a       879     1    15     2    19
      0.0788060003 a       880     1    15     2    20
      0.4215247752 a       881     1    16     2     1
     -0.0741229900 a       882     1    16     2     2
     -0.4598239185 a       883     1    16     2     3
     -0.3328657256 a       884     1    16     2     4
      0.1502321149 a       885     1    16     2     5
     -0.4948418874 a       886     1    16     2     6
      0.2971820198 a       887     1    16     2     7
     -0.4887821565 a       888     1    16     2     8
      0.4096145552 a       889     1    16     2     9
      0.0277565055 a       890     1    16     2    10
      0.2472856228 a       891     1    16     2    11
     -0.2772082471 a       892     1    16     2    12
      0.2183727344 a       893     1    16     2    13
     -0.2089458810 a       894     1    16     2    14
     -0.5472548369 a       895     1    16     2    15
      0.6028701666 a       896     1    16     2    16
     -0.3505224445 a       897     1    16     2    17
     -0.0219398047 a       898     1    16     2    18
      0.2338941822 a       899     1    16     2    19
      0.0367542972 a       900     1    16     2    20
      0.0624731430 a       901     1    17     2     1
     -0.5739238277 a       902     1    17     2     2
     -0.0832172888 a       903     1    17     2     3
     -0.3734919331 a       904     1    17     2     4
      0.4334936496 a       905     1    17     2     5
     -0.2666391738 a       906     1    17     2     6
      0.2655826261 a       907     1    17     2     7
      0.4197724010 a       908     1    17     2     8
      0.3918953459 a       909     1    17     2     9
      0.0967556851 a       910     1    17     2    10
     -0.6710663318 a       911     1    17     2    11
     -0.1000927404 a       912     1    17     2    12
     -0.1904108001 a       913     1    17     2    13
     -0.3983433115 a       914     1    17     2    14
     -0.2162158424 a       915     1    17     2    15
      0.0284025214 a       916     1    17     2    16
     -0.2733019959 a       917     1    17     2    17
      0.4551074189 a       918     1    17     2    18
      0.5823817525 a       919     1    17     2    19
     -0.2595202253 a       920     1    17     2    20
     -0.2220479121 a       921     1    18     2     1
      0.5381816246 a       922     1    18     2     2
      0.5350389487 a       923     1    18     2     3
      0.2666023399 a       924     1    18     2     4
     -0.3301427962 a       925     1    18     2     5
     -0.1062341432 a       926     1    18     2     6
     -0.1589917975 a       927     1    18     2     7
     -0.3263471201 a       928     1    18     2     8
     -0.3472209424 a       929     1    18     2     9
     -0.2493888910 a       930     1    18     2    10
     -0.2193149281 a       931     1    18     2    11
      0.4220101654 a       932     1    18     2    12
     -0.5356276611 a       933     1    18     2    13
     -0.4002540858 a       934     1    18     2    14
      0.0770636259 a       935     1    18     2    15
     -0.0803124640 a       936     1    18     2    16
      0.4743712184 a       937     1    18     2    17
     -0.3045178085 a       938     1    18     2    18
      0.5278125328 a       939     1    18     2    19
      0.4778528268 a       940     1    18     2    20
      0.4160487387 a       941     1    19     2     1
     -0.3308621124 a       942     1    19     2     2
      0.1954463448 a       943     1    19     2     3
      0.2171423963 a       944     1    19     2     4
      0.4176440703 a       945     1    19     2     5
      0.0007929514 a       946     1    19     2     6
     -0.1250761590 a       947     1    19     2     7
      0.2372482597 a       948     1    19     2     8
     -0.1138307465 a       949     1    19     2     9
     -0.4500201119 a       950     1    19     2    10
      0.5558679907 a       951     1    19     2    11
      0.3604035793 a       952     1    19     2    12
     -0.0806087725 a       953     1    19     2    13
     -0.4377844376 a       954     1    19     2    14
      0.1979833243 a       955     1    19     2    15
     -0.2178345735 a       956     1    19     2    16
     -0.5720408805 a       957     1    19     2    17
      0.0105315954 a       958     1    19     2    18
     -0.4337939134 a       959     1    19     2    19
      0.3433136880 a       960     1    19     2    20
      0.4501134229 a       961     1    20     2     1
     -0.1841155292 a       962     1    20     2     2
     -0.3420932119 a       963     1    20     2     3
      0.0603924325 a       964     1    20     2     4
      0.3538629345 a       965     1    20     2     5
     -0.3149871257 a       966     1    20     2     6
     -0.4814667664 a       967     1    20     2     7
      0.0783090132 a       968     1    20     2     8
     -0.1614836082 a       969     1    20     2     9
      0.5055322002 a       970     1    20     2    10
     -0.0735658851 a       971     1    20     2    11
      0.4117134864 a       972     1    20     2    12
      0.1100461247 a       973     1    20     2    13
     -0.5115522079 a       974     1    20     2    14
      0.6394857187 a       975     1    20     2    15
     -0.3041394731 a       976     1    20     2    16
      0.3153433615 a       977     1    20     2    17
     -0.2446940849 a       978     1    20     2    18
      0.0910213140 a       979     1    20     2    19
     -0.4809625247 a       980     1    20     2    20
      1.5768064751 b       981     2     1
      0.4918057144 b       982     2     2
      1.2706725200 b       983     2     3
      0.6498760473 b       984     2     4
      0.7583735519 b       985     2     5
     -0.3619609965 b       986     2     6
     -1.4297453665 b       987     2     7
     -0.6794869070 b       988     2     8
     -0.8150651128 b       989     2     9
      0.4962472073 b       990     2    10
      1.1688562560 b       991     2    11
      0.2091701215 b       992     2    12
     -0.3660357964 b       993     2    13
      1.6224070346 b       994     2    14
     -0.6774086326 b       995     2    15
      1.5898378986 b       996     2    16
      1.5914426109 b       997     2    17
     -0.7059683563 b       998     2    18
     -0.3148770767 b       999     2    19
     -0.3722756182 b      1000     2    20
      0.0065685994 a      1001     2     1     3     1
      0.0068124154 a      1002     2     2     3     1
      0.0089095618 a      1003     2     3     3     1
     -0.0063032467 a      1004     2     4     3     1
     -0.0040550481 a      1005     2     5     3     1
     -0.0074816041 a      1006     2     6     3     1
      0.0078114048 a      1007     2     7     3     1
      0.0002081661 a      1008     2     8     3     1
     -0.0047832877 a      1009     2     9     3     1
      0.0070337801 a      1010     2    10     3     1
     -0.0016928251 a      1011     2    11     3     1
      0.0007265903 a      1012     2    12     3     1
     -0.0053276995 a      1013     2    13     3     1
      0.0003054459 a      1014     2    14     3     1
      0.0035388245 a      1015     2    15     3     1
      0.0024898605 a      1016     2    16     3     1
     -0.0084926573 a      1017     2    17     3     1
      0.0048127692 a      1018     2    18     3     1
     -0.0059568067 a      1019     2    19     3     1
      0.0074869946 a      1020     2    20     3     1
     19.6586003453 b      1021     3     1
