     -0.8119334669 a         1     0     1     1     1
     -0.5349142374 a         2     0     1     1     2
     -0.5777914504 a         3     0     1     1     3
     -0.1622244432 a         4     0     1     1     4
      0.2234208048 a         5     0     1     1     5
      0.4012322597 a         6     0     1     1     6
      0.8125673449 a         7     0     1     1     7
      0.2354269280 a         8     0     1     1     8
      0.9047372813 a         9     0     1     1     9
      0.1791026873 a        10     0     1     1    10
     -0.0198302751 a        11     0     1     1    11
      0.4741420628 a        12     0     1     1    12
      0.5055501809 a        13     0     1     1    13
      0.7598602107 a        14     0     1     1    14
     -0.7031754081 a        15     0     1     1    15
      0.4697563540 a        16     0     2     1     1
     -0.2842684374 a        17     0     2     1     2
     -0.8899095702 a        18     0     2     1     3
     -0.1536049749 a        19     0     2     1     4
     -0.2595879666 a        20     0     2     1     5
     -0.7720021316 a        21     0     2     1     6
     -0.4576261644 a        22     0     2     1     7
      0.3577257206 a        23     0     2     1     8
     -0.9391710023 a        24     0     2     1     9
     -0.0596231459 a        25     0     2     1    10
      0.0463616062 a        26     0     2     1    11
      0.1419872163 a        27     0     2     1    12
      0.1668492593 a        28     0     2     1    13
      0.4923347844 a        29     0     2     1    14
     -0.3791920078 a        30     0     2     1    15
      0.2775687261 a        31     0     3     1     1
      0.2481652803 a        32     0     3     1     2
      0.5296614796 a        33     0     3     1     3
     -0.8030677837 a        34     0     3     1     4
     -0.7171705787 a        35     0     3     1     5
     -0.9450020194 a        36     0     3     1     6
      0.6396088584 a        37     0     3     1     7
     -0.6947347492 a        38     0     3     1     8
     -0.3385240246 a        39     0     3     1     9
     -0.5922077361 a        40     0     3     1    10
     -0.1136788033 a        41     0     3     1    11
      0.0286307756 a        42     0     3     1    12
     -0.1923540456 a        43     0     3     1    13
     -0.1571627214 a        44     0     3     1    14
      0.9079572857 a        45     0     3     1    15
      0.0437571097 a        46     0     4     1     1
     -0.1385643090 a        47     0     4     1     2
     -0.2780642972 a        48     0     4     1     3
     -0.1421741093 a        49     0     4     1     4
      0.6209148886 a        50     0     4     1     5
      0.3497083734 a        51     0     4     1     6
     -0.9310037055 a        52     0     4     1     7
     -0.9337597330 a        53     0     4     1     8
      0.0996300532 a        54     0     4     1     9
     -0.5893559685 a        55     0     4     1    10
     -0.9232503336 a        56     0     4     1    11
      0.0134121548 a        57     0     4     1    12
     -0.4960650639 a        58     0     4     1    13
      0.7765215353 a        59     0     4     1    14
      0.7167962388 a        60     0     4     1    15
      0.3066777698 a        61     0     5     1     1
      0.6981606612 a        62     0     5     1     2
     -0.6674323995 a        63     0     5     1     3
     -0.1516174843 a        64     0     5     1     4
     -0.8819290529 a        65     0     5     1     5
      0.2230121642 a        66     0     5     1     6
     -0.3015440425 a        67     0     5     1     7
     -0.2695389665 a        68     0     5     1     8
      0.9891076616 a        69     0     5     1     9
      0.3113227333 a        70     0     5     1    10
      0.4775794398 a        71     0     5     1    11
     -0.2623964646 a        72     0     5     1    12
     -0.1996930339 a        73     0     5     1    13
      0.6014607982 a        74     0     5     1    14
     -0.3591516053 a        75     0     5     1    15
      0.9441424865 a        76     0     6     1     1
     -0.5435452306 a        77     0     6     1     2
     -0.1273568502 a        78     0     6     1     3
     -0.6326644942 a        79     0     6     1     4
     -0.0234324724 a        80     0     6     1     5
      0.7794469621 a        81     0     6     1     6
     -0.9651484066 a        82     0     6     1     7
      0.8522031867 a        83     0     6     1     8
     -0.9149343056 a        84     0     6     1     9
     -0.7684670740 a        85     0     6     1    10
      0.2173761747 a        86     0     6     1    11
      0.7917182535 a        87     0     6     1    12
     -0.2415966879 a        88     0     6     1    13
     -0.4093226230 a        89     0     6     1    14
     -0.7890745824 a        90     0     6     1    15
     -0.0261855599 a        91     0     7     1     1
     -0.0816371762 a        92     0     7     1     2
     -0.3482737500 a        93     0     7     1     3
      0.8148246548 a        94     0     7     1     4
     -0.8572740522 a        95     0     7     1     5
     -0.6760946717 a        96     0     7     1     6
     -0.2692544584 a        97     0     7     1     7
      0.9380865621 a        98     0     7     1     8
      0.0641500061 a        99     0     7     1     9
     -0.4091783576 a       100     0     7     1    10
      0.2745187321 a       101     0     7     1    11
      0.6410573066 a       102     0     7     1    12
     -0.0123449187 a       103     0     7     1    13
      0.9447363011 a       104     0     7     1    14
     -0.7451392937 a       105     0     7     1    15
      0.5717759313 a       106     0     8     1     1
     -0.7594096181 a       107     0     8     1     2
     -0.6937661327 a       108     0     8     1     3
     -0.2155690273 a       109     0     8     1     4
     -0.5323051075 a       110     0     8     1     5
      0.6109355783 a       111     0     8     1     6
      0.8545760652 a       112     0     8     1     7
     -1.0186840652 a       113     0     8     1     8
      0.6249025224 a       114     0     8     1     9
      0.2734491928 a       115     0     8     1    10
      0.0168234581 a       116     0     8     1    11
      0.6248808322 a       117     0     8     1    12
     -0.9065628686 a       118     0     8     1    13
     -0.5372113345 a       119     0     8     1    14
      0.0810986322 a       120     0     8     1    15
      0.0775687251 a       121     0     9     1     1
      0.2687111896 a       122     0     9     1     2
     -0.8979071404 a       123     0     9     1     3
      0.3972078307 a       124     0     9     1     4
      0.7345575687 a       125     0     9     1     5
      0.7423614091 a       126     0     9     1     6
     -0.6652777043 a       127     0     9     1     7
     -0.1861271189 a       128     0     9     1     8
      0.3567833757 a       129     0     9     1     9
      0.9480454491 a       130     0     9     1    10
      0.1176344709 a       131     0     9     1    11
      0.2576198383 a       132     0     9     1    12
     -0.3438755081 a       133     0     9     1    13
     -0.4826524825 a       134     0     9     1    14
     -0.8595692240 a       135     0     9     1    15
      0.2577968328 a       136     0    10     1     1
      0.5946373485 a       137     0    10     1     2
      0.4494341348 a       138     0    10     1     3
      0.1668297333 a       139     0    10     1     4
     -0.6638348601 a       140     0    10     1     5
      0.2776835579 a       141     0    10     1     6
     -0.2457637657 a       142     0    10     1     7
     -0.4213533355 a       143     0    10     1     8
     -0.2425092066 a       144     0    10     1     9
      0.7078873000 a       145     0    10     1    10
     -0.0821619639 a       146     0    10     1    11
     -0.6713116940 a       147     0    10     1    12
     -0.2689418298 a       148     0    10     1    13
     -0.5223445656 a       149     0    10     1    14
     -0.6669590892 a       150     0    10     1    15
      0.6788129455 a       151     0    11     1     1
      0.2354443396 a       152     0    11     1     2
     -0.5195795351 a       153     0    11     1     3
      0.2174905633 a       154     0    11     1     4
     -0.8215275321 a       155     0    11     1     5
     -0.5527768671 a       156     0    11     1     6
      0.2921379776 a       157     0    11     1     7
      0.3492851750 a       158     0    11     1     8
      0.8292896133 a       159     0    11     1     9
     -0.3207606173 a       160     0    11     1    10
     -0.3091272316 a       161     0    11     1    11
      0.9486943370 a       162     0    11     1    12
     -0.5002617547 a       163     0    11     1    13
      0.4612349039 a       164     0    11     1    14
     -0.2188896295 a       165     0    11     1    15
      0.7186893287 a       166     0    12     1     1
     -0.2425408225 a       167     0    12     1     2
      0.3107553146 a       168     0    12     1     3
      0.1362761688 a       169     0    12     1     4
      0.0813552338 a       170     0    12     1     5
      0.7580307127 a       171     0    12     1     6
      0.9217850191 a       172     0    12     1     7
     -0.6818763065 a       173     0    12     1     8
      0.6615474047 a       174     0    12     1     9
     -0.0046277341 a       175     0    12     1    10
     -0.5718375158 a       176     0    12     1    11
      0.4228320270 a       177     0    12     1    12
     -0.3425039317 a       178     0    12     1    13
     -0.2971337602 a       179     0    12     1    14
     -0.7868658948 a       180     0    12     1    15
      0.8361483908 a       181     0    13     1     1
     -0.9845900848 a       182     0    13     1     2
      0.7130920870 a       183     0    13     1     3
     -0.3489903977 a       184     0    13     1     4
      0.0260507879 a       185     0    13     1     5
      0.7479441835 a       186     0    13     1     6
      0.2002265852 a       187     0    13     1     7
     -0.2590875137 a       188     0    13     1     8
      0.0715466487 a       189     0    13     1     9
      0.7756455521 a       190     0    13     1    10
     -0.7173549062 a       191     0    13     1    11
      0.0330897490 a       192     0    13     1    12
      0.3452774855 a       193     0    13     1    13
     -0.5082145745 a       194     0    13     1    14
     -0.7177719304 a       195     0    13     1    15
      0.5892940125 a       196     0    14     1     1
     -0.0535518620 a       197     0    14     1     2
     -0.9198630878 a       198     0    14     1     3
      0.7008431636 a       199     0    14     1     4
     -0.2872650929 a       200     0    14     1     5
      0.0036137028 a       201     0    14     1     6
      0.6406885560 a       202     0    14     1     7
     -0.4586419366 a       203     0    14     1     8
     -0.7725121512 a       204     0    14     1     9
     -0.0327505253 a       205     0    14     1    10
     -0.0371534770 a       206     0    14     1    11
     -0.8046218794 a       207     0    14     1    12
     -0.5249620711 a       208     0    14     1    13
     -0.6424123272 a       209     0    14     1    14
     -0.2126567770 a       210     0    14     1    15
     -0.4122332739 a       211     0    15     1     1
      0.6704419161 a       212     0    15     1     2
      0.2088639220 a       213     0    15     1     3
      0.8667649915 a       214     0    15     1     4
      0.3129642985 a       215     0    15     1     5
      0.4713413152 a       216     0    15     1     6
     -0.4268826028 a       217     0    15     1     7
     -0.3893948579 a       218     0    15     1     8
      0.3936981319 a       219     0    15     1     9
      0.4877535344 a       220     0    15     1    10
      0.4134699251 a       221     0    15     1    11
      0.0349052587 a       222     0    15     1    12
     -0.7570880081 a       223     0    15     1    13
     -0.9763209844 a       224     0    15     1    14
     -0.3622951009 a       225     0    15     1    15
     -0.0750170107 a       226     0    16     1     1
     -0.0184765139 a       227     0    16     1     2
      0.8621256649 a       228     0    16     1     3
     -0.7985962927 a       229     0    16     1     4
      0.1761436353 a       230     0    16     1     5
      0.7877027911 a       231     0    16     1     6
      0.8568525926 a       232     0    16     1     7
      0.3360072670 a       233     0    16     1     8
      0.5484926412 a       234     0    16     1     9
      0.7916002982 a       235     0    16     1    10
      0.3029682374 a       236     0    16     1    11
     -0.2679244209 a       237     0    16     1    12
     -0.0116149218 a       238     0    16     1    13
      0.2849685744 a       239     0    16     1    14
     -1.0141974261 a       240     0    16     1    15
      0.6089387858 a       241     0    17     1     1
      0.5011737505 a       242     0    17     1     2
     -0.8172580848 a       243     0    17     1     3
      0.0380618537 a       244     0    17     1     4
      0.9393440126 a       245     0    17     1     5
      0.7024238646 a       246     0    17     1     6
     -0.8031937460 a       247     0    17     1     7
      0.3983873610 a       248     0    17     1     8
     -0.5086236281 a       249     0    17     1     9
      0.3823205534 a       250     0    17     1    10
     -0.3057408329 a       251     0    17     1    11
      0.7137615901 a       252     0    17     1    12
     -0.3214808203 a       253     0    17     1    13
     -0.7472908468 a       254     0    17     1    14
     -0.5394312565 a       255     0    17     1    15
     -0.8938978393 a       256     0    18     1     1
     -0.1347627713 a       257     0    18     1     2
      0.1350091531 a       258     0    18     1     3
      0.1570720518 a       259     0    18     1     4
     -0.7717063881 a       260     0    18     1     5
      0.4572220033 a       261     0    18     1     6
      0.7514129587 a       262     0    18     1     7
     -0.0185270507 a       263     0    18     1     8
     -0.3802654020 a       264     0    18     1     9
      0.8686107090 a       265     0    18     1    10
      0.9235918461 a       266     0    18     1    11
      0.2310184163 a       267     0    18     1    12
      0.7481459546 a       268     0    18     1    13
      0.8404033896 a       269     0    18     1    14
     -0.6467257684 a       270     0    18     1    15
     -0.4788396871 a       271     0    19     1     1
     -0.4036891501 a       272     0    19     1     2
      0.8250366570 a       273     0    19     1     3
     -0.4583639789 a       274     0    19     1     4
      0.7971390194 a       275     0    19     1     5
     -0.4780252290 a       276     0    19     1     6
      0.4677419705 a       277     0    19     1     7
     -0.6742703838 a       278     0    19     1     8
      0.0350749987 a       279     0    19     1     9
     -0.8813028191 a       280     0    19     1    10
     -0.7743658193 a       281     0    19     1    11
      0.4315284976 a       282     0    19     1    12
      0.2639046446 a       283     0    19     1    13
      0.9607301795 a       284     0    19     1    14
      0.1761648655 a       285     0    19     1    15
      0.9520208170 a       286     0    20     1     1
      0.8830821644 a       287     0    20     1     2
     -0.4658761176 a       288     0    20     1     3
     -0.4458347823 a       289     0    20     1     4
     -0.7596675912 a       290     0    20     1     5
      0.0094762247 a       291     0    20     1     6
      0.3154741632 a       292     0    20     1     7
     -0.9104966573 a       293     0    20     1     8
      0.0546731586 a       294     0    20     1     9
     -0.0309623150 a       295     0    20     1    10
     -0.9448290944 a       296     0    20     1    11
     -0.4843988346 a       297     0    20     1    12
     -0.0236142320 a       298     0    20     1    13
     -0.4352580281 a       299     0    20     1    14
      0.6205124321 a       300     0    20     1    15
     -0.6007780265 a       301     0    21     1     1
     -0.3757126300 a       302     0    21     1     2
     -0.5282824923 a       303     0    21     1     3
      0.1935936460 a       304     0    21     1     4
      0.8598618922 a       305     0    21     1     5
      0.5407698996 a       306     0    21     1     6
     -0.8212379408 a       307     0    21     1     7
     -0.4786816300 a       308     0    21     1     8
      0.0999460242 a       309     0    21     1     9
     -0.7743561015 a       310     0    21     1    10
     -0.5413840912 a       311     0    21     1    11
      0.1110414878 a       312     0    21     1    12
      0.3801441932 a       313     0    21     1    13
     -0.0614530014 a       314     0    21     1    14
      0.4513378091 a       315     0    21     1    15
      0.0081601780 a       316     0    22     1     1
     -0.3213809786 a       317     0    22     1     2
      0.0549573546 a       318     0    22     1     3
      0.5973705617 a       319     0    22     1     4
     -0.8618974337 a       320     0    22     1     5
     -0.5538513674 a       321     0    22     1     6
      0.6412948232 a       322     0    22     1     7
     -0.7653000960 a       323     0    22     1     8
     -0.9161216964 a       324     0    22     1     9
     -0.8384930036 a       325     0    22     1    10
      0.0299609298 a       326     0    22     1    11
     -0.9719396677 a       327     0    22     1    12
     -0.8307818607 a       328     0    22     1    13
     -0.4187526775 a       329     0    22     1    14
     -0.7197007018 a       330     0    22     1    15
     -0.6255404743 a       331     0    23     1     1
      0.0959340099 a       332     0    23     1     2
      0.9361776513 a       333     0    23     1     3
      0.8053060329 a       334     0    23     1     4
     -0.2668865256 a       335     0    23     1     5
      0.8358578784 a       336     0    23     1     6
      0.4026787345 a       337     0    23     1     7
     -0.2175421645 a       338     0    23     1     8
      0.1628511129 a       339     0    23     1     9
     -0.1310363152 a       340     0    23     1    10
     -0.6019725831 a       341     0    23     1    11
     -0.7032961965 a       342     0    23     1    12
     -0.8303305187 a       343     0    23     1    13
      0.6805806736 a       344     0    23     1    14
     -0.9379117808 a       345     0    23     1    15
      0.6170297856 a       346     0    24     1     1
      0.3536638667 a       347     0    24     1     2
     -0.7616750086 a       348     0    24     1     3
      0.2458902072 a       349     0    24     1     4
     -0.1058116884 a       350     0    24     1     5
      0.3800254093 a       351     0    24     1     6
     -0.1612307228 a       352     0    24     1     7
      0.6590854160 a       353     0    24     1     8
     -0.0703184705 a       354     0    24     1     9
     -0.3246057213 a       355     0    24     1    10
     -0.8459726432 a       356     0    24     1    11
     -0.2799221207 a       357     0    24     1    12
     -0.0772780730 a       358     0    24     1    13
     -0.9445049737 a       359     0    24     1    14
      0.2440005680 a       360     0    24     1    15
     -0.1364935463 a       361     0    25     1     1
      0.2042813346 a       362     0    25     1     2
      0.8529269020 a       363     0    25     1     3
      0.0081730640 a       364     0    25     1     4
      0.3818371729 a       365     0    25     1     5
      0.1146179279 a       366     0    25     1     6
     -0.7542135073 a       367     0    25     1     7
      0.2478401859 a       368     0    25     1     8
      0.3153055060 a       369     0    25     1     9
     -0.1743928136 a       370     0    25     1    10
      0.6197174279 a       371     0    25     1    11
      0.1830651731 a       372     0    25     1    12
      0.1270984168 a       373     0    25     1    13
      0.3350592052 a       374     0    25     1    14
      0.8217627180 a       375     0    25     1    15
     -0.1762317321 a       376     0    26     1     1
     -0.5412613163 a       377     0    26     1     2
      0.1907968714 a       378     0    26     1     3
      0.4745867869 a       379     0    26     1     4
     -0.7802654345 a       380     0    26     1     5
     -0.1677044108 a       381     0    26     1     6
     -0.5510006761 a       382     0    26     1     7
     -0.1797273276 a       383     0    26     1     8
      0.3994166359 a       384     0    26     1     9
      0.4397048126 a       385     0    26     1    10
      0.0657803269 a       386     0    26     1    11
      0.5073540257 a       387     0    26     1    12
      0.6291764088 a       388     0    26     1    13
      0.4094319181 a       389     0    26     1    14
      0.8749670418 a       390     0    26     1    15
     -0.2442895612 a       391     0    27     1     1
      0.9717750298 a       392     0    27     1     2
      0.9543710459 a       393     0    27     1     3
     -0.3806075682 a       394     0    27     1     4
      0.8826210638 a       395     0    27     1     5
     -0.7146607432 a       396     0    27     1     6
     -0.1210030677 a       397     0    27     1     7
      0.1812220593 a       398     0    27     1     8
     -0.2051340003 a       399     0    27     1     9
     -0.9608580331 a       400     0    27     1    10
     -0.0357005001 a       401     0    27     1    11
     -0.0972451281 a       402     0    27     1    12
      0.9849266881 a       403     0    27     1    13
      0.3216169802 a       404     0    27     1    14
     -0.2754802089 a       405     0    27     1    15
     -1.0453256494 b       406     1     1
     -0.8040907588 b       407     1     2
     -0.1887003473 b       408     1     3
      0.9862229306 b       409     1     4
      0.9573351804 b       410     1     5
     -0.2776432428 b       411     1     6
      0.6559879209 b       412     1     7
      0.5543256365 b       413     1     8
      0.2974980744 b       414     1     9
     -0.9981132157 b       415     1    10
      0.2125456619 b       416     1    11
     -0.6462299777 b       417     1    12
     -0.8295522523 b       418     1    13
     -1.0410091925 b       419     1    14
      0.2236617064 b       420     1    15
      0.6597326057 a       421     1     1     2     1
      0.7418378395 a       422     1     1     2     2
     -0.9414348899 a       423     1     1     2     3
      0.6379582326 a       424     1     1     2     4
     -0.4698730469 a       425     1     1     2     5
     -0.9293230459 a       426     1     1     2     6
      0.6329838762 a       427     1     1     2     7
     -0.3818892666 a       428     1     1     2     8
      0.4449230622 a       429     1     1     2     9
     -0.2444114005 a       430     1     1     2    10
     -0.9563320795 a       431     1     1     2    11
     -0.3175769659 a       432     1     1     2    12
      0.4126933793 a       433     1     1     2    13
     -0.9930506662 a       434     1     1     2    14
     -0.0259551197 a       435     1     1     2    15
     -0.1124297913 a       436     1     2     2     1
     -0.4903268964 a       437     1     2     2     2
     -0.0591574273 a       438     1     2     2     3
      0.9881301465 a       439     1     2     2     4
     -0.5446241437 a       440     1     2     2     5
      0.1453819840 a       441     1     2     2     6
      0.3276213990 a       442     1     2     2     7
     -0.2109407186 a       443     1     2     2     8
      0.6458521394 a       444     1     2     2     9
     -0.1222098626 a       445     1     2     2    10
      0.4364075676 a       446     1     2     2    11
      0.9738418455 a       447     1     2     2    12
      0.6636150992 a       448     1     2     2    13
     -0.8647837635 a       449     1     2     2    14
     -0.5254418375 a       450     1     2     2    15
      0.5078734987 a       451     1     3     2     1
     -0.6974868585 a       452     1     3     2     2
      0.4560769513 a       453     1     3     2     3
     -0.3090776459 a       454     1     3     2     4
     -0.3914627786 a       455     1     3     2     5
      0.7510505778 a       456     1     3     2     6
     -0.8559019308 a       457     1     3     2     7
     -0.4041205528 a       458     1     3     2     8
      0.8259537406 a       459     1     3     2     9
      0.4352131697 a       460     1     3     2    10
      0.0326628869 a       461     1     3     2    11
     -0.0817259062 a       462     1     3     2    12
     -0.6994840883 a       463     1     3     2    13
     -0.6353384772 a       464     1     3     2    14
     -0.8694127909 a       465     1     3     2    15
     -0.0388322441 a       466     1     4     2     1
     -0.5281985528 a       467     1     4     2     2
      0.2959392138 a       468     1     4     2     3
     -0.1656216809 a       469     1     4     2     4
      0.3256191918 a       470     1     4     2     5
      0.3618638399 a       471     1     4     2     6
     -0.9119474846 a       472     1     4     2     7
     -0.8707420151 a       473     1     4     2     8
      0.8998993911 a       474     1     4     2     9
      0.7883105641 a       475     1     4     2    10
     -0.6016879036 a       476     1     4     2    11
      0.6068394545 a       477     1     4     2    12
     -0.6183436362 a       478     1     4     2    13
     -0.2530581248 a       479     1     4     2    14
     -0.0932383739 a       480     1     4     2    15
      0.3609651067 a       481     1     5     2     1
      0.8018959592 a       482     1     5     2     2
      0.8850761044 a       483     1     5     2     3
     -0.5969843799 a       484     1     5     2     4
      0.8490027754 a       485     1     5     2     5
     -0.9537220608 a       486     1     5     2     6
     -0.1830154416 a       487     1     5     2     7
      0.8356398668 a       488     1     5     2     8
     -0.8702356415 a       489     1     5     2     9
     -0.9635237670 a       490     1     5     2    10
     -0.1028955880 a       491     1     5     2    11
      0.5304812879 a       492     1     5     2    12
      0.3357500484 a       493     1     5     2    13
     -0.5262796404 a       494     1     5     2    14
      0.1517562009 a       495     1     5     2    15
     -0.8538808346 a       496     1     6     2     1
     -0.8183000152 a       497     1     6     2     2
     -0.6974647139 a       498     1     6     2     3
     -0.9824593264 a       499     1     6     2     4
      0.1535314732 a       500     1     6     2     5
      0.8121195087 a       501     1     6     2     6
      0.7175459912 a       502     1     6     2     7
      0.6830306367 a       503     1     6     2     8
      0.2809405754 a       504     1     6     2     9
     -0.2022444908 a       505     1     6     2    10
      0.7400499294 a       506     1     6     2    11
     -0.5784306472 a       507     1     6     2    12
      0.3685230493 a       508     1     6     2    13
     -0.4824165164 a       509     1     6     2    14
     -0.4352985480 a       510     1     6     2    15
      0.6315262674 a       511     1     7     2     1
     -0.3817559478 a       512     1     7     2     2
      0.3204926121 a       513     1     7     2     3
      0.3370822309 a       514     1     7     2     4
     -0.2655221623 a       515     1     7     2     5
      0.1701085475 a       516     1     7     2     6
     -0.7886483143 a       517     1     7     2     7
      0.3215848665 a       518     1     7     2     8
      0.6232335702 a       519     1     7     2     9
     -0.9449006233 a       520     1     7     2    10
     -0.4550880643 a       521     1     7     2    11
      0.6096162683 a       522     1     7     2    12
      0.9156730336 a       523     1     7     2    13
     -0.8010122679 a       524     1     7     2    14
      0.0737886974 a       525     1     7     2    15
     -0.5345049582 a       526     1     8     2     1
      0.3526610151 a       527     1     8     2     2
     -0.6213346443 a       528     1     8     2     3
     -0.3114446763 a       529     1     8     2     4
      0.8839403628 a       530     1     8     2     5
      0.1245914983 a       531     1     8     2     6
     -0.6225276924 a       532     1     8     2     7
      0.7593198202 a       533     1     8     2     8
      0.4448995380 a       534     1     8     2     9
      0.9470297059 a       535     1     8     2    10
     -0.5610716255 a       536     1     8     2    11
     -0.0545917954 a       537     1     8     2    12
     -0.4154323896 a       538     1     8     2    13
     -0.5938283050 a       539     1     8     2    14
      0.4486137036 a       540     1     8     2    15
      0.2889192161 a       541     1     9     2     1
      0.8038311928 a       542     1     9     2     2
      0.5606399461 a       543     1     9     2     3
     -0.9921277292 a       544     1     9     2     4
     -0.6162008084 a       545     1     9     2     5
      0.2193384128 a       546     1     9     2     6
      0.7496856835 a       547     1     9     2     7
     -0.9584283336 a       548     1     9     2     8
     -0.8863917335 a       549     1     9     2     9
      0.6620139255 a       550     1     9     2    10
     -0.3892748658 a       551     1     9     2    11
     -0.9086014195 a       552     1     9     2    12
     -0.7786787778 a       553     1     9     2    13
     -0.1360317025 a       554     1     9     2    14
      0.8927703248 a       555     1     9     2    15
     -1.0327855075 a       556     1    10     2     1
      0.5586731373 a       557     1    10     2     2
     -0.5576005193 a       558     1    10     2     3
     -0.8040409315 a       559     1    10     2     4
      0.9402923916 a       560     1    10     2     5
      0.8603802193 a       561     1    10     2     6
      0.3087633530 a       562     1    10     2     7
      0.8985244611 a       563     1    10     2     8
     -0.9105123712 a       564     1    10     2     9
     -0.6778814753 a       565     1    10     2    10
      0.8820434615 a       566     1    10     2    11
     -0.3745637693 a       567     1    10     2    12
      0.6437552377 a       568     1    10     2    13
      0.1334226373 a       569     1    10     2    14
     -0.4354340901 a       570     1    10     2    15
      0.6351909015 a       571     1    11     2     1
     -0.1519078581 a       572     1    11     2     2
      0.4112414542 a       573     1    11     2     3
     -0.8364148301 a       574     1    11     2     4
     -0.4927269702 a       575     1    11     2     5
     -0.6982784061 a       576     1    11     2     6
     -0.1146255994 a       577     1    11     2     7
     -0.9685707078 a       578     1    11     2     8
     -0.8016184860 a       579     1    11     2     9
      0.7233402979 a       580     1    11     2    10
     -0.9166591514 a       581     1    11     2    11
      0.1463139523 a       582     1    11     2    12
     -0.4734007982 a       583     1    11     2    13
      0.8232118594 a       584     1    11     2    14
      0.9993715087 a       585     1    11     2    15
     -0.7787069144 a       586     1    12     2     1
     -0.6908992895 a       587     1    12     2     2
      0.5115655883 a       588     1    12     2     3
     -0.1496529609 a       589     1    12     2     4
      0.8282658576 a       590     1    12     2     5
      0.6804313139 a       591     1    12     2     6
      0.6546540991 a       592     1    12     2     7
     -0.2033417837 a       593     1    12     2     8
     -0.4966811758 a       594     1    12     2     9
     -0.1431113798 a       595     1    12     2    10
     -0.1739213782 a       596     1    12     2    11
     -0.7656063642 a       597     1    12     2    12
      0.7099213988 a       598     1    12     2    13
     -0.7989210771 a       599     1    12     2    14
     -0.9493137673 a       600     1    12     2    15
      0.6807152168 a       601     1    13     2     1
      0.0205409876 a       602     1    13     2     2
     -0.7583296626 a       603     1    13     2     3
      0.4416560023 a       604     1    13     2     4
     -0.4721606388 a       605     1    13     2     5
     -0.3117332946 a       606     1    13     2     6
     -0.7129333183 a       607     1    13     2     7
      0.8456106512 a       608     1    13     2     8
      0.8986446556 a       609     1    13     2     9
      0.7684360897 a       610     1    13     2    10
      0.5759402403 a       611     1    13     2    11
     -0.2535731279 a       612     1    13     2    12
      0.4089171479 a       613     1    13     2    13
     -0.1004871948 a       614     1    13     2    14
      0.0035419330 a       615     1    13     2    15
     -0.9257314339 a       616     1    14     2     1
      0.0931293833 a       617     1    14     2     2
     -0.5473751956 a       618     1    14     2     3
      0.8286091362 a       619     1    14     2     4
     -0.2499561258 a       620     1    14     2     5
      0.8604909069 a       621     1    14     2     6
      0.8892402270 a       622     1    14     2     7
      0.8377485519 a       623     1    14     2     8
      0.6537422707 a       624     1    14     2     9
      0.0753368895 a       625     1    14     2    10
      0.3465598816 a       626     1    14     2    11
     -0.5830826884 a       627     1    14     2    12
      0.8476573858 a       628     1    14     2    13
     -0.9192378759 a       629     1    14     2    14
      0.2865459308 a       630     1    14     2    15
      0.4102983013 a       631     1    15     2     1
     -0.8904733710 a       632     1    15     2     2
     -0.4467314319 a       633     1    15     2     3
     -0.1567695530 a       634     1    15     2     4
     -0.0293015360 a       635     1    15     2     5
     -0.1944472647 a       636     1    15     2     6
     -0.3028361011 a       637     1    15     2     7
     -0.8547022951 a       638     1    15     2     8
      0.3785234346 a       639     1    15     2     9
     -0.3712926022 a       640     1    15     2    10
     -0.2931693882 a       641     1    15     2    11
      0.6020671035 a       642     1    15     2    12
      0.5868286550 a       643     1    15     2    13
     -0.5023004901 a       644     1    15     2    14
      0.3834610802 a       645     1    15     2    15
      0.3417277741 b       646     2     1
      0.8533191946 b       647     2     2
     -0.9389181090 b       648     2     3
     -1.0044808548 b       649     2     4
      0.8664898093 b       650     2     5
      0.6941507662 b       651     2     6
     -0.9011905078 b       652     2     7
     -0.6253938187 b       653     2     8
      0.9053467779 b       654     2     9
      0.0464711331 b       655     2    10
     -0.9023428628 b       656     2    11
      0.6587766071 b       657     2    12
      0.3053472484 b       658     2    13
     -0.5070589417 b       659     2    14
      0.3519820400 b       660     2    15
      0.4101653068 a       661     2     1     3     1
     -1.0514015286 a       662     2     2     3     1
      0.1530073463 a       663     2     3     3     1
      0.2121306805 a       664     2     4     3     1
      0.1508964371 a       665     2     5     3     1
     -0.0176287234 a       666     2     6     3     1
     -0.1901194744 a       667     2     7     3     1
      0.6959528986 a       668     2     8     3     1
     -0.3216536973 a       669     2     9     3     1
     -0.1481065240 a       670     2    10     3     1
      0.9639558350 a       671     2    11     3     1
     -0.9843160441 a       672     2    12     3     1
      0.3418295814 a       673     2    13     3     1
     -0.6102173438 a       674     2    14     3     1
      0.9453438321 a       675     2    15     3     1
     -0.5679937712 b       676     3     1
