     -0.0366161243 a         1     0     1     1     1
      0.4383464226 a         2     0     1     1     2
      0.0559717068 a         3     0     1     1     3
     -0.3735563885 a         4     0     1     1     4
     -0.2046020021 a         5     0     1     1     5
      0.2353160949 a         6     0     1     1     6
     -0.1198647206 a         7     0     1     1     7
      0.1913596552 a         8     0     1     1     8
     -0.3577594386 a         9     0     1     1     9
      0.0155496153 a        10     0     1     1    10
     -0.0550666970 a        11     0     1     1    11
      0.0556850387 a        12     0     1     1    12
     -0.3451547899 a        13     0     1     1    13
     -0.1022299760 a        14     0     1     1    14
      0.1878505786 a        15     0     1     1    15
      0.0239569460 a        16     0     1     1    16
      0.1305199918 a        17     0     1     1    17
     -0.3594234161 a        18     0     1     1    18
     -0.2865019682 a        19     0     1     1    19
     -0.0908578864 a        20     0     1     1    20
     -0.2482092843 a        21     0     2     1     1
      0.2341265481 a        22     0     2     1     2
      0.0956886196 a        23     0     2     1     3
     -0.2010125313 a        24     0     2     1     4
     -0.3464699069 a        25     0     2     1     5
     -0.4238153679 a        26     0     2     1     6
      0.1209237458 a        27     0     2     1     7
      0.3733235192 a        28     0     2     1     8
     -0.1120163008 a        29     0     2     1     9
     -0.2110257628 a        30     0     2     1    10
      0.2924126312 a        31     0     2     1    11
     -0.3137558383 a        32     0     2     1    12
      0.0802355906 a        33     0     2     1    13
      0.0332722100 a        34     0     2     1    14
      0.5287341074 a        35     0     2     1    15
     -0.2358839747 a        36     0     2     1    16
      0.2715373885 a        37     0     2     1    17
      0.1675574497 a        38     0     2     1    18
     -0.1505927671 a        39     0     2     1    19
      0.2983459378 a        40     0     2     1    20
     -0.0749524711 a        41     0     3     1     1
     -0.0096332219 a        42     0     3     1     2
      0.3812553194 a        43     0     3     1     3
      0.3793520871 a        44     0     3     1     4
     -0.0318120992 a        45     0     3     1     5
      0.1438181435 a        46     0     3     1     6
      0.4775200434 a        47     0     3     1     7
      0.4287648782 a        48     0     3     1     8
      0.1409603966 a        49     0     3     1     9
      0.1231517782 a        50     0     3     1    10
     -0.3980595615 a        51     0     3     1    11
     -0.3159278483 a        52     0     3     1    12
     -0.1268660539 a        53     0     3     1    13
      0.0871071429 a        54     0     3     1    14
     -0.2234618538 a        55     0     3     1    15
     -0.3602996637 a        56     0     3     1    16
     -0.0698194411 a        57     0     3     1    17
      0.1114394338 a        58     0     3     1    18
      0.1908654248 a        59     0     3     1    19
      0.0235659097 a        60     0     3     1    20
     -0.0140189899 a        61     0     4     1     1
     -0.2967585059 a        62     0     4     1     2
     -0.2698575969 a        63     0     4     1     3
     -0.2564201427 a        64     0     4     1     4
      0.2146580498 a        65     0     4     1     5
     -0.2166572529 a        66     0     4     1     6
      0.3150091320 a        67     0     4     1     7
     -0.2107161388 a        68     0     4     1     8
      0.0442117658 a        69     0     4     1     9
      0.2246385827 a        70     0     4     1    10
     -0.3068829042 a        71     0     4     1    11
     -0.2693014799 a        72     0     4     1    12
      0.3704386525 a        73     0     4     1    13
     -0.4713771937 a        74     0     4     1    14
      0.1396242143 a        75     0     4     1    15
      0.4494709765 a        76     0     4     1    16
     -0.3824853821 a        77     0     4     1    17
     -0.4008096027 a        78     0     4     1    18
     -0.3520264493 a        79     0     4     1    19
      0.2034482440 a        80     0     4     1    20
     -0.0966363558 a        81     0     5     1     1
     -0.1898116041 a        82     0     5     1     2
      0.3398632753 a        83     0     5     1     3
     -0.4243840464 a        84     0     5     1     4
      0.1613393911 a        85     0     5     1     5
     -0.4087995476 a        86     0     5     1     6
      0.1746318154 a        87     0     5     1     7
     -0.1078443317 a        88     0     5     1     8
     -0.4375491220 a        89     0     5     1     9
     -0.3036137204 a        90     0     5     1    10
     -0.0173639185 a        91     0     5     1    11
     -0.2612501649 a        92     0     5     1    12
      0.0028595549 a        93     0     5     1    13
     -0.3667814094 a        94     0     5     1    14
     -0.3761344216 a        95     0     5     1    15
     -0.0606467780 a        96     0     5     1    16
     -0.2513189228 a        97     0     5     1    17
     -0.0692456832 a        98     0     5     1    18
     -0.3872709671 a        99     0     5     1    19
     -0.1467521117 a       100     0     5     1    20
     -0.2388917607 a       101     0     6     1     1
      0.3678222296 a       102     0     6     1     2
     -0.0679812848 a       103     0     6     1     3
      0.3511509668 a       104     0     6     1     4
      0.4479270991 a       105     0     6     1     5
      0.3708256447 a       106     0     6     1     6
     -0.0409964132 a       107     0     6     1     7
      0.1551240294 a       108     0     6     1     8
     -0.2017535674 a       109     0     6     1     9
      0.1233308385 a       110     0     6     1    10
     -0.4453920632 a       111     0     6     1    11
     -0.3671526483 a       112     0     6     1    12
      0.1863497666 a       113     0     6     1    13
      0.4998057907 a       114     0     6     1    14
     -0.5262833194 a       115     0     6     1    15
      0.3983298134 a       116     0     6     1    16
     -0.1420734104 a       117     0     6     1    17
      0.3750616743 a       118     0     6     1    18
     -0.2893529904 a       119     0     6     1    19
     -0.4437040366 a       120     0     6     1    20
     -0.1377002224 a       121     0     7     1     1
     -0.3967830452 a       122     0     7     1     2
     -0.4556641666 a       123     0     7     1     3
     -0.0650501513 a       124     0     7     1     4
      0.2638447021 a       125     0     7     1     5
      0.0994457114 a       126     0     7     1     6
      0.1192342026 a       127     0     7     1     7
      0.4679502085 a       128     0     7     1     8
     -0.1904186221 a       129     0     7     1     9
      0.3153702232 a       130     0     7     1    10
      0.4592130661 a       131     0     7     1    11
     -0.4378041813 a       132     0     7     1    12
     -0.0911054591 a       133     0     7     1    13
      0.1194061479 a       134     0     7     1    14
      0.1836833513 a       135     0     7     1    15
     -0.1534483023 a       136     0     7     1    16
     -0.2708405573 a       137     0     7     1    17
      0.3820537085 a       138     0     7     1    18
      0.2113371819 a       139     0     7     1    19
      0.3702363964 a       140     0     7     1    20
     -0.2880712388 a       141     0     8     1     1
     -0.2520080056 a       142     0     8     1     2
     -0.2689505975 a       143     0     8     1     3
     -0.0132450593 a       144     0     8     1     4
     -0.4529834114 a       145     0     8     1     5
     -0.1110009271 a       146     0     8     1     6
     -0.1098439845 a       147     0     8     1     7
      0.0137662108 a       148     0     8     1     8
     -0.2537600161 a       149     0     8     1     9
      0.2203552959 a       150     0     8     1    10
     -0.3882795248 a       151     0     8     1    11
     -0.1801133071 a       152     0     8     1    12
     -0.3153410260 a       153     0     8     1    13
     -0.3612615243 a       154     0     8     1    14
      0.2026964614 a       155     0     8     1    15
      0.1364768627 a       156     0     8     1    16
      0.2874781336 a       157     0     8     1    17
     -0.3766077154 a       158     0     8     1    18
      0.3822966221 a       159     0     8     1    19
      0.4302400064 a       160     0     8     1    20
      0.3900879451 a       161     0     9     1     1
     -0.0207321837 a       162     0     9     1     2
     -0.2645828348 a       163     0     9     1     3
     -0.1027800156 a       164     0     9     1     4
     -0.0191414674 a       165     0     9     1     5
     -0.3740757900 a       166     0     9     1     6
      0.1702766695 a       167     0     9     1     7
     -0.3588522831 a       168     0     9     1     8
      0.3050469631 a       169     0     9     1     9
      0.4239355394 a       170     0     9     1    10
     -0.1199201920 a       171     0     9     1    11
     -0.2649670674 a       172     0     9     1    12
     -0.4151262355 a       173     0     9     1    13
      0.3592659060 a       174     0     9     1    14
      0.4671482630 a       175     0     9     1    15
     -0.4225517247 a       176     0     9     1    16
      0.4130861077 a       177     0     9     1    17
     -0.3676836046 a       178     0     9     1    18
     -0.3804430774 a       179     0     9     1    19
     -0.0788240646 a       180     0     9     1    20
     -0.2083235000 a       181     0    10     1     1
      0.2867460331 a       182     0    10     1     2
     -0.4641752030 a       183     0    10     1     3
      0.0039315269 a       184     0    10     1     4
      0.3162131505 a       185     0    10     1     5
     -0.0109180177 a       186     0    10     1     6
     -0.0819809803 a       187     0    10     1     7
      0.1155641402 a       188     0    10     1     8
     -0.1775956966 a       189     0    10     1     9
      0.3626236794 a       190     0    10     1    10
     -0.3278355301 a       191     0    10     1    11
     -0.2923915543 a       192     0    10     1    12
      0.2322553558 a       193     0    10     1    13
     -0.3178222656 a       194     0    10     1    14
     -0.0081260455 a       195     0    10     1    15
      0.2785060542 a       196     0    10     1    16
      0.0053911007 a       197     0    10     1    17
      0.2320934806 a       198     0    10     1    18
      0.2116751434 a       199     0    10     1    19
      0.3822386834 a       200     0    10     1    20
     -0.0868537798 a       201     0    11     1     1
     -0.0608319044 a       202     0    11     1     2
      0.1032605653 a       203     0    11     1     3
      0.2707349765 a       204     0    11     1     4
      0.2262084070 a       205     0    11     1     5
     -0.1316967486 a       206     0    11     1     6
      0.1901473482 a       207     0    11     1     7
     -0.4449605418 a       208     0    11     1     8
     -0.2988091074 a       209     0    11     1     9
      0.2193318757 a       210     0    11     1    10
      0.2018661950 a       211     0    11     1    11
     -0.3644085266 a       212     0    11     1    12
     -0.3060048371 a       213     0    11     1    13
     -0.4744424268 a       214     0    11     1    14
      0.4512047849 a       215     0    11     1    15
      0.1051734972 a       216     0    11     1    16
     -0.4756426545 a       217     0    11     1    17
      0.4365566618 a       218     0    11     1    18
     -0.2145667467 a       219     0    11     1    19
     -0.0637970010 a       220     0    11     1    20
      0.3728398897 a       221     0    12     1     1
     -0.1070783911 a       222     0    12     1     2
     -0.2091065789 a       223     0    12     1     3
      0.0673484281 a       224     0    12     1     4
      0.0032038046 a       225     0    12     1     5
     -0.0365016581 a       226     0    12     1     6
     -0.4772264128 a       227     0    12     1     7
      0.0091738188 a       228     0    12     1     8
      0.2495904758 a       229     0    12     1     9
      0.0323454666 a       230     0    12     1    10
     -0.1807310583 a       231     0    12     1    11
      0.2748270815 a       232     0    12     1    12
      0.1683637003 a       233     0    12     1    13
      0.4292660998 a       234     0    12     1    14
      0.2689927434 a       235     0    12     1    15
     -0.2464148484 a       236     0    12     1    16
     -0.2662120632 a       237     0    12     1    17
     -0.1025580226 a       238     0    12     1    18
     -0.3748399224 a       239     0    12     1    19
      0.2687342340 a       240     0    12     1    20
      0.2846503552 a       241     0    13     1     1
      0.0875567177 a       242     0    13     1     2
      0.0942129233 a       243     0    13     1     3
      0.4675986322 a       244     0    13     1     4
     -0.0614472774 a       245     0    13     1     5
      0.4475529460 a       246     0    13     1     6
     -0.1007657286 a       247     0    13     1     7
      0.1917666914 a       248     0    13     1     8
     -0.4660234065 a       249     0    13     1     9
     -0.4372754199 a       250     0    13     1    10
     -0.2061365441 a       251     0    13     1    11
     -0.1519951271 a       252     0    13     1    12
     -0.3722342109 a       253     0    13     1    13
     -0.2537579878 a       254     0    13     1    14
      0.1109472712 a       255     0    13     1    15
     -0.1771595199 a       256     0    13     1    16
     -0.0827160223 a       257     0    13     1    17
     -0.1845366148 a       258     0    13     1    18
      0.2619924551 a       259     0    13     1    19
      0.1480286800 a       260     0    13     1    20
      0.4194996041 a       261     0    14     1     1
      0.4100528371 a       262     0    14     1     2
      0.2931858086 a       263     0    14     1     3
     -0.2205047523 a       264     0    14     1     4
     -0.3946939773 a       265     0    14     1     5
      0.3766291814 a       266     0    14     1     6
      0.2284271708 a       267     0    14     1     7
     -0.4038737093 a       268     0    14     1     8
      0.4056643682 a       269     0    14     1     9
      0.0265584707 a       270     0    14     1    10
      0.0282798676 a       271     0    14     1    11
     -0.4098134727 a       272     0    14     1    12
     -0.1079114068 a       273     0    14     1    13
     -0.4947528806 a       274     0    14     1    14
      0.2511628668 a       275     0    14     1    15
     -0.0124342858 a       276     0    14     1    16
      0.2900334143 a       277     0    14     1    17
      0.2186224348 a       278     0    14     1    18
     -0.0574456775 a       279     0    14     1    19
      0.1358260122 a       280     0    14     1    20
     -0.4329735271 a       281     0    15     1     1
      0.0978982736 a       282     0    15     1     2
      0.1000529120 a       283     0    15     1     3
      0.2871138452 a       284     0    15     1     4
     -0.3239118072 a       285     0    15     1     5
      0.0361405205 a       286     0    15     1     6
      0.2890859148 a       287     0    15     1     7
      0.2352643722 a       288     0    15     1     8
      0.3290398894 a       289     0    15     1     9
      0.4781253874 a       290     0    15     1    10
      0.2682670188 a       291     0    15     1    11
     -0.0075231194 a       292     0    15     1    12
     -0.4080272435 a       293     0    15     1    13
     -0.2861262127 a       294     0    15     1    14
     -0.2548087371 a       295     0    15     1    15
      0.3584771084 a       296     0    15     1    16
      0.3121401293 a       297     0    15     1    17
      0.3703938759 a       298     0    15     1    18
      0.0693959889 a       299     0    15     1    19
      0.2730665358 a       300     0    15     1    20
      0.3811128136 a       301     0    16     1     1
      0.0929726004 a       302     0    16     1     2
      0.3243863465 a       303     0    16     1     3
     -0.4475695385 a       304     0    16     1     4
     -0.2120736217 a       305     0    16     1     5
     -0.1008311160 a       306     0    16     1     6
     -0.4092091639 a       307     0    16     1     7
     -0.1244228151 a       308     0    16     1     8
      0.2185880716 a       309     0    16     1     9
     -0.1751074679 a       310     0    16     1    10
     -0.0457241672 a       311     0    16     1    11
      0.2323574947 a       312     0    16     1    12
      0.2197635598 a       313     0    16     1    13
      0.0358858712 a       314     0    16     1    14
      0.1297332592 a       315     0    16     1    15
     -0.3925009613 a       316     0    16     1    16
     -0.0650576370 a       317     0    16     1    17
     -0.0793010444 a       318     0    16     1    18
      0.3348378937 a       319     0    16     1    19
     -0.4206974762 a       320     0    16     1    20
      0.0690443744 a       321     0    17     1     1
      0.3716189010 a       322     0    17     1     2
      0.2234899729 a       323     0    17     1     3
     -0.1389096991 a       324     0    17     1     4
      0.3247777881 a       325     0    17     1     5
      0.2719389724 a       326     0    17     1     6
      0.2668642362 a       327     0    17     1     7
      0.3174124431 a       328     0    17     1     8
      0.2771307082 a       329     0    17     1     9
      0.0769660347 a       330     0    17     1    10
     -0.0811944737 a       331     0    17     1    11
     -0.0820581618 a       332     0    17     1    12
     -0.1426805780 a       333     0    17     1    13
     -0.2896164265 a       334     0    17     1    14
      0.1520469201 a       335     0    17     1    15
     -0.4184593508 a       336     0    17     1    16
      0.1480274539 a       337     0    17     1    17
      0.2861975203 a       338     0    17     1    18
      0.4639625260 a       339     0    17     1    19
     -0.2128690583 a       340     0    17     1    20
     -0.0881730604 a       341     0    18     1     1
     -0.1651621551 a       342     0    18     1     2
      0.0075342677 a       343     0    18     1     3
     -0.2445527067 a       344     0    18     1     4
     -0.1553794658 a       345     0    18     1     5
     -0.0778345916 a       346     0    18     1     6
     -0.4353150505 a       347     0    18     1     7
      0.3509010700 a       348     0    18     1     8
     -0.1094040246 a       349     0    18     1     9
      0.0928576839 a       350     0    18     1    10
      0.3379669243 a       351     0    18     1    11
      0.0496999177 a       352     0    18     1    12
      0.4379191727 a       353     0    18     1    13
     -0.0708315301 a       354     0    18     1    14
     -0.0915289992 a       355     0    18     1    15
      0.0986027765 a       356     0    18     1    16
     -0.4001951777 a       357     0    18     1    17
     -0.3464826601 a       358     0    18     1    18
      0.3112604036 a       359     0    18     1    19
     -0.2901085999 a       360     0    18     1    20
     -0.3066029013 a       361     0    19     1     1
     -0.3705928723 a       362     0    19     1     2
      0.3867944052 a       363     0    19     1     3
     -0.3354831253 a       364     0    19     1     4
      0.2593721915 a       365     0    19     1     5
      0.1481142936 a       366     0    19     1     6
     -0.0756744020 a       367     0    19     1     7
     -0.1857367474 a       368     0    19     1     8
     -0.1829971959 a       369     0    19     1     9
      0.1468106441 a       370     0    19     1    10
      0.4566340843 a       371     0    19     1    11
      0.1425167295 a       372     0    19     1    12
      0.1186617015 a       373     0    19     1    13
      0.1617114777 a       374     0    19     1    14
      0.0994974682 a       375     0    19     1    15
     -0.3352309614 a       376     0    19     1    16
      0.0673465998 a       377     0    19     1    17
     -0.3806405041 a       378     0    19     1    18
      0.0181043238 a       379     0    19     1    19
      0.0850875624 a       380     0    19     1    20
     -0.3653432549 a       381     0    20     1     1
     -0.0739156667 a       382     0    20     1     2
      0.4795313106 a       383     0    20     1     3
     -0.3026813469 a       384     0    20     1     4
      0.2960533787 a       385     0    20     1     5
     -0.3792898967 a       386     0    20     1     6
      0.1951140021 a       387     0    20     1     7
     -0.3938588327 a       388     0    20     1     8
      0.0656145544 a       389     0    20     1     9
     -0.4311388268 a       390     0    20     1    10
      0.4441665208 a       391     0    20     1    11
     -0.3349978478 a       392     0    20     1    12
     -0.3329563384 a       393     0    20     1    13
     -0.4078658495 a       394     0    20     1    14
     -0.0772222009 a       395     0    20     1    15
      0.4244751274 a       396     0    20     1    16
      0.2247639984 a       397     0    20     1    17
      0.3203900050 a       398     0    20     1    18
     -0.3445619659 a       399     0    20     1    19
     -0.4292697682 a       400     0    20     1    20
      0.3054807564 a       401     0    21     1     1
      0.0391517118 a       402     0    21     1     2
      0.3372853667 a       403     0    21     1     3
     -0.3323195921 a       404     0    21     1     4
      0.3327750195 a       405     0    21     1     5
     -0.0893223584 a       406     0    21     1     6
     -0.3948270980 a       407     0    21     1     7
      0.0489544334 a       408     0    21     1     8
     -0.2215495064 a       409     0    21     1     9
     -0.3156842594 a       410     0    21     1    10
     -0.1303482944 a       411     0    21     1    11
      0.2125117878 a       412     0    21     1    12
     -0.0303497976 a       413     0    21     1    13
      0.0867084180 a       414     0    21     1    14
     -0.2549816463 a       415     0    21     1    15
     -0.3498679719 a       416     0    21     1    16
      0.4458404753 a       417     0    21     1    17
     -0.0413862711 a       418     0    21     1    18
     -0.0096070339 a       419     0    21     1    19
      0.0259938995 a       420     0    21     1    20
      0.4398050121 a       421     0    22     1     1
     -0.4438517299 a       422     0    22     1     2
      0.3655499563 a       423     0    22     1     3
     -0.0075044034 a       424     0    22     1     4
     -0.1250336336 a       425     0    22     1     5
      0.1208119917 a       426     0    22     1     6
      0.4413013801 a       427     0    22     1     7
     -0.0472004366 a       428     0    22     1     8
      0.1884819539 a       429     0    22     1     9
     -0.0177494549 a       430     0    22     1    10
     -0.1708548966 a       431     0    22     1    11
      0.4431245552 a       432     0    22     1    12
     -0.4614421186 a       433     0    22     1    13
     -0.0577314036 a       434     0    22     1    14
     -0.2727627647 a       435     0    22     1    15
      0.1633480593 a       436     0    22     1    16
      0.4218287979 a       437     0    22     1    17
     -0.2566387822 a       438     0    22     1    18
     -0.2895747826 a       439     0    22     1    19
     -0.0951019500 a       440     0    22     1    20
      0.0192531644 a       441     0    23     1     1
     -0.3777919307 a       442     0    23     1     2
      0.0054577555 a       443     0    23     1     3
     -0.2972496016 a       444     0    23     1     4
      0.4415957356 a       445     0    23     1     5
      0.4529580515 a       446     0    23     1     6
      0.0609491395 a       447     0    23     1     7
      0.4666328599 a       448     0    23     1     8
     -0.2134038084 a       449     0    23     1     9
      0.4145484015 a       450     0    23     1    10
     -0.0907682516 a       451     0    23     1    11
     -0.1590679110 a       452     0    23     1    12
      0.3634029421 a       453     0    23     1    13
      0.2367873522 a       454     0    23     1    14
     -0.2151996190 a       455     0    23     1    15
      0.2262730247 a       456     0    23     1    16
      0.2665107151 a       457     0    23     1    17
      0.1067377593 a       458     0    23     1    18
     -0.2454259783 a       459     0    23     1    19
      0.2158727999 a       460     0    23     1    20
      0.2355873022 a       461     0    24     1     1
      0.1025014551 a       462     0    24     1     2
     -0.0589036714 a       463     0    24     1     3
      0.4560055230 a       464     0    24     1     4
      0.2950967044 a       465     0    24     1     5
     -0.3971238890 a       466     0    24     1     6
      0.2364380453 a       467     0    24     1     7
      0.1601696688 a       468     0    24     1     8
     -0.0463489434 a       469     0    24     1     9
     -0.0801098878 a       470     0    24     1    10
      0.2809286758 a       471     0    24     1    11
      0.1999370202 a       472     0    24     1    12
      0.1691792232 a       473     0    24     1    13
     -0.0954059111 a       474     0    24     1    14
     -0.4836410316 a       475     0    24     1    15
     -0.3816861133 a       476     0    24     1    16
      0.1468267942 a       477     0    24     1    17
     -0.1081856496 a       478     0    24     1    18
     -0.3965716403 a       479     0    24     1    19
      0.3795693610 a       480     0    24     1    20
      0.4037380197 a       481     0    25     1     1
      0.4395256239 a       482     0    25     1     2
     -0.2744652810 a       483     0    25     1     3
     -0.3748472942 a       484     0    25     1     4
      0.3769244322 a       485     0    25     1     5
     -0.3812087365 a       486     0    25     1     6
      0.2116823736 a       487     0    25     1     7
     -0.1561849161 a       488     0    25     1     8
     -0.2159251853 a       489     0    25     1     9
      0.3364347730 a       490     0    25     1    10
      0.2683214803 a       491     0    25     1    11
      0.1617567422 a       492     0    25     1    12
     -0.1330308234 a       493     0    25     1    13
      0.1339335376 a       494     0    25     1    14
      0.0743549473 a       495     0    25     1    15
      0.2259344815 a       496     0    25     1    16
      0.0700189866 a       497     0    25     1    17
     -0.2223813471 a       498     0    25     1    18
      0.0511910173 a       499     0    25     1    19
      0.3177255343 a       500     0    25     1    20
      0.0385938510 a       501     0    26     1     1
     -0.1713734181 a       502     0    26     1     2
      0.2018648933 a       503     0    26     1     3
      0.2608481263 a       504     0    26     1     4
     -0.0523635239 a       505     0    26     1     5
      0.2896505362 a       506     0    26     1     6
      0.3280663199 a       507     0    26     1     7
     -0.2973877920 a       508     0    26     1     8
      0.4302426407 a       509     0    26     1     9
      0.1372569090 a       510     0    26     1    10
     -0.1077658140 a       511     0    26     1    11
      0.3181547018 a       512     0    26     1    12
     -0.1700269942 a       513     0    26     1    13
     -0.1159119866 a       514     0    26     1    14
      0.2070329152 a       515     0    26     1    15
     -0.0320213669 a       516     0    26     1    16
      0.3978938961 a       517     0    26     1    17
      0.1448512397 a       518     0    26     1    18
     -0.3291155242 a       519     0    26     1    19
      0.4067389309 a       520     0    26     1    20
     -0.1214306720 a       521     0    27     1     1
      0.2000356690 a       522     0    27     1     2
      0.3432356523 a       523     0    27     1     3
      0.0384974716 a       524     0    27     1     4
      0.2199257395 a       525     0    27     1     5
      0.2871370388 a       526     0    27     1     6
      0.3947538684 a       527     0    27     1     7
     -0.1755809852 a       528     0    27     1     8
      0.5438506925 a       529     0    27     1     9
     -0.2251393819 a       530     0    27     1    10
      0.1972486453 a       531     0    27     1    11
     -0.3026020381 a       532     0    27     1    12
     -0.0675581339 a       533     0    27     1    13
     -0.0264307502 a       534     0    27     1    14
     -0.2331667643 a       535     0    27     1    15
     -0.4666029500 a       536     0    27     1    16
     -0.2369769415 a       537     0    27     1    17
      0.3203886801 a       538     0    27     1    18
      0.2749349527 a       539     0    27     1    19
     -0.0374586071 a       540     0    27     1    20
      0.1729027411 a       541     0    28     1     1
      0.4000804669 a       542     0    28     1     2
     -0.1788930050 a       543     0    28     1     3
      0.1315924826 a       544     0    28     1     4
     -0.2436390054 a       545     0    28     1     5
      0.3801187017 a       546     0    28     1     6
     -0.4067170864 a       547     0    28     1     7
      0.2889026718 a       548     0    28     1     8
     -0.0544713580 a       549     0    28     1     9
      0.4089896877 a       550     0    28     1    10
      0.2814915888 a       551     0    28     1    11
     -0.2296598546 a       552     0    28     1    12
     -0.1922935840 a       553     0    28     1    13
      0.1621537707 a       554     0    28     1    14
      0.4242212469 a       555     0    28     1    15
     -0.0469740551 a       556     0    28     1    16
      0.5111519441 a       557     0    28     1    17
     -0.0887693078 a       558     0    28     1    18
     -0.3885212027 a       559     0    28     1    19
     -0.4209067430 a       560     0    28     1    20
      0.4411507161 a       561     0    29     1     1
      0.2458762252 a       562     0    29     1     2
     -0.2965686102 a       563     0    29     1     3
     -0.0750807410 a       564     0    29     1     4
     -0.1859738792 a       565     0    29     1     5
     -0.1813421763 a       566     0    29     1     6
     -0.2457348769 a       567     0    29     1     7
      0.0664126536 a       568     0    29     1     8
     -0.4768682954 a       569     0    29     1     9
      0.4141704746 a       570     0    29     1    10
     -0.2731260597 a       571     0    29     1    11
      0.4684172737 a       572     0    29     1    12
      0.1833288105 a       573     0    29     1    13
      0.0167128865 a       574     0    29     1    14
      0.0069608035 a       575     0    29     1    15
      0.0704367537 a       576     0    29     1    16
     -0.2000753646 a       577     0    29     1    17
      0.1958449186 a       578     0    29     1    18
     -0.1497227308 a       579     0    29     1    19
     -0.2559836901 a       580     0    29     1    20
     -0.2767199423 a       581     0    30     1     1
      0.3469697150 a       582     0    30     1     2
      0.1520575266 a       583     0    30     1     3
      0.3271330143 a       584     0    30     1     4
      0.4662532639 a       585     0    30     1     5
      0.3346112863 a       586     0    30     1     6
     -0.3025033313 a       587     0    30     1     7
     -0.4449173462 a       588     0    30     1     8
     -0.0796217408 a       589     0    30     1     9
     -0.3440497749 a       590     0    30     1    10
     -0.3939074742 a       591     0    30     1    11
     -0.2404605204 a       592     0    30     1    12
     -0.4748781304 a       593     0    30     1    13
     -0.2284279073 a       594     0    30     1    14
     -0.3219997225 a       595     0    30     1    15
      0.1322620268 a       596     0    30     1    16
     -0.0908156528 a       597     0    30     1    17
      0.2248504055 a       598     0    30     1    18
      0.0460694558 a       599     0    30     1    19
     -0.3531986903 a       600     0    30     1    20
     -0.3831374766 a       601     0    31     1     1
      0.3138508495 a       602     0    31     1     2
     -0.3813422246 a       603     0    31     1     3
     -0.0029916004 a       604     0    31     1     4
     -0.0799965066 a       605     0    31     1     5
     -0.0359055650 a       606     0    31     1     6
      0.0488750916 a       607     0    31     1     7
      0.1908263004 a       608     0    31     1     8
      0.2757346563 a       609     0    31     1     9
     -0.2456476119 a       610     0    31     1    10
     -0.2621498236 a       611     0    31     1    11
     -0.2419641344 a       612     0    31     1    12
      0.4311626035 a       613     0    31     1    13
     -0.3057977227 a       614     0    31     1    14
     -0.0385638256 a       615     0    31     1    15
     -0.1207169293 a       616     0    31     1    16
      0.1003443812 a       617     0    31     1    17
      0.4312397010 a       618     0    31     1    18
      0.1461912995 a       619     0    31     1    19
     -0.0807546578 a       620     0    31     1    20
      1.2873456640 b       621     1     1
      0.7062695683 b       622     1     2
     -1.0375192312 b       623     1     3
      0.0699450260 b       624     1     4
     -0.0582605289 b       625     1     5
      1.4616351576 b       626     1     6
      0.2252324652 b       627     1     7
     -0.6611231993 b       628     1     8
     -0.3650553433 b       629     1     9
      1.0695989960 b       630     1    10
      1.1718845651 b       631     1    11
      1.1535484705 b       632     1    12
      1.5023964610 b       633     1    13
      0.6137369280 b       634     1    14
     -0.8026713182 b       635     1    15
     -0.6534090954 b       636     1    16
      1.1483147388 b       637     1    17
     -0.2080474630 b       638     1    18
      0.3642686197 b       639     1    19
      1.0025682860 b       640     1    20
      0.1059223364 a       641     1     1     2     1
      0.0526750152 a       642     1     1     2     2
     -0.1197216344 a       643     1     1     2     3
     -0.5048421869 a       644     1     1     2     4
     -0.4380475802 a       645     1     1     2     5
      0.1266015606 a       646     1     1     2     6
     -0.0052115897 a       647     1     1     2     7
      0.2694011179 a       648     1     1     2     8
      0.2104397878 a       649     1     1     2     9
      0.5408149682 a       650     1     1     2    10
     -0.6341787144 a       651     1     1     2    11
     -0.2770495642 a       652     1     1     2    12
      0.3082296068 a       653     1     1     2    13
      0.1470017137 a       654     1     1     2    14
     -0.1266654673 a       655     1     1     2    15
     -0.3008751531 a       656     1     1     2    16
      0.1292978221 a       657     1     1     2    17
      0.5470573344 a       658     1     1     2    18
     -0.1769382532 a       659     1     1     2    19
      0.2331557448 a       660     1     1     2    20
      0.2310795787 a       661     1     2     2     1
      0.5456513780 a       662     1     2     2     2
     -0.3788607008 a       663     1     2     2     3
     -0.5730163619 a       664     1     2     2     4
     -0.1182307736 a       665     1     2     2     5
      0.0127848885 a       666     1     2     2     6
     -0.2949214160 a       667     1     2     2     7
     -0.5195855386 a       668     1     2     2     8
      0.1444047981 a       669     1     2     2     9
      0.0207267744 a       670     1     2     2    10
      0.4023063765 a       671     1     2     2    11
     -0.0703860678 a       672     1     2     2    12
     -0.2161116891 a       673     1     2     2    13
     -0.4784399730 a       674     1     2     2    14
      0.3900440649 a       675     1     2     2    15
      0.4702404653 a       676     1     2     2    16
      0.5376212631 a       677     1     2     2    17
      0.1579214358 a       678     1     2     2    18
      0.4577755453 a       679     1     2     2    19
     -0.2552816282 a       680     1     2     2    20
     -0.2107779006 a       681     1     3     2     1
      0.2036863156 a       682     1     3     2     2
      0.4120302552 a       683     1     3     2     3
     -0.1545433449 a       684     1     3     2     4
      0.0339307595 a       685     1     3     2     5
     -0.4931672754 a       686     1     3     2     6
      0.0423310397 a       687     1     3     2     7
     -0.2609343944 a       688     1     3     2     8
     -0.3319963746 a       689     1     3     2     9
      0.4619298838 a       690     1     3     2    10
     -0.3716029068 a       691     1     3     2    11
      0.4325294089 a       692     1     3     2    12
     -0.4860740152 a       693     1     3     2    13
      0.5749389788 a       694     1     3     2    14
      0.4272880367 a       695     1     3     2    15
     -0.5717740133 a       696     1     3     2    16
      0.4333907336 a       697     1     3     2    17
     -0.0453589034 a       698     1     3     2    18
      0.5267710593 a       699     1     3     2    19
      0.5336330880 a       700     1     3     2    20
      0.4548579243 a       701     1     4     2     1
     -0.4546409213 a       702     1     4     2     2
     -0.0405000904 a       703     1     4     2     3
      0.4085378239 a       704     1     4     2     4
      0.1890911206 a       705     1     4     2     5
     -0.0819871068 a       706     1     4     2     6
      0.4518469066 a       707     1     4     2     7
      0.3058753234 a       708     1     4     2     8
      0.5382342540 a       709     1     4     2     9
     -0.5359841714 a       710     1     4     2    10
     -0.0474471479 a       711     1     4     2    11
     -0.1472707838 a       712     1     4     2    12
      0.5223728498 a       713     1     4     2    13
     -0.4638906010 a       714     1     4     2    14
      0.1653067791 a       715     1     4     2    15
      0.1037855720 a       716     1     4     2    16
     -0.2598725089 a       717     1     4     2    17
     -0.1559559572 a       718     1     4     2    18
     -0.2817633816 a       719     1     4     2    19
     -0.4246641544 a       720     1     4     2    20
      0.3491644293 a       721     1     5     2     1
      0.0985095329 a       722     1     5     2     2
     -0.3017382720 a       723     1     5     2     3
     -0.1315308520 a       724     1     5     2     4
     -0.1113314829 a       725     1     5     2     5
      0.5723084350 a       726     1     5     2     6
     -0.4979874363 a       727     1     5     2     7
     -0.4082057431 a       728     1     5     2     8
      0.4157848101 a       729     1     5     2     9
      0.0776336696 a       730     1     5     2    10
     -0.2721407578 a       731     1     5     2    11
     -0.4348968483 a       732     1     5     2    12
     -0.2509803114 a       733     1     5     2    13
      0.1773031026 a       734     1     5     2    14
     -0.2584610265 a       735     1     5     2    15
     -0.6758276656 a       736     1     5     2    16
      0.0297265157 a       737     1     5     2    17
      0.3801915987 a       738     1     5     2    18
     -0.2560891961 a       739     1     5     2    19
     -0.2956927498 a       740     1     5     2    20
      0.3056475973 a       741     1     6     2     1
      0.3984567968 a       742     1     6     2     2
      0.5783700136 a       743     1     6     2     3
     -0.4548041883 a       744     1     6     2     4
     -0.5099142810 a       745     1     6     2     5
     -0.5777927359 a       746     1     6     2     6
     -0.4494046080 a       747     1     6     2     7
     -0.1674656456 a       748     1     6     2     8
      0.4607997272 a       749     1     6     2     9
      0.4376035795 a       750     1     6     2    10
     -0.5884759557 a       751     1     6     2    11
     -0.1516398129 a       752     1     6     2    12
      0.0262673296 a       753     1     6     2    13
     -0.4747190717 a       754     1     6     2    14
      0.5557654273 a       755     1     6     2    15
      0.3827587756 a       756     1     6     2    16
      0.3399939701 a       757     1     6     2    17
     -0.4883007151 a       758     1     6     2    18
     -0.1491602926 a       759     1     6     2    19
      0.1966950559 a       760     1     6     2    20
      0.1222116178 a       761     1     7     2     1
      0.2727120541 a       762     1     7     2     2
     -0.4984620188 a       763     1     7     2     3
     -0.4622450037 a       764     1     7     2     4
      0.4945746986 a       765     1     7     2     5
     -0.1317976143 a       766     1     7     2     6
     -0.2768388063 a       767     1     7     2     7
     -0.0203957643 a       768     1     7     2     8
      0.4138604809 a       769     1     7     2     9
     -0.0156504580 a       770     1     7     2    10
      0.3614919349 a       771     1     7     2    11
     -0.5873726967 a       772     1     7     2    12
     -0.1776688745 a       773     1     7     2    13
      0.3991664757 a       774     1     7     2    14
      0.4358205593 a       775     1     7     2    15
      0.0297081899 a       776     1     7     2    16
      0.1616728809 a       777     1     7     2    17
      0.1307507248 a       778     1     7     2    18
      0.1489165937 a       779     1     7     2    19
      0.1672043828 a       780     1     7     2    20
      0.5355680325 a       781     1     8     2     1
      0.5142236841 a       782     1     8     2     2
      0.5882372712 a       783     1     8     2     3
      0.2935991230 a       784     1     8     2     4
      0.1410296780 a       785     1     8     2     5
     -0.3885727170 a       786     1     8     2     6
     -0.3518278372 a       787     1     8     2     7
      0.3909049351 a       788     1     8     2     8
      0.3580655305 a       789     1     8     2     9
     -0.3000280056 a       790     1     8     2    10
      0.5895413089 a       791     1     8     2    11
     -0.1965925284 a       792     1     8     2    12
      0.5701301729 a       793     1     8     2    13
      0.3470665484 a       794     1     8     2    14
     -0.5801259723 a       795     1     8     2    15
      0.3079146888 a       796     1     8     2    16
      0.4790347411 a       797     1     8     2    17
     -0.4357986143 a       798     1     8     2    18
      0.5461820022 a       799     1     8     2    19
      0.2160653017 a       800     1     8     2    20
      0.4583231087 a       801     1     9     2     1
      0.1879684511 a       802     1     9     2     2
     -0.1283284327 a       803     1     9     2     3
     -0.4674949327 a       804     1     9     2     4
      0.4392158880 a       805     1     9     2     5
      0.4324963065 a       806     1     9     2     6
     -0.3706448961 a       807     1     9     2     7
     -0.3922948782 a       808     1     9     2     8
      0.3614788643 a       809     1     9     2     9
      0.4350480427 a       810     1     9     2    10
      0.1169214843 a       811     1     9     2    11
      0.0525049455 a       812     1     9     2    12
      0.4916305754 a       813     1     9     2    13
      0.3589711491 a       814     1     9     2    14
     -0.2896591320 a       815     1     9     2    15
     -0.2360375918 a       816     1     9     2    16
     -0.2982583845 a       817     1     9     2    17
      0.0914694379 a       818     1     9     2    18
     -0.1875986229 a       819     1     9     2    19
     -0.4023407404 a       820     1     9     2    20
      0.1988449476 a       821     1    10     2     1
      0.2419515459 a       822     1    10     2     2
      0.1338957144 a       823     1    10     2     3
     -0.1105027324 a       824     1    10     2     4
      0.5435512006 a       825     1    10     2     5
     -0.5363025045 a       826     1    10     2     6
     -0.4876145368 a       827     1    10     2     7
      0.5617111568 a       828     1    10     2     8
      0.0257145708 a       829     1    10     2     9
     -0.5775379780 a       830     1    10     2    10
      0.3184146104 a       831     1    10     2    11
      0.1397918289 a       832     1    10     2    12
     -0.1177696626 a       833     1    10     2    13
     -0.1514109266 a       834     1    10     2    14
      0.4827157423 a       835     1    10     2    15
      0.3252501143 a       836     1    10     2    16
      0.3048665652 a       837     1    10     2    17
      0.3030262037 a       838     1    10     2    18
      0.4747052734 a       839     1    10     2    19
     -0.5767066088 a       840     1    10     2    20
     -0.5174868905 a       841     1    11     2     1
      0.1303741753 a       842     1    11     2     2
      0.1011670422 a       843     1    11     2     3
      0.4215980093 a       844     1    11     2     4
     -0.2635798484 a       845     1    11     2     5
     -0.6142933391 a       846     1    11     2     6
      0.3249693731 a       847     1    11     2     7
      0.4302289639 a       848     1    11     2     8
      0.5267487294 a       849     1    11     2     9
      0.3019613330 a       850     1    11     2    10
      0.2312760762 a       851     1    11     2    11
     -0.3463772436 a       852     1    11     2    12
     -0.5144019715 a       853     1    11     2    13
      0.3586325879 a       854     1    11     2    14
      0.0810137152 a       855     1    11     2    15
     -0.1443786676 a       856     1    11     2    16
     -0.4014136677 a       857     1    11     2    17
     -0.5231676402 a       858     1    11     2    18
     -0.4037841068 a       859     1    11     2    19
      0.3161206624 a       860     1    11     2    20
      0.3828167170 a       861     1    12     2     1
      0.3917215435 a       862     1    12     2     2
      0.2017466248 a       863     1    12     2     3
      0.2743069221 a       864     1    12     2     4
     -0.2615680553 a       865     1    12     2     5
      0.0264498916 a       866     1    12     2     6
      0.3514167539 a       867     1    12     2     7
     -0.1562995219 a       868     1    12     2     8
      0.4272272034 a       869     1    12     2     9
     -0.3469968663 a       870     1    12     2    10
     -0.0908196075 a       871     1    12     2    11
      0.6400492784 a       872     1    12     2    12
      0.4527789051 a       873     1    12     2    13
     -0.3609355861 a       874     1    12     2    14
     -0.1212842245 a       875     1    12     2    15
      0.1820264513 a       876     1    12     2    16
      0.3742044043 a       877     1    12     2    17
     -0.6580294301 a       878     1    12     2    18
      0.2432024687 a       879     1    12     2    19
     -0.4461583798 a       880     1    12     2    20
      0.2530854869 a       881     1    13     2     1
     -0.4944978045 a       882     1    13     2     2
     -0.3816091888 a       883     1    13     2     3
      0.4284070775 a       884     1    13     2     4
     -0.3664315837 a       885     1    13     2     5
     -0.2543045935 a       886     1    13     2     6
     -0.4522424055 a       887     1    13     2     7
      0.4289751877 a       888     1    13     2     8
     -0.5035174867 a       889     1    13     2     9
      0.0071622610 a       890     1    13     2    10
     -0.1231131665 a       891     1    13     2    11
      0.2490358405 a       892     1    13     2    12
     -0.1969633309 a       893     1    13     2    13
      0.1432290431 a       894     1    13     2    14
      0.6216394275 a       895     1    13     2    15
      0.2840450712 a       896     1    13     2    16
      0.0871663371 a       897     1    13     2    17
      0.1490145707 a       898     1    13     2    18
      0.1321870737 a       899     1    13     2    19
      0.3169449994 a       900     1    13     2    20
     -0.5344748522 a       901     1    14     2     1
     -0.0274631831 a       902     1    14     2     2
      0.0081868111 a       903     1    14     2     3
      0.3866849367 a       904     1    14     2     4
     -0.5128380485 a       905     1    14     2     5
     -0.1578308970 a       906     1    14     2     6
     -0.3680191370 a       907     1    14     2     7
     -0.2339779400 a       908     1    14     2     8
      0.2208958901 a       909     1    14     2     9
     -0.1350463976 a       910     1    14     2    10
      0.2195610951 a       911     1    14     2    11
     -0.5239417571 a       912     1    14     2    12
      0.5062241081 a       913     1    14     2    13
     -0.2751606413 a       914     1    14     2    14
     -0.5298853242 a       915     1    14     2    15
      0.1591374578 a       916     1    14     2    16
      0.5674342952 a       917     1    14     2    17
      0.6813617561 a       918     1    14     2    18
     -0.3151351394 a       919     1    14     2    19
      0.3363617389 a       920     1    14     2    20
      0.2865203436 a       921     1    15     2     1
     -0.4643186832 a       922     1    15     2     2
      0.5955941570 a       923     1    15     2     3
     -0.1660050075 a       924     1    15     2     4
      0.1669277265 a       925     1    15     2     5
      0.0659864334 a       926     1    15     2     6
     -0.3554971931 a       927     1    15     2     7
     -0.1337798127 a       928     1    15     2     8
      0.2158473589 a       929     1    15     2     9
     -0.2085234644 a       930     1    15     2    10
      0.2644700836 a       931     1    15     2    11
     -0.2777955828 a       932     1    15     2    12
      0.2976318638 a       933     1    15     2    13
     -0.4206210079 a       934     1    15     2    14
     -0.1315836644 a       935     1    15     2    15
     -0.0891689210 a       936     1    15     2    16
     -0.4618802811 a       937     1    15     2    17
     -0.3251244834 a       938     1    15     2    18
      0.4740685798 a       939     1    15     2    19
      0.3144320547 a       940     1    15     2    20
      0.4419572503 a       941     1    16     2     1
     -0.4051170525 a       942     1    16     2     2
      0.4007197019 a       943     1    16     2     3
     -0.3635261960 a       944     1    16     2     4
      0.2336134840 a       945     1    16     2     5
      0.2085795490 a       946     1    16     2     6
      0.3182961447 a       947     1    16     2     7
      0.2794069371 a       948     1    16     2     8
      0.2030334260 a       949     1    16     2     9
     -0.5001725901 a       950     1    16     2    10
     -0.1638959887 a       951     1    16     2    11
     -0.1862904352 a       952     1    16     2    12
     -0.2785895424 a       953     1    16     2    13
      0.3449953919 a       954     1    16     2    14
      0.2216405741 a       955     1    16     2    15
      0.1659796604 a       956     1    16     2    16
      0.5209922187 a       957     1    16     2    17
     -0.1558184441 a       958     1    16     2    18
      0.4703934889 a       959     1    16     2    19
      0.3714712196 a       960     1    16     2    20
      0.3175597515 a       961     1    17     2     1
     -0.1355440275 a       962     1    17     2     2
     -0.6099577951 a       963     1    17     2     3
      0.2906074681 a       964     1    17     2     4
     -0.0122849624 a       965     1    17     2     5
      0.4568981639 a       966     1    17     2     6
      0.1002970946 a       967     1    17     2     7
     -0.5743142095 a       968     1    17     2     8
      0.1734184098 a       969     1    17     2     9
     -0.4357950869 a       970     1    17     2    10
      0.6152972935 a       971     1    17     2    11
     -0.5756139213 a       972     1    17     2    12
      0.1978338242 a       973     1    17     2    13
      0.5299619754 a       974     1    17     2    14
     -0.2514619034 a       975     1    17     2    15
      0.0530606608 a       976     1    17     2    16
      0.0973059725 a       977     1    17     2    17
     -0.0025596298 a       978     1    17     2    18
      0.3577277604 a       979     1    17     2    19
      0.3973418841 a       980     1    17     2    20
     -0.0758431606 a       981     1    18     2     1
      0.5450052606 a       982     1    18     2     2
     -0.2581323996 a       983     1    18     2     3
      0.2524526172 a       984     1    18     2     4
      0.4298515970 a       985     1    18     2     5
      0.0615199633 a       986     1    18     2     6
      0.1731859252 a       987     1    18     2     7
      0.5157182758 a       988     1    18     2     8
      0.2658244258 a       989     1    18     2     9
      0.2408839637 a       990     1    18     2    10
      0.5299754542 a       991     1    18     2    11
      0.2350248674 a       992     1    18     2    12
     -0.2346264969 a       993     1    18     2    13
     -0.1678355885 a       994     1    18     2    14
      0.1590263815 a       995     1    18     2    15
     -0.6372133426 a       996     1    18     2    16
      0.3055831715 a       997     1    18     2    17
      0.3526836435 a       998     1    18     2    18
      0.4109401072 a       999     1    18     2    19
     -0.4025507421 a      1000     1    18     2    20
      0.4106135102 a      1001     1    19     2     1
      0.5534609104 a      1002     1    19     2     2
     -0.3320634265 a      1003     1    19     2     3
      0.4512935814 a      1004     1    19     2     4
      0.5726252524 a      1005     1    19     2     5
     -0.5428185679 a      1006     1    19     2     6
     -0.4188362289 a      1007     1    19     2     7
     -0.3669531738 a      1008     1    19     2     8
      0.4810623797 a      1009     1    19     2     9
      0.3311861369 a      1010     1    19     2    10
      0.2225506340 a      1011     1    19     2    11
      0.0146499793 a      1012     1    19     2    12
      0.0267492242 a      1013     1    19     2    13
     -0.0120541222 a      1014     1    19     2    14
      0.4501773868 a      1015     1    19     2    15
      0.1405121023 a      1016     1    19     2    16
      0.5525834647 a      1017     1    19     2    17
     -0.2278872091 a      1018     1    19     2    18
     -0.1175045332 a      1019     1    19     2    19
     -0.5319818740 a      1020     1    19     2    20
      0.4956084829 a      1021     1    20     2     1
      0.2665875296 a      1022     1    20     2     2
     -0.0054908984 a      1023     1    20     2     3
     -0.1393067366 a      1024     1    20     2     4
     -0.4953197011 a      1025     1    20     2     5
      0.2520119119 a      1026     1    20     2     6
      0.5568644121 a      1027     1    20     2     7
      0.2106236590 a      1028     1    20     2     8
     -0.4329933990 a      1029     1    20     2     9
     -0.3870620962 a      1030     1    20     2    10
      0.0108357479 a      1031     1    20     2    11
      0.6021849602 a      1032     1    20     2    12
      0.5285935664 a      1033     1    20     2    13
      0.4553875960 a      1034     1    20     2    14
     -0.0037102189 a      1035     1    20     2    15
      0.7125376493 a      1036     1    20     2    16
     -0.0910146170 a      1037     1    20     2    17
      0.3302673567 a      1038     1    20     2    18
     -0.5449893205 a      1039     1    20     2    19
     -0.0880625795 a      1040     1    20     2    20
     -0.7305523080 b      1041     2     1
     -0.6236955185 b      1042     2     2
     -1.3080285574 b      1043     2     3
     -1.0800349201 b      1044     2     4
      0.4742664970 b      1045     2     5
     -0.3327203184 b      1046     2     6
     -0.5930668800 b      1047     2     7
      0.6806632204 b      1048     2     8
      1.3973164836 b      1049     2     9
     -0.0806510667 b      1050     2    10
      1.4929626875 b      1051     2    11
     -0.3964766620 b      1052     2    12
      0.7581129199 b      1053     2    13
      0.6434520831 b      1054     2    14
      1.0313798111 b      1055     2    15
      0.5275359275 b      1056     2    16
      0.9093268822 b      1057     2    17
      0.7242128099 b      1058     2    18
      0.6148515897 b      1059     2    19
     -0.5762084679 b      1060     2    20
      0.0251536105 a      1061     2     1     3     1
     -0.0110749695 a      1062     2     2     3     1
     -0.0102672156 a      1063     2     3     3     1
      0.0227422657 a      1064     2     4     3     1
      0.0193014551 a      1065     2     5     3     1
      0.0429439488 a      1066     2     6     3     1
      0.0068743840 a      1067     2     7     3     1
     -0.0088130953 a      1068     2     8     3     1
      0.0366331588 a      1069     2     9     3     1
      0.0138241821 a      1070     2    10     3     1
     -0.0164402303 a      1071     2    11     3     1
      0.0123832900 a      1072     2    12     3     1
      0.0219171346 a      1073     2    13     3     1
      0.0219468331 a      1074     2    14     3     1
      0.0162143183 a      1075     2    15     3     1
      0.0027785054 a      1076     2    16     3     1
      0.0096440202 a      1077     2    17     3     1
      0.0211124564 a      1078     2    18     3     1
      0.0189039499 a      1079     2    19     3     1
     -0.0064936172 a      1080     2    20     3     1
     19.6562109473 b      1081     3     1
