     -0.0361760236 a         1     0     1     1     1
      0.4397116773 a         2     0     1     1     2
      0.0569460357 a         3     0     1     1     3
     -0.3762010787 a         4     0     1     1     4
     -0.2020516164 a         5     0     1     1     5
      0.2360324829 a         6     0     1     1     6
     -0.1185564845 a         7     0     1     1     7
      0.1889657621 a         8     0     1     1     8
     -0.3523883687 a         9     0     1     1     9
      0.0167659838 a        10     0     1     1    10
     -0.0602196350 a        11     0     1     1    11
      0.0536028184 a        12     0     1     1    12
     -0.3435214764 a        13     0     1     1    13
     -0.1066720353 a        14     0     1     1    14
      0.1882188054 a        15     0     1     1    15
      0.0269346645 a        16     0     1     1    16
      0.1300270605 a        17     0     1     1    17
     -0.3614819227 a        18     0     1     1    18
     -0.2889148986 a        19     0     1     1    19
     -0.0900122814 a        20     0     1     1    20
     -0.2485352002 a        21     0     2     1     1
      0.2320614696 a        22     0     2     1     2
      0.0967827207 a        23     0     2     1     3
     -0.2042136330 a        24     0     2     1     4
     -0.3460656668 a        25     0     2     1     5
     -0.4231960462 a        26     0     2     1     6
      0.1211084008 a        27     0     2     1     7
      0.3691683305 a        28     0     2     1     8
     -0.1116979505 a        29     0     2     1     9
     -0.2106325943 a        30     0     2     1    10
      0.2895875806 a        31     0     2     1    11
     -0.3192109693 a        32     0     2     1    12
      0.0817080163 a        33     0     2     1    13
      0.0344566000 a        34     0     2     1    14
      0.5268719520 a        35     0     2     1    15
     -0.2352524413 a        36     0     2     1    16
      0.2711523593 a        37     0     2     1    17
      0.1653090146 a        38     0     2     1    18
     -0.1533395234 a        39     0     2     1    19
      0.2989044097 a        40     0     2     1    20
     -0.0745693132 a        41     0     3     1     1
     -0.0077150254 a        42     0     3     1     2
      0.3822003479 a        43     0     3     1     3
      0.3762459141 a        44     0     3     1     4
     -0.0290791644 a        45     0     3     1     5
      0.1447547621 a        46     0     3     1     6
      0.4789509534 a        47     0     3     1     7
      0.4267518066 a        48     0     3     1     8
      0.1468113017 a        49     0     3     1     9
      0.1246606268 a        50     0     3     1    10
     -0.4035668098 a        51     0     3     1    11
     -0.3174403627 a        52     0     3     1    12
     -0.1252874740 a        53     0     3     1    13
      0.0819196396 a        54     0     3     1    14
     -0.2229015356 a        55     0     3     1    15
     -0.3580614006 a        56     0     3     1    16
     -0.0702588881 a        57     0     3     1    17
      0.1094645382 a        58     0     3     1    18
      0.1888876549 a        59     0     3     1    19
      0.0240158034 a        60     0     3     1    20
     -0.0143334029 a        61     0     4     1     1
     -0.2986866950 a        62     0     4     1     2
     -0.2686730780 a        63     0     4     1     3
     -0.2599706159 a        64     0     4     1     4
      0.2159365066 a        65     0     4     1     5
     -0.2159096158 a        66     0     4     1     6
      0.3151818137 a        67     0     4     1     7
     -0.2146367422 a        68     0     4     1     8
      0.0453481421 a        69     0     4     1     9
      0.2247560516 a        70     0     4     1    10
     -0.3100541267 a        71     0     4     1    11
     -0.2743773231 a        72     0     4     1    12
      0.3717750126 a        73     0     4     1    13
     -0.4706079831 a        74     0     4     1    14
      0.1376882950 a        75     0     4     1    15
      0.4492549924 a        76     0     4     1    16
     -0.3827338003 a        77     0     4     1    17
     -0.4031802370 a        78     0     4     1    18
     -0.3541048920 a        79     0     4     1    19
      0.2038456790 a        80     0     4     1    20
     -0.0964639564 a        81     0     5     1     1
     -0.1870993090 a        82     0     5     1     2
      0.3405526407 a        83     0     5     1     3
     -0.4276465139 a        84     0     5     1     4
      0.1636883906 a        85     0     5     1     5
     -0.4075693386 a        86     0     5     1     6
      0.1760053776 a        87     0     5     1     7
     -0.1088048247 a        88     0     5     1     8
     -0.4324009574 a        89     0     5     1     9
     -0.3015009579 a        90     0     5     1    10
     -0.0225298169 a        91     0     5     1    11
     -0.2616132484 a        92     0     5     1    12
      0.0040839638 a        93     0     5     1    13
     -0.3724679885 a        94     0     5     1    14
     -0.3752220940 a        95     0     5     1    15
     -0.0600372921 a        96     0     5     1    16
     -0.2517873190 a        97     0     5     1    17
     -0.0706547970 a        98     0     5     1    18
     -0.3881533196 a        99     0     5     1    19
     -0.1474123102 a       100     0     5     1    20
     -0.2391191960 a       101     0     6     1     1
      0.3657416537 a       102     0     6     1     2
     -0.0666076170 a       103     0     6     1     3
      0.3479991733 a       104     0     6     1     4
      0.4509647165 a       105     0     6     1     5
      0.3714961653 a       106     0     6     1     6
     -0.0414602153 a       107     0     6     1     7
      0.1521754975 a       108     0     6     1     8
     -0.1987306151 a       109     0     6     1     9
      0.1228024107 a       110     0     6     1    10
     -0.4490268381 a       111     0     6     1    11
     -0.3709402630 a       112     0     6     1    12
      0.1874600625 a       113     0     6     1    13
      0.4992279241 a       114     0     6     1    14
     -0.5281703734 a       115     0     6     1    15
      0.3971119873 a       116     0     6     1    16
     -0.1416874455 a       117     0     6     1    17
      0.3728347065 a       118     0     6     1    18
     -0.2895736562 a       119     0     6     1    19
     -0.4431692478 a       120     0     6     1    20
     -0.1377965900 a       121     0     7     1     1
     -0.3933992609 a       122     0     7     1     2
     -0.4551327688 a       123     0     7     1     3
     -0.0681264536 a       124     0     7     1     4
      0.2657658120 a       125     0     7     1     5
      0.1009902006 a       126     0     7     1     6
      0.1202624233 a       127     0     7     1     7
      0.4680593875 a       128     0     7     1     8
     -0.1862517822 a       129     0     7     1     9
      0.3185233724 a       130     0     7     1    10
      0.4544200510 a       131     0     7     1    11
     -0.4371384115 a       132     0     7     1    12
     -0.0901073990 a       133     0     7     1    13
      0.1126459341 a       134     0     7     1    14
      0.1849935553 a       135     0     7     1    15
     -0.1541427901 a       136     0     7     1    16
     -0.2714520424 a       137     0     7     1    17
      0.3812219703 a       138     0     7     1    18
      0.2118617382 a       139     0     7     1    19
      0.3683220722 a       140     0     7     1    20
     -0.2882336495 a       141     0     8     1     1
     -0.2548274257 a       142     0     8     1     2
     -0.2671616963 a       143     0     8     1     3
     -0.0156440266 a       144     0     8     1     4
     -0.4480033806 a       145     0     8     1     5
     -0.1105452454 a       146     0     8     1     6
     -0.1116207819 a       147     0     8     1     7
      0.0116280308 a       148     0     8     1     8
     -0.2483220789 a       149     0     8     1     9
      0.2191466271 a       150     0     8     1    10
     -0.3926771161 a       151     0     8     1    11
     -0.1828042260 a       152     0     8     1    12
     -0.3142393369 a       153     0     8     1    13
     -0.3638189591 a       154     0     8     1    14
      0.2007626021 a       155     0     8     1    15
      0.1345509066 a       156     0     8     1    16
      0.2887691460 a       157     0     8     1    17
     -0.3788086769 a       158     0     8     1    18
      0.3841954220 a       159     0     8     1    19
      0.4314076431 a       160     0     8     1    20
      0.3896485693 a       161     0     9     1     1
     -0.0174476362 a       162     0     9     1     2
     -0.2638984539 a       163     0     9     1     3
     -0.1045436717 a       164     0     9     1     4
     -0.0180347876 a       165     0     9     1     5
     -0.3724528312 a       166     0     9     1     6
      0.1702214615 a       167     0     9     1     7
     -0.3570844393 a       168     0     9     1     8
      0.3076413227 a       169     0     9     1     9
      0.4286407251 a       170     0     9     1    10
     -0.1238603931 a       171     0     9     1    11
     -0.2631565486 a       172     0     9     1    12
     -0.4139638287 a       173     0     9     1    13
      0.3503736934 a       174     0     9     1    14
      0.4687169828 a       175     0     9     1    15
     -0.4235834831 a       176     0     9     1    16
      0.4123435988 a       177     0     9     1    17
     -0.3673432822 a       178     0     9     1    18
     -0.3778546399 a       179     0     9     1    19
     -0.0817723295 a       180     0     9     1    20
     -0.2083939825 a       181     0    10     1     1
      0.2840430512 a       182     0    10     1     2
     -0.4625269443 a       183     0    10     1     3
      0.0014756416 a       184     0    10     1     4
      0.3211187610 a       185     0    10     1     5
     -0.0105341494 a       186     0    10     1     6
     -0.0830409681 a       187     0    10     1     7
      0.1135502274 a       188     0    10     1     8
     -0.1725102685 a       189     0    10     1     9
      0.3613767941 a       190     0    10     1    10
     -0.3320016596 a       191     0    10     1    11
     -0.2951969535 a       192     0    10     1    12
      0.2333783520 a       193     0    10     1    13
     -0.3196195788 a       194     0    10     1    14
     -0.0101053886 a       195     0    10     1    15
      0.2773328328 a       196     0    10     1    16
      0.0066287354 a       197     0    10     1    17
      0.2301809332 a       198     0    10     1    18
      0.2130926267 a       199     0    10     1    19
      0.3832809516 a       200     0    10     1    20
     -0.0869220877 a       201     0    11     1     1
     -0.0608728722 a       202     0    11     1     2
      0.1050253625 a       203     0    11     1     3
      0.2693127837 a       204     0    11     1     4
      0.2310442861 a       205     0    11     1     5
     -0.1306915931 a       206     0    11     1     6
      0.1886826430 a       207     0    11     1     7
     -0.4461431461 a       208     0    11     1     8
     -0.2931147770 a       209     0    11     1     9
      0.2220722670 a       210     0    11     1    10
      0.1970085007 a       211     0    11     1    11
     -0.3643311895 a       212     0    11     1    12
     -0.3040627710 a       213     0    11     1    13
     -0.4853256068 a       214     0    11     1    14
      0.4514650620 a       215     0    11     1    15
      0.1072350457 a       216     0    11     1    16
     -0.4733900366 a       217     0    11     1    17
      0.4334377721 a       218     0    11     1    18
     -0.2105503503 a       219     0    11     1    19
     -0.0618553184 a       220     0    11     1    20
      0.3728854018 a       221     0    12     1     1
     -0.1114932959 a       222     0    12     1     2
     -0.2065609265 a       223     0    12     1     3
      0.0662937923 a       224     0    12     1     4
      0.0108327595 a       225     0    12     1     5
     -0.0366741216 a       226     0    12     1     6
     -0.4805668519 a       227     0    12     1     7
      0.0082531351 a       228     0    12     1     8
      0.2585171935 a       229     0    12     1     9
      0.0301795170 a       230     0    12     1    10
     -0.1860817386 a       231     0    12     1    11
      0.2732308911 a       232     0    12     1    12
      0.1698719575 a       233     0    12     1    13
      0.4240926430 a       234     0    12     1    14
      0.2666259991 a       235     0    12     1    15
     -0.2475018605 a       236     0    12     1    16
     -0.2633408732 a       237     0    12     1    17
     -0.1042541630 a       238     0    12     1    18
     -0.3704633719 a       239     0    12     1    19
      0.2713825857 a       240     0    12     1    20
      0.2856996139 a       241     0    13     1     1
      0.0816803649 a       242     0    13     1     2
      0.0971460241 a       243     0    13     1     3
      0.4654172437 a       244     0    13     1     4
     -0.0477376023 a       245     0    13     1     5
      0.4466931501 a       246     0    13     1     6
     -0.1036565066 a       247     0    13     1     7
      0.1842940484 a       248     0    13     1     8
     -0.4504228972 a       249     0    13     1     9
     -0.4422678942 a       250     0    13     1    10
     -0.2129968091 a       251     0    13     1    11
     -0.1554416326 a       252     0    13     1    12
     -0.3704835227 a       253     0    13     1    13
     -0.2619642594 a       254     0    13     1    14
      0.1085413775 a       255     0    13     1    15
     -0.1712573327 a       256     0    13     1    16
     -0.0746461329 a       257     0    13     1    17
     -0.1945971786 a       258     0    13     1    18
      0.2663021702 a       259     0    13     1    19
      0.1592978272 a       260     0    13     1    20
      0.4192678419 a       261     0    14     1     1
      0.4060135729 a       262     0    14     1     2
      0.2956380338 a       263     0    14     1     3
     -0.2215387229 a       264     0    14     1     4
     -0.3887849407 a       265     0    14     1     5
      0.3767201259 a       266     0    14     1     6
      0.2240061026 a       267     0    14     1     7
     -0.4053767290 a       268     0    14     1     8
      0.4131507333 a       269     0    14     1     9
      0.0249568925 a       270     0    14     1    10
      0.0235805814 a       271     0    14     1    11
     -0.4113783633 a       272     0    14     1    12
     -0.1066835548 a       273     0    14     1    13
     -0.5003484359 a       274     0    14     1    14
      0.2489424115 a       275     0    14     1    15
     -0.0151695618 a       276     0    14     1    16
      0.2923195590 a       277     0    14     1    17
      0.2164583588 a       278     0    14     1    18
     -0.0531506710 a       279     0    14     1    19
      0.1383190491 a       280     0    14     1    20
     -0.4327537982 a       281     0    15     1     1
      0.0986626664 a       282     0    15     1     2
      0.0990749955 a       283     0    15     1     3
      0.2777666258 a       284     0    15     1     4
     -0.3204970253 a       285     0    15     1     5
      0.0384499829 a       286     0    15     1     6
      0.2921240662 a       287     0    15     1     7
      0.2197306570 a       288     0    15     1     8
      0.3278902348 a       289     0    15     1     9
      0.4745491023 a       290     0    15     1    10
      0.2677288879 a       291     0    15     1    11
     -0.0172299828 a       292     0    15     1    12
     -0.4099826964 a       293     0    15     1    13
     -0.2783737392 a       294     0    15     1    14
     -0.2574554583 a       295     0    15     1    15
      0.3554404507 a       296     0    15     1    16
      0.3135772220 a       297     0    15     1    17
      0.3570281349 a       298     0    15     1    18
      0.0653277262 a       299     0    15     1    19
      0.2774201361 a       300     0    15     1    20
      0.3796435833 a       301     0    16     1     1
      0.0975677472 a       302     0    16     1     2
      0.3228078314 a       303     0    16     1     3
     -0.4539715875 a       304     0    16     1     4
     -0.2172209626 a       305     0    16     1     5
     -0.0972943729 a       306     0    16     1     6
     -0.4087267764 a       307     0    16     1     7
     -0.1309987290 a       308     0    16     1     8
      0.2113965550 a       309     0    16     1     9
     -0.1726562663 a       310     0    16     1    10
     -0.0464231752 a       311     0    16     1    11
      0.2285142667 a       312     0    16     1    12
      0.2177556278 a       313     0    16     1    13
      0.0400474615 a       314     0    16     1    14
      0.1312239477 a       315     0    16     1    15
     -0.4045173445 a       316     0    16     1    16
     -0.0703557855 a       317     0    16     1    17
     -0.0850574427 a       318     0    16     1    18
      0.3308652017 a       319     0    16     1    19
     -0.4260030583 a       320     0    16     1    20
      0.0696241450 a       321     0    17     1     1
      0.3710170244 a       322     0    17     1     2
      0.2258612311 a       323     0    17     1     3
     -0.1408438440 a       324     0    17     1     4
      0.3343302432 a       325     0    17     1     5
      0.2721752216 a       326     0    17     1     6
      0.2649605007 a       327     0    17     1     7
      0.3151311414 a       328     0    17     1     8
      0.2903913746 a       329     0    17     1     9
      0.0750422367 a       330     0    17     1    10
     -0.0872848901 a       331     0    17     1    11
     -0.0828735246 a       332     0    17     1    12
     -0.1418453527 a       333     0    17     1    13
     -0.2966788696 a       334     0    17     1    14
      0.1508917890 a       335     0    17     1    15
     -0.4176329767 a       336     0    17     1    16
      0.1500208384 a       337     0    17     1    17
      0.2831985157 a       338     0    17     1    18
      0.4671942982 a       339     0    17     1    19
     -0.2106989152 a       340     0    17     1    20
     -0.0881404970 a       341     0    18     1     1
     -0.1710101814 a       342     0    18     1     2
      0.0099098422 a       343     0    18     1     3
     -0.2443482533 a       344     0    18     1     4
     -0.1476131091 a       345     0    18     1     5
     -0.0782274038 a       346     0    18     1     6
     -0.4393298843 a       347     0    18     1     7
      0.3491997219 a       348     0    18     1     8
     -0.1003961083 a       349     0    18     1     9
      0.0905440927 a       350     0    18     1    10
      0.3321090116 a       351     0    18     1    11
      0.0471681772 a       352     0    18     1    12
      0.4403137815 a       353     0    18     1    13
     -0.0773091829 a       354     0    18     1    14
     -0.0942275942 a       355     0    18     1    15
      0.1001504179 a       356     0    18     1    16
     -0.3964870616 a       357     0    18     1    17
     -0.3497940045 a       358     0    18     1    18
      0.3146868580 a       359     0    18     1    19
     -0.2861636274 a       360     0    18     1    20
     -0.3065443647 a       361     0    19     1     1
     -0.3726691599 a       362     0    19     1     2
      0.3879590699 a       363     0    19     1     3
     -0.3386691716 a       364     0    19     1     4
      0.2627068423 a       365     0    19     1     5
      0.1485816999 a       366     0    19     1     6
     -0.0759061285 a       367     0    19     1     7
     -0.1897058280 a       368     0    19     1     8
     -0.1784078149 a       369     0    19     1     9
      0.1462126473 a       370     0    19     1    10
      0.4520323681 a       371     0    19     1    11
      0.1385239056 a       372     0    19     1    12
      0.1200007015 a       373     0    19     1    13
      0.1601625096 a       374     0    19     1    14
      0.0980256438 a       375     0    19     1    15
     -0.3344885169 a       376     0    19     1    16
      0.0684087309 a       377     0    19     1    17
     -0.3836983535 a       378     0    19     1    18
      0.0167573610 a       379     0    19     1    19
      0.0865587404 a       380     0    19     1    20
     -0.3656550103 a       381     0    20     1     1
     -0.0783432861 a       382     0    20     1     2
      0.4813326133 a       383     0    20     1     3
     -0.3055732069 a       384     0    20     1     4
      0.2948209030 a       385     0    20     1     5
     -0.3792485956 a       386     0    20     1     6
      0.1947480505 a       387     0    20     1     7
     -0.3991204751 a       388     0    20     1     8
      0.0633859713 a       389     0    20     1     9
     -0.4312835849 a       390     0    20     1    10
      0.4426721423 a       391     0    20     1    11
     -0.3426743983 a       392     0    20     1    12
     -0.3309495565 a       393     0    20     1    13
     -0.4049639665 a       394     0    20     1    14
     -0.0809132564 a       395     0    20     1    15
      0.4264449904 a       396     0    20     1    16
      0.2254077864 a       397     0    20     1    17
      0.3188428206 a       398     0    20     1    18
     -0.3476805174 a       399     0    20     1    19
     -0.4276140119 a       400     0    20     1    20
      0.3056189130 a       401     0    21     1     1
      0.0462403726 a       402     0    21     1     2
      0.3356484100 a       403     0    21     1     3
     -0.3411727545 a       404     0    21     1     4
      0.3409474526 a       405     0    21     1     5
     -0.0874434539 a       406     0    21     1     6
     -0.3944112064 a       407     0    21     1     7
      0.0369819167 a       408     0    21     1     8
     -0.2077077973 a       409     0    21     1     9
     -0.3189745474 a       410     0    21     1    10
     -0.1353619648 a       411     0    21     1    11
      0.2101847159 a       412     0    21     1    12
     -0.0345844316 a       413     0    21     1    13
      0.0884766541 a       414     0    21     1    14
     -0.2537921665 a       415     0    21     1    15
     -0.3574659326 a       416     0    21     1    16
      0.4445879705 a       417     0    21     1    17
     -0.0527337701 a       418     0    21     1    18
     -0.0111107174 a       419     0    21     1    19
      0.0265508390 a       420     0    21     1    20
      0.4400271568 a       421     0    22     1     1
     -0.4398011229 a       422     0    22     1     2
      0.3638970398 a       423     0    22     1     3
     -0.0124713655 a       424     0    22     1     4
     -0.1246739906 a       425     0    22     1     5
      0.1227144601 a       426     0    22     1     6
      0.4454180206 a       427     0    22     1     7
     -0.0515216260 a       428     0    22     1     8
      0.1896149756 a       429     0    22     1     9
     -0.0152261503 a       430     0    22     1    10
     -0.1750967497 a       431     0    22     1    11
      0.4409550665 a       432     0    22     1    12
     -0.4612909755 a       433     0    22     1    13
     -0.0582272319 a       434     0    22     1    14
     -0.2712727703 a       435     0    22     1    15
      0.1625748368 a       436     0    22     1    16
      0.4196869627 a       437     0    22     1    17
     -0.2598031215 a       438     0    22     1    18
     -0.2945704930 a       439     0    22     1    19
     -0.0979574010 a       440     0    22     1    20
      0.0189074626 a       441     0    23     1     1
     -0.3765737417 a       442     0    23     1     2
      0.0063314299 a       443     0    23     1     3
     -0.2996090163 a       444     0    23     1     4
      0.4448560798 a       445     0    23     1     5
      0.4539251046 a       446     0    23     1     6
      0.0596900459 a       447     0    23     1     7
      0.4660058350 a       448     0    23     1     8
     -0.2070650115 a       449     0    23     1     9
      0.4169091363 a       450     0    23     1    10
     -0.0957111939 a       451     0    23     1    11
     -0.1584016180 a       452     0    23     1    12
      0.3642514248 a       453     0    23     1    13
      0.2291032624 a       454     0    23     1    14
     -0.2143612506 a       455     0    23     1    15
      0.2256214934 a       456     0    23     1    16
      0.2675627570 a       457     0    23     1    17
      0.1048348283 a       458     0    23     1    18
     -0.2427208975 a       459     0    23     1    19
      0.2158142537 a       460     0    23     1    20
      0.2352849806 a       461     0    24     1     1
      0.1010271878 a       462     0    24     1     2
     -0.0567523199 a       463     0    24     1     3
      0.4538962062 a       464     0    24     1     4
      0.2977091015 a       465     0    24     1     5
     -0.3964678892 a       466     0    24     1     6
      0.2348365149 a       467     0    24     1     7
      0.1592713384 a       468     0    24     1     8
     -0.0424640785 a       469     0    24     1     9
     -0.0795467973 a       470     0    24     1    10
      0.2770714050 a       471     0    24     1    11
      0.1980972331 a       472     0    24     1    12
      0.1704785037 a       473     0    24     1    13
     -0.0995221004 a       474     0    24     1    14
     -0.4850523350 a       475     0    24     1    15
     -0.3835984328 a       476     0    24     1    16
      0.1474036203 a       477     0    24     1    17
     -0.1087728848 a       478     0    24     1    18
     -0.3944576869 a       479     0    24     1    19
      0.3797696584 a       480     0    24     1    20
      0.4033543609 a       481     0    25     1     1
      0.4391056146 a       482     0    25     1     2
     -0.2726968419 a       483     0    25     1     3
     -0.3801867980 a       484     0    25     1     4
      0.3790095118 a       485     0    25     1     5
     -0.3804635000 a       486     0    25     1     6
      0.2119382699 a       487     0    25     1     7
     -0.1611817702 a       488     0    25     1     8
     -0.2138337785 a       489     0    25     1     9
      0.3356166522 a       490     0    25     1    10
      0.2655875983 a       491     0    25     1    11
      0.1565937939 a       492     0    25     1    12
     -0.1336222529 a       493     0    25     1    13
      0.1371986494 a       494     0    25     1    14
      0.0717719936 a       495     0    25     1    15
      0.2208952721 a       496     0    25     1    16
      0.0693486011 a       497     0    25     1    17
     -0.2247330525 a       498     0    25     1    18
      0.0509874196 a       499     0    25     1    19
      0.3172141810 a       500     0    25     1    20
      0.0383934504 a       501     0    26     1     1
     -0.1648261002 a       502     0    26     1     2
      0.2014759953 a       503     0    26     1     3
      0.2573668947 a       504     0    26     1     4
     -0.0567545431 a       505     0    26     1     5
      0.2924968852 a       506     0    26     1     6
      0.3330878011 a       507     0    26     1     7
     -0.2950543692 a       508     0    26     1     8
      0.4248041510 a       509     0    26     1     9
      0.1440103159 a       510     0    26     1    10
     -0.1102296433 a       511     0    26     1    11
      0.3189948113 a       512     0    26     1    12
     -0.1687871402 a       513     0    26     1    13
     -0.1199267798 a       514     0    26     1    14
      0.2095154835 a       515     0    26     1    15
     -0.0340708073 a       516     0    26     1    16
      0.3934461767 a       517     0    26     1    17
      0.1475542384 a       518     0    26     1    18
     -0.3317477979 a       519     0    26     1    19
      0.3995667934 a       520     0    26     1    20
     -0.1215637739 a       521     0    27     1     1
      0.1985950637 a       522     0    27     1     2
      0.3445077584 a       523     0    27     1     3
      0.0355342556 a       524     0    27     1     4
      0.2240056582 a       525     0    27     1     5
      0.2877944216 a       526     0    27     1     6
      0.3934981852 a       527     0    27     1     7
     -0.1780300901 a       528     0    27     1     8
      0.5492636275 a       529     0    27     1     9
     -0.2257813444 a       530     0    27     1    10
      0.1924512842 a       531     0    27     1    11
     -0.3046335855 a       532     0    27     1    12
     -0.0668556877 a       533     0    27     1    13
     -0.0292370449 a       534     0    27     1    14
     -0.2342127596 a       535     0    27     1    15
     -0.4690396095 a       536     0    27     1    16
     -0.2360102918 a       537     0    27     1    17
      0.3178817486 a       538     0    27     1    18
      0.2761403050 a       539     0    27     1    19
     -0.0367356921 a       540     0    27     1    20
      0.1726415327 a       541     0    28     1     1
      0.3980243166 a       542     0    28     1     2
     -0.1770127466 a       543     0    28     1     3
      0.1265576740 a       544     0    28     1     4
     -0.2428315195 a       545     0    28     1     5
      0.3804029278 a       546     0    28     1     6
     -0.4063583465 a       547     0    28     1     7
      0.2833059230 a       548     0    28     1     8
     -0.0542999282 a       549     0    28     1     9
      0.4079661458 a       550     0    28     1    10
      0.2793564753 a       551     0    28     1    11
     -0.2361700427 a       552     0    28     1    12
     -0.1924090604 a       553     0    28     1    13
      0.1666712781 a       554     0    28     1    14
      0.4205558777 a       555     0    28     1    15
     -0.0501862469 a       556     0    28     1    16
      0.5111815374 a       557     0    28     1    17
     -0.0904684815 a       558     0    28     1    18
     -0.3897975002 a       559     0    28     1    19
     -0.4207003457 a       560     0    28     1    20
      0.4409394989 a       561     0    29     1     1
      0.2440446989 a       562     0    29     1     2
     -0.2948138037 a       563     0    29     1     3
     -0.0762097014 a       564     0    29     1     4
     -0.1813818300 a       565     0    29     1     5
     -0.1806342821 a       566     0    29     1     6
     -0.2479438668 a       567     0    29     1     7
      0.0654609882 a       568     0    29     1     8
     -0.4709430336 a       569     0    29     1     9
      0.4166812037 a       570     0    29     1    10
     -0.2781423382 a       571     0    29     1    11
      0.4680512434 a       572     0    29     1    12
      0.1852424506 a       573     0    29     1    13
      0.0067173557 a       574     0    29     1    14
      0.0070041325 a       575     0    29     1    15
      0.0723488085 a       576     0    29     1    16
     -0.1971815932 a       577     0    29     1    17
      0.1931295067 a       578     0    29     1    18
     -0.1451784912 a       579     0    29     1    19
     -0.2539830995 a       580     0    29     1    20
     -0.2773060953 a       581     0    30     1     1
      0.3595410149 a       582     0    30     1     2
      0.1513088964 a       583     0    30     1     3
      0.3249892469 a       584     0    30     1     4
      0.4524376330 a       585     0    30     1     5
      0.3399462075 a       586     0    30     1     6
     -0.2932194481 a       587     0    30     1     7
     -0.4359083120 a       588     0    30     1     8
     -0.1008543275 a       589     0    30     1     9
     -0.3297040173 a       590     0    30     1    10
     -0.3917451640 a       591     0    30     1    11
     -0.2377994625 a       592     0    30     1    12
     -0.4726743250 a       593     0    30     1    13
     -0.2332008039 a       594     0    30     1    14
     -0.3177413141 a       595     0    30     1    15
      0.1284656783 a       596     0    30     1    16
     -0.1016006578 a       597     0    30     1    17
      0.2348556308 a       598     0    30     1    18
      0.0421140785 a       599     0    30     1    19
     -0.3699961237 a       600     0    30     1    20
     -0.3830827569 a       601     0    31     1     1
      0.3143946302 a       602     0    31     1     2
     -0.3788661059 a       603     0    31     1     3
     -0.0035345554 a       604     0    31     1     4
     -0.0785165184 a       605     0    31     1     5
     -0.0346144974 a       606     0    31     1     6
      0.0476321369 a       607     0    31     1     7
      0.1936004831 a       608     0    31     1     8
      0.2760758818 a       609     0    31     1     9
     -0.2458864835 a       610     0    31     1    10
     -0.2611128018 a       611     0    31     1    11
     -0.2402185725 a       612     0    31     1    12
      0.4323815709 a       613     0    31     1    13
     -0.3049613092 a       614     0    31     1    14
     -0.0372793014 a       615     0    31     1    15
     -0.1209711156 a       616     0    31     1    16
      0.0973055613 a       617     0    31     1    17
      0.4333892052 a       618     0    31     1    18
      0.1477370982 a       619     0    31     1    19
     -0.0818077192 a       620     0    31     1    20
      1.2862885573 b       621     1     1
      0.7084044736 b       622     1     2
     -1.0453833846 b       623     1     3
      0.0727711872 b       624     1     4
     -0.0689474615 b       625     1     5
      1.4584388834 b       626     1     6
      0.2314058682 b       627     1     7
     -0.6637719214 b       628     1     8
     -0.3704592396 b       629     1     9
      1.0777200596 b       630     1    10
      1.1668504238 b       631     1    11
      1.1517682456 b       632     1    12
      1.4998940256 b       633     1    13
      0.6025160025 b       634     1    14
     -0.8046595309 b       635     1    15
     -0.6530533405 b       636     1    16
      1.1566710543 b       637     1    17
     -0.2096253550 b       638     1    18
      0.3598141567 b       639     1    19
      1.0002896661 b       640     1    20
      0.1051848493 a       641     1     1     2     1
      0.0545284985 a       642     1     1     2     2
     -0.1196788678 a       643     1     1     2     3
     -0.5087577353 a       644     1     1     2     4
     -0.4379401461 a       645     1     1     2     5
      0.1289675771 a       646     1     1     2     6
     -0.0065788604 a       647     1     1     2     7
      0.2715371774 a       648     1     1     2     8
      0.2064288177 a       649     1     1     2     9
      0.5379057152 a       650     1     1     2    10
     -0.6289835891 a       651     1     1     2    11
     -0.2818543757 a       652     1     1     2    12
      0.3103252136 a       653     1     1     2    13
      0.1506316677 a       654     1     1     2    14
     -0.1259979207 a       655     1     1     2    15
     -0.3001311646 a       656     1     1     2    16
      0.1276798254 a       657     1     1     2    17
      0.5428977494 a       658     1     1     2    18
     -0.1783764484 a       659     1     1     2    19
      0.2314272251 a       660     1     1     2    20
      0.2317732354 a       661     1     2     2     1
      0.5475390064 a       662     1     2     2     2
     -0.3788057371 a       663     1     2     2     3
     -0.5725848829 a       664     1     2     2     4
     -0.1178902656 a       665     1     2     2     5
      0.0151197789 a       666     1     2     2     6
     -0.2949502730 a       667     1     2     2     7
     -0.5192244674 a       668     1     2     2     8
      0.1418351006 a       669     1     2     2     9
      0.0204317800 a       670     1     2     2    10
      0.4036763434 a       671     1     2     2    11
     -0.0728076889 a       672     1     2     2    12
     -0.2158333610 a       673     1     2     2    13
     -0.4732199760 a       674     1     2     2    14
      0.3904926019 a       675     1     2     2    15
      0.4707584932 a       676     1     2     2    16
      0.5368921947 a       677     1     2     2    17
      0.1552395488 a       678     1     2     2    18
      0.4574285610 a       679     1     2     2    19
     -0.2567980438 a       680     1     2     2    20
     -0.2168903533 a       681     1     3     2     1
      0.2032692193 a       682     1     3     2     2
      0.4121388379 a       683     1     3     2     3
     -0.1579632456 a       684     1     3     2     4
      0.0332634888 a       685     1     3     2     5
     -0.4920643109 a       686     1     3     2     6
      0.0411093711 a       687     1     3     2     7
     -0.2642377773 a       688     1     3     2     8
     -0.3298221164 a       689     1     3     2     9
      0.4640212759 a       690     1     3     2    10
     -0.3755387738 a       691     1     3     2    11
      0.4332518502 a       692     1     3     2    12
     -0.4903375210 a       693     1     3     2    13
      0.5688827521 a       694     1     3     2    14
      0.4268179437 a       695     1     3     2    15
     -0.5722105807 a       696     1     3     2    16
      0.4341647321 a       697     1     3     2    17
     -0.0470689676 a       698     1     3     2    18
      0.5226030410 a       699     1     3     2    19
      0.5365208403 a       700     1     3     2    20
      0.4523431083 a       701     1     4     2     1
     -0.4520147784 a       702     1     4     2     2
     -0.0405574695 a       703     1     4     2     3
      0.4070458622 a       704     1     4     2     4
      0.1910997509 a       705     1     4     2     5
     -0.0865548812 a       706     1     4     2     6
      0.4513527209 a       707     1     4     2     7
      0.3127957502 a       708     1     4     2     8
      0.5382122058 a       709     1     4     2     9
     -0.5422761136 a       710     1     4     2    10
     -0.0475878186 a       711     1     4     2    11
     -0.1494406794 a       712     1     4     2    12
      0.5256755979 a       713     1     4     2    13
     -0.4655948064 a       714     1     4     2    14
      0.1648779883 a       715     1     4     2    15
      0.1034643695 a       716     1     4     2    16
     -0.2584522773 a       717     1     4     2    17
     -0.1555292027 a       718     1     4     2    18
     -0.2768386570 a       719     1     4     2    19
     -0.4261129908 a       720     1     4     2    20
      0.3503013841 a       721     1     5     2     1
      0.1012175763 a       722     1     5     2     2
     -0.3016682926 a       723     1     5     2     3
     -0.1331602863 a       724     1     5     2     4
     -0.1103822934 a       725     1     5     2     5
      0.5765409607 a       726     1     5     2     6
     -0.4980696997 a       727     1     5     2     7
     -0.4106898575 a       728     1     5     2     8
      0.4173690131 a       729     1     5     2     9
      0.0805924037 a       730     1     5     2    10
     -0.2732392789 a       731     1     5     2    11
     -0.4355133316 a       732     1     5     2    12
     -0.2487904066 a       733     1     5     2    13
      0.1777876288 a       734     1     5     2    14
     -0.2584068020 a       735     1     5     2    15
     -0.6755514870 a       736     1     5     2    16
      0.0297542630 a       737     1     5     2    17
      0.3798963570 a       738     1     5     2    18
     -0.2496511460 a       739     1     5     2    19
     -0.2972449338 a       740     1     5     2    20
      0.3065904700 a       741     1     6     2     1
      0.3997468512 a       742     1     6     2     2
      0.5783874861 a       743     1     6     2     3
     -0.4578868712 a       744     1     6     2     4
     -0.5095095942 a       745     1     6     2     5
     -0.5755507698 a       746     1     6     2     6
     -0.4498502340 a       747     1     6     2     7
     -0.1643816003 a       748     1     6     2     8
      0.4565987865 a       749     1     6     2     9
      0.4336606097 a       750     1     6     2    10
     -0.5831293009 a       751     1     6     2    11
     -0.1567093296 a       752     1     6     2    12
      0.0289024676 a       753     1     6     2    13
     -0.4700363323 a       754     1     6     2    14
      0.5563576424 a       755     1     6     2    15
      0.3834883292 a       756     1     6     2    16
      0.3384961746 a       757     1     6     2    17
     -0.4906334587 a       758     1     6     2    18
     -0.1489697588 a       759     1     6     2    19
      0.1947151895 a       760     1     6     2    20
      0.1203308710 a       761     1     7     2     1
      0.2732177310 a       762     1     7     2     2
     -0.4983855825 a       763     1     7     2     3
     -0.4676547549 a       764     1     7     2     4
      0.4955020386 a       765     1     7     2     5
     -0.1264415596 a       766     1     7     2     6
     -0.2764976625 a       767     1     7     2     7
     -0.0188950721 a       768     1     7     2     8
      0.4125815882 a       769     1     7     2     9
     -0.0190413423 a       770     1     7     2    10
      0.3631196128 a       771     1     7     2    11
     -0.5916555301 a       772     1     7     2    12
     -0.1764868928 a       773     1     7     2    13
      0.4006864902 a       774     1     7     2    14
      0.4358084250 a       775     1     7     2    15
      0.0300377108 a       776     1     7     2    16
      0.1615504727 a       777     1     7     2    17
      0.1295088861 a       778     1     7     2    18
      0.1500894640 a       779     1     7     2    19
      0.1669246564 a       780     1     7     2    20
      0.5338356515 a       781     1     8     2     1
      0.5110199564 a       782     1     8     2     2
      0.5883166531 a       783     1     8     2     3
      0.2943271108 a       784     1     8     2     4
      0.1404677277 a       785     1     8     2     5
     -0.3844361967 a       786     1     8     2     6
     -0.3520369973 a       787     1     8     2     7
      0.3847611670 a       788     1     8     2     8
      0.3601581026 a       789     1     8     2     9
     -0.2967668881 a       790     1     8     2    10
      0.5850757993 a       791     1     8     2    11
     -0.1931892610 a       792     1     8     2    12
      0.5650753652 a       793     1     8     2    13
      0.3488219949 a       794     1     8     2    14
     -0.5803585818 a       795     1     8     2    15
      0.3075243959 a       796     1     8     2    16
      0.4800495285 a       797     1     8     2    17
     -0.4378443865 a       798     1     8     2    18
      0.5401623409 a       799     1     8     2    19
      0.2181671483 a       800     1     8     2    20
      0.4480591687 a       801     1     9     2     1
      0.1930366026 a       802     1     9     2     2
     -0.1283242769 a       803     1     9     2     3
     -0.4680369203 a       804     1     9     2     4
      0.4383948641 a       805     1     9     2     5
      0.4222880910 a       806     1     9     2     6
     -0.3727762932 a       807     1     9     2     7
     -0.3890446953 a       808     1     9     2     8
      0.3628619093 a       809     1     9     2     9
      0.4341426116 a       810     1     9     2    10
      0.1161213775 a       811     1     9     2    11
      0.0495477810 a       812     1     9     2    12
      0.4893161965 a       813     1     9     2    13
      0.3463291119 a       814     1     9     2    14
     -0.2900816264 a       815     1     9     2    15
     -0.2366177682 a       816     1     9     2    16
     -0.2980539050 a       817     1     9     2    17
      0.0936799698 a       818     1     9     2    18
     -0.1894027420 a       819     1     9     2    19
     -0.4004069644 a       820     1     9     2    20
      0.1984670592 a       821     1    10     2     1
      0.2445756288 a       822     1    10     2     2
      0.1339901941 a       823     1    10     2     3
     -0.1138812794 a       824     1    10     2     4
      0.5441306480 a       825     1    10     2     5
     -0.5316661753 a       826     1    10     2     6
     -0.4883821774 a       827     1    10     2     7
      0.5637207048 a       828     1    10     2     8
      0.0221693295 a       829     1    10     2     9
     -0.5812499937 a       830     1    10     2    10
      0.3223815497 a       831     1    10     2    11
      0.1349670997 a       832     1    10     2    12
     -0.1155174619 a       833     1    10     2    13
     -0.1462864241 a       834     1    10     2    14
      0.4832306067 a       835     1    10     2    15
      0.3259915549 a       836     1    10     2    16
      0.3037831986 a       837     1    10     2    17
      0.2980379606 a       838     1    10     2    18
      0.4743871019 a       839     1    10     2    19
     -0.5782452605 a       840     1    10     2    20
     -0.5158125297 a       841     1    11     2     1
      0.1299215907 a       842     1    11     2     2
      0.1011658635 a       843     1    11     2     3
      0.4209685559 a       844     1    11     2     4
     -0.2636074336 a       845     1    11     2     5
     -0.6129406078 a       846     1    11     2     6
      0.3256581737 a       847     1    11     2     7
      0.4323682735 a       848     1    11     2     8
      0.5223237190 a       849     1    11     2     9
      0.2986107011 a       850     1    11     2    10
      0.2366274074 a       851     1    11     2    11
     -0.3498971072 a       852     1    11     2    12
     -0.5141763917 a       853     1    11     2    13
      0.3650718790 a       854     1    11     2    14
      0.0816403094 a       855     1    11     2    15
     -0.1437289762 a       856     1    11     2    16
     -0.4030521315 a       857     1    11     2    17
     -0.5244891006 a       858     1    11     2    18
     -0.4064737129 a       859     1    11     2    19
      0.3149714602 a       860     1    11     2    20
      0.3834159920 a       861     1    12     2     1
      0.3928937323 a       862     1    12     2     2
      0.2016832030 a       863     1    12     2     3
      0.2698344795 a       864     1    12     2     4
     -0.2612993921 a       865     1    12     2     5
      0.0260626735 a       866     1    12     2     6
      0.3500667705 a       867     1    12     2     7
     -0.1518372870 a       868     1    12     2     8
      0.4241105473 a       869     1    12     2     9
     -0.3517755854 a       870     1    12     2    10
     -0.0849397036 a       871     1    12     2    11
      0.6353748093 a       872     1    12     2    12
      0.4578840653 a       873     1    12     2    13
     -0.3604322494 a       874     1    12     2    14
     -0.1207407020 a       875     1    12     2    15
      0.1825084665 a       876     1    12     2    16
      0.3729301749 a       877     1    12     2    17
     -0.6591946160 a       878     1    12     2    18
      0.2443842415 a       879     1    12     2    19
     -0.4485733559 a       880     1    12     2    20
      0.2560418355 a       881     1    13     2     1
     -0.4933994448 a       882     1    13     2     2
     -0.3816604123 a       883     1    13     2     3
      0.4282599236 a       884     1    13     2     4
     -0.3668173543 a       885     1    13     2     5
     -0.2539336851 a       886     1    13     2     6
     -0.4519714072 a       887     1    13     2     7
      0.4314803267 a       888     1    13     2     8
     -0.5071672002 a       889     1    13     2     9
      0.0040755446 a       890     1    13     2    10
     -0.1172660611 a       891     1    13     2    11
      0.2460359490 a       892     1    13     2    12
     -0.1941685398 a       893     1    13     2    13
      0.1473233528 a       894     1    13     2    14
      0.6223254880 a       895     1    13     2    15
      0.2846964935 a       896     1    13     2    16
      0.0854490145 a       897     1    13     2    17
      0.1487149364 a       898     1    13     2    18
      0.1325399830 a       899     1    13     2    19
      0.3149369603 a       900     1    13     2    20
     -0.5350709864 a       901     1    14     2     1
     -0.0248022341 a       902     1    14     2     2
      0.0080621173 a       903     1    14     2     3
      0.3844268003 a       904     1    14     2     4
     -0.5130945893 a       905     1    14     2     5
     -0.1600795434 a       906     1    14     2     6
     -0.3690996497 a       907     1    14     2     7
     -0.2307239503 a       908     1    14     2     8
      0.2202158019 a       909     1    14     2     9
     -0.1378818019 a       910     1    14     2    10
      0.2250331991 a       911     1    14     2    11
     -0.5267886196 a       912     1    14     2    12
      0.5123875234 a       913     1    14     2    13
     -0.2778107438 a       914     1    14     2    14
     -0.5294456965 a       915     1    14     2    15
      0.1594035875 a       916     1    14     2    16
      0.5665758849 a       917     1    14     2    17
      0.6836311452 a       918     1    14     2    18
     -0.3106962418 a       919     1    14     2    19
      0.3336495335 a       920     1    14     2    20
      0.2927159596 a       921     1    15     2     1
     -0.4677685702 a       922     1    15     2     2
      0.5955671815 a       923     1    15     2     3
     -0.1579520526 a       924     1    15     2     4
      0.1668712342 a       925     1    15     2     5
      0.0672897247 a       926     1    15     2     6
     -0.3535442991 a       927     1    15     2     7
     -0.1382454188 a       928     1    15     2     8
      0.2190414312 a       929     1    15     2     9
     -0.2021890720 a       930     1    15     2    10
      0.2588120334 a       931     1    15     2    11
     -0.2705742173 a       932     1    15     2    12
      0.2956596160 a       933     1    15     2    13
     -0.4172702738 a       934     1    15     2    14
     -0.1318960756 a       935     1    15     2    15
     -0.0895885251 a       936     1    15     2    16
     -0.4607185764 a       937     1    15     2    17
     -0.3229530379 a       938     1    15     2    18
      0.4755369074 a       939     1    15     2    19
      0.3154565914 a       940     1    15     2    20
      0.4402425616 a       941     1    16     2     1
     -0.4063223227 a       942     1    16     2     2
      0.4006554751 a       943     1    16     2     3
     -0.3595046487 a       944     1    16     2     4
      0.2335426579 a       945     1    16     2     5
      0.2032419218 a       946     1    16     2     6
      0.3204532054 a       947     1    16     2     7
      0.2810444080 a       948     1    16     2     8
      0.2047969373 a       949     1    16     2     9
     -0.5020627786 a       950     1    16     2    10
     -0.1662499189 a       951     1    16     2    11
     -0.1846197464 a       952     1    16     2    12
     -0.2816548965 a       953     1    16     2    13
      0.3426732820 a       954     1    16     2    14
      0.2210667687 a       955     1    16     2    15
      0.1653572307 a       956     1    16     2    16
      0.5221759868 a       957     1    16     2    17
     -0.1512046447 a       958     1    16     2    18
      0.4698906137 a       959     1    16     2    19
      0.3728278374 a       960     1    16     2    20
      0.3125545056 a       961     1    17     2     1
     -0.1327497971 a       962     1    17     2     2
     -0.6098850579 a       963     1    17     2     3
      0.2837601706 a       964     1    17     2     4
     -0.0123362716 a       965     1    17     2     5
      0.4591289623 a       966     1    17     2     6
      0.0983333468 a       967     1    17     2     7
     -0.5719247001 a       968     1    17     2     8
      0.1693680321 a       969     1    17     2     9
     -0.4406319217 a       970     1    17     2    10
      0.6208101055 a       971     1    17     2    11
     -0.5826497920 a       972     1    17     2    12
      0.1987525986 a       973     1    17     2    13
      0.5308458780 a       974     1    17     2    14
     -0.2508891873 a       975     1    17     2    15
      0.0537614802 a       976     1    17     2    16
      0.0956822900 a       977     1    17     2    17
     -0.0068207862 a       978     1    17     2    18
      0.3547415275 a       979     1    17     2    19
      0.3961312298 a       980     1    17     2    20
     -0.0807606987 a       981     1    18     2     1
      0.5471268591 a       982     1    18     2     2
     -0.2580588316 a       983     1    18     2     3
      0.2503824892 a       984     1    18     2     4
      0.4307999754 a       985     1    18     2     5
      0.0582510510 a       986     1    18     2     6
      0.1714231210 a       987     1    18     2     7
      0.5178148478 a       988     1    18     2     8
      0.2671024285 a       989     1    18     2     9
      0.2389688855 a       990     1    18     2    10
      0.5278041788 a       991     1    18     2    11
      0.2353590801 a       992     1    18     2    12
     -0.2355864745 a       993     1    18     2    13
     -0.1728184146 a       994     1    18     2    14
      0.1585145051 a       995     1    18     2    15
     -0.6375064706 a       996     1    18     2    16
      0.3066542750 a       997     1    18     2    17
      0.3495315929 a       998     1    18     2    18
      0.4117483201 a       999     1    18     2    19
     -0.4012871342 a      1000     1    18     2    20
      0.4140737809 a      1001     1    19     2     1
      0.5524884718 a      1002     1    19     2     2
     -0.3321527015 a      1003     1    19     2     3
      0.4520303170 a      1004     1    19     2     4
      0.5720343320 a      1005     1    19     2     5
     -0.5451328262 a      1006     1    19     2     6
     -0.4205121249 a      1007     1    19     2     7
     -0.3659407280 a      1008     1    19     2     8
      0.4795543447 a      1009     1    19     2     9
      0.3303991469 a      1010     1    19     2    10
      0.2236319324 a      1011     1    19     2    11
      0.0156292112 a      1012     1    19     2    12
      0.0281259552 a      1013     1    19     2    13
     -0.0111710584 a      1014     1    19     2    14
      0.4504988931 a      1015     1    19     2    15
      0.1404523379 a      1016     1    19     2    16
      0.5522250555 a      1017     1    19     2    17
     -0.2289704982 a      1018     1    19     2    18
     -0.1196689648 a      1019     1    19     2    19
     -0.5325277279 a      1020     1    19     2    20
      0.5012253905 a      1021     1    20     2     1
      0.2650776641 a      1022     1    20     2     2
     -0.0054756421 a      1023     1    20     2     3
     -0.1391022905 a      1024     1    20     2     4
     -0.4948454626 a      1025     1    20     2     5
      0.2587692916 a      1026     1    20     2     6
      0.5574767096 a      1027     1    20     2     7
      0.2099345445 a      1028     1    20     2     8
     -0.4362121640 a      1029     1    20     2     9
     -0.3876937736 a      1030     1    20     2    10
      0.0141278124 a      1031     1    20     2    11
      0.6005947036 a      1032     1    20     2    12
      0.5313530620 a      1033     1    20     2    13
      0.4650384465 a      1034     1    20     2    14
     -0.0030251582 a      1035     1    20     2    15
      0.7132550008 a      1036     1    20     2    16
     -0.0920762051 a      1037     1    20     2    17
      0.3278657781 a      1038     1    20     2    18
     -0.5450249652 a      1039     1    20     2    19
     -0.0902994887 a      1040     1    20     2    20
     -0.7286441926 b      1041     2     1
     -0.6229526579 b      1042     2     2
     -1.3080328122 b      1043     2     3
     -1.0825687851 b      1044     2     4
      0.4745112351 b      1045     2     5
     -0.3309872231 b      1046     2     6
     -0.5929835903 b      1047     2     7
      0.6840407145 b      1048     2     8
      1.3925673204 b      1049     2     9
     -0.0848791251 b      1050     2    10
      1.4993213099 b      1051     2    11
     -0.4013823623 b      1052     2    12
      0.7605874763 b      1053     2    13
      0.6489878712 b      1054     2    14
      1.0320669047 b      1055     2    15
      0.5283371946 b      1056     2    16
      0.9075132701 b      1057     2    17
      0.7224317449 b      1058     2    18
      0.6145416172 b      1059     2    19
     -0.5782450765 b      1060     2    20
      0.0131823372 a      1061     2     1     3     1
     -0.0061863698 a      1062     2     2     3     1
     -0.0072654388 a      1063     2     3     3     1
      0.0077665600 a      1064     2     4     3     1
     -0.0083435310 a      1065     2     5     3     1
      0.0167095948 a      1066     2     6     3     1
      0.0138188202 a      1067     2     7     3     1
     -0.0071545560 a      1068     2     8     3     1
     -0.0004200975 a      1069     2     9     3     1
      0.0072976188 a      1070     2    10     3     1
     -0.0067613937 a      1071     2    11     3     1
      0.0039205293 a      1072     2    12     3     1
      0.0044649039 a      1073     2    13     3     1
      0.0095338764 a      1074     2    14     3     1
      0.0066866395 a      1075     2    15     3     1
      0.0054458541 a      1076     2    16     3     1
     -0.0050856069 a      1077     2    17     3     1
      0.0109711101 a      1078     2    18     3     1
      0.0014540866 a      1079     2    19     3     1
     -0.0083777422 a      1080     2    20     3     1
     19.6558565643 b      1081     3     1
