     -0.8216277105 a         1     0     1     1     1
     -0.5205687572 a         2     0     1     1     2
     -0.5717087436 a         3     0     1     1     3
     -0.1573128631 a         4     0     1     1     4
      0.2416367051 a         5     0     1     1     5
      0.4022201328 a         6     0     1     1     6
      0.8172632131 a         7     0     1     1     7
      0.2206904404 a         8     0     1     1     8
      0.8850168392 a         9     0     1     1     9
      0.1772295424 a        10     0     1     1    10
     -0.0187425497 a        11     0     1     1    11
      0.4580646362 a        12     0     1     1    12
      0.4975184258 a        13     0     1     1    13
      0.7352995802 a        14     0     1     1    14
     -0.6869418976 a        15     0     1     1    15
      0.4614372013 a        16     0     2     1     1
     -0.2770232609 a        17     0     2     1     2
     -0.8913975081 a        18     0     2     1     3
     -0.1488168583 a        19     0     2     1     4
     -0.2430420555 a        20     0     2     1     5
     -0.7773207981 a        21     0     2     1     6
     -0.4588008341 a        22     0     2     1     7
      0.3486439365 a        23     0     2     1     8
     -0.9454306611 a        24     0     2     1     9
     -0.0621028763 a        25     0     2     1    10
      0.0506182325 a        26     0     2     1    11
      0.1191992043 a        27     0     2     1    12
      0.1639059220 a        28     0     2     1    13
      0.4707423984 a        29     0     2     1    14
     -0.3693792480 a        30     0     2     1    15
      0.2678068734 a        31     0     3     1     1
      0.2591862214 a        32     0     3     1     2
      0.5335292140 a        33     0     3     1     3
     -0.7987637170 a        34     0     3     1     4
     -0.6960512830 a        35     0     3     1     5
     -0.9408262832 a        36     0     3     1     6
      0.6472681990 a        37     0     3     1     7
     -0.7085767724 a        38     0     3     1     8
     -0.3531625475 a        39     0     3     1     9
     -0.5933444270 a        40     0     3     1    10
     -0.1108534328 a        41     0     3     1    11
      0.0178973054 a        42     0     3     1    12
     -0.1976912200 a        43     0     3     1    13
     -0.1793864247 a        44     0     3     1    14
      0.9244755155 a        45     0     3     1    15
      0.0371969363 a        46     0     4     1     1
     -0.1354655431 a        47     0     4     1     2
     -0.2837283777 a        48     0     4     1     3
     -0.1386076868 a        49     0     4     1     4
      0.6375133671 a        50     0     4     1     5
      0.3417093052 a        51     0     4     1     6
     -0.9319392207 a        52     0     4     1     7
     -0.9404995399 a        53     0     4     1     8
      0.0974829916 a        54     0     4     1     9
     -0.5918736073 a        55     0     4     1    10
     -0.9153729173 a        56     0     4     1    11
     -0.0080337304 a        57     0     4     1    12
     -0.4948901023 a        58     0     4     1    13
      0.7555641904 a        59     0     4     1    14
      0.7250090629 a        60     0     4     1    15
      0.2983263161 a        61     0     5     1     1
      0.7046331224 a        62     0     5     1     2
     -0.6632841028 a        63     0     5     1     3
     -0.1503479504 a        64     0     5     1     4
     -0.8581777578 a        65     0     5     1     5
      0.2287831935 a        66     0     5     1     6
     -0.2878549343 a        67     0     5     1     7
     -0.2839514280 a        68     0     5     1     8
      0.9794043634 a        69     0     5     1     9
      0.3093601763 a        70     0     5     1    10
      0.4816400723 a        71     0     5     1    11
     -0.2642244503 a        72     0     5     1    12
     -0.2017478709 a        73     0     5     1    13
      0.5811265049 a        74     0     5     1    14
     -0.3383306022 a        75     0     5     1    15
      0.9386448897 a        76     0     6     1     1
     -0.5444934083 a        77     0     6     1     2
     -0.1391113394 a        78     0     6     1     3
     -0.6314094530 a        79     0     6     1     4
     -0.0053077736 a        80     0     6     1     5
      0.7719194590 a        81     0     6     1     6
     -0.9659675011 a        82     0     6     1     7
      0.8460078617 a        83     0     6     1     8
     -0.9091118831 a        84     0     6     1     9
     -0.7722786462 a        85     0     6     1    10
      0.2280513884 a        86     0     6     1    11
      0.7757276889 a        87     0     6     1    12
     -0.2370116652 a        88     0     6     1    13
     -0.4256739188 a        89     0     6     1    14
     -0.7773507215 a        90     0     6     1    15
     -0.0339877428 a        91     0     7     1     1
     -0.0780358315 a        92     0     7     1     2
     -0.3438292267 a        93     0     7     1     3
      0.8133763752 a        94     0     7     1     4
     -0.8343994037 a        95     0     7     1     5
     -0.6688491266 a        96     0     7     1     6
     -0.2519930121 a        97     0     7     1     7
      0.9229518652 a        98     0     7     1     8
      0.0610500318 a        99     0     7     1     9
     -0.4092178188 a       100     0     7     1    10
      0.2780502224 a       101     0     7     1    11
      0.6440897862 a       102     0     7     1    12
     -0.0115576815 a       103     0     7     1    13
      0.9269737108 a       104     0     7     1    14
     -0.7252604318 a       105     0     7     1    15
      0.5672686843 a       106     0     8     1     1
     -0.7582124118 a       107     0     8     1     2
     -0.7088796518 a       108     0     8     1     3
     -0.2171477645 a       109     0     8     1     4
     -0.5144225526 a       110     0     8     1     5
      0.6097605151 a       111     0     8     1     6
      0.8524224487 a       112     0     8     1     7
     -1.0191421717 a       113     0     8     1     8
      0.6289202116 a       114     0     8     1     9
      0.2661055944 a       115     0     8     1    10
      0.0301739417 a       116     0     8     1    11
      0.6178487080 a       117     0     8     1    12
     -0.9021800430 a       118     0     8     1    13
     -0.5498703280 a       119     0     8     1    14
      0.0977300387 a       120     0     8     1    15
      0.0723521936 a       121     0     9     1     1
      0.2770211213 a       122     0     9     1     2
     -0.9103807767 a       123     0     9     1     3
      0.3946039328 a       124     0     9     1     4
      0.7462525390 a       125     0     9     1     5
      0.7507164905 a       126     0     9     1     6
     -0.6644511126 a       127     0     9     1     7
     -0.1842719354 a       128     0     9     1     8
      0.3524337641 a       129     0     9     1     9
      0.9386291060 a       130     0     9     1    10
      0.1292189491 a       131     0     9     1    11
      0.2589528696 a       132     0     9     1    12
     -0.3462536911 a       133     0     9     1    13
     -0.4927612326 a       134     0     9     1    14
     -0.8358101790 a       135     0     9     1    15
      0.2499575546 a       136     0    10     1     1
      0.5945679584 a       137     0    10     1     2
      0.4525263974 a       138     0    10     1     3
      0.1655470938 a       139     0    10     1     4
     -0.6428006633 a       140     0    10     1     5
      0.2815262239 a       141     0    10     1     6
     -0.2287578084 a       142     0    10     1     7
     -0.4332312621 a       143     0    10     1     8
     -0.2417337561 a       144     0    10     1     9
      0.7073130721 a       145     0    10     1    10
     -0.0792991726 a       146     0    10     1    11
     -0.6673149037 a       147     0    10     1    12
     -0.2651240258 a       148     0    10     1    13
     -0.5365473519 a       149     0    10     1    14
     -0.6512734005 a       150     0    10     1    15
      0.6691597004 a       151     0    11     1     1
      0.2481956075 a       152     0    11     1     2
     -0.5164213983 a       153     0    11     1     3
      0.2231155702 a       154     0    11     1     4
     -0.8199128611 a       155     0    11     1     5
     -0.5449317799 a       156     0    11     1     6
      0.2930122507 a       157     0    11     1     7
      0.3502928829 a       158     0    11     1     8
      0.8129362489 a       159     0    11     1     9
     -0.3278018209 a       160     0    11     1    10
     -0.3090421432 a       161     0    11     1    11
      0.9394563200 a       162     0    11     1    12
     -0.4979888642 a       163     0    11     1    13
      0.4542976632 a       164     0    11     1    14
     -0.2073041606 a       165     0    11     1    15
      0.7050711535 a       166     0    12     1     1
     -0.2426049354 a       167     0    12     1     2
      0.3201342907 a       168     0    12     1     3
      0.1369646677 a       169     0    12     1     4
      0.0925830052 a       170     0    12     1     5
      0.7518123675 a       171     0    12     1     6
      0.9360532865 a       172     0    12     1     7
     -0.6930542692 a       173     0    12     1     8
      0.6608036124 a       174     0    12     1     9
     -0.0004637391 a       175     0    12     1    10
     -0.5772149539 a       176     0    12     1    11
      0.4176107996 a       177     0    12     1    12
     -0.3373875511 a       178     0    12     1    13
     -0.3137557119 a       179     0    12     1    14
     -0.7857219786 a       180     0    12     1    15
      0.8273913329 a       181     0    13     1     1
     -0.9725496897 a       182     0    13     1     2
      0.7342901719 a       183     0    13     1     3
     -0.3309837849 a       184     0    13     1     4
      0.0113515167 a       185     0    13     1     5
      0.7429393055 a       186     0    13     1     6
      0.2017479827 a       187     0    13     1     7
     -0.2549305139 a       188     0    13     1     8
      0.0503535769 a       189     0    13     1     9
      0.7689589687 a       190     0    13     1    10
     -0.7355001264 a       191     0    13     1    11
      0.0069968387 a       192     0    13     1    12
      0.3605804788 a       193     0    13     1    13
     -0.4998542137 a       194     0    13     1    14
     -0.7319982684 a       195     0    13     1    15
      0.5722861248 a       196     0    14     1     1
     -0.0461037666 a       197     0    14     1     2
     -0.8979655187 a       198     0    14     1     3
      0.7009087531 a       199     0    14     1     4
     -0.2829851627 a       200     0    14     1     5
      0.0093933623 a       201     0    14     1     6
      0.6634317593 a       202     0    14     1     7
     -0.4757323952 a       203     0    14     1     8
     -0.7788085047 a       204     0    14     1     9
     -0.0262638015 a       205     0    14     1    10
     -0.0469450174 a       206     0    14     1    11
     -0.7898024604 a       207     0    14     1    12
     -0.5302373758 a       208     0    14     1    13
     -0.6569514744 a       209     0    14     1    14
     -0.2042066500 a       210     0    14     1    15
     -0.4147033816 a       211     0    15     1     1
      0.6772260964 a       212     0    15     1     2
      0.2309660947 a       213     0    15     1     3
      0.8830120025 a       214     0    15     1     4
      0.2971797173 a       215     0    15     1     5
      0.4651495987 a       216     0    15     1     6
     -0.4237124609 a       217     0    15     1     7
     -0.3834304373 a       218     0    15     1     8
      0.3780789154 a       219     0    15     1     9
      0.4826597447 a       220     0    15     1    10
      0.3928103893 a       221     0    15     1    11
      0.0108675593 a       222     0    15     1    12
     -0.7395882706 a       223     0    15     1    13
     -0.9621618063 a       224     0    15     1    14
     -0.3811387366 a       225     0    15     1    15
     -0.0913477638 a       226     0    16     1     1
     -0.0030387755 a       227     0    16     1     2
      0.8918052826 a       228     0    16     1     3
     -0.7993909403 a       229     0    16     1     4
      0.1821825816 a       230     0    16     1     5
      0.8168924085 a       231     0    16     1     6
      0.8944781194 a       232     0    16     1     7
      0.3089334971 a       233     0    16     1     8
      0.5366997320 a       234     0    16     1     9
      0.7968966105 a       235     0    16     1    10
      0.2962175140 a       236     0    16     1    11
     -0.2216197474 a       237     0    16     1    12
     -0.0282172694 a       238     0    16     1    13
      0.2736345815 a       239     0    16     1    14
     -0.9794161007 a       240     0    16     1    15
      0.6042317213 a       241     0    17     1     1
      0.5064259615 a       242     0    17     1     2
     -0.8320268934 a       243     0    17     1     3
      0.0378849117 a       244     0    17     1     4
      0.9445598301 a       245     0    17     1     5
      0.6979312580 a       246     0    17     1     6
     -0.8081114572 a       247     0    17     1     7
      0.4015409391 a       248     0    17     1     8
     -0.5083459571 a       249     0    17     1     9
      0.3742433874 a       250     0    17     1    10
     -0.2946442672 a       251     0    17     1    11
      0.6988510865 a       252     0    17     1    12
     -0.3246765002 a       253     0    17     1    13
     -0.7602852104 a       254     0    17     1    14
     -0.5276375273 a       255     0    17     1    15
     -0.8965210841 a       256     0    18     1     1
     -0.1389227626 a       257     0    18     1     2
      0.1323353537 a       258     0    18     1     3
      0.1605466883 a       259     0    18     1     4
     -0.7525574428 a       260     0    18     1     5
      0.4417994110 a       261     0    18     1     6
      0.7512247919 a       262     0    18     1     7
     -0.0274586346 a       263     0    18     1     8
     -0.3693612019 a       264     0    18     1     9
      0.8691296018 a       265     0    18     1    10
      0.9263621171 a       266     0    18     1    11
      0.2005876122 a       267     0    18     1    12
      0.7543593158 a       268     0    18     1    13
      0.8165939409 a       269     0    18     1    14
     -0.6477977116 a       270     0    18     1    15
     -0.4848321308 a       271     0    19     1     1
     -0.3895843007 a       272     0    19     1     2
      0.8250203974 a       273     0    19     1     3
     -0.4565359919 a       274     0    19     1     4
      0.8097557996 a       275     0    19     1     5
     -0.4659338099 a       276     0    19     1     6
      0.4814291983 a       277     0    19     1     7
     -0.6774883622 a       278     0    19     1     8
      0.0268373810 a       279     0    19     1     9
     -0.8868064288 a       280     0    19     1    10
     -0.7676902311 a       281     0    19     1    11
      0.4348697188 a       282     0    19     1    12
      0.2558018421 a       283     0    19     1    13
      0.9452865885 a       284     0    19     1    14
      0.2009349922 a       285     0    19     1    15
      0.9472254097 a       286     0    20     1     1
      0.8710370236 a       287     0    20     1     2
     -0.4739641848 a       288     0    20     1     3
     -0.4432201255 a       289     0    20     1     4
     -0.7426978328 a       290     0    20     1     5
     -0.0118615495 a       291     0    20     1     6
      0.3117018343 a       292     0    20     1     7
     -0.9156641337 a       293     0    20     1     8
      0.0690195927 a       294     0    20     1     9
     -0.0307687403 a       295     0    20     1    10
     -0.9383396855 a       296     0    20     1    11
     -0.5156688875 a       297     0    20     1    12
     -0.0099677921 a       298     0    20     1    13
     -0.4545095093 a       299     0    20     1    14
      0.6113863837 a       300     0    20     1    15
     -0.6098322223 a       301     0    21     1     1
     -0.3642525336 a       302     0    21     1     2
     -0.5239697859 a       303     0    21     1     3
      0.1904153421 a       304     0    21     1     4
      0.8853569054 a       305     0    21     1     5
      0.5607485924 a       306     0    21     1     6
     -0.7965560915 a       307     0    21     1     7
     -0.4932653925 a       308     0    21     1     8
      0.0917456412 a       309     0    21     1     9
     -0.7768138328 a       310     0    21     1    10
     -0.5324975517 a       311     0    21     1    11
      0.1331405130 a       312     0    21     1    12
      0.3734920364 a       313     0    21     1    13
     -0.0791138993 a       314     0    21     1    14
      0.4885833999 a       315     0    21     1    15
      0.0027355285 a       316     0    22     1     1
     -0.3175878495 a       317     0    22     1     2
      0.0377155088 a       318     0    22     1     3
      0.5914159200 a       319     0    22     1     4
     -0.8429291942 a       320     0    22     1     5
     -0.5449457704 a       321     0    22     1     6
      0.6411525972 a       322     0    22     1     7
     -0.7660037413 a       323     0    22     1     8
     -0.9125281201 a       324     0    22     1     9
     -0.8445574562 a       325     0    22     1    10
      0.0466186489 a       326     0    22     1    11
     -0.9655974517 a       327     0    22     1    12
     -0.8327041813 a       328     0    22     1    13
     -0.4328829774 a       329     0    22     1    14
     -0.6930375665 a       330     0    22     1    15
     -0.6301137938 a       331     0    23     1     1
      0.0824208600 a       332     0    23     1     2
      0.9279343354 a       333     0    23     1     3
      0.8039111655 a       334     0    23     1     4
     -0.2513223886 a       335     0    23     1     5
      0.8171253931 a       336     0    23     1     6
      0.4026859804 a       337     0    23     1     7
     -0.2238809564 a       338     0    23     1     8
      0.1798707375 a       339     0    23     1     9
     -0.1295841101 a       340     0    23     1    10
     -0.5961923486 a       341     0    23     1    11
     -0.7244587499 a       342     0    23     1    12
     -0.8143972064 a       343     0    23     1    13
      0.6626822965 a       344     0    23     1    14
     -0.9441548311 a       345     0    23     1    15
      0.6166852854 a       346     0    24     1     1
      0.3311332519 a       347     0    24     1     2
     -0.7679793244 a       348     0    24     1     3
      0.2393603479 a       349     0    24     1     4
     -0.0777628913 a       350     0    24     1     5
      0.3729337808 a       351     0    24     1     6
     -0.1520300212 a       352     0    24     1     7
      0.6455136369 a       353     0    24     1     8
     -0.0412081046 a       354     0    24     1     9
     -0.3223888564 a       355     0    24     1    10
     -0.8286636893 a       356     0    24     1    11
     -0.2776617561 a       357     0    24     1    12
     -0.0606226191 a       358     0    24     1    13
     -0.9557236287 a       359     0    24     1    14
      0.2499535349 a       360     0    24     1    15
     -0.1537347366 a       361     0    25     1     1
      0.2118759738 a       362     0    25     1     2
      0.8661476097 a       363     0    25     1     3
      0.0077841375 a       364     0    25     1     4
      0.3947460015 a       365     0    25     1     5
      0.1222410146 a       366     0    25     1     6
     -0.7328120356 a       367     0    25     1     7
      0.2296086979 a       368     0    25     1     8
      0.3043548877 a       369     0    25     1     9
     -0.1711013323 a       370     0    25     1    10
      0.6151825760 a       371     0    25     1    11
      0.1946209128 a       372     0    25     1    12
      0.1243994376 a       373     0    25     1    13
      0.3162603228 a       374     0    25     1    14
      0.8367648569 a       375     0    25     1    15
     -0.1860998409 a       376     0    26     1     1
     -0.5553418360 a       377     0    26     1     2
      0.1897256512 a       378     0    26     1     3
      0.4754945792 a       379     0    26     1     4
     -0.7747261552 a       380     0    26     1     5
     -0.1915040432 a       381     0    26     1     6
     -0.5505923547 a       382     0    26     1     7
     -0.1840706673 a       383     0    26     1     8
      0.4176301073 a       384     0    26     1     9
      0.4439958746 a       385     0    26     1    10
      0.0621606041 a       386     0    26     1    11
      0.4778606318 a       387     0    26     1    12
      0.6457088311 a       388     0    26     1    13
      0.3914630797 a       389     0    26     1    14
      0.8533961429 a       390     0    26     1    15
     -0.2559059195 a       391     0    27     1     1
      0.9783913327 a       392     0    27     1     2
      0.9788369268 a       393     0    27     1     3
     -0.3776619207 a       394     0    27     1     4
      0.8834553132 a       395     0    27     1     5
     -0.6963747665 a       396     0    27     1     6
     -0.0905884340 a       397     0    27     1     7
      0.1647026462 a       398     0    27     1     8
     -0.2070542597 a       399     0    27     1     9
     -0.9552739199 a       400     0    27     1    10
     -0.0450595871 a       401     0    27     1    11
     -0.0738702743 a       402     0    27     1    12
      0.9798695939 a       403     0    27     1    13
      0.3143891391 a       404     0    27     1    14
     -0.2592142667 a       405     0    27     1    15
     -1.0680083909 b       406     1     1
     -0.8282823901 b       407     1     2
     -0.0797054342 b       408     1     3
      0.9926612869 b       409     1     4
      0.9612666400 b       410     1     5
     -0.3173139968 b       411     1     6
      0.6422724988 b       412     1     7
      0.5464962365 b       413     1     8
      0.4000865802 b       414     1     9
     -0.9595169971 b       415     1    10
      0.2021503156 b       416     1    11
     -0.6441360384 b       417     1    12
     -0.8468258213 b       418     1    13
     -1.0841669532 b       419     1    14
      0.1912531340 b       420     1    15
      0.6566001458 a       421     1     1     2     1
      0.7181367427 a       422     1     1     2     2
     -0.9426197382 a       423     1     1     2     3
      0.6366887902 a       424     1     1     2     4
     -0.4558585322 a       425     1     1     2     5
     -0.9627121392 a       426     1     1     2     6
      0.6337844653 a       427     1     1     2     7
     -0.3774309817 a       428     1     1     2     8
      0.4596424394 a       429     1     1     2     9
     -0.2510970258 a       430     1     1     2    10
     -0.9540352211 a       431     1     1     2    11
     -0.3092245568 a       432     1     1     2    12
      0.4157915335 a       433     1     1     2    13
     -1.0057368129 a       434     1     1     2    14
     -0.0183994952 a       435     1     1     2    15
     -0.1143047070 a       436     1     2     2     1
     -0.5021417749 a       437     1     2     2     2
     -0.0597640783 a       438     1     2     2     3
      0.9867967757 a       439     1     2     2     4
     -0.5395947555 a       440     1     2     2     5
      0.1314112821 a       441     1     2     2     6
      0.3273202198 a       442     1     2     2     7
     -0.2076698504 a       443     1     2     2     8
      0.6641786048 a       444     1     2     2     9
     -0.1306220372 a       445     1     2     2    10
      0.4349668449 a       446     1     2     2    11
      0.9795190221 a       447     1     2     2    12
      0.6706524178 a       448     1     2     2    13
     -0.8758658903 a       449     1     2     2    14
     -0.5244185467 a       450     1     2     2    15
      0.5007729042 a       451     1     3     2     1
     -0.6505295884 a       452     1     3     2     2
      0.4553835885 a       453     1     3     2     3
     -0.3099724957 a       454     1     3     2     4
     -0.4144791226 a       455     1     3     2     5
      0.7955656719 a       456     1     3     2     6
     -0.8530558537 a       457     1     3     2     7
     -0.4056313795 a       458     1     3     2     8
      0.8408168197 a       459     1     3     2     9
      0.4221540944 a       460     1     3     2    10
      0.0280244251 a       461     1     3     2    11
     -0.0636068306 a       462     1     3     2    12
     -0.6943753234 a       463     1     3     2    13
     -0.5919302356 a       464     1     3     2    14
     -0.8902286805 a       465     1     3     2    15
     -0.0319218908 a       466     1     4     2     1
     -0.4868429607 a       467     1     4     2     2
      0.2973547401 a       468     1     4     2     3
     -0.1652438965 a       469     1     4     2     4
      0.3109969433 a       470     1     4     2     5
      0.3906121430 a       471     1     4     2     6
     -0.9115590312 a       472     1     4     2     7
     -0.8712550508 a       473     1     4     2     8
      0.9011920024 a       474     1     4     2     9
      0.7935871535 a       475     1     4     2    10
     -0.5998363663 a       476     1     4     2    11
      0.5938377485 a       477     1     4     2    12
     -0.6247350360 a       478     1     4     2    13
     -0.2176606019 a       479     1     4     2    14
     -0.0894039447 a       480     1     4     2    15
      0.3578769211 a       481     1     5     2     1
      0.8100924149 a       482     1     5     2     2
      0.8802254767 a       483     1     5     2     3
     -0.5959944640 a       484     1     5     2     4
      0.8388936630 a       485     1     5     2     5
     -0.9130147828 a       486     1     5     2     6
     -0.1865880813 a       487     1     5     2     7
      0.8256415294 a       488     1     5     2     8
     -0.8771333613 a       489     1     5     2     9
     -0.9516444664 a       490     1     5     2    10
     -0.1010499010 a       491     1     5     2    11
      0.5102611422 a       492     1     5     2    12
      0.3313280539 a       493     1     5     2    13
     -0.5194570349 a       494     1     5     2    14
      0.1537149525 a       495     1     5     2    15
     -0.8409447193 a       496     1     6     2     1
     -0.8338672078 a       497     1     6     2     2
     -0.6925013828 a       498     1     6     2     3
     -0.9817278486 a       499     1     6     2     4
      0.1569078279 a       500     1     6     2     5
      0.7995853370 a       501     1     6     2     6
      0.7182926248 a       502     1     6     2     7
      0.6888779699 a       503     1     6     2     8
      0.2966549122 a       504     1     6     2     9
     -0.2107874017 a       505     1     6     2    10
      0.7407540710 a       506     1     6     2    11
     -0.5790110860 a       507     1     6     2    12
      0.3677725544 a       508     1     6     2    13
     -0.4836710781 a       509     1     6     2    14
     -0.4231248739 a       510     1     6     2    15
      0.6316667687 a       511     1     7     2     1
     -0.3731994977 a       512     1     7     2     2
      0.3262380441 a       513     1     7     2     3
      0.3359011390 a       514     1     7     2     4
     -0.2828032945 a       515     1     7     2     5
      0.2010424784 a       516     1     7     2     6
     -0.7834305816 a       517     1     7     2     7
      0.3203969268 a       518     1     7     2     8
      0.5980432742 a       519     1     7     2     9
     -0.9473583210 a       520     1     7     2    10
     -0.4586644430 a       521     1     7     2    11
      0.6303801416 a       522     1     7     2    12
      0.9076314103 a       523     1     7     2    13
     -0.7811480617 a       524     1     7     2    14
      0.0442853687 a       525     1     7     2    15
     -0.5374263793 a       526     1     8     2     1
      0.3540728927 a       527     1     8     2     2
     -0.6234173834 a       528     1     8     2     3
     -0.3087754522 a       529     1     8     2     4
      0.8772435733 a       530     1     8     2     5
      0.1523820169 a       531     1     8     2     6
     -0.6284304892 a       532     1     8     2     7
      0.7551778207 a       533     1     8     2     8
      0.4393526031 a       534     1     8     2     9
      0.9549116162 a       535     1     8     2    10
     -0.5578476771 a       536     1     8     2    11
     -0.0847834240 a       537     1     8     2    12
     -0.4087284741 a       538     1     8     2    13
     -0.5987690852 a       539     1     8     2    14
      0.4490369876 a       540     1     8     2    15
      0.2944048333 a       541     1     9     2     1
      0.8283995805 a       542     1     9     2     2
      0.5640379776 a       543     1     9     2     3
     -0.9921944058 a       544     1     9     2     4
     -0.6282968222 a       545     1     9     2     5
      0.2420338896 a       546     1     9     2     6
      0.7524869460 a       547     1     9     2     7
     -0.9558728998 a       548     1     9     2     8
     -0.8965893415 a       549     1     9     2     9
      0.6527810395 a       550     1     9     2    10
     -0.3916491899 a       551     1     9     2    11
     -0.8895399009 a       552     1     9     2    12
     -0.7828677728 a       553     1     9     2    13
     -0.0981935285 a       554     1     9     2    14
      0.8747405296 a       555     1     9     2    15
     -1.0429088315 a       556     1    10     2     1
      0.5918697540 a       557     1    10     2     2
     -0.5620643641 a       558     1    10     2     3
     -0.8038073860 a       559     1    10     2     4
      0.9444847661 a       560     1    10     2     5
      0.8481778213 a       561     1    10     2     6
      0.3089116112 a       562     1    10     2     7
      0.8951152533 a       563     1    10     2     8
     -0.8552210804 a       564     1    10     2     9
     -0.6763307771 a       565     1    10     2    10
      0.8792839619 a       566     1    10     2    11
     -0.3604542785 a       567     1    10     2    12
      0.6493296686 a       568     1    10     2    13
      0.1523294227 a       569     1    10     2    14
     -0.4412674475 a       570     1    10     2    15
      0.6201875578 a       571     1    11     2     1
     -0.1677250651 a       572     1    11     2     2
      0.4076721422 a       573     1    11     2     3
     -0.8352017345 a       574     1    11     2     4
     -0.4974042573 a       575     1    11     2     5
     -0.6777427571 a       576     1    11     2     6
     -0.1147735726 a       577     1    11     2     7
     -0.9708289976 a       578     1    11     2     8
     -0.8175202072 a       579     1    11     2     9
      0.7247621300 a       580     1    11     2    10
     -0.9175698005 a       581     1    11     2    11
      0.1525781579 a       582     1    11     2    12
     -0.4703486337 a       583     1    11     2    13
      0.8016757641 a       584     1    11     2    14
      0.9797789575 a       585     1    11     2    15
     -0.7920524652 a       586     1    12     2     1
     -0.6884483973 a       587     1    12     2     2
      0.5074306348 a       588     1    12     2     3
     -0.1512172243 a       589     1    12     2     4
      0.8386385620 a       590     1    12     2     5
      0.6482860556 a       591     1    12     2     6
      0.6601086242 a       592     1    12     2     7
     -0.2027158540 a       593     1    12     2     8
     -0.4714509371 a       594     1    12     2     9
     -0.1415013445 a       595     1    12     2    10
     -0.1756400549 a       596     1    12     2    11
     -0.7339275491 a       597     1    12     2    12
      0.7056981885 a       598     1    12     2    13
     -0.7999369604 a       599     1    12     2    14
     -0.9569665734 a       600     1    12     2    15
      0.6726455392 a       601     1    13     2     1
      0.0203026696 a       602     1    13     2     2
     -0.7583245866 a       603     1    13     2     3
      0.4407319027 a       604     1    13     2     4
     -0.4756386068 a       605     1    13     2     5
     -0.3148953690 a       606     1    13     2     6
     -0.7116310069 a       607     1    13     2     7
      0.8449115196 a       608     1    13     2     8
      0.9121113831 a       609     1    13     2     9
      0.7594810067 a       610     1    13     2    10
      0.5733487167 a       611     1    13     2    11
     -0.2401030927 a       612     1    13     2    12
      0.4162099219 a       613     1    13     2    13
     -0.0949344793 a       614     1    13     2    14
     -0.0054778441 a       615     1    13     2    15
     -0.9402624743 a       616     1    14     2     1
      0.0804681869 a       617     1    14     2     2
     -0.5427409274 a       618     1    14     2     3
      0.8268015510 a       619     1    14     2     4
     -0.2438125371 a       620     1    14     2     5
      0.8315001953 a       621     1    14     2     6
      0.8968544371 a       622     1    14     2     7
      0.8437215798 a       623     1    14     2     8
      0.6662452967 a       624     1    14     2     9
      0.0645134752 a       625     1    14     2    10
      0.3403684418 a       626     1    14     2    11
     -0.5324292676 a       627     1    14     2    12
      0.8501970665 a       628     1    14     2    13
     -0.9323919612 a       629     1    14     2    14
      0.2497151705 a       630     1    14     2    15
      0.4025398808 a       631     1    15     2     1
     -0.8493857128 a       632     1    15     2     2
     -0.4502197526 a       633     1    15     2     3
     -0.1550960303 a       634     1    15     2     4
     -0.0336205680 a       635     1    15     2     5
     -0.1768581143 a       636     1    15     2     6
     -0.3078643734 a       637     1    15     2     7
     -0.8603229335 a       638     1    15     2     8
      0.3991002310 a       639     1    15     2     9
     -0.3557978692 a       640     1    15     2    10
     -0.2915516975 a       641     1    15     2    11
      0.5841259045 a       642     1    15     2    12
      0.5904560338 a       643     1    15     2    13
     -0.4835367950 a       644     1    15     2    14
      0.3822348758 a       645     1    15     2    15
      0.3489490771 b       646     2     1
      0.8670511993 b       647     2     2
     -0.9338038455 b       648     2     3
     -1.0028978812 b       649     2     4
      0.8488523058 b       650     2     5
      0.7290581634 b       651     2     6
     -0.9004478644 b       652     2     7
     -0.6271145576 b       653     2     8
      0.8761421995 b       654     2     9
      0.0523546058 b       655     2    10
     -0.9007134020 b       656     2    11
      0.6468788499 b       657     2    12
      0.2961816585 b       658     2    13
     -0.4859085469 b       659     2    14
      0.3488251459 b       660     2    15
      0.3812863771 a       661     2     1     3     1
     -1.1245121114 a       662     2     2     3     1
      0.0967547497 a       663     2     3     3     1
      0.2433710890 a       664     2     4     3     1
      0.1813007793 a       665     2     5     3     1
     -0.0927131123 a       666     2     6     3     1
     -0.2106570063 a       667     2     7     3     1
      0.7230318836 a       668     2     8     3     1
     -0.3224390807 a       669     2     9     3     1
     -0.0836041420 a       670     2    10     3     1
      0.9908731552 a       671     2    11     3     1
     -0.9771522114 a       672     2    12     3     1
      0.3595926805 a       673     2    13     3     1
     -0.6354814251 a       674     2    14     3     1
      0.9193840503 a       675     2    15     3     1
     -0.5948577864 b       676     3     1
