     -0.8103218198 a         1     0     1     1     1
     -0.5368949291 a         2     0     1     1     2
     -0.5791911308 a         3     0     1     1     3
     -0.1640238030 a         4     0     1     1     4
      0.2215764768 a         5     0     1     1     5
      0.4031900573 a         6     0     1     1     6
      0.8101624838 a         7     0     1     1     7
      0.2382063874 a         8     0     1     1     8
      0.9054392825 a         9     0     1     1     9
      0.1799648816 a        10     0     1     1    10
     -0.0203290986 a        11     0     1     1    11
      0.4783205705 a        12     0     1     1    12
      0.5068332673 a        13     0     1     1    13
      0.7659341450 a        14     0     1     1    14
     -0.7051543404 a        15     0     1     1    15
      0.4710797694 a        16     0     2     1     1
     -0.2851872024 a        17     0     2     1     2
     -0.8896739530 a        18     0     2     1     3
     -0.1549743112 a        19     0     2     1     4
     -0.2616078082 a        20     0     2     1     5
     -0.7694102204 a        21     0     2     1     6
     -0.4593847528 a        22     0     2     1     7
      0.3598690937 a        23     0     2     1     8
     -0.9403667061 a        24     0     2     1     9
     -0.0586648054 a        25     0     2     1    10
      0.0448722851 a        26     0     2     1    11
      0.1463921314 a        27     0     2     1    12
      0.1678675503 a        28     0     2     1    13
      0.4977326624 a        29     0     2     1    14
     -0.3807675754 a        30     0     2     1    15
      0.2792218950 a        31     0     3     1     1
      0.2464223205 a        32     0     3     1     2
      0.5280694533 a        33     0     3     1     3
     -0.8047637390 a        34     0     3     1     4
     -0.7193796731 a        35     0     3     1     5
     -0.9435671169 a        36     0     3     1     6
      0.6365700578 a        37     0     3     1     7
     -0.6917963882 a        38     0     3     1     8
     -0.3383240837 a        39     0     3     1     9
     -0.5914272438 a        40     0     3     1    10
     -0.1141288841 a        41     0     3     1    11
      0.0318505136 a        42     0     3     1    12
     -0.1914257420 a        43     0     3     1    13
     -0.1514405155 a        44     0     3     1    14
      0.9058116667 a        45     0     3     1    15
      0.0449186508 a        46     0     4     1     1
     -0.1390928759 a        47     0     4     1     2
     -0.2774851997 a        48     0     4     1     3
     -0.1432454218 a        49     0     4     1     4
      0.6186416084 a        50     0     4     1     5
      0.3523150436 a        51     0     4     1     6
     -0.9331214339 a        52     0     4     1     7
     -0.9315396515 a        53     0     4     1     8
      0.0979586920 a        54     0     4     1     9
     -0.5883822197 a        55     0     4     1    10
     -0.9251424244 a        56     0     4     1    11
      0.0170638976 a        57     0     4     1    12
     -0.4953894841 a        58     0     4     1    13
      0.7817603887 a        59     0     4     1    14
      0.7150138108 a        60     0     4     1    15
      0.3083024257 a        61     0     5     1     1
      0.6966934141 a        62     0     5     1     2
     -0.6698733993 a        63     0     5     1     3
     -0.1529693373 a        64     0     5     1     4
     -0.8844233168 a        65     0     5     1     5
      0.2239878428 a        66     0     5     1     6
     -0.3056639045 a        67     0     5     1     7
     -0.2661505191 a        68     0     5     1     8
      0.9889169747 a        69     0     5     1     9
      0.3121556322 a        70     0     5     1    10
      0.4775174041 a        71     0     5     1    11
     -0.2606865948 a        72     0     5     1    12
     -0.1993165274 a        73     0     5     1    13
      0.6067711002 a        74     0     5     1    14
     -0.3617845754 a        75     0     5     1    15
      0.9453115553 a        76     0     6     1     1
     -0.5438632565 a        77     0     6     1     2
     -0.1263048046 a        78     0     6     1     3
     -0.6331659860 a        79     0     6     1     4
     -0.0261923377 a        80     0     6     1     5
      0.7812348526 a        81     0     6     1     6
     -0.9675881445 a        82     0     6     1     7
      0.8548836940 a        83     0     6     1     8
     -0.9169033027 a        84     0     6     1     9
     -0.7674027392 a        85     0     6     1    10
      0.2152875651 a        86     0     6     1    11
      0.7935660044 a        87     0     6     1    12
     -0.2410733609 a        88     0     6     1    13
     -0.4049409816 a        89     0     6     1    14
     -0.7919634007 a        90     0     6     1    15
     -0.0244406500 a        91     0     7     1     1
     -0.0830040730 a        92     0     7     1     2
     -0.3517290745 a        93     0     7     1     3
      0.8137321802 a        94     0     7     1     4
     -0.8594352949 a        95     0     7     1     5
     -0.6754874276 a        96     0     7     1     6
     -0.2738426179 a        97     0     7     1     7
      0.9417581652 a        98     0     7     1     8
      0.0636383541 a        99     0     7     1     9
     -0.4086137507 a       100     0     7     1    10
      0.2752667259 a       101     0     7     1    11
      0.6419048626 a       102     0     7     1    12
     -0.0126073153 a       103     0     7     1    13
      0.9495225061 a       104     0     7     1    14
     -0.7473322823 a       105     0     7     1    15
      0.5731889123 a       106     0     8     1     1
     -0.7604494104 a       107     0     8     1     2
     -0.6926571578 a       108     0     8     1     3
     -0.2156047636 a       109     0     8     1     4
     -0.5350121989 a       110     0     8     1     5
      0.6111218220 a       111     0     8     1     6
      0.8525970106 a       112     0     8     1     7
     -1.0161501460 a       113     0     8     1     8
      0.6246534456 a       114     0     8     1     9
      0.2747581707 a       115     0     8     1    10
      0.0149080608 a       116     0     8     1    11
      0.6249236097 a       117     0     8     1    12
     -0.9057408613 a       118     0     8     1    13
     -0.5335666068 a       119     0     8     1    14
      0.0770774822 a       120     0     8     1    15
      0.0793913002 a       121     0     9     1     1
      0.2665316730 a       122     0     9     1     2
     -0.8973319636 a       123     0     9     1     3
      0.3972047802 a       124     0     9     1     4
      0.7330902848 a       125     0     9     1     5
      0.7409853799 a       126     0     9     1     6
     -0.6661395014 a       127     0     9     1     7
     -0.1840494748 a       128     0     9     1     8
      0.3593513331 a       129     0     9     1     9
      0.9492994335 a       130     0     9     1    10
      0.1166475825 a       131     0     9     1    11
      0.2570449462 a       132     0     9     1    12
     -0.3423576966 a       133     0     9     1    13
     -0.4795959780 a       134     0     9     1    14
     -0.8640112360 a       135     0     9     1    15
      0.2595514808 a       136     0    10     1     1
      0.5937440111 a       137     0    10     1     2
      0.4458461021 a       138     0    10     1     3
      0.1657282230 a       139     0    10     1     4
     -0.6656029541 a       140     0    10     1     5
      0.2789195043 a       141     0    10     1     6
     -0.2500133937 a       142     0    10     1     7
     -0.4181202602 a       143     0    10     1     8
     -0.2434208011 a       144     0    10     1     9
      0.7084735444 a       145     0    10     1    10
     -0.0810304220 a       146     0    10     1    11
     -0.6703101550 a       147     0    10     1    12
     -0.2698248493 a       148     0    10     1    13
     -0.5180801551 a       149     0    10     1    14
     -0.6680515309 a       150     0    10     1    15
      0.6811143860 a       151     0    11     1     1
      0.2328421848 a       152     0    11     1     2
     -0.5220840034 a       153     0    11     1     3
      0.2160776562 a       154     0    11     1     4
     -0.8208653227 a       155     0    11     1     5
     -0.5536168052 a       156     0    11     1     6
      0.2923180171 a       157     0    11     1     7
      0.3507712814 a       158     0    11     1     8
      0.8334685502 a       159     0    11     1     9
     -0.3199043096 a       160     0    11     1    10
     -0.3076560129 a       161     0    11     1    11
      0.9503345077 a       162     0    11     1    12
     -0.5004848075 a       163     0    11     1    13
      0.4635892742 a       164     0    11     1    14
     -0.2203449192 a       165     0    11     1    15
      0.7214398824 a       166     0    12     1     1
     -0.2439754716 a       167     0    12     1     2
      0.3047416610 a       168     0    12     1     3
      0.1346758304 a       169     0    12     1     4
      0.0814308733 a       170     0    12     1     5
      0.7599060448 a       171     0    12     1     6
      0.9181808213 a       172     0    12     1     7
     -0.6786984002 a       173     0    12     1     8
      0.6618842930 a       174     0    12     1     9
     -0.0046434804 a       175     0    12     1    10
     -0.5684622944 a       176     0    12     1    11
      0.4247278424 a       177     0    12     1    12
     -0.3439356634 a       178     0    12     1    13
     -0.2923686795 a       179     0    12     1    14
     -0.7857551823 a       180     0    12     1    15
      0.8381352443 a       181     0    13     1     1
     -0.9873403555 a       182     0    13     1     2
      0.7064264495 a       183     0    13     1     3
     -0.3522919807 a       184     0    13     1     4
      0.0293350723 a       185     0    13     1     5
      0.7486526052 a       186     0    13     1     6
      0.2002890295 a       187     0    13     1     7
     -0.2586585858 a       188     0    13     1     8
      0.0761521540 a       189     0    13     1     9
      0.7764598091 a       190     0    13     1    10
     -0.7123152116 a       191     0    13     1    11
      0.0368070882 a       192     0    13     1    12
      0.3420901782 a       193     0    13     1    13
     -0.5085671128 a       194     0    13     1    14
     -0.7148163766 a       195     0    13     1    15
      0.5930118368 a       196     0    14     1     1
     -0.0571681272 a       197     0    14     1     2
     -0.9288989501 a       198     0    14     1     3
      0.6993516777 a       199     0    14     1     4
     -0.2863035525 a       200     0    14     1     5
      0.0008539084 a       201     0    14     1     6
      0.6351565439 a       202     0    14     1     7
     -0.4542041568 a       203     0    14     1     8
     -0.7690775992 a       204     0    14     1     9
     -0.0333782607 a       205     0    14     1    10
     -0.0321917187 a       206     0    14     1    11
     -0.8079318410 a       207     0    14     1    12
     -0.5246467663 a       208     0    14     1    13
     -0.6385775798 a       209     0    14     1    14
     -0.2150011684 a       210     0    14     1    15
     -0.4110825707 a       211     0    15     1     1
      0.6683064555 a       212     0    15     1     2
      0.2021912444 a       213     0    15     1     3
      0.8637402838 a       214     0    15     1     4
      0.3162934722 a       215     0    15     1     5
      0.4721731973 a       216     0    15     1     6
     -0.4271052613 a       217     0    15     1     7
     -0.3894419707 a       218     0    15     1     8
      0.3974812367 a       219     0    15     1     9
      0.4883593598 a       220     0    15     1    10
      0.4187820824 a       221     0    15     1    11
      0.0382731388 a       222     0    15     1    12
     -0.7605730578 a       223     0    15     1    13
     -0.9777847999 a       224     0    15     1    14
     -0.3586243815 a       225     0    15     1    15
     -0.0707958517 a       226     0    16     1     1
     -0.0240614466 a       227     0    16     1     2
      0.8510467080 a       228     0    16     1     3
     -0.7999653118 a       229     0    16     1     4
      0.1767709417 a       230     0    16     1     5
      0.7795495044 a       231     0    16     1     6
      0.8482102604 a       232     0    16     1     7
      0.3424338300 a       233     0    16     1     8
      0.5541466204 a       234     0    16     1     9
      0.7907730714 a       235     0    16     1    10
      0.3083225408 a       236     0    16     1    11
     -0.2773198670 a       237     0    16     1    12
     -0.0093942679 a       238     0    16     1    13
      0.2876563075 a       239     0    16     1    14
     -1.0222927517 a       240     0    16     1    15
      0.6104274919 a       241     0    17     1     1
      0.4993657315 a       242     0    17     1     2
     -0.8153268480 a       243     0    17     1     3
      0.0376499546 a       244     0    17     1     4
      0.9389398904 a       245     0    17     1     5
      0.7035487871 a       246     0    17     1     6
     -0.8022923784 a       247     0    17     1     7
      0.3991896476 a       248     0    17     1     8
     -0.5065007282 a       249     0    17     1     9
      0.3835169101 a       250     0    17     1    10
     -0.3070704617 a       251     0    17     1    11
      0.7165354540 a       252     0    17     1    12
     -0.3195365864 a       253     0    17     1    13
     -0.7436345120 a       254     0    17     1    14
     -0.5412819977 a       255     0    17     1    15
     -0.8936213962 a       256     0    18     1     1
     -0.1328917875 a       257     0    18     1     2
      0.1357766448 a       258     0    18     1     3
      0.1555009855 a       259     0    18     1     4
     -0.7730259336 a       260     0    18     1     5
      0.4645327607 a       261     0    18     1     6
      0.7516594690 a       262     0    18     1     7
     -0.0178480799 a       263     0    18     1     8
     -0.3858797732 a       264     0    18     1     9
      0.8690576289 a       265     0    18     1    10
      0.9228174707 a       266     0    18     1    11
      0.2404260630 a       267     0    18     1    12
      0.7462109893 a       268     0    18     1    13
      0.8464670469 a       269     0    18     1    14
     -0.6428176774 a       270     0    18     1    15
     -0.4770139818 a       271     0    19     1     1
     -0.4065797381 a       272     0    19     1     2
      0.8229686640 a       273     0    19     1     3
     -0.4599848514 a       274     0    19     1     4
      0.7971319558 a       275     0    19     1     5
     -0.4769243533 a       276     0    19     1     6
      0.4666765224 a       277     0    19     1     7
     -0.6728492485 a       278     0    19     1     8
      0.0374910942 a       279     0    19     1     9
     -0.8803417069 a       280     0    19     1    10
     -0.7736065121 a       281     0    19     1    11
      0.4346174209 a       282     0    19     1    12
      0.2652156392 a       283     0    19     1    13
      0.9654658854 a       284     0    19     1    14
      0.1753621146 a       285     0    19     1    15
      0.9526986939 a       286     0    20     1     1
      0.8848535688 a       287     0    20     1     2
     -0.4652945883 a       288     0    20     1     3
     -0.4469052554 a       289     0    20     1     4
     -0.7615155134 a       290     0    20     1     5
      0.0153630541 a       291     0    20     1     6
      0.3147425539 a       292     0    20     1     7
     -0.9091209378 a       293     0    20     1     8
      0.0500080235 a       294     0    20     1     9
     -0.0303854974 a       295     0    20     1    10
     -0.9458182446 a       296     0    20     1    11
     -0.4778196629 a       297     0    20     1    12
     -0.0255253823 a       298     0    20     1    13
     -0.4301070946 a       299     0    20     1    14
      0.6231247926 a       300     0    20     1    15
     -0.5983859632 a       301     0    21     1     1
     -0.3783742944 a       302     0    21     1     2
     -0.5324527638 a       303     0    21     1     3
      0.1927675408 a       304     0    21     1     4
      0.8572583307 a       305     0    21     1     5
      0.5388870331 a       306     0    21     1     6
     -0.8272352143 a       307     0    21     1     7
     -0.4739983706 a       308     0    21     1     8
      0.1011207801 a       309     0    21     1     9
     -0.7735953620 a       310     0    21     1    10
     -0.5410312305 a       311     0    21     1    11
      0.1085882349 a       312     0    21     1    12
      0.3810963245 a       313     0    21     1    13
     -0.0564715963 a       314     0    21     1    14
      0.4458365604 a       315     0    21     1    15
      0.0098324199 a       316     0    22     1     1
     -0.3226028611 a       317     0    22     1     2
      0.0564042222 a       318     0    22     1     3
      0.5979638881 a       319     0    22     1     4
     -0.8646810063 a       320     0    22     1     5
     -0.5551406142 a       321     0    22     1     6
      0.6396694384 a       322     0    22     1     7
     -0.7626359841 a       323     0    22     1     8
     -0.9157249131 a       324     0    22     1     9
     -0.8375143310 a       325     0    22     1    10
      0.0277244039 a       326     0    22     1    11
     -0.9735181960 a       327     0    22     1    12
     -0.8292233397 a       328     0    22     1    13
     -0.4150824464 a       329     0    22     1    14
     -0.7250287716 a       330     0    22     1    15
     -0.6244899198 a       331     0    23     1     1
      0.0972765998 a       332     0    23     1     2
      0.9352775815 a       333     0    23     1     3
      0.8047579012 a       334     0    23     1     4
     -0.2686039673 a       335     0    23     1     5
      0.8399882195 a       336     0    23     1     6
      0.4007283626 a       337     0    23     1     7
     -0.2152312652 a       338     0    23     1     8
      0.1589563300 a       339     0    23     1     9
     -0.1306742115 a       340     0    23     1    10
     -0.6019840587 a       341     0    23     1    11
     -0.6995910141 a       342     0    23     1    12
     -0.8325706829 a       343     0    23     1    13
      0.6851536079 a       344     0    23     1    14
     -0.9366018176 a       345     0    23     1    15
      0.6168297176 a       346     0    24     1     1
      0.3576804023 a       347     0    24     1     2
     -0.7616853933 a       348     0    24     1     3
      0.2465462624 a       349     0    24     1     4
     -0.1100798528 a       350     0    24     1     5
      0.3832495902 a       351     0    24     1     6
     -0.1660411030 a       352     0    24     1     7
      0.6624490533 a       353     0    24     1     8
     -0.0792971369 a       354     0    24     1     9
     -0.3242133481 a       355     0    24     1    10
     -0.8487766190 a       356     0    24     1    11
     -0.2799822938 a       357     0    24     1    12
     -0.0804543443 a       358     0    24     1    13
     -0.9417371324 a       359     0    24     1    14
      0.2430796314 a       360     0    24     1    15
     -0.1329126569 a       361     0    25     1     1
      0.2012712435 a       362     0    25     1     2
      0.8456156716 a       363     0    25     1     3
      0.0068786312 a       364     0    25     1     4
      0.3811517256 a       365     0    25     1     5
      0.1124416488 a       366     0    25     1     6
     -0.7602986071 a       367     0    25     1     7
      0.2530486652 a       368     0    25     1     8
      0.3179911023 a       369     0    25     1     9
     -0.1743598397 a       370     0    25     1    10
      0.6230828918 a       371     0    25     1    11
      0.1802067941 a       372     0    25     1    12
      0.1270690087 a       373     0    25     1    13
      0.3397490039 a       374     0    25     1    14
      0.8182882189 a       375     0    25     1    15
     -0.1739023763 a       376     0    26     1     1
     -0.5408892303 a       377     0    26     1     2
      0.1867740829 a       378     0    26     1     3
      0.4734192456 a       379     0    26     1     4
     -0.7798102703 a       380     0    26     1     5
     -0.1638953897 a       381     0    26     1     6
     -0.5522254699 a       382     0    26     1     7
     -0.1774197370 a       383     0    26     1     8
      0.3975832156 a       384     0    26     1     9
      0.4394728535 a       385     0    26     1    10
      0.0688971102 a       386     0    26     1    11
      0.5117954830 a       387     0    26     1    12
      0.6265240024 a       388     0    26     1    13
      0.4142130084 a       389     0    26     1    14
      0.8785148727 a       390     0    26     1    15
     -0.2405252658 a       391     0    27     1     1
      0.9674891230 a       392     0    27     1     2
      0.9437516621 a       393     0    27     1     3
     -0.3825031910 a       394     0    27     1     4
      0.8842869128 a       395     0    27     1     5
     -0.7199850781 a       396     0    27     1     6
     -0.1274660403 a       397     0    27     1     7
      0.1862475083 a       398     0    27     1     8
     -0.2006895531 a       399     0    27     1     9
     -0.9618099992 a       400     0    27     1    10
     -0.0295840005 a       401     0    27     1    11
     -0.1023641819 a       402     0    27     1    12
      0.9853030070 a       403     0    27     1    13
      0.3242596093 a       404     0    27     1    14
     -0.2795113645 a       405     0    27     1    15
     -1.0378173078 b       406     1     1
     -0.8018098186 b       407     1     2
     -0.2195647013 b       408     1     3
      0.9877556918 b       409     1     4
      0.9545429963 b       410     1     5
     -0.2706958987 b       411     1     6
      0.6557421283 b       412     1     7
      0.5643707082 b       413     1     8
      0.2699729880 b       414     1     9
     -1.0101692931 b       415     1    10
      0.2205563117 b       416     1    11
     -0.6489277868 b       417     1    12
     -0.8235596039 b       418     1    13
     -1.0288274832 b       419     1    14
      0.2295515836 b       420     1    15
      0.6572598086 a       421     1     1     2     1
      0.7530816939 a       422     1     1     2     2
     -0.9426730254 a       423     1     1     2     3
      0.6376628057 a       424     1     1     2     4
     -0.4739444969 a       425     1     1     2     5
     -0.9225227558 a       426     1     1     2     6
      0.6330531011 a       427     1     1     2     7
     -0.3836294352 a       428     1     1     2     8
      0.4389006828 a       429     1     1     2     9
     -0.2451833504 a       430     1     1     2    10
     -0.9574224624 a       431     1     1     2    11
     -0.3149924904 a       432     1     1     2    12
      0.4108995736 a       433     1     1     2    13
     -0.9889300446 a       434     1     1     2    14
     -0.0329643919 a       435     1     1     2    15
     -0.1113709541 a       436     1     2     2     1
     -0.4855471093 a       437     1     2     2     2
     -0.0589847288 a       438     1     2     2     3
      0.9877289609 a       439     1     2     2     4
     -0.5472267849 a       440     1     2     2     5
      0.1497428023 a       441     1     2     2     6
      0.3264632485 a       442     1     2     2     7
     -0.2118969000 a       443     1     2     2     8
      0.6381360317 a       444     1     2     2     9
     -0.1234794510 a       445     1     2     2    10
      0.4357200972 a       446     1     2     2    11
      0.9723805256 a       447     1     2     2    12
      0.6615390393 a       448     1     2     2    13
     -0.8623886461 a       449     1     2     2    14
     -0.5313613485 a       450     1     2     2    15
      0.5119285773 a       451     1     3     2     1
     -0.7088087681 a       452     1     3     2     2
      0.4570186160 a       453     1     3     2     3
     -0.3094841070 a       454     1     3     2     4
     -0.3884863976 a       455     1     3     2     5
      0.7455319805 a       456     1     3     2     6
     -0.8577469555 a       457     1     3     2     7
     -0.4035665539 a       458     1     3     2     8
      0.8172117787 a       459     1     3     2     9
      0.4336353363 a       460     1     3     2    10
      0.0332357719 a       461     1     3     2    11
     -0.0907904109 a       462     1     3     2    12
     -0.7009610792 a       463     1     3     2    13
     -0.6459713112 a       464     1     3     2    14
     -0.8596978486 a       465     1     3     2    15
     -0.0408017030 a       466     1     4     2     1
     -0.5388040062 a       467     1     4     2     2
      0.2954344326 a       468     1     4     2     3
     -0.1651133138 a       469     1     4     2     4
      0.3298313598 a       470     1     4     2     5
      0.3545932748 a       471     1     4     2     6
     -0.9106337298 a       472     1     4     2     7
     -0.8701275645 a       473     1     4     2     8
      0.9039204353 a       474     1     4     2     9
      0.7890181411 a       475     1     4     2    10
     -0.6007904926 a       476     1     4     2    11
      0.6084678568 a       477     1     4     2    12
     -0.6163972257 a       478     1     4     2    13
     -0.2592364780 a       479     1     4     2    14
     -0.0842960278 a       480     1     4     2    15
      0.3645178780 a       481     1     5     2     1
      0.8015105668 a       482     1     5     2     2
      0.8865390481 a       483     1     5     2     3
     -0.5973684385 a       484     1     5     2     4
      0.8513264795 a       485     1     5     2     5
     -0.9607869508 a       486     1     5     2     6
     -0.1825076051 a       487     1     5     2     7
      0.8370235925 a       488     1     5     2     8
     -0.8638704237 a       489     1     5     2     9
     -0.9624648078 a       490     1     5     2    10
     -0.1030664559 a       491     1     5     2    11
      0.5309416823 a       492     1     5     2    12
      0.3360324181 a       493     1     5     2    13
     -0.5266213628 a       494     1     5     2    14
      0.1591658975 a       495     1     5     2    15
     -0.8595725716 a       496     1     6     2     1
     -0.8139050462 a       497     1     6     2     2
     -0.7002051354 a       498     1     6     2     3
     -0.9823618916 a       499     1     6     2     4
      0.1530554998 a       500     1     6     2     5
      0.8119759888 a       501     1     6     2     6
      0.7184776668 a       502     1     6     2     7
      0.6816222964 a       503     1     6     2     8
      0.2757340419 a       504     1     6     2     9
     -0.2029954422 a       505     1     6     2    10
      0.7404483121 a       506     1     6     2    11
     -0.5774241699 a       507     1     6     2    12
      0.3684113992 a       508     1     6     2    13
     -0.4827008504 a       509     1     6     2    14
     -0.4320450698 a       510     1     6     2    15
      0.6322279971 a       511     1     7     2     1
     -0.3900102497 a       512     1     7     2     2
      0.3201975764 a       513     1     7     2     3
      0.3378927585 a       514     1     7     2     4
     -0.2606501425 a       515     1     7     2     5
      0.1623233665 a       516     1     7     2     6
     -0.7891351713 a       517     1     7     2     7
      0.3227706171 a       518     1     7     2     8
      0.6272621927 a       519     1     7     2     9
     -0.9443261372 a       520     1     7     2    10
     -0.4533020262 a       521     1     7     2    11
      0.6023212361 a       522     1     7     2    12
      0.9183999792 a       523     1     7     2    13
     -0.8067658701 a       524     1     7     2    14
      0.0874042281 a       525     1     7     2    15
     -0.5320991324 a       526     1     8     2     1
      0.3567094370 a       527     1     8     2     2
     -0.6196715519 a       528     1     8     2     3
     -0.3121564268 a       529     1     8     2     4
      0.8850041561 a       530     1     8     2     5
      0.1211515893 a       531     1     8     2     6
     -0.6221586988 a       532     1     8     2     7
      0.7594640522 a       533     1     8     2     8
      0.4529313393 a       534     1     8     2     9
      0.9496118496 a       535     1     8     2    10
     -0.5624168512 a       536     1     8     2    11
     -0.0480176838 a       537     1     8     2    12
     -0.4169133524 a       538     1     8     2    13
     -0.5861745628 a       539     1     8     2    14
      0.4426896937 a       540     1     8     2    15
      0.2877347646 a       541     1     9     2     1
      0.7938722327 a       542     1     9     2     2
      0.5597302812 a       543     1     9     2     3
     -0.9917072667 a       544     1     9     2     4
     -0.6131032674 a       545     1     9     2     5
      0.2137886382 a       546     1     9     2     6
      0.7497021314 a       547     1     9     2     7
     -0.9582226137 a       548     1     9     2     8
     -0.8871345860 a       549     1     9     2     9
      0.6623564957 a       550     1     9     2    10
     -0.3878487800 a       551     1     9     2    11
     -0.9147092094 a       552     1     9     2    12
     -0.7773587759 a       553     1     9     2    13
     -0.1458791959 a       554     1     9     2    14
      0.9054938199 a       555     1     9     2    15
     -1.0299544598 a       556     1    10     2     1
      0.5545659340 a       557     1    10     2     2
     -0.5565976338 a       558     1    10     2     3
     -0.8048046259 a       559     1    10     2     4
      0.9370644630 a       560     1    10     2     5
      0.8662153236 a       561     1    10     2     6
      0.3074103469 a       562     1    10     2     7
      0.8985492602 a       563     1    10     2     8
     -0.9245353416 a       564     1    10     2     9
     -0.6813665985 a       565     1    10     2    10
      0.8811715942 a       566     1    10     2    11
     -0.3764480158 a       567     1    10     2    12
      0.6415539656 a       568     1    10     2    13
      0.1298852386 a       569     1    10     2    14
     -0.4424624764 a       570     1    10     2    15
      0.6400656430 a       571     1    11     2     1
     -0.1467733066 a       572     1    11     2     2
      0.4132461654 a       573     1    11     2     3
     -0.8369149228 a       574     1    11     2     4
     -0.4921530901 a       575     1    11     2     5
     -0.7004374162 a       576     1    11     2     6
     -0.1155366025 a       577     1    11     2     7
     -0.9683212322 a       578     1    11     2     8
     -0.7958872523 a       579     1    11     2     9
      0.7253835290 a       580     1    11     2    10
     -0.9172404005 a       581     1    11     2    11
      0.1450724465 a       582     1    11     2    12
     -0.4742533354 a       583     1    11     2    13
      0.8297089269 a       584     1    11     2    14
      0.9979831935 a       585     1    11     2    15
     -0.7777814053 a       586     1    12     2     1
     -0.6891044999 a       587     1    12     2     2
      0.5112454642 a       588     1    12     2     3
     -0.1496531949 a       589     1    12     2     4
      0.8251439846 a       590     1    12     2     5
      0.6868083107 a       591     1    12     2     6
      0.6541385900 a       592     1    12     2     7
     -0.2037377184 a       593     1    12     2     8
     -0.5051767653 a       594     1    12     2     9
     -0.1459213788 a       595     1    12     2    10
     -0.1740664267 a       596     1    12     2    11
     -0.7683197071 a       597     1    12     2    12
      0.7099693040 a       598     1    12     2    13
     -0.8010770203 a       599     1    12     2    14
     -0.9516152835 a       600     1    12     2    15
      0.6832409808 a       601     1    13     2     1
      0.0175352896 a       602     1    13     2     2
     -0.7573782026 a       603     1    13     2     3
      0.4411598710 a       604     1    13     2     4
     -0.4730960676 a       605     1    13     2     5
     -0.3081626909 a       606     1    13     2     6
     -0.7144943982 a       607     1    13     2     7
      0.8458660104 a       608     1    13     2     8
      0.8899162925 a       609     1    13     2     9
      0.7669767379 a       610     1    13     2    10
      0.5751983694 a       611     1    13     2    11
     -0.2556785132 a       612     1    13     2    12
      0.4068923051 a       613     1    13     2    13
     -0.1031474586 a       614     1    13     2    14
     -0.0034267800 a       615     1    13     2    15
     -0.9221754406 a       616     1    14     2     1
      0.0922079421 a       617     1    14     2     2
     -0.5475074823 a       618     1    14     2     3
      0.8290363248 a       619     1    14     2     4
     -0.2518297885 a       620     1    14     2     5
      0.8663782596 a       621     1    14     2     6
      0.8868634115 a       622     1    14     2     7
      0.8372132275 a       623     1    14     2     8
      0.6448169543 a       624     1    14     2     9
      0.0731415158 a       625     1    14     2    10
      0.3474307024 a       626     1    14     2    11
     -0.5934836921 a       627     1    14     2    12
      0.8480834668 a       628     1    14     2    13
     -0.9201970968 a       629     1    14     2    14
      0.2871580708 a       630     1    14     2    15
      0.4139042563 a       631     1    15     2     1
     -0.8971760758 a       632     1    15     2     2
     -0.4442749743 a       633     1    15     2     3
     -0.1573118030 a       634     1    15     2     4
     -0.0292122899 a       635     1    15     2     5
     -0.1941161366 a       636     1    15     2     6
     -0.3029371989 a       637     1    15     2     7
     -0.8537280847 a       638     1    15     2     8
      0.3797263737 a       639     1    15     2     9
     -0.3715300545 a       640     1    15     2    10
     -0.2944412549 a       641     1    15     2    11
      0.6074769962 a       642     1    15     2    12
      0.5859866741 a       643     1    15     2    13
     -0.5008380771 a       644     1    15     2    14
      0.3738283042 a       645     1    15     2    15
      0.3400763187 b       646     2     1
      0.8448048055 b       647     2     2
     -0.9393976938 b       648     2     3
     -1.0038202414 b       649     2     4
      0.8722080248 b       650     2     5
      0.6847886216 b       651     2     6
     -0.8998207814 b       652     2     7
     -0.6242021574 b       653     2     8
      0.9160338365 b       654     2     9
      0.0486707887 b       655     2    10
     -0.9010664348 b       656     2    11
      0.6595197253 b       657     2    12
      0.3083057973 b       658     2    13
     -0.5112865603 b       659     2    14
      0.3632044622 b       660     2    15
      0.4221356722 a       661     2     1     3     1
     -1.0367180944 a       662     2     2     3     1
      0.1657984653 a       663     2     3     3     1
      0.2043244516 a       664     2     4     3     1
      0.1406504736 a       665     2     5     3     1
      0.0070498710 a       666     2     6     3     1
     -0.1943503745 a       667     2     7     3     1
      0.6871274565 a       668     2     8     3     1
     -0.3170483332 a       669     2     9     3     1
     -0.1591813821 a       670     2    10     3     1
      0.9552954205 a       671     2    11     3     1
     -0.9822313623 a       672     2    12     3     1
      0.3369050522 a       673     2    13     3     1
     -0.6030920691 a       674     2    14     3     1
      0.9448025141 a       675     2    15     3     1
     -0.5585866026 b       676     3     1
