     -0.9363044850 a         1     0     1     1     1
     -0.1451400715 a         2     0     1     1     2
      0.4021621466 a         3     0     1     1     3
      0.5828095594 a         4     0     1     1     4
      0.9282085240 a         5     0     1     1     5
     -0.7673349330 a         6     0     1     1     6
      0.8289329293 a         7     0     1     1     7
     -0.7206107238 a         8     0     1     1     8
      0.4232209383 a         9     0     1     1     9
     -0.3073991330 a        10     0     1     1    10
      0.4483366135 a        11     0     1     1    11
     -0.9251344115 a        12     0     1     1    12
      0.8794347741 a        13     0     1     1    13
      0.5314107655 a        14     0     1     1    14
      0.2021258748 a        15     0     1     1    15
     -0.5738647640 a        16     0     2     1     1
     -0.8322465430 a        17     0     2     1     2
     -0.5931681535 a        18     0     2     1     3
     -0.8051888575 a        19     0     2     1     4
     -0.8753789483 a        20     0     2     1     5
      0.5993624686 a        21     0     2     1     6
      0.4689040290 a        22     0     2     1     7
     -0.8223657815 a        23     0     2     1     8
      0.5825859722 a        24     0     2     1     9
     -0.2275830640 a        25     0     2     1    10
     -0.9311653225 a        26     0     2     1    11
      0.6554237979 a        27     0     2     1    12
      0.8164278443 a        28     0     2     1    13
      0.1747039787 a        29     0     2     1    14
     -0.3443597300 a        30     0     2     1    15
     -0.5480453260 a        31     0     3     1     1
     -0.8191932721 a        32     0     3     1     2
      0.7351143960 a        33     0     3     1     3
      0.7727236698 a        34     0     3     1     4
     -0.2740408569 a        35     0     3     1     5
     -0.1100256169 a        36     0     3     1     6
     -0.4082546893 a        37     0     3     1     7
      0.8171630324 a        38     0     3     1     8
     -0.9634311760 a        39     0     3     1     9
     -0.0757716715 a        40     0     3     1    10
      0.7841068611 a        41     0     3     1    11
      1.0053769786 a        42     0     3     1    12
      0.6885603975 a        43     0     3     1    13
      0.9780762299 a        44     0     3     1    14
     -0.0402538375 a        45     0     3     1    15
     -0.9320693937 a        46     0     4     1     1
     -0.2722205972 a        47     0     4     1     2
      0.0785305618 a        48     0     4     1     3
      0.5431403900 a        49     0     4     1     4
      0.0068068086 a        50     0     4     1     5
     -0.4399495746 a        51     0     4     1     6
      0.2527569461 a        52     0     4     1     7
     -0.2962400640 a        53     0     4     1     8
      0.2696893232 a        54     0     4     1     9
     -0.4362764708 a        55     0     4     1    10
     -0.9311279263 a        56     0     4     1    11
     -0.5933744596 a        57     0     4     1    12
      0.4541973379 a        58     0     4     1    13
     -0.5948101138 a        59     0     4     1    14
     -0.0415824744 a        60     0     4     1    15
      0.1126619114 a        61     0     5     1     1
      0.4986680925 a        62     0     5     1     2
      0.6213992957 a        63     0     5     1     3
      0.2612961506 a        64     0     5     1     4
      0.0305989791 a        65     0     5     1     5
     -0.4367360787 a        66     0     5     1     6
     -0.8920868816 a        67     0     5     1     7
      0.7895051852 a        68     0     5     1     8
     -0.0018289313 a        69     0     5     1     9
     -0.2643281131 a        70     0     5     1    10
     -0.5795774063 a        71     0     5     1    11
     -0.4130302378 a        72     0     5     1    12
      0.1342253712 a        73     0     5     1    13
      0.7916728635 a        74     0     5     1    14
     -0.0774697856 a        75     0     5     1    15
      0.8733976266 a        76     0     6     1     1
     -0.8764621992 a        77     0     6     1     2
     -0.9191438345 a        78     0     6     1     3
     -0.5839827812 a        79     0     6     1     4
      0.2413154589 a        80     0     6     1     5
     -0.5669170421 a        81     0     6     1     6
     -0.6212050171 a        82     0     6     1     7
      0.2688224271 a        83     0     6     1     8
     -0.7658485546 a        84     0     6     1     9
      0.5798856312 a        85     0     6     1    10
     -0.2848263435 a        86     0     6     1    11
      0.4794280260 a        87     0     6     1    12
     -0.7084391141 a        88     0     6     1    13
      0.4753281247 a        89     0     6     1    14
      0.6557026330 a        90     0     6     1    15
     -0.7170020538 a        91     0     7     1     1
     -0.8015142867 a        92     0     7     1     2
      0.8048061673 a        93     0     7     1     3
     -0.5961878850 a        94     0     7     1     4
      0.2604506090 a        95     0     7     1     5
      0.3354132485 a        96     0     7     1     6
     -0.3764166427 a        97     0     7     1     7
     -0.5055915765 a        98     0     7     1     8
      0.0733391564 a        99     0     7     1     9
     -0.5106221924 a       100     0     7     1    10
     -0.6040913274 a       101     0     7     1    11
     -0.4941689899 a       102     0     7     1    12
      0.1931482636 a       103     0     7     1    13
     -0.8978230861 a       104     0     7     1    14
      0.7885250276 a       105     0     7     1    15
     -0.0222549748 a       106     0     8     1     1
      0.5279468902 a       107     0     8     1     2
      0.9172191360 a       108     0     8     1     3
     -0.7638341564 a       109     0     8     1     4
      0.5154606352 a       110     0     8     1     5
      0.9749108733 a       111     0     8     1     6
     -0.5887551244 a       112     0     8     1     7
     -0.1310957082 a       113     0     8     1     8
     -0.6252540449 a       114     0     8     1     9
     -0.5514787455 a       115     0     8     1    10
      0.2771164538 a       116     0     8     1    11
     -0.1446523723 a       117     0     8     1    12
     -0.4578716586 a       118     0     8     1    13
      0.7607119018 a       119     0     8     1    14
     -0.5227147550 a       120     0     8     1    15
      0.0567688480 a       121     0     9     1     1
      0.9762675980 a       122     0     9     1     2
      0.0267939160 a       123     0     9     1     3
      0.5535177067 a       124     0     9     1     4
      0.5154637514 a       125     0     9     1     5
     -0.3808022961 a       126     0     9     1     6
     -0.3869391266 a       127     0     9     1     7
      0.6874148061 a       128     0     9     1     8
      0.0287914034 a       129     0     9     1     9
      0.1398227165 a       130     0     9     1    10
     -0.0080499972 a       131     0     9     1    11
     -0.4172035690 a       132     0     9     1    12
      0.9553588742 a       133     0     9     1    13
      0.0527280562 a       134     0     9     1    14
      0.2670043413 a       135     0     9     1    15
     -0.7243874145 a       136     0    10     1     1
     -0.1192006564 a       137     0    10     1     2
      0.8307690113 a       138     0    10     1     3
      0.3410678895 a       139     0    10     1     4
      0.1042150948 a       140     0    10     1     5
     -0.7507454755 a       141     0    10     1     6
     -0.5596137847 a       142     0    10     1     7
      0.7780377342 a       143     0    10     1     8
      0.5811138410 a       144     0    10     1     9
     -0.0427764219 a       145     0    10     1    10
      0.2619972545 a       146     0    10     1    11
      0.2488203585 a       147     0    10     1    12
      0.0219524192 a       148     0    10     1    13
     -0.2387291651 a       149     0    10     1    14
      0.2039482917 a       150     0    10     1    15
      0.4137191644 a       151     0    11     1     1
     -0.7613329224 a       152     0    11     1     2
     -0.7016947269 a       153     0    11     1     3
      0.0046722936 a       154     0    11     1     4
      0.8244889242 a       155     0    11     1     5
     -0.8816918388 a       156     0    11     1     6
      0.0457180395 a       157     0    11     1     7
     -0.4500025383 a       158     0    11     1     8
      0.2715527345 a       159     0    11     1     9
      0.8837300313 a       160     0    11     1    10
     -0.6075102632 a       161     0    11     1    11
     -0.5990453001 a       162     0    11     1    12
      0.1676557077 a       163     0    11     1    13
     -0.5764643266 a       164     0    11     1    14
     -0.5242745346 a       165     0    11     1    15
      0.1783793861 a       166     0    12     1     1
     -0.0159287780 a       167     0    12     1     2
      0.8174826024 a       168     0    12     1     3
      0.2973488278 a       169     0    12     1     4
     -0.8565690884 a       170     0    12     1     5
      0.3168396133 a       171     0    12     1     6
     -0.6427434770 a       172     0    12     1     7
     -0.9810886603 a       173     0    12     1     8
     -0.1059986736 a       174     0    12     1     9
      0.0142964704 a       175     0    12     1    10
      0.8339228928 a       176     0    12     1    11
      0.1453959707 a       177     0    12     1    12
      0.4931258006 a       178     0    12     1    13
      0.4394177444 a       179     0    12     1    14
      0.4302139658 a       180     0    12     1    15
     -0.8029348031 a       181     0    13     1     1
      0.7447141848 a       182     0    13     1     2
      0.3434052555 a       183     0    13     1     3
      0.5201751024 a       184     0    13     1     4
      0.7642780618 a       185     0    13     1     5
      0.5099016929 a       186     0    13     1     6
      0.8119905468 a       187     0    13     1     7
     -0.5531453091 a       188     0    13     1     8
      0.0095817766 a       189     0    13     1     9
      0.6402264421 a       190     0    13     1    10
     -0.7310706352 a       191     0    13     1    11
     -0.6332928612 a       192     0    13     1    12
      0.7778223965 a       193     0    13     1    13
     -0.7877370298 a       194     0    13     1    14
      0.4662077998 a       195     0    13     1    15
      0.7829608246 a       196     0    14     1     1
      0.6935252955 a       197     0    14     1     2
     -0.9474883389 a       198     0    14     1     3
     -0.1022499430 a       199     0    14     1     4
     -0.0112327446 a       200     0    14     1     5
     -0.1449267275 a       201     0    14     1     6
      0.8337568471 a       202     0    14     1     7
     -0.6757903284 a       203     0    14     1     8
      0.1298098419 a       204     0    14     1     9
      0.6928848484 a       205     0    14     1    10
     -0.1255106961 a       206     0    14     1    11
     -0.6949847140 a       207     0    14     1    12
     -0.5463556603 a       208     0    14     1    13
      0.1692623092 a       209     0    14     1    14
     -0.5898433688 a       210     0    14     1    15
      0.4611567385 a       211     0    15     1     1
     -0.9223282992 a       212     0    15     1     2
      0.7459878159 a       213     0    15     1     3
      0.0227537988 a       214     0    15     1     4
      0.3496697276 a       215     0    15     1     5
     -0.5244718403 a       216     0    15     1     6
      0.2746639867 a       217     0    15     1     7
     -0.3829289566 a       218     0    15     1     8
     -0.8239660514 a       219     0    15     1     9
      0.8532129113 a       220     0    15     1    10
     -0.6075957014 a       221     0    15     1    11
     -0.0364139011 a       222     0    15     1    12
      0.3790686820 a       223     0    15     1    13
      0.0694941895 a       224     0    15     1    14
      0.0968842409 a       225     0    15     1    15
     -0.9244667824 a       226     0    16     1     1
     -0.0709223639 a       227     0    16     1     2
     -0.4827314806 a       228     0    16     1     3
      0.5148673918 a       229     0    16     1     4
     -0.3121582592 a       230     0    16     1     5
      0.3739309126 a       231     0    16     1     6
      0.8458847539 a       232     0    16     1     7
      0.7042633481 a       233     0    16     1     8
      0.1187822240 a       234     0    16     1     9
     -0.9918978841 a       235     0    16     1    10
     -0.1991815306 a       236     0    16     1    11
     -0.1388426868 a       237     0    16     1    12
     -0.7476758944 a       238     0    16     1    13
     -0.3144508748 a       239     0    16     1    14
      0.0150663337 a       240     0    16     1    15
     -0.4714761688 a       241     0    17     1     1
      0.7755247618 a       242     0    17     1     2
      0.9593457880 a       243     0    17     1     3
     -0.4409670199 a       244     0    17     1     4
     -0.3574652151 a       245     0    17     1     5
      0.9026150806 a       246     0    17     1     6
      0.8718512548 a       247     0    17     1     7
      0.4271629614 a       248     0    17     1     8
     -0.3911789822 a       249     0    17     1     9
     -0.1307528336 a       250     0    17     1    10
     -0.2407749354 a       251     0    17     1    11
     -0.5961517124 a       252     0    17     1    12
     -0.6490189304 a       253     0    17     1    13
     -0.3994364834 a       254     0    17     1    14
     -0.3286331960 a       255     0    17     1    15
      0.8177820520 a       256     0    18     1     1
     -0.6727802728 a       257     0    18     1     2
     -0.7200194394 a       258     0    18     1     3
      0.1202037948 a       259     0    18     1     4
     -0.0993024818 a       260     0    18     1     5
      0.8107971451 a       261     0    18     1     6
     -0.5046279860 a       262     0    18     1     7
      0.8521576052 a       263     0    18     1     8
      0.8089446888 a       264     0    18     1     9
      0.6842583617 a       265     0    18     1    10
     -0.5575079656 a       266     0    18     1    11
      0.3470495523 a       267     0    18     1    12
      0.3588206859 a       268     0    18     1    13
      0.4860988524 a       269     0    18     1    14
     -0.0034068553 a       270     0    18     1    15
     -0.1823862607 a       271     0    19     1     1
      0.4659953215 a       272     0    19     1     2
     -0.2160352900 a       273     0    19     1     3
     -0.7144488467 a       274     0    19     1     4
      0.8238695714 a       275     0    19     1     5
      0.7034687423 a       276     0    19     1     6
     -0.0869914374 a       277     0    19     1     7
     -0.8282540216 a       278     0    19     1     8
      0.2954557841 a       279     0    19     1     9
     -0.3114733634 a       280     0    19     1    10
     -0.9877899500 a       281     0    19     1    11
      0.0555670769 a       282     0    19     1    12
     -0.6977524410 a       283     0    19     1    13
      0.5749096392 a       284     0    19     1    14
      0.7316443832 a       285     0    19     1    15
     -0.2879895169 a       286     0    20     1     1
     -0.5301437363 a       287     0    20     1     2
      0.1107865711 a       288     0    20     1     3
      0.3998081629 a       289     0    20     1     4
     -0.3820973792 a       290     0    20     1     5
     -0.7224646568 a       291     0    20     1     6
      0.1692577761 a       292     0    20     1     7
     -0.3257921833 a       293     0    20     1     8
      0.7771847221 a       294     0    20     1     9
     -0.1118677835 a       295     0    20     1    10
      0.7891571253 a       296     0    20     1    11
      0.1832716347 a       297     0    20     1    12
     -0.9382094751 a       298     0    20     1    13
      0.9653491742 a       299     0    20     1    14
     -0.4467813377 a       300     0    20     1    15
      0.5469631227 a       301     0    21     1     1
     -0.4070977643 a       302     0    21     1     2
      0.1699839827 a       303     0    21     1     3
     -0.8185507063 a       304     0    21     1     4
      0.9739252840 a       305     0    21     1     5
      0.2984706834 a       306     0    21     1     6
      0.7928125600 a       307     0    21     1     7
      0.3801473618 a       308     0    21     1     8
      0.4569142790 a       309     0    21     1     9
     -0.2226585354 a       310     0    21     1    10
     -0.8838591734 a       311     0    21     1    11
     -0.3743647594 a       312     0    21     1    12
     -0.4965275232 a       313     0    21     1    13
      0.2988472074 a       314     0    21     1    14
      0.7072003418 a       315     0    21     1    15
      0.1362700458 a       316     0    22     1     1
     -0.2109356924 a       317     0    22     1     2
      0.9858484318 a       318     0    22     1     3
     -0.4379756162 a       319     0    22     1     4
      0.9707861162 a       320     0    22     1     5
      0.9839554564 a       321     0    22     1     6
     -0.4206066187 a       322     0    22     1     7
     -0.2121782661 a       323     0    22     1     8
     -0.2323162765 a       324     0    22     1     9
      0.5240904675 a       325     0    22     1    10
     -0.3323581053 a       326     0    22     1    11
     -0.4371175193 a       327     0    22     1    12
      0.2772728671 a       328     0    22     1    13
     -0.4261123183 a       329     0    22     1    14
     -0.2066613215 a       330     0    22     1    15
     -0.5981799276 a       331     0    23     1     1
      0.7748778566 a       332     0    23     1     2
     -0.0059267701 a       333     0    23     1     3
      0.6038585504 a       334     0    23     1     4
     -0.9792422017 a       335     0    23     1     5
      0.0309315177 a       336     0    23     1     6
      0.8529640889 a       337     0    23     1     7
      0.2251874331 a       338     0    23     1     8
     -0.1724248100 a       339     0    23     1     9
      0.0171716093 a       340     0    23     1    10
     -0.0054653720 a       341     0    23     1    11
     -0.8771342545 a       342     0    23     1    12
      0.6919147220 a       343     0    23     1    13
      0.4825510276 a       344     0    23     1    14
     -0.9472412018 a       345     0    23     1    15
     -0.0876061019 a       346     0    24     1     1
      0.9835257486 a       347     0    24     1     2
      0.1101341810 a       348     0    24     1     3
     -0.7965408379 a       349     0    24     1     4
     -0.4223735320 a       350     0    24     1     5
      0.5250325525 a       351     0    24     1     6
     -0.2305117574 a       352     0    24     1     7
      0.3915187229 a       353     0    24     1     8
     -0.6267918978 a       354     0    24     1     9
      0.0278916240 a       355     0    24     1    10
     -0.1287437303 a       356     0    24     1    11
      0.1264272558 a       357     0    24     1    12
     -0.6382706355 a       358     0    24     1    13
     -0.2245543850 a       359     0    24     1    14
      0.3605566642 a       360     0    24     1    15
      0.0438843521 a       361     0    25     1     1
      0.2342411687 a       362     0    25     1     2
     -0.8363198820 a       363     0    25     1     3
     -0.5777003671 a       364     0    25     1     4
     -0.1833471245 a       365     0    25     1     5
     -0.5062842446 a       366     0    25     1     6
      0.5226080443 a       367     0    25     1     7
      0.1999918586 a       368     0    25     1     8
     -0.4250293406 a       369     0    25     1     9
     -0.7583187760 a       370     0    25     1    10
     -0.9261058483 a       371     0    25     1    11
      0.2426421991 a       372     0    25     1    12
      0.7695461319 a       373     0    25     1    13
     -0.2176480861 a       374     0    25     1    14
     -0.4392918570 a       375     0    25     1    15
      0.6107959862 a       376     0    26     1     1
     -0.6963644061 a       377     0    26     1     2
      0.1130236534 a       378     0    26     1     3
      0.0603058856 a       379     0    26     1     4
      0.9997055424 a       380     0    26     1     5
     -0.4745956730 a       381     0    26     1     6
      0.5111857776 a       382     0    26     1     7
      0.3758239550 a       383     0    26     1     8
     -0.2957204773 a       384     0    26     1     9
      0.6505520294 a       385     0    26     1    10
     -0.1533986241 a       386     0    26     1    11
     -0.0218201220 a       387     0    26     1    12
      0.7937685160 a       388     0    26     1    13
      0.7917770690 a       389     0    26     1    14
     -0.0584339205 a       390     0    26     1    15
      0.3128355499 a       391     0    27     1     1
      0.9430747330 a       392     0    27     1     2
      0.8876184755 a       393     0    27     1     3
      0.2662320921 a       394     0    27     1     4
      0.2735908018 a       395     0    27     1     5
     -0.8709903393 a       396     0    27     1     6
     -0.6676805612 a       397     0    27     1     7
     -0.2443240977 a       398     0    27     1     8
      0.1640763901 a       399     0    27     1     9
     -0.4263714619 a       400     0    27     1    10
     -0.7436862134 a       401     0    27     1    11
     -0.1042125070 a       402     0    27     1    12
      0.2540391788 a       403     0    27     1    13
      0.3702479907 a       404     0    27     1    14
      0.0497546609 a       405     0    27     1    15
     -0.0299464115 a       406     0    28     1     1
     -0.6768012936 a       407     0    28     1     2
     -0.5627187509 a       408     0    28     1     3
     -0.5599291745 a       409     0    28     1     4
      0.4738608886 a       410     0    28     1     5
     -0.4618625023 a       411     0    28     1     6
      0.6229971575 a       412     0    28     1     7
     -0.4462005568 a       413     0    28     1     8
      0.0866394658 a       414     0    28     1     9
      0.4674484932 a       415     0    28     1    10
     -0.6736082997 a       416     0    28     1    11
     -0.5703895488 a       417     0    28     1    12
      0.7060933237 a       418     0    28     1    13
     -0.9324578929 a       419     0    28     1    14
      0.2563574559 a       420     0    28     1    15
      0.9353920534 a       421     0    29     1     1
     -0.7115388900 a       422     0    29     1     2
     -0.8823585625 a       423     0    29     1     3
     -0.7085146510 a       424     0    29     1     4
      0.4556048147 a       425     0    29     1     5
     -0.1965452702 a       426     0    29     1     6
     -0.4127069096 a       427     0    29     1     7
      0.6935674274 a       428     0    29     1     8
     -0.9200307063 a       429     0    29     1     9
      0.3561716862 a       430     0    29     1    10
     -0.8900457329 a       431     0    29     1    11
      0.3780823136 a       432     0    29     1    12
     -0.2280199069 a       433     0    29     1    13
     -0.7865066724 a       434     0    29     1    14
     -0.6340192568 a       435     0    29     1    15
     -0.0723326518 a       436     0    30     1     1
     -0.5830364300 a       437     0    30     1     2
     -0.0372758338 a       438     0    30     1     3
     -0.7323799435 a       439     0    30     1     4
     -0.6967698087 a       440     0    30     1     5
     -0.1075437610 a       441     0    30     1     6
     -0.4847849645 a       442     0    30     1     7
     -0.1429451518 a       443     0    30     1     8
     -0.7661436218 a       444     0    30     1     9
     -0.3338522877 a       445     0    30     1    10
     -0.4887041293 a       446     0    30     1    11
      0.7984404172 a       447     0    30     1    12
     -0.1243269257 a       448     0    30     1    13
      0.7316890719 a       449     0    30     1    14
      0.9957798702 a       450     0    30     1    15
      0.8875716125 b       451     1     1
      0.0226621438 b       452     1     2
      0.5403837608 b       453     1     3
     -0.2956176916 b       454     1     4
      0.3253162555 b       455     1     5
     -1.0431564127 b       456     1     6
     -0.7315302994 b       457     1     7
      0.3550153604 b       458     1     8
      1.0357451688 b       459     1     9
     -0.9553519619 b       460     1    10
      0.7837355307 b       461     1    11
     -0.1784773194 b       462     1    12
      0.7531325725 b       463     1    13
     -0.6508803465 b       464     1    14
     -0.9856459214 b       465     1    15
     -0.3801081183 a       466     1     1     2     1
     -0.8762813723 a       467     1     1     2     2
     -0.9419608655 a       468     1     1     2     3
     -0.1329152590 a       469     1     1     2     4
      0.6040315878 a       470     1     1     2     5
      0.2206725034 a       471     1     1     2     6
      0.2318911485 a       472     1     1     2     7
      0.9444207916 a       473     1     1     2     8
     -0.3194773660 a       474     1     1     2     9
      0.6519601739 a       475     1     1     2    10
      1.0105287185 a       476     1     1     2    11
     -0.9361482610 a       477     1     1     2    12
     -0.1883723348 a       478     1     1     2    13
      0.2095313198 a       479     1     1     2    14
      0.3498410580 a       480     1     1     2    15
     -0.3385344256 a       481     1     2     2     1
     -0.4884127207 a       482     1     2     2     2
      0.8228832549 a       483     1     2     2     3
      0.4067703031 a       484     1     2     2     4
      0.8124569324 a       485     1     2     2     5
     -0.5903943791 a       486     1     2     2     6
     -0.5721423129 a       487     1     2     2     7
     -0.5478559853 a       488     1     2     2     8
     -0.0337183176 a       489     1     2     2     9
     -0.9707174001 a       490     1     2     2    10
     -0.2616116960 a       491     1     2     2    11
     -0.2192417753 a       492     1     2     2    12
      0.0279808136 a       493     1     2     2    13
     -0.4421587383 a       494     1     2     2    14
      0.4712961432 a       495     1     2     2    15
     -0.8273688931 a       496     1     3     2     1
     -0.3835048592 a       497     1     3     2     2
     -0.5650210641 a       498     1     3     2     3
     -0.6971081233 a       499     1     3     2     4
      0.3821830382 a       500     1     3     2     5
      0.2688330045 a       501     1     3     2     6
      0.5480017112 a       502     1     3     2     7
     -0.8560175570 a       503     1     3     2     8
      0.7807423222 a       504     1     3     2     9
      0.9357173054 a       505     1     3     2    10
      0.8036352837 a       506     1     3     2    11
     -0.0410039001 a       507     1     3     2    12
     -0.5482630183 a       508     1     3     2    13
     -0.2322538929 a       509     1     3     2    14
     -0.0509393459 a       510     1     3     2    15
     -0.8126002482 a       511     1     4     2     1
      0.3132390992 a       512     1     4     2     2
     -0.7356970162 a       513     1     4     2     3
      0.5487148882 a       514     1     4     2     4
      0.8663931567 a       515     1     4     2     5
     -0.2610476509 a       516     1     4     2     6
     -0.5599809264 a       517     1     4     2     7
     -0.7724823089 a       518     1     4     2     8
      0.6760050038 a       519     1     4     2     9
      0.8838742160 a       520     1     4     2    10
     -0.8722551192 a       521     1     4     2    11
      0.7801143811 a       522     1     4     2    12
     -0.8220694678 a       523     1     4     2    13
     -0.7489859861 a       524     1     4     2    14
     -0.1715346897 a       525     1     4     2    15
     -0.4853263932 a       526     1     5     2     1
      0.6125242567 a       527     1     5     2     2
     -0.8786240325 a       528     1     5     2     3
      0.0071709595 a       529     1     5     2     4
      0.7435079813 a       530     1     5     2     5
     -0.0267607452 a       531     1     5     2     6
     -0.1775814606 a       532     1     5     2     7
      0.2022213107 a       533     1     5     2     8
     -0.3259781604 a       534     1     5     2     9
      0.7739574187 a       535     1     5     2    10
     -0.6429742542 a       536     1     5     2    11
     -0.6287102979 a       537     1     5     2    12
      0.4356491654 a       538     1     5     2    13
     -0.6206552635 a       539     1     5     2    14
     -0.0209383176 a       540     1     5     2    15
      0.6782467650 a       541     1     6     2     1
      0.0191672082 a       542     1     6     2     2
      0.5004932305 a       543     1     6     2     3
      0.4099224310 a       544     1     6     2     4
      0.8128513281 a       545     1     6     2     5
     -0.1740738557 a       546     1     6     2     6
     -0.1259337694 a       547     1     6     2     7
      0.2444971525 a       548     1     6     2     8
      0.5596577396 a       549     1     6     2     9
      0.5228071610 a       550     1     6     2    10
     -0.3348357238 a       551     1     6     2    11
      0.3732315634 a       552     1     6     2    12
     -0.8967376617 a       553     1     6     2    13
     -0.5147136283 a       554     1     6     2    14
      0.4698012458 a       555     1     6     2    15
      0.4652881046 a       556     1     7     2     1
     -0.8019845194 a       557     1     7     2     2
     -0.5445561474 a       558     1     7     2     3
     -0.9765001797 a       559     1     7     2     4
      0.8456022727 a       560     1     7     2     5
      0.2302205659 a       561     1     7     2     6
     -0.8956634550 a       562     1     7     2     7
      0.9815908521 a       563     1     7     2     8
     -0.4480728378 a       564     1     7     2     9
     -0.1066819699 a       565     1     7     2    10
      0.7908437673 a       566     1     7     2    11
     -0.2474864923 a       567     1     7     2    12
     -0.3975162960 a       568     1     7     2    13
      0.1623270198 a       569     1     7     2    14
      0.0316474530 a       570     1     7     2    15
     -0.1124081332 a       571     1     8     2     1
     -0.8988702357 a       572     1     8     2     2
     -0.0162399659 a       573     1     8     2     3
      0.4693469676 a       574     1     8     2     4
      0.0942177208 a       575     1     8     2     5
     -0.4003144016 a       576     1     8     2     6
      0.5828851251 a       577     1     8     2     7
      0.3108224810 a       578     1     8     2     8
      0.8408073440 a       579     1     8     2     9
      0.4981474057 a       580     1     8     2    10
     -0.5197890615 a       581     1     8     2    11
     -0.5004023116 a       582     1     8     2    12
     -0.2452411908 a       583     1     8     2    13
     -0.7545875350 a       584     1     8     2    14
      0.5987613250 a       585     1     8     2    15
      0.4309167355 a       586     1     9     2     1
      0.1614493724 a       587     1     9     2     2
      0.2425605523 a       588     1     9     2     3
      0.9775108619 a       589     1     9     2     4
     -0.0545967611 a       590     1     9     2     5
      0.9871005931 a       591     1     9     2     6
     -0.2370641120 a       592     1     9     2     7
      0.3158716138 a       593     1     9     2     8
     -0.8232232341 a       594     1     9     2     9
     -0.9405798147 a       595     1     9     2    10
     -0.3562570621 a       596     1     9     2    11
     -0.3342864892 a       597     1     9     2    12
     -0.7101099847 a       598     1     9     2    13
     -0.5050240261 a       599     1     9     2    14
      0.2196554926 a       600     1     9     2    15
     -0.2368581195 a       601     1    10     2     1
     -0.1473562005 a       602     1    10     2     2
     -0.4514222173 a       603     1    10     2     3
      0.5450357757 a       604     1    10     2     4
      0.3074405943 a       605     1    10     2     5
      0.8714537298 a       606     1    10     2     6
      0.9373961153 a       607     1    10     2     7
      0.6464455949 a       608     1    10     2     8
     -0.4756324055 a       609     1    10     2     9
     -0.8305824045 a       610     1    10     2    10
      0.7692972605 a       611     1    10     2    11
      0.4409624148 a       612     1    10     2    12
     -0.8188015163 a       613     1    10     2    13
      0.7490154324 a       614     1    10     2    14
      0.0456949374 a       615     1    10     2    15
     -0.0186946509 a       616     1    11     2     1
     -0.8961095118 a       617     1    11     2     2
     -0.2075292817 a       618     1    11     2     3
     -0.9739766433 a       619     1    11     2     4
      0.4362266273 a       620     1    11     2     5
     -0.0269552945 a       621     1    11     2     6
      0.5478438977 a       622     1    11     2     7
      0.4714928259 a       623     1    11     2     8
     -0.1000603222 a       624     1    11     2     9
      0.2679063070 a       625     1    11     2    10
     -0.8860162155 a       626     1    11     2    11
      0.2147055134 a       627     1    11     2    12
      0.1838113571 a       628     1    11     2    13
      0.5887314251 a       629     1    11     2    14
     -0.6887663112 a       630     1    11     2    15
      0.1215260156 a       631     1    12     2     1
      0.5600918612 a       632     1    12     2     2
      0.4300804068 a       633     1    12     2     3
      0.5882385810 a       634     1    12     2     4
      0.9364762264 a       635     1    12     2     5
      0.5814774262 a       636     1    12     2     6
     -0.0258203176 a       637     1    12     2     7
     -0.7454286177 a       638     1    12     2     8
     -0.5325147469 a       639     1    12     2     9
     -0.4979099712 a       640     1    12     2    10
      0.6857754739 a       641     1    12     2    11
      0.5921691655 a       642     1    12     2    12
      0.8126043950 a       643     1    12     2    13
      0.1349371333 a       644     1    12     2    14
      0.6137439568 a       645     1    12     2    15
      0.7971046971 a       646     1    13     2     1
      0.2319269666 a       647     1    13     2     2
      0.6570446763 a       648     1    13     2     3
     -0.9077556487 a       649     1    13     2     4
     -0.4723168647 a       650     1    13     2     5
     -0.2338716509 a       651     1    13     2     6
     -0.7925044353 a       652     1    13     2     7
     -0.2560684787 a       653     1    13     2     8
      0.4093034394 a       654     1    13     2     9
     -0.3992150955 a       655     1    13     2    10
     -0.1027052306 a       656     1    13     2    11
      0.4809245986 a       657     1    13     2    12
      0.3752813788 a       658     1    13     2    13
      0.0421565869 a       659     1    13     2    14
      0.2227716798 a       660     1    13     2    15
     -0.7106409667 a       661     1    14     2     1
     -0.0948606641 a       662     1    14     2     2
     -0.2164851909 a       663     1    14     2     3
      0.6771732595 a       664     1    14     2     4
     -0.9613862375 a       665     1    14     2     5
      0.1361132845 a       666     1    14     2     6
      0.8474491239 a       667     1    14     2     7
      0.5011005172 a       668     1    14     2     8
     -0.2980704000 a       669     1    14     2     9
      0.7342982083 a       670     1    14     2    10
      0.5175801284 a       671     1    14     2    11
      0.5233558106 a       672     1    14     2    12
      0.6603175543 a       673     1    14     2    13
      0.5167853351 a       674     1    14     2    14
      0.1445800593 a       675     1    14     2    15
     -0.0371341218 a       676     1    15     2     1
     -0.1650472698 a       677     1    15     2     2
     -0.2927532077 a       678     1    15     2     3
     -0.5789269115 a       679     1    15     2     4
      0.2311502313 a       680     1    15     2     5
     -0.8687419095 a       681     1    15     2     6
      0.3077572859 a       682     1    15     2     7
      0.6908207022 a       683     1    15     2     8
      0.9399725567 a       684     1    15     2     9
     -0.4557098039 a       685     1    15     2    10
     -0.2692878364 a       686     1    15     2    11
     -0.3824430790 a       687     1    15     2    12
      0.0381799851 a       688     1    15     2    13
     -0.5214771324 a       689     1    15     2    14
     -0.3287728058 a       690     1    15     2    15
     -0.3402653648 b       691     2     1
     -0.8685283418 b       692     2     2
      0.7492150888 b       693     2     3
     -0.1719326781 b       694     2     4
      0.2452543554 b       695     2     5
      0.7180623949 b       696     2     6
      0.0747909309 b       697     2     7
      0.7691736584 b       698     2     8
     -0.1452917820 b       699     2     9
     -0.1973667632 b       700     2    10
      0.2956383121 b       701     2    11
     -0.7557418320 b       702     2    12
     -0.8181245267 b       703     2    13
      0.6261000353 b       704     2    14
     -0.6251693242 b       705     2    15
     -0.8560979974 a       706     2     1     3     1
     -0.7452996735 a       707     2     2     3     1
      0.7346328631 a       708     2     3     3     1
     -0.5557014157 a       709     2     4     3     1
      0.6376995056 a       710     2     5     3     1
      0.3636811294 a       711     2     6     3     1
     -0.2970342828 a       712     2     7     3     1
     -0.4317942214 a       713     2     8     3     1
     -0.4202987628 a       714     2     9     3     1
      0.2799199747 a       715     2    10     3     1
      0.9747898272 a       716     2    11     3     1
      0.2629234993 a       717     2    12     3     1
      0.0794209894 a       718     2    13     3     1
      0.2366581474 a       719     2    14     3     1
      0.1825949812 a       720     2    15     3     1
     -0.6682063431 b       721     3     1
