     -0.8148049811 a         1     0     1     1     1
     -0.5292319324 a         2     0     1     1     2
     -0.5751277403 a         3     0     1     1     3
     -0.1603462315 a         4     0     1     1     4
      0.2291910076 a         5     0     1     1     5
      0.4031182868 a         6     0     1     1     6
      0.8157395907 a         7     0     1     1     7
      0.2299285973 a         8     0     1     1     8
      0.8993457770 a         9     0     1     1     9
      0.1776181705 a        10     0     1     1    10
     -0.0185267328 a        11     0     1     1    11
      0.4706478122 a        12     0     1     1    12
      0.5019868110 a        13     0     1     1    13
      0.7497051691 a        14     0     1     1    14
     -0.6951912283 a        15     0     1     1    15
      0.4675465179 a        16     0     2     1     1
     -0.2810038931 a        17     0     2     1     2
     -0.8904986579 a        18     0     2     1     3
     -0.1521149069 a        19     0     2     1     4
     -0.2539993007 a        20     0     2     1     5
     -0.7722464186 a        21     0     2     1     6
     -0.4565658490 a        22     0     2     1     7
      0.3541763959 a        23     0     2     1     8
     -0.9401154619 a        24     0     2     1     9
     -0.0613842566 a        25     0     2     1    10
      0.0492469526 a        26     0     2     1    11
      0.1364220975 a        27     0     2     1    12
      0.1646785364 a        28     0     2     1    13
      0.4832268703 a        29     0     2     1    14
     -0.3730484327 a        30     0     2     1    15
      0.2747195324 a        31     0     3     1     1
      0.2528006545 a        32     0     3     1     2
      0.5319353870 a        33     0     3     1     3
     -0.8014023880 a        34     0     3     1     4
     -0.7105881496 a        35     0     3     1     5
     -0.9423734809 a        36     0     3     1     6
      0.6437419894 a        37     0     3     1     7
     -0.7001138988 a        38     0     3     1     8
     -0.3421800925 a        39     0     3     1     9
     -0.5934454347 a        40     0     3     1    10
     -0.1120642717 a        41     0     3     1    11
      0.0267727204 a        42     0     3     1    12
     -0.1949905508 a        43     0     3     1    13
     -0.1664789054 a        44     0     3     1    14
      0.9158663396 a        45     0     3     1    15
      0.0421322927 a        46     0     4     1     1
     -0.1366959938 a        47     0     4     1     2
     -0.2800022272 a        48     0     4     1     3
     -0.1411717326 a        49     0     4     1     4
      0.6266609204 a        50     0     4     1     5
      0.3485662934 a        51     0     4     1     6
     -0.9299204279 a        52     0     4     1     7
     -0.9367146453 a        53     0     4     1     8
      0.1003404062 a        54     0     4     1     9
     -0.5911341040 a        55     0     4     1    10
     -0.9192711982 a        56     0     4     1    11
      0.0084134267 a        57     0     4     1    12
     -0.4969956808 a        58     0     4     1    13
      0.7677668183 a        59     0     4     1    14
      0.7224335792 a        60     0     4     1    15
      0.3042662133 a        61     0     5     1     1
      0.7011809751 a        62     0     5     1     2
     -0.6646956985 a        63     0     5     1     3
     -0.1508353938 a        64     0     5     1     4
     -0.8746993290 a        65     0     5     1     5
      0.2256946993 a        66     0     5     1     6
     -0.2956349109 a        67     0     5     1     7
     -0.2752324550 a        68     0     5     1     8
      0.9875473741 a        69     0     5     1     9
      0.3100165786 a        70     0     5     1    10
      0.4791337685 a        71     0     5     1    11
     -0.2616814786 a        72     0     5     1    12
     -0.2009513635 a        73     0     5     1    13
      0.5930852210 a        74     0     5     1    14
     -0.3507122657 a        75     0     5     1    15
      0.9429606692 a        76     0     6     1     1
     -0.5433215575 a        77     0     6     1     2
     -0.1314029576 a        78     0     6     1     3
     -0.6325465160 a        79     0     6     1     4
     -0.0172019473 a        80     0     6     1     5
      0.7781053127 a        81     0     6     1     6
     -0.9644461250 a        82     0     6     1     7
      0.8494733660 a        83     0     6     1     8
     -0.9114312197 a        84     0     6     1     9
     -0.7704981643 a        85     0     6     1    10
      0.2221119404 a        86     0     6     1    11
      0.7884087149 a        87     0     6     1    12
     -0.2413386966 a        88     0     6     1    13
     -0.4162887626 a        89     0     6     1    14
     -0.7829362037 a        90     0     6     1    15
     -0.0284318181 a        91     0     7     1     1
     -0.0799658188 a        92     0     7     1     2
     -0.3449718071 a        93     0     7     1     3
      0.8148134629 a        94     0     7     1     4
     -0.8505784503 a        95     0     7     1     5
     -0.6736482905 a        96     0     7     1     6
     -0.2625184166 a        97     0     7     1     7
      0.9321676182 a        98     0     7     1     8
      0.0651430611 a        99     0     7     1     9
     -0.4096698197 a       100     0     7     1    10
      0.2752851161 a       101     0     7     1    11
      0.6430200615 a       102     0     7     1    12
     -0.0121661124 a       103     0     7     1    13
      0.9376012719 a       104     0     7     1    14
     -0.7381988854 a       105     0     7     1    15
      0.5707646085 a       106     0     8     1     1
     -0.7589650661 a       107     0     8     1     2
     -0.6990289751 a       108     0     8     1     3
     -0.2163035643 a       109     0     8     1     4
     -0.5264294544 a       110     0     8     1     5
      0.6110678129 a       111     0     8     1     6
      0.8539092617 a       112     0     8     1     7
     -1.0196845112 a       113     0     8     1     8
      0.6277002996 a       114     0     8     1     9
      0.2706855457 a       115     0     8     1    10
      0.0218620532 a       116     0     8     1    11
      0.6237381632 a       117     0     8     1    12
     -0.9061708963 a       118     0     8     1    13
     -0.5426618672 a       119     0     8     1    14
      0.0877486405 a       120     0     8     1    15
      0.0759139354 a       121     0     9     1     1
      0.2710599136 a       122     0     9     1     2
     -0.9021818274 a       123     0     9     1     3
      0.3964044774 a       124     0     9     1     4
      0.7380003520 a       125     0     9     1     5
      0.7448970253 a       126     0     9     1     6
     -0.6664922539 a       127     0     9     1     7
     -0.1861419324 a       128     0     9     1     8
      0.3559506066 a       129     0     9     1     9
      0.9451452426 a       130     0     9     1    10
      0.1212595362 a       131     0     9     1    11
      0.2578030848 a       132     0     9     1    12
     -0.3451497859 a       133     0     9     1    13
     -0.4869819910 a       134     0     9     1    14
     -0.8522736864 a       135     0     9     1    15
      0.2556486911 a       136     0    10     1     1
      0.5947070548 a       137     0    10     1     2
      0.4523730946 a       138     0    10     1     3
      0.1668407125 a       139     0    10     1     4
     -0.6579573538 a       140     0    10     1     5
      0.2783183293 a       141     0    10     1     6
     -0.2395966324 a       142     0    10     1     7
     -0.4261489701 a       143     0    10     1     8
     -0.2397202741 a       144     0    10     1     9
      0.7074136480 a       145     0    10     1    10
     -0.0818670413 a       146     0    10     1    11
     -0.6697665372 a       147     0    10     1    12
     -0.2673571712 a       148     0    10     1    13
     -0.5281872270 a       149     0    10     1    14
     -0.6625071194 a       150     0    10     1    15
      0.6752408684 a       151     0    11     1     1
      0.2393751542 a       152     0    11     1     2
     -0.5170841557 a       153     0    11     1     3
      0.2196405437 a       154     0    11     1     4
     -0.8220176364 a       155     0    11     1     5
     -0.5505620138 a       156     0    11     1     6
      0.2910764754 a       157     0    11     1     7
      0.3488767210 a       158     0    11     1     8
      0.8240951787 a       159     0    11     1     9
     -0.3227980641 a       160     0    11     1    10
     -0.3101977903 a       161     0    11     1    11
      0.9454538331 a       162     0    11     1    12
     -0.4991484393 a       163     0    11     1    13
      0.4583803069 a       164     0    11     1    14
     -0.2165164918 a       165     0    11     1    15
      0.7147129229 a       166     0    12     1     1
     -0.2427143781 a       167     0    12     1     2
      0.3165685884 a       168     0    12     1     3
      0.1368044929 a       169     0    12     1     4
      0.0840392054 a       170     0    12     1     5
      0.7557681449 a       171     0    12     1     6
      0.9270451582 a       172     0    12     1     7
     -0.6866464723 a       173     0    12     1     8
      0.6639201764 a       174     0    12     1     9
     -0.0032658764 a       175     0    12     1    10
     -0.5749316047 a       176     0    12     1    11
      0.4222985107 a       177     0    12     1    12
     -0.3401157273 a       178     0    12     1    13
     -0.3034219697 a       179     0    12     1    14
     -0.7876981533 a       180     0    12     1    15
      0.8322410637 a       181     0    13     1     1
     -0.9802006629 a       182     0    13     1     2
      0.7237887745 a       183     0    13     1     3
     -0.3426715429 a       184     0    13     1     4
      0.0199275577 a       185     0    13     1     5
      0.7465421755 a       186     0    13     1     6
      0.2004610883 a       187     0    13     1     7
     -0.2591466826 a       188     0    13     1     8
      0.0640963296 a       189     0    13     1     9
      0.7736627215 a       190     0    13     1    10
     -0.7252899800 a       191     0    13     1    11
      0.0253917644 a       192     0    13     1    12
      0.3515613428 a       193     0    13     1    13
     -0.5058241016 a       194     0    13     1    14
     -0.7242642047 a       195     0    13     1    15
      0.5835183418 a       196     0    14     1     1
     -0.0498688125 a       197     0    14     1     2
     -0.9088047612 a       198     0    14     1     3
      0.7009834417 a       199     0    14     1     4
     -0.2859510684 a       200     0    14     1     5
      0.0084337968 a       201     0    14     1     6
      0.6503465186 a       202     0    14     1     7
     -0.4663464420 a       203     0    14     1     8
     -0.7749632562 a       204     0    14     1     9
     -0.0301520009 a       205     0    14     1    10
     -0.0425460517 a       206     0    14     1    11
     -0.7954488155 a       207     0    14     1    12
     -0.5267974615 a       208     0    14     1    13
     -0.6475513041 a       209     0    14     1    14
     -0.2080178967 a       210     0    14     1    15
     -0.4143048726 a       211     0    15     1     1
      0.6734752220 a       212     0    15     1     2
      0.2198310949 a       213     0    15     1     3
      0.8725814058 a       214     0    15     1     4
      0.3065898743 a       215     0    15     1     5
      0.4695171807 a       216     0    15     1     6
     -0.4259135212 a       217     0    15     1     7
     -0.3889282030 a       218     0    15     1     8
      0.3877270939 a       219     0    15     1     9
      0.4862168489 a       220     0    15     1    10
      0.4047479711 a       221     0    15     1    11
      0.0278184996 a       222     0    15     1    12
     -0.7501505984 a       223     0    15     1    13
     -0.9720851531 a       224     0    15     1    14
     -0.3702106256 a       225     0    15     1    15
     -0.0814176876 a       226     0    16     1     1
     -0.0107413818 a       227     0    16     1     2
      0.8769582180 a       228     0    16     1     3
     -0.7989327472 a       229     0    16     1     4
      0.1786049860 a       230     0    16     1     5
      0.8027086853 a       231     0    16     1     6
      0.8728090887 a       232     0    16     1     7
      0.3240887798 a       233     0    16     1     8
      0.5417504640 a       234     0    16     1     9
      0.7942836647 a       235     0    16     1    10
      0.2975218653 a       236     0    16     1    11
     -0.2464082718 a       237     0    16     1    12
     -0.0179686422 a       238     0    16     1    13
      0.2811457205 a       239     0    16     1    14
     -0.9983118513 a       240     0    16     1    15
      0.6077094711 a       241     0    17     1     1
      0.5027124393 a       242     0    17     1     2
     -0.8232046956 a       243     0    17     1     3
      0.0379228102 a       244     0    17     1     4
      0.9408979815 a       245     0    17     1     5
      0.7005559277 a       246     0    17     1     6
     -0.8067683555 a       247     0    17     1     7
      0.3994936281 a       248     0    17     1     8
     -0.5082320485 a       249     0    17     1     9
      0.3796694332 a       250     0    17     1    10
     -0.3016754703 a       251     0    17     1    11
      0.7081772554 a       252     0    17     1    12
     -0.3233590081 a       253     0    17     1    13
     -0.7528896312 a       254     0    17     1    14
     -0.5362236548 a       255     0    17     1    15
     -0.8946114603 a       256     0    18     1     1
     -0.1364951299 a       257     0    18     1     2
      0.1341169188 a       258     0    18     1     3
      0.1583419633 a       259     0    18     1     4
     -0.7663007741 a       260     0    18     1     5
      0.4502272997 a       261     0    18     1     6
      0.7511651723 a       262     0    18     1     7
     -0.0212082270 a       263     0    18     1     8
     -0.3735993667 a       264     0    18     1     9
      0.8681484910 a       265     0    18     1    10
      0.9253438288 a       266     0    18     1    11
      0.2188509722 a       267     0    18     1    12
      0.7508662244 a       268     0    18     1    13
      0.8303552909 a       269     0    18     1    14
     -0.6481319499 a       270     0    18     1    15
     -0.4807513449 a       271     0    19     1     1
     -0.3989782404 a       272     0    19     1     2
      0.8262858321 a       273     0    19     1     3
     -0.4569700572 a       274     0    19     1     4
      0.7998339751 a       275     0    19     1     5
     -0.4756071356 a       276     0    19     1     6
      0.4707687897 a       277     0    19     1     7
     -0.6756039546 a       278     0    19     1     8
      0.0331441457 a       279     0    19     1     9
     -0.8832830648 a       280     0    19     1    10
     -0.7731947181 a       281     0    19     1    11
      0.4306416520 a       282     0    19     1    12
      0.2614700898 a       283     0    19     1    13
      0.9544749853 a       284     0    19     1    14
      0.1820150186 a       285     0    19     1    15
      0.9510997802 a       286     0    20     1     1
      0.8791752886 a       287     0    20     1     2
     -0.4685014766 a       288     0    20     1     3
     -0.4451360141 a       289     0    20     1     4
     -0.7544478318 a       290     0    20     1     5
      0.0016405117 a       291     0    20     1     6
      0.3145645596 a       292     0    20     1     7
     -0.9124463279 a       293     0    20     1     8
      0.0624836083 a       294     0    20     1     9
     -0.0316198491 a       295     0    20     1    10
     -0.9419093413 a       296     0    20     1    11
     -0.4946829936 a       297     0    20     1    12
     -0.0192653449 a       298     0    20     1    13
     -0.4433556772 a       299     0    20     1    14
      0.6175469924 a       300     0    20     1    15
     -0.6035502345 a       301     0    21     1     1
     -0.3718222428 a       302     0    21     1     2
     -0.5247933526 a       303     0    21     1     3
      0.1930558397 a       304     0    21     1     4
      0.8674809240 a       305     0    21     1     5
      0.5475935768 a       306     0    21     1     6
     -0.8123258613 a       307     0    21     1     7
     -0.4849513791 a       308     0    21     1     8
      0.0990297504 a       309     0    21     1     9
     -0.7753858951 a       310     0    21     1    10
     -0.5391769422 a       311     0    21     1    11
      0.1193379122 a       312     0    21     1    12
      0.3778753337 a       313     0    21     1    13
     -0.0686076602 a       314     0    21     1    14
      0.4641976178 a       315     0    21     1    15
      0.0067463410 a       316     0    22     1     1
     -0.3205434249 a       317     0    22     1     2
      0.0489848928 a       318     0    22     1     3
      0.5953484412 a       319     0    22     1     4
     -0.8557934265 a       320     0    22     1     5
     -0.5508882843 a       321     0    22     1     6
      0.6406799605 a       322     0    22     1     7
     -0.7662457396 a       323     0    22     1     8
     -0.9137368341 a       324     0    22     1     9
     -0.8405628857 a       325     0    22     1    10
      0.0357599903 a       326     0    22     1    11
     -0.9694528881 a       327     0    22     1    12
     -0.8322324720 a       328     0    22     1    13
     -0.4243375707 a       329     0    22     1    14
     -0.7104048520 a       330     0    22     1    15
     -0.6264587328 a       331     0    23     1     1
      0.0912603313 a       332     0    23     1     2
      0.9343146615 a       333     0    23     1     3
      0.8047009588 a       334     0    23     1     4
     -0.2620984128 a       335     0    23     1     5
      0.8292799892 a       336     0    23     1     6
      0.4032431457 a       337     0    23     1     7
     -0.2202787224 a       338     0    23     1     8
      0.1717491233 a       339     0    23     1     9
     -0.1309907561 a       340     0    23     1    10
     -0.5999440226 a       341     0    23     1    11
     -0.7093426197 a       342     0    23     1    12
     -0.8250060340 a       343     0    23     1    13
      0.6736492215 a       344     0    23     1    14
     -0.9401365539 a       345     0    23     1    15
      0.6178220060 a       346     0    24     1     1
      0.3454610973 a       347     0    24     1     2
     -0.7634729500 a       348     0    24     1     3
      0.2435540945 a       349     0    24     1     4
     -0.0967648422 a       350     0    24     1     5
      0.3764971746 a       351     0    24     1     6
     -0.1564524724 a       352     0    24     1     7
      0.6540399960 a       353     0    24     1     8
     -0.0557230571 a       354     0    24     1     9
     -0.3245820525 a       355     0    24     1    10
     -0.8397198575 a       356     0    24     1    11
     -0.2787356531 a       357     0    24     1    12
     -0.0709547379 a       358     0    24     1    13
     -0.9488934335 a       359     0    24     1    14
      0.2466023860 a       360     0    24     1    15
     -0.1418516361 a       361     0    25     1     1
      0.2070296904 a       362     0    25     1     2
      0.8604768736 a       363     0    25     1     3
      0.0081330541 a       364     0    25     1     4
      0.3856905668 a       365     0    25     1     5
      0.1188686025 a       366     0    25     1     6
     -0.7456375356 a       367     0    25     1     7
      0.2400731423 a       368     0    25     1     8
      0.3133157437 a       369     0    25     1     9
     -0.1731460648 a       370     0    25     1    10
      0.6168364022 a       371     0    25     1    11
      0.1903278455 a       372     0    25     1    12
      0.1263719915 a       373     0    25     1    13
      0.3282830811 a       374     0    25     1    14
      0.8279875757 a       375     0    25     1    15
     -0.1792195310 a       376     0    26     1     1
     -0.5458748501 a       377     0    26     1     2
      0.1929155135 a       378     0    26     1     3
      0.4746489718 a       379     0    26     1     4
     -0.7789825452 a       380     0    26     1     5
     -0.1751948130 a       381     0    26     1     6
     -0.5504291523 a       382     0    26     1     7
     -0.1823579575 a       383     0    26     1     8
      0.4078894013 a       384     0    26     1     9
      0.4412460680 a       385     0    26     1    10
      0.0633323174 a       386     0    26     1    11
      0.4998191483 a       387     0    26     1    12
      0.6351834959 a       388     0    26     1    13
      0.4030143094 a       389     0    26     1    14
      0.8672998714 a       390     0    26     1    15
     -0.2495418008 a       391     0    27     1     1
      0.9766364623 a       392     0    27     1     2
      0.9684110158 a       393     0    27     1     3
     -0.3795616922 a       394     0    27     1     4
      0.8828424322 a       395     0    27     1     5
     -0.7042790057 a       396     0    27     1     6
     -0.1078972227 a       397     0    27     1     7
      0.1724932119 a       398     0    27     1     8
     -0.2082915027 a       399     0    27     1     9
     -0.9582549209 a       400     0    27     1    10
     -0.0423172127 a       401     0    27     1    11
     -0.0839997367 a       402     0    27     1    12
      0.9830152231 a       403     0    27     1    13
      0.3190246411 a       404     0    27     1    14
     -0.2671195137 a       405     0    27     1    15
     -1.0528701218 b       406     1     1
     -0.8142275276 b       407     1     2
     -0.1363851927 b       408     1     3
      0.9855897413 b       409     1     4
      0.9600127115 b       410     1     5
     -0.2969509076 b       411     1     6
      0.6458593901 b       412     1     7
      0.5497958482 b       413     1     8
      0.3424880109 b       414     1     9
     -0.9800888678 b       415     1    10
      0.2056423718 b       416     1    11
     -0.6464840787 b       417     1    12
     -0.8371308596 b       418     1    13
     -1.0568868905 b       419     1    14
      0.2038659048 b       420     1    15
      0.6605120854 a       421     1     1     2     1
      0.7270045656 a       422     1     1     2     2
     -0.9412794723 a       423     1     1     2     3
      0.6378447699 a       424     1     1     2     4
     -0.4639797546 a       425     1     1     2     5
     -0.9414302398 a       426     1     1     2     6
      0.6333002645 a       427     1     1     2     7
     -0.3808444843 a       428     1     1     2     8
      0.4511134437 a       429     1     1     2     9
     -0.2471013392 a       430     1     1     2    10
     -0.9551981815 a       431     1     1     2    11
     -0.3164860540 a       432     1     1     2    12
      0.4145029756 a       433     1     1     2    13
     -1.0006354380 a       434     1     1     2    14
     -0.0175886093 a       435     1     1     2    15
     -0.1142095223 a       436     1     2     2     1
     -0.4965640471 a       437     1     2     2     2
     -0.0589023642 a       438     1     2     2     3
      0.9881758216 a       439     1     2     2     4
     -0.5422174264 a       440     1     2     2     5
      0.1395387036 a       441     1     2     2     6
      0.3286018704 a       442     1     2     2     7
     -0.2098712813 a       443     1     2     2     8
      0.6554866333 a       444     1     2     2     9
     -0.1249618266 a       445     1     2     2    10
      0.4364745339 a       446     1     2     2    11
      0.9791406281 a       447     1     2     2    12
      0.6667497889 a       448     1     2     2    13
     -0.8693100843 a       449     1     2     2    14
     -0.5227787263 a       450     1     2     2    15
      0.5034494193 a       451     1     3     2     1
     -0.6777990399 a       452     1     3     2     2
      0.4563020464 a       453     1     3     2     3
     -0.3088769882 a       454     1     3     2     4
     -0.3993173231 a       455     1     3     2     5
      0.7651517918 a       456     1     3     2     6
     -0.8540661470 a       457     1     3     2     7
     -0.4040708393 a       458     1     3     2     8
      0.8349070046 a       459     1     3     2     9
      0.4318625922 a       460     1     3     2    10
      0.0312686135 a       461     1     3     2    11
     -0.0697267323 a       462     1     3     2    12
     -0.6968344432 a       463     1     3     2    13
     -0.6172616772 a       464     1     3     2    14
     -0.8852692216 a       465     1     3     2    15
     -0.0351216953 a       466     1     4     2     1
     -0.5067690344 a       467     1     4     2     2
      0.2959449956 a       468     1     4     2     3
     -0.1659508151 a       469     1     4     2     4
      0.3196828971 a       470     1     4     2     5
      0.3731808709 a       471     1     4     2     6
     -0.9131155438 a       472     1     4     2     7
     -0.8715076763 a       473     1     4     2     8
      0.8989385477 a       474     1     4     2     9
      0.7914370049 a       475     1     4     2    10
     -0.6017861316 a       476     1     4     2    11
      0.5991149044 a       477     1     4     2    12
     -0.6213499615 a       478     1     4     2    13
     -0.2380551686 a       479     1     4     2    14
     -0.0970687799 a       480     1     4     2    15
      0.3570433524 a       481     1     5     2     1
      0.8077071793 a       482     1     5     2     2
      0.8832876768 a       483     1     5     2     3
     -0.5963828798 a       484     1     5     2     4
      0.8452886830 a       485     1     5     2     5
     -0.9398111809 a       486     1     5     2     6
     -0.1842351352 a       487     1     5     2     7
      0.8332704294 a       488     1     5     2     8
     -0.8742029280 a       489     1     5     2     9
     -0.9596839764 a       490     1     5     2    10
     -0.1023604195 a       491     1     5     2    11
      0.5249146494 a       492     1     5     2    12
      0.3346642622 a       493     1     5     2    13
     -0.5223686371 a       494     1     5     2    14
      0.1444928555 a       495     1     5     2    15
     -0.8459806702 a       496     1     6     2     1
     -0.8249701850 a       497     1     6     2     2
     -0.6956913196 a       498     1     6     2     3
     -0.9825427807 a       499     1     6     2     4
      0.1549149989 a       500     1     6     2     5
      0.8095044519 a       501     1     6     2     6
      0.7169264992 a       502     1     6     2     7
      0.6842410715 a       503     1     6     2     8
      0.2864955169 a       504     1     6     2     9
     -0.2040115345 a       505     1     6     2    10
      0.7400406351 a       506     1     6     2    11
     -0.5817583596 a       507     1     6     2    12
      0.3681528719 a       508     1     6     2    13
     -0.4840121312 a       509     1     6     2    14
     -0.4316897943 a       510     1     6     2    15
      0.6326367275 a       511     1     7     2     1
     -0.3758867626 a       512     1     7     2     2
      0.3220925071 a       513     1     7     2     3
      0.3363110721 a       514     1     7     2     4
     -0.2725069837 a       515     1     7     2     5
      0.1823066904 a       516     1     7     2     6
     -0.7876873430 a       517     1     7     2     7
      0.3215968358 a       518     1     7     2     8
      0.6129487552 a       519     1     7     2     9
     -0.9455671314 a       520     1     7     2    10
     -0.4567889291 a       521     1     7     2    11
      0.6161637786 a       522     1     7     2    12
      0.9124132307 a       523     1     7     2    13
     -0.7942018032 a       524     1     7     2    14
      0.0588812132 a       525     1     7     2    15
     -0.5391195930 a       526     1     8     2     1
      0.3534086310 a       527     1     8     2     2
     -0.6222109660 a       528     1     8     2     3
     -0.3102674094 a       529     1     8     2     4
      0.8815435902 a       530     1     8     2     5
      0.1326126649 a       531     1     8     2     6
     -0.6234985276 a       532     1     8     2     7
      0.7590176636 a       533     1     8     2     8
      0.4408643066 a       534     1     8     2     9
      0.9483633547 a       535     1     8     2    10
     -0.5597742241 a       536     1     8     2    11
     -0.0623008634 a       537     1     8     2    12
     -0.4131605489 a       538     1     8     2    13
     -0.5968254890 a       539     1     8     2    14
      0.4487772558 a       540     1     8     2    15
      0.2925368909 a       541     1     9     2     1
      0.8169102541 a       542     1     9     2     2
      0.5619085322 a       543     1     9     2     3
     -0.9924390084 a       544     1     9     2     4
     -0.6209979271 a       545     1     9     2     5
      0.2285605269 a       546     1     9     2     6
      0.7497021313 a       547     1     9     2     7
     -0.9576706089 a       548     1     9     2     8
     -0.8894716616 a       549     1     9     2     9
      0.6597448983 a       550     1     9     2    10
     -0.3904458093 a       551     1     9     2    11
     -0.9038610973 a       552     1     9     2    12
     -0.7801786055 a       553     1     9     2    13
     -0.1212776131 a       554     1     9     2    14
      0.8811155197 a       555     1     9     2    15
     -1.0382244970 a       556     1    10     2     1
      0.5722802048 a       557     1    10     2     2
     -0.5587734027 a       558     1    10     2     3
     -0.8034248152 a       559     1    10     2     4
      0.9428812474 a       560     1    10     2     5
      0.8538722030 a       561     1    10     2     6
      0.3100491339 a       562     1    10     2     7
      0.8971755383 a       563     1    10     2     8
     -0.8863149759 a       564     1    10     2     9
     -0.6761414203 a       565     1    10     2    10
      0.8818754440 a       566     1    10     2    11
     -0.3661552938 a       567     1    10     2    12
      0.6465853067 a       568     1    10     2    13
      0.1426232966 a       569     1    10     2    14
     -0.4347985740 a       570     1    10     2    15
      0.6271684539 a       571     1    11     2     1
     -0.1599544114 a       572     1    11     2     2
      0.4100858476 a       573     1    11     2     3
     -0.8356743191 a       574     1    11     2     4
     -0.4942961140 a       575     1    11     2     5
     -0.6924804091 a       576     1    11     2     6
     -0.1137945012 a       577     1    11     2     7
     -0.9682132042 a       578     1    11     2     8
     -0.8084643388 a       579     1    11     2     9
      0.7221419754 a       580     1    11     2    10
     -0.9165399790 a       581     1    11     2    11
      0.1510196266 a       582     1    11     2    12
     -0.4719547691 a       583     1    11     2    13
      0.8144091507 a       584     1    11     2    14
      0.9930008218 a       585     1    11     2    15
     -0.7824459137 a       586     1    12     2     1
     -0.6913657326 a       587     1    12     2     2
      0.5101237565 a       588     1    12     2     3
     -0.1501409479 a       589     1    12     2     4
      0.8328110297 a       590     1    12     2     5
      0.6691822165 a       591     1    12     2     6
      0.6562958484 a       592     1    12     2     7
     -0.2041603705 a       593     1    12     2     8
     -0.4852945652 a       594     1    12     2     9
     -0.1412164161 a       595     1    12     2    10
     -0.1743416382 a       596     1    12     2    11
     -0.7556488191 a       597     1    12     2    12
      0.7086208536 a       598     1    12     2    13
     -0.7973928160 a       599     1    12     2    14
     -0.9487387175 a       600     1    12     2    15
      0.6763143660 a       601     1    13     2     1
      0.0196982981 a       602     1    13     2     2
     -0.7579698948 a       603     1    13     2     3
      0.4419284583 a       604     1    13     2     4
     -0.4727857775 a       605     1    13     2     5
     -0.3149308347 a       606     1    13     2     6
     -0.7112719813 a       607     1    13     2     7
      0.8457240573 a       608     1    13     2     8
      0.9070437248 a       609     1    13     2     9
      0.7651675270 a       610     1    13     2    10
      0.5757865615 a       611     1    13     2    11
     -0.2453767374 a       612     1    13     2    12
      0.4123516347 a       613     1    13     2    13
     -0.0989609604 a       614     1    13     2    14
      0.0042087136 a       615     1    13     2    15
     -0.9317906411 a       616     1    14     2     1
      0.0864944380 a       617     1    14     2     2
     -0.5464728171 a       618     1    14     2     3
      0.8277132954 a       619     1    14     2     4
     -0.2474986532 a       620     1    14     2     5
      0.8498471580 a       621     1    14     2     6
      0.8931392509 a       622     1    14     2     7
      0.8390414270 a       623     1    14     2     8
      0.6601458524 a       624     1    14     2     9
      0.0720920952 a       625     1    14     2    10
      0.3443038189 a       626     1    14     2    11
     -0.5601197732 a       627     1    14     2    12
      0.8476221498 a       628     1    14     2    13
     -0.9243087964 a       629     1    14     2    14
      0.2771805400 a       630     1    14     2    15
      0.4040210817 a       631     1    15     2     1
     -0.8723150195 a       632     1    15     2     2
     -0.4481394798 a       633     1    15     2     3
     -0.1558901464 a       634     1    15     2     4
     -0.0308559650 a       635     1    15     2     5
     -0.1911062907 a       636     1    15     2     6
     -0.3034496412 a       637     1    15     2     7
     -0.8562481297 a       638     1    15     2     8
      0.3865385282 a       639     1    15     2     9
     -0.3662991139 a       640     1    15     2    10
     -0.2922358472 a       641     1    15     2    11
      0.5978987463 a       642     1    15     2    12
      0.5882533430 a       643     1    15     2    13
     -0.4949062019 a       644     1    15     2    14
      0.3865327391 a       645     1    15     2    15
      0.3456045871 b       646     2     1
      0.8628225742 b       647     2     2
     -0.9379715901 b       648     2     3
     -1.0046589784 b       649     2     4
      0.8591901218 b       650     2     5
      0.7079514838 b       651     2     6
     -0.9023278476 b       652     2     7
     -0.6259242675 b       653     2     8
      0.8907379872 b       654     2     9
      0.0484379921 b       655     2    10
     -0.9027343930 b       656     2    11
      0.6515508417 b       657     2    12
      0.3011651037 b       658     2    13
     -0.4988764813 b       659     2    14
      0.3451381868 b       660     2    15
      0.3989495892 a       661     2     1     3     1
     -1.0796448326 a       662     2     2     3     1
      0.1324808850 a       663     2     3     3     1
      0.2245262155 a       664     2     4     3     1
      0.1611956076 a       665     2     5     3     1
     -0.0472770758 a       666     2     6     3     1
     -0.1914404365 a       667     2     7     3     1
      0.7089666881 a       668     2     8     3     1
     -0.3209248342 a       669     2     9     3     1
     -0.1172723380 a       670     2    10     3     1
      0.9765265872 a       671     2    11     3     1
     -0.9862756850 a       672     2    12     3     1
      0.3483577477 a       673     2    13     3     1
     -0.6189475864 a       674     2    14     3     1
      0.9383627230 a       675     2    15     3     1
     -0.5809980510 b       676     3     1
