     -0.4737193949 a         1     0     1     1     1
     -0.2684426855 a         2     0     1     1     2
     -0.2554079675 a         3     0     1     1     3
     -0.0811725311 a         4     0     1     1     4
      0.1066849386 a         5     0     1     1     5
      0.2156109623 a         6     0     1     1     6
      0.3789583688 a         7     0     1     1     7
      0.1353711449 a         8     0     1     1     8
      0.4592831987 a         9     0     1     1     9
      0.0850094465 a        10     0     1     1    10
     -0.0199514290 a        11     0     1     1    11
      0.2482574449 a        12     0     1     1    12
      0.2476726386 a        13     0     1     1    13
      0.4125451881 a        14     0     1     1    14
     -0.3259451795 a        15     0     1     1    15
      0.2165618415 a        16     0     1     1    16
     -0.1799917721 a        17     0     1     1    17
     -0.5014142189 a        18     0     1     1    18
     -0.0839768449 a        19     0     1     1    19
     -0.1295944532 a        20     0     1     1    20
     -0.4500160256 a        21     0     2     1     1
     -0.2278188490 a        22     0     2     1     2
      0.1644888710 a        23     0     2     1     3
     -0.4340529819 a        24     0     2     1     4
     -0.0293749034 a        25     0     2     1     5
      0.0168327671 a        26     0     2     1     6
      0.0760399508 a        27     0     2     1     7
      0.1017488540 a        28     0     2     1     8
      0.2637815010 a        29     0     2     1     9
     -0.1899662206 a        30     0     2     1    10
      0.1671062427 a        31     0     2     1    11
      0.1188607044 a        32     0     2     1    12
      0.2567852647 a        33     0     2     1    13
     -0.4250780287 a        34     0     2     1    14
     -0.3311073049 a        35     0     2     1    15
     -0.4228163776 a        36     0     2     1    16
      0.3898023259 a        37     0     2     1    17
     -0.3888139122 a        38     0     2     1    18
     -0.1715689501 a        39     0     2     1    19
     -0.2926070946 a        40     0     2     1    20
     -0.0749853003 a        41     0     3     1     1
      0.0311495379 a        42     0     3     1     2
     -0.0799114944 a        43     0     3     1     3
     -0.0571834245 a        44     0     3     1     4
      0.4358524042 a        45     0     3     1     5
      0.0260975781 a        46     0     3     1     6
     -0.0701451850 a        47     0     3     1     7
     -0.1521642323 a        48     0     3     1     8
     -0.0796212351 a        49     0     3     1     9
      0.2964022017 a        50     0     3     1    10
      0.2100912931 a        51     0     3     1    11
     -0.4600525623 a        52     0     3     1    12
     -0.4406861650 a        53     0     3     1    13
      0.0516530123 a        54     0     3     1    14
     -0.2710234959 a        55     0     3     1    15
     -0.4273866916 a        56     0     3     1    16
      0.0197372659 a        57     0     3     1    17
     -0.2719759962 a        58     0     3     1    18
      0.4054531292 a        59     0     3     1    19
      0.3422528157 a        60     0     3     1    20
      0.1836850335 a        61     0     4     1     1
      0.3464217150 a        62     0     4     1     2
     -0.2924326537 a        63     0     4     1     3
     -0.0749131000 a        64     0     4     1     4
     -0.4269026246 a        65     0     4     1     5
      0.1285625563 a        66     0     4     1     6
     -0.1384097947 a        67     0     4     1     7
     -0.1452743223 a        68     0     4     1     8
      0.5013439074 a        69     0     4     1     9
      0.1480110353 a        70     0     4     1    10
      0.2734358048 a        71     0     4     1    11
     -0.1110364170 a        72     0     4     1    12
     -0.0897695788 a        73     0     4     1    13
      0.3307340599 a        74     0     4     1    14
     -0.1643891011 a        75     0     4     1    15
      0.4348111627 a        76     0     4     1    16
     -0.3408273424 a        77     0     4     1    17
     -0.0713619584 a        78     0     4     1    18
     -0.3245288737 a        79     0     4     1    19
     -0.0138562364 a        80     0     4     1    20
      0.4556835757 a        81     0     5     1     1
     -0.4848309714 a        82     0     5     1     2
      0.3887974734 a        83     0     5     1     3
     -0.4191268431 a        84     0     5     1     4
     -0.3705697770 a        85     0     5     1     5
      0.1060114794 a        86     0     5     1     6
      0.3731935199 a        87     0     5     1     7
     -0.1256856155 a        88     0     5     1     8
     -0.1979164243 a        89     0     5     1     9
     -0.3925332828 a        90     0     5     1    10
     -0.0118715274 a        91     0     5     1    11
     -0.0377997647 a        92     0     5     1    12
     -0.1560203785 a        93     0     5     1    13
      0.4203438829 a        94     0     5     1    14
     -0.3926375554 a        95     0     5     1    15
     -0.2907317301 a        96     0     5     1    16
     -0.1544644591 a        97     0     5     1    17
      0.5358468642 a        98     0     5     1    18
      0.0299857413 a        99     0     5     1    19
     -0.2035034307 a       100     0     5     1    20
      0.1521641906 a       101     0     6     1     1
      0.3402637227 a       102     0     6     1     2
     -0.0014906780 a       103     0     6     1     3
      0.4530078170 a       104     0     6     1     4
     -0.3526536229 a       105     0     6     1     5
      0.3047608195 a       106     0     6     1     6
     -0.3675398941 a       107     0     6     1     7
     -0.3927953480 a       108     0     6     1     8
     -0.1154213538 a       109     0     6     1     9
     -0.2558822238 a       110     0     6     1    10
      0.3489461435 a       111     0     6     1    11
      0.4096149943 a       112     0     6     1    12
     -0.4751457857 a       113     0     6     1    13
      0.3399681578 a       114     0     6     1    14
      0.1279236112 a       115     0     6     1    15
      0.0055364343 a       116     0     6     1    16
      0.3760292588 a       117     0     6     1    17
     -0.5026928676 a       118     0     6     1    18
     -0.2635604560 a       119     0     6     1    19
      0.0156307529 a       120     0     6     1    20
      0.0571424426 a       121     0     7     1     1
      0.1123881165 a       122     0     7     1     2
     -0.4126696118 a       123     0     7     1     3
      0.1785212417 a       124     0     7     1     4
      0.3551204030 a       125     0     7     1     5
      0.3658007308 a       126     0     7     1     6
     -0.3210621307 a       127     0     7     1     7
     -0.0908250940 a       128     0     7     1     8
      0.2070473185 a       129     0     7     1     9
      0.4606316717 a       130     0     7     1    10
      0.0720060826 a       131     0     7     1    11
      0.1180625684 a       132     0     7     1    12
     -0.1544478302 a       133     0     7     1    13
     -0.2463520891 a       134     0     7     1    14
     -0.4197742175 a       135     0     7     1    15
      0.1217137794 a       136     0     7     1    16
      0.3675112836 a       137     0     7     1    17
      0.2690773096 a       138     0     7     1    18
      0.0809975893 a       139     0     7     1    19
     -0.3256309275 a       140     0     7     1    20
      0.1894086646 a       141     0     8     1     1
     -0.1127792727 a       142     0     8     1     2
     -0.1858399971 a       143     0     8     1     3
     -0.1151036526 a       144     0     8     1     4
      0.3385366932 a       145     0     8     1     5
     -0.0501836421 a       146     0     8     1     6
     -0.2873665082 a       147     0     8     1     7
     -0.1461559599 a       148     0     8     1     8
     -0.2469419263 a       149     0     8     1     9
     -0.3083579242 a       150     0     8     1    10
      0.4138822631 a       151     0     8     1    11
      0.1005598426 a       152     0     8     1    12
     -0.2576436268 a       153     0     8     1    13
      0.1064366762 a       154     0     8     1    14
     -0.3695720629 a       155     0     8     1    15
     -0.2577437834 a       156     0     8     1    16
      0.1722272941 a       157     0     8     1    17
      0.2055605230 a       158     0     8     1    18
      0.4409077019 a       159     0     8     1    19
     -0.1518188817 a       160     0     8     1    20
     -0.1758612147 a       161     0     9     1     1
      0.4741919985 a       162     0     9     1     2
     -0.2226169059 a       163     0     9     1     3
      0.2170030488 a       164     0     9     1     4
     -0.1192169013 a       165     0     9     1     5
      0.3786515756 a       166     0     9     1     6
     -0.1006357269 a       167     0     9     1     7
      0.1959422990 a       168     0     9     1     8
      0.0686769025 a       169     0     9     1     9
      0.0443183205 a       170     0     9     1    10
      0.4937062407 a       171     0     9     1    11
      0.4768849399 a       172     0     9     1    12
     -0.3231281636 a       173     0     9     1    13
      0.3414349503 a       174     0     9     1    14
     -0.0046104219 a       175     0     9     1    15
     -0.2661771772 a       176     0     9     1    16
      0.3068692978 a       177     0     9     1    17
     -0.1913868350 a       178     0     9     1    18
     -0.1256478627 a       179     0     9     1    19
     -0.3590077028 a       180     0     9     1    20
      0.4980908690 a       181     0    10     1     1
     -0.4953443898 a       182     0    10     1     2
      0.3111039009 a       183     0    10     1     3
     -0.1704001289 a       184     0    10     1     4
      0.0241293319 a       185     0    10     1     5
      0.4019797870 a       186     0    10     1     6
      0.0998740952 a       187     0    10     1     7
     -0.1478750176 a       188     0    10     1     8
      0.0529210393 a       189     0    10     1     9
      0.3832743674 a       190     0    10     1    10
     -0.4183563816 a       191     0    10     1    11
      0.0420600234 a       192     0    10     1    12
      0.1558344650 a       193     0    10     1    13
     -0.2606539749 a       194     0    10     1    14
     -0.3129553231 a       195     0    10     1    15
      0.2755199272 a       196     0    10     1    16
     -0.0181532620 a       197     0    10     1    17
     -0.5005161217 a       198     0    10     1    18
      0.3536820305 a       199     0    10     1    19
     -0.1338952199 a       200     0    10     1    20
      0.0426712388 a       201     0    11     1     1
      0.3455438712 a       202     0    11     1     2
     -0.2031962121 a       203     0    11     1     3
     -0.3550878976 a       204     0    11     1     4
     -0.0204555802 a       205     0    11     1     5
     -0.0246284054 a       206     0    11     1     6
     -0.3412300881 a       207     0    11     1     7
     -0.2904162056 a       208     0    11     1     8
     -0.3051653986 a       209     0    11     1     9
     -0.0731433636 a       210     0    11     1    10
     -0.2402656964 a       211     0    11     1    11
      0.3274517086 a       212     0    11     1    12
      0.0917378530 a       213     0    11     1    13
      0.4414311064 a       214     0    11     1    14
      0.1539091704 a       215     0    11     1    15
      0.2292368445 a       216     0    11     1    16
     -0.2511862326 a       217     0    11     1    17
     -0.2262126802 a       218     0    11     1    18
      0.2104408819 a       219     0    11     1    19
      0.2484509575 a       220     0    11     1    20
      0.2492112005 a       221     0    12     1     1
      0.0419481623 a       222     0    12     1     2
     -0.3500472628 a       223     0    12     1     3
     -0.4490743271 a       224     0    12     1     4
     -0.1560172926 a       225     0    12     1     5
     -0.0306101240 a       226     0    12     1     6
      0.0012326332 a       227     0    12     1     7
      0.4931459534 a       228     0    12     1     8
     -0.4036886598 a       229     0    12     1     9
      0.0940048363 a       230     0    12     1    10
      0.4983246892 a       231     0    12     1    11
      0.4421893704 a       232     0    12     1    12
      0.1670882706 a       233     0    12     1    13
      0.2918614383 a       234     0    12     1    14
      0.3604933470 a       235     0    12     1    15
      0.1363803418 a       236     0    12     1    16
     -0.1356815828 a       237     0    12     1    17
     -0.0027328151 a       238     0    12     1    18
      0.1649538641 a       239     0    12     1    19
     -0.4757366258 a       240     0    12     1    20
      0.3670681258 a       241     0    13     1     1
      0.2333703637 a       242     0    13     1     2
     -0.3730471320 a       243     0    13     1     3
      0.0135952452 a       244     0    13     1     4
      0.4576766305 a       245     0    13     1     5
      0.3473551661 a       246     0    13     1     6
     -0.3795798483 a       247     0    13     1     7
      0.2328158013 a       248     0    13     1     8
     -0.2408178182 a       249     0    13     1     9
      0.1854894126 a       250     0    13     1    10
     -0.1791845285 a       251     0    13     1    11
      0.3479142388 a       252     0    13     1    12
     -0.1475585107 a       253     0    13     1    13
     -0.3835417909 a       254     0    13     1    14
     -0.2751094022 a       255     0    13     1    15
     -0.4094826717 a       256     0    13     1    16
     -0.0775991265 a       257     0    13     1    17
      0.0896452140 a       258     0    13     1    18
      0.0758555793 a       259     0    13     1    19
     -0.3814789421 a       260     0    13     1    20
      0.2955298476 a       261     0    14     1     1
      0.3817838901 a       262     0    14     1     2
     -0.0102063857 a       263     0    14     1     3
     -0.1886480271 a       264     0    14     1     4
      0.4162946262 a       265     0    14     1     5
      0.4697687022 a       266     0    14     1     6
      0.1356067542 a       267     0    14     1     7
      0.4186929365 a       268     0    14     1     8
      0.4477102015 a       269     0    14     1     9
     -0.2962298227 a       270     0    14     1    10
     -0.2755281333 a       271     0    14     1    11
     -0.2097900727 a       272     0    14     1    12
      0.3931042577 a       273     0    14     1    13
     -0.2457685945 a       274     0    14     1    14
      0.3707987258 a       275     0    14     1    15
     -0.2135542763 a       276     0    14     1    16
      0.2901702389 a       277     0    14     1    17
     -0.3764856520 a       278     0    14     1    18
      0.0339239661 a       279     0    14     1    19
     -0.4305665567 a       280     0    14     1    20
     -0.4580301775 a       281     0    15     1     1
      0.2351046880 a       282     0    15     1     2
      0.1266000385 a       283     0    15     1     3
      0.4598339650 a       284     0    15     1     4
      0.0819582943 a       285     0    15     1     5
      0.4944966444 a       286     0    15     1     6
      0.4165827133 a       287     0    15     1     7
     -0.2460422151 a       288     0    15     1     8
     -0.2366530118 a       289     0    15     1     9
     -0.3657684939 a       290     0    15     1    10
      0.0316859949 a       291     0    15     1    11
      0.1622912858 a       292     0    15     1    12
     -0.4387933092 a       293     0    15     1    13
      0.0185012223 a       294     0    15     1    14
     -0.0198004641 a       295     0    15     1    15
     -0.4408122832 a       296     0    15     1    16
     -0.2679617768 a       297     0    15     1    17
     -0.0103455458 a       298     0    15     1    18
     -0.2022297247 a       299     0    15     1    19
      0.3114385375 a       300     0    15     1    20
     -0.3450124602 a       301     0    16     1     1
     -0.1902727796 a       302     0    16     1     2
     -0.2318436556 a       303     0    16     1     3
      0.0855562978 a       304     0    16     1     4
      0.4138645756 a       305     0    16     1     5
      0.2889793016 a       306     0    16     1     6
     -0.3827525075 a       307     0    16     1     7
     -0.2574058305 a       308     0    16     1     8
      0.0567522952 a       309     0    16     1     9
     -0.3718460606 a       310     0    16     1    10
     -0.3282643755 a       311     0    16     1    11
      0.0686781152 a       312     0    16     1    12
      0.1869979919 a       313     0    16     1    13
     -0.0133789157 a       314     0    16     1    14
      0.2029985912 a       315     0    16     1    15
      0.0126500471 a       316     0    16     1    16
     -0.2164328348 a       317     0    16     1    17
      0.0221888341 a       318     0    16     1    18
      0.2978444567 a       319     0    16     1    19
     -0.4250553145 a       320     0    16     1    20
     -0.3461634101 a       321     0    17     1     1
      0.3041897750 a       322     0    17     1     2
     -0.3309999678 a       323     0    17     1     3
     -0.4079524391 a       324     0    17     1     4
     -0.4035303075 a       325     0    17     1     5
      0.0150470006 a       326     0    17     1     6
     -0.4620589740 a       327     0    17     1     7
     -0.4518169298 a       328     0    17     1     8
     -0.2075342448 a       329     0    17     1     9
     -0.3750631415 a       330     0    17     1    10
     -0.3692584554 a       331     0    17     1    11
      0.0524915288 a       332     0    17     1    12
      0.4605377901 a       333     0    17     1    13
      0.4171799495 a       334     0    17     1    14
     -0.1208197511 a       335     0    17     1    15
      0.4020128044 a       336     0    17     1    16
      0.2561722187 a       337     0    17     1    17
     -0.1197703316 a       338     0    17     1    18
      0.0751304451 a       339     0    17     1    19
     -0.0662513206 a       340     0    17     1    20
     -0.3631575790 a       341     0    18     1     1
     -0.3219946067 a       342     0    18     1     2
     -0.3698320997 a       343     0    18     1     3
      0.3294608182 a       344     0    18     1     4
     -0.4414449662 a       345     0    18     1     5
      0.3190201351 a       346     0    18     1     6
      0.1766708509 a       347     0    18     1     7
     -0.4075948705 a       348     0    18     1     8
      0.1241626309 a       349     0    18     1     9
     -0.0561498748 a       350     0    18     1    10
      0.2494509232 a       351     0    18     1    11
     -0.0812984306 a       352     0    18     1    12
      0.3158914848 a       353     0    18     1    13
     -0.0640067349 a       354     0    18     1    14
     -0.1523437814 a       355     0    18     1    15
     -0.3981897174 a       356     0    18     1    16
     -0.1530052003 a       357     0    18     1    17
     -0.0464590100 a       358     0    18     1    18
     -0.4663712766 a       359     0    18     1    19
      0.1275105284 a       360     0    18     1    20
     -0.0709002196 a       361     0    19     1     1
      0.1071924488 a       362     0    19     1     2
      0.3953513277 a       363     0    19     1     3
      0.0031622698 a       364     0    19     1     4
      0.1875157786 a       365     0    19     1     5
      0.0873369687 a       366     0    19     1     6
     -0.3334868089 a       367     0    19     1     7
      0.1453068635 a       368     0    19     1     8
      0.1645918660 a       369     0    19     1     9
     -0.0864045513 a       370     0    19     1    10
      0.3609969779 a       371     0    19     1    11
      0.1181916591 a       372     0    19     1    12
      0.0650425233 a       373     0    19     1    13
      0.1974957486 a       374     0    19     1    14
      0.3943051114 a       375     0    19     1    15
     -0.0738002285 a       376     0    19     1    16
     -0.3178988688 a       377     0    19     1    17
      0.1265336640 a       378     0    19     1    18
      0.2380760580 a       379     0    19     1    19
     -0.3762339848 a       380     0    19     1    20
     -0.0588300302 a       381     0    20     1     1
     -0.2522633865 a       382     0    20     1     2
     -0.0796174095 a       383     0    20     1     3
      0.1821376379 a       384     0    20     1     4
      0.2098356691 a       385     0    20     1     5
      0.0286251672 a       386     0    20     1     6
      0.2735751327 a       387     0    20     1     7
      0.3496881740 a       388     0    20     1     8
      0.2290817159 a       389     0    20     1     9
      0.4454811681 a       390     0    20     1    10
     -0.1368639494 a       391     0    20     1    11
      0.4847261947 a       392     0    20     1    12
      0.4627936744 a       393     0    20     1    13
     -0.2006767809 a       394     0    20     1    14
      0.4150486086 a       395     0    20     1    15
     -0.2985329371 a       396     0    20     1    16
     -0.0480389429 a       397     0    20     1    17
      0.1046761194 a       398     0    20     1    18
     -0.0972792906 a       399     0    20     1    19
     -0.4730540641 a       400     0    20     1    20
     -0.0222724505 a       401     0    21     1     1
     -0.0174645970 a       402     0    21     1     2
      0.4388830514 a       403     0    21     1     3
      0.1677565677 a       404     0    21     1     4
     -0.1069532874 a       405     0    21     1     5
     -0.5103718195 a       406     0    21     1     6
     -0.3439556639 a       407     0    21     1     7
     -0.1774934755 a       408     0    21     1     8
      0.4928663013 a       409     0    21     1     9
      0.4489931785 a       410     0    21     1    10
     -0.0904630848 a       411     0    21     1    11
      0.1850000320 a       412     0    21     1    12
      0.3018321622 a       413     0    21     1    13
      0.0736864889 a       414     0    21     1    14
     -0.4374369879 a       415     0    21     1    15
      0.0763327288 a       416     0    21     1    16
     -0.3660561222 a       417     0    21     1    17
     -0.4949169058 a       418     0    21     1    18
     -0.4698336404 a       419     0    21     1    19
      0.1269408634 a       420     0    21     1    20
      0.4005760366 a       421     0    22     1     1
      0.4219384728 a       422     0    22     1     2
     -0.4163061688 a       423     0    22     1     3
      0.2930674376 a       424     0    22     1     4
     -0.2386847664 a       425     0    22     1     5
     -0.4694822556 a       426     0    22     1     6
      0.2968481503 a       427     0    22     1     7
     -0.2153170125 a       428     0    22     1     8
      0.2363401982 a       429     0    22     1     9
     -0.1163545479 a       430     0    22     1    10
     -0.5715863300 a       431     0    22     1    11
     -0.1492492060 a       432     0    22     1    12
      0.1976397803 a       433     0    22     1    13
     -0.4876557035 a       434     0    22     1    14
     -0.0247429443 a       435     0    22     1    15
     -0.0296240260 a       436     0    22     1    16
     -0.2837822226 a       437     0    22     1    17
     -0.0205498576 a       438     0    22     1    18
      0.4967010571 a       439     0    22     1    19
     -0.2755402649 a       440     0    22     1    20
      0.0983901637 a       441     0    23     1     1
      0.1597199224 a       442     0    23     1     2
     -0.0949356923 a       443     0    23     1     3
      0.2972447741 a       444     0    23     1     4
     -0.0610980384 a       445     0    23     1     5
      0.2235178249 a       446     0    23     1     6
      0.4625112426 a       447     0    23     1     7
      0.3672379229 a       448     0    23     1     8
     -0.4230072349 a       449     0    23     1     9
     -0.2655073003 a       450     0    23     1    10
      0.3395109166 a       451     0    23     1    11
     -0.4730733939 a       452     0    23     1    12
      0.2319287494 a       453     0    23     1    13
     -0.1622677558 a       454     0    23     1    14
     -0.1728849042 a       455     0    23     1    15
      0.3466887637 a       456     0    23     1    16
     -0.5260922387 a       457     0    23     1    17
     -0.2179508057 a       458     0    23     1    18
      0.3659778285 a       459     0    23     1    19
      0.1961626299 a       460     0    23     1    20
      0.0198361241 a       461     0    24     1     1
     -0.0542363740 a       462     0    24     1     2
     -0.3125991183 a       463     0    24     1     3
     -0.3668216159 a       464     0    24     1     4
     -0.3977514301 a       465     0    24     1     5
     -0.0424597597 a       466     0    24     1     6
     -0.2966264492 a       467     0    24     1     7
      0.1526290856 a       468     0    24     1     8
     -0.0824043379 a       469     0    24     1     9
      0.1693174426 a       470     0    24     1    10
      0.1992789901 a       471     0    24     1    11
     -0.4467214295 a       472     0    24     1    12
     -0.4124276635 a       473     0    24     1    13
      0.4478530157 a       474     0    24     1    14
      0.3562207969 a       475     0    24     1    15
     -0.2697901107 a       476     0    24     1    16
      0.3533504118 a       477     0    24     1    17
     -0.3460644780 a       478     0    24     1    18
     -0.1728081357 a       479     0    24     1    19
     -0.0209054879 a       480     0    24     1    20
      0.2048618564 a       481     0    25     1     1
      0.3745636990 a       482     0    25     1     2
      0.3907751911 a       483     0    25     1     3
     -0.2766538037 a       484     0    25     1     4
      0.4170114093 a       485     0    25     1     5
     -0.5051670015 a       486     0    25     1     6
     -0.0851300008 a       487     0    25     1     7
      0.4653021623 a       488     0    25     1     8
     -0.4528561904 a       489     0    25     1     9
     -0.4583749567 a       490     0    25     1    10
     -0.0587057348 a       491     0    25     1    11
      0.2535118564 a       492     0    25     1    12
      0.1565889482 a       493     0    25     1    13
     -0.3023670873 a       494     0    25     1    14
      0.0924347242 a       495     0    25     1    15
     -0.3932692903 a       496     0    25     1    16
     -0.4852059237 a       497     0    25     1    17
     -0.3978126385 a       498     0    25     1    18
     -0.4945015612 a       499     0    25     1    19
      0.0742922707 a       500     0    25     1    20
      0.4762256263 a       501     0    26     1     1
      0.3547042568 a       502     0    26     1     2
      0.3089504343 a       503     0    26     1     3
      0.1123150130 a       504     0    26     1     4
     -0.1091015147 a       505     0    26     1     5
      0.3871978114 a       506     0    26     1     6
     -0.2815350613 a       507     0    26     1     7
      0.2091294012 a       508     0    26     1     8
     -0.2621261020 a       509     0    26     1     9
     -0.1945569087 a       510     0    26     1    10
      0.3779100786 a       511     0    26     1    11
     -0.3019498556 a       512     0    26     1    12
      0.1541916453 a       513     0    26     1    13
      0.1787167234 a       514     0    26     1    14
     -0.1079009610 a       515     0    26     1    15
      0.0735440717 a       516     0    26     1    16
     -0.4851099189 a       517     0    26     1    17
      0.1933479701 a       518     0    26     1    18
      0.2972506082 a       519     0    26     1    19
     -0.4723730651 a       520     0    26     1    20
     -0.2595415936 a       521     0    27     1     1
      0.2697303115 a       522     0    27     1     2
      0.4175970608 a       523     0    27     1     3
     -0.4451631432 a       524     0    27     1     4
      0.0726706597 a       525     0    27     1     5
     -0.2905208940 a       526     0    27     1     6
      0.1563635734 a       527     0    27     1     7
     -0.3521232841 a       528     0    27     1     8
     -0.1616699888 a       529     0    27     1     9
      0.4290218462 a       530     0    27     1    10
      0.0608118750 a       531     0    27     1    11
     -0.3018032236 a       532     0    27     1    12
      0.3560087481 a       533     0    27     1    13
      0.2384143710 a       534     0    27     1    14
      0.4410080641 a       535     0    27     1    15
     -0.2591749221 a       536     0    27     1    16
     -0.0025594140 a       537     0    27     1    17
     -0.2448684806 a       538     0    27     1    18
     -0.2824599337 a       539     0    27     1    19
      0.2038654507 a       540     0    27     1    20
      0.1746524553 a       541     0    28     1     1
      0.3193944941 a       542     0    28     1     2
      0.2516305681 a       543     0    28     1     3
     -0.4567437270 a       544     0    28     1     4
     -0.2896736268 a       545     0    28     1     5
      0.1098419734 a       546     0    28     1     6
      0.3476853230 a       547     0    28     1     7
     -0.5258433792 a       548     0    28     1     8
     -0.4820587016 a       549     0    28     1     9
      0.3059326278 a       550     0    28     1    10
     -0.2254629048 a       551     0    28     1    11
     -0.4706612081 a       552     0    28     1    12
     -0.3673625924 a       553     0    28     1    13
     -0.1421832043 a       554     0    28     1    14
      0.4400354676 a       555     0    28     1    15
     -0.4469986310 a       556     0    28     1    16
      0.3692185832 a       557     0    28     1    17
     -0.3012582725 a       558     0    28     1    18
     -0.4086180026 a       559     0    28     1    19
      0.4511357794 a       560     0    28     1    20
      1.3789071059 b       561     1     1
      0.4729242753 b       562     1     2
      1.3957380824 b       563     1     3
     -1.4437407033 b       564     1     4
     -1.0624652043 b       565     1     5
      1.3595482872 b       566     1     6
     -0.5410815895 b       567     1     7
      0.9908190483 b       568     1     8
      0.2939987126 b       569     1     9
     -0.7450183239 b       570     1    10
      1.0254770533 b       571     1    11
     -0.3190292027 b       572     1    12
      0.6508514027 b       573     1    13
     -1.3080847013 b       574     1    14
     -0.7584456822 b       575     1    15
     -1.0828692280 b       576     1    16
     -0.1850705844 b       577     1    17
     -1.5144757230 b       578     1    18
     -1.2326890631 b       579     1    19
      1.1514827952 b       580     1    20
     -0.5549237889 a       581     1     1     2     1
      0.0935570368 a       582     1     1     2     2
     -0.2981133086 a       583     1     1     2     3
      0.5039437071 a       584     1     1     2     4
      0.8442295470 a       585     1     1     2     5
     -0.6475682675 a       586     1     1     2     6
     -0.3644649624 a       587     1     1     2     7
      0.2653053102 a       588     1     1     2     8
     -0.0822794471 a       589     1     1     2     9
      0.5176908344 a       590     1     1     2    10
      0.4679410908 a       591     1     1     2    11
      0.3386661049 a       592     1     1     2    12
     -0.1671259030 a       593     1     1     2    13
     -0.2612500475 a       594     1     1     2    14
     -0.0942779899 a       595     1     1     2    15
     -0.1233313030 a       596     1     1     2    16
     -0.4445339182 a       597     1     1     2    17
      0.4177242317 a       598     1     1     2    18
     -0.4437734589 a       599     1     1     2    19
     -0.5761518823 a       600     1     1     2    20
      0.4433875442 a       601     1     2     2     1
     -0.0509956843 a       602     1     2     2     2
     -0.4502077928 a       603     1     2     2     3
      0.2673944008 a       604     1     2     2     4
     -0.4090731067 a       605     1     2     2     5
     -0.2430014610 a       606     1     2     2     6
     -0.4748989957 a       607     1     2     2     7
      0.4431305653 a       608     1     2     2     8
      0.4672345686 a       609     1     2     2     9
      0.4884523566 a       610     1     2     2    10
      0.3857575759 a       611     1     2     2    11
     -0.1168579744 a       612     1     2     2    12
      0.3192589970 a       613     1     2     2    13
     -0.0623679919 a       614     1     2     2    14
     -0.0237671148 a       615     1     2     2    15
     -0.6160878485 a       616     1     2     2    16
      0.0678831211 a       617     1     2     2    17
     -0.3081140276 a       618     1     2     2    18
      0.5073627858 a       619     1     2     2    19
     -0.1567633797 a       620     1     2     2    20
      0.5355503541 a       621     1     3     2     1
      0.5249440426 a       622     1     3     2     2
      0.5257325562 a       623     1     3     2     3
      0.4085013043 a       624     1     3     2     4
      0.0579291508 a       625     1     3     2     5
      0.2982569157 a       626     1     3     2     6
     -0.4119781767 a       627     1     3     2     7
      0.4467998950 a       628     1     3     2     8
     -0.4694391651 a       629     1     3     2     9
      0.1793341392 a       630     1     3     2    10
      0.2695156502 a       631     1     3     2    11
     -0.4624943626 a       632     1     3     2    12
     -0.3546390533 a       633     1     3     2    13
     -0.0882498677 a       634     1     3     2    14
     -0.0192121308 a       635     1     3     2    15
     -0.1397656171 a       636     1     3     2    16
     -0.1740339951 a       637     1     3     2    17
     -0.5101609853 a       638     1     3     2    18
      0.2446664012 a       639     1     3     2    19
     -0.2071310957 a       640     1     3     2    20
     -0.1853674334 a       641     1     4     2     1
      0.3985347070 a       642     1     4     2     2
      0.3553274972 a       643     1     4     2     3
     -0.2656474539 a       644     1     4     2     4
      0.2710858565 a       645     1     4     2     5
      0.2395099380 a       646     1     4     2     6
      0.4908988777 a       647     1     4     2     7
     -0.5039406591 a       648     1     4     2     8
     -0.5245788714 a       649     1     4     2     9
      0.5767837364 a       650     1     4     2    10
      0.4441656271 a       651     1     4     2    11
     -0.4653583396 a       652     1     4     2    12
     -0.4869130079 a       653     1     4     2    13
      0.4732458511 a       654     1     4     2    14
      0.0268982875 a       655     1     4     2    15
     -0.6372900198 a       656     1     4     2    16
      0.3652286862 a       657     1     4     2    17
      0.1852779092 a       658     1     4     2    18
     -0.3642193587 a       659     1     4     2    19
      0.2438839592 a       660     1     4     2    20
      0.3385916015 a       661     1     5     2     1
     -0.5599090359 a       662     1     5     2     2
      0.1675182651 a       663     1     5     2     3
      0.1069560941 a       664     1     5     2     4
      0.0480228104 a       665     1     5     2     5
      0.1943719018 a       666     1     5     2     6
     -0.1351511115 a       667     1     5     2     7
      0.3406319498 a       668     1     5     2     8
      0.0572092792 a       669     1     5     2     9
     -0.0091234982 a       670     1     5     2    10
      0.6196218044 a       671     1     5     2    11
     -0.5025558957 a       672     1     5     2    12
      0.2457446211 a       673     1     5     2    13
     -0.4055290637 a       674     1     5     2    14
      0.6353290768 a       675     1     5     2    15
     -0.3721497414 a       676     1     5     2    16
     -0.5474522273 a       677     1     5     2    17
     -0.0909233429 a       678     1     5     2    18
      0.2579617687 a       679     1     5     2    19
      0.3556122590 a       680     1     5     2    20
      0.5631312058 a       681     1     6     2     1
     -0.4650119166 a       682     1     6     2     2
      0.5088953969 a       683     1     6     2     3
     -0.4297909160 a       684     1     6     2     4
      0.3620909347 a       685     1     6     2     5
     -0.2547239163 a       686     1     6     2     6
      0.3003307196 a       687     1     6     2     7
     -0.5002091117 a       688     1     6     2     8
      0.4545690657 a       689     1     6     2     9
      0.3442479080 a       690     1     6     2    10
      0.1466573767 a       691     1     6     2    11
     -0.3005497011 a       692     1     6     2    12
     -0.6723772722 a       693     1     6     2    13
     -0.3216338833 a       694     1     6     2    14
     -0.5244971836 a       695     1     6     2    15
     -0.6193373964 a       696     1     6     2    16
      0.3443225857 a       697     1     6     2    17
      0.2619342469 a       698     1     6     2    18
     -0.4944120357 a       699     1     6     2    19
      0.3500442373 a       700     1     6     2    20
     -0.1350723098 a       701     1     7     2     1
     -0.5535947464 a       702     1     7     2     2
      0.3818088697 a       703     1     7     2     3
      0.4892366460 a       704     1     7     2     4
      0.1512685126 a       705     1     7     2     5
     -0.2783967043 a       706     1     7     2     6
     -0.3618576792 a       707     1     7     2     7
     -0.4248773744 a       708     1     7     2     8
      0.4032530635 a       709     1     7     2     9
      0.5059600938 a       710     1     7     2    10
     -0.1848408950 a       711     1     7     2    11
     -0.0629177065 a       712     1     7     2    12
     -0.3293811072 a       713     1     7     2    13
      0.4495179163 a       714     1     7     2    14
     -0.6393910967 a       715     1     7     2    15
     -0.0518751655 a       716     1     7     2    16
      0.4613060217 a       717     1     7     2    17
      0.5733534005 a       718     1     7     2    18
      0.4121105797 a       719     1     7     2    19
      0.5835204113 a       720     1     7     2    20
     -0.0162269944 a       721     1     8     2     1
     -0.5604138793 a       722     1     8     2     2
     -0.1772409878 a       723     1     8     2     3
      0.0488618464 a       724     1     8     2     4
      0.4721913105 a       725     1     8     2     5
      0.0076469479 a       726     1     8     2     6
     -0.2974743153 a       727     1     8     2     7
      0.1184532630 a       728     1     8     2     8
     -0.1519437697 a       729     1     8     2     9
      0.1760933538 a       730     1     8     2    10
     -0.2917998315 a       731     1     8     2    11
     -0.4779437791 a       732     1     8     2    12
     -0.4979403347 a       733     1     8     2    13
      0.2356429536 a       734     1     8     2    14
     -0.3900088723 a       735     1     8     2    15
     -0.0188312447 a       736     1     8     2    16
      0.0698324035 a       737     1     8     2    17
      0.2983939530 a       738     1     8     2    18
      0.3990978350 a       739     1     8     2    19
      0.1616828007 a       740     1     8     2    20
      0.0160060356 a       741     1     9     2     1
     -0.2653380619 a       742     1     9     2     2
     -0.5572573084 a       743     1     9     2     3
      0.4852967320 a       744     1     9     2     4
     -0.0064138274 a       745     1     9     2     5
     -0.2169951472 a       746     1     9     2     6
     -0.3821802202 a       747     1     9     2     7
     -0.2247778276 a       748     1     9     2     8
      0.0636722383 a       749     1     9     2     9
      0.5146221435 a       750     1     9     2    10
     -0.0507020969 a       751     1     9     2    11
      0.4496596091 a       752     1     9     2    12
     -0.6961264857 a       753     1     9     2    13
     -0.4979263361 a       754     1     9     2    14
     -0.3856267515 a       755     1     9     2    15
      0.1706271589 a       756     1     9     2    16
     -0.3352407386 a       757     1     9     2    17
     -0.3706357394 a       758     1     9     2    18
      0.1688231431 a       759     1     9     2    19
     -0.4536318951 a       760     1     9     2    20
      0.3535103340 a       761     1    10     2     1
     -0.1695281902 a       762     1    10     2     2
      0.2810164245 a       763     1    10     2     3
     -0.4400070046 a       764     1    10     2     4
      0.4114561028 a       765     1    10     2     5
      0.5562589607 a       766     1    10     2     6
     -0.4645583569 a       767     1    10     2     7
     -0.4087153927 a       768     1    10     2     8
      0.4422778689 a       769     1    10     2     9
     -0.3790654115 a       770     1    10     2    10
      0.1693937457 a       771     1    10     2    11
      0.1670345547 a       772     1    10     2    12
     -0.2962634420 a       773     1    10     2    13
     -0.2716108752 a       774     1    10     2    14
      0.0429152540 a       775     1    10     2    15
     -0.3600306993 a       776     1    10     2    16
     -0.3511991834 a       777     1    10     2    17
     -0.2958147167 a       778     1    10     2    18
      0.1123237387 a       779     1    10     2    19
     -0.5232243874 a       780     1    10     2    20
      0.4752463284 a       781     1    11     2     1
     -0.0101162191 a       782     1    11     2     2
      0.3266181733 a       783     1    11     2     3
      0.5568965043 a       784     1    11     2     4
     -0.6506336437 a       785     1    11     2     5
      0.4255722289 a       786     1    11     2     6
      0.6410687513 a       787     1    11     2     7
     -0.3160489402 a       788     1    11     2     8
     -0.0683470462 a       789     1    11     2     9
     -0.4023631884 a       790     1    11     2    10
     -0.3678241362 a       791     1    11     2    11
      0.1443930659 a       792     1    11     2    12
     -0.1358891200 a       793     1    11     2    13
     -0.2527144028 a       794     1    11     2    14
      0.5124844434 a       795     1    11     2    15
     -0.3696409436 a       796     1    11     2    16
      0.0382830848 a       797     1    11     2    17
      0.5781228491 a       798     1    11     2    18
      0.0146858197 a       799     1    11     2    19
      0.3241985720 a       800     1    11     2    20
      0.3025481966 a       801     1    12     2     1
     -0.2317595815 a       802     1    12     2     2
     -0.2405298516 a       803     1    12     2     3
      0.4185175285 a       804     1    12     2     4
      0.0212309805 a       805     1    12     2     5
      0.1210796050 a       806     1    12     2     6
     -0.0067934117 a       807     1    12     2     7
     -0.2252219551 a       808     1    12     2     8
      0.5033985907 a       809     1    12     2     9
      0.0423200808 a       810     1    12     2    10
      0.1765577901 a       811     1    12     2    11
     -0.3694805092 a       812     1    12     2    12
     -0.0898431753 a       813     1    12     2    13
      0.4565650971 a       814     1    12     2    14
      0.2260833130 a       815     1    12     2    15
      0.0608249284 a       816     1    12     2    16
     -0.4423388208 a       817     1    12     2    17
     -0.3305033375 a       818     1    12     2    18
      0.4773973603 a       819     1    12     2    19
      0.3395548923 a       820     1    12     2    20
     -0.0208577927 a       821     1    13     2     1
      0.1574518433 a       822     1    13     2     2
      0.1466813814 a       823     1    13     2     3
      0.0063531805 a       824     1    13     2     4
     -0.1892703615 a       825     1    13     2     5
      0.1706622071 a       826     1    13     2     6
      0.2637942727 a       827     1    13     2     7
     -0.4113897118 a       828     1    13     2     8
     -0.3925049361 a       829     1    13     2     9
      0.0030258197 a       830     1    13     2    10
      0.5563789011 a       831     1    13     2    11
     -0.4550307676 a       832     1    13     2    12
      0.0240697004 a       833     1    13     2    13
     -0.2416995432 a       834     1    13     2    14
      0.1889738910 a       835     1    13     2    15
      0.6343323246 a       836     1    13     2    16
     -0.3555374323 a       837     1    13     2    17
     -0.3792630093 a       838     1    13     2    18
      0.1036489264 a       839     1    13     2    19
     -0.3407621840 a       840     1    13     2    20
     -0.3150526804 a       841     1    14     2     1
      0.1131315533 a       842     1    14     2     2
     -0.0082144446 a       843     1    14     2     3
      0.4967013104 a       844     1    14     2     4
      0.2439891886 a       845     1    14     2     5
     -0.7391466817 a       846     1    14     2     6
      0.2073727466 a       847     1    14     2     7
     -0.3357374600 a       848     1    14     2     8
     -0.5136827933 a       849     1    14     2     9
     -0.0729409833 a       850     1    14     2    10
      0.0159709701 a       851     1    14     2    11
      0.4294454700 a       852     1    14     2    12
      0.1005561050 a       853     1    14     2    13
      0.2629515603 a       854     1    14     2    14
      0.3020986890 a       855     1    14     2    15
      0.3029622688 a       856     1    14     2    16
     -0.4766911813 a       857     1    14     2    17
      0.4250260154 a       858     1    14     2    18
      0.2125351920 a       859     1    14     2    19
      0.3177631607 a       860     1    14     2    20
      0.4695319848 a       861     1    15     2     1
      0.3001777423 a       862     1    15     2     2
      0.4995072813 a       863     1    15     2     3
     -0.3378755793 a       864     1    15     2     4
      0.0131731215 a       865     1    15     2     5
      0.5332694524 a       866     1    15     2     6
     -0.4801470843 a       867     1    15     2     7
     -0.3383350581 a       868     1    15     2     8
      0.4152551620 a       869     1    15     2     9
     -0.5098368797 a       870     1    15     2    10
      0.3204997239 a       871     1    15     2    11
      0.4034999824 a       872     1    15     2    12
      0.5347697680 a       873     1    15     2    13
     -0.5343196365 a       874     1    15     2    14
     -0.0748662751 a       875     1    15     2    15
     -0.0196330945 a       876     1    15     2    16
     -0.0806506739 a       877     1    15     2    17
      0.4812536319 a       878     1    15     2    18
     -0.4040650837 a       879     1    15     2    19
      0.0786780551 a       880     1    15     2    20
      0.4210676407 a       881     1    16     2     1
     -0.0722407854 a       882     1    16     2     2
     -0.4631013690 a       883     1    16     2     3
     -0.3327269027 a       884     1    16     2     4
      0.1499289718 a       885     1    16     2     5
     -0.4939641006 a       886     1    16     2     6
      0.2981740491 a       887     1    16     2     7
     -0.4913421680 a       888     1    16     2     8
      0.4114551642 a       889     1    16     2     9
      0.0279618908 a       890     1    16     2    10
      0.2464723922 a       891     1    16     2    11
     -0.2798649420 a       892     1    16     2    12
      0.2191350553 a       893     1    16     2    13
     -0.2120660937 a       894     1    16     2    14
     -0.5467644728 a       895     1    16     2    15
      0.6012958461 a       896     1    16     2    16
     -0.3497916507 a       897     1    16     2    17
     -0.0186002413 a       898     1    16     2    18
      0.2362523047 a       899     1    16     2    19
      0.0365514806 a       900     1    16     2    20
      0.0625849562 a       901     1    17     2     1
     -0.5734833239 a       902     1    17     2     2
     -0.0833884840 a       903     1    17     2     3
     -0.3737622549 a       904     1    17     2     4
      0.4329208970 a       905     1    17     2     5
     -0.2686759335 a       906     1    17     2     6
      0.2656332791 a       907     1    17     2     7
      0.4226029543 a       908     1    17     2     8
      0.3931125885 a       909     1    17     2     9
      0.0967505357 a       910     1    17     2    10
     -0.6714244646 a       911     1    17     2    11
     -0.1012184028 a       912     1    17     2    12
     -0.1898290838 a       913     1    17     2    13
     -0.3981456866 a       914     1    17     2    14
     -0.2173055637 a       915     1    17     2    15
      0.0317383725 a       916     1    17     2    16
     -0.2731570566 a       917     1    17     2    17
      0.4546264175 a       918     1    17     2    18
      0.5825239547 a       919     1    17     2    19
     -0.2595871792 a       920     1    17     2    20
     -0.2231397904 a       921     1    18     2     1
      0.5374935022 a       922     1    18     2     2
      0.5345088112 a       923     1    18     2     3
      0.2657047714 a       924     1    18     2     4
     -0.3314014203 a       925     1    18     2     5
     -0.1082293336 a       926     1    18     2     6
     -0.1576811573 a       927     1    18     2     7
     -0.3231478299 a       928     1    18     2     8
     -0.3442659286 a       929     1    18     2     9
     -0.2495508881 a       930     1    18     2    10
     -0.2186743099 a       931     1    18     2    11
      0.4208582419 a       932     1    18     2    12
     -0.5345711634 a       933     1    18     2    13
     -0.3988093029 a       934     1    18     2    14
      0.0773812191 a       935     1    18     2    15
     -0.0818352192 a       936     1    18     2    16
      0.4754777713 a       937     1    18     2    17
     -0.3042444754 a       938     1    18     2    18
      0.5290842777 a       939     1    18     2    19
      0.4776291952 a       940     1    18     2    20
      0.4150859656 a       941     1    19     2     1
     -0.3306214866 a       942     1    19     2     2
      0.1941085946 a       943     1    19     2     3
      0.2161773857 a       944     1    19     2     4
      0.4168573970 a       945     1    19     2     5
      0.0001322066 a       946     1    19     2     6
     -0.1239099053 a       947     1    19     2     7
      0.2376335007 a       948     1    19     2     8
     -0.1108733239 a       949     1    19     2     9
     -0.4499892036 a       950     1    19     2    10
      0.5562467642 a       951     1    19     2    11
      0.3589035903 a       952     1    19     2    12
     -0.0798420350 a       953     1    19     2    13
     -0.4387329325 a       954     1    19     2    14
      0.1985103416 a       955     1    19     2    15
     -0.2183165559 a       956     1    19     2    16
     -0.5711727500 a       957     1    19     2    17
      0.0113594666 a       958     1    19     2    18
     -0.4325243780 a       959     1    19     2    19
      0.3431105085 a       960     1    19     2    20
      0.4511086682 a       961     1    20     2     1
     -0.1842659277 a       962     1    20     2     2
     -0.3403035686 a       963     1    20     2     3
      0.0615107014 a       964     1    20     2     4
      0.3543698005 a       965     1    20     2     5
     -0.3142765373 a       966     1    20     2     6
     -0.4825451203 a       967     1    20     2     7
      0.0794713782 a       968     1    20     2     8
     -0.1638505446 a       969     1    20     2     9
      0.5055901538 a       970     1    20     2    10
     -0.0738442112 a       971     1    20     2    11
      0.4132072632 a       972     1    20     2    12
      0.1096860649 a       973     1    20     2    13
     -0.5095784405 a       974     1    20     2    14
      0.6384540373 a       975     1    20     2    15
     -0.3041231582 a       976     1    20     2    16
      0.3145266555 a       977     1    20     2    17
     -0.2459681972 a       978     1    20     2    18
      0.0897864975 a       979     1    20     2    19
     -0.4807999048 a       980     1    20     2    20
      1.5781410339 b       981     2     1
      0.4919973045 b       982     2     2
      1.2713446171 b       983     2     3
      0.6513933838 b       984     2     4
      0.7595611458 b       985     2     5
     -0.3603132710 b       986     2     6
     -1.4311634044 b       987     2     7
     -0.6827969829 b       988     2     8
     -0.8186400938 b       989     2     9
      0.4963857542 b       990     2    10
      1.1682268925 b       991     2    11
      0.2105570177 b       992     2    12
     -0.3670627850 b       993     2    13
      1.6216553002 b       994     2    14
     -0.6779471865 b       995     2    15
      1.5916252736 b       996     2    16
      1.5902547577 b       997     2    17
     -0.7057324263 b       998     2    18
     -0.3159901645 b       999     2    19
     -0.3720311780 b      1000     2    20
      0.0211467641 a      1001     2     1     3     1
      0.0069200135 a      1002     2     2     3     1
     -0.0077328964 a      1003     2     3     3     1
      0.0214576662 a      1004     2     4     3     1
      0.0030756279 a      1005     2     5     3     1
      0.0093752042 a      1006     2     6     3     1
     -0.0034284046 a      1007     2     7     3     1
     -0.0216627221 a      1008     2     8     3     1
     -0.0056180641 a      1009     2     9     3     1
      0.0155675851 a      1010     2    10     3     1
     -0.0041427352 a      1011     2    11     3     1
     -0.0039794500 a      1012     2    12     3     1
     -0.0001132379 a      1013     2    13     3     1
     -0.0182685177 a      1014     2    14     3     1
      0.0038755269 a      1015     2    15     3     1
     -0.0190099915 a      1016     2    16     3     1
     -0.0144324050 a      1017     2    17     3     1
      0.0164136405 a      1018     2    18     3     1
      0.0054047730 a      1019     2    19     3     1
      0.0016620156 a      1020     2    20     3     1
     19.6759659942 b      1021     3     1
