     -0.8186795248 a         1     0     1     1     1
     -0.5240569989 a         2     0     1     1     2
     -0.5735756251 a         3     0     1     1     3
     -0.1591907724 a         4     0     1     1     4
      0.2389068493 a         5     0     1     1     5
      0.4009985885 a         6     0     1     1     6
      0.8169525530 a         7     0     1     1     7
      0.2231624714 a         8     0     1     1     8
      0.8911751327 a         9     0     1     1     9
      0.1777838472 a        10     0     1     1    10
     -0.0180992582 a        11     0     1     1    11
      0.4621071097 a        12     0     1     1    12
      0.4989539413 a        13     0     1     1    13
      0.7383688551 a        14     0     1     1    14
     -0.6900714228 a        15     0     1     1    15
      0.4643895567 a        16     0     2     1     1
     -0.2789179846 a        17     0     2     1     2
     -0.8919164952 a        18     0     2     1     3
     -0.1510617235 a        19     0     2     1     4
     -0.2449735794 a        20     0     2     1     5
     -0.7765888943 a        21     0     2     1     6
     -0.4574679985 a        22     0     2     1     7
      0.3497439047 a        23     0     2     1     8
     -0.9422935403 a        24     0     2     1     9
     -0.0614796919 a        25     0     2     1    10
      0.0510907918 a        26     0     2     1    11
      0.1256545423 a        27     0     2     1    12
      0.1638824799 a        28     0     2     1    13
      0.4733255285 a        29     0     2     1    14
     -0.3702566501 a        30     0     2     1    15
      0.2708776068 a        31     0     3     1     1
      0.2566116248 a        32     0     3     1     2
      0.5324512371 a        33     0     3     1     3
     -0.8004887254 a        34     0     3     1     4
     -0.6996641649 a        35     0     3     1     5
     -0.9430775258 a        36     0     3     1     6
      0.6462103916 a        37     0     3     1     7
     -0.7064222383 a        38     0     3     1     8
     -0.3481903814 a        39     0     3     1     9
     -0.5929774039 a        40     0     3     1    10
     -0.1108612918 a        41     0     3     1    11
      0.0203649967 a        42     0     3     1    12
     -0.1969338301 a        43     0     3     1    13
     -0.1768587427 a        44     0     3     1    14
      0.9211726676 a        45     0     3     1    15
      0.0398519477 a        46     0     4     1     1
     -0.1363533048 a        47     0     4     1     2
     -0.2832519889 a        48     0     4     1     3
     -0.1406776097 a        49     0     4     1     4
      0.6357508654 a        50     0     4     1     5
      0.3432270667 a        51     0     4     1     6
     -0.9306405638 a        52     0     4     1     7
     -0.9400783942 a        53     0     4     1     8
      0.1000331028 a        54     0     4     1     9
     -0.5912179945 a        55     0     4     1    10
     -0.9158333500 a        56     0     4     1    11
     -0.0018124588 a        57     0     4     1    12
     -0.4960746247 a        58     0     4     1    13
      0.7581155699 a        59     0     4     1    14
      0.7246878355 a        60     0     4     1    15
      0.3011185064 a        61     0     5     1     1
      0.7032390557 a        62     0     5     1     2
     -0.6641801438 a        63     0     5     1     3
     -0.1511743989 a        64     0     5     1     4
     -0.8626817314 a        65     0     5     1     5
      0.2259468088 a        66     0     5     1     6
     -0.2905210554 a        67     0     5     1     7
     -0.2816264550 a        68     0     5     1     8
      0.9835347215 a        69     0     5     1     9
      0.3100796355 a        70     0     5     1    10
      0.4809246886 a        71     0     5     1    11
     -0.2644024771 a        72     0     5     1    12
     -0.2016457367 a        73     0     5     1    13
      0.5834859917 a        74     0     5     1    14
     -0.3432656176 a        75     0     5     1    15
      0.9413849205 a        76     0     6     1     1
     -0.5446198610 a        77     0     6     1     2
     -0.1373050416 a        78     0     6     1     3
     -0.6330869304 a        79     0     6     1     4
     -0.0074154068 a        80     0     6     1     5
      0.7734568372 a        81     0     6     1     6
     -0.9648477897 a        82     0     6     1     7
      0.8465489454 a        83     0     6     1     8
     -0.9079940988 a        84     0     6     1     9
     -0.7711320464 a        85     0     6     1    10
      0.2268987738 a        86     0     6     1    11
      0.7806754080 a        87     0     6     1    12
     -0.2390472208 a        88     0     6     1    13
     -0.4238990196 a        89     0     6     1    14
     -0.7786857525 a        90     0     6     1    15
     -0.0313432399 a        91     0     7     1     1
     -0.0787494889 a        92     0     7     1     2
     -0.3443236014 a        93     0     7     1     3
      0.8134353153 a        94     0     7     1     4
     -0.8390053158 a        95     0     7     1     5
     -0.6721504276 a        96     0     7     1     6
     -0.2556179185 a        97     0     7     1     7
      0.9256450242 a        98     0     7     1     8
      0.0636281504 a        99     0     7     1     9
     -0.4089609180 a       100     0     7     1    10
      0.2769180191 a       101     0     7     1    11
      0.6425369650 a       102     0     7     1    12
     -0.0118581354 a       103     0     7     1    13
      0.9291711437 a       104     0     7     1    14
     -0.7305027000 a       105     0     7     1    15
      0.5699229940 a       106     0     8     1     1
     -0.7592636348 a       107     0     8     1     2
     -0.7064095935 a       108     0     8     1     3
     -0.2181157232 a       109     0     8     1     4
     -0.5165839972 a       110     0     8     1     5
      0.6098631700 a       111     0     8     1     6
      0.8534956628 a       112     0     8     1     7
     -1.0198964408 a       113     0     8     1     8
      0.6309422870 a       114     0     8     1     9
      0.2684828432 a       115     0     8     1    10
      0.0280901017 a       116     0     8     1    11
      0.6203824057 a       117     0     8     1    12
     -0.9040266237 a       118     0     8     1    13
     -0.5484745641 a       119     0     8     1    14
      0.0949924824 a       120     0     8     1    15
      0.0748861341 a       121     0     9     1     1
      0.2740303653 a       122     0     9     1     2
     -0.9083138411 a       123     0     9     1     3
      0.3942805478 a       124     0     9     1     4
      0.7451700680 a       125     0     9     1     5
      0.7486303606 a       126     0     9     1     6
     -0.6649380768 a       127     0     9     1     7
     -0.1851782006 a       128     0     9     1     8
      0.3558955158 a       129     0     9     1     9
      0.9417541865 a       130     0     9     1    10
      0.1270321447 a       131     0     9     1    11
      0.2589343230 a       132     0     9     1    12
     -0.3459737528 a       133     0     9     1    13
     -0.4913709418 a       134     0     9     1    14
     -0.8408887041 a       135     0     9     1    15
      0.2526855187 a       136     0    10     1     1
      0.5947145831 a       137     0    10     1     2
      0.4525504718 a       138     0    10     1     3
      0.1655941267 a       139     0    10     1     4
     -0.6471545293 a       140     0    10     1     5
      0.2789594558 a       141     0    10     1     6
     -0.2325179192 a       142     0    10     1     7
     -0.4312663886 a       143     0    10     1     8
     -0.2399585771 a       144     0    10     1     9
      0.7077916154 a       145     0    10     1    10
     -0.0805096080 a       146     0    10     1    11
     -0.6694907887 a       147     0    10     1    12
     -0.2659716006 a       148     0    10     1    13
     -0.5350564724 a       149     0    10     1    14
     -0.6559457190 a       150     0    10     1    15
      0.6722285463 a       151     0    11     1     1
      0.2445231293 a       152     0    11     1     2
     -0.5167379984 a       153     0    11     1     3
      0.2214770291 a       154     0    11     1     4
     -0.8197053494 a       155     0    11     1     5
     -0.5471141087 a       156     0    11     1     6
      0.2923526008 a       157     0    11     1     7
      0.3498146459 a       158     0    11     1     8
      0.8182202351 a       159     0    11     1     9
     -0.3256034244 a       160     0    11     1    10
     -0.3093562418 a       161     0    11     1    11
      0.9416743997 a       162     0    11     1    12
     -0.4981634701 a       163     0    11     1    13
      0.4552609629 a       164     0    11     1    14
     -0.2103650370 a       165     0    11     1    15
      0.7089593476 a       166     0    12     1     1
     -0.2420793412 a       167     0    12     1     2
      0.3196213937 a       168     0    12     1     3
      0.1367187838 a       169     0    12     1     4
      0.0904609893 a       170     0    12     1     5
      0.7528953897 a       171     0    12     1     6
      0.9334107641 a       172     0    12     1     7
     -0.6912222607 a       173     0    12     1     8
      0.6622977789 a       174     0    12     1     9
     -0.0013232072 a       175     0    12     1    10
     -0.5770762597 a       176     0    12     1    11
      0.4188433009 a       177     0    12     1    12
     -0.3382682545 a       178     0    12     1    13
     -0.3110943665 a       179     0    12     1    14
     -0.7865184624 a       180     0    12     1    15
      0.8293427734 a       181     0    13     1     1
     -0.9753759033 a       182     0    13     1     2
      0.7314314438 a       183     0    13     1     3
     -0.3349381217 a       184     0    13     1     4
      0.0140894012 a       185     0    13     1     5
      0.7437532195 a       186     0    13     1     6
      0.2008078924 a       187     0    13     1     7
     -0.2563086718 a       188     0    13     1     8
      0.0555127742 a       189     0    13     1     9
      0.7707647978 a       190     0    13     1    10
     -0.7325995502 a       191     0    13     1    11
      0.0128855262 a       192     0    13     1    12
      0.3580268063 a       193     0    13     1    13
     -0.5025795729 a       194     0    13     1    14
     -0.7302373255 a       195     0    13     1    15
      0.5761870824 a       196     0    14     1     1
     -0.0465859812 a       197     0    14     1     2
     -0.9005023819 a       198     0    14     1     3
      0.7011309169 a       199     0    14     1     4
     -0.2835891169 a       200     0    14     1     5
      0.0099428447 a       201     0    14     1     6
      0.6598298179 a       202     0    14     1     7
     -0.4727311515 a       203     0    14     1     8
     -0.7778925547 a       204     0    14     1     9
     -0.0277544664 a       205     0    14     1    10
     -0.0463661047 a       206     0    14     1    11
     -0.7911682492 a       207     0    14     1    12
     -0.5286912059 a       208     0    14     1    13
     -0.6538353292 a       209     0    14     1    14
     -0.2049680166 a       210     0    14     1    15
     -0.4147700382 a       211     0    15     1     1
      0.6760215951 a       212     0    15     1     2
      0.2279627592 a       213     0    15     1     3
      0.8797060207 a       214     0    15     1     4
      0.2998238904 a       215     0    15     1     5
      0.4661970833 a       216     0    15     1     6
     -0.4251207418 a       217     0    15     1     7
     -0.3853688988 a       218     0    15     1     8
      0.3814322824 a       219     0    15     1     9
      0.4839842596 a       220     0    15     1    10
      0.3962058055 a       221     0    15     1    11
      0.0160761977 a       222     0    15     1    12
     -0.7427482337 a       223     0    15     1    13
     -0.9662590819 a       224     0    15     1    14
     -0.3784413749 a       225     0    15     1    15
     -0.0881292238 a       226     0    16     1     1
     -0.0051740838 a       227     0    16     1     2
      0.8880178305 a       228     0    16     1     3
     -0.7989344864 a       229     0    16     1     4
      0.1810795033 a       230     0    16     1     5
      0.8127161083 a       231     0    16     1     6
      0.8878761586 a       232     0    16     1     7
      0.3140506440 a       233     0    16     1     8
      0.5382453490 a       234     0    16     1     9
      0.7959792729 a       235     0    16     1    10
      0.2954603495 a       236     0    16     1    11
     -0.2297179075 a       237     0    16     1    12
     -0.0239961322 a       238     0    16     1    13
      0.2764337784 a       239     0    16     1    14
     -0.9859655741 a       240     0    16     1    15
      0.6065410707 a       241     0    17     1     1
      0.5042496046 a       242     0    17     1     2
     -0.8300212567 a       243     0    17     1     3
      0.0366915489 a       244     0    17     1     4
      0.9454498714 a       245     0    17     1     5
      0.6992398793 a       246     0    17     1     6
     -0.8073268855 a       247     0    17     1     7
      0.4005805257 a       248     0    17     1     8
     -0.5063825925 a       249     0    17     1     9
      0.3770426280 a       250     0    17     1    10
     -0.2962800521 a       251     0    17     1    11
      0.7031559641 a       252     0    17     1    12
     -0.3245861587 a       253     0    17     1    13
     -0.7584926549 a       254     0    17     1    14
     -0.5294309579 a       255     0    17     1    15
     -0.8956795243 a       256     0    18     1     1
     -0.1382115959 a       257     0    18     1     2
      0.1326196056 a       258     0    18     1     3
      0.1591445641 a       259     0    18     1     4
     -0.7559063322 a       260     0    18     1     5
      0.4431254207 a       261     0    18     1     6
      0.7516463335 a       262     0    18     1     7
     -0.0262255556 a       263     0    18     1     8
     -0.3702984157 a       264     0    18     1     9
      0.8688869393 a       265     0    18     1    10
      0.9267084097 a       266     0    18     1    11
      0.2063566304 a       267     0    18     1    12
      0.7531616036 a       268     0    18     1    13
      0.8194678618 a       269     0    18     1    14
     -0.6480179827 a       270     0    18     1    15
     -0.4827902522 a       271     0    19     1     1
     -0.3935317913 a       272     0    19     1     2
      0.8252261428 a       273     0    19     1     3
     -0.4574302488 a       274     0    19     1     4
      0.8076449870 a       275     0    19     1     5
     -0.4703292528 a       276     0    19     1     6
      0.4776108720 a       277     0    19     1     7
     -0.6773607446 a       278     0    19     1     8
      0.0306395627 a       279     0    19     1     9
     -0.8847314875 a       280     0    19     1    10
     -0.7697550798 a       281     0    19     1    11
      0.4325717969 a       282     0    19     1    12
      0.2579025428 a       283     0    19     1    13
      0.9475126768 a       284     0    19     1    14
      0.1941165233 a       285     0    19     1    15
      0.9493506496 a       286     0    20     1     1
      0.8740865306 a       287     0    20     1     2
     -0.4723395470 a       288     0    20     1     3
     -0.4447789756 a       289     0    20     1     4
     -0.7451090322 a       290     0    20     1     5
     -0.0079909287 a       291     0    20     1     6
      0.3133003288 a       292     0    20     1     7
     -0.9153599626 a       293     0    20     1     8
      0.0676451752 a       294     0    20     1     9
     -0.0308207237 a       295     0    20     1    10
     -0.9391374352 a       296     0    20     1    11
     -0.5082876543 a       297     0    20     1    12
     -0.0137259645 a       298     0    20     1    13
     -0.4522967235 a       299     0    20     1    14
      0.6140081581 a       300     0    20     1    15
     -0.6066715368 a       301     0    21     1     1
     -0.3671905387 a       302     0    21     1     2
     -0.5244147852 a       303     0    21     1     3
      0.1908420091 a       304     0    21     1     4
      0.8803491026 a       305     0    21     1     5
      0.5545396184 a       306     0    21     1     6
     -0.8021262181 a       307     0    21     1     7
     -0.4908794229 a       308     0    21     1     8
      0.0958587250 a       309     0    21     1     9
     -0.7757700306 a       310     0    21     1    10
     -0.5350824832 a       311     0    21     1    11
      0.1267749748 a       312     0    21     1    12
      0.3751125657 a       313     0    21     1    13
     -0.0768970674 a       314     0    21     1    14
      0.4793093739 a       315     0    21     1    15
      0.0056276416 a       316     0    22     1     1
     -0.3193875166 a       317     0    22     1     2
      0.0408828114 a       318     0    22     1     3
      0.5917617395 a       319     0    22     1     4
     -0.8454952471 a       320     0    22     1     5
     -0.5472018742 a       321     0    22     1     6
      0.6415651232 a       322     0    22     1     7
     -0.7664441976 a       323     0    22     1     8
     -0.9107649601 a       324     0    22     1     9
     -0.8425095126 a       325     0    22     1    10
      0.0435812464 a       326     0    22     1    11
     -0.9665280215 a       327     0    22     1    12
     -0.8328799078 a       328     0    22     1    13
     -0.4305786610 a       329     0    22     1    14
     -0.6982499262 a       330     0    22     1    15
     -0.6279795488 a       331     0    23     1     1
      0.0859158681 a       332     0    23     1     2
      0.9302848382 a       333     0    23     1     3
      0.8035477936 a       334     0    23     1     4
     -0.2535333025 a       335     0    23     1     5
      0.8210203674 a       336     0    23     1     6
      0.4036001217 a       337     0    23     1     7
     -0.2231473397 a       338     0    23     1     8
      0.1779549572 a       339     0    23     1     9
     -0.1298913421 a       340     0    23     1    10
     -0.5974051702 a       341     0    23     1    11
     -0.7190596001 a       342     0    23     1    12
     -0.8185578374 a       343     0    23     1    13
      0.6653870831 a       344     0    23     1    14
     -0.9422874832 a       345     0    23     1    15
      0.6182409460 a       346     0    24     1     1
      0.3363494572 a       347     0    24     1     2
     -0.7666924400 a       348     0    24     1     3
      0.2403408753 a       349     0    24     1     4
     -0.0834069496 a       350     0    24     1     5
      0.3725097519 a       351     0    24     1     6
     -0.1529676771 a       352     0    24     1     7
      0.6480352076 a       353     0    24     1     8
     -0.0446544865 a       354     0    24     1     9
     -0.3232354141 a       355     0    24     1    10
     -0.8322886723 a       356     0    24     1    11
     -0.2793217785 a       357     0    24     1    12
     -0.0643456906 a       358     0    24     1    13
     -0.9545535081 a       359     0    24     1    14
      0.2484028887 a       360     0    24     1    15
     -0.1488542757 a       361     0    25     1     1
      0.2106116153 a       362     0    25     1     2
      0.8648341879 a       363     0    25     1     3
      0.0077482535 a       364     0    25     1     4
      0.3925007879 a       365     0    25     1     5
      0.1209069470 a       366     0    25     1     6
     -0.7367349275 a       367     0    25     1     7
      0.2330761802 a       368     0    25     1     8
      0.3081972088 a       369     0    25     1     9
     -0.1717367775 a       370     0    25     1    10
      0.6152261404 a       371     0    25     1    11
      0.1928871493 a       372     0    25     1    12
      0.1253227980 a       373     0    25     1    13
      0.3196845394 a       374     0    25     1    14
      0.8338040444 a       375     0    25     1    15
     -0.1830744690 a       376     0    26     1     1
     -0.5511189335 a       377     0    26     1     2
      0.1918345972 a       378     0    26     1     3
      0.4748050103 a       379     0    26     1     4
     -0.7747834436 a       380     0    26     1     5
     -0.1849206362 a       381     0    26     1     6
     -0.5493589071 a       382     0    26     1     7
     -0.1838495520 a       383     0    26     1     8
      0.4144022449 a       384     0    26     1     9
      0.4430527673 a       385     0    26     1    10
      0.0621725448 a       386     0    26     1    11
      0.4868546685 a       387     0    26     1    12
      0.6418489154 a       388     0    26     1    13
      0.3950755910 a       389     0    26     1    14
      0.8595515132 a       390     0    26     1    15
     -0.2540745964 a       391     0    27     1     1
      0.9785923938 a       392     0    27     1     2
      0.9769541586 a       393     0    27     1     3
     -0.3780146994 a       394     0    27     1     4
      0.8834303020 a       395     0    27     1     5
     -0.6987059438 a       396     0    27     1     6
     -0.0958982159 a       397     0    27     1     7
      0.1670357969 a       398     0    27     1     8
     -0.2081237746 a       399     0    27     1     9
     -0.9563180986 a       400     0    27     1    10
     -0.0455451847 a       401     0    27     1    11
     -0.0769362245 a       402     0    27     1    12
      0.9815640800 a       403     0    27     1    13
      0.3160098769 a       404     0    27     1    14
     -0.2621150947 a       405     0    27     1    15
     -1.0589995297 b       406     1     1
     -0.8217268599 b       407     1     2
     -0.0967139010 b       408     1     3
      0.9886604263 b       409     1     4
      0.9663619401 b       410     1     5
     -0.3129427143 b       411     1     6
      0.6447365520 b       412     1     7
      0.5451613231 b       413     1     8
      0.3805697272 b       414     1     9
     -0.9683826385 b       415     1    10
      0.2049968104 b       416     1    11
     -0.6486646773 b       417     1    12
     -0.8414555196 b       418     1    13
     -1.0776256088 b       419     1    14
      0.1929396136 b       420     1    15
      0.6570607106 a       421     1     1     2     1
      0.7219478019 a       422     1     1     2     2
     -0.9419528575 a       423     1     1     2     3
      0.6371910006 a       424     1     1     2     4
     -0.4579335541 a       425     1     1     2     5
     -0.9560832430 a       426     1     1     2     6
      0.6338403814 a       427     1     1     2     7
     -0.3790524627 a       428     1     1     2     8
      0.4556884962 a       429     1     1     2     9
     -0.2494843238 a       430     1     1     2    10
     -0.9543460653 a       431     1     1     2    11
     -0.3115251005 a       432     1     1     2    12
      0.4150028966 a       433     1     1     2    13
     -1.0057196865 a       434     1     1     2    14
     -0.0173365375 a       435     1     1     2    15
     -0.1163996484 a       436     1     2     2     1
     -0.5004739367 a       437     1     2     2     2
     -0.0593020352 a       438     1     2     2     3
      0.9874556650 a       439     1     2     2     4
     -0.5395772657 a       440     1     2     2     5
      0.1343438405 a       441     1     2     2     6
      0.3279491495 a       442     1     2     2     7
     -0.2094182269 a       443     1     2     2     8
      0.6621646645 a       444     1     2     2     9
     -0.1278461225 a       445     1     2     2    10
      0.4358581697 a       446     1     2     2    11
      0.9798483869 a       447     1     2     2    12
      0.6688723403 a       448     1     2     2    13
     -0.8734243309 a       449     1     2     2    14
     -0.5236314412 a       450     1     2     2    15
      0.4991412815 a       451     1     3     2     1
     -0.6614917786 a       452     1     3     2     2
      0.4558110582 a       453     1     3     2     3
     -0.3094641057 a       454     1     3     2     4
     -0.4085621034 a       455     1     3     2     5
      0.7859916024 a       456     1     3     2     6
     -0.8533722771 a       457     1     3     2     7
     -0.4062211813 a       458     1     3     2     8
      0.8439019819 a       459     1     3     2     9
      0.4269948179 a       460     1     3     2    10
      0.0292976831 a       461     1     3     2    11
     -0.0641486375 a       462     1     3     2    12
     -0.6956925056 a       463     1     3     2    13
     -0.5983871658 a       464     1     3     2    14
     -0.8920471168 a       465     1     3     2    15
     -0.0311534638 a       466     1     4     2     1
     -0.4927649865 a       467     1     4     2     2
      0.2967191548 a       468     1     4     2     3
     -0.1656515121 a       469     1     4     2     4
      0.3128613385 a       470     1     4     2     5
      0.3847298629 a       471     1     4     2     6
     -0.9121637593 a       472     1     4     2     7
     -0.8705186011 a       473     1     4     2     8
      0.9004959870 a       474     1     4     2     9
      0.7923579877 a       475     1     4     2    10
     -0.6010877686 a       476     1     4     2    11
      0.5963003691 a       477     1     4     2    12
     -0.6232237250 a       478     1     4     2    13
     -0.2246629184 a       479     1     4     2    14
     -0.0938037044 a       480     1     4     2    15
      0.3588462684 a       481     1     5     2     1
      0.8041918317 a       482     1     5     2     2
      0.8814341944 a       483     1     5     2     3
     -0.5958921625 a       484     1     5     2     4
      0.8413337230 a       485     1     5     2     5
     -0.9220861141 a       486     1     5     2     6
     -0.1864998611 a       487     1     5     2     7
      0.8289665966 a       488     1     5     2     8
     -0.8759104560 a       489     1     5     2     9
     -0.9549243663 a       490     1     5     2    10
     -0.1010484676 a       491     1     5     2    11
      0.5115809728 a       492     1     5     2    12
      0.3333697185 a       493     1     5     2    13
     -0.5221515295 a       494     1     5     2    14
      0.1520328309 a       495     1     5     2    15
     -0.8420651352 a       496     1     6     2     1
     -0.8269783717 a       497     1     6     2     2
     -0.6936148490 a       498     1     6     2     3
     -0.9822200731 a       499     1     6     2     4
      0.1556817330 a       500     1     6     2     5
      0.8026840313 a       501     1     6     2     6
      0.7180869306 a       502     1     6     2     7
      0.6877310609 a       503     1     6     2     8
      0.2917638551 a       504     1     6     2     9
     -0.2084390975 a       505     1     6     2    10
      0.7400940668 a       506     1     6     2    11
     -0.5783507222 a       507     1     6     2    12
      0.3677797264 a       508     1     6     2    13
     -0.4850257931 a       509     1     6     2    14
     -0.4279804646 a       510     1     6     2    15
      0.6334837941 a       511     1     7     2     1
     -0.3745104404 a       512     1     7     2     2
      0.3248095548 a       513     1     7     2     3
      0.3359419390 a       514     1     7     2     4
     -0.2801456480 a       515     1     7     2     5
      0.1953238497 a       516     1     7     2     6
     -0.7851835898 a       517     1     7     2     7
      0.3214472889 a       518     1     7     2     8
      0.6042888677 a       519     1     7     2     9
     -0.9471162670 a       520     1     7     2    10
     -0.4583157064 a       521     1     7     2    11
      0.6259989234 a       522     1     7     2    12
      0.9096452201 a       523     1     7     2    13
     -0.7851067788 a       524     1     7     2    14
      0.0475207823 a       525     1     7     2    15
     -0.5385645024 a       526     1     8     2     1
      0.3495695310 a       527     1     8     2     2
     -0.6231278806 a       528     1     8     2     3
     -0.3091077679 a       529     1     8     2     4
      0.8792047216 a       530     1     8     2     5
      0.1460301914 a       531     1     8     2     6
     -0.6268974509 a       532     1     8     2     7
      0.7562328332 a       533     1     8     2     8
      0.4412786808 a       534     1     8     2     9
      0.9528217437 a       535     1     8     2    10
     -0.5580544479 a       536     1     8     2    11
     -0.0793828143 a       537     1     8     2    12
     -0.4100706670 a       538     1     8     2    13
     -0.5977754668 a       539     1     8     2    14
      0.4517131230 a       540     1     8     2    15
      0.2941632042 a       541     1     9     2     1
      0.8292029944 a       542     1     9     2     2
      0.5632571906 a       543     1     9     2     3
     -0.9925018674 a       544     1     9     2     4
     -0.6268932672 a       545     1     9     2     5
      0.2380281254 a       546     1     9     2     6
      0.7516180762 a       547     1     9     2     7
     -0.9563295129 a       548     1     9     2     8
     -0.8915534623 a       549     1     9     2     9
      0.6554180656 a       550     1     9     2    10
     -0.3917739548 a       551     1     9     2    11
     -0.8927457818 a       552     1     9     2    12
     -0.7820294717 a       553     1     9     2    13
     -0.1039524641 a       554     1     9     2    14
      0.8737417977 a       555     1     9     2    15
     -1.0436927898 a       556     1    10     2     1
      0.5838671967 a       557     1    10     2     2
     -0.5608037262 a       558     1    10     2     3
     -0.8035148707 a       559     1    10     2     4
      0.9454486487 a       560     1    10     2     5
      0.8499298595 a       561     1    10     2     6
      0.3093621248 a       562     1    10     2     7
      0.8947541723 a       563     1    10     2     8
     -0.8647102700 a       564     1    10     2     9
     -0.6751371123 a       565     1    10     2    10
      0.8807925746 a       566     1    10     2    11
     -0.3630335042 a       567     1    10     2    12
      0.6479922311 a       568     1    10     2    13
      0.1491316254 a       569     1    10     2    14
     -0.4377844140 a       570     1    10     2    15
      0.6215849617 a       571     1    11     2     1
     -0.1696524570 a       572     1    11     2     2
      0.4085169852 a       573     1    11     2     3
     -0.8352041723 a       574     1    11     2     4
     -0.4956278652 a       575     1    11     2     5
     -0.6822029357 a       576     1    11     2     6
     -0.1147114815 a       577     1    11     2     7
     -0.9704602484 a       578     1    11     2     8
     -0.8125252667 a       579     1    11     2     9
      0.7241576687 a       580     1    11     2    10
     -0.9166997750 a       581     1    11     2    11
      0.1501301694 a       582     1    11     2    12
     -0.4708032912 a       583     1    11     2    13
      0.8067105542 a       584     1    11     2    14
      0.9861906311 a       585     1    11     2    15
     -0.7888013241 a       586     1    12     2     1
     -0.6878552030 a       587     1    12     2     2
      0.5084588001 a       588     1    12     2     3
     -0.1508669727 a       589     1    12     2     4
      0.8372578401 a       590     1    12     2     5
      0.6547453588 a       591     1    12     2     6
      0.6587049878 a       592     1    12     2     7
     -0.2034253924 a       593     1    12     2     8
     -0.4775398674 a       594     1    12     2     9
     -0.1412233649 a       595     1    12     2    10
     -0.1751076742 a       596     1    12     2    11
     -0.7415539699 a       597     1    12     2    12
      0.7064877602 a       598     1    12     2    13
     -0.7994098111 a       599     1    12     2    14
     -0.9536031095 a       600     1    12     2    15
      0.6715087657 a       601     1    13     2     1
      0.0161719505 a       602     1    13     2     2
     -0.7581028273 a       603     1    13     2     3
      0.4413586722 a       604     1    13     2     4
     -0.4732663992 a       605     1    13     2     5
     -0.3148449012 a       606     1    13     2     6
     -0.7114646020 a       607     1    13     2     7
      0.8441493500 a       608     1    13     2     8
      0.9121264960 a       609     1    13     2     9
      0.7623839114 a       610     1    13     2    10
      0.5747335889 a       611     1    13     2    11
     -0.2420499806 a       612     1    13     2    12
      0.4144809894 a       613     1    13     2    13
     -0.0968037903 a       614     1    13     2    14
     -0.0012518569 a       615     1    13     2    15
     -0.9392200571 a       616     1    14     2     1
      0.0842162831 a       617     1    14     2     2
     -0.5440651675 a       618     1    14     2     3
      0.8270383590 a       619     1    14     2     4
     -0.2444108971 a       620     1    14     2     5
      0.8377705256 a       621     1    14     2     6
      0.8957835514 a       622     1    14     2     7
      0.8414216155 a       623     1    14     2     8
      0.6639515185 a       624     1    14     2     9
      0.0677066904 a       625     1    14     2    10
      0.3418732191 a       626     1    14     2    11
     -0.5401909609 a       627     1    14     2    12
      0.8485979139 a       628     1    14     2    13
     -0.9288489934 a       629     1    14     2    14
      0.2588918519 a       630     1    14     2    15
      0.4013031384 a       631     1    15     2     1
     -0.8620972385 a       632     1    15     2     2
     -0.4497012754 a       633     1    15     2     3
     -0.1552357083 a       634     1    15     2     4
     -0.0319012226 a       635     1    15     2     5
     -0.1816830424 a       636     1    15     2     6
     -0.3061530825 a       637     1    15     2     7
     -0.8595987051 a       638     1    15     2     8
      0.3961578800 a       639     1    15     2     9
     -0.3590959051 a       640     1    15     2    10
     -0.2914305562 a       641     1    15     2    11
      0.5881264649 a       642     1    15     2    12
      0.5896815729 a       643     1    15     2    13
     -0.4874574238 a       644     1    15     2    14
      0.3857049069 a       645     1    15     2    15
      0.3503803400 b       646     2     1
      0.8662894831 b       647     2     2
     -0.9355832974 b       648     2     3
     -1.0037716638 b       649     2     4
      0.8509397510 b       650     2     5
      0.7221247039 b       651     2     6
     -0.9012745057 b       652     2     7
     -0.6255452143 b       653     2     8
      0.8809372829 b       654     2     9
      0.0500544022 b       655     2    10
     -0.9020687625 b       656     2    11
      0.6489247246 b       657     2    12
      0.2984599548 b       658     2    13
     -0.4899381264 b       659     2    14
      0.3458303353 b       660     2    15
      0.3847828732 a       661     2     1     3     1
     -1.1113323975 a       662     2     2     3     1
      0.1089144800 a       663     2     3     3     1
      0.2381208423 a       664     2     4     3     1
      0.1781010475 a       665     2     5     3     1
     -0.0772887015 a       666     2     6     3     1
     -0.2057039449 a       667     2     7     3     1
      0.7208682213 a       668     2     8     3     1
     -0.3246152916 a       669     2     9     3     1
     -0.1100837335 a       670     2    10     3     1
      0.9874672517 a       671     2    11     3     1
     -0.9783334804 a       672     2    12     3     1
      0.3579461946 a       673     2    13     3     1
     -0.6306361837 a       674     2    14     3     1
      0.9274833498 a       675     2    15     3     1
     -0.5919189744 b       676     3     1
