     -0.9233256432 a         1     0     1     1     1
     -0.1503245058 a         2     0     1     1     2
      0.3713448069 a         3     0     1     1     3
      0.5810053891 a         4     0     1     1     4
      0.9297245739 a         5     0     1     1     5
     -0.7636387425 a         6     0     1     1     6
      0.8648396512 a         7     0     1     1     7
     -0.7396889499 a         8     0     1     1     8
      0.4361381926 a         9     0     1     1     9
     -0.3088493882 a        10     0     1     1    10
      0.4429608801 a        11     0     1     1    11
     -0.9096761602 a        12     0     1     1    12
      0.8967034192 a        13     0     1     1    13
      0.5190541389 a        14     0     1     1    14
      0.1845348249 a        15     0     1     1    15
     -0.5526105386 a        16     0     2     1     1
     -0.8177159952 a        17     0     2     1     2
     -0.5757730693 a        18     0     2     1     3
     -0.7653995904 a        19     0     2     1     4
     -0.8509704492 a        20     0     2     1     5
      0.5999711639 a        21     0     2     1     6
      0.5189044374 a        22     0     2     1     7
     -0.8525674968 a        23     0     2     1     8
      0.5903430070 a        24     0     2     1     9
     -0.2246760163 a        25     0     2     1    10
     -0.9311600569 a        26     0     2     1    11
      0.6938202793 a        27     0     2     1    12
      0.8061451773 a        28     0     2     1    13
      0.1625543550 a        29     0     2     1    14
     -0.3623605218 a        30     0     2     1    15
     -0.5352201397 a        31     0     3     1     1
     -0.8192142740 a        32     0     3     1     2
      0.7094624010 a        33     0     3     1     3
      0.7712469023 a        34     0     3     1     4
     -0.2674307162 a        35     0     3     1     5
     -0.1090252413 a        36     0     3     1     6
     -0.3724430560 a        37     0     3     1     7
      0.7912711239 a        38     0     3     1     8
     -0.9512907252 a        39     0     3     1     9
     -0.0793350833 a        40     0     3     1    10
      0.7758735109 a        41     0     3     1    11
      1.0311781767 a        42     0     3     1    12
      0.7043280016 a        43     0     3     1    13
      0.9640165437 a        44     0     3     1    14
     -0.0616706655 a        45     0     3     1    15
     -0.9110036140 a        46     0     4     1     1
     -0.2541546792 a        47     0     4     1     2
      0.1029477436 a        48     0     4     1     3
      0.5860709493 a        49     0     4     1     4
      0.0363589365 a        50     0     4     1     5
     -0.4394608372 a        51     0     4     1     6
      0.3005054424 a        52     0     4     1     7
     -0.3301914978 a        53     0     4     1     8
      0.2753387819 a        54     0     4     1     9
     -0.4348671389 a        55     0     4     1    10
     -0.9319899077 a        56     0     4     1    11
     -0.5410664880 a        57     0     4     1    12
      0.4393425847 a        58     0     4     1    13
     -0.6084719885 a        59     0     4     1    14
     -0.0624446480 a        60     0     4     1    15
      0.1164049932 a        61     0     5     1     1
      0.4995706659 a        62     0     5     1     2
      0.6054040642 a        63     0     5     1     3
      0.2634132681 a        64     0     5     1     4
      0.0439047354 a        65     0     5     1     5
     -0.4352725284 a        66     0     5     1     6
     -0.8718175023 a        67     0     5     1     7
      0.7642072625 a        68     0     5     1     8
      0.0041717389 a        69     0     5     1     9
     -0.2713616307 a        70     0     5     1    10
     -0.5875684727 a        71     0     5     1    11
     -0.3722825928 a        72     0     5     1    12
      0.1460335031 a        73     0     5     1    13
      0.7728170574 a        74     0     5     1    14
     -0.0979579543 a        75     0     5     1    15
      0.8810249894 a        76     0     6     1     1
     -0.8586004666 a        77     0     6     1     2
     -0.8920563752 a        78     0     6     1     3
     -0.5375715763 a        79     0     6     1     4
      0.2787162063 a        80     0     6     1     5
     -0.5662197071 a        81     0     6     1     6
     -0.5902230963 a        82     0     6     1     7
      0.2393594568 a        83     0     6     1     8
     -0.7614703718 a        84     0     6     1     9
      0.5755225484 a        85     0     6     1    10
     -0.2865635349 a        86     0     6     1    11
      0.5364277535 a        87     0     6     1    12
     -0.7272619615 a        88     0     6     1    13
      0.4527202241 a        89     0     6     1    14
      0.6368714174 a        90     0     6     1    15
     -0.7293121022 a        91     0     7     1     1
     -0.8038681627 a        92     0     7     1     2
      0.7942248180 a        93     0     7     1     3
     -0.5836094448 a        94     0     7     1     4
      0.2848588188 a        95     0     7     1     5
      0.3410043561 a        96     0     7     1     6
     -0.3821048167 a        97     0     7     1     7
     -0.5213142351 a        98     0     7     1     8
      0.0780265054 a        99     0     7     1     9
     -0.5224752158 a       100     0     7     1    10
     -0.6107408844 a       101     0     7     1    11
     -0.4504502764 a       102     0     7     1    12
      0.1992237037 a       103     0     7     1    13
     -0.9261376371 a       104     0     7     1    14
      0.7756994104 a       105     0     7     1    15
     -0.0299077115 a       106     0     8     1     1
      0.5362223420 a       107     0     8     1     2
      0.9345889659 a       108     0     8     1     3
     -0.7132407326 a       109     0     8     1     4
      0.5632221312 a       110     0     8     1     5
      0.9767930612 a       111     0     8     1     6
     -0.5796000786 a       112     0     8     1     7
     -0.1496089613 a       113     0     8     1     8
     -0.6201060305 a       114     0     8     1     9
     -0.5593483542 a       115     0     8     1    10
      0.2762262021 a       116     0     8     1    11
     -0.0895394072 a       117     0     8     1    12
     -0.4839801374 a       118     0     8     1    13
      0.7254873168 a       119     0     8     1    14
     -0.5321028957 a       120     0     8     1    15
      0.0198674295 a       121     0     9     1     1
      0.9575168843 a       122     0     9     1     2
      0.0261076342 a       123     0     9     1     3
      0.5870914769 a       124     0     9     1     4
      0.5567349044 a       125     0     9     1     5
     -0.3627297892 a       126     0     9     1     6
     -0.4228755497 a       127     0     9     1     7
      0.6870624040 a       128     0     9     1     8
      0.0371571770 a       129     0     9     1     9
      0.1227363359 a       130     0     9     1    10
     -0.0096808520 a       131     0     9     1    11
     -0.3864700244 a       132     0     9     1    12
      0.9461677857 a       133     0     9     1    13
      0.0073209172 a       134     0     9     1    14
      0.2756543942 a       135     0     9     1    15
     -0.7259535134 a       136     0    10     1     1
     -0.1059826882 a       137     0    10     1     2
      0.8498460302 a       138     0    10     1     3
      0.3823062911 a       139     0    10     1     4
      0.1443912026 a       140     0    10     1     5
     -0.7490800324 a       141     0    10     1     6
     -0.5465367581 a       142     0    10     1     7
      0.7550218940 a       143     0    10     1     8
      0.5820156568 a       144     0    10     1     9
     -0.0498495599 a       145     0    10     1    10
      0.2595550356 a       146     0    10     1    11
      0.3056070922 a       147     0    10     1    12
      0.0043880509 a       148     0    10     1    13
     -0.2667861397 a       149     0    10     1    14
      0.1890675869 a       150     0    10     1    15
      0.3982914375 a       151     0    11     1     1
     -0.7800410635 a       152     0    11     1     2
     -0.6897689464 a       153     0    11     1     3
      0.0479196015 a       154     0    11     1     4
      0.8528354837 a       155     0    11     1     5
     -0.8625751631 a       156     0    11     1     6
      0.0233099223 a       157     0    11     1     7
     -0.4448171458 a       158     0    11     1     8
      0.2847306408 a       159     0    11     1     9
      0.8668111368 a       160     0    11     1    10
     -0.5944592355 a       161     0    11     1    11
     -0.5941902732 a       162     0    11     1    12
      0.1552933356 a       163     0    11     1    13
     -0.5969545567 a       164     0    11     1    14
     -0.5062294614 a       165     0    11     1    15
      0.1493955334 a       166     0    12     1     1
     -0.0201937283 a       167     0    12     1     2
      0.8167959929 a       168     0    12     1     3
      0.3418863086 a       169     0    12     1     4
     -0.8026947783 a       170     0    12     1     5
      0.3244372822 a       171     0    12     1     6
     -0.6605518362 a       172     0    12     1     7
     -0.9825624513 a       173     0    12     1     8
     -0.0992140604 a       174     0    12     1     9
      0.0003615402 a       175     0    12     1    10
      0.8342500829 a       176     0    12     1    11
      0.1854149321 a       177     0    12     1    12
      0.4701002977 a       178     0    12     1    13
      0.3919454736 a       179     0    12     1    14
      0.4296738816 a       180     0    12     1    15
     -0.7812842857 a       181     0    13     1     1
      0.7347879881 a       182     0    13     1     2
      0.3284240375 a       183     0    13     1     3
      0.5108446137 a       184     0    13     1     4
      0.7420831625 a       185     0    13     1     5
      0.5072551820 a       186     0    13     1     6
      0.8121204700 a       187     0    13     1     7
     -0.5533920211 a       188     0    13     1     8
      0.0176714727 a       189     0    13     1     9
      0.6268000292 a       190     0    13     1    10
     -0.7115252248 a       191     0    13     1    11
     -0.6530398379 a       192     0    13     1    12
      0.8057772647 a       193     0    13     1    13
     -0.7634815014 a       194     0    13     1    14
      0.4641253346 a       195     0    13     1    15
      0.7505278260 a       196     0    14     1     1
      0.6826461220 a       197     0    14     1     2
     -0.9433176021 a       198     0    14     1     3
     -0.0421133246 a       199     0    14     1     4
      0.0531368732 a       200     0    14     1     5
     -0.1327230909 a       201     0    14     1     6
      0.8141650374 a       202     0    14     1     7
     -0.6742985626 a       203     0    14     1     8
      0.1405503044 a       204     0    14     1     9
      0.6775815197 a       205     0    14     1    10
     -0.1206329096 a       206     0    14     1    11
     -0.6604417759 a       207     0    14     1    12
     -0.5881467696 a       208     0    14     1    13
      0.1181886462 a       209     0    14     1    14
     -0.5806916031 a       210     0    14     1    15
      0.4821644887 a       211     0    15     1     1
     -0.9312418852 a       212     0    15     1     2
      0.7130927391 a       213     0    15     1     3
     -0.0046472616 a       214     0    15     1     4
      0.3147459850 a       215     0    15     1     5
     -0.5306438881 a       216     0    15     1     6
      0.2713969711 a       217     0    15     1     7
     -0.3819267024 a       218     0    15     1     8
     -0.8154331021 a       219     0    15     1     9
      0.8372305812 a       220     0    15     1    10
     -0.5865717786 a       221     0    15     1    11
     -0.0664752586 a       222     0    15     1    12
      0.4264017431 a       223     0    15     1    13
      0.1003943837 a       224     0    15     1    14
      0.0905456244 a       225     0    15     1    15
     -0.8941587213 a       226     0    16     1     1
     -0.0400487564 a       227     0    16     1     2
     -0.4119630924 a       228     0    16     1     3
      0.6113780037 a       229     0    16     1     4
     -0.2367752855 a       230     0    16     1     5
      0.3737028908 a       231     0    16     1     6
      0.9036739256 a       232     0    16     1     7
      0.6588314084 a       233     0    16     1     8
      0.1251111883 a       234     0    16     1     9
     -0.9907168681 a       235     0    16     1    10
     -0.1974463393 a       236     0    16     1    11
     -0.0523253731 a       237     0    16     1    12
     -0.8461884248 a       238     0    16     1    13
     -0.3327218151 a       239     0    16     1    14
      0.0009102768 a       240     0    16     1    15
     -0.5065032637 a       241     0    17     1     1
      0.7362465856 a       242     0    17     1     2
      0.8843123455 a       243     0    17     1     3
     -0.4222114577 a       244     0    17     1     4
     -0.3286837055 a       245     0    17     1     5
      0.9186973165 a       246     0    17     1     6
      0.8288216169 a       247     0    17     1     7
      0.4417357636 a       248     0    17     1     8
     -0.3658368536 a       249     0    17     1     9
     -0.1548494654 a       250     0    17     1    10
     -0.2343860017 a       251     0    17     1    11
     -0.6176111315 a       252     0    17     1    12
     -0.6301097367 a       253     0    17     1    13
     -0.4428445634 a       254     0    17     1    14
     -0.3175897910 a       255     0    17     1    15
      0.8153073088 a       256     0    18     1     1
     -0.6530745757 a       257     0    18     1     2
     -0.6934027362 a       258     0    18     1     3
      0.1756038997 a       259     0    18     1     4
     -0.0463337518 a       260     0    18     1     5
      0.8108840811 a       261     0    18     1     6
     -0.4890773097 a       262     0    18     1     7
      0.8186755553 a       263     0    18     1     8
      0.8088022323 a       264     0    18     1     9
      0.6767724198 a       265     0    18     1    10
     -0.5631926435 a       266     0    18     1    11
      0.4203535359 a       267     0    18     1    12
      0.3146741947 a       268     0    18     1    13
      0.4586932363 a       269     0    18     1    14
     -0.0226152909 a       270     0    18     1    15
     -0.1666125159 a       271     0    19     1     1
      0.4816868921 a       272     0    19     1     2
     -0.2083747915 a       273     0    19     1     3
     -0.6823004088 a       274     0    19     1     4
      0.8491607298 a       275     0    19     1     5
      0.7006841535 a       276     0    19     1     6
     -0.0416904800 a       277     0    19     1     7
     -0.8614357339 a       278     0    19     1     8
      0.3014923248 a       279     0    19     1     9
     -0.3120013993 a       280     0    19     1    10
     -0.9908634516 a       281     0    19     1    11
      0.1080423082 a       282     0    19     1    12
     -0.7074514277 a       283     0    19     1    13
      0.5600194550 a       284     0    19     1    14
      0.7050131092 a       285     0    19     1    15
     -0.2845355099 a       286     0    20     1     1
     -0.5467715888 a       287     0    20     1     2
      0.0861507838 a       288     0    20     1     3
      0.4183614516 a       289     0    20     1     4
     -0.3747396830 a       290     0    20     1     5
     -0.7099066729 a       291     0    20     1     6
      0.2004851155 a       292     0    20     1     7
     -0.3246602673 a       293     0    20     1     8
      0.7945662339 a       294     0    20     1     9
     -0.1118796157 a       295     0    20     1    10
      0.7953816321 a       296     0    20     1    11
      0.1628078601 a       297     0    20     1    12
     -0.9212036758 a       298     0    20     1    13
      0.9472646956 a       299     0    20     1    14
     -0.4434747650 a       300     0    20     1    15
      0.5486927333 a       301     0    21     1     1
     -0.4086180442 a       302     0    21     1     2
      0.1260413458 a       303     0    21     1     3
     -0.7808430969 a       304     0    21     1     4
      1.0063897139 a       305     0    21     1     5
      0.2970223128 a       306     0    21     1     6
      0.7898715141 a       307     0    21     1     7
      0.3334344020 a       308     0    21     1     8
      0.4774772975 a       309     0    21     1     9
     -0.2449621050 a       310     0    21     1    10
     -0.8870104081 a       311     0    21     1    11
     -0.3297515954 a       312     0    21     1    12
     -0.4989855719 a       313     0    21     1    13
      0.2880695329 a       314     0    21     1    14
      0.6774574612 a       315     0    21     1    15
      0.1553665616 a       316     0    22     1     1
     -0.1999071724 a       317     0    22     1     2
      0.9617023549 a       318     0    22     1     3
     -0.4459617944 a       319     0    22     1     4
      0.9684979832 a       320     0    22     1     5
      0.9780905427 a       321     0    22     1     6
     -0.3694594186 a       322     0    22     1     7
     -0.2405930559 a       323     0    22     1     8
     -0.2246403912 a       324     0    22     1     9
      0.5243996186 a       325     0    22     1    10
     -0.3412130367 a       326     0    22     1    11
     -0.4007880145 a       327     0    22     1    12
      0.2880918486 a       328     0    22     1    13
     -0.4286990467 a       329     0    22     1    14
     -0.2371888110 a       330     0    22     1    15
     -0.6240080663 a       331     0    23     1     1
      0.7624782344 a       332     0    23     1     2
     -0.0075412668 a       333     0    23     1     3
      0.6367460403 a       334     0    23     1     4
     -0.9395925030 a       335     0    23     1     5
      0.0443366985 a       336     0    23     1     6
      0.8256327215 a       337     0    23     1     7
      0.2146978024 a       338     0    23     1     8
     -0.1636123791 a       339     0    23     1     9
      0.0004168027 a       340     0    23     1    10
     -0.0085604562 a       341     0    23     1    11
     -0.8366095554 a       342     0    23     1    12
      0.6846732111 a       343     0    23     1    13
      0.4422413626 a       344     0    23     1    14
     -0.9446037050 a       345     0    23     1    15
     -0.1171810881 a       346     0    24     1     1
      0.9664979273 a       347     0    24     1     2
      0.1097865175 a       348     0    24     1     3
     -0.7597169830 a       349     0    24     1     4
     -0.3829567591 a       350     0    24     1     5
      0.5366808219 a       351     0    24     1     6
     -0.2543262120 a       352     0    24     1     7
      0.3975048954 a       353     0    24     1     8
     -0.6183820705 a       354     0    24     1     9
      0.0137940642 a       355     0    24     1    10
     -0.1251695231 a       356     0    24     1    11
      0.1452197572 a       357     0    24     1    12
     -0.6464894432 a       358     0    24     1    13
     -0.2723498832 a       359     0    24     1    14
      0.3711562252 a       360     0    24     1    15
      0.0267388824 a       361     0    25     1     1
      0.2365539546 a       362     0    25     1     2
     -0.8128762159 a       363     0    25     1     3
     -0.5325204563 a       364     0    25     1     4
     -0.1475925713 a       365     0    25     1     5
     -0.5012343037 a       366     0    25     1     6
      0.5203062554 a       367     0    25     1     7
      0.1908927868 a       368     0    25     1     8
     -0.4225632237 a       369     0    25     1     9
     -0.7666152426 a       370     0    25     1    10
     -0.9190478795 a       371     0    25     1    11
      0.2750376431 a       372     0    25     1    12
      0.7597322958 a       373     0    25     1    13
     -0.2600354422 a       374     0    25     1    14
     -0.4366820011 a       375     0    25     1    15
      0.6023551071 a       376     0    26     1     1
     -0.6841935315 a       377     0    26     1     2
      0.1267785076 a       378     0    26     1     3
      0.0651658664 a       379     0    26     1     4
      1.0141728822 a       380     0    26     1     5
     -0.4724659598 a       381     0    26     1     6
      0.5204222066 a       382     0    26     1     7
      0.3589156009 a       383     0    26     1     8
     -0.3007770853 a       384     0    26     1     9
      0.6453849124 a       385     0    26     1    10
     -0.1618320444 a       386     0    26     1    11
      0.0284052793 a       387     0    26     1    12
      0.7965667007 a       388     0    26     1    13
      0.7630616821 a       389     0    26     1    14
     -0.0725218999 a       390     0    26     1    15
      0.3100819251 a       391     0    27     1     1
      0.9617648346 a       392     0    27     1     2
      0.9133386630 a       393     0    27     1     3
      0.3142548126 a       394     0    27     1     4
      0.3214158258 a       395     0    27     1     5
     -0.8705668548 a       396     0    27     1     6
     -0.6469716489 a       397     0    27     1     7
     -0.2745794066 a       398     0    27     1     8
      0.1644133039 a       399     0    27     1     9
     -0.4321554783 a       400     0    27     1    10
     -0.7464878623 a       401     0    27     1    11
     -0.0323071684 a       402     0    27     1    12
      0.2213152758 a       403     0    27     1    13
      0.3393429046 a       404     0    27     1    14
      0.0310033293 a       405     0    27     1    15
     -0.0364859780 a       406     0    28     1     1
     -0.6780976863 a       407     0    28     1     2
     -0.5526707780 a       408     0    28     1     3
     -0.5286206332 a       409     0    28     1     4
      0.4918615350 a       410     0    28     1     5
     -0.4551788363 a       411     0    28     1     6
      0.6358723538 a       412     0    28     1     7
     -0.4475531894 a       413     0    28     1     8
      0.0926776316 a       414     0    28     1     9
      0.4607265834 a       415     0    28     1    10
     -0.6636961487 a       416     0    28     1    11
     -0.5608598969 a       417     0    28     1    12
      0.7122878728 a       418     0    28     1    13
     -0.9613781658 a       419     0    28     1    14
      0.2599899478 a       420     0    28     1    15
      0.9127730619 a       421     0    29     1     1
     -0.7222519430 a       422     0    29     1     2
     -0.8556565705 a       423     0    29     1     3
     -0.6571064416 a       424     0    29     1     4
      0.4936789153 a       425     0    29     1     5
     -0.1781018921 a       426     0    29     1     6
     -0.4373079709 a       427     0    29     1     7
      0.6899665513 a       428     0    29     1     8
     -0.9102422704 a       429     0    29     1     9
      0.3395999334 a       430     0    29     1    10
     -0.8806261901 a       431     0    29     1    11
      0.4067403789 a       432     0    29     1    12
     -0.2445055906 a       433     0    29     1    13
     -0.8185694798 a       434     0    29     1    14
     -0.6191511062 a       435     0    29     1    15
     -0.1104835286 a       436     0    30     1     1
     -0.5936548754 a       437     0    30     1     2
     -0.0128432918 a       438     0    30     1     3
     -0.7258822732 a       439     0    30     1     4
     -0.6766248700 a       440     0    30     1     5
     -0.0937414498 a       441     0    30     1     6
     -0.5180027826 a       442     0    30     1     7
     -0.1201667529 a       443     0    30     1     8
     -0.7755231581 a       444     0    30     1     9
     -0.3408807006 a       445     0    30     1    10
     -0.4878435226 a       446     0    30     1    11
      0.8085734941 a       447     0    30     1    12
     -0.1157380546 a       448     0    30     1    13
      0.6850446740 a       449     0    30     1    14
      1.0116901901 a       450     0    30     1    15
      0.8830599721 b       451     1     1
     -0.0463868527 b       452     1     2
      0.3901756745 b       453     1     3
     -0.2050372967 b       454     1     4
      0.2496369144 b       455     1     5
     -1.0127616395 b       456     1     6
     -0.6164248680 b       457     1     7
      0.4235768531 b       458     1     8
      1.1415047161 b       459     1     9
     -0.9255042716 b       460     1    10
      0.7686066853 b       461     1    11
     -0.0690258223 b       462     1    12
      0.6073647804 b       463     1    13
     -0.7323243629 b       464     1    14
     -1.0130083749 b       465     1    15
     -0.2874608757 a       466     1     1     2     1
     -0.8575053651 a       467     1     1     2     2
     -0.9840114325 a       468     1     1     2     3
     -0.0531477808 a       469     1     1     2     4
      0.6021042511 a       470     1     1     2     5
      0.2230364744 a       471     1     1     2     6
      0.2582924621 a       472     1     1     2     7
      0.9876314741 a       473     1     1     2     8
     -0.2625532855 a       474     1     1     2     9
      0.5797919626 a       475     1     1     2    10
      0.9706762191 a       476     1     1     2    11
     -0.9389198799 a       477     1     1     2    12
     -0.2120660185 a       478     1     1     2    13
      0.1846948402 a       479     1     1     2    14
      0.3340245593 a       480     1     1     2    15
     -0.2347001797 a       481     1     2     2     1
     -0.4083547789 a       482     1     2     2     2
      0.7121044296 a       483     1     2     2     3
      0.4393605256 a       484     1     2     2     4
      0.7782542838 a       485     1     2     2     5
     -0.5798954658 a       486     1     2     2     6
     -0.5572620411 a       487     1     2     2     7
     -0.5254830854 a       488     1     2     2     8
     -0.0160798706 a       489     1     2     2     9
     -0.9930107493 a       490     1     2     2    10
     -0.3180496828 a       491     1     2     2    11
     -0.2245034283 a       492     1     2     2    12
      0.0309140618 a       493     1     2     2    13
     -0.4630570682 a       494     1     2     2    14
      0.4675116302 a       495     1     2     2    15
     -0.6568183288 a       496     1     3     2     1
     -0.3853589544 a       497     1     3     2     2
     -0.5788907822 a       498     1     3     2     3
     -0.6393983840 a       499     1     3     2     4
      0.3386601643 a       500     1     3     2     5
      0.2511363210 a       501     1     3     2     6
      0.5808056215 a       502     1     3     2     7
     -0.8262177428 a       503     1     3     2     8
      0.8017271641 a       504     1     3     2     9
      0.8923680364 a       505     1     3     2    10
      0.7154206327 a       506     1     3     2    11
     -0.0438913726 a       507     1     3     2    12
     -0.5460901022 a       508     1     3     2    13
     -0.2416367651 a       509     1     3     2    14
     -0.0530751655 a       510     1     3     2    15
     -0.8887368301 a       511     1     4     2     1
      0.2676226558 a       512     1     4     2     2
     -0.6941774556 a       513     1     4     2     3
      0.5231065998 a       514     1     4     2     4
      0.8239708945 a       515     1     4     2     5
     -0.2490392896 a       516     1     4     2     6
     -0.5632275000 a       517     1     4     2     7
     -0.7839485320 a       518     1     4     2     8
      0.6534583609 a       519     1     4     2     9
      0.9008289047 a       520     1     4     2    10
     -0.7980033337 a       521     1     4     2    11
      0.7773237175 a       522     1     4     2    12
     -0.8139050794 a       523     1     4     2    13
     -0.7444632716 a       524     1     4     2    14
     -0.1627774661 a       525     1     4     2    15
     -0.5276281717 a       526     1     5     2     1
      0.5699488686 a       527     1     5     2     2
     -0.7978819558 a       528     1     5     2     3
     -0.0036226053 a       529     1     5     2     4
      0.8039360162 a       530     1     5     2     5
     -0.0384913258 a       531     1     5     2     6
     -0.2071204289 a       532     1     5     2     7
      0.1940511165 a       533     1     5     2     8
     -0.3652590730 a       534     1     5     2     9
      0.7934309030 a       535     1     5     2    10
     -0.6238962140 a       536     1     5     2    11
     -0.6253313837 a       537     1     5     2    12
      0.4168925811 a       538     1     5     2    13
     -0.6088332937 a       539     1     5     2    14
     -0.0297335952 a       540     1     5     2    15
      0.6589257141 a       541     1     6     2     1
      0.0394199110 a       542     1     6     2     2
      0.4861142195 a       543     1     6     2     3
      0.3502343809 a       544     1     6     2     4
      0.7833711586 a       545     1     6     2     5
     -0.1689862050 a       546     1     6     2     6
     -0.1341954439 a       547     1     6     2     7
      0.2048166293 a       548     1     6     2     8
      0.5097659660 a       549     1     6     2     9
      0.5826220909 a       550     1     6     2    10
     -0.3221582735 a       551     1     6     2    11
      0.3708577966 a       552     1     6     2    12
     -0.8605198011 a       553     1     6     2    13
     -0.4981441383 a       554     1     6     2    14
      0.4866560600 a       555     1     6     2    15
      0.4066931092 a       556     1     7     2     1
     -0.8338570791 a       557     1     7     2     2
     -0.5236904916 a       558     1     7     2     3
     -1.0419906448 a       559     1     7     2     4
      0.8117300029 a       560     1     7     2     5
      0.2178263969 a       561     1     7     2     6
     -0.9099377748 a       562     1     7     2     7
      0.9527175369 a       563     1     7     2     8
     -0.4619084772 a       564     1     7     2     9
     -0.0634088218 a       565     1     7     2    10
      0.7930811868 a       566     1     7     2    11
     -0.2429314695 a       567     1     7     2    12
     -0.3816611618 a       568     1     7     2    13
      0.1739720119 a       569     1     7     2    14
      0.0378536984 a       570     1     7     2    15
     -0.0511137995 a       571     1     8     2     1
     -0.8435758557 a       572     1     8     2     2
     -0.0642947665 a       573     1     8     2     3
      0.5032180659 a       574     1     8     2     4
      0.1363297244 a       575     1     8     2     5
     -0.3953977037 a       576     1     8     2     6
      0.5804814192 a       577     1     8     2     7
      0.3224862106 a       578     1     8     2     8
      0.8543841713 a       579     1     8     2     9
      0.4663570526 a       580     1     8     2    10
     -0.5286595041 a       581     1     8     2    11
     -0.5024485834 a       582     1     8     2    12
     -0.2569553343 a       583     1     8     2    13
     -0.7673451587 a       584     1     8     2    14
      0.5898876063 a       585     1     8     2    15
      0.3591237821 a       586     1     9     2     1
      0.1142487812 a       587     1     9     2     2
      0.2983051327 a       588     1     9     2     3
      1.0362446291 a       589     1     9     2     4
     -0.0024118912 a       590     1     9     2     5
      0.9949764512 a       591     1     9     2     6
     -0.2668238925 a       592     1     9     2     7
      0.3426200540 a       593     1     9     2     8
     -0.8304453162 a       594     1     9     2     9
     -0.9865523695 a       595     1     9     2    10
     -0.3048198448 a       596     1     9     2    11
     -0.3320120938 a       597     1     9     2    12
     -0.7619530368 a       598     1     9     2    13
     -0.5221279304 a       599     1     9     2    14
      0.1956469901 a       600     1     9     2    15
     -0.2482258565 a       601     1    10     2     1
     -0.1457274070 a       602     1    10     2     2
     -0.4533879692 a       603     1    10     2     3
      0.4793349182 a       604     1    10     2     4
      0.2370354528 a       605     1    10     2     5
      0.8632461433 a       606     1    10     2     6
      0.9432372392 a       607     1    10     2     7
      0.6177478005 a       608     1    10     2     8
     -0.4790253584 a       609     1    10     2     9
     -0.7837672175 a       610     1    10     2    10
      0.7440441170 a       611     1    10     2    11
      0.4404614812 a       612     1    10     2    12
     -0.7774885600 a       613     1    10     2    13
      0.7665381767 a       614     1    10     2    14
      0.0642783197 a       615     1    10     2    15
     -0.0240017548 a       616     1    11     2     1
     -0.9314595326 a       617     1    11     2     2
     -0.2233473110 a       618     1    11     2     3
     -0.9168139272 a       619     1    11     2     4
      0.3721970487 a       620     1    11     2     5
     -0.0032910527 a       621     1    11     2     6
      0.5502877161 a       622     1    11     2     7
      0.5206275058 a       623     1    11     2     8
     -0.0990366319 a       624     1    11     2     9
      0.2193931897 a       625     1    11     2    10
     -0.8366335284 a       626     1    11     2    11
      0.2085640373 a       627     1    11     2    12
      0.1571808887 a       628     1    11     2    13
      0.5618544699 a       629     1    11     2    14
     -0.6914546331 a       630     1    11     2    15
      0.0793967366 a       631     1    12     2     1
      0.5632217786 a       632     1    12     2     2
      0.4327770450 a       633     1    12     2     3
      0.5863454091 a       634     1    12     2     4
      0.9426421821 a       635     1    12     2     5
      0.5940688057 a       636     1    12     2     6
     -0.0173244975 a       637     1    12     2     7
     -0.7600587449 a       638     1    12     2     8
     -0.5305946534 a       639     1    12     2     9
     -0.4902995897 a       640     1    12     2    10
      0.7439275508 a       641     1    12     2    11
      0.5907857285 a       642     1    12     2    12
      0.8284521625 a       643     1    12     2    13
      0.1432733151 a       644     1    12     2    14
      0.6273070897 a       645     1    12     2    15
      0.8856258961 a       646     1    13     2     1
      0.2127709698 a       647     1    13     2     2
      0.6760075981 a       648     1    13     2     3
     -0.8657107417 a       649     1    13     2     4
     -0.4630261364 a       650     1    13     2     5
     -0.2503028716 a       651     1    13     2     6
     -0.7609687926 a       652     1    13     2     7
     -0.2241867262 a       653     1    13     2     8
      0.4555349237 a       654     1    13     2     9
     -0.4380803182 a       655     1    13     2    10
     -0.1420313904 a       656     1    13     2    11
      0.4815214273 a       657     1    13     2    12
      0.3663154548 a       658     1    13     2    13
      0.0363556347 a       659     1    13     2    14
      0.2150215282 a       660     1    13     2    15
     -0.7306249020 a       661     1    14     2     1
     -0.0519324810 a       662     1    14     2     2
     -0.1815130614 a       663     1    14     2     3
      0.6173995403 a       664     1    14     2     4
     -0.9273199145 a       665     1    14     2     5
      0.1376452999 a       666     1    14     2     6
      0.8331789585 a       667     1    14     2     7
      0.4544875003 a       668     1    14     2     8
     -0.3524389101 a       669     1    14     2     9
      0.7846939820 a       670     1    14     2    10
      0.5254446765 a       671     1    14     2    11
      0.5235552843 a       672     1    14     2    12
      0.6906027059 a       673     1    14     2    13
      0.5453025586 a       674     1    14     2    14
      0.1633631524 a       675     1    14     2    15
     -0.0542517432 a       676     1    15     2     1
     -0.1527726663 a       677     1    15     2     2
     -0.2945183747 a       678     1    15     2     3
     -0.6532369891 a       679     1    15     2     4
      0.1993197243 a       680     1    15     2     5
     -0.8658473721 a       681     1    15     2     6
      0.3060351767 a       682     1    15     2     7
      0.6448767904 a       683     1    15     2     8
      0.9020723041 a       684     1    15     2     9
     -0.3933419545 a       685     1    15     2    10
     -0.2640706873 a       686     1    15     2    11
     -0.3825533350 a       687     1    15     2    12
      0.0856196059 a       688     1    15     2    13
     -0.4939667151 a       689     1    15     2    14
     -0.3018859041 a       690     1    15     2    15
     -0.3375284223 b       691     2     1
     -0.8999079830 b       692     2     2
      0.7721570340 b       693     2     3
     -0.0857642417 b       694     2     4
      0.2895520176 b       695     2     5
      0.7192765401 b       696     2     6
      0.0642250640 b       697     2     7
      0.8108380364 b       698     2     8
     -0.1167292775 b       699     2     9
     -0.2719053366 b       700     2    10
      0.3013494864 b       701     2    11
     -0.7533772874 b       702     2    12
     -0.8720161195 b       703     2    13
      0.6020548285 b       704     2    14
     -0.6507751810 b       705     2    15
     -0.8904840000 a       706     2     1     3     1
     -0.6214592927 a       707     2     2     3     1
      0.6929373262 a       708     2     3     3     1
     -0.2760744603 a       709     2     4     3     1
      0.5444100512 a       710     2     5     3     1
      0.4130097806 a       711     2     6     3     1
     -0.3709823634 a       712     2     7     3     1
     -0.2511823703 a       713     2     8     3     1
     -0.5202451270 a       714     2     9     3     1
      0.2682887729 a       715     2    10     3     1
      0.7680418228 a       716     2    11     3     1
      0.2141528789 a       717     2    12     3     1
     -0.0097147765 a       718     2    13     3     1
      0.1498092370 a       719     2    14     3     1
      0.0625786695 a       720     2    15     3     1
     -0.6112026138 b       721     3     1
