     -0.9245329939 a         1     0     1     1     1
     -0.1424516690 a         2     0     1     1     2
      0.3892984327 a         3     0     1     1     3
      0.5804964656 a         4     0     1     1     4
      0.9315580380 a         5     0     1     1     5
     -0.7657379207 a         6     0     1     1     6
      0.8574044419 a         7     0     1     1     7
     -0.7455285549 a         8     0     1     1     8
      0.4304008027 a         9     0     1     1     9
     -0.3075463789 a        10     0     1     1    10
      0.4425268498 a        11     0     1     1    11
     -0.9044761255 a        12     0     1     1    12
      0.8894445279 a        13     0     1     1    13
      0.5261094538 a        14     0     1     1    14
      0.1809329952 a        15     0     1     1    15
     -0.5581975826 a        16     0     2     1     1
     -0.8192763080 a        17     0     2     1     2
     -0.5780430794 a        18     0     2     1     3
     -0.7829321730 a        19     0     2     1     4
     -0.8595019028 a        20     0     2     1     5
      0.6000739045 a        21     0     2     1     6
      0.5035677392 a        22     0     2     1     7
     -0.8519550750 a        23     0     2     1     8
      0.5877437107 a        24     0     2     1     9
     -0.2254089033 a        25     0     2     1    10
     -0.9338777041 a        26     0     2     1    11
      0.6867361300 a        27     0     2     1    12
      0.8106090251 a        28     0     2     1    13
      0.1690753187 a        29     0     2     1    14
     -0.3651798484 a        30     0     2     1    15
     -0.5378875710 a        31     0     3     1     1
     -0.8166776874 a        32     0     3     1     2
      0.7227419456 a        33     0     3     1     3
      0.7685237339 a        34     0     3     1     4
     -0.2685144020 a        35     0     3     1     5
     -0.1091324033 a        36     0     3     1     6
     -0.3816125430 a        37     0     3     1     7
      0.7907537441 a        38     0     3     1     8
     -0.9567303555 a        39     0     3     1     9
     -0.0772371690 a        40     0     3     1    10
      0.7770432286 a        41     0     3     1    11
      1.0303854395 a        42     0     3     1    12
      0.6994103493 a        43     0     3     1    13
      0.9708141731 a        44     0     3     1    14
     -0.0619537009 a        45     0     3     1    15
     -0.9182546213 a        46     0     4     1     1
     -0.2598890359 a        47     0     4     1     2
      0.0956846820 a        48     0     4     1     3
      0.5659729383 a        49     0     4     1     4
      0.0257959143 a        50     0     4     1     5
     -0.4386720988 a        51     0     4     1     6
      0.2849454153 a        52     0     4     1     7
     -0.3259056640 a        53     0     4     1     8
      0.2739042357 a        54     0     4     1     9
     -0.4350945535 a        55     0     4     1    10
     -0.9340340390 a        56     0     4     1    11
     -0.5560016899 a        57     0     4     1    12
      0.4471174991 a        58     0     4     1    13
     -0.6027726704 a        59     0     4     1    14
     -0.0622218874 a        60     0     4     1    15
      0.1152534143 a        61     0     5     1     1
      0.4969142234 a        62     0     5     1     2
      0.6111510210 a        63     0     5     1     3
      0.2578672572 a        64     0     5     1     4
      0.0401962803 a        65     0     5     1     5
     -0.4347236378 a        66     0     5     1     6
     -0.8769207936 a        67     0     5     1     7
      0.7680436015 a        68     0     5     1     8
      0.0020917646 a        69     0     5     1     9
     -0.2679808912 a        70     0     5     1    10
     -0.5859210023 a        71     0     5     1    11
     -0.3829026262 a        72     0     5     1    12
      0.1439635370 a        73     0     5     1    13
      0.7800424707 a        74     0     5     1    14
     -0.0945354000 a        75     0     5     1    15
      0.8776693930 a        76     0     6     1     1
     -0.8682438108 a        77     0     6     1     2
     -0.9023517742 a        78     0     6     1     3
     -0.5592520380 a        79     0     6     1     4
      0.2663075141 a        80     0     6     1     5
     -0.5646386580 a        81     0     6     1     6
     -0.5995453504 a        82     0     6     1     7
      0.2447869651 a        83     0     6     1     8
     -0.7622027835 a        84     0     6     1     9
      0.5779240937 a        85     0     6     1    10
     -0.2874898450 a        86     0     6     1    11
      0.5187873536 a        87     0     6     1    12
     -0.7175862905 a        88     0     6     1    13
      0.4604513813 a        89     0     6     1    14
      0.6396692463 a        90     0     6     1    15
     -0.7246219842 a        91     0     7     1     1
     -0.8089814634 a        92     0     7     1     2
      0.7978112997 a        93     0     7     1     3
     -0.5906101604 a        94     0     7     1     4
      0.2791964096 a        95     0     7     1     5
      0.3403546677 a        96     0     7     1     6
     -0.3760420029 a        97     0     7     1     7
     -0.5194325429 a        98     0     7     1     8
      0.0773056993 a        99     0     7     1     9
     -0.5168185626 a       100     0     7     1    10
     -0.6090609613 a       101     0     7     1    11
     -0.4622076137 a       102     0     7     1    12
      0.1978740263 a       103     0     7     1    13
     -0.9162505217 a       104     0     7     1    14
      0.7790634045 a       105     0     7     1    15
     -0.0276851833 a       106     0     8     1     1
      0.5293494259 a       107     0     8     1     2
      0.9314588339 a       108     0     8     1     3
     -0.7323542415 a       109     0     8     1     4
      0.5506176905 a       110     0     8     1     5
      0.9783883478 a       111     0     8     1     6
     -0.5771382985 a       112     0     8     1     7
     -0.1493539116 a       113     0     8     1     8
     -0.6206661268 a       114     0     8     1     9
     -0.5554959773 a       115     0     8     1    10
      0.2750836849 a       116     0     8     1    11
     -0.1029937451 a       117     0     8     1    12
     -0.4737457319 a       118     0     8     1    13
      0.7367100343 a       119     0     8     1    14
     -0.5321396673 a       120     0     8     1    15
      0.0369126814 a       121     0     9     1     1
      0.9598939410 a       122     0     9     1     2
      0.0325789368 a       123     0     9     1     3
      0.5830087281 a       124     0     9     1     4
      0.5508427541 a       125     0     9     1     5
     -0.3696240628 a       126     0     9     1     6
     -0.4000360748 a       127     0     9     1     7
      0.6811369062 a       128     0     9     1     8
      0.0360804660 a       129     0     9     1     9
      0.1316992197 a       130     0     9     1    10
     -0.0099963596 a       131     0     9     1    11
     -0.3875992878 a       132     0     9     1    12
      0.9442427242 a       133     0     9     1    13
      0.0242166303 a       134     0     9     1    14
      0.2707350748 a       135     0     9     1    15
     -0.7272903481 a       136     0    10     1     1
     -0.1165291901 a       137     0    10     1     2
      0.8406837326 a       138     0    10     1     3
      0.3615634049 a       139     0    10     1     4
      0.1309271288 a       140     0    10     1     5
     -0.7472704834 a       141     0    10     1     6
     -0.5496851770 a       142     0    10     1     7
      0.7607297414 a       143     0    10     1     8
      0.5830175886 a       144     0    10     1     9
     -0.0464658500 a       145     0    10     1    10
      0.2598125939 a       146     0    10     1    11
      0.2864707487 a       147     0    10     1    12
      0.0149360640 a       148     0    10     1    13
     -0.2575528891 a       149     0    10     1    14
      0.1927088528 a       150     0    10     1    15
      0.4098711989 a       151     0    11     1     1
     -0.7724908081 a       152     0    11     1     2
     -0.6829244047 a       153     0    11     1     3
      0.0483566486 a       154     0    11     1     4
      0.8539499799 a       155     0    11     1     5
     -0.8706626870 a       156     0    11     1     6
      0.0430329013 a       157     0    11     1     7
     -0.4565585315 a       158     0    11     1     8
      0.2826981509 a       159     0    11     1     9
      0.8766099427 a       160     0    11     1    10
     -0.6018065340 a       161     0    11     1    11
     -0.5856242051 a       162     0    11     1    12
      0.1497165241 a       163     0    11     1    13
     -0.5898339219 a       164     0    11     1    14
     -0.5169733414 a       165     0    11     1    15
      0.1605487137 a       166     0    12     1     1
     -0.0231511771 a       167     0    12     1     2
      0.8222296008 a       168     0    12     1     3
      0.3277823390 a       169     0    12     1     4
     -0.8155073307 a       170     0    12     1     5
      0.3234425323 a       171     0    12     1     6
     -0.6452768179 a       172     0    12     1     7
     -0.9895722886 a       173     0    12     1     8
     -0.1004057985 a       174     0    12     1     9
      0.0071695308 a       175     0    12     1    10
      0.8331477930 a       176     0    12     1    11
      0.1807734581 a       177     0    12     1    12
      0.4777883840 a       178     0    12     1    13
      0.4078789496 a       179     0    12     1    14
      0.4272958437 a       180     0    12     1    15
     -0.7869574368 a       181     0    13     1     1
      0.7374759402 a       182     0    13     1     2
      0.3298285238 a       183     0    13     1     3
      0.5129778060 a       184     0    13     1     4
      0.7487063490 a       185     0    13     1     5
      0.5106107142 a       186     0    13     1     6
      0.8121570557 a       187     0    13     1     7
     -0.5534007597 a       188     0    13     1     8
      0.0157013907 a       189     0    13     1     9
      0.6335125534 a       190     0    13     1    10
     -0.7195629169 a       191     0    13     1    11
     -0.6540123132 a       192     0    13     1    12
      0.7969912478 a       193     0    13     1    13
     -0.7722430979 a       194     0    13     1    14
      0.4661096138 a       195     0    13     1    15
      0.7654744263 a       196     0    14     1     1
      0.6870315497 a       197     0    14     1     2
     -0.9285013955 a       198     0    14     1     3
     -0.0503261278 a       199     0    14     1     4
      0.0434309391 a       200     0    14     1     5
     -0.1372103047 a       201     0    14     1     6
      0.8385447661 a       202     0    14     1     7
     -0.6895163161 a       203     0    14     1     8
      0.1386593838 a       204     0    14     1     9
      0.6855576313 a       205     0    14     1    10
     -0.1256205788 a       206     0    14     1    11
     -0.6532071280 a       207     0    14     1    12
     -0.5811865468 a       208     0    14     1    13
      0.1332774711 a       209     0    14     1    14
     -0.5901839731 a       210     0    14     1    15
      0.4770358272 a       211     0    15     1     1
     -0.9309876518 a       212     0    15     1     2
      0.7166693880 a       213     0    15     1     3
     -0.0028218493 a       214     0    15     1     4
      0.3215406175 a       215     0    15     1     5
     -0.5255051645 a       216     0    15     1     6
      0.2698791562 a       217     0    15     1     7
     -0.3792800474 a       218     0    15     1     8
     -0.8188931730 a       219     0    15     1     9
      0.8446536153 a       220     0    15     1    10
     -0.5940772470 a       221     0    15     1    11
     -0.0685310220 a       222     0    15     1    12
      0.4144081565 a       223     0    15     1    13
      0.0904386283 a       224     0    15     1    14
      0.0956898237 a       225     0    15     1    15
     -0.9049613642 a       226     0    16     1     1
     -0.0459209802 a       227     0    16     1     2
     -0.4117017518 a       228     0    16     1     3
      0.6011651993 a       229     0    16     1     4
     -0.2471686154 a       230     0    16     1     5
      0.3733571088 a       231     0    16     1     6
      0.9022198465 a       232     0    16     1     7
      0.6556871847 a       233     0    16     1     8
      0.1273909659 a       234     0    16     1     9
     -0.9907231728 a       235     0    16     1    10
     -0.2049028731 a       236     0    16     1    11
     -0.0603443096 a       237     0    16     1    12
     -0.8233767070 a       238     0    16     1    13
     -0.3365363431 a       239     0    16     1    14
     -0.0033843796 a       240     0    16     1    15
     -0.4912201153 a       241     0    17     1     1
      0.7478824942 a       242     0    17     1     2
      0.9178037382 a       243     0    17     1     3
     -0.4242721517 a       244     0    17     1     4
     -0.3304268989 a       245     0    17     1     5
      0.9148714064 a       246     0    17     1     6
      0.8574849117 a       247     0    17     1     7
      0.4285005096 a       248     0    17     1     8
     -0.3728242872 a       249     0    17     1     9
     -0.1428170296 a       250     0    17     1    10
     -0.2380512723 a       251     0    17     1    11
     -0.5991417684 a       252     0    17     1    12
     -0.6432829712 a       253     0    17     1    13
     -0.4281370319 a       254     0    17     1    14
     -0.3246545358 a       255     0    17     1    15
      0.8152660889 a       256     0    18     1     1
     -0.6644306430 a       257     0    18     1     2
     -0.6975781213 a       258     0    18     1     3
      0.1578580136 a       259     0    18     1     4
     -0.0597751887 a       260     0    18     1     5
      0.8124890008 a       261     0    18     1     6
     -0.4879917933 a       262     0    18     1     7
      0.8238476943 a       263     0    18     1     8
      0.8109686871 a       264     0    18     1     9
      0.6804984166 a       265     0    18     1    10
     -0.5637602432 a       266     0    18     1    11
      0.4029595332 a       267     0    18     1    12
      0.3303915990 a       268     0    18     1    13
      0.4655732954 a       269     0    18     1    14
     -0.0199677635 a       270     0    18     1    15
     -0.1718877295 a       271     0    19     1     1
      0.4775531432 a       272     0    19     1     2
     -0.2077964474 a       273     0    19     1     3
     -0.6974789492 a       274     0    19     1     4
      0.8416347068 a       275     0    19     1     5
      0.7029183593 a       276     0    19     1     6
     -0.0550440977 a       277     0    19     1     7
     -0.8593077599 a       278     0    19     1     8
      0.2995005018 a       279     0    19     1     9
     -0.3115878382 a       280     0    19     1    10
     -0.9923006391 a       281     0    19     1    11
      0.0954840458 a       282     0    19     1    12
     -0.7025484991 a       283     0    19     1    13
      0.5651516710 a       284     0    19     1    14
      0.7070097421 a       285     0    19     1    15
     -0.2778604002 a       286     0    20     1     1
     -0.5280046756 a       287     0    20     1     2
      0.1076458842 a       288     0    20     1     3
      0.4155095539 a       289     0    20     1     4
     -0.3741419529 a       290     0    20     1     5
     -0.7175929554 a       291     0    20     1     6
      0.1980830813 a       292     0    20     1     7
     -0.3436069690 a       293     0    20     1     8
      0.7865241728 a       294     0    20     1     9
     -0.1101723037 a       295     0    20     1    10
      0.7894500525 a       296     0    20     1    11
      0.1879474621 a       297     0    20     1    12
     -0.9340989616 a       298     0    20     1    13
      0.9601635373 a       299     0    20     1    14
     -0.4602570667 a       300     0    20     1    15
      0.5450853491 a       301     0    21     1     1
     -0.4194450762 a       302     0    21     1     2
      0.1350489598 a       303     0    21     1     3
     -0.7990823781 a       304     0    21     1     4
      0.9966775309 a       305     0    21     1     5
      0.3036602975 a       306     0    21     1     6
      0.7964456824 a       307     0    21     1     7
      0.3538120829 a       308     0    21     1     8
      0.4761246977 a       309     0    21     1     9
     -0.2352986906 a       310     0    21     1    10
     -0.8857956623 a       311     0    21     1    11
     -0.3547632872 a       312     0    21     1    12
     -0.4972002898 a       313     0    21     1    13
      0.2841915641 a       314     0    21     1    14
      0.6912822314 a       315     0    21     1    15
      0.1496138704 a       316     0    22     1     1
     -0.1999168256 a       317     0    22     1     2
      0.9760502238 a       318     0    22     1     3
     -0.4448009793 a       319     0    22     1     4
      0.9714865334 a       320     0    22     1     5
      0.9807814999 a       321     0    22     1     6
     -0.3862145003 a       322     0    22     1     7
     -0.2414109254 a       323     0    22     1     8
     -0.2289252172 a       324     0    22     1     9
      0.5242542683 a       325     0    22     1    10
     -0.3401013180 a       326     0    22     1    11
     -0.4064096670 a       327     0    22     1    12
      0.2848600134 a       328     0    22     1    13
     -0.4279132062 a       329     0    22     1    14
     -0.2349257586 a       330     0    22     1    15
     -0.6122863355 a       331     0    23     1     1
      0.7614042564 a       332     0    23     1     2
     -0.0031858577 a       333     0    23     1     3
      0.6292128896 a       334     0    23     1     4
     -0.9476119005 a       335     0    23     1     5
      0.0398565315 a       336     0    23     1     6
      0.8438001672 a       337     0    23     1     7
      0.2134138328 a       338     0    23     1     8
     -0.1649012967 a       339     0    23     1     9
      0.0091161983 a       340     0    23     1    10
     -0.0083380612 a       341     0    23     1    11
     -0.8440903092 a       342     0    23     1    12
      0.6841609229 a       343     0    23     1    13
      0.4570014060 a       344     0    23     1    14
     -0.9475869432 a       345     0    23     1    15
     -0.1031495037 a       346     0    24     1     1
      0.9710653267 a       347     0    24     1     2
      0.1168322993 a       348     0    24     1     3
     -0.7695957499 a       349     0    24     1     4
     -0.3905355085 a       350     0    24     1     5
      0.5324928207 a       351     0    24     1     6
     -0.2364243724 a       352     0    24     1     7
      0.3870889522 a       353     0    24     1     8
     -0.6215014881 a       354     0    24     1     9
      0.0214363381 a       355     0    24     1    10
     -0.1279724293 a       356     0    24     1    11
      0.1508435529 a       357     0    24     1    12
     -0.6467295851 a       358     0    24     1    13
     -0.2530040751 a       359     0    24     1    14
      0.3631058001 a       360     0    24     1    15
      0.0330006615 a       361     0    25     1     1
      0.2296338120 a       362     0    25     1     2
     -0.8257512518 a       363     0    25     1     3
     -0.5566927357 a       364     0    25     1     4
     -0.1613280147 a       365     0    25     1     5
     -0.5012746193 a       366     0    25     1     6
      0.5222792426 a       367     0    25     1     7
      0.1920206168 a       368     0    25     1     8
     -0.4233811119 a       369     0    25     1     9
     -0.7623874368 a       370     0    25     1    10
     -0.9228074436 a       371     0    25     1    11
      0.2642686938 a       372     0    25     1    12
      0.7681058062 a       373     0    25     1    13
     -0.2422802400 a       374     0    25     1    14
     -0.4398356725 a       375     0    25     1    15
      0.6062787800 a       376     0    26     1     1
     -0.6923667731 a       377     0    26     1     2
      0.1216852493 a       378     0    26     1     3
      0.0590331425 a       379     0    26     1     4
      1.0096067232 a       380     0    26     1     5
     -0.4730406356 a       381     0    26     1     6
      0.5169897269 a       382     0    26     1     7
      0.3617318788 a       383     0    26     1     8
     -0.3005348803 a       384     0    26     1     9
      0.6479615704 a       385     0    26     1    10
     -0.1592110968 a       386     0    26     1    11
      0.0141457548 a       387     0    26     1    12
      0.7989557712 a       388     0    26     1    13
      0.7761057257 a       389     0    26     1    14
     -0.0698476435 a       390     0    26     1    15
      0.3098098632 a       391     0    27     1     1
      0.9506933654 a       392     0    27     1     2
      0.9069177074 a       393     0    27     1     3
      0.2958849971 a       394     0    27     1     4
      0.3079203745 a       395     0    27     1     5
     -0.8688888189 a       396     0    27     1     6
     -0.6501405048 a       397     0    27     1     7
     -0.2697491737 a       398     0    27     1     8
      0.1657106603 a       399     0    27     1     9
     -0.4296533769 a       400     0    27     1    10
     -0.7473829485 a       401     0    27     1    11
     -0.0530676464 a       402     0    27     1    12
      0.2351559600 a       403     0    27     1    13
      0.3477980690 a       404     0    27     1    14
      0.0345592981 a       405     0    27     1    15
     -0.0322775722 a       406     0    28     1     1
     -0.6780795528 a       407     0    28     1     2
     -0.5580720493 a       408     0    28     1     3
     -0.5465798537 a       409     0    28     1     4
      0.4844103138 a       410     0    28     1     5
     -0.4567089424 a       411     0    28     1     6
      0.6325540575 a       412     0    28     1     7
     -0.4536036149 a       413     0    28     1     8
      0.0895891385 a       414     0    28     1     9
      0.4648023470 a       415     0    28     1    10
     -0.6694057309 a       416     0    28     1    11
     -0.5604044755 a       417     0    28     1    12
      0.7127702151 a       418     0    28     1    13
     -0.9474173936 a       419     0    28     1    14
      0.2527471156 a       420     0    28     1    15
      0.9263754751 a       421     0    29     1     1
     -0.7209421106 a       422     0    29     1     2
     -0.8560162932 a       423     0    29     1     3
     -0.6630954269 a       424     0    29     1     4
      0.4898098324 a       425     0    29     1     5
     -0.1858174250 a       426     0    29     1     6
     -0.4186820654 a       427     0    29     1     7
      0.6831967761 a       428     0    29     1     8
     -0.9117059439 a       429     0    29     1     9
      0.3492555466 a       430     0    29     1    10
     -0.8864306737 a       431     0    29     1    11
      0.4065700020 a       432     0    29     1    12
     -0.2464559754 a       433     0    29     1    13
     -0.8065162927 a       434     0    29     1    14
     -0.6278830700 a       435     0    29     1    15
     -0.0931336394 a       436     0    30     1     1
     -0.5922689054 a       437     0    30     1     2
     -0.0189277062 a       438     0    30     1     3
     -0.7259319798 a       439     0    30     1     4
     -0.6802139480 a       440     0    30     1     5
     -0.1005881830 a       441     0    30     1     6
     -0.5040833032 a       442     0    30     1     7
     -0.1315353260 a       443     0    30     1     8
     -0.7745754169 a       444     0    30     1     9
     -0.3370920588 a       445     0    30     1    10
     -0.4880508799 a       446     0    30     1    11
      0.8134361521 a       447     0    30     1    12
     -0.1197988605 a       448     0    30     1    13
      0.7082896714 a       449     0    30     1    14
      1.0053196429 a       450     0    30     1    15
      0.8937630685 b       451     1     1
     -0.0431365319 b       452     1     2
      0.4584286832 b       453     1     3
     -0.2040403718 b       454     1     4
      0.2752287511 b       455     1     5
     -1.0145694482 b       456     1     6
     -0.6360943544 b       457     1     7
      0.4041737692 b       458     1     8
      1.1183467312 b       459     1     9
     -0.9280736039 b       460     1    10
      0.7578674950 b       461     1    11
     -0.1281078773 b       462     1    12
      0.6345837606 b       463     1    13
     -0.6992582241 b       464     1    14
     -0.9902023525 b       465     1    15
     -0.3200787868 a       466     1     1     2     1
     -0.8560963692 a       467     1     1     2     2
     -0.9767523790 a       468     1     1     2     3
     -0.0709270683 a       469     1     1     2     4
      0.6049423222 a       470     1     1     2     5
      0.2239104738 a       471     1     1     2     6
      0.2543940521 a       472     1     1     2     7
      0.9783278714 a       473     1     1     2     8
     -0.2743075248 a       474     1     1     2     9
      0.6058483913 a       475     1     1     2    10
      0.9824938269 a       476     1     1     2    11
     -0.9372386883 a       477     1     1     2    12
     -0.2117503805 a       478     1     1     2    13
      0.1858631540 a       479     1     1     2    14
      0.3342794746 a       480     1     1     2    15
     -0.2625571191 a       481     1     2     2     1
     -0.4268934925 a       482     1     2     2     2
      0.7422699180 a       483     1     2     2     3
      0.4252034520 a       484     1     2     2     4
      0.8010201960 a       485     1     2     2     5
     -0.5791168396 a       486     1     2     2     6
     -0.5599831764 a       487     1     2     2     7
     -0.5298339989 a       488     1     2     2     8
     -0.0218151620 a       489     1     2     2     9
     -0.9847336869 a       490     1     2     2    10
     -0.3066369466 a       491     1     2     2    11
     -0.2229746534 a       492     1     2     2    12
      0.0283696418 a       493     1     2     2    13
     -0.4581548019 a       494     1     2     2    14
      0.4707779174 a       495     1     2     2    15
     -0.7074419961 a       496     1     3     2     1
     -0.3913476379 a       497     1     3     2     2
     -0.5705955941 a       498     1     3     2     3
     -0.6518788943 a       499     1     3     2     4
      0.3486144956 a       500     1     3     2     5
      0.2533975933 a       501     1     3     2     6
      0.5708927126 a       502     1     3     2     7
     -0.8313317789 a       503     1     3     2     8
      0.8041325889 a       504     1     3     2     9
      0.9022784099 a       505     1     3     2    10
      0.7595402135 a       506     1     3     2    11
     -0.0433855838 a       507     1     3     2    12
     -0.5479151381 a       508     1     3     2    13
     -0.2439378404 a       509     1     3     2    14
     -0.0585876576 a       510     1     3     2    15
     -0.8788738839 a       511     1     4     2     1
      0.2812911737 a       512     1     4     2     2
     -0.7085682449 a       513     1     4     2     3
      0.5229193502 a       514     1     4     2     4
      0.8419958919 a       515     1     4     2     5
     -0.2508984201 a       516     1     4     2     6
     -0.5651183943 a       517     1     4     2     7
     -0.7909326473 a       518     1     4     2     8
      0.6594789741 a       519     1     4     2     9
      0.8966666567 a       520     1     4     2    10
     -0.8226539750 a       521     1     4     2    11
      0.7795198662 a       522     1     4     2    12
     -0.8131148467 a       523     1     4     2    13
     -0.7405737039 a       524     1     4     2    14
     -0.1588910387 a       525     1     4     2    15
     -0.5069478661 a       526     1     5     2     1
      0.5863344817 a       527     1     5     2     2
     -0.8281633591 a       528     1     5     2     3
      0.0033126255 a       529     1     5     2     4
      0.7788972667 a       530     1     5     2     5
     -0.0369936911 a       531     1     5     2     6
     -0.1971514920 a       532     1     5     2     7
      0.2012178385 a       533     1     5     2     8
     -0.3472029550 a       534     1     5     2     9
      0.7840941130 a       535     1     5     2    10
     -0.6184500278 a       536     1     5     2    11
     -0.6268852104 a       537     1     5     2    12
      0.4182909850 a       538     1     5     2    13
     -0.6177782979 a       539     1     5     2    14
     -0.0329146722 a       540     1     5     2    15
      0.6804214035 a       541     1     6     2     1
      0.0348364635 a       542     1     6     2     2
      0.4845979445 a       543     1     6     2     3
      0.3608123646 a       544     1     6     2     4
      0.8005012211 a       545     1     6     2     5
     -0.1710648324 a       546     1     6     2     6
     -0.1323003661 a       547     1     6     2     7
      0.2192453723 a       548     1     6     2     8
      0.5225816885 a       549     1     6     2     9
      0.5620647998 a       550     1     6     2    10
     -0.3310223764 a       551     1     6     2    11
      0.3707640931 a       552     1     6     2    12
     -0.8645229800 a       553     1     6     2    13
     -0.4989797366 a       554     1     6     2    14
      0.4873633300 a       555     1     6     2    15
      0.4183484252 a       556     1     7     2     1
     -0.8202986344 a       557     1     7     2     2
     -0.5275359843 a       558     1     7     2     3
     -1.0313365696 a       559     1     7     2     4
      0.8391302462 a       560     1     7     2     5
      0.2229156487 a       561     1     7     2     6
     -0.9084999816 a       562     1     7     2     7
      0.9602155344 a       563     1     7     2     8
     -0.4683435383 a       564     1     7     2     9
     -0.0730308159 a       565     1     7     2    10
      0.8023749736 a       566     1     7     2    11
     -0.2453497556 a       567     1     7     2    12
     -0.3830690270 a       568     1     7     2    13
      0.1753480793 a       569     1     7     2    14
      0.0396838926 a       570     1     7     2    15
     -0.0586864572 a       571     1     8     2     1
     -0.8477135849 a       572     1     8     2     2
     -0.0605535343 a       573     1     8     2     3
      0.4964446685 a       574     1     8     2     4
      0.1248170847 a       575     1     8     2     5
     -0.3934509597 a       576     1     8     2     6
      0.5859678490 a       577     1     8     2     7
      0.3246788067 a       578     1     8     2     8
      0.8554302329 a       579     1     8     2     9
      0.4796159541 a       580     1     8     2    10
     -0.5348473316 a       581     1     8     2    11
     -0.5024544633 a       582     1     8     2    12
     -0.2583715986 a       583     1     8     2    13
     -0.7685943106 a       584     1     8     2    14
      0.5898848128 a       585     1     8     2    15
      0.3696922392 a       586     1     9     2     1
      0.1309281343 a       587     1     9     2     2
      0.2878416160 a       588     1     9     2     3
      1.0198449920 a       589     1     9     2     4
     -0.0192652655 a       590     1     9     2     5
      0.9953575245 a       591     1     9     2     6
     -0.2596522959 a       592     1     9     2     7
      0.3246610254 a       593     1     9     2     8
     -0.8273472280 a       594     1     9     2     9
     -0.9684147888 a       595     1     9     2    10
     -0.3142624625 a       596     1     9     2    11
     -0.3319066200 a       597     1     9     2    12
     -0.7559233714 a       598     1     9     2    13
     -0.5193494281 a       599     1     9     2    14
      0.2007830244 a       600     1     9     2    15
     -0.2308819274 a       601     1    10     2     1
     -0.1477271605 a       602     1    10     2     2
     -0.4632293327 a       603     1    10     2     3
      0.4978647616 a       604     1    10     2     4
      0.2620338757 a       605     1    10     2     5
      0.8627634168 a       606     1    10     2     6
      0.9472523439 a       607     1    10     2     7
      0.6327618320 a       608     1    10     2     8
     -0.4775176074 a       609     1    10     2     9
     -0.8023012560 a       610     1    10     2    10
      0.7452516329 a       611     1    10     2    11
      0.4401933960 a       612     1    10     2    12
     -0.7821913196 a       613     1    10     2    13
      0.7633102010 a       614     1    10     2    14
      0.0616114883 a       615     1    10     2    15
     -0.0356388243 a       616     1    11     2     1
     -0.9297057013 a       617     1    11     2     2
     -0.2072995001 a       618     1    11     2     3
     -0.9380053181 a       619     1    11     2     4
      0.3942837615 a       620     1    11     2     5
     -0.0084281602 a       621     1    11     2     6
      0.5519734967 a       622     1    11     2     7
      0.4930348915 a       623     1    11     2     8
     -0.0978952852 a       624     1    11     2     9
      0.2377365708 a       625     1    11     2    10
     -0.8529961639 a       626     1    11     2    11
      0.2119246883 a       627     1    11     2    12
      0.1624314719 a       628     1    11     2    13
      0.5702735787 a       629     1    11     2    14
     -0.6875158022 a       630     1    11     2    15
      0.1067066735 a       631     1    12     2     1
      0.5577119361 a       632     1    12     2     2
      0.4245533833 a       633     1    12     2     3
      0.5932408383 a       634     1    12     2     4
      0.9188272963 a       635     1    12     2     5
      0.5863945933 a       636     1    12     2     6
     -0.0127184375 a       637     1    12     2     7
     -0.7528099817 a       638     1    12     2     8
     -0.5221844086 a       639     1    12     2     9
     -0.4985823033 a       640     1    12     2    10
      0.7062892355 a       641     1    12     2    11
      0.5917197997 a       642     1    12     2    12
      0.8302325912 a       643     1    12     2    13
      0.1403609048 a       644     1    12     2    14
      0.6266005320 a       645     1    12     2    15
      0.8751771288 a       646     1    13     2     1
      0.2167757381 a       647     1    13     2     2
      0.6660064387 a       648     1    13     2     3
     -0.8611244962 a       649     1    13     2     4
     -0.4869367268 a       650     1    13     2     5
     -0.2517878908 a       651     1    13     2     6
     -0.7624116622 a       652     1    13     2     7
     -0.2223962101 a       653     1    13     2     8
      0.4554539158 a       654     1    13     2     9
     -0.4333439471 a       655     1    13     2    10
     -0.1323959439 a       656     1    13     2    11
      0.4813711319 a       657     1    13     2    12
      0.3665794392 a       658     1    13     2    13
      0.0285545938 a       659     1    13     2    14
      0.2073948921 a       660     1    13     2    15
     -0.7184614469 a       661     1    14     2     1
     -0.0752700542 a       662     1    14     2     2
     -0.1849711869 a       663     1    14     2     3
      0.6310120895 a       664     1    14     2     4
     -0.9349960815 a       665     1    14     2     5
      0.1364956989 a       666     1    14     2     6
      0.8317791506 a       667     1    14     2     7
      0.4636822117 a       668     1    14     2     8
     -0.3410001613 a       669     1    14     2     9
      0.7680728942 a       670     1    14     2    10
      0.5287316688 a       671     1    14     2    11
      0.5224483142 a       672     1    14     2    12
      0.6884496855 a       673     1    14     2    13
      0.5440123748 a       674     1    14     2    14
      0.1613182746 a       675     1    14     2    15
     -0.0243654338 a       676     1    15     2     1
     -0.1609625033 a       677     1    15     2     2
     -0.3006039493 a       678     1    15     2     3
     -0.6313416840 a       679     1    15     2     4
      0.2033064845 a       680     1    15     2     5
     -0.8715269613 a       681     1    15     2     6
      0.3123840519 a       682     1    15     2     7
      0.6665262183 a       683     1    15     2     8
      0.9187434027 a       684     1    15     2     9
     -0.4206821379 a       685     1    15     2    10
     -0.2783287621 a       686     1    15     2    11
     -0.3838351793 a       687     1    15     2    12
      0.0812858405 a       688     1    15     2    13
     -0.5002358987 a       689     1    15     2    14
     -0.3066479321 a       690     1    15     2    15
     -0.3547437629 b       691     2     1
     -0.8877050642 b       692     2     2
      0.7712619581 b       693     2     3
     -0.1072191911 b       694     2     4
      0.2739574892 b       695     2     5
      0.7221226901 b       696     2     6
      0.0664345943 b       697     2     7
      0.7927670863 b       698     2     8
     -0.1228744157 b       699     2     9
     -0.2439532706 b       700     2    10
      0.3080737807 b       701     2    11
     -0.7531130607 b       702     2    12
     -0.8673000623 b       703     2    13
      0.6046283016 b       704     2    14
     -0.6488519193 b       705     2    15
     -0.9200422984 a       706     2     1     3     1
     -0.6499282568 a       707     2     2     3     1
      0.6937329177 a       708     2     3     3     1
     -0.3401379072 a       709     2     4     3     1
      0.5800262727 a       710     2     5     3     1
      0.3948287216 a       711     2     6     3     1
     -0.3510247517 a       712     2     7     3     1
     -0.3000505846 a       713     2     8     3     1
     -0.5094933079 a       714     2     9     3     1
      0.2756778724 a       715     2    10     3     1
      0.8290352063 a       716     2    11     3     1
      0.2281281246 a       717     2    12     3     1
     -0.0205944987 a       718     2    13     3     1
      0.1715777518 a       719     2    14     3     1
      0.0846666477 a       720     2    15     3     1
     -0.6260398683 b       721     3     1
