     -0.9244188806 a         1     0     1     1     1
     -0.1386452986 a         2     0     1     1     2
      0.3990172914 a         3     0     1     1     3
      0.5790568238 a         4     0     1     1     4
      0.9290757690 a         5     0     1     1     5
     -0.7671918876 a         6     0     1     1     6
      0.8463398130 a         7     0     1     1     7
     -0.7352022461 a         8     0     1     1     8
      0.4266879518 a         9     0     1     1     9
     -0.3062158577 a        10     0     1     1    10
      0.4430976608 a        11     0     1     1    11
     -0.9098331289 a        12     0     1     1    12
      0.8823293544 a        13     0     1     1    13
      0.5320711174 a        14     0     1     1    14
      0.1879989631 a        15     0     1     1    15
     -0.5609002714 a        16     0     2     1     1
     -0.8220415604 a        17     0     2     1     2
     -0.5854477501 a        18     0     2     1     3
     -0.7990760788 a        19     0     2     1     4
     -0.8694362320 a        20     0     2     1     5
      0.5992928099 a        21     0     2     1     6
      0.4876897705 a        22     0     2     1     7
     -0.8381131386 a        23     0     2     1     8
      0.5859308742 a        24     0     2     1     9
     -0.2255128997 a        25     0     2     1    10
     -0.9350977776 a        26     0     2     1    11
      0.6740896975 a        27     0     2     1    12
      0.8134749987 a        28     0     2     1    13
      0.1750302129 a        29     0     2     1    14
     -0.3579132602 a        30     0     2     1    15
     -0.5379136517 a        31     0     3     1     1
     -0.8147819034 a        32     0     3     1     2
      0.7304764747 a        33     0     3     1     3
      0.7676416784 a        34     0     3     1     4
     -0.2722383184 a        35     0     3     1     5
     -0.1097507410 a        36     0     3     1     6
     -0.3923680889 a        37     0     3     1     7
      0.8032929513 a        38     0     3     1     8
     -0.9599609295 a        39     0     3     1     9
     -0.0751978430 a        40     0     3     1    10
      0.7790224865 a        41     0     3     1    11
      1.0207310716 a        42     0     3     1    12
      0.6925353917 a        43     0     3     1    13
      0.9774582895 a        44     0     3     1    14
     -0.0533456698 a        45     0     3     1    15
     -0.9207725492 a        46     0     4     1     1
     -0.2638108364 a        47     0     4     1     2
      0.0861568231 a        48     0     4     1     3
      0.5492197891 a        49     0     4     1     4
      0.0142638032 a        50     0     4     1     5
     -0.4395756375 a        51     0     4     1     6
      0.2702826884 a        52     0     4     1     7
     -0.3112020899 a        53     0     4     1     8
      0.2727938736 a        54     0     4     1     9
     -0.4346091346 a        55     0     4     1    10
     -0.9344991966 a        56     0     4     1    11
     -0.5736171857 a        57     0     4     1    12
      0.4513642363 a        58     0     4     1    13
     -0.5959413813 a        59     0     4     1    14
     -0.0540112748 a        60     0     4     1    15
      0.1169033497 a        61     0     5     1     1
      0.4976388414 a        62     0     5     1     2
      0.6152212902 a        63     0     5     1     3
      0.2568408736 a        64     0     5     1     4
      0.0347967723 a        65     0     5     1     5
     -0.4354003480 a        66     0     5     1     6
     -0.8826912697 a        67     0     5     1     7
      0.7800402452 a        68     0     5     1     8
      0.0010254624 a        69     0     5     1     9
     -0.2649446900 a        70     0     5     1    10
     -0.5829434458 a        71     0     5     1    11
     -0.3991049305 a        72     0     5     1    12
      0.1387006115 a        73     0     5     1    13
      0.7880551828 a        74     0     5     1    14
     -0.0858710188 a        75     0     5     1    15
      0.8792041093 a        76     0     6     1     1
     -0.8719763237 a        77     0     6     1     2
     -0.9114397374 a        78     0     6     1     3
     -0.5762804058 a        79     0     6     1     4
      0.2520818231 a        80     0     6     1     5
     -0.5660015016 a        81     0     6     1     6
     -0.6080023103 a        82     0     6     1     7
      0.2568469552 a        83     0     6     1     8
     -0.7631168658 a        84     0     6     1     9
      0.5802966356 a        85     0     6     1    10
     -0.2868551142 a        86     0     6     1    11
      0.4986665773 a        87     0     6     1    12
     -0.7116518046 a        88     0     6     1    13
      0.4704126105 a        89     0     6     1    14
      0.6469019151 a        90     0     6     1    15
     -0.7194402179 a        91     0     7     1     1
     -0.8079288909 a        92     0     7     1     2
      0.7992975207 a        93     0     7     1     3
     -0.5949858175 a        94     0     7     1     4
      0.2699715448 a        95     0     7     1     5
      0.3384516702 a        96     0     7     1     6
     -0.3741517686 a        97     0     7     1     7
     -0.5104936925 a        98     0     7     1     8
      0.0769676192 a        99     0     7     1     9
     -0.5124624045 a       100     0     7     1    10
     -0.6056175152 a       101     0     7     1    11
     -0.4818101878 a       102     0     7     1    12
      0.1957782576 a       103     0     7     1    13
     -0.9055405957 a       104     0     7     1    14
      0.7857170842 a       105     0     7     1    15
     -0.0210960069 a       106     0     8     1     1
      0.5291346720 a       107     0     8     1     2
      0.9275447834 a       108     0     8     1     3
     -0.7508530652 a       109     0     8     1     4
      0.5319074796 a       110     0     8     1     5
      0.9760287046 a       111     0     8     1     6
     -0.5779529759 a       112     0     8     1     7
     -0.1418953907 a       113     0     8     1     8
     -0.6223621374 a       114     0     8     1     9
     -0.5518275690 a       115     0     8     1    10
      0.2759819946 a       116     0     8     1    11
     -0.1236130163 a       117     0     8     1    12
     -0.4641409781 a       118     0     8     1    13
      0.7509199504 a       119     0     8     1    14
     -0.5283308597 a       120     0     8     1    15
      0.0476616662 a       121     0     9     1     1
      0.9653259794 a       122     0     9     1     2
      0.0296195669 a       123     0     9     1     3
      0.5695797321 a       124     0     9     1     4
      0.5344827730 a       125     0     9     1     5
     -0.3751912600 a       126     0     9     1     6
     -0.3902044210 a       127     0     9     1     7
      0.6853623557 a       128     0     9     1     8
      0.0348460848 a       129     0     9     1     9
      0.1372495765 a       130     0     9     1    10
     -0.0077775265 a       131     0     9     1    11
     -0.4060937052 a       132     0     9     1    12
      0.9505294034 a       133     0     9     1    13
      0.0394432165 a       134     0     9     1    14
      0.2709756278 a       135     0     9     1    15
     -0.7228742877 a       136     0    10     1     1
     -0.1187879110 a       137     0    10     1     2
      0.8347220220 a       138     0    10     1     3
      0.3471373220 a       139     0    10     1     4
      0.1160499991 a       140     0    10     1     5
     -0.7491705860 a       141     0    10     1     6
     -0.5517254737 a       142     0    10     1     7
      0.7698050916 a       143     0    10     1     8
      0.5830933641 a       144     0    10     1     9
     -0.0431398279 a       145     0    10     1    10
      0.2613639333 a       146     0    10     1    11
      0.2659701473 a       147     0    10     1    12
      0.0200410518 a       148     0    10     1    13
     -0.2454650260 a       149     0    10     1    14
      0.1985062598 a       150     0    10     1    15
      0.4121223523 a       151     0    11     1     1
     -0.7659046662 a       152     0    11     1     2
     -0.6880539805 a       153     0    11     1     3
      0.0324582763 a       154     0    11     1     4
      0.8429682140 a       155     0    11     1     5
     -0.8759403387 a       156     0    11     1     6
      0.0473897565 a       157     0    11     1     7
     -0.4543984067 a       158     0    11     1     8
      0.2799543832 a       159     0    11     1     9
      0.8817506094 a       160     0    11     1    10
     -0.6061309657 a       161     0    11     1    11
     -0.5919967253 a       162     0    11     1    12
      0.1571029233 a       163     0    11     1    13
     -0.5850119773 a       164     0    11     1    14
     -0.5200162291 a       165     0    11     1    15
      0.1739590999 a       166     0    12     1     1
     -0.0190276848 a       167     0    12     1     2
      0.8254968593 a       168     0    12     1     3
      0.3115090585 a       169     0    12     1     4
     -0.8366843796 a       170     0    12     1     5
      0.3189426111 a       171     0    12     1     6
     -0.6368596408 a       172     0    12     1     7
     -0.9884691089 a       173     0    12     1     8
     -0.1029121299 a       174     0    12     1     9
      0.0128232229 a       175     0    12     1    10
      0.8342159979 a       176     0    12     1    11
      0.1642330160 a       177     0    12     1    12
      0.4867233876 a       178     0    12     1    13
      0.4263065421 a       179     0    12     1    14
      0.4278958764 a       180     0    12     1    15
     -0.7956327363 a       181     0    13     1     1
      0.7436368807 a       182     0    13     1     2
      0.3386782251 a       183     0    13     1     3
      0.5224104909 a       184     0    13     1     4
      0.7609913354 a       185     0    13     1     5
      0.5118059855 a       186     0    13     1     6
      0.8125892518 a       187     0    13     1     7
     -0.5534628117 a       188     0    13     1     8
      0.0139210891 a       189     0    13     1     9
      0.6377893300 a       190     0    13     1    10
     -0.7271617329 a       191     0    13     1    11
     -0.6415337469 a       192     0    13     1    12
      0.7823825208 a       193     0    13     1    13
     -0.7826420415 a       194     0    13     1    14
      0.4673422639 a       195     0    13     1    15
      0.7799377057 a       196     0    14     1     1
      0.6939315681 a       197     0    14     1     2
     -0.9241089137 a       198     0    14     1     3
     -0.0741182849 a       199     0    14     1     4
      0.0162484259 a       200     0    14     1     5
     -0.1434966216 a       201     0    14     1     6
      0.8468127249 a       202     0    14     1     7
     -0.6896513201 a       203     0    14     1     8
      0.1339121050 a       204     0    14     1     9
      0.6915705523 a       205     0    14     1    10
     -0.1266135159 a       206     0    14     1    11
     -0.6689675842 a       207     0    14     1    12
     -0.5622947567 a       208     0    14     1    13
      0.1520413289 a       209     0    14     1    14
     -0.5932030953 a       210     0    14     1    15
      0.4686205986 a       211     0    15     1     1
     -0.9244308146 a       212     0    15     1     2
      0.7323975317 a       213     0    15     1     3
      0.0150373009 a       214     0    15     1     4
      0.3400377621 a       215     0    15     1     5
     -0.5233751158 a       216     0    15     1     6
      0.2725774629 a       217     0    15     1     7
     -0.3809536967 a       218     0    15     1     8
     -0.8209066464 a       219     0    15     1     9
      0.8497847013 a       220     0    15     1    10
     -0.6020195755 a       221     0    15     1    11
     -0.0500952364 a       222     0    15     1    12
      0.3906189621 a       223     0    15     1    13
      0.0777693878 a       224     0    15     1    14
      0.0978524632 a       225     0    15     1    15
     -0.9105326893 a       226     0    16     1     1
     -0.0520632831 a       227     0    16     1     2
     -0.4268740773 a       228     0    16     1     3
      0.5614506116 a       229     0    16     1     4
     -0.2802976958 a       230     0    16     1     5
      0.3710436703 a       231     0    16     1     6
      0.8836509378 a       232     0    16     1     7
      0.6715678051 a       233     0    16     1     8
      0.1228612292 a       234     0    16     1     9
     -0.9900830251 a       235     0    16     1    10
     -0.2072752577 a       236     0    16     1    11
     -0.0923155512 a       237     0    16     1    12
     -0.7809257087 a       238     0    16     1    13
     -0.3302792896 a       239     0    16     1    14
      0.0006958724 a       240     0    16     1    15
     -0.4768863871 a       241     0    17     1     1
      0.7640556875 a       242     0    17     1     2
      0.9449189371 a       243     0    17     1     3
     -0.4306987269 a       244     0    17     1     4
     -0.3422908851 a       245     0    17     1     5
      0.9085829899 a       246     0    17     1     6
      0.8732257252 a       247     0    17     1     7
      0.4253383877 a       248     0    17     1     8
     -0.3807370696 a       249     0    17     1     9
     -0.1342452320 a       250     0    17     1    10
     -0.2395443918 a       251     0    17     1    11
     -0.5951218568 a       252     0    17     1    12
     -0.6493183427 a       253     0    17     1    13
     -0.4123502398 a       254     0    17     1    14
     -0.3275646745 a       255     0    17     1    15
      0.8203551430 a       256     0    18     1     1
     -0.6677014486 a       257     0    18     1     2
     -0.7022107373 a       258     0    18     1     3
      0.1365785977 a       259     0    18     1     4
     -0.0813877858 a       260     0    18     1     5
      0.8102935123 a       261     0    18     1     6
     -0.4902455780 a       262     0    18     1     7
      0.8355625461 a       263     0    18     1     8
      0.8101369879 a       264     0    18     1     9
      0.6841096636 a       265     0    18     1    10
     -0.5611589667 a       266     0    18     1    11
      0.3764028946 a       267     0    18     1    12
      0.3477693647 a       268     0    18     1    13
      0.4767704991 a       269     0    18     1    14
     -0.0131748771 a       270     0    18     1    15
     -0.1724151700 a       271     0    19     1     1
      0.4747568814 a       272     0    19     1     2
     -0.2098231500 a       273     0    19     1     3
     -0.7102634576 a       274     0    19     1     4
      0.8309434559 a       275     0    19     1     5
      0.7029355177 a       276     0    19     1     6
     -0.0683724433 a       277     0    19     1     7
     -0.8450328889 a       278     0    19     1     8
      0.2978063734 a       279     0    19     1     9
     -0.3103710945 a       280     0    19     1    10
     -0.9920374757 a       281     0    19     1    11
      0.0775699421 a       282     0    19     1    12
     -0.6997293143 a       283     0    19     1    13
      0.5722475853 a       284     0    19     1    14
      0.7170428709 a       285     0    19     1    15
     -0.2757216266 a       286     0    20     1     1
     -0.5210013403 a       287     0    20     1     2
      0.1139174640 a       288     0    20     1     3
      0.4051284834 a       289     0    20     1     4
     -0.3791766612 a       290     0    20     1     5
     -0.7215510278 a       291     0    20     1     6
      0.1872344312 a       292     0    20     1     7
     -0.3391256684 a       293     0    20     1     8
      0.7814924058 a       294     0    20     1     9
     -0.1097433181 a       295     0    20     1    10
      0.7856074991 a       296     0    20     1    11
      0.1939603710 a       297     0    20     1    12
     -0.9393282433 a       298     0    20     1    13
      0.9670005669 a       299     0    20     1    14
     -0.4596191832 a       300     0    20     1    15
      0.5446528175 a       301     0    21     1     1
     -0.4152816852 a       302     0    21     1     2
      0.1508919109 a       303     0    21     1     3
     -0.8093521510 a       304     0    21     1     4
      0.9860411285 a       305     0    21     1     5
      0.3043951962 a       306     0    21     1     6
      0.7976016890 a       307     0    21     1     7
      0.3716394329 a       308     0    21     1     8
      0.4702957776 a       309     0    21     1     9
     -0.2276418915 a       310     0    21     1    10
     -0.8851098763 a       311     0    21     1    11
     -0.3706586702 a       312     0    21     1    12
     -0.4966640173 a       313     0    21     1    13
      0.2871682835 a       314     0    21     1    14
      0.7028711827 a       315     0    21     1    15
      0.1478893855 a       316     0    22     1     1
     -0.2018215517 a       317     0    22     1     2
      0.9851838772 a       318     0    22     1     3
     -0.4432211555 a       319     0    22     1     4
      0.9706817779 a       320     0    22     1     5
      0.9823088847 a       321     0    22     1     6
     -0.4016132359 a       322     0    22     1     7
     -0.2282345498 a       323     0    22     1     8
     -0.2311527217 a       324     0    22     1     9
      0.5250244195 a       325     0    22     1    10
     -0.3381947567 a       326     0    22     1    11
     -0.4185278707 a       327     0    22     1    12
      0.2797448130 a       328     0    22     1    13
     -0.4254505872 a       329     0    22     1    14
     -0.2233163163 a       330     0    22     1    15
     -0.6047446660 a       331     0    23     1     1
      0.7653749445 a       332     0    23     1     2
     -0.0053573891 a       333     0    23     1     3
      0.6167568404 a       334     0    23     1     4
     -0.9626509237 a       335     0    23     1     5
      0.0357400765 a       336     0    23     1     6
      0.8513409397 a       337     0    23     1     7
      0.2209752654 a       338     0    23     1     8
     -0.1663402739 a       339     0    23     1     9
      0.0146834838 a       340     0    23     1    10
     -0.0058255646 a       341     0    23     1    11
     -0.8645897060 a       342     0    23     1    12
      0.6888087592 a       343     0    23     1    13
      0.4707175428 a       344     0    23     1    14
     -0.9453568615 a       345     0    23     1    15
     -0.0914195541 a       346     0    24     1     1
      0.9778807654 a       347     0    24     1     2
      0.1170186150 a       348     0    24     1     3
     -0.7838605674 a       349     0    24     1     4
     -0.4063944148 a       350     0    24     1     5
      0.5276133246 a       351     0    24     1     6
     -0.2277558565 a       352     0    24     1     7
      0.3873921804 a       353     0    24     1     8
     -0.6237766308 a       354     0    24     1     9
      0.0266676075 a       355     0    24     1    10
     -0.1276971790 a       356     0    24     1    11
      0.1396595557 a       357     0    24     1    12
     -0.6424284421 a       358     0    24     1    13
     -0.2351802764 a       359     0    24     1    14
      0.3610017083 a       360     0    24     1    15
      0.0415409731 a       361     0    25     1     1
      0.2312894094 a       362     0    25     1     2
     -0.8338560999 a       363     0    25     1     3
     -0.5719206678 a       364     0    25     1     4
     -0.1739156389 a       365     0    25     1     5
     -0.5041855038 a       366     0    25     1     6
      0.5249638367 a       367     0    25     1     7
      0.1967227186 a       368     0    25     1     8
     -0.4234677604 a       369     0    25     1     9
     -0.7589165079 a       370     0    25     1    10
     -0.9239588782 a       371     0    25     1    11
      0.2519273417 a       372     0    25     1    12
      0.7697505000 a       373     0    25     1    13
     -0.2252223270 a       374     0    25     1    14
     -0.4398778265 a       375     0    25     1    15
      0.6108125679 a       376     0    26     1     1
     -0.6971859617 a       377     0    26     1     2
      0.1145395515 a       378     0    26     1     3
      0.0569731205 a       379     0    26     1     4
      1.0040809503 a       380     0    26     1     5
     -0.4737982243 a       381     0    26     1     6
      0.5142588030 a       382     0    26     1     7
      0.3711370881 a       383     0    26     1     8
     -0.2976829323 a       384     0    26     1     9
      0.6502389494 a       385     0    26     1    10
     -0.1551487632 a       386     0    26     1    11
     -0.0070665865 a       387     0    26     1    12
      0.7970211229 a       388     0    26     1    13
      0.7875118479 a       389     0    26     1    14
     -0.0627766986 a       390     0    26     1    15
      0.3146392409 a       391     0    27     1     1
      0.9470074268 a       392     0    27     1     2
      0.9006307706 a       393     0    27     1     3
      0.2781827181 a       394     0    27     1     4
      0.2891515497 a       395     0    27     1     5
     -0.8705404090 a       396     0    27     1     6
     -0.6548253119 a       397     0    27     1     7
     -0.2581161047 a       398     0    27     1     8
      0.1654151595 a       399     0    27     1     9
     -0.4266521156 a       400     0    27     1    10
     -0.7459790594 a       401     0    27     1    11
     -0.0792581852 a       402     0    27     1    12
      0.2471687893 a       403     0    27     1    13
      0.3604263808 a       404     0    27     1    14
      0.0415894308 a       405     0    27     1    15
     -0.0269211946 a       406     0    28     1     1
     -0.6752929900 a       407     0    28     1     2
     -0.5620821298 a       408     0    28     1     3
     -0.5573926431 a       409     0    28     1     4
      0.4781314873 a       410     0    28     1     5
     -0.4596196906 a       411     0    28     1     6
      0.6296982074 a       412     0    28     1     7
     -0.4506300585 a       413     0    28     1     8
      0.0883467518 a       414     0    28     1     9
      0.4675239615 a       415     0    28     1    10
     -0.6724871379 a       416     0    28     1    11
     -0.5636435393 a       417     0    28     1    12
      0.7083934396 a       418     0    28     1    13
     -0.9352380263 a       419     0    28     1    14
      0.2525168059 a       420     0    28     1    15
      0.9311381904 a       421     0    29     1     1
     -0.7174728731 a       422     0    29     1     2
     -0.8671848220 a       423     0    29     1     3
     -0.6820207815 a       424     0    29     1     4
      0.4754577139 a       425     0    29     1     5
     -0.1911431285 a       426     0    29     1     6
     -0.4133172409 a       427     0    29     1     7
      0.6885510934 a       428     0    29     1     8
     -0.9131544271 a       429     0    29     1     9
      0.3544413885 a       430     0    29     1    10
     -0.8887881101 a       431     0    29     1    11
      0.3907132126 a       432     0    29     1    12
     -0.2376307305 a       433     0    29     1    13
     -0.7968086541 a       434     0    29     1    14
     -0.6294677817 a       435     0    29     1    15
     -0.0805572506 a       436     0    30     1     1
     -0.5919131240 a       437     0    30     1     2
     -0.0322720882 a       438     0    30     1     3
     -0.7291344634 a       439     0    30     1     4
     -0.6878035767 a       440     0    30     1     5
     -0.1048121507 a       441     0    30     1     6
     -0.4941962862 a       442     0    30     1     7
     -0.1351780638 a       443     0    30     1     8
     -0.7695506941 a       444     0    30     1     9
     -0.3344762624 a       445     0    30     1    10
     -0.4859021500 a       446     0    30     1    11
      0.8023609723 a       447     0    30     1    12
     -0.1225073440 a       448     0    30     1    13
      0.7253199229 a       449     0    30     1    14
      1.0027464065 a       450     0    30     1    15
      0.9013440934 b       451     1     1
     -0.0070928985 b       452     1     2
      0.5124415517 b       453     1     3
     -0.2356553091 b       454     1     4
      0.2973468576 b       455     1     5
     -1.0341405948 b       456     1     6
     -0.6674785494 b       457     1     7
      0.3666875974 b       458     1     8
      1.0944561228 b       459     1     9
     -0.9427612730 b       460     1    10
      0.7555937247 b       461     1    11
     -0.1757054042 b       462     1    12
      0.6913476752 b       463     1    13
     -0.6708719452 b       464     1    14
     -0.9854844557 b       465     1    15
     -0.3611190963 a       466     1     1     2     1
     -0.8624630955 a       467     1     1     2     2
     -0.9587946755 a       468     1     1     2     3
     -0.1069924747 a       469     1     1     2     4
      0.5992070033 a       470     1     1     2     5
      0.2215738509 a       471     1     1     2     6
      0.2436619705 a       472     1     1     2     7
      0.9583225991 a       473     1     1     2     8
     -0.2987295213 a       474     1     1     2     9
      0.6283303336 a       475     1     1     2    10
      0.9941762922 a       476     1     1     2    11
     -0.9363778779 a       477     1     1     2    12
     -0.2108067645 a       478     1     1     2    13
      0.1924585198 a       479     1     1     2    14
      0.3382154909 a       480     1     1     2    15
     -0.3064502529 a       481     1     2     2     1
     -0.4554786351 a       482     1     2     2     2
      0.7872518010 a       483     1     2     2     3
      0.4090473726 a       484     1     2     2     4
      0.8099737179 a       485     1     2     2     5
     -0.5839023453 a       486     1     2     2     6
     -0.5652425087 a       487     1     2     2     7
     -0.5411339470 a       488     1     2     2     8
     -0.0277418265 a       489     1     2     2     9
     -0.9775201742 a       490     1     2     2    10
     -0.2857405352 a       491     1     2     2    11
     -0.2211913990 a       492     1     2     2    12
      0.0256506927 a       493     1     2     2    13
     -0.4497395050 a       494     1     2     2    14
      0.4722701811 a       495     1     2     2    15
     -0.7822057139 a       496     1     3     2     1
     -0.3970186586 a       497     1     3     2     2
     -0.5637009189 a       498     1     3     2     3
     -0.6760851745 a       499     1     3     2     4
      0.3676103731 a       500     1     3     2     5
      0.2604482099 a       501     1     3     2     6
      0.5552728847 a       502     1     3     2     7
     -0.8454622415 a       503     1     3     2     8
      0.7902440644 a       504     1     3     2     9
      0.9205601488 a       505     1     3     2    10
      0.7947250396 a       506     1     3     2    11
     -0.0418477423 a       507     1     3     2    12
     -0.5513652626 a       508     1     3     2    13
     -0.2405062705 a       509     1     3     2    14
     -0.0588524734 a       510     1     3     2    15
     -0.8478648072 a       511     1     4     2     1
      0.2996855206 a       512     1     4     2     2
     -0.7206038321 a       513     1     4     2     3
      0.5318863057 a       514     1     4     2     4
      0.8569488899 a       515     1     4     2     5
     -0.2541337027 a       516     1     4     2     6
     -0.5633409222 a       517     1     4     2     7
     -0.7884025999 a       518     1     4     2     8
      0.6678348149 a       519     1     4     2     9
      0.8910658726 a       520     1     4     2    10
     -0.8472541519 a       521     1     4     2    11
      0.7803187923 a       522     1     4     2    12
     -0.8126283092 a       523     1     4     2    13
     -0.7399574480 a       524     1     4     2    14
     -0.1607080844 a       525     1     4     2    15
     -0.4948516544 a       526     1     5     2     1
      0.5991211045 a       527     1     5     2     2
     -0.8587573624 a       528     1     5     2     3
      0.0075872505 a       529     1     5     2     4
      0.7615494301 a       530     1     5     2     5
     -0.0332107062 a       531     1     5     2     6
     -0.1862250947 a       532     1     5     2     7
      0.2035496219 a       533     1     5     2     8
     -0.3329458462 a       534     1     5     2     9
      0.7767350561 a       535     1     5     2    10
     -0.6273407457 a       536     1     5     2    11
     -0.6278122475 a       537     1     5     2    12
      0.4230397445 a       538     1     5     2    13
     -0.6242592629 a       539     1     5     2    14
     -0.0296398498 a       540     1     5     2    15
      0.6916054622 a       541     1     6     2     1
      0.0284264645 a       542     1     6     2     2
      0.4902984683 a       543     1     6     2     3
      0.3864323189 a       544     1     6     2     4
      0.8144451132 a       545     1     6     2     5
     -0.1716099955 a       546     1     6     2     6
     -0.1273512245 a       547     1     6     2     7
      0.2362171681 a       548     1     6     2     8
      0.5443955295 a       549     1     6     2     9
      0.5431449568 a       550     1     6     2    10
     -0.3342925437 a       551     1     6     2    11
      0.3714843928 a       552     1     6     2    12
     -0.8701769498 a       553     1     6     2    13
     -0.5013869870 a       554     1     6     2    14
      0.4832844209 a       555     1     6     2    15
      0.4404360792 a       556     1     7     2     1
     -0.8083340207 a       557     1     7     2     2
     -0.5331756618 a       558     1     7     2     3
     -1.0058356954 a       559     1     7     2     4
      0.8571061883 a       560     1     7     2     5
      0.2291755451 a       561     1     7     2     6
     -0.9023190321 a       562     1     7     2     7
      0.9699960560 a       563     1     7     2     8
     -0.4604244481 a       564     1     7     2     9
     -0.0859874470 a       565     1     7     2    10
      0.8040738904 a       566     1     7     2    11
     -0.2469695041 a       567     1     7     2    12
     -0.3823974708 a       568     1     7     2    13
      0.1745385009 a       569     1     7     2    14
      0.0407529661 a       570     1     7     2    15
     -0.0864547583 a       571     1     8     2     1
     -0.8691886895 a       572     1     8     2     2
     -0.0403733384 a       573     1     8     2     3
      0.4789784980 a       574     1     8     2     4
      0.1059388913 a       575     1     8     2     5
     -0.3972594292 a       576     1     8     2     6
      0.5865401941 a       577     1     8     2     7
      0.3179592975 a       578     1     8     2     8
      0.8487307318 a       579     1     8     2     9
      0.4886899821 a       580     1     8     2    10
     -0.5342665669 a       581     1     8     2    11
     -0.5018195068 a       582     1     8     2    12
     -0.2586416755 a       583     1     8     2    13
     -0.7655639103 a       584     1     8     2    14
      0.5923959197 a       585     1     8     2    15
      0.3856413031 a       586     1     9     2     1
      0.1424543501 a       587     1     9     2     2
      0.2724535438 a       588     1     9     2     3
      0.9910665632 a       589     1     9     2     4
     -0.0418851531 a       590     1     9     2     5
      0.9919819110 a       591     1     9     2     6
     -0.2541989911 a       592     1     9     2     7
      0.3075217875 a       593     1     9     2     8
     -0.8309676659 a       594     1     9     2     9
     -0.9528803799 a       595     1     9     2    10
     -0.3251094724 a       596     1     9     2    11
     -0.3324735252 a       597     1     9     2    12
     -0.7440350744 a       598     1     9     2    13
     -0.5149717768 a       599     1     9     2    14
      0.2096580254 a       600     1     9     2    15
     -0.2218309976 a       601     1    10     2     1
     -0.1421254115 a       602     1    10     2     2
     -0.4640275734 a       603     1    10     2     3
      0.5257721862 a       604     1    10     2     4
      0.2930971417 a       605     1    10     2     5
      0.8671554443 a       606     1    10     2     6
      0.9472513342 a       607     1    10     2     7
      0.6469031673 a       608     1    10     2     8
     -0.4723666931 a       609     1    10     2     9
     -0.8171551027 a       610     1    10     2    10
      0.7510863567 a       611     1    10     2    11
      0.4402497892 a       612     1    10     2    12
     -0.7899866367 a       613     1    10     2    13
      0.7597443379 a       614     1    10     2    14
      0.0557795734 a       615     1    10     2    15
     -0.0355401080 a       616     1    11     2     1
     -0.9143984224 a       617     1    11     2     2
     -0.1990374954 a       618     1    11     2     3
     -0.9626598601 a       619     1    11     2     4
      0.4102488779 a       620     1    11     2     5
     -0.0168861499 a       621     1    11     2     6
      0.5462363706 a       622     1    11     2     7
      0.4697426985 a       623     1    11     2     8
     -0.1021987931 a       624     1    11     2     9
      0.2534656173 a       625     1    11     2    10
     -0.8658984801 a       626     1    11     2    11
      0.2141416438 a       627     1    11     2    12
      0.1683167259 a       628     1    11     2    13
      0.5802325597 a       629     1    11     2    14
     -0.6875888745 a       630     1    11     2    15
      0.1250971597 a       631     1    12     2     1
      0.5557125341 a       632     1    12     2     2
      0.4245856048 a       633     1    12     2     3
      0.5975884574 a       634     1    12     2     4
      0.9125873296 a       635     1    12     2     5
      0.5823793149 a       636     1    12     2     6
     -0.0161058425 a       637     1    12     2     7
     -0.7444904524 a       638     1    12     2     8
     -0.5243859834 a       639     1    12     2     9
     -0.5019333488 a       640     1    12     2    10
      0.6873189595 a       641     1    12     2    11
      0.5921949832 a       642     1    12     2    12
      0.8261080343 a       643     1    12     2    13
      0.1383464871 a       644     1    12     2    14
      0.6200953595 a       645     1    12     2    15
      0.8335316161 a       646     1    13     2     1
      0.2220880141 a       647     1    13     2     2
      0.6584760479 a       648     1    13     2     3
     -0.8779860959 a       649     1    13     2     4
     -0.4866742767 a       650     1    13     2     5
     -0.2453540178 a       651     1    13     2     6
     -0.7768358446 a       652     1    13     2     7
     -0.2350852990 a       653     1    13     2     8
      0.4323139420 a       654     1    13     2     9
     -0.4190008812 a       655     1    13     2    10
     -0.1196134319 a       656     1    13     2    11
      0.4813209540 a       657     1    13     2    12
      0.3642422775 a       658     1    13     2    13
      0.0282299372 a       659     1    13     2    14
      0.2074734780 a       660     1    13     2    15
     -0.7118940140 a       661     1    14     2     1
     -0.0967627873 a       662     1    14     2     2
     -0.1976028311 a       663     1    14     2     3
      0.6557821944 a       664     1    14     2     4
     -0.9440748505 a       665     1    14     2     5
      0.1371802700 a       666     1    14     2     6
      0.8367716802 a       667     1    14     2     7
      0.4834952592 a       668     1    14     2     8
     -0.3202399514 a       669     1    14     2     9
      0.7541974705 a       670     1    14     2    10
      0.5316554187 a       671     1    14     2    11
      0.5228239615 a       672     1    14     2    12
      0.6834054356 a       673     1    14     2    13
      0.5365118583 a       674     1    14     2    14
      0.1561570876 a       675     1    14     2    15
     -0.0140974312 a       676     1    15     2     1
     -0.1631887962 a       677     1    15     2     2
     -0.3005956421 a       678     1    15     2     3
     -0.5986345597 a       679     1    15     2     4
      0.2211961523 a       680     1    15     2     5
     -0.8707863359 a       681     1    15     2     6
      0.3144577620 a       682     1    15     2     7
      0.6873647230 a       683     1    15     2     8
      0.9348162706 a       684     1    15     2     9
     -0.4393652058 a       685     1    15     2    10
     -0.2805643026 a       686     1    15     2    11
     -0.3838359388 a       687     1    15     2    12
      0.0720182283 a       688     1    15     2    13
     -0.5065157533 a       689     1    15     2    14
     -0.3154701834 a       690     1    15     2    15
     -0.3634976217 b       691     2     1
     -0.8791992930 b       692     2     2
      0.7637152766 b       693     2     3
     -0.1456299237 b       694     2     4
      0.2518867890 b       695     2     5
      0.7197345362 b       696     2     6
      0.0669645715 b       697     2     7
      0.7724549212 b       698     2     8
     -0.1384092123 b       699     2     9
     -0.2205535173 b       700     2    10
      0.3069607436 b       701     2    11
     -0.7537350884 b       702     2    12
     -0.8579572370 b       703     2    13
      0.6086593696 b       704     2    14
     -0.6412469080 b       705     2    15
     -0.9365224007 a       706     2     1     3     1
     -0.6994759400 a       707     2     2     3     1
      0.7072559259 a       708     2     3     3     1
     -0.4485143687 a       709     2     4     3     1
      0.6043059815 a       710     2     5     3     1
      0.3770958312 a       711     2     6     3     1
     -0.3213249726 a       712     2     7     3     1
     -0.3687428264 a       713     2     8     3     1
     -0.4636737218 a       714     2     9     3     1
      0.2793612282 a       715     2    10     3     1
      0.9141123943 a       716     2    11     3     1
      0.2486166186 a       717     2    12     3     1
     -0.0047283714 a       718     2    13     3     1
      0.1902550247 a       719     2    14     3     1
      0.1263759084 a       720     2    15     3     1
     -0.6489368059 b       721     3     1
