     -0.8098945836 a         1     0     1     1     1
     -0.5389408204 a         2     0     1     1     2
     -0.5803719770 a         3     0     1     1     3
     -0.1652337088 a         4     0     1     1     4
      0.2185546709 a         5     0     1     1     5
      0.4048567738 a         6     0     1     1     6
      0.8068835634 a         7     0     1     1     7
      0.2404751031 a         8     0     1     1     8
      0.9039698390 a         9     0     1     1     9
      0.1811736108 a        10     0     1     1    10
     -0.0211749500 a        11     0     1     1    11
      0.4828193657 a        12     0     1     1    12
      0.5083956375 a        13     0     1     1    13
      0.7723320946 a        14     0     1     1    14
     -0.7075760814 a        15     0     1     1    15
      0.4712228388 a        16     0     2     1     1
     -0.2861446633 a        17     0     2     1     2
     -0.8891313313 a        18     0     2     1     3
     -0.1555129281 a        19     0     2     1     4
     -0.2651009521 a        20     0     2     1     5
     -0.7676865530 a        21     0     2     1     6
     -0.4626264721 a        22     0     2     1     7
      0.3619465713 a        23     0     2     1     8
     -0.9437115794 a        24     0     2     1     9
     -0.0574286440 a        25     0     2     1    10
      0.0429009737 a        26     0     2     1    11
      0.1502163657 a        27     0     2     1    12
      0.1693961287 a        28     0     2     1    13
      0.5034234472 a        29     0     2     1    14
     -0.3835281928 a        30     0     2     1    15
      0.2797541868 a        31     0     3     1     1
      0.2446949973 a        32     0     3     1     2
      0.5268083751 a        33     0     3     1     3
     -0.8058788796 a        34     0     3     1     4
     -0.7225692993 a        35     0     3     1     5
     -0.9421117385 a        36     0     3     1     6
      0.6328123208 a        37     0     3     1     7
     -0.6894176030 a        38     0     3     1     8
     -0.3403637480 a        39     0     3     1     9
     -0.5903658073 a        40     0     3     1    10
     -0.1148278097 a        41     0     3     1    11
      0.0357537298 a        42     0     3     1    12
     -0.1902534379 a        43     0     3     1    13
     -0.1453563946 a        44     0     3     1    14
      0.9035363458 a        45     0     3     1    15
      0.0449606639 a        46     0     4     1     1
     -0.1395199493 a        47     0     4     1     2
     -0.2763482690 a        48     0     4     1     3
     -0.1433870865 a        49     0     4     1     4
      0.6149367469 a        50     0     4     1     5
      0.3542011799 a        51     0     4     1     6
     -0.9366327589 a        52     0     4     1     7
     -0.9293000560 a        53     0     4     1     8
      0.0940328866 a        54     0     4     1     9
     -0.5872712670 a        55     0     4     1    10
     -0.9274616573 a        56     0     4     1    11
      0.0202613975 a        57     0     4     1    12
     -0.4941094297 a        58     0     4     1    13
      0.7873523016 a        59     0     4     1    14
      0.7122096658 a        60     0     4     1    15
      0.3089216626 a        61     0     5     1     1
      0.6955173418 a        62     0     5     1     2
     -0.6717114678 a        63     0     5     1     3
     -0.1537871538 a        64     0     5     1     4
     -0.8875260029 a        65     0     5     1     5
      0.2255685616 a        66     0     5     1     6
     -0.3101160032 a        67     0     5     1     7
     -0.2634838197 a        68     0     5     1     8
      0.9862528218 a        69     0     5     1     9
      0.3130815515 a        70     0     5     1    10
      0.4773749152 a        71     0     5     1    11
     -0.2575825404 a        72     0     5     1    12
     -0.1988167133 a        73     0     5     1    13
      0.6124221641 a        74     0     5     1    14
     -0.3637659121 a        75     0     5     1    15
      0.9455157491 a        76     0     6     1     1
     -0.5436876566 a        77     0     6     1     2
     -0.1241765317 a        78     0     6     1     3
     -0.6325447612 a        79     0     6     1     4
     -0.0302275822 a        80     0     6     1     5
      0.7825937613 a        81     0     6     1     6
     -0.9711224162 a        82     0     6     1     7
      0.8578006462 a        83     0     6     1     8
     -0.9211056573 a        84     0     6     1     9
     -0.7665749705 a        85     0     6     1    10
      0.2128577331 a        86     0     6     1    11
      0.7950590179 a        87     0     6     1    12
     -0.2397746186 a        88     0     6     1    13
     -0.4001111649 a        89     0     6     1    14
     -0.7954403379 a        90     0     6     1    15
     -0.0235643581 a        91     0     7     1     1
     -0.0837006017 a        92     0     7     1     2
     -0.3544455790 a        93     0     7     1     3
      0.8130493189 a        94     0     7     1     4
     -0.8617379853 a        95     0     7     1     5
     -0.6737191746 a        96     0     7     1     6
     -0.2783328270 a        97     0     7     1     7
      0.9444729188 a        98     0     7     1     8
      0.0604929211 a        99     0     7     1     9
     -0.4081359063 a       100     0     7     1    10
      0.2761491767 a       101     0     7     1    11
      0.6447824362 a       102     0     7     1    12
     -0.0129607409 a       103     0     7     1    13
      0.9544632005 a       104     0     7     1    14
     -0.7479928784 a       105     0     7     1    15
      0.5738815852 a       106     0     8     1     1
     -0.7605714747 a       107     0     8     1     2
     -0.6899919543 a       108     0     8     1     3
     -0.2143259256 a       109     0     8     1     4
     -0.5388544743 a       110     0     8     1     5
      0.6109485290 a       111     0     8     1     6
      0.8498556082 a       112     0     8     1     7
     -1.0129311418 a       113     0     8     1     8
      0.6223962715 a       114     0     8     1     9
      0.2753718646 a       115     0     8     1    10
      0.0127919653 a       116     0     8     1    11
      0.6243685097 a       117     0     8     1    12
     -0.9039243802 a       118     0     8     1    13
     -0.5294432268 a       119     0     8     1    14
      0.0727390783 a       120     0     8     1    15
      0.0808721286 a       121     0     9     1     1
      0.2652333850 a       122     0     9     1     2
     -0.8953076274 a       123     0     9     1     3
      0.3983909899 a       124     0     9     1     4
      0.7306977519 a       125     0     9     1     5
      0.7389216379 a       126     0     9     1     6
     -0.6674810547 a       127     0     9     1     7
     -0.1809026980 a       128     0     9     1     8
      0.3607239023 a       129     0     9     1     9
      0.9496697205 a       130     0     9     1    10
      0.1156438784 a       131     0     9     1    11
      0.2552916551 a       132     0     9     1    12
     -0.3398255204 a       133     0     9     1    13
     -0.4761694991 a       134     0     9     1    14
     -0.8689340171 a       135     0     9     1    15
      0.2604927950 a       136     0    10     1     1
      0.5937574294 a       137     0    10     1     2
      0.4431705393 a       138     0    10     1     3
      0.1650040688 a       139     0    10     1     4
     -0.6672813297 a       140     0    10     1     5
      0.2816565436 a       141     0    10     1     6
     -0.2538182965 a       142     0    10     1     7
     -0.4159406311 a       143     0    10     1     8
     -0.2470506190 a       144     0    10     1     9
      0.7088119028 a       145     0    10     1    10
     -0.0797041280 a       146     0    10     1    11
     -0.6668917881 a       147     0    10     1    12
     -0.2708284233 a       148     0    10     1    13
     -0.5136973214 a       149     0    10     1    14
     -0.6670589250 a       150     0    10     1    15
      0.6831327883 a       151     0    11     1     1
      0.2310418805 a       152     0    11     1     2
     -0.5236316702 a       153     0    11     1     3
      0.2153201428 a       154     0    11     1     4
     -0.8205004380 a       155     0    11     1     5
     -0.5545590412 a       156     0    11     1     6
      0.2923690409 a       157     0    11     1     7
      0.3527653307 a       158     0    11     1     8
      0.8365223282 a       159     0    11     1     9
     -0.3196134720 a       160     0    11     1    10
     -0.3060757678 a       161     0    11     1    11
      0.9514399007 a       162     0    11     1    12
     -0.5004894942 a       163     0    11     1    13
      0.4660343671 a       164     0    11     1    14
     -0.2217405636 a       165     0    11     1    15
      0.7235053340 a       166     0    12     1     1
     -0.2442551210 a       167     0    12     1     2
      0.2989476654 a       168     0    12     1     3
      0.1331120423 a       169     0    12     1     4
      0.0822522461 a       170     0    12     1     5
      0.7630819035 a       171     0    12     1     6
      0.9150041321 a       172     0    12     1     7
     -0.6769670564 a       173     0    12     1     8
      0.6594328715 a       174     0    12     1     9
     -0.0048672802 a       175     0    12     1    10
     -0.5645279731 a       176     0    12     1    11
      0.4291059270 a       177     0    12     1    12
     -0.3460004620 a       178     0    12     1    13
     -0.2882246012 a       179     0    12     1    14
     -0.7820675227 a       180     0    12     1    15
      0.8397558365 a       181     0    13     1     1
     -0.9888018210 a       182     0    13     1     2
      0.7004825174 a       183     0    13     1     3
     -0.3554371629 a       184     0    13     1     4
      0.0332205993 a       185     0    13     1     5
      0.7509183612 a       186     0    13     1     6
      0.2011630643 a       187     0    13     1     7
     -0.2589414453 a       188     0    13     1     8
      0.0789228847 a       189     0    13     1     9
      0.7770182704 a       190     0    13     1    10
     -0.7071235951 a       191     0    13     1    11
      0.0419491796 a       192     0    13     1    12
      0.3378604810 a       193     0    13     1    13
     -0.5090109645 a       194     0    13     1    14
     -0.7098946240 a       195     0    13     1    15
      0.5964698319 a       196     0    14     1     1
     -0.0600963551 a       197     0    14     1     2
     -0.9392949431 a       198     0    14     1     3
      0.6973529559 a       199     0    14     1     4
     -0.2841547111 a       200     0    14     1     5
     -0.0017962482 a       201     0    14     1     6
      0.6290722175 a       202     0    14     1     7
     -0.4511191320 a       203     0    14     1     8
     -0.7674719028 a       204     0    14     1     9
     -0.0337926249 a       205     0    14     1    10
     -0.0261089287 a       206     0    14     1    11
     -0.8098602149 a       207     0    14     1    12
     -0.5258704453 a       208     0    14     1    13
     -0.6363040643 a       209     0    14     1    14
     -0.2157914259 a       210     0    14     1    15
     -0.4102110103 a       211     0    15     1     1
      0.6674331735 a       212     0    15     1     2
      0.1961029105 a       213     0    15     1     3
      0.8607485040 a       214     0    15     1     4
      0.3203495941 a       215     0    15     1     5
      0.4748124174 a       216     0    15     1     6
     -0.4263182844 a       217     0    15     1     7
     -0.3904033625 a       218     0    15     1     8
      0.3995144244 a       219     0    15     1     9
      0.4888051272 a       220     0    15     1    10
      0.4242182728 a       221     0    15     1    11
      0.0434043671 a       222     0    15     1    12
     -0.7652455667 a       223     0    15     1    13
     -0.9793310612 a       224     0    15     1    14
     -0.3526717085 a       225     0    15     1    15
     -0.0665128235 a       226     0    16     1     1
     -0.0293715632 a       227     0    16     1     2
      0.8378027653 a       228     0    16     1     3
     -0.8021112606 a       229     0    16     1     4
      0.1786014689 a       230     0    16     1     5
      0.7711287318 a       231     0    16     1     6
      0.8383789385 a       232     0    16     1     7
      0.3476249920 a       233     0    16     1     8
      0.5587455066 a       234     0    16     1     9
      0.7904094700 a       235     0    16     1    10
      0.3153104258 a       236     0    16     1    11
     -0.2857408325 a       237     0    16     1    12
     -0.0093882213 a       238     0    16     1    13
      0.2883839299 a       239     0    16     1    14
     -1.0292649834 a       240     0    16     1    15
      0.6115762579 a       241     0    17     1     1
      0.4986059563 a       242     0    17     1     2
     -0.8114845977 a       243     0    17     1     3
      0.0387086078 a       244     0    17     1     4
      0.9372961205 a       245     0    17     1     5
      0.7036626502 a       246     0    17     1     6
     -0.8014099692 a       247     0    17     1     7
      0.4009525234 a       248     0    17     1     8
     -0.5056440810 a       249     0    17     1     9
      0.3836011600 a       250     0    17     1    10
     -0.3086251049 a       251     0    17     1    11
      0.7180135108 a       252     0    17     1    12
     -0.3162249618 a       253     0    17     1    13
     -0.7393224367 a       254     0    17     1    14
     -0.5438398665 a       255     0    17     1    15
     -0.8943940545 a       256     0    18     1     1
     -0.1314517824 a       257     0    18     1     2
      0.1368442671 a       258     0    18     1     3
      0.1543945107 a       259     0    18     1     4
     -0.7756318862 a       260     0    18     1     5
      0.4720203938 a       261     0    18     1     6
      0.7512109581 a       262     0    18     1     7
     -0.0180359102 a       263     0    18     1     8
     -0.3932133831 a       264     0    18     1     9
      0.8700254705 a       265     0    18     1    10
      0.9216027048 a       266     0    18     1    11
      0.2508395990 a       267     0    18     1    12
      0.7443914127 a       268     0    18     1    13
      0.8528369977 a       269     0    18     1    14
     -0.6391609158 a       270     0    18     1    15
     -0.4757062820 a       271     0    19     1     1
     -0.4080201626 a       272     0    19     1     2
      0.8227613250 a       273     0    19     1     3
     -0.4605607763 a       274     0    19     1     4
      0.7967732877 a       275     0    19     1     5
     -0.4753586021 a       276     0    19     1     6
      0.4665019150 a       277     0    19     1     7
     -0.6716691314 a       278     0    19     1     8
      0.0377465577 a       279     0    19     1     9
     -0.8801745674 a       280     0    19     1    10
     -0.7730247098 a       281     0    19     1    11
      0.4386222690 a       282     0    19     1    12
      0.2670977169 a       283     0    19     1    13
      0.9704678031 a       284     0    19     1    14
      0.1758830826 a       285     0    19     1    15
      0.9524085713 a       286     0    20     1     1
      0.8870304481 a       287     0    20     1     2
     -0.4635248050 a       288     0    20     1     3
     -0.4471731154 a       289     0    20     1     4
     -0.7643010644 a       290     0    20     1     5
      0.0219283973 a       291     0    20     1     6
      0.3138375067 a       292     0    20     1     7
     -0.9084043691 a       293     0    20     1     8
      0.0430445627 a       294     0    20     1     9
     -0.0298649203 a       295     0    20     1    10
     -0.9471519387 a       296     0    20     1    11
     -0.4699910063 a       297     0    20     1    12
     -0.0270192460 a       298     0    20     1    13
     -0.4245639121 a       299     0    20     1    14
      0.6263027546 a       300     0    20     1    15
     -0.5968400443 a       301     0    21     1     1
     -0.3802894395 a       302     0    21     1     2
     -0.5361190218 a       303     0    21     1     3
      0.1924024697 a       304     0    21     1     4
      0.8545502660 a       305     0    21     1     5
      0.5376909142 a       306     0    21     1     6
     -0.8335613890 a       307     0    21     1     7
     -0.4698111179 a       308     0    21     1     8
      0.0997864562 a       309     0    21     1     9
     -0.7730634055 a       310     0    21     1    10
     -0.5403682600 a       311     0    21     1    11
      0.1075423341 a       312     0    21     1    12
      0.3820651356 a       313     0    21     1    13
     -0.0514737222 a       314     0    21     1    14
      0.4414634465 a       315     0    21     1    15
      0.0110242785 a       316     0    22     1     1
     -0.3233137371 a       317     0    22     1     2
      0.0589990606 a       318     0    22     1     3
      0.5996616155 a       319     0    22     1     4
     -0.8684951870 a       320     0    22     1     5
     -0.5573196882 a       321     0    22     1     6
      0.6370240672 a       322     0    22     1     7
     -0.7589030306 a       323     0    22     1     8
     -0.9165150936 a       324     0    22     1     9
     -0.8371834741 a       325     0    22     1    10
      0.0254568109 a       326     0    22     1    11
     -0.9763918259 a       327     0    22     1    12
     -0.8265540521 a       328     0    22     1    13
     -0.4111245381 a       329     0    22     1    14
     -0.7312536900 a       330     0    22     1    15
     -0.6242255275 a       331     0    23     1     1
      0.0993418812 a       332     0    23     1     2
      0.9354622230 a       333     0    23     1     3
      0.8048189451 a       334     0    23     1     4
     -0.2707027130 a       335     0    23     1     5
      0.8451207324 a       336     0    23     1     6
      0.3987082783 a       337     0    23     1     7
     -0.2136333540 a       338     0    23     1     8
      0.1526589091 a       339     0    23     1     9
     -0.1305413806 a       340     0    23     1    10
     -0.6019606181 a       341     0    23     1    11
     -0.6943253482 a       342     0    23     1    12
     -0.8346596764 a       343     0    23     1    13
      0.6897553527 a       344     0    23     1    14
     -0.9340260533 a       345     0    23     1    15
      0.6156479511 a       346     0    24     1     1
      0.3617496737 a       347     0    24     1     2
     -0.7610442632 a       348     0    24     1     3
      0.2474412002 a       349     0    24     1     4
     -0.1148360114 a       350     0    24     1     5
      0.3880818958 a       351     0    24     1     6
     -0.1716545384 a       352     0    24     1     7
      0.6650566358 a       353     0    24     1     8
     -0.0904338139 a       354     0    24     1     9
     -0.3235375992 a       355     0    24     1    10
     -0.8516134952 a       356     0    24     1    11
     -0.2780220200 a       357     0    24     1    12
     -0.0837990917 a       358     0    24     1    13
     -0.9388668654 a       359     0    24     1    14
      0.2432022126 a       360     0    24     1    15
     -0.1300077331 a       361     0    25     1     1
      0.1989130341 a       362     0    25     1     2
      0.8376314789 a       363     0    25     1     3
      0.0054451450 a       364     0    25     1     4
      0.3811173161 a       365     0    25     1     5
      0.1107447269 a       366     0    25     1     6
     -0.7670924112 a       367     0    25     1     7
      0.2572072563 a       368     0    25     1     8
      0.3183533159 a       369     0    25     1     9
     -0.1743115620 a       370     0    25     1    10
      0.6273762634 a       371     0    25     1    11
      0.1788435482 a       372     0    25     1    12
      0.1262086230 a       373     0    25     1    13
      0.3435454656 a       374     0    25     1    14
      0.8163214798 a       375     0    25     1    15
     -0.1720301631 a       376     0    26     1     1
     -0.5393260162 a       377     0    26     1     2
      0.1834893446 a       378     0    26     1     3
      0.4725654943 a       379     0    26     1     4
     -0.7788903053 a       380     0    26     1     5
     -0.1589980074 a       381     0    26     1     6
     -0.5531306309 a       382     0    26     1     7
     -0.1761596514 a       383     0    26     1     8
      0.3932951569 a       384     0    26     1     9
      0.4388790165 a       385     0    26     1    10
      0.0725033671 a       386     0    26     1    11
      0.5179945728 a       387     0    26     1    12
      0.6233312482 a       388     0    26     1    13
      0.4182451994 a       389     0    26     1    14
      0.8841356297 a       390     0    26     1    15
     -0.2366539185 a       391     0    27     1     1
      0.9642739867 a       392     0    27     1     2
      0.9320742187 a       393     0    27     1     3
     -0.3849027510 a       394     0    27     1     4
      0.8874155222 a       395     0    27     1     5
     -0.7243359474 a       396     0    27     1     6
     -0.1338216898 a       397     0    27     1     7
      0.1898448750 a       398     0    27     1     8
     -0.1980861471 a       399     0    27     1     9
     -0.9626535790 a       400     0    27     1    10
     -0.0221885577 a       401     0    27     1    11
     -0.1055669606 a       402     0    27     1    12
      0.9834530134 a       403     0    27     1    13
      0.3252712168 a       404     0    27     1    14
     -0.2811670526 a       405     0    27     1    15
     -1.0324007631 b       406     1     1
     -0.7962077926 b       407     1     2
     -0.2544411554 b       408     1     3
      0.9911344848 b       409     1     4
      0.9480601410 b       410     1     5
     -0.2569511929 b       411     1     6
      0.6513487055 b       412     1     7
      0.5761219711 b       413     1     8
      0.2370197402 b       414     1     9
     -1.0227603385 b       415     1    10
      0.2271241861 b       416     1    11
     -0.6493177588 b       417     1    12
     -0.8226527320 b       418     1    13
     -1.0179839445 b       419     1    14
      0.2416968066 b       420     1    15
      0.6549869532 a       421     1     1     2     1
      0.7663393967 a       422     1     1     2     2
     -0.9443804854 a       423     1     1     2     3
      0.6371912443 a       424     1     1     2     4
     -0.4786668645 a       425     1     1     2     5
     -0.9150159239 a       426     1     1     2     6
      0.6331465160 a       427     1     1     2     7
     -0.3845686197 a       428     1     1     2     8
      0.4323430963 a       429     1     1     2     9
     -0.2463186214 a       430     1     1     2    10
     -0.9586540990 a       431     1     1     2    11
     -0.3121921340 a       432     1     1     2    12
      0.4093450785 a       433     1     1     2    13
     -0.9821894364 a       434     1     1     2    14
     -0.0402176827 a       435     1     1     2    15
     -0.1077121498 a       436     1     2     2     1
     -0.4814045392 a       437     1     2     2     2
     -0.0591226466 a       438     1     2     2     3
      0.9870185040 a       439     1     2     2     4
     -0.5505793270 a       440     1     2     2     5
      0.1557044198 a       441     1     2     2     6
      0.3247887559 a       442     1     2     2     7
     -0.2117432784 a       443     1     2     2     8
      0.6280656241 a       444     1     2     2     9
     -0.1259743018 a       445     1     2     2    10
      0.4348584585 a       446     1     2     2    11
      0.9692323242 a       447     1     2     2    12
      0.6598506028 a       448     1     2     2    13
     -0.8605920713 a       449     1     2     2    14
     -0.5361107149 a       450     1     2     2    15
      0.5194843274 a       451     1     3     2     1
     -0.7250368487 a       452     1     3     2     2
      0.4573967147 a       453     1     3     2     3
     -0.3103361342 a       454     1     3     2     4
     -0.3861539969 a       455     1     3     2     5
      0.7410331237 a       456     1     3     2     6
     -0.8600183768 a       457     1     3     2     7
     -0.4021871462 a       458     1     3     2     8
      0.8000495974 a       459     1     3     2     9
      0.4284600494 a       460     1     3     2    10
      0.0334387893 a       461     1     3     2    11
     -0.0997100140 a       462     1     3     2    12
     -0.7022823622 a       463     1     3     2    13
     -0.6605723686 a       464     1     3     2    14
     -0.8490967582 a       465     1     3     2    15
     -0.0448394651 a       466     1     4     2     1
     -0.5535456859 a       467     1     4     2     2
      0.2952914746 a       468     1     4     2     3
     -0.1642987336 a       469     1     4     2     4
      0.3350152107 a       470     1     4     2     5
      0.3453424815 a       471     1     4     2     6
     -0.9088266710 a       472     1     4     2     7
     -0.8703889442 a       473     1     4     2     8
      0.9083225720 a       474     1     4     2     9
      0.7896277428 a       475     1     4     2    10
     -0.5996421116 a       476     1     4     2    11
      0.6113602778 a       477     1     4     2    12
     -0.6146553319 a       478     1     4     2    13
     -0.2673778500 a       479     1     4     2    14
     -0.0754362104 a       480     1     4     2    15
      0.3672227504 a       481     1     5     2     1
      0.8044985439 a       482     1     5     2     2
      0.8873042477 a       483     1     5     2     3
     -0.5980866911 a       484     1     5     2     4
      0.8540055284 a       485     1     5     2     5
     -0.9687525107 a       486     1     5     2     6
     -0.1816213948 a       487     1     5     2     7
      0.8371165261 a       488     1     5     2     8
     -0.8570758028 a       489     1     5     2     9
     -0.9600246806 a       490     1     5     2    10
     -0.1035699219 a       491     1     5     2    11
      0.5344199282 a       492     1     5     2    12
      0.3349816013 a       493     1     5     2    13
     -0.5279386597 a       494     1     5     2    14
      0.1661080233 a       495     1     5     2    15
     -0.8669296207 a       496     1     6     2     1
     -0.8153461384 a       497     1     6     2     2
     -0.7030140166 a       498     1     6     2     3
     -0.9820813785 a       499     1     6     2     4
      0.1527477704 a       500     1     6     2     5
      0.8104096313 a       501     1     6     2     6
      0.7198100625 a       502     1     6     2     7
      0.6801571687 a       503     1     6     2     8
      0.2694729735 a       504     1     6     2     9
     -0.2050565378 a       505     1     6     2    10
      0.7408932275 a       506     1     6     2    11
     -0.5753117391 a       507     1     6     2    12
      0.3686306606 a       508     1     6     2    13
     -0.4829048492 a       509     1     6     2    14
     -0.4291704142 a       510     1     6     2    15
      0.6318905329 a       511     1     7     2     1
     -0.4021223567 a       512     1     7     2     2
      0.3201029033 a       513     1     7     2     3
      0.3389194920 a       514     1     7     2     4
     -0.2551885961 a       515     1     7     2     5
      0.1531410237 a       516     1     7     2     6
     -0.7893943593 a       517     1     7     2     7
      0.3232317053 a       518     1     7     2     8
      0.6298655307 a       519     1     7     2     9
     -0.9446345886 a       520     1     7     2    10
     -0.4514255053 a       521     1     7     2    11
      0.5955040333 a       522     1     7     2    12
      0.9211038518 a       523     1     7     2    13
     -0.8146461892 a       524     1     7     2    14
      0.1009549813 a       525     1     7     2    15
     -0.5291486797 a       526     1     8     2     1
      0.3636516108 a       527     1     8     2     2
     -0.6181513081 a       528     1     8     2     3
     -0.3130190089 a       529     1     8     2     4
      0.8864169338 a       530     1     8     2     5
      0.1178793379 a       531     1     8     2     6
     -0.6220549744 a       532     1     8     2     7
      0.7591041869 a       533     1     8     2     8
      0.4615672579 a       534     1     8     2     9
      0.9534215301 a       535     1     8     2    10
     -0.5637892342 a       536     1     8     2    11
     -0.0420372492 a       537     1     8     2    12
     -0.4187840056 a       538     1     8     2    13
     -0.5792687588 a       539     1     8     2    14
      0.4374827817 a       540     1     8     2    15
      0.2863968934 a       541     1     9     2     1
      0.7760570533 a       542     1     9     2     2
      0.5589437009 a       543     1     9     2     3
     -0.9911972410 a       544     1     9     2     4
     -0.6095962422 a       545     1     9     2     5
      0.2070242357 a       546     1     9     2     6
      0.7499080824 a       547     1     9     2     7
     -0.9580084638 a       548     1     9     2     8
     -0.8921037894 a       549     1     9     2     9
      0.6605985135 a       550     1     9     2    10
     -0.3863718443 a       551     1     9     2    11
     -0.9199968504 a       552     1     9     2    12
     -0.7759620454 a       553     1     9     2    13
     -0.1589154592 a       554     1     9     2    14
      0.9186039315 a       555     1     9     2    15
     -1.0243912858 a       556     1    10     2     1
      0.5525959970 a       557     1    10     2     2
     -0.5561033723 a       558     1    10     2     3
     -0.8059726134 a       559     1    10     2     4
      0.9326993872 a       560     1    10     2     5
      0.8744509820 a       561     1    10     2     6
      0.3055013413 a       562     1    10     2     7
      0.8996268565 a       563     1    10     2     8
     -0.9401101956 a       564     1    10     2     9
     -0.6855039772 a       565     1    10     2    10
      0.8800310997 a       566     1    10     2    11
     -0.3796410757 a       567     1    10     2    12
      0.6395706561 a       568     1    10     2    13
      0.1270054998 a       569     1    10     2    14
     -0.4487611067 a       570     1    10     2    15
      0.6460508101 a       571     1    11     2     1
     -0.1377621435 a       572     1    11     2     2
      0.4148670727 a       573     1    11     2     3
     -0.8376513155 a       574     1    11     2     4
     -0.4915717327 a       575     1    11     2     5
     -0.7020612535 a       576     1    11     2     6
     -0.1167662429 a       577     1    11     2     7
     -0.9682081057 a       578     1    11     2     8
     -0.7906954097 a       579     1    11     2     9
      0.7281223485 a       580     1    11     2    10
     -0.9179593519 a       581     1    11     2    11
      0.1434209458 a       582     1    11     2    12
     -0.4753747166 a       583     1    11     2    13
      0.8356977739 a       584     1    11     2    14
      0.9973824369 a       585     1    11     2    15
     -0.7776866027 a       586     1    12     2     1
     -0.6850733027 a       587     1    12     2     2
      0.5107441086 a       588     1    12     2     3
     -0.1496819161 a       589     1    12     2     4
      0.8213938814 a       590     1    12     2     5
      0.6940712487 a       591     1    12     2     6
      0.6537974372 a       592     1    12     2     7
     -0.2036858534 a       593     1    12     2     8
     -0.5114344997 a       594     1    12     2     9
     -0.1479811904 a       595     1    12     2    10
     -0.1742519443 a       596     1    12     2    11
     -0.7703682308 a       597     1    12     2    12
      0.7101294656 a       598     1    12     2    13
     -0.8009731624 a       599     1    12     2    14
     -0.9549546990 a       600     1    12     2    15
      0.6886752632 a       601     1    13     2     1
      0.0164254695 a       602     1    13     2     2
     -0.7568043050 a       603     1    13     2     3
      0.4403026742 a       604     1    13     2     4
     -0.4750406849 a       605     1    13     2     5
     -0.3024298924 a       606     1    13     2     6
     -0.7166215622 a       607     1    13     2     7
      0.8471440080 a       608     1    13     2     8
      0.8786132340 a       609     1    13     2     9
      0.7643055114 a       610     1    13     2    10
      0.5742132408 a       611     1    13     2    11
     -0.2593428394 a       612     1    13     2    12
      0.4052259707 a       613     1    13     2    13
     -0.1049261837 a       614     1    13     2    14
     -0.0096673570 a       615     1    13     2    15
     -0.9165975613 a       616     1    14     2     1
      0.0901858913 a       617     1    14     2     2
     -0.5470320562 a       618     1    14     2     3
      0.8297104997 a       619     1    14     2     4
     -0.2545274229 a       620     1    14     2     5
      0.8736594842 a       621     1    14     2     6
      0.8839814806 a       622     1    14     2     7
      0.8380172393 a       623     1    14     2     8
      0.6357674922 a       624     1    14     2     9
      0.0697240100 a       625     1    14     2    10
      0.3484772563 a       626     1    14     2    11
     -0.6066436304 a       627     1    14     2    12
      0.8499296687 a       628     1    14     2    13
     -0.9201174975 a       629     1    14     2    14
      0.2881610541 a       630     1    14     2    15
      0.4199391189 a       631     1    15     2     1
     -0.9000972203 a       632     1    15     2     2
     -0.4414654001 a       633     1    15     2     3
     -0.1580222066 a       634     1    15     2     4
     -0.0292101391 a       635     1    15     2     5
     -0.1920007063 a       636     1    15     2     6
     -0.3035692703 a       637     1    15     2     7
     -0.8524609111 a       638     1    15     2     8
      0.3828509775 a       639     1    15     2     9
     -0.3704092142 a       640     1    15     2    10
     -0.2956905291 a       641     1    15     2    11
      0.6110867073 a       642     1    15     2    12
      0.5849823707 a       643     1    15     2    13
     -0.5001836057 a       644     1    15     2    14
      0.3650586703 a       645     1    15     2    15
      0.3354830289 b       646     2     1
      0.8335439630 b       647     2     2
     -0.9393493846 b       648     2     3
     -1.0027210990 b       649     2     4
      0.8791434188 b       650     2     5
      0.6728573359 b       651     2     6
     -0.8978130052 b       652     2     7
     -0.6244783207 b       653     2     8
      0.9280261464 b       654     2     9
      0.0513877507 b       655     2    10
     -0.8995273000 b       656     2    11
      0.6620506845 b       657     2    12
      0.3109005664 b       658     2    13
     -0.5166248597 b       659     2    14
      0.3736559484 b       660     2    15
      0.4350806580 a       661     2     1     3     1
     -1.0258624544 a       662     2     2     3     1
      0.1744695807 a       663     2     3     3     1
      0.1994063958 a       664     2     4     3     1
      0.1266470061 a       665     2     5     3     1
      0.0396838253 a       666     2     6     3     1
     -0.1972965097 a       667     2     7     3     1
      0.6783427355 a       668     2     8     3     1
     -0.3001920563 a       669     2     9     3     1
     -0.1563973933 a       670     2    10     3     1
      0.9479121689 a       671     2    11     3     1
     -0.9812146793 a       672     2    12     3     1
      0.3340510573 a       673     2    13     3     1
     -0.6014862467 a       674     2    14     3     1
      0.9447769903 a       675     2    15     3     1
     -0.5502968104 b       676     3     1
